ARM GAS  /tmp/cc9OH7kT.s 			page 1


   1              		.syntax unified
   2              		.cpu cortex-m3
   3              		.fpu softvfp
   4              		.eabi_attribute 20, 1
   5              		.eabi_attribute 21, 1
   6              		.eabi_attribute 23, 3
   7              		.eabi_attribute 24, 1
   8              		.eabi_attribute 25, 1
   9              		.eabi_attribute 26, 1
  10              		.eabi_attribute 30, 2
  11              		.eabi_attribute 34, 1
  12              		.eabi_attribute 18, 4
  13              		.thumb
  14              		.file	"adc_lld.c"
  15              		.text
  16              	.Ltext0:
  17              		.cfi_sections	.debug_frame
  18              	.Letext0:
  19              		.file 1 "/usr/include/newlib/machine/_default_types.h"
  20              		.file 2 "/usr/include/newlib/stdint.h"
  21              		.file 3 "../os/ports/common/ARMCMx/CMSIS/include/core_cm3.h"
  22              		.section	.debug_info,"",%progbits
  23              	.Ldebug_info0:
  24 0000 95000000 		.4byte	0x95
  25 0004 0400     		.2byte	0x4
  26 0006 00000000 		.4byte	.Ldebug_abbrev0
  27 000a 04       		.byte	0x4
  28 000b 01       		.uleb128 0x1
  29 000c 7F000000 		.4byte	.LASF13
  30 0010 01       		.byte	0x1
  31 0011 2E000000 		.4byte	.LASF14
  32 0015 67010000 		.4byte	.LASF15
  33 0019 00000000 		.4byte	.Ldebug_line0
  34 001d 02       		.uleb128 0x2
  35 001e 04       		.byte	0x4
  36 001f 05       		.byte	0x5
  37 0020 696E7400 		.ascii	"int\000"
  38 0024 03       		.uleb128 0x3
  39 0025 04       		.byte	0x4
  40 0026 07       		.byte	0x7
  41 0027 21000000 		.4byte	.LASF0
  42 002b 03       		.uleb128 0x3
  43 002c 01       		.byte	0x1
  44 002d 06       		.byte	0x6
  45 002e 5B010000 		.4byte	.LASF1
  46 0032 03       		.uleb128 0x3
  47 0033 01       		.byte	0x1
  48 0034 08       		.byte	0x8
  49 0035 31010000 		.4byte	.LASF2
  50 0039 03       		.uleb128 0x3
  51 003a 02       		.byte	0x2
  52 003b 05       		.byte	0x5
  53 003c C3010000 		.4byte	.LASF3
  54 0040 03       		.uleb128 0x3
  55 0041 02       		.byte	0x2
  56 0042 07       		.byte	0x7
  57 0043 0E000000 		.4byte	.LASF4
ARM GAS  /tmp/cc9OH7kT.s 			page 2


  58 0047 04       		.uleb128 0x4
  59 0048 B9010000 		.4byte	.LASF9
  60 004c 01       		.byte	0x1
  61 004d 37       		.byte	0x37
  62 004e 52000000 		.4byte	0x52
  63 0052 03       		.uleb128 0x3
  64 0053 04       		.byte	0x4
  65 0054 05       		.byte	0x5
  66 0055 3F010000 		.4byte	.LASF5
  67 0059 03       		.uleb128 0x3
  68 005a 04       		.byte	0x4
  69 005b 07       		.byte	0x7
  70 005c 56000000 		.4byte	.LASF6
  71 0060 03       		.uleb128 0x3
  72 0061 08       		.byte	0x8
  73 0062 05       		.byte	0x5
  74 0063 00000000 		.4byte	.LASF7
  75 0067 03       		.uleb128 0x3
  76 0068 08       		.byte	0x8
  77 0069 07       		.byte	0x7
  78 006a 68000000 		.4byte	.LASF8
  79 006e 04       		.uleb128 0x4
  80 006f CD010000 		.4byte	.LASF10
  81 0073 02       		.byte	0x2
  82 0074 41       		.byte	0x41
  83 0075 47000000 		.4byte	0x47
  84 0079 03       		.uleb128 0x3
  85 007a 01       		.byte	0x1
  86 007b 02       		.byte	0x2
  87 007c 48010000 		.4byte	.LASF11
  88 0080 03       		.uleb128 0x3
  89 0081 04       		.byte	0x4
  90 0082 07       		.byte	0x7
  91 0083 D5010000 		.4byte	.LASF12
  92 0087 05       		.uleb128 0x5
  93 0088 6E000000 		.4byte	0x6e
  94 008c 06       		.uleb128 0x6
  95 008d 4E010000 		.4byte	.LASF16
  96 0091 03       		.byte	0x3
  97 0092 0706     		.2byte	0x607
  98 0094 87000000 		.4byte	0x87
  99 0098 00       		.byte	0
 100              		.section	.debug_abbrev,"",%progbits
 101              	.Ldebug_abbrev0:
 102 0000 01       		.uleb128 0x1
 103 0001 11       		.uleb128 0x11
 104 0002 01       		.byte	0x1
 105 0003 25       		.uleb128 0x25
 106 0004 0E       		.uleb128 0xe
 107 0005 13       		.uleb128 0x13
 108 0006 0B       		.uleb128 0xb
 109 0007 03       		.uleb128 0x3
 110 0008 0E       		.uleb128 0xe
 111 0009 1B       		.uleb128 0x1b
 112 000a 0E       		.uleb128 0xe
 113 000b 10       		.uleb128 0x10
 114 000c 17       		.uleb128 0x17
ARM GAS  /tmp/cc9OH7kT.s 			page 3


 115 000d 00       		.byte	0
 116 000e 00       		.byte	0
 117 000f 02       		.uleb128 0x2
 118 0010 24       		.uleb128 0x24
 119 0011 00       		.byte	0
 120 0012 0B       		.uleb128 0xb
 121 0013 0B       		.uleb128 0xb
 122 0014 3E       		.uleb128 0x3e
 123 0015 0B       		.uleb128 0xb
 124 0016 03       		.uleb128 0x3
 125 0017 08       		.uleb128 0x8
 126 0018 00       		.byte	0
 127 0019 00       		.byte	0
 128 001a 03       		.uleb128 0x3
 129 001b 24       		.uleb128 0x24
 130 001c 00       		.byte	0
 131 001d 0B       		.uleb128 0xb
 132 001e 0B       		.uleb128 0xb
 133 001f 3E       		.uleb128 0x3e
 134 0020 0B       		.uleb128 0xb
 135 0021 03       		.uleb128 0x3
 136 0022 0E       		.uleb128 0xe
 137 0023 00       		.byte	0
 138 0024 00       		.byte	0
 139 0025 04       		.uleb128 0x4
 140 0026 16       		.uleb128 0x16
 141 0027 00       		.byte	0
 142 0028 03       		.uleb128 0x3
 143 0029 0E       		.uleb128 0xe
 144 002a 3A       		.uleb128 0x3a
 145 002b 0B       		.uleb128 0xb
 146 002c 3B       		.uleb128 0x3b
 147 002d 0B       		.uleb128 0xb
 148 002e 49       		.uleb128 0x49
 149 002f 13       		.uleb128 0x13
 150 0030 00       		.byte	0
 151 0031 00       		.byte	0
 152 0032 05       		.uleb128 0x5
 153 0033 35       		.uleb128 0x35
 154 0034 00       		.byte	0
 155 0035 49       		.uleb128 0x49
 156 0036 13       		.uleb128 0x13
 157 0037 00       		.byte	0
 158 0038 00       		.byte	0
 159 0039 06       		.uleb128 0x6
 160 003a 34       		.uleb128 0x34
 161 003b 00       		.byte	0
 162 003c 03       		.uleb128 0x3
 163 003d 0E       		.uleb128 0xe
 164 003e 3A       		.uleb128 0x3a
 165 003f 0B       		.uleb128 0xb
 166 0040 3B       		.uleb128 0x3b
 167 0041 05       		.uleb128 0x5
 168 0042 49       		.uleb128 0x49
 169 0043 13       		.uleb128 0x13
 170 0044 3F       		.uleb128 0x3f
 171 0045 19       		.uleb128 0x19
ARM GAS  /tmp/cc9OH7kT.s 			page 4


 172 0046 3C       		.uleb128 0x3c
 173 0047 19       		.uleb128 0x19
 174 0048 00       		.byte	0
 175 0049 00       		.byte	0
 176 004a 00       		.byte	0
 177              		.section	.debug_aranges,"",%progbits
 178 0000 14000000 		.4byte	0x14
 179 0004 0200     		.2byte	0x2
 180 0006 00000000 		.4byte	.Ldebug_info0
 181 000a 04       		.byte	0x4
 182 000b 00       		.byte	0
 183 000c 0000     		.2byte	0
 184 000e 0000     		.2byte	0
 185 0010 00000000 		.4byte	0
 186 0014 00000000 		.4byte	0
 187              		.section	.debug_line,"",%progbits
 188              	.Ldebug_line0:
 189 0000 9F000000 		.section	.debug_str,"MS",%progbits,1
 189      02009900 
 189      00000201 
 189      FB0E0D00 
 189      01010101 
 190              	.LASF7:
 191 0000 6C6F6E67 		.ascii	"long long int\000"
 191      206C6F6E 
 191      6720696E 
 191      7400
 192              	.LASF4:
 193 000e 73686F72 		.ascii	"short unsigned int\000"
 193      7420756E 
 193      7369676E 
 193      65642069 
 193      6E7400
 194              	.LASF0:
 195 0021 756E7369 		.ascii	"unsigned int\000"
 195      676E6564 
 195      20696E74 
 195      00
 196              	.LASF14:
 197 002e 2E2E2F6F 		.ascii	"../os/hal/platforms/STM32F1xx/adc_lld.c\000"
 197      732F6861 
 197      6C2F706C 
 197      6174666F 
 197      726D732F 
 198              	.LASF6:
 199 0056 6C6F6E67 		.ascii	"long unsigned int\000"
 199      20756E73 
 199      69676E65 
 199      6420696E 
 199      7400
 200              	.LASF8:
 201 0068 6C6F6E67 		.ascii	"long long unsigned int\000"
 201      206C6F6E 
 201      6720756E 
 201      7369676E 
 201      65642069 
 202              	.LASF13:
ARM GAS  /tmp/cc9OH7kT.s 			page 5


 203 007f 474E5520 		.ascii	"GNU C 4.8.2 -mcpu=cortex-m3 -mno-thumb-interwork -m"
 203      4320342E 
 203      382E3220 
 203      2D6D6370 
 203      753D636F 
 204 00b2 7468756D 		.ascii	"thumb -ggdb -O2 -fomit-frame-pointer -falign-functi"
 204      62202D67 
 204      67646220 
 204      2D4F3220 
 204      2D666F6D 
 205 00e5 6F6E733D 		.ascii	"ons=16 -ffunction-sections -fdata-sections -fno-com"
 205      3136202D 
 205      6666756E 
 205      6374696F 
 205      6E2D7365 
 206 0118 6D6F6E20 		.ascii	"mon -fno-strict-aliasing\000"
 206      2D666E6F 
 206      2D737472 
 206      6963742D 
 206      616C6961 
 207              	.LASF2:
 208 0131 756E7369 		.ascii	"unsigned char\000"
 208      676E6564 
 208      20636861 
 208      7200
 209              	.LASF5:
 210 013f 6C6F6E67 		.ascii	"long int\000"
 210      20696E74 
 210      00
 211              	.LASF11:
 212 0148 5F426F6F 		.ascii	"_Bool\000"
 212      6C00
 213              	.LASF16:
 214 014e 49544D5F 		.ascii	"ITM_RxBuffer\000"
 214      52784275 
 214      66666572 
 214      00
 215              	.LASF1:
 216 015b 7369676E 		.ascii	"signed char\000"
 216      65642063 
 216      68617200 
 217              	.LASF15:
 218 0167 2F686F6D 		.ascii	"/home/dltech/gdrive/Projects/RFM_to_Modbus_TCP/Chib"
 218      652F646C 
 218      74656368 
 218      2F676472 
 218      6976652F 
 219 019a 694F532F 		.ascii	"iOS/F103_ChibiOS_ENC60J28/main\000"
 219      46313033 
 219      5F436869 
 219      62694F53 
 219      5F454E43 
 220              	.LASF9:
 221 01b9 5F5F696E 		.ascii	"__int32_t\000"
 221      7433325F 
 221      7400
 222              	.LASF3:
ARM GAS  /tmp/cc9OH7kT.s 			page 6


 223 01c3 73686F72 		.ascii	"short int\000"
 223      7420696E 
 223      7400
 224              	.LASF10:
 225 01cd 696E7433 		.ascii	"int32_t\000"
 225      325F7400 
 226              	.LASF12:
 227 01d5 73697A65 		.ascii	"sizetype\000"
 227      74797065 
 227      00
 228              		.ident	"GCC: (4.8.2-14ubuntu1+6) 4.8.2"
ARM GAS  /tmp/cc9OH7kT.s 			page 7


DEFINED SYMBOLS
                            *ABS*:0000000000000000 adc_lld.c

NO UNDEFINED SYMBOLS
