ARM GAS  /tmp/cc6N4XqF.s 			page 1


   1              		.syntax unified
   2              		.cpu cortex-m3
   3              		.fpu softvfp
   4              		.eabi_attribute 20, 1
   5              		.eabi_attribute 21, 1
   6              		.eabi_attribute 23, 3
   7              		.eabi_attribute 24, 1
   8              		.eabi_attribute 25, 1
   9              		.eabi_attribute 26, 1
  10              		.eabi_attribute 30, 2
  11              		.eabi_attribute 34, 1
  12              		.eabi_attribute 18, 4
  13              		.thumb
  14              		.file	"chcore_v7m.c"
  15              		.text
  16              	.Ltext0:
  17              		.cfi_sections	.debug_frame
  18              		.section	.text._port_switch_from_isr,"ax",%progbits
  19              		.align	2
  20              		.p2align 4,,15
  21              		.global	_port_switch_from_isr
  22              		.thumb
  23              		.thumb_func
  24              		.type	_port_switch_from_isr, %function
  25              	_port_switch_from_isr:
  26              	.LFB6:
  27              		.file 1 "../os/ports/GCC/ARMCMx/chcore_v7m.c"
  28              		.loc 1 200 0
  29              		.cfi_startproc
  30              		@ Naked Function: prologue and epilogue provided by programmer.
  31              		@ args = 0, pretend = 0, frame = 0
  32              		@ frame_needed = 0, uses_anonymous_args = 0
  33              		.loc 1 203 0
  34 0000 FFF7FEFF 		bl	chSchDoReschedule
  35              	.LVL0:
  36              		.loc 1 205 0
  37              	@ 205 "../os/ports/GCC/ARMCMx/chcore_v7m.c" 1
  38              		_port_exit_from_isr:
  39              	@ 0 "" 2
  40              		.loc 1 207 0
  41              	@ 207 "../os/ports/GCC/ARMCMx/chcore_v7m.c" 1
  42 0004 00DF     		svc     #0
  43              	@ 0 "" 2
  44              		.loc 1 214 0
  45              		.thumb
  46              		.cfi_endproc
  47              	.LFE6:
  48              		.size	_port_switch_from_isr, .-_port_switch_from_isr
  49 0006 00BFAFF3 		.section	.text.SVCallVector,"ax",%progbits
  49      0080AFF3 
  49      0080
  50              		.align	2
  51              		.p2align 4,,15
  52              		.global	SVCallVector
  53              		.thumb
  54              		.thumb_func
  55              		.type	SVCallVector, %function
ARM GAS  /tmp/cc6N4XqF.s 			page 2


  56              	SVCallVector:
  57              	.LFB1:
  58              		.loc 1 65 0
  59              		.cfi_startproc
  60              		@ args = 0, pretend = 0, frame = 0
  61              		@ frame_needed = 0, uses_anonymous_args = 0
  62 0000 00B5     		push	{lr}
  63              		.cfi_def_cfa_offset 4
  64              		.cfi_offset 14, -4
  65              		.loc 1 74 0
  66              	@ 74 "../os/ports/GCC/ARMCMx/chcore_v7m.c" 1
  67 0002 EFF30983 		mrs     r3, PSP
  68              	@ 0 "" 2
  69              	.LVL1:
  70              		.loc 1 78 0
  71              		.thumb
  72 0006 2033     		adds	r3, r3, #32
  73              	.LVL2:
  74              		.loc 1 81 0
  75              	@ 81 "../os/ports/GCC/ARMCMx/chcore_v7m.c" 1
  76 0008 83F30988 		msr     PSP, r3
  77              	@ 0 "" 2
  78              		.loc 1 82 0
  79              	@ 82 "../os/ports/GCC/ARMCMx/chcore_v7m.c" 1
  80 000c FFF7FEFF 		bl      _port_unlock
  81              	@ 0 "" 2
  82              	.LVL3:
  83              		.thumb
  84 0010 5DF804FB 		ldr	pc, [sp], #4
  85              		.cfi_endproc
  86              	.LFE1:
  87              		.size	SVCallVector, .-SVCallVector
  88              		.section	.text._port_init,"ax",%progbits
  89              		.align	2
  90              		.p2align 4,,15
  91              		.global	_port_init
  92              		.thumb
  93              		.thumb_func
  94              		.type	_port_init, %function
  95              	_port_init:
  96              	.LFB2:
  97              		.loc 1 120 0
  98              		.cfi_startproc
  99              		@ args = 0, pretend = 0, frame = 0
 100              		@ frame_needed = 0, uses_anonymous_args = 0
 101 0000 08B5     		push	{r3, lr}
 102              		.cfi_def_cfa_offset 8
 103              		.cfi_offset 3, -8
 104              		.cfi_offset 14, -4
 105              		.loc 1 124 0
 106 0002 4FF44072 		mov	r2, #768
 107              		.loc 1 123 0
 108 0006 4FF46D43 		mov	r3, #60672
 109 000a CEF20003 		movt	r3, 57344
 110              		.loc 1 124 0
 111 000e C0F2FA52 		movt	r2, 1530
 112              		.loc 1 123 0
ARM GAS  /tmp/cc6N4XqF.s 			page 3


 113 0012 0021     		movs	r1, #0
 114 0014 9960     		str	r1, [r3, #8]
 115              		.loc 1 127 0
 116 0016 0720     		movs	r0, #7
 117              		.loc 1 124 0
 118 0018 DA60     		str	r2, [r3, #12]
 119              		.loc 1 127 0
 120 001a 1021     		movs	r1, #16
 121 001c FFF7FEFF 		bl	nvicSetSystemHandlerPriority
 122              	.LVL4:
 123              		.loc 1 129 0
 124 0020 0A20     		movs	r0, #10
 125 0022 2021     		movs	r1, #32
 126 0024 FFF7FEFF 		bl	nvicSetSystemHandlerPriority
 127              	.LVL5:
 128              		.loc 1 133 0
 129 0028 BDE80840 		pop	{r3, lr}
 130              		.loc 1 131 0
 131 002c 0B20     		movs	r0, #11
 132 002e 8021     		movs	r1, #128
 133 0030 FFF7FEBF 		b	nvicSetSystemHandlerPriority
 134              	.LVL6:
 135              		.cfi_endproc
 136              	.LFE2:
 137              		.size	_port_init, .-_port_init
 138 0034 AFF30080 		.section	.text._port_lock,"ax",%progbits
 138      AFF30080 
 138      AFF30080 
 139              		.align	2
 140              		.p2align 4,,15
 141              		.global	_port_lock
 142              		.thumb
 143              		.thumb_func
 144              		.type	_port_lock, %function
 145              	_port_lock:
 146              	.LFB3:
 147              		.loc 1 136 0
 148              		.cfi_startproc
 149              		@ args = 0, pretend = 0, frame = 0
 150              		@ frame_needed = 0, uses_anonymous_args = 0
 151              		@ link register save eliminated.
 152              		.loc 1 137 0
 153 0000 2023     		movs	r3, #32
 154              		.loc 1 138 0
 155              	@ 138 "../os/ports/GCC/ARMCMx/chcore_v7m.c" 1
 156 0002 83F31188 		msr     BASEPRI, r3
 157              	@ 0 "" 2
 158              		.thumb
 159 0006 7047     		bx	lr
 160              		.cfi_endproc
 161              	.LFE3:
 162              		.size	_port_lock, .-_port_lock
 163 0008 AFF30080 		.section	.text._port_unlock,"ax",%progbits
 163      AFF30080 
 164              		.align	2
 165              		.p2align 4,,15
 166              		.global	_port_unlock
ARM GAS  /tmp/cc6N4XqF.s 			page 4


 167              		.thumb
 168              		.thumb_func
 169              		.type	_port_unlock, %function
 170              	_port_unlock:
 171              	.LFB4:
 172              		.loc 1 141 0
 173              		.cfi_startproc
 174              		@ args = 0, pretend = 0, frame = 0
 175              		@ frame_needed = 0, uses_anonymous_args = 0
 176              		@ link register save eliminated.
 177              		.loc 1 142 0
 178 0000 0023     		movs	r3, #0
 179              		.loc 1 143 0
 180              	@ 143 "../os/ports/GCC/ARMCMx/chcore_v7m.c" 1
 181 0002 83F31188 		msr     BASEPRI, r3
 182              	@ 0 "" 2
 183              		.thumb
 184 0006 7047     		bx	lr
 185              		.cfi_endproc
 186              	.LFE4:
 187              		.size	_port_unlock, .-_port_unlock
 188 0008 AFF30080 		.section	.text._port_irq_epilogue,"ax",%progbits
 188      AFF30080 
 189              		.align	2
 190              		.p2align 4,,15
 191              		.global	_port_irq_epilogue
 192              		.thumb
 193              		.thumb_func
 194              		.type	_port_irq_epilogue, %function
 195              	_port_irq_epilogue:
 196              	.LFB5:
 197              		.loc 1 150 0
 198              		.cfi_startproc
 199              		@ args = 0, pretend = 0, frame = 0
 200              		@ frame_needed = 0, uses_anonymous_args = 0
 201 0000 00B5     		push	{lr}
 202              		.cfi_def_cfa_offset 4
 203              		.cfi_offset 14, -4
 204              		.loc 1 152 0
 205              	@ 152 "../os/ports/GCC/ARMCMx/chcore_v7m.c" 1
 206 0002 FFF7FEFF 		bl      _port_lock
 207              	@ 0 "" 2
 208              		.loc 1 153 0
 209              		.thumb
 210 0006 4FF46D43 		mov	r3, #60672
 211 000a CEF20003 		movt	r3, 57344
 212 000e 5B68     		ldr	r3, [r3, #4]
 213 0010 1B05     		lsls	r3, r3, #20
 214 0012 20D5     		bpl	.L7
 215              	.LBB2:
 216              		.loc 1 163 0
 217              	@ 163 "../os/ports/GCC/ARMCMx/chcore_v7m.c" 1
 218 0014 EFF30982 		mrs     r2, PSP
 219              	@ 0 "" 2
 220              	.LVL7:
 221              		.loc 1 168 0
 222              		.thumb
ARM GAS  /tmp/cc6N4XqF.s 			page 5


 223 0018 4FF08073 		mov	r3, #16777216
 224 001c 42F8043C 		str	r3, [r2, #-4]
 225              		.loc 1 167 0
 226 0020 A2F12003 		sub	r3, r2, #32
 227              	.LVL8:
 228              		.loc 1 172 0
 229              	@ 172 "../os/ports/GCC/ARMCMx/chcore_v7m.c" 1
 230 0024 83F30988 		msr     PSP, r3
 231              	@ 0 "" 2
 232              		.loc 1 176 0
 233              		.thumb
 234 0028 40F20003 		movw	r3, #:lower16:rlist
 235              	.LVL9:
 236 002c C0F20003 		movt	r3, #:upper16:rlist
 237 0030 1969     		ldr	r1, [r3, #16]
 238 0032 887C     		ldrb	r0, [r1, #18]	@ zero_extendqisi2
 239 0034 98B1     		cbz	r0, .L8
 240              		.loc 1 176 0 is_stmt 0 discriminator 1
 241 0036 1868     		ldr	r0, [r3]
 242 0038 8B68     		ldr	r3, [r1, #8]
 243 003a 8168     		ldr	r1, [r0, #8]
 244 003c 9942     		cmp	r1, r3
 245 003e 94BF     		ite	ls
 246 0040 0023     		movls	r3, #0
 247 0042 0123     		movhi	r3, #1
 248 0044 A3B1     		cbz	r3, .L10
 249              	.L13:
 250              		.loc 1 178 0 is_stmt 1
 251 0046 40F20003 		movw	r3, #:lower16:_port_switch_from_isr
 252 004a C0F20003 		movt	r3, #:upper16:_port_switch_from_isr
 253 004e 42F8083C 		str	r3, [r2, #-8]
 254 0052 5DF804FB 		ldr	pc, [sp], #4
 255              	.LVL10:
 256              	.L7:
 257              	.LBE2:
 258              		.loc 1 190 0
 259              	@ 190 "../os/ports/GCC/ARMCMx/chcore_v7m.c" 1
 260 0056 FFF7FEFF 		bl      _port_unlock
 261              	@ 0 "" 2
 262              		.thumb
 263 005a 5DF804FB 		ldr	pc, [sp], #4
 264              	.LVL11:
 265              	.L8:
 266              	.LBB3:
 267              		.loc 1 176 0 discriminator 2
 268 005e 1868     		ldr	r0, [r3]
 269 0060 8B68     		ldr	r3, [r1, #8]
 270 0062 8168     		ldr	r1, [r0, #8]
 271 0064 9942     		cmp	r1, r3
 272 0066 34BF     		ite	cc
 273 0068 0023     		movcc	r3, #0
 274 006a 0123     		movcs	r3, #1
 275 006c 002B     		cmp	r3, #0
 276 006e EAD1     		bne	.L13
 277              	.L10:
 278              		.loc 1 183 0
 279 0070 40F20003 		movw	r3, #:lower16:_port_exit_from_isr
ARM GAS  /tmp/cc6N4XqF.s 			page 6


 280 0074 C0F20003 		movt	r3, #:upper16:_port_exit_from_isr
 281 0078 42F8083C 		str	r3, [r2, #-8]
 282 007c 5DF804FB 		ldr	pc, [sp], #4
 283              	.LBE3:
 284              		.cfi_endproc
 285              	.LFE5:
 286              		.size	_port_irq_epilogue, .-_port_irq_epilogue
 287              		.section	.text.SysTickVector,"ax",%progbits
 288              		.align	2
 289              		.p2align 4,,15
 290              		.global	SysTickVector
 291              		.thumb
 292              		.thumb_func
 293              		.type	SysTickVector, %function
 294              	SysTickVector:
 295              	.LFB0:
 296              		.loc 1 47 0
 297              		.cfi_startproc
 298              		@ args = 0, pretend = 0, frame = 0
 299              		@ frame_needed = 0, uses_anonymous_args = 0
 300 0000 08B5     		push	{r3, lr}
 301              		.cfi_def_cfa_offset 8
 302              		.cfi_offset 3, -8
 303              		.cfi_offset 14, -4
 304              		.loc 1 51 0
 305              	@ 51 "../os/ports/GCC/ARMCMx/chcore_v7m.c" 1
 306 0002 FFF7FEFF 		bl      _port_lock
 307              	@ 0 "" 2
 308              		.loc 1 52 0
 309              		.thumb
 310 0006 FFF7FEFF 		bl	chSysTimerHandlerI
 311              	.LVL12:
 312              		.loc 1 53 0
 313              	@ 53 "../os/ports/GCC/ARMCMx/chcore_v7m.c" 1
 314 000a FFF7FEFF 		bl      _port_unlock
 315              	@ 0 "" 2
 316              		.loc 1 56 0
 317              		.thumb
 318 000e BDE80840 		pop	{r3, lr}
 319              		.loc 1 55 0
 320 0012 FFF7FEBF 		b	_port_irq_epilogue
 321              	.LVL13:
 322              		.cfi_endproc
 323              	.LFE0:
 324              		.size	SysTickVector, .-SysTickVector
 325              		.section	.text._port_switch,"ax",%progbits
 326              		.align	2
 327              		.p2align 4,,15
 328              		.global	_port_switch
 329              		.thumb
 330              		.thumb_func
 331              		.type	_port_switch, %function
 332              	_port_switch:
 333              	.LFB7:
 334              		.loc 1 229 0
 335              		.cfi_startproc
 336              		@ Naked Function: prologue and epilogue provided by programmer.
ARM GAS  /tmp/cc6N4XqF.s 			page 7


 337              		@ args = 0, pretend = 0, frame = 0
 338              		@ frame_needed = 0, uses_anonymous_args = 0
 339              	.LVL14:
 340              		.loc 1 231 0
 341              	@ 231 "../os/ports/GCC/ARMCMx/chcore_v7m.c" 1
 342 0000 2DE9F04F 		push    {r4, r5, r6, r7, r8, r9, r10, r11, lr}
 343              	@ 0 "" 2
 344              		.loc 1 237 0
 345              	@ 237 "../os/ports/GCC/ARMCMx/chcore_v7m.c" 1
 346 0004 C1F80CD0 		str     sp, [r1, #12]                          
 347 0008 D0F80CD0 		ldr     sp, [r0, #12]
 348              	@ 0 "" 2
 349              		.loc 1 243 0
 350              	@ 243 "../os/ports/GCC/ARMCMx/chcore_v7m.c" 1
 351 000c BDE8F08F 		pop     {r4, r5, r6, r7, r8, r9, r10, r11, pc}
 352              	@ 0 "" 2
 353              		.loc 1 245 0
 354              		.thumb
 355              		.cfi_endproc
 356              	.LFE7:
 357              		.size	_port_switch, .-_port_switch
 358              		.section	.text._port_thread_start,"ax",%progbits
 359              		.align	2
 360              		.p2align 4,,15
 361              		.global	_port_thread_start
 362              		.thumb
 363              		.thumb_func
 364              		.type	_port_thread_start, %function
 365              	_port_thread_start:
 366              	.LFB8:
 367              		.loc 1 252 0
 368              		.cfi_startproc
 369              		@ args = 0, pretend = 0, frame = 0
 370              		@ frame_needed = 0, uses_anonymous_args = 0
 371 0000 00B5     		push	{lr}
 372              		.cfi_def_cfa_offset 4
 373              		.cfi_offset 14, -4
 374              		.loc 1 254 0
 375              	@ 254 "../os/ports/GCC/ARMCMx/chcore_v7m.c" 1
 376 0002 FFF7FEFF 		bl      _port_unlock
 377              	@ 0 "" 2
 378              		.loc 1 255 0
 379              	@ 255 "../os/ports/GCC/ARMCMx/chcore_v7m.c" 1
 380 0006 2846     		mov     r0, r5                                 
 381 0008 A047     		blx     r4                                     
 382 000a FFF7FEFF 		bl      chThdExit
 383              	@ 0 "" 2
 384              		.thumb
 385 000e 5DF804FB 		ldr	pc, [sp], #4
 386              		.cfi_endproc
 387              	.LFE8:
 388              		.size	_port_thread_start, .-_port_thread_start
 389 0012 00BFAFF3 		.text
 389      0080AFF3 
 389      0080AFF3 
 389      0080
 390              	.Letext0:
ARM GAS  /tmp/cc6N4XqF.s 			page 8


 391              		.file 2 "/usr/include/newlib/machine/_default_types.h"
 392              		.file 3 "/usr/include/newlib/stdint.h"
 393              		.file 4 "../os/ports/GCC/ARMCMx/chtypes.h"
 394              		.file 5 "../os/kernel/include/chlists.h"
 395              		.file 6 "../os/kernel/include/chthreads.h"
 396              		.file 7 "../os/ports/GCC/ARMCMx/chcore_v7m.h"
 397              		.file 8 "../os/ports/common/ARMCMx/nvic.h"
 398              		.file 9 "../os/kernel/include/chschd.h"
 399              		.file 10 "../os/kernel/include/chmtx.h"
 400              		.file 11 "../os/kernel/include/chsys.h"
 401              		.section	.debug_info,"",%progbits
 402              	.Ldebug_info0:
 403 0000 08070000 		.4byte	0x708
 404 0004 0400     		.2byte	0x4
 405 0006 00000000 		.4byte	.Ldebug_abbrev0
 406 000a 04       		.byte	0x4
 407 000b 01       		.uleb128 0x1
 408 000c 1F000000 		.4byte	.LASF86
 409 0010 01       		.byte	0x1
 410 0011 41010000 		.4byte	.LASF87
 411 0015 8A030000 		.4byte	.LASF88
 412 0019 18000000 		.4byte	.Ldebug_ranges0+0x18
 413 001d 00000000 		.4byte	0
 414 0021 00000000 		.4byte	.Ldebug_line0
 415 0025 02       		.uleb128 0x2
 416 0026 04       		.byte	0x4
 417 0027 05       		.byte	0x5
 418 0028 696E7400 		.ascii	"int\000"
 419 002c 03       		.uleb128 0x3
 420 002d 04       		.byte	0x4
 421 002e 07       		.byte	0x7
 422 002f E9010000 		.4byte	.LASF0
 423 0033 03       		.uleb128 0x3
 424 0034 01       		.byte	0x1
 425 0035 06       		.byte	0x6
 426 0036 2D010000 		.4byte	.LASF1
 427 003a 04       		.uleb128 0x4
 428 003b 0D000000 		.4byte	.LASF5
 429 003f 02       		.byte	0x2
 430 0040 1C       		.byte	0x1c
 431 0041 45000000 		.4byte	0x45
 432 0045 03       		.uleb128 0x3
 433 0046 01       		.byte	0x1
 434 0047 08       		.byte	0x8
 435 0048 FE020000 		.4byte	.LASF2
 436 004c 03       		.uleb128 0x3
 437 004d 02       		.byte	0x2
 438 004e 05       		.byte	0x5
 439 004f 1C030000 		.4byte	.LASF3
 440 0053 03       		.uleb128 0x3
 441 0054 02       		.byte	0x2
 442 0055 07       		.byte	0x7
 443 0056 3E020000 		.4byte	.LASF4
 444 005a 04       		.uleb128 0x4
 445 005b F6030000 		.4byte	.LASF6
 446 005f 02       		.byte	0x2
 447 0060 37       		.byte	0x37
ARM GAS  /tmp/cc6N4XqF.s 			page 9


 448 0061 65000000 		.4byte	0x65
 449 0065 03       		.uleb128 0x3
 450 0066 04       		.byte	0x4
 451 0067 05       		.byte	0x5
 452 0068 6F010000 		.4byte	.LASF7
 453 006c 04       		.uleb128 0x4
 454 006d A6010000 		.4byte	.LASF8
 455 0071 02       		.byte	0x2
 456 0072 38       		.byte	0x38
 457 0073 77000000 		.4byte	0x77
 458 0077 03       		.uleb128 0x3
 459 0078 04       		.byte	0x4
 460 0079 07       		.byte	0x7
 461 007a 11020000 		.4byte	.LASF9
 462 007e 03       		.uleb128 0x3
 463 007f 08       		.byte	0x8
 464 0080 05       		.byte	0x5
 465 0081 1F010000 		.4byte	.LASF10
 466 0085 03       		.uleb128 0x3
 467 0086 08       		.byte	0x8
 468 0087 07       		.byte	0x7
 469 0088 F2000000 		.4byte	.LASF11
 470 008c 04       		.uleb128 0x4
 471 008d 41040000 		.4byte	.LASF12
 472 0091 03       		.byte	0x3
 473 0092 2A       		.byte	0x2a
 474 0093 3A000000 		.4byte	0x3a
 475 0097 04       		.uleb128 0x4
 476 0098 F6020000 		.4byte	.LASF13
 477 009c 03       		.byte	0x3
 478 009d 41       		.byte	0x41
 479 009e 5A000000 		.4byte	0x5a
 480 00a2 04       		.uleb128 0x4
 481 00a3 6C030000 		.4byte	.LASF14
 482 00a7 03       		.byte	0x3
 483 00a8 42       		.byte	0x42
 484 00a9 6C000000 		.4byte	0x6c
 485 00ad 03       		.uleb128 0x3
 486 00ae 01       		.byte	0x1
 487 00af 02       		.byte	0x2
 488 00b0 F0020000 		.4byte	.LASF15
 489 00b4 04       		.uleb128 0x4
 490 00b5 80020000 		.4byte	.LASF16
 491 00b9 04       		.byte	0x4
 492 00ba 2C       		.byte	0x2c
 493 00bb 8C000000 		.4byte	0x8c
 494 00bf 04       		.uleb128 0x4
 495 00c0 85010000 		.4byte	.LASF17
 496 00c4 04       		.byte	0x4
 497 00c5 2D       		.byte	0x2d
 498 00c6 8C000000 		.4byte	0x8c
 499 00ca 04       		.uleb128 0x4
 500 00cb 65010000 		.4byte	.LASF18
 501 00cf 04       		.byte	0x4
 502 00d0 2F       		.byte	0x2f
 503 00d1 8C000000 		.4byte	0x8c
 504 00d5 04       		.uleb128 0x4
ARM GAS  /tmp/cc6N4XqF.s 			page 10


 505 00d6 E8020000 		.4byte	.LASF19
 506 00da 04       		.byte	0x4
 507 00db 30       		.byte	0x30
 508 00dc A2000000 		.4byte	0xa2
 509 00e0 04       		.uleb128 0x4
 510 00e1 56020000 		.4byte	.LASF20
 511 00e5 04       		.byte	0x4
 512 00e6 31       		.byte	0x31
 513 00e7 97000000 		.4byte	0x97
 514 00eb 04       		.uleb128 0x4
 515 00ec 94020000 		.4byte	.LASF21
 516 00f0 04       		.byte	0x4
 517 00f1 33       		.byte	0x33
 518 00f2 A2000000 		.4byte	0xa2
 519 00f6 04       		.uleb128 0x4
 520 00f7 5A030000 		.4byte	.LASF22
 521 00fb 05       		.byte	0x5
 522 00fc 2A       		.byte	0x2a
 523 00fd 01010000 		.4byte	0x101
 524 0101 05       		.uleb128 0x5
 525 0102 5A030000 		.4byte	.LASF22
 526 0106 34       		.byte	0x34
 527 0107 06       		.byte	0x6
 528 0108 5E       		.byte	0x5e
 529 0109 B6010000 		.4byte	0x1b6
 530 010d 06       		.uleb128 0x6
 531 010e 4B030000 		.4byte	.LASF23
 532 0112 06       		.byte	0x6
 533 0113 5F       		.byte	0x5f
 534 0114 D7010000 		.4byte	0x1d7
 535 0118 00       		.byte	0
 536 0119 06       		.uleb128 0x6
 537 011a E1020000 		.4byte	.LASF24
 538 011e 06       		.byte	0x6
 539 011f 61       		.byte	0x61
 540 0120 D7010000 		.4byte	0x1d7
 541 0124 04       		.byte	0x4
 542 0125 06       		.uleb128 0x6
 543 0126 18010000 		.4byte	.LASF25
 544 012a 06       		.byte	0x6
 545 012b 63       		.byte	0x63
 546 012c D5000000 		.4byte	0xd5
 547 0130 08       		.byte	0x8
 548 0131 06       		.uleb128 0x6
 549 0132 6E040000 		.4byte	.LASF26
 550 0136 06       		.byte	0x6
 551 0137 64       		.byte	0x64
 552 0138 F9020000 		.4byte	0x2f9
 553 013c 0C       		.byte	0xc
 554 013d 06       		.uleb128 0x6
 555 013e 26030000 		.4byte	.LASF27
 556 0142 06       		.byte	0x6
 557 0143 79       		.byte	0x79
 558 0144 BF000000 		.4byte	0xbf
 559 0148 10       		.byte	0x10
 560 0149 06       		.uleb128 0x6
 561 014a 52030000 		.4byte	.LASF28
ARM GAS  /tmp/cc6N4XqF.s 			page 11


 562 014e 06       		.byte	0x6
 563 014f 7D       		.byte	0x7d
 564 0150 B4000000 		.4byte	0xb4
 565 0154 11       		.byte	0x11
 566 0155 06       		.uleb128 0x6
 567 0156 2E030000 		.4byte	.LASF29
 568 015a 06       		.byte	0x6
 569 015b 88       		.byte	0x88
 570 015c CA000000 		.4byte	0xca
 571 0160 12       		.byte	0x12
 572 0161 07       		.uleb128 0x7
 573 0162 705F7500 		.ascii	"p_u\000"
 574 0166 06       		.byte	0x6
 575 0167 B4       		.byte	0xb4
 576 0168 20050000 		.4byte	0x520
 577 016c 14       		.byte	0x14
 578 016d 06       		.uleb128 0x6
 579 016e 74040000 		.4byte	.LASF30
 580 0172 06       		.byte	0x6
 581 0173 B9       		.byte	0xb9
 582 0174 FD010000 		.4byte	0x1fd
 583 0178 18       		.byte	0x18
 584 0179 06       		.uleb128 0x6
 585 017a 21040000 		.4byte	.LASF31
 586 017e 06       		.byte	0x6
 587 017f BF       		.byte	0xbf
 588 0180 DD010000 		.4byte	0x1dd
 589 0184 1C       		.byte	0x1c
 590 0185 06       		.uleb128 0x6
 591 0186 00000000 		.4byte	.LASF32
 592 018a 06       		.byte	0x6
 593 018b C3       		.byte	0xc3
 594 018c E0000000 		.4byte	0xe0
 595 0190 24       		.byte	0x24
 596 0191 06       		.uleb128 0x6
 597 0192 61030000 		.4byte	.LASF33
 598 0196 06       		.byte	0x6
 599 0197 C9       		.byte	0xc9
 600 0198 EB000000 		.4byte	0xeb
 601 019c 28       		.byte	0x28
 602 019d 06       		.uleb128 0x6
 603 019e 12030000 		.4byte	.LASF34
 604 01a2 06       		.byte	0x6
 605 01a3 D0       		.byte	0xd0
 606 01a4 55050000 		.4byte	0x555
 607 01a8 2C       		.byte	0x2c
 608 01a9 06       		.uleb128 0x6
 609 01aa EB030000 		.4byte	.LASF35
 610 01ae 06       		.byte	0x6
 611 01af D4       		.byte	0xd4
 612 01b0 D5000000 		.4byte	0xd5
 613 01b4 30       		.byte	0x30
 614 01b5 00       		.byte	0
 615 01b6 08       		.uleb128 0x8
 616 01b7 08       		.byte	0x8
 617 01b8 05       		.byte	0x5
 618 01b9 61       		.byte	0x61
ARM GAS  /tmp/cc6N4XqF.s 			page 12


 619 01ba D7010000 		.4byte	0x1d7
 620 01be 06       		.uleb128 0x6
 621 01bf 4B030000 		.4byte	.LASF23
 622 01c3 05       		.byte	0x5
 623 01c4 62       		.byte	0x62
 624 01c5 D7010000 		.4byte	0x1d7
 625 01c9 00       		.byte	0
 626 01ca 06       		.uleb128 0x6
 627 01cb E1020000 		.4byte	.LASF24
 628 01cf 05       		.byte	0x5
 629 01d0 64       		.byte	0x64
 630 01d1 D7010000 		.4byte	0x1d7
 631 01d5 04       		.byte	0x4
 632 01d6 00       		.byte	0
 633 01d7 09       		.uleb128 0x9
 634 01d8 04       		.byte	0x4
 635 01d9 F6000000 		.4byte	0xf6
 636 01dd 04       		.uleb128 0x4
 637 01de BA020000 		.4byte	.LASF36
 638 01e2 05       		.byte	0x5
 639 01e3 66       		.byte	0x66
 640 01e4 B6010000 		.4byte	0x1b6
 641 01e8 08       		.uleb128 0x8
 642 01e9 04       		.byte	0x4
 643 01ea 05       		.byte	0x5
 644 01eb 6B       		.byte	0x6b
 645 01ec FD010000 		.4byte	0x1fd
 646 01f0 06       		.uleb128 0x6
 647 01f1 4B030000 		.4byte	.LASF23
 648 01f5 05       		.byte	0x5
 649 01f6 6D       		.byte	0x6d
 650 01f7 D7010000 		.4byte	0x1d7
 651 01fb 00       		.byte	0
 652 01fc 00       		.byte	0
 653 01fd 04       		.uleb128 0x4
 654 01fe 88020000 		.4byte	.LASF37
 655 0202 05       		.byte	0x5
 656 0203 70       		.byte	0x70
 657 0204 E8010000 		.4byte	0x1e8
 658 0208 04       		.uleb128 0x4
 659 0209 CE010000 		.4byte	.LASF38
 660 020d 07       		.byte	0x7
 661 020e E5       		.byte	0xe5
 662 020f 13020000 		.4byte	0x213
 663 0213 0A       		.uleb128 0xa
 664 0214 04       		.byte	0x4
 665 0215 05       		.uleb128 0x5
 666 0216 FD010000 		.4byte	.LASF39
 667 021a 20       		.byte	0x20
 668 021b 07       		.byte	0x7
 669 021c ED       		.byte	0xed
 670 021d 7D020000 		.4byte	0x27d
 671 0221 07       		.uleb128 0x7
 672 0222 723000   		.ascii	"r0\000"
 673 0225 07       		.byte	0x7
 674 0226 EE       		.byte	0xee
 675 0227 08020000 		.4byte	0x208
ARM GAS  /tmp/cc6N4XqF.s 			page 13


 676 022b 00       		.byte	0
 677 022c 07       		.uleb128 0x7
 678 022d 723100   		.ascii	"r1\000"
 679 0230 07       		.byte	0x7
 680 0231 EF       		.byte	0xef
 681 0232 08020000 		.4byte	0x208
 682 0236 04       		.byte	0x4
 683 0237 07       		.uleb128 0x7
 684 0238 723200   		.ascii	"r2\000"
 685 023b 07       		.byte	0x7
 686 023c F0       		.byte	0xf0
 687 023d 08020000 		.4byte	0x208
 688 0241 08       		.byte	0x8
 689 0242 07       		.uleb128 0x7
 690 0243 723300   		.ascii	"r3\000"
 691 0246 07       		.byte	0x7
 692 0247 F1       		.byte	0xf1
 693 0248 08020000 		.4byte	0x208
 694 024c 0C       		.byte	0xc
 695 024d 07       		.uleb128 0x7
 696 024e 72313200 		.ascii	"r12\000"
 697 0252 07       		.byte	0x7
 698 0253 F2       		.byte	0xf2
 699 0254 08020000 		.4byte	0x208
 700 0258 10       		.byte	0x10
 701 0259 06       		.uleb128 0x6
 702 025a F6010000 		.4byte	.LASF40
 703 025e 07       		.byte	0x7
 704 025f F3       		.byte	0xf3
 705 0260 08020000 		.4byte	0x208
 706 0264 14       		.byte	0x14
 707 0265 07       		.uleb128 0x7
 708 0266 706300   		.ascii	"pc\000"
 709 0269 07       		.byte	0x7
 710 026a F4       		.byte	0xf4
 711 026b 08020000 		.4byte	0x208
 712 026f 18       		.byte	0x18
 713 0270 06       		.uleb128 0x6
 714 0271 38030000 		.4byte	.LASF41
 715 0275 07       		.byte	0x7
 716 0276 F5       		.byte	0xf5
 717 0277 08020000 		.4byte	0x208
 718 027b 1C       		.byte	0x1c
 719 027c 00       		.byte	0
 720 027d 0B       		.uleb128 0xb
 721 027e 1A040000 		.4byte	.LASF42
 722 0282 24       		.byte	0x24
 723 0283 07       		.byte	0x7
 724 0284 0C01     		.2byte	0x10c
 725 0286 F9020000 		.4byte	0x2f9
 726 028a 0C       		.uleb128 0xc
 727 028b 723400   		.ascii	"r4\000"
 728 028e 07       		.byte	0x7
 729 028f 1F01     		.2byte	0x11f
 730 0291 08020000 		.4byte	0x208
 731 0295 00       		.byte	0
 732 0296 0C       		.uleb128 0xc
ARM GAS  /tmp/cc6N4XqF.s 			page 14


 733 0297 723500   		.ascii	"r5\000"
 734 029a 07       		.byte	0x7
 735 029b 2001     		.2byte	0x120
 736 029d 08020000 		.4byte	0x208
 737 02a1 04       		.byte	0x4
 738 02a2 0C       		.uleb128 0xc
 739 02a3 723600   		.ascii	"r6\000"
 740 02a6 07       		.byte	0x7
 741 02a7 2101     		.2byte	0x121
 742 02a9 08020000 		.4byte	0x208
 743 02ad 08       		.byte	0x8
 744 02ae 0C       		.uleb128 0xc
 745 02af 723700   		.ascii	"r7\000"
 746 02b2 07       		.byte	0x7
 747 02b3 2201     		.2byte	0x122
 748 02b5 08020000 		.4byte	0x208
 749 02b9 0C       		.byte	0xc
 750 02ba 0C       		.uleb128 0xc
 751 02bb 723800   		.ascii	"r8\000"
 752 02be 07       		.byte	0x7
 753 02bf 2301     		.2byte	0x123
 754 02c1 08020000 		.4byte	0x208
 755 02c5 10       		.byte	0x10
 756 02c6 0C       		.uleb128 0xc
 757 02c7 723900   		.ascii	"r9\000"
 758 02ca 07       		.byte	0x7
 759 02cb 2401     		.2byte	0x124
 760 02cd 08020000 		.4byte	0x208
 761 02d1 14       		.byte	0x14
 762 02d2 0C       		.uleb128 0xc
 763 02d3 72313000 		.ascii	"r10\000"
 764 02d7 07       		.byte	0x7
 765 02d8 2501     		.2byte	0x125
 766 02da 08020000 		.4byte	0x208
 767 02de 18       		.byte	0x18
 768 02df 0C       		.uleb128 0xc
 769 02e0 72313100 		.ascii	"r11\000"
 770 02e4 07       		.byte	0x7
 771 02e5 2601     		.2byte	0x126
 772 02e7 08020000 		.4byte	0x208
 773 02eb 1C       		.byte	0x1c
 774 02ec 0C       		.uleb128 0xc
 775 02ed 6C7200   		.ascii	"lr\000"
 776 02f0 07       		.byte	0x7
 777 02f1 2701     		.2byte	0x127
 778 02f3 08020000 		.4byte	0x208
 779 02f7 20       		.byte	0x20
 780 02f8 00       		.byte	0
 781 02f9 0B       		.uleb128 0xb
 782 02fa 0D040000 		.4byte	.LASF43
 783 02fe 04       		.byte	0x4
 784 02ff 07       		.byte	0x7
 785 0300 3101     		.2byte	0x131
 786 0302 14030000 		.4byte	0x314
 787 0306 0C       		.uleb128 0xc
 788 0307 72313300 		.ascii	"r13\000"
 789 030b 07       		.byte	0x7
ARM GAS  /tmp/cc6N4XqF.s 			page 15


 790 030c 3201     		.2byte	0x132
 791 030e 14030000 		.4byte	0x314
 792 0312 00       		.byte	0
 793 0313 00       		.byte	0
 794 0314 09       		.uleb128 0x9
 795 0315 04       		.byte	0x4
 796 0316 7D020000 		.4byte	0x27d
 797 031a 04       		.uleb128 0x4
 798 031b DC030000 		.4byte	.LASF44
 799 031f 08       		.byte	0x8
 800 0320 3A       		.byte	0x3a
 801 0321 25030000 		.4byte	0x325
 802 0325 0D       		.uleb128 0xd
 803 0326 A2000000 		.4byte	0xa2
 804 032a 03       		.uleb128 0x3
 805 032b 04       		.byte	0x4
 806 032c 07       		.byte	0x7
 807 032d A6020000 		.4byte	.LASF45
 808 0331 08       		.uleb128 0x8
 809 0332 8C       		.byte	0x8c
 810 0333 08       		.byte	0x8
 811 0334 89       		.byte	0x89
 812 0335 36040000 		.4byte	0x436
 813 0339 06       		.uleb128 0x6
 814 033a 12010000 		.4byte	.LASF46
 815 033e 08       		.byte	0x8
 816 033f 8A       		.byte	0x8a
 817 0340 1A030000 		.4byte	0x31a
 818 0344 00       		.byte	0
 819 0345 06       		.uleb128 0x6
 820 0346 51020000 		.4byte	.LASF47
 821 034a 08       		.byte	0x8
 822 034b 8B       		.byte	0x8b
 823 034c 1A030000 		.4byte	0x31a
 824 0350 04       		.byte	0x4
 825 0351 06       		.uleb128 0x6
 826 0352 23020000 		.4byte	.LASF48
 827 0356 08       		.byte	0x8
 828 0357 8C       		.byte	0x8c
 829 0358 1A030000 		.4byte	0x31a
 830 035c 08       		.byte	0x8
 831 035d 06       		.uleb128 0x6
 832 035e 5C020000 		.4byte	.LASF49
 833 0362 08       		.byte	0x8
 834 0363 8D       		.byte	0x8d
 835 0364 1A030000 		.4byte	0x31a
 836 0368 0C       		.byte	0xc
 837 0369 07       		.uleb128 0x7
 838 036a 53435200 		.ascii	"SCR\000"
 839 036e 08       		.byte	0x8
 840 036f 8E       		.byte	0x8e
 841 0370 1A030000 		.4byte	0x31a
 842 0374 10       		.byte	0x10
 843 0375 07       		.uleb128 0x7
 844 0376 43435200 		.ascii	"CCR\000"
 845 037a 08       		.byte	0x8
 846 037b 8F       		.byte	0x8f
ARM GAS  /tmp/cc6N4XqF.s 			page 16


 847 037c 1A030000 		.4byte	0x31a
 848 0380 14       		.byte	0x14
 849 0381 06       		.uleb128 0x6
 850 0382 15040000 		.4byte	.LASF50
 851 0386 08       		.byte	0x8
 852 0387 90       		.byte	0x90
 853 0388 46040000 		.4byte	0x446
 854 038c 18       		.byte	0x18
 855 038d 06       		.uleb128 0x6
 856 038e 0C030000 		.4byte	.LASF51
 857 0392 08       		.byte	0x8
 858 0393 91       		.byte	0x91
 859 0394 1A030000 		.4byte	0x31a
 860 0398 24       		.byte	0x24
 861 0399 06       		.uleb128 0x6
 862 039a AF020000 		.4byte	.LASF52
 863 039e 08       		.byte	0x8
 864 039f 92       		.byte	0x92
 865 03a0 1A030000 		.4byte	0x31a
 866 03a4 28       		.byte	0x28
 867 03a5 06       		.uleb128 0x6
 868 03a6 61040000 		.4byte	.LASF53
 869 03aa 08       		.byte	0x8
 870 03ab 93       		.byte	0x93
 871 03ac 1A030000 		.4byte	0x31a
 872 03b0 2C       		.byte	0x2c
 873 03b1 06       		.uleb128 0x6
 874 03b2 62020000 		.4byte	.LASF54
 875 03b6 08       		.byte	0x8
 876 03b7 94       		.byte	0x94
 877 03b8 1A030000 		.4byte	0x31a
 878 03bc 30       		.byte	0x30
 879 03bd 06       		.uleb128 0x6
 880 03be 67020000 		.4byte	.LASF55
 881 03c2 08       		.byte	0x8
 882 03c3 95       		.byte	0x95
 883 03c4 1A030000 		.4byte	0x31a
 884 03c8 34       		.byte	0x34
 885 03c9 06       		.uleb128 0x6
 886 03ca A1010000 		.4byte	.LASF56
 887 03ce 08       		.byte	0x8
 888 03cf 96       		.byte	0x96
 889 03d0 1A030000 		.4byte	0x31a
 890 03d4 38       		.byte	0x38
 891 03d5 06       		.uleb128 0x6
 892 03d6 7D030000 		.4byte	.LASF57
 893 03da 08       		.byte	0x8
 894 03db 97       		.byte	0x97
 895 03dc 1A030000 		.4byte	0x31a
 896 03e0 3C       		.byte	0x3c
 897 03e1 07       		.uleb128 0x7
 898 03e2 50465200 		.ascii	"PFR\000"
 899 03e6 08       		.byte	0x8
 900 03e7 98       		.byte	0x98
 901 03e8 5B040000 		.4byte	0x45b
 902 03ec 40       		.byte	0x40
 903 03ed 07       		.uleb128 0x7
ARM GAS  /tmp/cc6N4XqF.s 			page 17


 904 03ee 44465200 		.ascii	"DFR\000"
 905 03f2 08       		.byte	0x8
 906 03f3 99       		.byte	0x99
 907 03f4 1A030000 		.4byte	0x31a
 908 03f8 48       		.byte	0x48
 909 03f9 07       		.uleb128 0x7
 910 03fa 41445200 		.ascii	"ADR\000"
 911 03fe 08       		.byte	0x8
 912 03ff 9A       		.byte	0x9a
 913 0400 1A030000 		.4byte	0x31a
 914 0404 4C       		.byte	0x4c
 915 0405 06       		.uleb128 0x6
 916 0406 36040000 		.4byte	.LASF58
 917 040a 08       		.byte	0x8
 918 040b 9B       		.byte	0x9b
 919 040c 70040000 		.4byte	0x470
 920 0410 50       		.byte	0x50
 921 0411 07       		.uleb128 0x7
 922 0412 53415200 		.ascii	"SAR\000"
 923 0416 08       		.byte	0x8
 924 0417 9C       		.byte	0x9c
 925 0418 85040000 		.4byte	0x485
 926 041c 60       		.byte	0x60
 927 041d 06       		.uleb128 0x6
 928 041e 82030000 		.4byte	.LASF59
 929 0422 08       		.byte	0x8
 930 0423 9D       		.byte	0x9d
 931 0424 8A040000 		.4byte	0x48a
 932 0428 74       		.byte	0x74
 933 0429 06       		.uleb128 0x6
 934 042a 5B040000 		.4byte	.LASF60
 935 042e 08       		.byte	0x8
 936 042f 9E       		.byte	0x9e
 937 0430 1A030000 		.4byte	0x31a
 938 0434 88       		.byte	0x88
 939 0435 00       		.byte	0
 940 0436 0E       		.uleb128 0xe
 941 0437 1A030000 		.4byte	0x31a
 942 043b 46040000 		.4byte	0x446
 943 043f 0F       		.uleb128 0xf
 944 0440 2A030000 		.4byte	0x32a
 945 0444 02       		.byte	0x2
 946 0445 00       		.byte	0
 947 0446 0D       		.uleb128 0xd
 948 0447 36040000 		.4byte	0x436
 949 044b 0E       		.uleb128 0xe
 950 044c 1A030000 		.4byte	0x31a
 951 0450 5B040000 		.4byte	0x45b
 952 0454 0F       		.uleb128 0xf
 953 0455 2A030000 		.4byte	0x32a
 954 0459 01       		.byte	0x1
 955 045a 00       		.byte	0
 956 045b 0D       		.uleb128 0xd
 957 045c 4B040000 		.4byte	0x44b
 958 0460 0E       		.uleb128 0xe
 959 0461 1A030000 		.4byte	0x31a
 960 0465 70040000 		.4byte	0x470
ARM GAS  /tmp/cc6N4XqF.s 			page 18


 961 0469 0F       		.uleb128 0xf
 962 046a 2A030000 		.4byte	0x32a
 963 046e 03       		.byte	0x3
 964 046f 00       		.byte	0
 965 0470 0D       		.uleb128 0xd
 966 0471 60040000 		.4byte	0x460
 967 0475 0E       		.uleb128 0xe
 968 0476 1A030000 		.4byte	0x31a
 969 047a 85040000 		.4byte	0x485
 970 047e 0F       		.uleb128 0xf
 971 047f 2A030000 		.4byte	0x32a
 972 0483 04       		.byte	0x4
 973 0484 00       		.byte	0
 974 0485 0D       		.uleb128 0xd
 975 0486 75040000 		.4byte	0x475
 976 048a 0D       		.uleb128 0xd
 977 048b 75040000 		.4byte	0x475
 978 048f 04       		.uleb128 0x4
 979 0490 17000000 		.4byte	.LASF61
 980 0494 08       		.byte	0x8
 981 0495 9F       		.byte	0x9f
 982 0496 31030000 		.4byte	0x331
 983 049a 08       		.uleb128 0x8
 984 049b 14       		.byte	0x14
 985 049c 09       		.byte	0x9
 986 049d 5E       		.byte	0x5e
 987 049e D3040000 		.4byte	0x4d3
 988 04a2 06       		.uleb128 0x6
 989 04a3 75030000 		.4byte	.LASF62
 990 04a7 09       		.byte	0x9
 991 04a8 5F       		.byte	0x5f
 992 04a9 DD010000 		.4byte	0x1dd
 993 04ad 00       		.byte	0
 994 04ae 06       		.uleb128 0x6
 995 04af 3D030000 		.4byte	.LASF63
 996 04b3 09       		.byte	0x9
 997 04b4 60       		.byte	0x60
 998 04b5 D5000000 		.4byte	0xd5
 999 04b9 08       		.byte	0x8
 1000 04ba 06       		.uleb128 0x6
 1001 04bb B4020000 		.4byte	.LASF64
 1002 04bf 09       		.byte	0x9
 1003 04c0 62       		.byte	0x62
 1004 04c1 F9020000 		.4byte	0x2f9
 1005 04c5 0C       		.byte	0xc
 1006 04c6 06       		.uleb128 0x6
 1007 04c7 C7020000 		.4byte	.LASF65
 1008 04cb 09       		.byte	0x9
 1009 04cc 69       		.byte	0x69
 1010 04cd D7010000 		.4byte	0x1d7
 1011 04d1 10       		.byte	0x10
 1012 04d2 00       		.byte	0
 1013 04d3 04       		.uleb128 0x4
 1014 04d4 2C040000 		.4byte	.LASF66
 1015 04d8 09       		.byte	0x9
 1016 04d9 6B       		.byte	0x6b
 1017 04da 9A040000 		.4byte	0x49a
ARM GAS  /tmp/cc6N4XqF.s 			page 19


 1018 04de 05       		.uleb128 0x5
 1019 04df A0020000 		.4byte	.LASF67
 1020 04e3 10       		.byte	0x10
 1021 04e4 0A       		.byte	0xa
 1022 04e5 2C       		.byte	0x2c
 1023 04e6 0F050000 		.4byte	0x50f
 1024 04ea 06       		.uleb128 0x6
 1025 04eb 39010000 		.4byte	.LASF68
 1026 04ef 0A       		.byte	0xa
 1027 04f0 2D       		.byte	0x2d
 1028 04f1 DD010000 		.4byte	0x1dd
 1029 04f5 00       		.byte	0
 1030 04f6 06       		.uleb128 0x6
 1031 04f7 66040000 		.4byte	.LASF69
 1032 04fb 0A       		.byte	0xa
 1033 04fc 2F       		.byte	0x2f
 1034 04fd D7010000 		.4byte	0x1d7
 1035 0501 08       		.byte	0x8
 1036 0502 06       		.uleb128 0x6
 1037 0503 E4030000 		.4byte	.LASF70
 1038 0507 0A       		.byte	0xa
 1039 0508 31       		.byte	0x31
 1040 0509 0F050000 		.4byte	0x50f
 1041 050d 0C       		.byte	0xc
 1042 050e 00       		.byte	0
 1043 050f 09       		.uleb128 0x9
 1044 0510 04       		.byte	0x4
 1045 0511 DE040000 		.4byte	0x4de
 1046 0515 04       		.uleb128 0x4
 1047 0516 A0020000 		.4byte	.LASF67
 1048 051a 0A       		.byte	0xa
 1049 051b 33       		.byte	0x33
 1050 051c DE040000 		.4byte	0x4de
 1051 0520 10       		.uleb128 0x10
 1052 0521 04       		.byte	0x4
 1053 0522 06       		.byte	0x6
 1054 0523 96       		.byte	0x96
 1055 0524 55050000 		.4byte	0x555
 1056 0528 11       		.uleb128 0x11
 1057 0529 06000000 		.4byte	.LASF71
 1058 052d 06       		.byte	0x6
 1059 052e 9D       		.byte	0x9d
 1060 052f E0000000 		.4byte	0xe0
 1061 0533 11       		.uleb128 0x11
 1062 0534 09010000 		.4byte	.LASF72
 1063 0538 06       		.byte	0x6
 1064 0539 A4       		.byte	0xa4
 1065 053a E0000000 		.4byte	0xe0
 1066 053e 11       		.uleb128 0x11
 1067 053f 49040000 		.4byte	.LASF73
 1068 0543 06       		.byte	0x6
 1069 0544 AB       		.byte	0xab
 1070 0545 13020000 		.4byte	0x213
 1071 0549 11       		.uleb128 0x11
 1072 054a 44030000 		.4byte	.LASF74
 1073 054e 06       		.byte	0x6
 1074 054f B2       		.byte	0xb2
ARM GAS  /tmp/cc6N4XqF.s 			page 20


 1075 0550 EB000000 		.4byte	0xeb
 1076 0554 00       		.byte	0
 1077 0555 09       		.uleb128 0x9
 1078 0556 04       		.byte	0x4
 1079 0557 15050000 		.4byte	0x515
 1080 055b 12       		.uleb128 0x12
 1081 055c 28020000 		.4byte	.LASF75
 1082 0560 01       		.byte	0x1
 1083 0561 C8       		.byte	0xc8
 1084 0562 00000000 		.4byte	.LFB6
 1085 0566 06000000 		.4byte	.LFE6-.LFB6
 1086 056a 01       		.uleb128 0x1
 1087 056b 9C       		.byte	0x9c
 1088 056c 7A050000 		.4byte	0x57a
 1089 0570 13       		.uleb128 0x13
 1090 0571 04000000 		.4byte	.LVL0
 1091 0575 E6060000 		.4byte	0x6e6
 1092 0579 00       		.byte	0
 1093 057a 12       		.uleb128 0x12
 1094 057b 78010000 		.4byte	.LASF76
 1095 057f 01       		.byte	0x1
 1096 0580 41       		.byte	0x41
 1097 0581 00000000 		.4byte	.LFB1
 1098 0585 14000000 		.4byte	.LFE1-.LFB1
 1099 0589 01       		.uleb128 0x1
 1100 058a 9C       		.byte	0x9c
 1101 058b 9F050000 		.4byte	0x59f
 1102 058f 14       		.uleb128 0x14
 1103 0590 DC020000 		.4byte	.LASF79
 1104 0594 01       		.byte	0x1
 1105 0595 42       		.byte	0x42
 1106 0596 9F050000 		.4byte	0x59f
 1107 059a 00000000 		.4byte	.LLST0
 1108 059e 00       		.byte	0
 1109 059f 09       		.uleb128 0x9
 1110 05a0 04       		.byte	0x4
 1111 05a1 15020000 		.4byte	0x215
 1112 05a5 12       		.uleb128 0x12
 1113 05a6 50040000 		.4byte	.LASF77
 1114 05aa 01       		.byte	0x1
 1115 05ab 78       		.byte	0x78
 1116 05ac 00000000 		.4byte	.LFB2
 1117 05b0 34000000 		.4byte	.LFE2-.LFB2
 1118 05b4 01       		.uleb128 0x1
 1119 05b5 9C       		.byte	0x9c
 1120 05b6 01060000 		.4byte	0x601
 1121 05ba 15       		.uleb128 0x15
 1122 05bb 20000000 		.4byte	.LVL4
 1123 05bf ED060000 		.4byte	0x6ed
 1124 05c3 D2050000 		.4byte	0x5d2
 1125 05c7 16       		.uleb128 0x16
 1126 05c8 01       		.uleb128 0x1
 1127 05c9 51       		.byte	0x51
 1128 05ca 01       		.uleb128 0x1
 1129 05cb 40       		.byte	0x40
 1130 05cc 16       		.uleb128 0x16
 1131 05cd 01       		.uleb128 0x1
ARM GAS  /tmp/cc6N4XqF.s 			page 21


 1132 05ce 50       		.byte	0x50
 1133 05cf 01       		.uleb128 0x1
 1134 05d0 37       		.byte	0x37
 1135 05d1 00       		.byte	0
 1136 05d2 15       		.uleb128 0x15
 1137 05d3 28000000 		.4byte	.LVL5
 1138 05d7 ED060000 		.4byte	0x6ed
 1139 05db EB050000 		.4byte	0x5eb
 1140 05df 16       		.uleb128 0x16
 1141 05e0 01       		.uleb128 0x1
 1142 05e1 51       		.byte	0x51
 1143 05e2 02       		.uleb128 0x2
 1144 05e3 08       		.byte	0x8
 1145 05e4 20       		.byte	0x20
 1146 05e5 16       		.uleb128 0x16
 1147 05e6 01       		.uleb128 0x1
 1148 05e7 50       		.byte	0x50
 1149 05e8 01       		.uleb128 0x1
 1150 05e9 3A       		.byte	0x3a
 1151 05ea 00       		.byte	0
 1152 05eb 17       		.uleb128 0x17
 1153 05ec 34000000 		.4byte	.LVL6
 1154 05f0 ED060000 		.4byte	0x6ed
 1155 05f4 16       		.uleb128 0x16
 1156 05f5 01       		.uleb128 0x1
 1157 05f6 51       		.byte	0x51
 1158 05f7 02       		.uleb128 0x2
 1159 05f8 08       		.byte	0x8
 1160 05f9 80       		.byte	0x80
 1161 05fa 16       		.uleb128 0x16
 1162 05fb 01       		.uleb128 0x1
 1163 05fc 50       		.byte	0x50
 1164 05fd 01       		.uleb128 0x1
 1165 05fe 3B       		.byte	0x3b
 1166 05ff 00       		.byte	0
 1167 0600 00       		.byte	0
 1168 0601 12       		.uleb128 0x12
 1169 0602 D1020000 		.4byte	.LASF78
 1170 0606 01       		.byte	0x1
 1171 0607 88       		.byte	0x88
 1172 0608 00000000 		.4byte	.LFB3
 1173 060c 08000000 		.4byte	.LFE3-.LFB3
 1174 0610 01       		.uleb128 0x1
 1175 0611 9C       		.byte	0x9c
 1176 0612 24060000 		.4byte	0x624
 1177 0616 18       		.uleb128 0x18
 1178 0617 746D7000 		.ascii	"tmp\000"
 1179 061b 01       		.byte	0x1
 1180 061c 89       		.byte	0x89
 1181 061d A2000000 		.4byte	0xa2
 1182 0621 01       		.uleb128 0x1
 1183 0622 53       		.byte	0x53
 1184 0623 00       		.byte	0
 1185 0624 12       		.uleb128 0x12
 1186 0625 00040000 		.4byte	.LASF80
 1187 0629 01       		.byte	0x1
 1188 062a 8D       		.byte	0x8d
ARM GAS  /tmp/cc6N4XqF.s 			page 22


 1189 062b 00000000 		.4byte	.LFB4
 1190 062f 08000000 		.4byte	.LFE4-.LFB4
 1191 0633 01       		.uleb128 0x1
 1192 0634 9C       		.byte	0x9c
 1193 0635 47060000 		.4byte	0x647
 1194 0639 18       		.uleb128 0x18
 1195 063a 746D7000 		.ascii	"tmp\000"
 1196 063e 01       		.byte	0x1
 1197 063f 8E       		.byte	0x8e
 1198 0640 A2000000 		.4byte	0xa2
 1199 0644 01       		.uleb128 0x1
 1200 0645 53       		.byte	0x53
 1201 0646 00       		.byte	0
 1202 0647 12       		.uleb128 0x12
 1203 0648 6D020000 		.4byte	.LASF81
 1204 064c 01       		.byte	0x1
 1205 064d 96       		.byte	0x96
 1206 064e 00000000 		.4byte	.LFB5
 1207 0652 80000000 		.4byte	.LFE5-.LFB5
 1208 0656 01       		.uleb128 0x1
 1209 0657 9C       		.byte	0x9c
 1210 0658 72060000 		.4byte	0x672
 1211 065c 19       		.uleb128 0x19
 1212 065d 00000000 		.4byte	.Ldebug_ranges0+0
 1213 0661 14       		.uleb128 0x14
 1214 0662 DC020000 		.4byte	.LASF79
 1215 0666 01       		.byte	0x1
 1216 0667 9A       		.byte	0x9a
 1217 0668 9F050000 		.4byte	0x59f
 1218 066c 20000000 		.4byte	.LLST1
 1219 0670 00       		.byte	0
 1220 0671 00       		.byte	0
 1221 0672 12       		.uleb128 0x12
 1222 0673 E4000000 		.4byte	.LASF82
 1223 0677 01       		.byte	0x1
 1224 0678 2F       		.byte	0x2f
 1225 0679 00000000 		.4byte	.LFB0
 1226 067d 16000000 		.4byte	.LFE0-.LFB0
 1227 0681 01       		.uleb128 0x1
 1228 0682 9C       		.byte	0x9c
 1229 0683 9A060000 		.4byte	0x69a
 1230 0687 13       		.uleb128 0x13
 1231 0688 0A000000 		.4byte	.LVL12
 1232 068c 04070000 		.4byte	0x704
 1233 0690 1A       		.uleb128 0x1a
 1234 0691 16000000 		.4byte	.LVL13
 1235 0695 47060000 		.4byte	0x647
 1236 0699 00       		.byte	0
 1237 069a 12       		.uleb128 0x12
 1238 069b 04020000 		.4byte	.LASF83
 1239 069f 01       		.byte	0x1
 1240 06a0 E5       		.byte	0xe5
 1241 06a1 00000000 		.4byte	.LFB7
 1242 06a5 10000000 		.4byte	.LFE7-.LFB7
 1243 06a9 01       		.uleb128 0x1
 1244 06aa 9C       		.byte	0x9c
 1245 06ab CA060000 		.4byte	0x6ca
ARM GAS  /tmp/cc6N4XqF.s 			page 23


 1246 06af 1B       		.uleb128 0x1b
 1247 06b0 6E747000 		.ascii	"ntp\000"
 1248 06b4 01       		.byte	0x1
 1249 06b5 E5       		.byte	0xe5
 1250 06b6 D7010000 		.4byte	0x1d7
 1251 06ba 01       		.uleb128 0x1
 1252 06bb 50       		.byte	0x50
 1253 06bc 1B       		.uleb128 0x1b
 1254 06bd 6F747000 		.ascii	"otp\000"
 1255 06c1 01       		.byte	0x1
 1256 06c2 E5       		.byte	0xe5
 1257 06c3 D7010000 		.4byte	0x1d7
 1258 06c7 01       		.uleb128 0x1
 1259 06c8 51       		.byte	0x51
 1260 06c9 00       		.byte	0
 1261 06ca 1C       		.uleb128 0x1c
 1262 06cb 8E010000 		.4byte	.LASF89
 1263 06cf 01       		.byte	0x1
 1264 06d0 FC       		.byte	0xfc
 1265 06d1 00000000 		.4byte	.LFB8
 1266 06d5 12000000 		.4byte	.LFE8-.LFB8
 1267 06d9 01       		.uleb128 0x1
 1268 06da 9C       		.byte	0x9c
 1269 06db 1D       		.uleb128 0x1d
 1270 06dc 3B040000 		.4byte	.LASF90
 1271 06e0 09       		.byte	0x9
 1272 06e1 6F       		.byte	0x6f
 1273 06e2 D3040000 		.4byte	0x4d3
 1274 06e6 1E       		.uleb128 0x1e
 1275 06e7 D7010000 		.4byte	.LASF84
 1276 06eb 09       		.byte	0x9
 1277 06ec A8       		.byte	0xa8
 1278 06ed 1F       		.uleb128 0x1f
 1279 06ee B1010000 		.4byte	.LASF91
 1280 06f2 08       		.byte	0x8
 1281 06f3 2501     		.2byte	0x125
 1282 06f5 04070000 		.4byte	0x704
 1283 06f9 20       		.uleb128 0x20
 1284 06fa A2000000 		.4byte	0xa2
 1285 06fe 20       		.uleb128 0x20
 1286 06ff A2000000 		.4byte	0xa2
 1287 0703 00       		.byte	0
 1288 0704 1E       		.uleb128 0x1e
 1289 0705 D1000000 		.4byte	.LASF85
 1290 0709 0B       		.byte	0xb
 1291 070a F7       		.byte	0xf7
 1292 070b 00       		.byte	0
 1293              		.section	.debug_abbrev,"",%progbits
 1294              	.Ldebug_abbrev0:
 1295 0000 01       		.uleb128 0x1
 1296 0001 11       		.uleb128 0x11
 1297 0002 01       		.byte	0x1
 1298 0003 25       		.uleb128 0x25
 1299 0004 0E       		.uleb128 0xe
 1300 0005 13       		.uleb128 0x13
 1301 0006 0B       		.uleb128 0xb
 1302 0007 03       		.uleb128 0x3
ARM GAS  /tmp/cc6N4XqF.s 			page 24


 1303 0008 0E       		.uleb128 0xe
 1304 0009 1B       		.uleb128 0x1b
 1305 000a 0E       		.uleb128 0xe
 1306 000b 55       		.uleb128 0x55
 1307 000c 17       		.uleb128 0x17
 1308 000d 11       		.uleb128 0x11
 1309 000e 01       		.uleb128 0x1
 1310 000f 10       		.uleb128 0x10
 1311 0010 17       		.uleb128 0x17
 1312 0011 00       		.byte	0
 1313 0012 00       		.byte	0
 1314 0013 02       		.uleb128 0x2
 1315 0014 24       		.uleb128 0x24
 1316 0015 00       		.byte	0
 1317 0016 0B       		.uleb128 0xb
 1318 0017 0B       		.uleb128 0xb
 1319 0018 3E       		.uleb128 0x3e
 1320 0019 0B       		.uleb128 0xb
 1321 001a 03       		.uleb128 0x3
 1322 001b 08       		.uleb128 0x8
 1323 001c 00       		.byte	0
 1324 001d 00       		.byte	0
 1325 001e 03       		.uleb128 0x3
 1326 001f 24       		.uleb128 0x24
 1327 0020 00       		.byte	0
 1328 0021 0B       		.uleb128 0xb
 1329 0022 0B       		.uleb128 0xb
 1330 0023 3E       		.uleb128 0x3e
 1331 0024 0B       		.uleb128 0xb
 1332 0025 03       		.uleb128 0x3
 1333 0026 0E       		.uleb128 0xe
 1334 0027 00       		.byte	0
 1335 0028 00       		.byte	0
 1336 0029 04       		.uleb128 0x4
 1337 002a 16       		.uleb128 0x16
 1338 002b 00       		.byte	0
 1339 002c 03       		.uleb128 0x3
 1340 002d 0E       		.uleb128 0xe
 1341 002e 3A       		.uleb128 0x3a
 1342 002f 0B       		.uleb128 0xb
 1343 0030 3B       		.uleb128 0x3b
 1344 0031 0B       		.uleb128 0xb
 1345 0032 49       		.uleb128 0x49
 1346 0033 13       		.uleb128 0x13
 1347 0034 00       		.byte	0
 1348 0035 00       		.byte	0
 1349 0036 05       		.uleb128 0x5
 1350 0037 13       		.uleb128 0x13
 1351 0038 01       		.byte	0x1
 1352 0039 03       		.uleb128 0x3
 1353 003a 0E       		.uleb128 0xe
 1354 003b 0B       		.uleb128 0xb
 1355 003c 0B       		.uleb128 0xb
 1356 003d 3A       		.uleb128 0x3a
 1357 003e 0B       		.uleb128 0xb
 1358 003f 3B       		.uleb128 0x3b
 1359 0040 0B       		.uleb128 0xb
ARM GAS  /tmp/cc6N4XqF.s 			page 25


 1360 0041 01       		.uleb128 0x1
 1361 0042 13       		.uleb128 0x13
 1362 0043 00       		.byte	0
 1363 0044 00       		.byte	0
 1364 0045 06       		.uleb128 0x6
 1365 0046 0D       		.uleb128 0xd
 1366 0047 00       		.byte	0
 1367 0048 03       		.uleb128 0x3
 1368 0049 0E       		.uleb128 0xe
 1369 004a 3A       		.uleb128 0x3a
 1370 004b 0B       		.uleb128 0xb
 1371 004c 3B       		.uleb128 0x3b
 1372 004d 0B       		.uleb128 0xb
 1373 004e 49       		.uleb128 0x49
 1374 004f 13       		.uleb128 0x13
 1375 0050 38       		.uleb128 0x38
 1376 0051 0B       		.uleb128 0xb
 1377 0052 00       		.byte	0
 1378 0053 00       		.byte	0
 1379 0054 07       		.uleb128 0x7
 1380 0055 0D       		.uleb128 0xd
 1381 0056 00       		.byte	0
 1382 0057 03       		.uleb128 0x3
 1383 0058 08       		.uleb128 0x8
 1384 0059 3A       		.uleb128 0x3a
 1385 005a 0B       		.uleb128 0xb
 1386 005b 3B       		.uleb128 0x3b
 1387 005c 0B       		.uleb128 0xb
 1388 005d 49       		.uleb128 0x49
 1389 005e 13       		.uleb128 0x13
 1390 005f 38       		.uleb128 0x38
 1391 0060 0B       		.uleb128 0xb
 1392 0061 00       		.byte	0
 1393 0062 00       		.byte	0
 1394 0063 08       		.uleb128 0x8
 1395 0064 13       		.uleb128 0x13
 1396 0065 01       		.byte	0x1
 1397 0066 0B       		.uleb128 0xb
 1398 0067 0B       		.uleb128 0xb
 1399 0068 3A       		.uleb128 0x3a
 1400 0069 0B       		.uleb128 0xb
 1401 006a 3B       		.uleb128 0x3b
 1402 006b 0B       		.uleb128 0xb
 1403 006c 01       		.uleb128 0x1
 1404 006d 13       		.uleb128 0x13
 1405 006e 00       		.byte	0
 1406 006f 00       		.byte	0
 1407 0070 09       		.uleb128 0x9
 1408 0071 0F       		.uleb128 0xf
 1409 0072 00       		.byte	0
 1410 0073 0B       		.uleb128 0xb
 1411 0074 0B       		.uleb128 0xb
 1412 0075 49       		.uleb128 0x49
 1413 0076 13       		.uleb128 0x13
 1414 0077 00       		.byte	0
 1415 0078 00       		.byte	0
 1416 0079 0A       		.uleb128 0xa
ARM GAS  /tmp/cc6N4XqF.s 			page 26


 1417 007a 0F       		.uleb128 0xf
 1418 007b 00       		.byte	0
 1419 007c 0B       		.uleb128 0xb
 1420 007d 0B       		.uleb128 0xb
 1421 007e 00       		.byte	0
 1422 007f 00       		.byte	0
 1423 0080 0B       		.uleb128 0xb
 1424 0081 13       		.uleb128 0x13
 1425 0082 01       		.byte	0x1
 1426 0083 03       		.uleb128 0x3
 1427 0084 0E       		.uleb128 0xe
 1428 0085 0B       		.uleb128 0xb
 1429 0086 0B       		.uleb128 0xb
 1430 0087 3A       		.uleb128 0x3a
 1431 0088 0B       		.uleb128 0xb
 1432 0089 3B       		.uleb128 0x3b
 1433 008a 05       		.uleb128 0x5
 1434 008b 01       		.uleb128 0x1
 1435 008c 13       		.uleb128 0x13
 1436 008d 00       		.byte	0
 1437 008e 00       		.byte	0
 1438 008f 0C       		.uleb128 0xc
 1439 0090 0D       		.uleb128 0xd
 1440 0091 00       		.byte	0
 1441 0092 03       		.uleb128 0x3
 1442 0093 08       		.uleb128 0x8
 1443 0094 3A       		.uleb128 0x3a
 1444 0095 0B       		.uleb128 0xb
 1445 0096 3B       		.uleb128 0x3b
 1446 0097 05       		.uleb128 0x5
 1447 0098 49       		.uleb128 0x49
 1448 0099 13       		.uleb128 0x13
 1449 009a 38       		.uleb128 0x38
 1450 009b 0B       		.uleb128 0xb
 1451 009c 00       		.byte	0
 1452 009d 00       		.byte	0
 1453 009e 0D       		.uleb128 0xd
 1454 009f 35       		.uleb128 0x35
 1455 00a0 00       		.byte	0
 1456 00a1 49       		.uleb128 0x49
 1457 00a2 13       		.uleb128 0x13
 1458 00a3 00       		.byte	0
 1459 00a4 00       		.byte	0
 1460 00a5 0E       		.uleb128 0xe
 1461 00a6 01       		.uleb128 0x1
 1462 00a7 01       		.byte	0x1
 1463 00a8 49       		.uleb128 0x49
 1464 00a9 13       		.uleb128 0x13
 1465 00aa 01       		.uleb128 0x1
 1466 00ab 13       		.uleb128 0x13
 1467 00ac 00       		.byte	0
 1468 00ad 00       		.byte	0
 1469 00ae 0F       		.uleb128 0xf
 1470 00af 21       		.uleb128 0x21
 1471 00b0 00       		.byte	0
 1472 00b1 49       		.uleb128 0x49
 1473 00b2 13       		.uleb128 0x13
ARM GAS  /tmp/cc6N4XqF.s 			page 27


 1474 00b3 2F       		.uleb128 0x2f
 1475 00b4 0B       		.uleb128 0xb
 1476 00b5 00       		.byte	0
 1477 00b6 00       		.byte	0
 1478 00b7 10       		.uleb128 0x10
 1479 00b8 17       		.uleb128 0x17
 1480 00b9 01       		.byte	0x1
 1481 00ba 0B       		.uleb128 0xb
 1482 00bb 0B       		.uleb128 0xb
 1483 00bc 3A       		.uleb128 0x3a
 1484 00bd 0B       		.uleb128 0xb
 1485 00be 3B       		.uleb128 0x3b
 1486 00bf 0B       		.uleb128 0xb
 1487 00c0 01       		.uleb128 0x1
 1488 00c1 13       		.uleb128 0x13
 1489 00c2 00       		.byte	0
 1490 00c3 00       		.byte	0
 1491 00c4 11       		.uleb128 0x11
 1492 00c5 0D       		.uleb128 0xd
 1493 00c6 00       		.byte	0
 1494 00c7 03       		.uleb128 0x3
 1495 00c8 0E       		.uleb128 0xe
 1496 00c9 3A       		.uleb128 0x3a
 1497 00ca 0B       		.uleb128 0xb
 1498 00cb 3B       		.uleb128 0x3b
 1499 00cc 0B       		.uleb128 0xb
 1500 00cd 49       		.uleb128 0x49
 1501 00ce 13       		.uleb128 0x13
 1502 00cf 00       		.byte	0
 1503 00d0 00       		.byte	0
 1504 00d1 12       		.uleb128 0x12
 1505 00d2 2E       		.uleb128 0x2e
 1506 00d3 01       		.byte	0x1
 1507 00d4 3F       		.uleb128 0x3f
 1508 00d5 19       		.uleb128 0x19
 1509 00d6 03       		.uleb128 0x3
 1510 00d7 0E       		.uleb128 0xe
 1511 00d8 3A       		.uleb128 0x3a
 1512 00d9 0B       		.uleb128 0xb
 1513 00da 3B       		.uleb128 0x3b
 1514 00db 0B       		.uleb128 0xb
 1515 00dc 27       		.uleb128 0x27
 1516 00dd 19       		.uleb128 0x19
 1517 00de 11       		.uleb128 0x11
 1518 00df 01       		.uleb128 0x1
 1519 00e0 12       		.uleb128 0x12
 1520 00e1 06       		.uleb128 0x6
 1521 00e2 40       		.uleb128 0x40
 1522 00e3 18       		.uleb128 0x18
 1523 00e4 9742     		.uleb128 0x2117
 1524 00e6 19       		.uleb128 0x19
 1525 00e7 01       		.uleb128 0x1
 1526 00e8 13       		.uleb128 0x13
 1527 00e9 00       		.byte	0
 1528 00ea 00       		.byte	0
 1529 00eb 13       		.uleb128 0x13
 1530 00ec 898201   		.uleb128 0x4109
ARM GAS  /tmp/cc6N4XqF.s 			page 28


 1531 00ef 00       		.byte	0
 1532 00f0 11       		.uleb128 0x11
 1533 00f1 01       		.uleb128 0x1
 1534 00f2 31       		.uleb128 0x31
 1535 00f3 13       		.uleb128 0x13
 1536 00f4 00       		.byte	0
 1537 00f5 00       		.byte	0
 1538 00f6 14       		.uleb128 0x14
 1539 00f7 34       		.uleb128 0x34
 1540 00f8 00       		.byte	0
 1541 00f9 03       		.uleb128 0x3
 1542 00fa 0E       		.uleb128 0xe
 1543 00fb 3A       		.uleb128 0x3a
 1544 00fc 0B       		.uleb128 0xb
 1545 00fd 3B       		.uleb128 0x3b
 1546 00fe 0B       		.uleb128 0xb
 1547 00ff 49       		.uleb128 0x49
 1548 0100 13       		.uleb128 0x13
 1549 0101 02       		.uleb128 0x2
 1550 0102 17       		.uleb128 0x17
 1551 0103 00       		.byte	0
 1552 0104 00       		.byte	0
 1553 0105 15       		.uleb128 0x15
 1554 0106 898201   		.uleb128 0x4109
 1555 0109 01       		.byte	0x1
 1556 010a 11       		.uleb128 0x11
 1557 010b 01       		.uleb128 0x1
 1558 010c 31       		.uleb128 0x31
 1559 010d 13       		.uleb128 0x13
 1560 010e 01       		.uleb128 0x1
 1561 010f 13       		.uleb128 0x13
 1562 0110 00       		.byte	0
 1563 0111 00       		.byte	0
 1564 0112 16       		.uleb128 0x16
 1565 0113 8A8201   		.uleb128 0x410a
 1566 0116 00       		.byte	0
 1567 0117 02       		.uleb128 0x2
 1568 0118 18       		.uleb128 0x18
 1569 0119 9142     		.uleb128 0x2111
 1570 011b 18       		.uleb128 0x18
 1571 011c 00       		.byte	0
 1572 011d 00       		.byte	0
 1573 011e 17       		.uleb128 0x17
 1574 011f 898201   		.uleb128 0x4109
 1575 0122 01       		.byte	0x1
 1576 0123 11       		.uleb128 0x11
 1577 0124 01       		.uleb128 0x1
 1578 0125 9542     		.uleb128 0x2115
 1579 0127 19       		.uleb128 0x19
 1580 0128 31       		.uleb128 0x31
 1581 0129 13       		.uleb128 0x13
 1582 012a 00       		.byte	0
 1583 012b 00       		.byte	0
 1584 012c 18       		.uleb128 0x18
 1585 012d 34       		.uleb128 0x34
 1586 012e 00       		.byte	0
 1587 012f 03       		.uleb128 0x3
ARM GAS  /tmp/cc6N4XqF.s 			page 29


 1588 0130 08       		.uleb128 0x8
 1589 0131 3A       		.uleb128 0x3a
 1590 0132 0B       		.uleb128 0xb
 1591 0133 3B       		.uleb128 0x3b
 1592 0134 0B       		.uleb128 0xb
 1593 0135 49       		.uleb128 0x49
 1594 0136 13       		.uleb128 0x13
 1595 0137 02       		.uleb128 0x2
 1596 0138 18       		.uleb128 0x18
 1597 0139 00       		.byte	0
 1598 013a 00       		.byte	0
 1599 013b 19       		.uleb128 0x19
 1600 013c 0B       		.uleb128 0xb
 1601 013d 01       		.byte	0x1
 1602 013e 55       		.uleb128 0x55
 1603 013f 17       		.uleb128 0x17
 1604 0140 00       		.byte	0
 1605 0141 00       		.byte	0
 1606 0142 1A       		.uleb128 0x1a
 1607 0143 898201   		.uleb128 0x4109
 1608 0146 00       		.byte	0
 1609 0147 11       		.uleb128 0x11
 1610 0148 01       		.uleb128 0x1
 1611 0149 9542     		.uleb128 0x2115
 1612 014b 19       		.uleb128 0x19
 1613 014c 31       		.uleb128 0x31
 1614 014d 13       		.uleb128 0x13
 1615 014e 00       		.byte	0
 1616 014f 00       		.byte	0
 1617 0150 1B       		.uleb128 0x1b
 1618 0151 05       		.uleb128 0x5
 1619 0152 00       		.byte	0
 1620 0153 03       		.uleb128 0x3
 1621 0154 08       		.uleb128 0x8
 1622 0155 3A       		.uleb128 0x3a
 1623 0156 0B       		.uleb128 0xb
 1624 0157 3B       		.uleb128 0x3b
 1625 0158 0B       		.uleb128 0xb
 1626 0159 49       		.uleb128 0x49
 1627 015a 13       		.uleb128 0x13
 1628 015b 02       		.uleb128 0x2
 1629 015c 18       		.uleb128 0x18
 1630 015d 00       		.byte	0
 1631 015e 00       		.byte	0
 1632 015f 1C       		.uleb128 0x1c
 1633 0160 2E       		.uleb128 0x2e
 1634 0161 00       		.byte	0
 1635 0162 3F       		.uleb128 0x3f
 1636 0163 19       		.uleb128 0x19
 1637 0164 03       		.uleb128 0x3
 1638 0165 0E       		.uleb128 0xe
 1639 0166 3A       		.uleb128 0x3a
 1640 0167 0B       		.uleb128 0xb
 1641 0168 3B       		.uleb128 0x3b
 1642 0169 0B       		.uleb128 0xb
 1643 016a 27       		.uleb128 0x27
 1644 016b 19       		.uleb128 0x19
ARM GAS  /tmp/cc6N4XqF.s 			page 30


 1645 016c 11       		.uleb128 0x11
 1646 016d 01       		.uleb128 0x1
 1647 016e 12       		.uleb128 0x12
 1648 016f 06       		.uleb128 0x6
 1649 0170 40       		.uleb128 0x40
 1650 0171 18       		.uleb128 0x18
 1651 0172 9742     		.uleb128 0x2117
 1652 0174 19       		.uleb128 0x19
 1653 0175 00       		.byte	0
 1654 0176 00       		.byte	0
 1655 0177 1D       		.uleb128 0x1d
 1656 0178 34       		.uleb128 0x34
 1657 0179 00       		.byte	0
 1658 017a 03       		.uleb128 0x3
 1659 017b 0E       		.uleb128 0xe
 1660 017c 3A       		.uleb128 0x3a
 1661 017d 0B       		.uleb128 0xb
 1662 017e 3B       		.uleb128 0x3b
 1663 017f 0B       		.uleb128 0xb
 1664 0180 49       		.uleb128 0x49
 1665 0181 13       		.uleb128 0x13
 1666 0182 3F       		.uleb128 0x3f
 1667 0183 19       		.uleb128 0x19
 1668 0184 3C       		.uleb128 0x3c
 1669 0185 19       		.uleb128 0x19
 1670 0186 00       		.byte	0
 1671 0187 00       		.byte	0
 1672 0188 1E       		.uleb128 0x1e
 1673 0189 2E       		.uleb128 0x2e
 1674 018a 00       		.byte	0
 1675 018b 3F       		.uleb128 0x3f
 1676 018c 19       		.uleb128 0x19
 1677 018d 03       		.uleb128 0x3
 1678 018e 0E       		.uleb128 0xe
 1679 018f 3A       		.uleb128 0x3a
 1680 0190 0B       		.uleb128 0xb
 1681 0191 3B       		.uleb128 0x3b
 1682 0192 0B       		.uleb128 0xb
 1683 0193 27       		.uleb128 0x27
 1684 0194 19       		.uleb128 0x19
 1685 0195 3C       		.uleb128 0x3c
 1686 0196 19       		.uleb128 0x19
 1687 0197 00       		.byte	0
 1688 0198 00       		.byte	0
 1689 0199 1F       		.uleb128 0x1f
 1690 019a 2E       		.uleb128 0x2e
 1691 019b 01       		.byte	0x1
 1692 019c 3F       		.uleb128 0x3f
 1693 019d 19       		.uleb128 0x19
 1694 019e 03       		.uleb128 0x3
 1695 019f 0E       		.uleb128 0xe
 1696 01a0 3A       		.uleb128 0x3a
 1697 01a1 0B       		.uleb128 0xb
 1698 01a2 3B       		.uleb128 0x3b
 1699 01a3 05       		.uleb128 0x5
 1700 01a4 27       		.uleb128 0x27
 1701 01a5 19       		.uleb128 0x19
ARM GAS  /tmp/cc6N4XqF.s 			page 31


 1702 01a6 3C       		.uleb128 0x3c
 1703 01a7 19       		.uleb128 0x19
 1704 01a8 01       		.uleb128 0x1
 1705 01a9 13       		.uleb128 0x13
 1706 01aa 00       		.byte	0
 1707 01ab 00       		.byte	0
 1708 01ac 20       		.uleb128 0x20
 1709 01ad 05       		.uleb128 0x5
 1710 01ae 00       		.byte	0
 1711 01af 49       		.uleb128 0x49
 1712 01b0 13       		.uleb128 0x13
 1713 01b1 00       		.byte	0
 1714 01b2 00       		.byte	0
 1715 01b3 00       		.byte	0
 1716              		.section	.debug_loc,"",%progbits
 1717              	.Ldebug_loc0:
 1718              	.LLST0:
 1719 0000 06000000 		.4byte	.LVL1
 1720 0004 08000000 		.4byte	.LVL2
 1721 0008 0300     		.2byte	0x3
 1722 000a 73       		.byte	0x73
 1723 000b 20       		.sleb128 32
 1724 000c 9F       		.byte	0x9f
 1725 000d 08000000 		.4byte	.LVL2
 1726 0011 10000000 		.4byte	.LVL3
 1727 0015 0100     		.2byte	0x1
 1728 0017 53       		.byte	0x53
 1729 0018 00000000 		.4byte	0
 1730 001c 00000000 		.4byte	0
 1731              	.LLST1:
 1732 0020 18000000 		.4byte	.LVL7
 1733 0024 24000000 		.4byte	.LVL8
 1734 0028 0300     		.2byte	0x3
 1735 002a 72       		.byte	0x72
 1736 002b 60       		.sleb128 -32
 1737 002c 9F       		.byte	0x9f
 1738 002d 24000000 		.4byte	.LVL8
 1739 0031 2C000000 		.4byte	.LVL9
 1740 0035 0100     		.2byte	0x1
 1741 0037 53       		.byte	0x53
 1742 0038 2C000000 		.4byte	.LVL9
 1743 003c 56000000 		.4byte	.LVL10
 1744 0040 0300     		.2byte	0x3
 1745 0042 72       		.byte	0x72
 1746 0043 60       		.sleb128 -32
 1747 0044 9F       		.byte	0x9f
 1748 0045 5E000000 		.4byte	.LVL11
 1749 0049 80000000 		.4byte	.LFE5
 1750 004d 0300     		.2byte	0x3
 1751 004f 72       		.byte	0x72
 1752 0050 60       		.sleb128 -32
 1753 0051 9F       		.byte	0x9f
 1754 0052 00000000 		.4byte	0
 1755 0056 00000000 		.4byte	0
 1756              		.section	.debug_aranges,"",%progbits
 1757 0000 5C000000 		.4byte	0x5c
 1758 0004 0200     		.2byte	0x2
ARM GAS  /tmp/cc6N4XqF.s 			page 32


 1759 0006 00000000 		.4byte	.Ldebug_info0
 1760 000a 04       		.byte	0x4
 1761 000b 00       		.byte	0
 1762 000c 0000     		.2byte	0
 1763 000e 0000     		.2byte	0
 1764 0010 00000000 		.4byte	.LFB6
 1765 0014 06000000 		.4byte	.LFE6-.LFB6
 1766 0018 00000000 		.4byte	.LFB1
 1767 001c 14000000 		.4byte	.LFE1-.LFB1
 1768 0020 00000000 		.4byte	.LFB2
 1769 0024 34000000 		.4byte	.LFE2-.LFB2
 1770 0028 00000000 		.4byte	.LFB3
 1771 002c 08000000 		.4byte	.LFE3-.LFB3
 1772 0030 00000000 		.4byte	.LFB4
 1773 0034 08000000 		.4byte	.LFE4-.LFB4
 1774 0038 00000000 		.4byte	.LFB5
 1775 003c 80000000 		.4byte	.LFE5-.LFB5
 1776 0040 00000000 		.4byte	.LFB0
 1777 0044 16000000 		.4byte	.LFE0-.LFB0
 1778 0048 00000000 		.4byte	.LFB7
 1779 004c 10000000 		.4byte	.LFE7-.LFB7
 1780 0050 00000000 		.4byte	.LFB8
 1781 0054 12000000 		.4byte	.LFE8-.LFB8
 1782 0058 00000000 		.4byte	0
 1783 005c 00000000 		.4byte	0
 1784              		.section	.debug_ranges,"",%progbits
 1785              	.Ldebug_ranges0:
 1786 0000 14000000 		.4byte	.LBB2
 1787 0004 56000000 		.4byte	.LBE2
 1788 0008 5E000000 		.4byte	.LBB3
 1789 000c 80000000 		.4byte	.LBE3
 1790 0010 00000000 		.4byte	0
 1791 0014 00000000 		.4byte	0
 1792 0018 00000000 		.4byte	.LFB6
 1793 001c 06000000 		.4byte	.LFE6
 1794 0020 00000000 		.4byte	.LFB1
 1795 0024 14000000 		.4byte	.LFE1
 1796 0028 00000000 		.4byte	.LFB2
 1797 002c 34000000 		.4byte	.LFE2
 1798 0030 00000000 		.4byte	.LFB3
 1799 0034 08000000 		.4byte	.LFE3
 1800 0038 00000000 		.4byte	.LFB4
 1801 003c 08000000 		.4byte	.LFE4
 1802 0040 00000000 		.4byte	.LFB5
 1803 0044 80000000 		.4byte	.LFE5
 1804 0048 00000000 		.4byte	.LFB0
 1805 004c 16000000 		.4byte	.LFE0
 1806 0050 00000000 		.4byte	.LFB7
 1807 0054 10000000 		.4byte	.LFE7
 1808 0058 00000000 		.4byte	.LFB8
 1809 005c 12000000 		.4byte	.LFE8
 1810 0060 00000000 		.4byte	0
 1811 0064 00000000 		.4byte	0
 1812              		.section	.debug_line,"",%progbits
 1813              	.Ldebug_line0:
 1814 0000 F5010000 		.section	.debug_str,"MS",%progbits,1
 1814      02001E01 
ARM GAS  /tmp/cc6N4XqF.s 			page 33


 1814      00000201 
 1814      FB0E0D00 
 1814      01010101 
 1815              	.LASF32:
 1816 0000 705F6D73 		.ascii	"p_msg\000"
 1816      6700
 1817              	.LASF71:
 1818 0006 7264796D 		.ascii	"rdymsg\000"
 1818      736700
 1819              	.LASF5:
 1820 000d 5F5F7569 		.ascii	"__uint8_t\000"
 1820      6E74385F 
 1820      7400
 1821              	.LASF61:
 1822 0017 434D785F 		.ascii	"CMx_SCB\000"
 1822      53434200 
 1823              	.LASF86:
 1824 001f 474E5520 		.ascii	"GNU C 4.8.2 -mcpu=cortex-m3 -mno-thumb-interwork -m"
 1824      4320342E 
 1824      382E3220 
 1824      2D6D6370 
 1824      753D636F 
 1825 0052 7468756D 		.ascii	"thumb -ggdb -O2 -fomit-frame-pointer -falign-functi"
 1825      62202D67 
 1825      67646220 
 1825      2D4F3220 
 1825      2D666F6D 
 1826 0085 6F6E733D 		.ascii	"ons=16 -ffunction-sections -fdata-sections -fno-com"
 1826      3136202D 
 1826      6666756E 
 1826      6374696F 
 1826      6E2D7365 
 1827 00b8 6D6F6E20 		.ascii	"mon -fno-strict-aliasing\000"
 1827      2D666E6F 
 1827      2D737472 
 1827      6963742D 
 1827      616C6961 
 1828              	.LASF85:
 1829 00d1 63685379 		.ascii	"chSysTimerHandlerI\000"
 1829      7354696D 
 1829      65724861 
 1829      6E646C65 
 1829      724900
 1830              	.LASF82:
 1831 00e4 53797354 		.ascii	"SysTickVector\000"
 1831      69636B56 
 1831      6563746F 
 1831      7200
 1832              	.LASF11:
 1833 00f2 6C6F6E67 		.ascii	"long long unsigned int\000"
 1833      206C6F6E 
 1833      6720756E 
 1833      7369676E 
 1833      65642069 
 1834              	.LASF72:
 1835 0109 65786974 		.ascii	"exitcode\000"
 1835      636F6465 
ARM GAS  /tmp/cc6N4XqF.s 			page 34


 1835      00
 1836              	.LASF46:
 1837 0112 43505549 		.ascii	"CPUID\000"
 1837      4400
 1838              	.LASF25:
 1839 0118 705F7072 		.ascii	"p_prio\000"
 1839      696F00
 1840              	.LASF10:
 1841 011f 6C6F6E67 		.ascii	"long long int\000"
 1841      206C6F6E 
 1841      6720696E 
 1841      7400
 1842              	.LASF1:
 1843 012d 7369676E 		.ascii	"signed char\000"
 1843      65642063 
 1843      68617200 
 1844              	.LASF68:
 1845 0139 6D5F7175 		.ascii	"m_queue\000"
 1845      65756500 
 1846              	.LASF87:
 1847 0141 2E2E2F6F 		.ascii	"../os/ports/GCC/ARMCMx/chcore_v7m.c\000"
 1847      732F706F 
 1847      7274732F 
 1847      4743432F 
 1847      41524D43 
 1848              	.LASF18:
 1849 0165 74736C69 		.ascii	"tslices_t\000"
 1849      6365735F 
 1849      7400
 1850              	.LASF7:
 1851 016f 6C6F6E67 		.ascii	"long int\000"
 1851      20696E74 
 1851      00
 1852              	.LASF76:
 1853 0178 53564361 		.ascii	"SVCallVector\000"
 1853      6C6C5665 
 1853      63746F72 
 1853      00
 1854              	.LASF17:
 1855 0185 74737461 		.ascii	"tstate_t\000"
 1855      74655F74 
 1855      00
 1856              	.LASF89:
 1857 018e 5F706F72 		.ascii	"_port_thread_start\000"
 1857      745F7468 
 1857      72656164 
 1857      5F737461 
 1857      727400
 1858              	.LASF56:
 1859 01a1 42464152 		.ascii	"BFAR\000"
 1859      00
 1860              	.LASF8:
 1861 01a6 5F5F7569 		.ascii	"__uint32_t\000"
 1861      6E743332 
 1861      5F7400
 1862              	.LASF91:
 1863 01b1 6E766963 		.ascii	"nvicSetSystemHandlerPriority\000"
ARM GAS  /tmp/cc6N4XqF.s 			page 35


 1863      53657453 
 1863      79737465 
 1863      6D48616E 
 1863      646C6572 
 1864              	.LASF38:
 1865 01ce 72656761 		.ascii	"regarm_t\000"
 1865      726D5F74 
 1865      00
 1866              	.LASF84:
 1867 01d7 63685363 		.ascii	"chSchDoReschedule\000"
 1867      68446F52 
 1867      65736368 
 1867      6564756C 
 1867      6500
 1868              	.LASF0:
 1869 01e9 756E7369 		.ascii	"unsigned int\000"
 1869      676E6564 
 1869      20696E74 
 1869      00
 1870              	.LASF40:
 1871 01f6 6C725F74 		.ascii	"lr_thd\000"
 1871      686400
 1872              	.LASF39:
 1873 01fd 65787463 		.ascii	"extctx\000"
 1873      747800
 1874              	.LASF83:
 1875 0204 5F706F72 		.ascii	"_port_switch\000"
 1875      745F7377 
 1875      69746368 
 1875      00
 1876              	.LASF9:
 1877 0211 6C6F6E67 		.ascii	"long unsigned int\000"
 1877      20756E73 
 1877      69676E65 
 1877      6420696E 
 1877      7400
 1878              	.LASF48:
 1879 0223 56544F52 		.ascii	"VTOR\000"
 1879      00
 1880              	.LASF75:
 1881 0228 5F706F72 		.ascii	"_port_switch_from_isr\000"
 1881      745F7377 
 1881      69746368 
 1881      5F66726F 
 1881      6D5F6973 
 1882              	.LASF4:
 1883 023e 73686F72 		.ascii	"short unsigned int\000"
 1883      7420756E 
 1883      7369676E 
 1883      65642069 
 1883      6E7400
 1884              	.LASF47:
 1885 0251 49435352 		.ascii	"ICSR\000"
 1885      00
 1886              	.LASF20:
 1887 0256 6D73675F 		.ascii	"msg_t\000"
 1887      7400
ARM GAS  /tmp/cc6N4XqF.s 			page 36


 1888              	.LASF49:
 1889 025c 41495243 		.ascii	"AIRCR\000"
 1889      5200
 1890              	.LASF54:
 1891 0262 44465352 		.ascii	"DFSR\000"
 1891      00
 1892              	.LASF55:
 1893 0267 4D4D4641 		.ascii	"MMFAR\000"
 1893      5200
 1894              	.LASF81:
 1895 026d 5F706F72 		.ascii	"_port_irq_epilogue\000"
 1895      745F6972 
 1895      715F6570 
 1895      696C6F67 
 1895      756500
 1896              	.LASF16:
 1897 0280 746D6F64 		.ascii	"tmode_t\000"
 1897      655F7400 
 1898              	.LASF37:
 1899 0288 54687265 		.ascii	"ThreadsList\000"
 1899      6164734C 
 1899      69737400 
 1900              	.LASF21:
 1901 0294 6576656E 		.ascii	"eventmask_t\000"
 1901      746D6173 
 1901      6B5F7400 
 1902              	.LASF67:
 1903 02a0 4D757465 		.ascii	"Mutex\000"
 1903      7800
 1904              	.LASF45:
 1905 02a6 73697A65 		.ascii	"sizetype\000"
 1905      74797065 
 1905      00
 1906              	.LASF52:
 1907 02af 43465352 		.ascii	"CFSR\000"
 1907      00
 1908              	.LASF64:
 1909 02b4 725F6374 		.ascii	"r_ctx\000"
 1909      7800
 1910              	.LASF36:
 1911 02ba 54687265 		.ascii	"ThreadsQueue\000"
 1911      61647351 
 1911      75657565 
 1911      00
 1912              	.LASF65:
 1913 02c7 725F6375 		.ascii	"r_current\000"
 1913      7272656E 
 1913      7400
 1914              	.LASF78:
 1915 02d1 5F706F72 		.ascii	"_port_lock\000"
 1915      745F6C6F 
 1915      636B00
 1916              	.LASF79:
 1917 02dc 63747870 		.ascii	"ctxp\000"
 1917      00
 1918              	.LASF24:
 1919 02e1 705F7072 		.ascii	"p_prev\000"
ARM GAS  /tmp/cc6N4XqF.s 			page 37


 1919      657600
 1920              	.LASF19:
 1921 02e8 74707269 		.ascii	"tprio_t\000"
 1921      6F5F7400 
 1922              	.LASF15:
 1923 02f0 5F426F6F 		.ascii	"_Bool\000"
 1923      6C00
 1924              	.LASF13:
 1925 02f6 696E7433 		.ascii	"int32_t\000"
 1925      325F7400 
 1926              	.LASF2:
 1927 02fe 756E7369 		.ascii	"unsigned char\000"
 1927      676E6564 
 1927      20636861 
 1927      7200
 1928              	.LASF51:
 1929 030c 53484353 		.ascii	"SHCSR\000"
 1929      5200
 1930              	.LASF34:
 1931 0312 705F6D74 		.ascii	"p_mtxlist\000"
 1931      786C6973 
 1931      7400
 1932              	.LASF3:
 1933 031c 73686F72 		.ascii	"short int\000"
 1933      7420696E 
 1933      7400
 1934              	.LASF27:
 1935 0326 705F7374 		.ascii	"p_state\000"
 1935      61746500 
 1936              	.LASF29:
 1937 032e 705F7072 		.ascii	"p_preempt\000"
 1937      65656D70 
 1937      7400
 1938              	.LASF41:
 1939 0338 78707372 		.ascii	"xpsr\000"
 1939      00
 1940              	.LASF63:
 1941 033d 725F7072 		.ascii	"r_prio\000"
 1941      696F00
 1942              	.LASF74:
 1943 0344 65776D61 		.ascii	"ewmask\000"
 1943      736B00
 1944              	.LASF23:
 1945 034b 705F6E65 		.ascii	"p_next\000"
 1945      787400
 1946              	.LASF28:
 1947 0352 705F666C 		.ascii	"p_flags\000"
 1947      61677300 
 1948              	.LASF22:
 1949 035a 54687265 		.ascii	"Thread\000"
 1949      616400
 1950              	.LASF33:
 1951 0361 705F6570 		.ascii	"p_epending\000"
 1951      656E6469 
 1951      6E6700
 1952              	.LASF14:
 1953 036c 75696E74 		.ascii	"uint32_t\000"
ARM GAS  /tmp/cc6N4XqF.s 			page 38


 1953      33325F74 
 1953      00
 1954              	.LASF62:
 1955 0375 725F7175 		.ascii	"r_queue\000"
 1955      65756500 
 1956              	.LASF57:
 1957 037d 41465352 		.ascii	"AFSR\000"
 1957      00
 1958              	.LASF59:
 1959 0382 756E7573 		.ascii	"unused1\000"
 1959      65643100 
 1960              	.LASF88:
 1961 038a 2F686F6D 		.ascii	"/home/dltech/gdrive/Projects/RFM_to_Modbus_TCP/Chib"
 1961      652F646C 
 1961      74656368 
 1961      2F676472 
 1961      6976652F 
 1962 03bd 694F532F 		.ascii	"iOS/F103_ChibiOS_ENC60J28/main\000"
 1962      46313033 
 1962      5F436869 
 1962      62694F53 
 1962      5F454E43 
 1963              	.LASF44:
 1964 03dc 494F5245 		.ascii	"IOREG32\000"
 1964      47333200 
 1965              	.LASF70:
 1966 03e4 6D5F6E65 		.ascii	"m_next\000"
 1966      787400
 1967              	.LASF35:
 1968 03eb 705F7265 		.ascii	"p_realprio\000"
 1968      616C7072 
 1968      696F00
 1969              	.LASF6:
 1970 03f6 5F5F696E 		.ascii	"__int32_t\000"
 1970      7433325F 
 1970      7400
 1971              	.LASF80:
 1972 0400 5F706F72 		.ascii	"_port_unlock\000"
 1972      745F756E 
 1972      6C6F636B 
 1972      00
 1973              	.LASF43:
 1974 040d 636F6E74 		.ascii	"context\000"
 1974      65787400 
 1975              	.LASF50:
 1976 0415 53485052 		.ascii	"SHPR\000"
 1976      00
 1977              	.LASF42:
 1978 041a 696E7463 		.ascii	"intctx\000"
 1978      747800
 1979              	.LASF31:
 1980 0421 705F6D73 		.ascii	"p_msgqueue\000"
 1980      67717565 
 1980      756500
 1981              	.LASF66:
 1982 042c 52656164 		.ascii	"ReadyList\000"
 1982      794C6973 
ARM GAS  /tmp/cc6N4XqF.s 			page 39


 1982      7400
 1983              	.LASF58:
 1984 0436 4D4D4652 		.ascii	"MMFR\000"
 1984      00
 1985              	.LASF90:
 1986 043b 726C6973 		.ascii	"rlist\000"
 1986      7400
 1987              	.LASF12:
 1988 0441 75696E74 		.ascii	"uint8_t\000"
 1988      385F7400 
 1989              	.LASF73:
 1990 0449 77746F62 		.ascii	"wtobjp\000"
 1990      6A7000
 1991              	.LASF77:
 1992 0450 5F706F72 		.ascii	"_port_init\000"
 1992      745F696E 
 1992      697400
 1993              	.LASF60:
 1994 045b 43504143 		.ascii	"CPACR\000"
 1994      5200
 1995              	.LASF53:
 1996 0461 48465352 		.ascii	"HFSR\000"
 1996      00
 1997              	.LASF69:
 1998 0466 6D5F6F77 		.ascii	"m_owner\000"
 1998      6E657200 
 1999              	.LASF26:
 2000 046e 705F6374 		.ascii	"p_ctx\000"
 2000      7800
 2001              	.LASF30:
 2002 0474 705F7761 		.ascii	"p_waiting\000"
 2002      6974696E 
 2002      6700
 2003              		.ident	"GCC: (4.8.2-14ubuntu1+6) 4.8.2"
ARM GAS  /tmp/cc6N4XqF.s 			page 40


DEFINED SYMBOLS
                            *ABS*:0000000000000000 chcore_v7m.c
     /tmp/cc6N4XqF.s:19     .text._port_switch_from_isr:0000000000000000 $t
     /tmp/cc6N4XqF.s:25     .text._port_switch_from_isr:0000000000000000 _port_switch_from_isr
     /tmp/cc6N4XqF.s:38     .text._port_switch_from_isr:0000000000000004 _port_exit_from_isr
     /tmp/cc6N4XqF.s:50     .text.SVCallVector:0000000000000000 $t
     /tmp/cc6N4XqF.s:56     .text.SVCallVector:0000000000000000 SVCallVector
     /tmp/cc6N4XqF.s:170    .text._port_unlock:0000000000000000 _port_unlock
     /tmp/cc6N4XqF.s:89     .text._port_init:0000000000000000 $t
     /tmp/cc6N4XqF.s:95     .text._port_init:0000000000000000 _port_init
     /tmp/cc6N4XqF.s:139    .text._port_lock:0000000000000000 $t
     /tmp/cc6N4XqF.s:145    .text._port_lock:0000000000000000 _port_lock
     /tmp/cc6N4XqF.s:164    .text._port_unlock:0000000000000000 $t
     /tmp/cc6N4XqF.s:189    .text._port_irq_epilogue:0000000000000000 $t
     /tmp/cc6N4XqF.s:195    .text._port_irq_epilogue:0000000000000000 _port_irq_epilogue
     /tmp/cc6N4XqF.s:288    .text.SysTickVector:0000000000000000 $t
     /tmp/cc6N4XqF.s:294    .text.SysTickVector:0000000000000000 SysTickVector
     /tmp/cc6N4XqF.s:326    .text._port_switch:0000000000000000 $t
     /tmp/cc6N4XqF.s:332    .text._port_switch:0000000000000000 _port_switch
     /tmp/cc6N4XqF.s:359    .text._port_thread_start:0000000000000000 $t
     /tmp/cc6N4XqF.s:365    .text._port_thread_start:0000000000000000 _port_thread_start
                     .debug_frame:0000000000000010 $d

UNDEFINED SYMBOLS
chSchDoReschedule
nvicSetSystemHandlerPriority
rlist
chSysTimerHandlerI
chThdExit
