ARM GAS  /tmp/ccjfLxTQ.s 			page 1


   1              		.syntax unified
   2              		.cpu cortex-m3
   3              		.fpu softvfp
   4              		.eabi_attribute 20, 1
   5              		.eabi_attribute 21, 1
   6              		.eabi_attribute 23, 3
   7              		.eabi_attribute 24, 1
   8              		.eabi_attribute 25, 1
   9              		.eabi_attribute 26, 1
  10              		.eabi_attribute 30, 2
  11              		.eabi_attribute 34, 1
  12              		.eabi_attribute 18, 4
  13              		.thumb
  14              		.file	"chheap.c"
  15              		.text
  16              	.Ltext0:
  17              		.cfi_sections	.debug_frame
  18              	.Letext0:
  19              		.section	.debug_info,"",%progbits
  20              	.Ldebug_info0:
  21 0000 6E000000 		.4byte	0x6e
  22 0004 0400     		.2byte	0x4
  23 0006 00000000 		.4byte	.Ldebug_abbrev0
  24 000a 04       		.byte	0x4
  25 000b 01       		.uleb128 0x1
  26 000c 65000000 		.4byte	.LASF11
  27 0010 01       		.byte	0x1
  28 0011 80010000 		.4byte	.LASF12
  29 0015 17010000 		.4byte	.LASF13
  30 0019 00000000 		.4byte	.Ldebug_line0
  31 001d 02       		.uleb128 0x2
  32 001e 04       		.byte	0x4
  33 001f 05       		.byte	0x5
  34 0020 696E7400 		.ascii	"int\000"
  35 0024 03       		.uleb128 0x3
  36 0025 04       		.byte	0x4
  37 0026 07       		.byte	0x7
  38 0027 00000000 		.4byte	.LASF0
  39 002b 03       		.uleb128 0x3
  40 002c 01       		.byte	0x1
  41 002d 06       		.byte	0x6
  42 002e 36000000 		.4byte	.LASF1
  43 0032 03       		.uleb128 0x3
  44 0033 01       		.byte	0x1
  45 0034 08       		.byte	0x8
  46 0035 28000000 		.4byte	.LASF2
  47 0039 03       		.uleb128 0x3
  48 003a 02       		.byte	0x2
  49 003b 05       		.byte	0x5
  50 003c 5B000000 		.4byte	.LASF3
  51 0040 03       		.uleb128 0x3
  52 0041 02       		.byte	0x2
  53 0042 07       		.byte	0x7
  54 0043 42000000 		.4byte	.LASF4
  55 0047 03       		.uleb128 0x3
  56 0048 04       		.byte	0x4
  57 0049 05       		.byte	0x5
ARM GAS  /tmp/ccjfLxTQ.s 			page 2


  58 004a 1F000000 		.4byte	.LASF5
  59 004e 03       		.uleb128 0x3
  60 004f 04       		.byte	0x4
  61 0050 07       		.byte	0x7
  62 0051 0D000000 		.4byte	.LASF6
  63 0055 03       		.uleb128 0x3
  64 0056 08       		.byte	0x8
  65 0057 05       		.byte	0x5
  66 0058 A3010000 		.4byte	.LASF7
  67 005c 03       		.uleb128 0x3
  68 005d 08       		.byte	0x8
  69 005e 07       		.byte	0x7
  70 005f 69010000 		.4byte	.LASF8
  71 0063 03       		.uleb128 0x3
  72 0064 01       		.byte	0x1
  73 0065 02       		.byte	0x2
  74 0066 55000000 		.4byte	.LASF9
  75 006a 03       		.uleb128 0x3
  76 006b 04       		.byte	0x4
  77 006c 07       		.byte	0x7
  78 006d 9A010000 		.4byte	.LASF10
  79 0071 00       		.byte	0
  80              		.section	.debug_abbrev,"",%progbits
  81              	.Ldebug_abbrev0:
  82 0000 01       		.uleb128 0x1
  83 0001 11       		.uleb128 0x11
  84 0002 01       		.byte	0x1
  85 0003 25       		.uleb128 0x25
  86 0004 0E       		.uleb128 0xe
  87 0005 13       		.uleb128 0x13
  88 0006 0B       		.uleb128 0xb
  89 0007 03       		.uleb128 0x3
  90 0008 0E       		.uleb128 0xe
  91 0009 1B       		.uleb128 0x1b
  92 000a 0E       		.uleb128 0xe
  93 000b 10       		.uleb128 0x10
  94 000c 17       		.uleb128 0x17
  95 000d 00       		.byte	0
  96 000e 00       		.byte	0
  97 000f 02       		.uleb128 0x2
  98 0010 24       		.uleb128 0x24
  99 0011 00       		.byte	0
 100 0012 0B       		.uleb128 0xb
 101 0013 0B       		.uleb128 0xb
 102 0014 3E       		.uleb128 0x3e
 103 0015 0B       		.uleb128 0xb
 104 0016 03       		.uleb128 0x3
 105 0017 08       		.uleb128 0x8
 106 0018 00       		.byte	0
 107 0019 00       		.byte	0
 108 001a 03       		.uleb128 0x3
 109 001b 24       		.uleb128 0x24
 110 001c 00       		.byte	0
 111 001d 0B       		.uleb128 0xb
 112 001e 0B       		.uleb128 0xb
 113 001f 3E       		.uleb128 0x3e
 114 0020 0B       		.uleb128 0xb
ARM GAS  /tmp/ccjfLxTQ.s 			page 3


 115 0021 03       		.uleb128 0x3
 116 0022 0E       		.uleb128 0xe
 117 0023 00       		.byte	0
 118 0024 00       		.byte	0
 119 0025 00       		.byte	0
 120              		.section	.debug_aranges,"",%progbits
 121 0000 14000000 		.4byte	0x14
 122 0004 0200     		.2byte	0x2
 123 0006 00000000 		.4byte	.Ldebug_info0
 124 000a 04       		.byte	0x4
 125 000b 00       		.byte	0
 126 000c 0000     		.2byte	0
 127 000e 0000     		.2byte	0
 128 0010 00000000 		.4byte	0
 129 0014 00000000 		.4byte	0
 130              		.section	.debug_line,"",%progbits
 131              	.Ldebug_line0:
 132 0000 19000000 		.section	.debug_str,"MS",%progbits,1
 132      02001300 
 132      00000201 
 132      FB0E0D00 
 132      01010101 
 133              	.LASF0:
 134 0000 756E7369 		.ascii	"unsigned int\000"
 134      676E6564 
 134      20696E74 
 134      00
 135              	.LASF6:
 136 000d 6C6F6E67 		.ascii	"long unsigned int\000"
 136      20756E73 
 136      69676E65 
 136      6420696E 
 136      7400
 137              	.LASF5:
 138 001f 6C6F6E67 		.ascii	"long int\000"
 138      20696E74 
 138      00
 139              	.LASF2:
 140 0028 756E7369 		.ascii	"unsigned char\000"
 140      676E6564 
 140      20636861 
 140      7200
 141              	.LASF1:
 142 0036 7369676E 		.ascii	"signed char\000"
 142      65642063 
 142      68617200 
 143              	.LASF4:
 144 0042 73686F72 		.ascii	"short unsigned int\000"
 144      7420756E 
 144      7369676E 
 144      65642069 
 144      6E7400
 145              	.LASF9:
 146 0055 5F426F6F 		.ascii	"_Bool\000"
 146      6C00
 147              	.LASF3:
 148 005b 73686F72 		.ascii	"short int\000"
ARM GAS  /tmp/ccjfLxTQ.s 			page 4


 148      7420696E 
 148      7400
 149              	.LASF11:
 150 0065 474E5520 		.ascii	"GNU C 4.8.2 -mcpu=cortex-m3 -mno-thumb-interwork -m"
 150      4320342E 
 150      382E3220 
 150      2D6D6370 
 150      753D636F 
 151 0098 7468756D 		.ascii	"thumb -ggdb -O2 -fomit-frame-pointer -falign-functi"
 151      62202D67 
 151      67646220 
 151      2D4F3220 
 151      2D666F6D 
 152 00cb 6F6E733D 		.ascii	"ons=16 -ffunction-sections -fdata-sections -fno-com"
 152      3136202D 
 152      6666756E 
 152      6374696F 
 152      6E2D7365 
 153 00fe 6D6F6E20 		.ascii	"mon -fno-strict-aliasing\000"
 153      2D666E6F 
 153      2D737472 
 153      6963742D 
 153      616C6961 
 154              	.LASF13:
 155 0117 2F686F6D 		.ascii	"/home/dltech/gdrive/Projects/RFM_to_Modbus_TCP/Chib"
 155      652F646C 
 155      74656368 
 155      2F676472 
 155      6976652F 
 156 014a 694F532F 		.ascii	"iOS/F103_ChibiOS_ENC60J28/main\000"
 156      46313033 
 156      5F436869 
 156      62694F53 
 156      5F454E43 
 157              	.LASF8:
 158 0169 6C6F6E67 		.ascii	"long long unsigned int\000"
 158      206C6F6E 
 158      6720756E 
 158      7369676E 
 158      65642069 
 159              	.LASF12:
 160 0180 2E2E2F6F 		.ascii	"../os/kernel/src/chheap.c\000"
 160      732F6B65 
 160      726E656C 
 160      2F737263 
 160      2F636868 
 161              	.LASF10:
 162 019a 73697A65 		.ascii	"sizetype\000"
 162      74797065 
 162      00
 163              	.LASF7:
 164 01a3 6C6F6E67 		.ascii	"long long int\000"
 164      206C6F6E 
 164      6720696E 
 164      7400
 165              		.ident	"GCC: (4.8.2-14ubuntu1+6) 4.8.2"
ARM GAS  /tmp/ccjfLxTQ.s 			page 5


DEFINED SYMBOLS
                            *ABS*:0000000000000000 chheap.c

NO UNDEFINED SYMBOLS
