ARM GAS  /tmp/ccPnso1E.s 			page 1


   1              		.syntax unified
   2              		.cpu cortex-m3
   3              		.fpu softvfp
   4              		.eabi_attribute 20, 1
   5              		.eabi_attribute 21, 1
   6              		.eabi_attribute 23, 3
   7              		.eabi_attribute 24, 1
   8              		.eabi_attribute 25, 1
   9              		.eabi_attribute 26, 1
  10              		.eabi_attribute 30, 2
  11              		.eabi_attribute 34, 1
  12              		.eabi_attribute 18, 4
  13              		.thumb
  14              		.file	"chmsg.c"
  15              		.text
  16              	.Ltext0:
  17              		.cfi_sections	.debug_frame
  18              		.section	.text.chMsgSend,"ax",%progbits
  19              		.align	2
  20              		.p2align 4,,15
  21              		.global	chMsgSend
  22              		.thumb
  23              		.thumb_func
  24              		.type	chMsgSend, %function
  25              	chMsgSend:
  26              	.LFB0:
  27              		.file 1 "../os/kernel/src/chmsg.c"
  28              		.loc 1 75 0
  29              		.cfi_startproc
  30              		@ args = 0, pretend = 0, frame = 0
  31              		@ frame_needed = 0, uses_anonymous_args = 0
  32              	.LVL0:
  33 0000 38B5     		push	{r3, r4, r5, lr}
  34              		.cfi_def_cfa_offset 16
  35              		.cfi_offset 3, -16
  36              		.cfi_offset 4, -12
  37              		.cfi_offset 5, -8
  38              		.cfi_offset 14, -4
  39              		.loc 1 76 0
  40 0002 40F20003 		movw	r3, #:lower16:rlist
  41 0006 C0F20003 		movt	r3, #:upper16:rlist
  42              		.loc 1 75 0
  43 000a 0546     		mov	r5, r0
  44              		.loc 1 76 0
  45 000c 1C69     		ldr	r4, [r3, #16]
  46              	.LVL1:
  47              		.loc 1 80 0
  48              	@ 80 "../os/kernel/src/chmsg.c" 1
  49 000e FFF7FEFF 		bl      _port_lock
  50              	@ 0 "" 2
  51              		.loc 1 82 0
  52              		.thumb
  53 0012 00F11C03 		add	r3, r0, #28
  54              		.loc 1 81 0
  55 0016 6162     		str	r1, [r4, #36]
  56              		.loc 1 82 0
  57 0018 6361     		str	r3, [r4, #20]
ARM GAS  /tmp/ccPnso1E.s 			page 2


  58              		.loc 1 83 0
  59 001a 1946     		mov	r1, r3
  60              	.LVL2:
  61 001c 2046     		mov	r0, r4
  62              	.LVL3:
  63 001e FFF7FEFF 		bl	queue_insert
  64              	.LVL4:
  65              		.loc 1 84 0
  66 0022 2B7C     		ldrb	r3, [r5, #16]	@ zero_extendqisi2
  67 0024 0C2B     		cmp	r3, #12
  68 0026 06D0     		beq	.L4
  69              	.L2:
  70              		.loc 1 86 0
  71 0028 0A20     		movs	r0, #10
  72 002a FFF7FEFF 		bl	chSchGoSleepS
  73              	.LVL5:
  74              		.loc 1 87 0
  75 002e 6069     		ldr	r0, [r4, #20]
  76              	.LVL6:
  77              		.loc 1 88 0
  78              	@ 88 "../os/kernel/src/chmsg.c" 1
  79 0030 FFF7FEFF 		bl      _port_unlock
  80              	@ 0 "" 2
  81              		.loc 1 90 0
  82              		.thumb
  83 0034 38BD     		pop	{r3, r4, r5, pc}
  84              	.LVL7:
  85              	.L4:
  86              		.loc 1 85 0
  87 0036 2846     		mov	r0, r5
  88 0038 FFF7FEFF 		bl	chSchReadyI
  89              	.LVL8:
  90 003c F4E7     		b	.L2
  91              		.cfi_endproc
  92              	.LFE0:
  93              		.size	chMsgSend, .-chMsgSend
  94 003e 00BF     		.section	.text.chMsgWait,"ax",%progbits
  95              		.align	2
  96              		.p2align 4,,15
  97              		.global	chMsgWait
  98              		.thumb
  99              		.thumb_func
 100              		.type	chMsgWait, %function
 101              	chMsgWait:
 102              	.LFB1:
 103              		.loc 1 106 0
 104              		.cfi_startproc
 105              		@ args = 0, pretend = 0, frame = 0
 106              		@ frame_needed = 0, uses_anonymous_args = 0
 107 0000 10B5     		push	{r4, lr}
 108              		.cfi_def_cfa_offset 8
 109              		.cfi_offset 4, -8
 110              		.cfi_offset 14, -4
 111              		.loc 1 109 0
 112              	@ 109 "../os/kernel/src/chmsg.c" 1
 113 0002 FFF7FEFF 		bl      _port_lock
 114              	@ 0 "" 2
ARM GAS  /tmp/ccPnso1E.s 			page 3


 115              		.loc 1 110 0
 116              		.thumb
 117 0006 40F20004 		movw	r4, #:lower16:rlist
 118 000a C0F20004 		movt	r4, #:upper16:rlist
 119 000e 2069     		ldr	r0, [r4, #16]
 120 0010 C369     		ldr	r3, [r0, #28]
 121 0012 1C30     		adds	r0, r0, #28
 122 0014 8342     		cmp	r3, r0
 123 0016 06D0     		beq	.L7
 124              	.L6:
 125              		.loc 1 112 0
 126 0018 FFF7FEFF 		bl	fifo_remove
 127              	.LVL9:
 128              		.loc 1 113 0
 129 001c 0B23     		movs	r3, #11
 130 001e 0374     		strb	r3, [r0, #16]
 131              		.loc 1 114 0
 132              	@ 114 "../os/kernel/src/chmsg.c" 1
 133 0020 FFF7FEFF 		bl      _port_unlock
 134              	@ 0 "" 2
 135              		.loc 1 116 0
 136              		.thumb
 137 0024 10BD     		pop	{r4, pc}
 138              	.LVL10:
 139              	.L7:
 140              		.loc 1 111 0
 141 0026 0C20     		movs	r0, #12
 142 0028 FFF7FEFF 		bl	chSchGoSleepS
 143              	.LVL11:
 144 002c 2069     		ldr	r0, [r4, #16]
 145 002e 1C30     		adds	r0, r0, #28
 146 0030 F2E7     		b	.L6
 147              		.cfi_endproc
 148              	.LFE1:
 149              		.size	chMsgWait, .-chMsgWait
 150 0032 00BFAFF3 		.section	.text.chMsgRelease,"ax",%progbits
 150      0080AFF3 
 150      0080AFF3 
 150      0080
 151              		.align	2
 152              		.p2align 4,,15
 153              		.global	chMsgRelease
 154              		.thumb
 155              		.thumb_func
 156              		.type	chMsgRelease, %function
 157              	chMsgRelease:
 158              	.LFB2:
 159              		.loc 1 128 0
 160              		.cfi_startproc
 161              		@ args = 0, pretend = 0, frame = 0
 162              		@ frame_needed = 0, uses_anonymous_args = 0
 163              	.LVL12:
 164 0000 08B5     		push	{r3, lr}
 165              		.cfi_def_cfa_offset 8
 166              		.cfi_offset 3, -8
 167              		.cfi_offset 14, -4
 168              		.loc 1 130 0
ARM GAS  /tmp/ccPnso1E.s 			page 4


 169              	@ 130 "../os/kernel/src/chmsg.c" 1
 170 0002 FFF7FEFF 		bl      _port_lock
 171              	@ 0 "" 2
 172              		.loc 1 133 0
 173              		.thumb
 174 0006 FFF7FEFF 		bl	chSchWakeupS
 175              	.LVL13:
 176              		.loc 1 134 0
 177              	@ 134 "../os/kernel/src/chmsg.c" 1
 178 000a FFF7FEFF 		bl      _port_unlock
 179              	@ 0 "" 2
 180              		.thumb
 181 000e 08BD     		pop	{r3, pc}
 182              		.cfi_endproc
 183              	.LFE2:
 184              		.size	chMsgRelease, .-chMsgRelease
 185              		.text
 186              	.Letext0:
 187              		.file 2 "/usr/include/newlib/machine/_default_types.h"
 188              		.file 3 "/usr/include/newlib/stdint.h"
 189              		.file 4 "../os/ports/GCC/ARMCMx/chtypes.h"
 190              		.file 5 "../os/kernel/include/chlists.h"
 191              		.file 6 "../os/kernel/include/chthreads.h"
 192              		.file 7 "../os/ports/GCC/ARMCMx/chcore_v7m.h"
 193              		.file 8 "../os/kernel/include/chschd.h"
 194              		.file 9 "../os/kernel/include/chmtx.h"
 195              		.section	.debug_info,"",%progbits
 196              	.Ldebug_info0:
 197 0000 F7040000 		.4byte	0x4f7
 198 0004 0400     		.2byte	0x4
 199 0006 00000000 		.4byte	.Ldebug_abbrev0
 200 000a 04       		.byte	0x4
 201 000b 01       		.uleb128 0x1
 202 000c 3D000000 		.4byte	.LASF61
 203 0010 01       		.byte	0x1
 204 0011 06000000 		.4byte	.LASF62
 205 0015 B4020000 		.4byte	.LASF63
 206 0019 00000000 		.4byte	.Ldebug_ranges0+0
 207 001d 00000000 		.4byte	0
 208 0021 00000000 		.4byte	.Ldebug_line0
 209 0025 02       		.uleb128 0x2
 210 0026 04       		.byte	0x4
 211 0027 05       		.byte	0x5
 212 0028 696E7400 		.ascii	"int\000"
 213 002c 03       		.uleb128 0x3
 214 002d 04       		.byte	0x4
 215 002e 07       		.byte	0x7
 216 002f 72010000 		.4byte	.LASF0
 217 0033 03       		.uleb128 0x3
 218 0034 01       		.byte	0x1
 219 0035 06       		.byte	0x6
 220 0036 24010000 		.4byte	.LASF1
 221 003a 04       		.uleb128 0x4
 222 003b 33000000 		.4byte	.LASF5
 223 003f 02       		.byte	0x2
 224 0040 1C       		.byte	0x1c
 225 0041 45000000 		.4byte	0x45
ARM GAS  /tmp/ccPnso1E.s 			page 5


 226 0045 03       		.uleb128 0x3
 227 0046 01       		.byte	0x1
 228 0047 08       		.byte	0x8
 229 0048 19020000 		.4byte	.LASF2
 230 004c 03       		.uleb128 0x3
 231 004d 02       		.byte	0x2
 232 004e 05       		.byte	0x5
 233 004f 31020000 		.4byte	.LASF3
 234 0053 03       		.uleb128 0x3
 235 0054 02       		.byte	0x2
 236 0055 07       		.byte	0x7
 237 0056 91010000 		.4byte	.LASF4
 238 005a 04       		.uleb128 0x4
 239 005b 18030000 		.4byte	.LASF6
 240 005f 02       		.byte	0x2
 241 0060 37       		.byte	0x37
 242 0061 65000000 		.4byte	0x65
 243 0065 03       		.uleb128 0x3
 244 0066 04       		.byte	0x4
 245 0067 05       		.byte	0x5
 246 0068 42010000 		.4byte	.LASF7
 247 006c 04       		.uleb128 0x4
 248 006d 5E010000 		.4byte	.LASF8
 249 0071 02       		.byte	0x2
 250 0072 38       		.byte	0x38
 251 0073 77000000 		.4byte	0x77
 252 0077 03       		.uleb128 0x3
 253 0078 04       		.byte	0x4
 254 0079 07       		.byte	0x7
 255 007a 7F010000 		.4byte	.LASF9
 256 007e 03       		.uleb128 0x3
 257 007f 08       		.byte	0x8
 258 0080 05       		.byte	0x5
 259 0081 16010000 		.4byte	.LASF10
 260 0085 03       		.uleb128 0x3
 261 0086 08       		.byte	0x8
 262 0087 07       		.byte	0x7
 263 0088 EF000000 		.4byte	.LASF11
 264 008c 04       		.uleb128 0x4
 265 008d 69030000 		.4byte	.LASF12
 266 0091 03       		.byte	0x3
 267 0092 2A       		.byte	0x2a
 268 0093 3A000000 		.4byte	0x3a
 269 0097 04       		.uleb128 0x4
 270 0098 11020000 		.4byte	.LASF13
 271 009c 03       		.byte	0x3
 272 009d 41       		.byte	0x41
 273 009e 5A000000 		.4byte	0x5a
 274 00a2 04       		.uleb128 0x4
 275 00a3 97020000 		.4byte	.LASF14
 276 00a7 03       		.byte	0x3
 277 00a8 42       		.byte	0x42
 278 00a9 6C000000 		.4byte	0x6c
 279 00ad 03       		.uleb128 0x3
 280 00ae 01       		.byte	0x1
 281 00af 02       		.byte	0x2
 282 00b0 0B020000 		.4byte	.LASF15
ARM GAS  /tmp/ccPnso1E.s 			page 6


 283 00b4 04       		.uleb128 0x4
 284 00b5 AA010000 		.4byte	.LASF16
 285 00b9 04       		.byte	0x4
 286 00ba 2C       		.byte	0x2c
 287 00bb 8C000000 		.4byte	0x8c
 288 00bf 04       		.uleb128 0x4
 289 00c0 55010000 		.4byte	.LASF17
 290 00c4 04       		.byte	0x4
 291 00c5 2D       		.byte	0x2d
 292 00c6 8C000000 		.4byte	0x8c
 293 00ca 04       		.uleb128 0x4
 294 00cb 38010000 		.4byte	.LASF18
 295 00cf 04       		.byte	0x4
 296 00d0 2F       		.byte	0x2f
 297 00d1 8C000000 		.4byte	0x8c
 298 00d5 04       		.uleb128 0x4
 299 00d6 03020000 		.4byte	.LASF19
 300 00da 04       		.byte	0x4
 301 00db 30       		.byte	0x30
 302 00dc A2000000 		.4byte	0xa2
 303 00e0 04       		.uleb128 0x4
 304 00e1 A4010000 		.4byte	.LASF20
 305 00e5 04       		.byte	0x4
 306 00e6 31       		.byte	0x31
 307 00e7 97000000 		.4byte	0x97
 308 00eb 04       		.uleb128 0x4
 309 00ec BE010000 		.4byte	.LASF21
 310 00f0 04       		.byte	0x4
 311 00f1 33       		.byte	0x33
 312 00f2 A2000000 		.4byte	0xa2
 313 00f6 04       		.uleb128 0x4
 314 00f7 6A020000 		.4byte	.LASF22
 315 00fb 05       		.byte	0x5
 316 00fc 2A       		.byte	0x2a
 317 00fd 01010000 		.4byte	0x101
 318 0101 05       		.uleb128 0x5
 319 0102 6A020000 		.4byte	.LASF22
 320 0106 34       		.byte	0x34
 321 0107 06       		.byte	0x6
 322 0108 5E       		.byte	0x5e
 323 0109 B6010000 		.4byte	0x1b6
 324 010d 06       		.uleb128 0x6
 325 010e 5B020000 		.4byte	.LASF23
 326 0112 06       		.byte	0x6
 327 0113 5F       		.byte	0x5f
 328 0114 D7010000 		.4byte	0x1d7
 329 0118 00       		.byte	0
 330 0119 06       		.uleb128 0x6
 331 011a FC010000 		.4byte	.LASF24
 332 011e 06       		.byte	0x6
 333 011f 61       		.byte	0x61
 334 0120 D7010000 		.4byte	0x1d7
 335 0124 04       		.byte	0x4
 336 0125 06       		.uleb128 0x6
 337 0126 0F010000 		.4byte	.LASF25
 338 012a 06       		.byte	0x6
 339 012b 63       		.byte	0x63
ARM GAS  /tmp/ccPnso1E.s 			page 7


 340 012c D5000000 		.4byte	0xd5
 341 0130 08       		.byte	0x8
 342 0131 06       		.uleb128 0x6
 343 0132 80030000 		.4byte	.LASF26
 344 0136 06       		.byte	0x6
 345 0137 64       		.byte	0x64
 346 0138 91020000 		.4byte	0x291
 347 013c 0C       		.byte	0xc
 348 013d 06       		.uleb128 0x6
 349 013e 3B020000 		.4byte	.LASF27
 350 0142 06       		.byte	0x6
 351 0143 79       		.byte	0x79
 352 0144 BF000000 		.4byte	0xbf
 353 0148 10       		.byte	0x10
 354 0149 06       		.uleb128 0x6
 355 014a 62020000 		.4byte	.LASF28
 356 014e 06       		.byte	0x6
 357 014f 7D       		.byte	0x7d
 358 0150 B4000000 		.4byte	0xb4
 359 0154 11       		.byte	0x11
 360 0155 06       		.uleb128 0x6
 361 0156 43020000 		.4byte	.LASF29
 362 015a 06       		.byte	0x6
 363 015b 88       		.byte	0x88
 364 015c CA000000 		.4byte	0xca
 365 0160 12       		.byte	0x12
 366 0161 07       		.uleb128 0x7
 367 0162 705F7500 		.ascii	"p_u\000"
 368 0166 06       		.byte	0x6
 369 0167 B4       		.byte	0xb4
 370 0168 3F030000 		.4byte	0x33f
 371 016c 14       		.byte	0x14
 372 016d 06       		.uleb128 0x6
 373 016e 86030000 		.4byte	.LASF30
 374 0172 06       		.byte	0x6
 375 0173 B9       		.byte	0xb9
 376 0174 FD010000 		.4byte	0x1fd
 377 0178 18       		.byte	0x18
 378 0179 06       		.uleb128 0x6
 379 017a 37030000 		.4byte	.LASF31
 380 017e 06       		.byte	0x6
 381 017f BF       		.byte	0xbf
 382 0180 DD010000 		.4byte	0x1dd
 383 0184 1C       		.byte	0x1c
 384 0185 06       		.uleb128 0x6
 385 0186 00000000 		.4byte	.LASF32
 386 018a 06       		.byte	0x6
 387 018b C3       		.byte	0xc3
 388 018c E0000000 		.4byte	0xe0
 389 0190 24       		.byte	0x24
 390 0191 06       		.uleb128 0x6
 391 0192 8C020000 		.4byte	.LASF33
 392 0196 06       		.byte	0x6
 393 0197 C9       		.byte	0xc9
 394 0198 EB000000 		.4byte	0xeb
 395 019c 28       		.byte	0x28
 396 019d 06       		.uleb128 0x6
ARM GAS  /tmp/ccPnso1E.s 			page 8


 397 019e 27020000 		.4byte	.LASF34
 398 01a2 06       		.byte	0x6
 399 01a3 D0       		.byte	0xd0
 400 01a4 74030000 		.4byte	0x374
 401 01a8 2C       		.byte	0x2c
 402 01a9 06       		.uleb128 0x6
 403 01aa 0D030000 		.4byte	.LASF35
 404 01ae 06       		.byte	0x6
 405 01af D4       		.byte	0xd4
 406 01b0 D5000000 		.4byte	0xd5
 407 01b4 30       		.byte	0x30
 408 01b5 00       		.byte	0
 409 01b6 08       		.uleb128 0x8
 410 01b7 08       		.byte	0x8
 411 01b8 05       		.byte	0x5
 412 01b9 61       		.byte	0x61
 413 01ba D7010000 		.4byte	0x1d7
 414 01be 06       		.uleb128 0x6
 415 01bf 5B020000 		.4byte	.LASF23
 416 01c3 05       		.byte	0x5
 417 01c4 62       		.byte	0x62
 418 01c5 D7010000 		.4byte	0x1d7
 419 01c9 00       		.byte	0
 420 01ca 06       		.uleb128 0x6
 421 01cb FC010000 		.4byte	.LASF24
 422 01cf 05       		.byte	0x5
 423 01d0 64       		.byte	0x64
 424 01d1 D7010000 		.4byte	0x1d7
 425 01d5 04       		.byte	0x4
 426 01d6 00       		.byte	0
 427 01d7 09       		.uleb128 0x9
 428 01d8 04       		.byte	0x4
 429 01d9 F6000000 		.4byte	0xf6
 430 01dd 04       		.uleb128 0x4
 431 01de E5010000 		.4byte	.LASF36
 432 01e2 05       		.byte	0x5
 433 01e3 66       		.byte	0x66
 434 01e4 B6010000 		.4byte	0x1b6
 435 01e8 08       		.uleb128 0x8
 436 01e9 04       		.byte	0x4
 437 01ea 05       		.byte	0x5
 438 01eb 6B       		.byte	0x6b
 439 01ec FD010000 		.4byte	0x1fd
 440 01f0 06       		.uleb128 0x6
 441 01f1 5B020000 		.4byte	.LASF23
 442 01f5 05       		.byte	0x5
 443 01f6 6D       		.byte	0x6d
 444 01f7 D7010000 		.4byte	0x1d7
 445 01fb 00       		.byte	0
 446 01fc 00       		.byte	0
 447 01fd 04       		.uleb128 0x4
 448 01fe B2010000 		.4byte	.LASF37
 449 0202 05       		.byte	0x5
 450 0203 70       		.byte	0x70
 451 0204 E8010000 		.4byte	0x1e8
 452 0208 04       		.uleb128 0x4
 453 0209 69010000 		.4byte	.LASF38
ARM GAS  /tmp/ccPnso1E.s 			page 9


 454 020d 07       		.byte	0x7
 455 020e E5       		.byte	0xe5
 456 020f 13020000 		.4byte	0x213
 457 0213 0A       		.uleb128 0xa
 458 0214 04       		.byte	0x4
 459 0215 0B       		.uleb128 0xb
 460 0216 30030000 		.4byte	.LASF39
 461 021a 24       		.byte	0x24
 462 021b 07       		.byte	0x7
 463 021c 0C01     		.2byte	0x10c
 464 021e 91020000 		.4byte	0x291
 465 0222 0C       		.uleb128 0xc
 466 0223 723400   		.ascii	"r4\000"
 467 0226 07       		.byte	0x7
 468 0227 1F01     		.2byte	0x11f
 469 0229 08020000 		.4byte	0x208
 470 022d 00       		.byte	0
 471 022e 0C       		.uleb128 0xc
 472 022f 723500   		.ascii	"r5\000"
 473 0232 07       		.byte	0x7
 474 0233 2001     		.2byte	0x120
 475 0235 08020000 		.4byte	0x208
 476 0239 04       		.byte	0x4
 477 023a 0C       		.uleb128 0xc
 478 023b 723600   		.ascii	"r6\000"
 479 023e 07       		.byte	0x7
 480 023f 2101     		.2byte	0x121
 481 0241 08020000 		.4byte	0x208
 482 0245 08       		.byte	0x8
 483 0246 0C       		.uleb128 0xc
 484 0247 723700   		.ascii	"r7\000"
 485 024a 07       		.byte	0x7
 486 024b 2201     		.2byte	0x122
 487 024d 08020000 		.4byte	0x208
 488 0251 0C       		.byte	0xc
 489 0252 0C       		.uleb128 0xc
 490 0253 723800   		.ascii	"r8\000"
 491 0256 07       		.byte	0x7
 492 0257 2301     		.2byte	0x123
 493 0259 08020000 		.4byte	0x208
 494 025d 10       		.byte	0x10
 495 025e 0C       		.uleb128 0xc
 496 025f 723900   		.ascii	"r9\000"
 497 0262 07       		.byte	0x7
 498 0263 2401     		.2byte	0x124
 499 0265 08020000 		.4byte	0x208
 500 0269 14       		.byte	0x14
 501 026a 0C       		.uleb128 0xc
 502 026b 72313000 		.ascii	"r10\000"
 503 026f 07       		.byte	0x7
 504 0270 2501     		.2byte	0x125
 505 0272 08020000 		.4byte	0x208
 506 0276 18       		.byte	0x18
 507 0277 0C       		.uleb128 0xc
 508 0278 72313100 		.ascii	"r11\000"
 509 027c 07       		.byte	0x7
 510 027d 2601     		.2byte	0x126
ARM GAS  /tmp/ccPnso1E.s 			page 10


 511 027f 08020000 		.4byte	0x208
 512 0283 1C       		.byte	0x1c
 513 0284 0C       		.uleb128 0xc
 514 0285 6C7200   		.ascii	"lr\000"
 515 0288 07       		.byte	0x7
 516 0289 2701     		.2byte	0x127
 517 028b 08020000 		.4byte	0x208
 518 028f 20       		.byte	0x20
 519 0290 00       		.byte	0
 520 0291 0B       		.uleb128 0xb
 521 0292 22030000 		.4byte	.LASF40
 522 0296 04       		.byte	0x4
 523 0297 07       		.byte	0x7
 524 0298 3101     		.2byte	0x131
 525 029a AC020000 		.4byte	0x2ac
 526 029e 0C       		.uleb128 0xc
 527 029f 72313300 		.ascii	"r13\000"
 528 02a3 07       		.byte	0x7
 529 02a4 3201     		.2byte	0x132
 530 02a6 AC020000 		.4byte	0x2ac
 531 02aa 00       		.byte	0
 532 02ab 00       		.byte	0
 533 02ac 09       		.uleb128 0x9
 534 02ad 04       		.byte	0x4
 535 02ae 15020000 		.4byte	0x215
 536 02b2 03       		.uleb128 0x3
 537 02b3 04       		.byte	0x4
 538 02b4 07       		.byte	0x7
 539 02b5 D0010000 		.4byte	.LASF41
 540 02b9 08       		.uleb128 0x8
 541 02ba 14       		.byte	0x14
 542 02bb 08       		.byte	0x8
 543 02bc 5E       		.byte	0x5e
 544 02bd F2020000 		.4byte	0x2f2
 545 02c1 06       		.uleb128 0x6
 546 02c2 A0020000 		.4byte	.LASF42
 547 02c6 08       		.byte	0x8
 548 02c7 5F       		.byte	0x5f
 549 02c8 DD010000 		.4byte	0x1dd
 550 02cc 00       		.byte	0
 551 02cd 06       		.uleb128 0x6
 552 02ce 4D020000 		.4byte	.LASF43
 553 02d2 08       		.byte	0x8
 554 02d3 60       		.byte	0x60
 555 02d4 D5000000 		.4byte	0xd5
 556 02d8 08       		.byte	0x8
 557 02d9 06       		.uleb128 0x6
 558 02da 2A030000 		.4byte	.LASF44
 559 02de 08       		.byte	0x8
 560 02df 62       		.byte	0x62
 561 02e0 91020000 		.4byte	0x291
 562 02e4 0C       		.byte	0xc
 563 02e5 06       		.uleb128 0x6
 564 02e6 F2010000 		.4byte	.LASF45
 565 02ea 08       		.byte	0x8
 566 02eb 69       		.byte	0x69
 567 02ec D7010000 		.4byte	0x1d7
ARM GAS  /tmp/ccPnso1E.s 			page 11


 568 02f0 10       		.byte	0x10
 569 02f1 00       		.byte	0
 570 02f2 04       		.uleb128 0x4
 571 02f3 59030000 		.4byte	.LASF46
 572 02f7 08       		.byte	0x8
 573 02f8 6B       		.byte	0x6b
 574 02f9 B9020000 		.4byte	0x2b9
 575 02fd 05       		.uleb128 0x5
 576 02fe CA010000 		.4byte	.LASF47
 577 0302 10       		.byte	0x10
 578 0303 09       		.byte	0x9
 579 0304 2C       		.byte	0x2c
 580 0305 2E030000 		.4byte	0x32e
 581 0309 06       		.uleb128 0x6
 582 030a 30010000 		.4byte	.LASF48
 583 030e 09       		.byte	0x9
 584 030f 2D       		.byte	0x2d
 585 0310 DD010000 		.4byte	0x1dd
 586 0314 00       		.byte	0
 587 0315 06       		.uleb128 0x6
 588 0316 78030000 		.4byte	.LASF49
 589 031a 09       		.byte	0x9
 590 031b 2F       		.byte	0x2f
 591 031c D7010000 		.4byte	0x1d7
 592 0320 08       		.byte	0x8
 593 0321 06       		.uleb128 0x6
 594 0322 06030000 		.4byte	.LASF50
 595 0326 09       		.byte	0x9
 596 0327 31       		.byte	0x31
 597 0328 2E030000 		.4byte	0x32e
 598 032c 0C       		.byte	0xc
 599 032d 00       		.byte	0
 600 032e 09       		.uleb128 0x9
 601 032f 04       		.byte	0x4
 602 0330 FD020000 		.4byte	0x2fd
 603 0334 04       		.uleb128 0x4
 604 0335 CA010000 		.4byte	.LASF47
 605 0339 09       		.byte	0x9
 606 033a 33       		.byte	0x33
 607 033b FD020000 		.4byte	0x2fd
 608 033f 0D       		.uleb128 0xd
 609 0340 04       		.byte	0x4
 610 0341 06       		.byte	0x6
 611 0342 96       		.byte	0x96
 612 0343 74030000 		.4byte	0x374
 613 0347 0E       		.uleb128 0xe
 614 0348 2C000000 		.4byte	.LASF51
 615 034c 06       		.byte	0x6
 616 034d 9D       		.byte	0x9d
 617 034e E0000000 		.4byte	0xe0
 618 0352 0E       		.uleb128 0xe
 619 0353 06010000 		.4byte	.LASF52
 620 0357 06       		.byte	0x6
 621 0358 A4       		.byte	0xa4
 622 0359 E0000000 		.4byte	0xe0
 623 035d 0E       		.uleb128 0xe
 624 035e 71030000 		.4byte	.LASF53
ARM GAS  /tmp/ccPnso1E.s 			page 12


 625 0362 06       		.byte	0x6
 626 0363 AB       		.byte	0xab
 627 0364 13020000 		.4byte	0x213
 628 0368 0E       		.uleb128 0xe
 629 0369 54020000 		.4byte	.LASF54
 630 036d 06       		.byte	0x6
 631 036e B2       		.byte	0xb2
 632 036f EB000000 		.4byte	0xeb
 633 0373 00       		.byte	0
 634 0374 09       		.uleb128 0x9
 635 0375 04       		.byte	0x4
 636 0376 34030000 		.4byte	0x334
 637 037a 0F       		.uleb128 0xf
 638 037b 4B010000 		.4byte	.LASF55
 639 037f 01       		.byte	0x1
 640 0380 4B       		.byte	0x4b
 641 0381 E0000000 		.4byte	0xe0
 642 0385 00000000 		.4byte	.LFB0
 643 0389 3E000000 		.4byte	.LFE0-.LFB0
 644 038d 01       		.uleb128 0x1
 645 038e 9C       		.byte	0x9c
 646 038f FB030000 		.4byte	0x3fb
 647 0393 10       		.uleb128 0x10
 648 0394 747000   		.ascii	"tp\000"
 649 0397 01       		.byte	0x1
 650 0398 4B       		.byte	0x4b
 651 0399 D7010000 		.4byte	0x1d7
 652 039d 00000000 		.4byte	.LLST0
 653 03a1 10       		.uleb128 0x10
 654 03a2 6D736700 		.ascii	"msg\000"
 655 03a6 01       		.byte	0x1
 656 03a7 4B       		.byte	0x4b
 657 03a8 E0000000 		.4byte	0xe0
 658 03ac 1E000000 		.4byte	.LLST1
 659 03b0 11       		.uleb128 0x11
 660 03b1 63747000 		.ascii	"ctp\000"
 661 03b5 01       		.byte	0x1
 662 03b6 4C       		.byte	0x4c
 663 03b7 D7010000 		.4byte	0x1d7
 664 03bb 01       		.uleb128 0x1
 665 03bc 54       		.byte	0x54
 666 03bd 12       		.uleb128 0x12
 667 03be 22000000 		.4byte	.LVL4
 668 03c2 91040000 		.4byte	0x491
 669 03c6 D7030000 		.4byte	0x3d7
 670 03ca 13       		.uleb128 0x13
 671 03cb 01       		.uleb128 0x1
 672 03cc 51       		.byte	0x51
 673 03cd 02       		.uleb128 0x2
 674 03ce 75       		.byte	0x75
 675 03cf 1C       		.sleb128 28
 676 03d0 13       		.uleb128 0x13
 677 03d1 01       		.uleb128 0x1
 678 03d2 50       		.byte	0x50
 679 03d3 02       		.uleb128 0x2
 680 03d4 74       		.byte	0x74
 681 03d5 00       		.sleb128 0
ARM GAS  /tmp/ccPnso1E.s 			page 13


 682 03d6 00       		.byte	0
 683 03d7 12       		.uleb128 0x12
 684 03d8 2E000000 		.4byte	.LVL5
 685 03dc AD040000 		.4byte	0x4ad
 686 03e0 EA030000 		.4byte	0x3ea
 687 03e4 13       		.uleb128 0x13
 688 03e5 01       		.uleb128 0x1
 689 03e6 50       		.byte	0x50
 690 03e7 01       		.uleb128 0x1
 691 03e8 3A       		.byte	0x3a
 692 03e9 00       		.byte	0
 693 03ea 14       		.uleb128 0x14
 694 03eb 3C000000 		.4byte	.LVL8
 695 03ef BE040000 		.4byte	0x4be
 696 03f3 13       		.uleb128 0x13
 697 03f4 01       		.uleb128 0x1
 698 03f5 50       		.byte	0x50
 699 03f6 02       		.uleb128 0x2
 700 03f7 75       		.byte	0x75
 701 03f8 00       		.sleb128 0
 702 03f9 00       		.byte	0
 703 03fa 00       		.byte	0
 704 03fb 0F       		.uleb128 0xf
 705 03fc 4F030000 		.4byte	.LASF56
 706 0400 01       		.byte	0x1
 707 0401 6A       		.byte	0x6a
 708 0402 D7010000 		.4byte	0x1d7
 709 0406 00000000 		.4byte	.LFB1
 710 040a 32000000 		.4byte	.LFE1-.LFB1
 711 040e 01       		.uleb128 0x1
 712 040f 9C       		.byte	0x9c
 713 0410 3B040000 		.4byte	0x43b
 714 0414 15       		.uleb128 0x15
 715 0415 747000   		.ascii	"tp\000"
 716 0418 01       		.byte	0x1
 717 0419 6B       		.byte	0x6b
 718 041a D7010000 		.4byte	0x1d7
 719 041e 64000000 		.4byte	.LLST2
 720 0422 16       		.uleb128 0x16
 721 0423 1C000000 		.4byte	.LVL9
 722 0427 D3040000 		.4byte	0x4d3
 723 042b 14       		.uleb128 0x14
 724 042c 2C000000 		.4byte	.LVL11
 725 0430 AD040000 		.4byte	0x4ad
 726 0434 13       		.uleb128 0x13
 727 0435 01       		.uleb128 0x1
 728 0436 50       		.byte	0x50
 729 0437 01       		.uleb128 0x1
 730 0438 3C       		.byte	0x3c
 731 0439 00       		.byte	0
 732 043a 00       		.byte	0
 733 043b 17       		.uleb128 0x17
 734 043c 71020000 		.4byte	.LASF64
 735 0440 01       		.byte	0x1
 736 0441 80       		.byte	0x80
 737 0442 00000000 		.4byte	.LFB2
 738 0446 10000000 		.4byte	.LFE2-.LFB2
ARM GAS  /tmp/ccPnso1E.s 			page 14


 739 044a 01       		.uleb128 0x1
 740 044b 9C       		.byte	0x9c
 741 044c 86040000 		.4byte	0x486
 742 0450 10       		.uleb128 0x10
 743 0451 747000   		.ascii	"tp\000"
 744 0454 01       		.byte	0x1
 745 0455 80       		.byte	0x80
 746 0456 D7010000 		.4byte	0x1d7
 747 045a 77000000 		.4byte	.LLST3
 748 045e 10       		.uleb128 0x10
 749 045f 6D736700 		.ascii	"msg\000"
 750 0463 01       		.byte	0x1
 751 0464 80       		.byte	0x80
 752 0465 E0000000 		.4byte	0xe0
 753 0469 98000000 		.4byte	.LLST4
 754 046d 14       		.uleb128 0x14
 755 046e 0A000000 		.4byte	.LVL13
 756 0472 E8040000 		.4byte	0x4e8
 757 0476 13       		.uleb128 0x13
 758 0477 01       		.uleb128 0x1
 759 0478 51       		.byte	0x51
 760 0479 03       		.uleb128 0x3
 761 047a F3       		.byte	0xf3
 762 047b 01       		.uleb128 0x1
 763 047c 51       		.byte	0x51
 764 047d 13       		.uleb128 0x13
 765 047e 01       		.uleb128 0x1
 766 047f 50       		.byte	0x50
 767 0480 03       		.uleb128 0x3
 768 0481 F3       		.byte	0xf3
 769 0482 01       		.uleb128 0x1
 770 0483 50       		.byte	0x50
 771 0484 00       		.byte	0
 772 0485 00       		.byte	0
 773 0486 18       		.uleb128 0x18
 774 0487 63030000 		.4byte	.LASF65
 775 048b 08       		.byte	0x8
 776 048c 6F       		.byte	0x6f
 777 048d F2020000 		.4byte	0x2f2
 778 0491 19       		.uleb128 0x19
 779 0492 1F000000 		.4byte	.LASF57
 780 0496 05       		.byte	0x5
 781 0497 78       		.byte	0x78
 782 0498 A7040000 		.4byte	0x4a7
 783 049c 1A       		.uleb128 0x1a
 784 049d D7010000 		.4byte	0x1d7
 785 04a1 1A       		.uleb128 0x1a
 786 04a2 A7040000 		.4byte	0x4a7
 787 04a6 00       		.byte	0
 788 04a7 09       		.uleb128 0x9
 789 04a8 04       		.byte	0x4
 790 04a9 DD010000 		.4byte	0x1dd
 791 04ad 19       		.uleb128 0x19
 792 04ae 7E020000 		.4byte	.LASF58
 793 04b2 08       		.byte	0x8
 794 04b3 93       		.byte	0x93
 795 04b4 BE040000 		.4byte	0x4be
ARM GAS  /tmp/ccPnso1E.s 			page 15


 796 04b8 1A       		.uleb128 0x1a
 797 04b9 BF000000 		.4byte	0xbf
 798 04bd 00       		.byte	0
 799 04be 1B       		.uleb128 0x1b
 800 04bf A8020000 		.4byte	.LASF59
 801 04c3 08       		.byte	0x8
 802 04c4 90       		.byte	0x90
 803 04c5 D7010000 		.4byte	0x1d7
 804 04c9 D3040000 		.4byte	0x4d3
 805 04cd 1A       		.uleb128 0x1a
 806 04ce D7010000 		.4byte	0x1d7
 807 04d2 00       		.byte	0
 808 04d3 1B       		.uleb128 0x1b
 809 04d4 D9010000 		.4byte	.LASF60
 810 04d8 05       		.byte	0x5
 811 04d9 79       		.byte	0x79
 812 04da D7010000 		.4byte	0x1d7
 813 04de E8040000 		.4byte	0x4e8
 814 04e2 1A       		.uleb128 0x1a
 815 04e3 A7040000 		.4byte	0x4a7
 816 04e7 00       		.byte	0
 817 04e8 1C       		.uleb128 0x1c
 818 04e9 42030000 		.4byte	.LASF66
 819 04ed 08       		.byte	0x8
 820 04ee 99       		.byte	0x99
 821 04ef 1A       		.uleb128 0x1a
 822 04f0 D7010000 		.4byte	0x1d7
 823 04f4 1A       		.uleb128 0x1a
 824 04f5 E0000000 		.4byte	0xe0
 825 04f9 00       		.byte	0
 826 04fa 00       		.byte	0
 827              		.section	.debug_abbrev,"",%progbits
 828              	.Ldebug_abbrev0:
 829 0000 01       		.uleb128 0x1
 830 0001 11       		.uleb128 0x11
 831 0002 01       		.byte	0x1
 832 0003 25       		.uleb128 0x25
 833 0004 0E       		.uleb128 0xe
 834 0005 13       		.uleb128 0x13
 835 0006 0B       		.uleb128 0xb
 836 0007 03       		.uleb128 0x3
 837 0008 0E       		.uleb128 0xe
 838 0009 1B       		.uleb128 0x1b
 839 000a 0E       		.uleb128 0xe
 840 000b 55       		.uleb128 0x55
 841 000c 17       		.uleb128 0x17
 842 000d 11       		.uleb128 0x11
 843 000e 01       		.uleb128 0x1
 844 000f 10       		.uleb128 0x10
 845 0010 17       		.uleb128 0x17
 846 0011 00       		.byte	0
 847 0012 00       		.byte	0
 848 0013 02       		.uleb128 0x2
 849 0014 24       		.uleb128 0x24
 850 0015 00       		.byte	0
 851 0016 0B       		.uleb128 0xb
 852 0017 0B       		.uleb128 0xb
ARM GAS  /tmp/ccPnso1E.s 			page 16


 853 0018 3E       		.uleb128 0x3e
 854 0019 0B       		.uleb128 0xb
 855 001a 03       		.uleb128 0x3
 856 001b 08       		.uleb128 0x8
 857 001c 00       		.byte	0
 858 001d 00       		.byte	0
 859 001e 03       		.uleb128 0x3
 860 001f 24       		.uleb128 0x24
 861 0020 00       		.byte	0
 862 0021 0B       		.uleb128 0xb
 863 0022 0B       		.uleb128 0xb
 864 0023 3E       		.uleb128 0x3e
 865 0024 0B       		.uleb128 0xb
 866 0025 03       		.uleb128 0x3
 867 0026 0E       		.uleb128 0xe
 868 0027 00       		.byte	0
 869 0028 00       		.byte	0
 870 0029 04       		.uleb128 0x4
 871 002a 16       		.uleb128 0x16
 872 002b 00       		.byte	0
 873 002c 03       		.uleb128 0x3
 874 002d 0E       		.uleb128 0xe
 875 002e 3A       		.uleb128 0x3a
 876 002f 0B       		.uleb128 0xb
 877 0030 3B       		.uleb128 0x3b
 878 0031 0B       		.uleb128 0xb
 879 0032 49       		.uleb128 0x49
 880 0033 13       		.uleb128 0x13
 881 0034 00       		.byte	0
 882 0035 00       		.byte	0
 883 0036 05       		.uleb128 0x5
 884 0037 13       		.uleb128 0x13
 885 0038 01       		.byte	0x1
 886 0039 03       		.uleb128 0x3
 887 003a 0E       		.uleb128 0xe
 888 003b 0B       		.uleb128 0xb
 889 003c 0B       		.uleb128 0xb
 890 003d 3A       		.uleb128 0x3a
 891 003e 0B       		.uleb128 0xb
 892 003f 3B       		.uleb128 0x3b
 893 0040 0B       		.uleb128 0xb
 894 0041 01       		.uleb128 0x1
 895 0042 13       		.uleb128 0x13
 896 0043 00       		.byte	0
 897 0044 00       		.byte	0
 898 0045 06       		.uleb128 0x6
 899 0046 0D       		.uleb128 0xd
 900 0047 00       		.byte	0
 901 0048 03       		.uleb128 0x3
 902 0049 0E       		.uleb128 0xe
 903 004a 3A       		.uleb128 0x3a
 904 004b 0B       		.uleb128 0xb
 905 004c 3B       		.uleb128 0x3b
 906 004d 0B       		.uleb128 0xb
 907 004e 49       		.uleb128 0x49
 908 004f 13       		.uleb128 0x13
 909 0050 38       		.uleb128 0x38
ARM GAS  /tmp/ccPnso1E.s 			page 17


 910 0051 0B       		.uleb128 0xb
 911 0052 00       		.byte	0
 912 0053 00       		.byte	0
 913 0054 07       		.uleb128 0x7
 914 0055 0D       		.uleb128 0xd
 915 0056 00       		.byte	0
 916 0057 03       		.uleb128 0x3
 917 0058 08       		.uleb128 0x8
 918 0059 3A       		.uleb128 0x3a
 919 005a 0B       		.uleb128 0xb
 920 005b 3B       		.uleb128 0x3b
 921 005c 0B       		.uleb128 0xb
 922 005d 49       		.uleb128 0x49
 923 005e 13       		.uleb128 0x13
 924 005f 38       		.uleb128 0x38
 925 0060 0B       		.uleb128 0xb
 926 0061 00       		.byte	0
 927 0062 00       		.byte	0
 928 0063 08       		.uleb128 0x8
 929 0064 13       		.uleb128 0x13
 930 0065 01       		.byte	0x1
 931 0066 0B       		.uleb128 0xb
 932 0067 0B       		.uleb128 0xb
 933 0068 3A       		.uleb128 0x3a
 934 0069 0B       		.uleb128 0xb
 935 006a 3B       		.uleb128 0x3b
 936 006b 0B       		.uleb128 0xb
 937 006c 01       		.uleb128 0x1
 938 006d 13       		.uleb128 0x13
 939 006e 00       		.byte	0
 940 006f 00       		.byte	0
 941 0070 09       		.uleb128 0x9
 942 0071 0F       		.uleb128 0xf
 943 0072 00       		.byte	0
 944 0073 0B       		.uleb128 0xb
 945 0074 0B       		.uleb128 0xb
 946 0075 49       		.uleb128 0x49
 947 0076 13       		.uleb128 0x13
 948 0077 00       		.byte	0
 949 0078 00       		.byte	0
 950 0079 0A       		.uleb128 0xa
 951 007a 0F       		.uleb128 0xf
 952 007b 00       		.byte	0
 953 007c 0B       		.uleb128 0xb
 954 007d 0B       		.uleb128 0xb
 955 007e 00       		.byte	0
 956 007f 00       		.byte	0
 957 0080 0B       		.uleb128 0xb
 958 0081 13       		.uleb128 0x13
 959 0082 01       		.byte	0x1
 960 0083 03       		.uleb128 0x3
 961 0084 0E       		.uleb128 0xe
 962 0085 0B       		.uleb128 0xb
 963 0086 0B       		.uleb128 0xb
 964 0087 3A       		.uleb128 0x3a
 965 0088 0B       		.uleb128 0xb
 966 0089 3B       		.uleb128 0x3b
ARM GAS  /tmp/ccPnso1E.s 			page 18


 967 008a 05       		.uleb128 0x5
 968 008b 01       		.uleb128 0x1
 969 008c 13       		.uleb128 0x13
 970 008d 00       		.byte	0
 971 008e 00       		.byte	0
 972 008f 0C       		.uleb128 0xc
 973 0090 0D       		.uleb128 0xd
 974 0091 00       		.byte	0
 975 0092 03       		.uleb128 0x3
 976 0093 08       		.uleb128 0x8
 977 0094 3A       		.uleb128 0x3a
 978 0095 0B       		.uleb128 0xb
 979 0096 3B       		.uleb128 0x3b
 980 0097 05       		.uleb128 0x5
 981 0098 49       		.uleb128 0x49
 982 0099 13       		.uleb128 0x13
 983 009a 38       		.uleb128 0x38
 984 009b 0B       		.uleb128 0xb
 985 009c 00       		.byte	0
 986 009d 00       		.byte	0
 987 009e 0D       		.uleb128 0xd
 988 009f 17       		.uleb128 0x17
 989 00a0 01       		.byte	0x1
 990 00a1 0B       		.uleb128 0xb
 991 00a2 0B       		.uleb128 0xb
 992 00a3 3A       		.uleb128 0x3a
 993 00a4 0B       		.uleb128 0xb
 994 00a5 3B       		.uleb128 0x3b
 995 00a6 0B       		.uleb128 0xb
 996 00a7 01       		.uleb128 0x1
 997 00a8 13       		.uleb128 0x13
 998 00a9 00       		.byte	0
 999 00aa 00       		.byte	0
 1000 00ab 0E       		.uleb128 0xe
 1001 00ac 0D       		.uleb128 0xd
 1002 00ad 00       		.byte	0
 1003 00ae 03       		.uleb128 0x3
 1004 00af 0E       		.uleb128 0xe
 1005 00b0 3A       		.uleb128 0x3a
 1006 00b1 0B       		.uleb128 0xb
 1007 00b2 3B       		.uleb128 0x3b
 1008 00b3 0B       		.uleb128 0xb
 1009 00b4 49       		.uleb128 0x49
 1010 00b5 13       		.uleb128 0x13
 1011 00b6 00       		.byte	0
 1012 00b7 00       		.byte	0
 1013 00b8 0F       		.uleb128 0xf
 1014 00b9 2E       		.uleb128 0x2e
 1015 00ba 01       		.byte	0x1
 1016 00bb 3F       		.uleb128 0x3f
 1017 00bc 19       		.uleb128 0x19
 1018 00bd 03       		.uleb128 0x3
 1019 00be 0E       		.uleb128 0xe
 1020 00bf 3A       		.uleb128 0x3a
 1021 00c0 0B       		.uleb128 0xb
 1022 00c1 3B       		.uleb128 0x3b
 1023 00c2 0B       		.uleb128 0xb
ARM GAS  /tmp/ccPnso1E.s 			page 19


 1024 00c3 27       		.uleb128 0x27
 1025 00c4 19       		.uleb128 0x19
 1026 00c5 49       		.uleb128 0x49
 1027 00c6 13       		.uleb128 0x13
 1028 00c7 11       		.uleb128 0x11
 1029 00c8 01       		.uleb128 0x1
 1030 00c9 12       		.uleb128 0x12
 1031 00ca 06       		.uleb128 0x6
 1032 00cb 40       		.uleb128 0x40
 1033 00cc 18       		.uleb128 0x18
 1034 00cd 9742     		.uleb128 0x2117
 1035 00cf 19       		.uleb128 0x19
 1036 00d0 01       		.uleb128 0x1
 1037 00d1 13       		.uleb128 0x13
 1038 00d2 00       		.byte	0
 1039 00d3 00       		.byte	0
 1040 00d4 10       		.uleb128 0x10
 1041 00d5 05       		.uleb128 0x5
 1042 00d6 00       		.byte	0
 1043 00d7 03       		.uleb128 0x3
 1044 00d8 08       		.uleb128 0x8
 1045 00d9 3A       		.uleb128 0x3a
 1046 00da 0B       		.uleb128 0xb
 1047 00db 3B       		.uleb128 0x3b
 1048 00dc 0B       		.uleb128 0xb
 1049 00dd 49       		.uleb128 0x49
 1050 00de 13       		.uleb128 0x13
 1051 00df 02       		.uleb128 0x2
 1052 00e0 17       		.uleb128 0x17
 1053 00e1 00       		.byte	0
 1054 00e2 00       		.byte	0
 1055 00e3 11       		.uleb128 0x11
 1056 00e4 34       		.uleb128 0x34
 1057 00e5 00       		.byte	0
 1058 00e6 03       		.uleb128 0x3
 1059 00e7 08       		.uleb128 0x8
 1060 00e8 3A       		.uleb128 0x3a
 1061 00e9 0B       		.uleb128 0xb
 1062 00ea 3B       		.uleb128 0x3b
 1063 00eb 0B       		.uleb128 0xb
 1064 00ec 49       		.uleb128 0x49
 1065 00ed 13       		.uleb128 0x13
 1066 00ee 02       		.uleb128 0x2
 1067 00ef 18       		.uleb128 0x18
 1068 00f0 00       		.byte	0
 1069 00f1 00       		.byte	0
 1070 00f2 12       		.uleb128 0x12
 1071 00f3 898201   		.uleb128 0x4109
 1072 00f6 01       		.byte	0x1
 1073 00f7 11       		.uleb128 0x11
 1074 00f8 01       		.uleb128 0x1
 1075 00f9 31       		.uleb128 0x31
 1076 00fa 13       		.uleb128 0x13
 1077 00fb 01       		.uleb128 0x1
 1078 00fc 13       		.uleb128 0x13
 1079 00fd 00       		.byte	0
 1080 00fe 00       		.byte	0
ARM GAS  /tmp/ccPnso1E.s 			page 20


 1081 00ff 13       		.uleb128 0x13
 1082 0100 8A8201   		.uleb128 0x410a
 1083 0103 00       		.byte	0
 1084 0104 02       		.uleb128 0x2
 1085 0105 18       		.uleb128 0x18
 1086 0106 9142     		.uleb128 0x2111
 1087 0108 18       		.uleb128 0x18
 1088 0109 00       		.byte	0
 1089 010a 00       		.byte	0
 1090 010b 14       		.uleb128 0x14
 1091 010c 898201   		.uleb128 0x4109
 1092 010f 01       		.byte	0x1
 1093 0110 11       		.uleb128 0x11
 1094 0111 01       		.uleb128 0x1
 1095 0112 31       		.uleb128 0x31
 1096 0113 13       		.uleb128 0x13
 1097 0114 00       		.byte	0
 1098 0115 00       		.byte	0
 1099 0116 15       		.uleb128 0x15
 1100 0117 34       		.uleb128 0x34
 1101 0118 00       		.byte	0
 1102 0119 03       		.uleb128 0x3
 1103 011a 08       		.uleb128 0x8
 1104 011b 3A       		.uleb128 0x3a
 1105 011c 0B       		.uleb128 0xb
 1106 011d 3B       		.uleb128 0x3b
 1107 011e 0B       		.uleb128 0xb
 1108 011f 49       		.uleb128 0x49
 1109 0120 13       		.uleb128 0x13
 1110 0121 02       		.uleb128 0x2
 1111 0122 17       		.uleb128 0x17
 1112 0123 00       		.byte	0
 1113 0124 00       		.byte	0
 1114 0125 16       		.uleb128 0x16
 1115 0126 898201   		.uleb128 0x4109
 1116 0129 00       		.byte	0
 1117 012a 11       		.uleb128 0x11
 1118 012b 01       		.uleb128 0x1
 1119 012c 31       		.uleb128 0x31
 1120 012d 13       		.uleb128 0x13
 1121 012e 00       		.byte	0
 1122 012f 00       		.byte	0
 1123 0130 17       		.uleb128 0x17
 1124 0131 2E       		.uleb128 0x2e
 1125 0132 01       		.byte	0x1
 1126 0133 3F       		.uleb128 0x3f
 1127 0134 19       		.uleb128 0x19
 1128 0135 03       		.uleb128 0x3
 1129 0136 0E       		.uleb128 0xe
 1130 0137 3A       		.uleb128 0x3a
 1131 0138 0B       		.uleb128 0xb
 1132 0139 3B       		.uleb128 0x3b
 1133 013a 0B       		.uleb128 0xb
 1134 013b 27       		.uleb128 0x27
 1135 013c 19       		.uleb128 0x19
 1136 013d 11       		.uleb128 0x11
 1137 013e 01       		.uleb128 0x1
ARM GAS  /tmp/ccPnso1E.s 			page 21


 1138 013f 12       		.uleb128 0x12
 1139 0140 06       		.uleb128 0x6
 1140 0141 40       		.uleb128 0x40
 1141 0142 18       		.uleb128 0x18
 1142 0143 9742     		.uleb128 0x2117
 1143 0145 19       		.uleb128 0x19
 1144 0146 01       		.uleb128 0x1
 1145 0147 13       		.uleb128 0x13
 1146 0148 00       		.byte	0
 1147 0149 00       		.byte	0
 1148 014a 18       		.uleb128 0x18
 1149 014b 34       		.uleb128 0x34
 1150 014c 00       		.byte	0
 1151 014d 03       		.uleb128 0x3
 1152 014e 0E       		.uleb128 0xe
 1153 014f 3A       		.uleb128 0x3a
 1154 0150 0B       		.uleb128 0xb
 1155 0151 3B       		.uleb128 0x3b
 1156 0152 0B       		.uleb128 0xb
 1157 0153 49       		.uleb128 0x49
 1158 0154 13       		.uleb128 0x13
 1159 0155 3F       		.uleb128 0x3f
 1160 0156 19       		.uleb128 0x19
 1161 0157 3C       		.uleb128 0x3c
 1162 0158 19       		.uleb128 0x19
 1163 0159 00       		.byte	0
 1164 015a 00       		.byte	0
 1165 015b 19       		.uleb128 0x19
 1166 015c 2E       		.uleb128 0x2e
 1167 015d 01       		.byte	0x1
 1168 015e 3F       		.uleb128 0x3f
 1169 015f 19       		.uleb128 0x19
 1170 0160 03       		.uleb128 0x3
 1171 0161 0E       		.uleb128 0xe
 1172 0162 3A       		.uleb128 0x3a
 1173 0163 0B       		.uleb128 0xb
 1174 0164 3B       		.uleb128 0x3b
 1175 0165 0B       		.uleb128 0xb
 1176 0166 27       		.uleb128 0x27
 1177 0167 19       		.uleb128 0x19
 1178 0168 3C       		.uleb128 0x3c
 1179 0169 19       		.uleb128 0x19
 1180 016a 01       		.uleb128 0x1
 1181 016b 13       		.uleb128 0x13
 1182 016c 00       		.byte	0
 1183 016d 00       		.byte	0
 1184 016e 1A       		.uleb128 0x1a
 1185 016f 05       		.uleb128 0x5
 1186 0170 00       		.byte	0
 1187 0171 49       		.uleb128 0x49
 1188 0172 13       		.uleb128 0x13
 1189 0173 00       		.byte	0
 1190 0174 00       		.byte	0
 1191 0175 1B       		.uleb128 0x1b
 1192 0176 2E       		.uleb128 0x2e
 1193 0177 01       		.byte	0x1
 1194 0178 3F       		.uleb128 0x3f
ARM GAS  /tmp/ccPnso1E.s 			page 22


 1195 0179 19       		.uleb128 0x19
 1196 017a 03       		.uleb128 0x3
 1197 017b 0E       		.uleb128 0xe
 1198 017c 3A       		.uleb128 0x3a
 1199 017d 0B       		.uleb128 0xb
 1200 017e 3B       		.uleb128 0x3b
 1201 017f 0B       		.uleb128 0xb
 1202 0180 27       		.uleb128 0x27
 1203 0181 19       		.uleb128 0x19
 1204 0182 49       		.uleb128 0x49
 1205 0183 13       		.uleb128 0x13
 1206 0184 3C       		.uleb128 0x3c
 1207 0185 19       		.uleb128 0x19
 1208 0186 01       		.uleb128 0x1
 1209 0187 13       		.uleb128 0x13
 1210 0188 00       		.byte	0
 1211 0189 00       		.byte	0
 1212 018a 1C       		.uleb128 0x1c
 1213 018b 2E       		.uleb128 0x2e
 1214 018c 01       		.byte	0x1
 1215 018d 3F       		.uleb128 0x3f
 1216 018e 19       		.uleb128 0x19
 1217 018f 03       		.uleb128 0x3
 1218 0190 0E       		.uleb128 0xe
 1219 0191 3A       		.uleb128 0x3a
 1220 0192 0B       		.uleb128 0xb
 1221 0193 3B       		.uleb128 0x3b
 1222 0194 0B       		.uleb128 0xb
 1223 0195 27       		.uleb128 0x27
 1224 0196 19       		.uleb128 0x19
 1225 0197 3C       		.uleb128 0x3c
 1226 0198 19       		.uleb128 0x19
 1227 0199 00       		.byte	0
 1228 019a 00       		.byte	0
 1229 019b 00       		.byte	0
 1230              		.section	.debug_loc,"",%progbits
 1231              	.Ldebug_loc0:
 1232              	.LLST0:
 1233 0000 00000000 		.4byte	.LVL0
 1234 0004 1E000000 		.4byte	.LVL3
 1235 0008 0100     		.2byte	0x1
 1236 000a 50       		.byte	0x50
 1237 000b 1E000000 		.4byte	.LVL3
 1238 000f 3E000000 		.4byte	.LFE0
 1239 0013 0100     		.2byte	0x1
 1240 0015 55       		.byte	0x55
 1241 0016 00000000 		.4byte	0
 1242 001a 00000000 		.4byte	0
 1243              	.LLST1:
 1244 001e 00000000 		.4byte	.LVL0
 1245 0022 1C000000 		.4byte	.LVL2
 1246 0026 0100     		.2byte	0x1
 1247 0028 51       		.byte	0x51
 1248 0029 1C000000 		.4byte	.LVL2
 1249 002d 21000000 		.4byte	.LVL4-1
 1250 0031 0200     		.2byte	0x2
 1251 0033 74       		.byte	0x74
ARM GAS  /tmp/ccPnso1E.s 			page 23


 1252 0034 24       		.sleb128 36
 1253 0035 21000000 		.4byte	.LVL4-1
 1254 0039 30000000 		.4byte	.LVL6
 1255 003d 0400     		.2byte	0x4
 1256 003f F3       		.byte	0xf3
 1257 0040 01       		.uleb128 0x1
 1258 0041 51       		.byte	0x51
 1259 0042 9F       		.byte	0x9f
 1260 0043 30000000 		.4byte	.LVL6
 1261 0047 36000000 		.4byte	.LVL7
 1262 004b 0100     		.2byte	0x1
 1263 004d 50       		.byte	0x50
 1264 004e 36000000 		.4byte	.LVL7
 1265 0052 3E000000 		.4byte	.LFE0
 1266 0056 0400     		.2byte	0x4
 1267 0058 F3       		.byte	0xf3
 1268 0059 01       		.uleb128 0x1
 1269 005a 51       		.byte	0x51
 1270 005b 9F       		.byte	0x9f
 1271 005c 00000000 		.4byte	0
 1272 0060 00000000 		.4byte	0
 1273              	.LLST2:
 1274 0064 1C000000 		.4byte	.LVL9
 1275 0068 26000000 		.4byte	.LVL10
 1276 006c 0100     		.2byte	0x1
 1277 006e 50       		.byte	0x50
 1278 006f 00000000 		.4byte	0
 1279 0073 00000000 		.4byte	0
 1280              	.LLST3:
 1281 0077 00000000 		.4byte	.LVL12
 1282 007b 09000000 		.4byte	.LVL13-1
 1283 007f 0100     		.2byte	0x1
 1284 0081 50       		.byte	0x50
 1285 0082 09000000 		.4byte	.LVL13-1
 1286 0086 10000000 		.4byte	.LFE2
 1287 008a 0400     		.2byte	0x4
 1288 008c F3       		.byte	0xf3
 1289 008d 01       		.uleb128 0x1
 1290 008e 50       		.byte	0x50
 1291 008f 9F       		.byte	0x9f
 1292 0090 00000000 		.4byte	0
 1293 0094 00000000 		.4byte	0
 1294              	.LLST4:
 1295 0098 00000000 		.4byte	.LVL12
 1296 009c 09000000 		.4byte	.LVL13-1
 1297 00a0 0100     		.2byte	0x1
 1298 00a2 51       		.byte	0x51
 1299 00a3 09000000 		.4byte	.LVL13-1
 1300 00a7 10000000 		.4byte	.LFE2
 1301 00ab 0400     		.2byte	0x4
 1302 00ad F3       		.byte	0xf3
 1303 00ae 01       		.uleb128 0x1
 1304 00af 51       		.byte	0x51
 1305 00b0 9F       		.byte	0x9f
 1306 00b1 00000000 		.4byte	0
 1307 00b5 00000000 		.4byte	0
 1308              		.section	.debug_aranges,"",%progbits
ARM GAS  /tmp/ccPnso1E.s 			page 24


 1309 0000 2C000000 		.4byte	0x2c
 1310 0004 0200     		.2byte	0x2
 1311 0006 00000000 		.4byte	.Ldebug_info0
 1312 000a 04       		.byte	0x4
 1313 000b 00       		.byte	0
 1314 000c 0000     		.2byte	0
 1315 000e 0000     		.2byte	0
 1316 0010 00000000 		.4byte	.LFB0
 1317 0014 3E000000 		.4byte	.LFE0-.LFB0
 1318 0018 00000000 		.4byte	.LFB1
 1319 001c 32000000 		.4byte	.LFE1-.LFB1
 1320 0020 00000000 		.4byte	.LFB2
 1321 0024 10000000 		.4byte	.LFE2-.LFB2
 1322 0028 00000000 		.4byte	0
 1323 002c 00000000 		.4byte	0
 1324              		.section	.debug_ranges,"",%progbits
 1325              	.Ldebug_ranges0:
 1326 0000 00000000 		.4byte	.LFB0
 1327 0004 3E000000 		.4byte	.LFE0
 1328 0008 00000000 		.4byte	.LFB1
 1329 000c 32000000 		.4byte	.LFE1
 1330 0010 00000000 		.4byte	.LFB2
 1331 0014 10000000 		.4byte	.LFE2
 1332 0018 00000000 		.4byte	0
 1333 001c 00000000 		.4byte	0
 1334              		.section	.debug_line,"",%progbits
 1335              	.Ldebug_line0:
 1336 0000 49010000 		.section	.debug_str,"MS",%progbits,1
 1336      0200FB00 
 1336      00000201 
 1336      FB0E0D00 
 1336      01010101 
 1337              	.LASF32:
 1338 0000 705F6D73 		.ascii	"p_msg\000"
 1338      6700
 1339              	.LASF62:
 1340 0006 2E2E2F6F 		.ascii	"../os/kernel/src/chmsg.c\000"
 1340      732F6B65 
 1340      726E656C 
 1340      2F737263 
 1340      2F63686D 
 1341              	.LASF57:
 1342 001f 71756575 		.ascii	"queue_insert\000"
 1342      655F696E 
 1342      73657274 
 1342      00
 1343              	.LASF51:
 1344 002c 7264796D 		.ascii	"rdymsg\000"
 1344      736700
 1345              	.LASF5:
 1346 0033 5F5F7569 		.ascii	"__uint8_t\000"
 1346      6E74385F 
 1346      7400
 1347              	.LASF61:
 1348 003d 474E5520 		.ascii	"GNU C 4.8.2 -mcpu=cortex-m3 -mno-thumb-interwork -m"
 1348      4320342E 
 1348      382E3220 
ARM GAS  /tmp/ccPnso1E.s 			page 25


 1348      2D6D6370 
 1348      753D636F 
 1349 0070 7468756D 		.ascii	"thumb -ggdb -O2 -fomit-frame-pointer -falign-functi"
 1349      62202D67 
 1349      67646220 
 1349      2D4F3220 
 1349      2D666F6D 
 1350 00a3 6F6E733D 		.ascii	"ons=16 -ffunction-sections -fdata-sections -fno-com"
 1350      3136202D 
 1350      6666756E 
 1350      6374696F 
 1350      6E2D7365 
 1351 00d6 6D6F6E20 		.ascii	"mon -fno-strict-aliasing\000"
 1351      2D666E6F 
 1351      2D737472 
 1351      6963742D 
 1351      616C6961 
 1352              	.LASF11:
 1353 00ef 6C6F6E67 		.ascii	"long long unsigned int\000"
 1353      206C6F6E 
 1353      6720756E 
 1353      7369676E 
 1353      65642069 
 1354              	.LASF52:
 1355 0106 65786974 		.ascii	"exitcode\000"
 1355      636F6465 
 1355      00
 1356              	.LASF25:
 1357 010f 705F7072 		.ascii	"p_prio\000"
 1357      696F00
 1358              	.LASF10:
 1359 0116 6C6F6E67 		.ascii	"long long int\000"
 1359      206C6F6E 
 1359      6720696E 
 1359      7400
 1360              	.LASF1:
 1361 0124 7369676E 		.ascii	"signed char\000"
 1361      65642063 
 1361      68617200 
 1362              	.LASF48:
 1363 0130 6D5F7175 		.ascii	"m_queue\000"
 1363      65756500 
 1364              	.LASF18:
 1365 0138 74736C69 		.ascii	"tslices_t\000"
 1365      6365735F 
 1365      7400
 1366              	.LASF7:
 1367 0142 6C6F6E67 		.ascii	"long int\000"
 1367      20696E74 
 1367      00
 1368              	.LASF55:
 1369 014b 63684D73 		.ascii	"chMsgSend\000"
 1369      6753656E 
 1369      6400
 1370              	.LASF17:
 1371 0155 74737461 		.ascii	"tstate_t\000"
 1371      74655F74 
ARM GAS  /tmp/ccPnso1E.s 			page 26


 1371      00
 1372              	.LASF8:
 1373 015e 5F5F7569 		.ascii	"__uint32_t\000"
 1373      6E743332 
 1373      5F7400
 1374              	.LASF38:
 1375 0169 72656761 		.ascii	"regarm_t\000"
 1375      726D5F74 
 1375      00
 1376              	.LASF0:
 1377 0172 756E7369 		.ascii	"unsigned int\000"
 1377      676E6564 
 1377      20696E74 
 1377      00
 1378              	.LASF9:
 1379 017f 6C6F6E67 		.ascii	"long unsigned int\000"
 1379      20756E73 
 1379      69676E65 
 1379      6420696E 
 1379      7400
 1380              	.LASF4:
 1381 0191 73686F72 		.ascii	"short unsigned int\000"
 1381      7420756E 
 1381      7369676E 
 1381      65642069 
 1381      6E7400
 1382              	.LASF20:
 1383 01a4 6D73675F 		.ascii	"msg_t\000"
 1383      7400
 1384              	.LASF16:
 1385 01aa 746D6F64 		.ascii	"tmode_t\000"
 1385      655F7400 
 1386              	.LASF37:
 1387 01b2 54687265 		.ascii	"ThreadsList\000"
 1387      6164734C 
 1387      69737400 
 1388              	.LASF21:
 1389 01be 6576656E 		.ascii	"eventmask_t\000"
 1389      746D6173 
 1389      6B5F7400 
 1390              	.LASF47:
 1391 01ca 4D757465 		.ascii	"Mutex\000"
 1391      7800
 1392              	.LASF41:
 1393 01d0 73697A65 		.ascii	"sizetype\000"
 1393      74797065 
 1393      00
 1394              	.LASF60:
 1395 01d9 6669666F 		.ascii	"fifo_remove\000"
 1395      5F72656D 
 1395      6F766500 
 1396              	.LASF36:
 1397 01e5 54687265 		.ascii	"ThreadsQueue\000"
 1397      61647351 
 1397      75657565 
 1397      00
 1398              	.LASF45:
ARM GAS  /tmp/ccPnso1E.s 			page 27


 1399 01f2 725F6375 		.ascii	"r_current\000"
 1399      7272656E 
 1399      7400
 1400              	.LASF24:
 1401 01fc 705F7072 		.ascii	"p_prev\000"
 1401      657600
 1402              	.LASF19:
 1403 0203 74707269 		.ascii	"tprio_t\000"
 1403      6F5F7400 
 1404              	.LASF15:
 1405 020b 5F426F6F 		.ascii	"_Bool\000"
 1405      6C00
 1406              	.LASF13:
 1407 0211 696E7433 		.ascii	"int32_t\000"
 1407      325F7400 
 1408              	.LASF2:
 1409 0219 756E7369 		.ascii	"unsigned char\000"
 1409      676E6564 
 1409      20636861 
 1409      7200
 1410              	.LASF34:
 1411 0227 705F6D74 		.ascii	"p_mtxlist\000"
 1411      786C6973 
 1411      7400
 1412              	.LASF3:
 1413 0231 73686F72 		.ascii	"short int\000"
 1413      7420696E 
 1413      7400
 1414              	.LASF27:
 1415 023b 705F7374 		.ascii	"p_state\000"
 1415      61746500 
 1416              	.LASF29:
 1417 0243 705F7072 		.ascii	"p_preempt\000"
 1417      65656D70 
 1417      7400
 1418              	.LASF43:
 1419 024d 725F7072 		.ascii	"r_prio\000"
 1419      696F00
 1420              	.LASF54:
 1421 0254 65776D61 		.ascii	"ewmask\000"
 1421      736B00
 1422              	.LASF23:
 1423 025b 705F6E65 		.ascii	"p_next\000"
 1423      787400
 1424              	.LASF28:
 1425 0262 705F666C 		.ascii	"p_flags\000"
 1425      61677300 
 1426              	.LASF22:
 1427 026a 54687265 		.ascii	"Thread\000"
 1427      616400
 1428              	.LASF64:
 1429 0271 63684D73 		.ascii	"chMsgRelease\000"
 1429      6752656C 
 1429      65617365 
 1429      00
 1430              	.LASF58:
 1431 027e 63685363 		.ascii	"chSchGoSleepS\000"
ARM GAS  /tmp/ccPnso1E.s 			page 28


 1431      68476F53 
 1431      6C656570 
 1431      5300
 1432              	.LASF33:
 1433 028c 705F6570 		.ascii	"p_epending\000"
 1433      656E6469 
 1433      6E6700
 1434              	.LASF14:
 1435 0297 75696E74 		.ascii	"uint32_t\000"
 1435      33325F74 
 1435      00
 1436              	.LASF42:
 1437 02a0 725F7175 		.ascii	"r_queue\000"
 1437      65756500 
 1438              	.LASF59:
 1439 02a8 63685363 		.ascii	"chSchReadyI\000"
 1439      68526561 
 1439      64794900 
 1440              	.LASF63:
 1441 02b4 2F686F6D 		.ascii	"/home/dltech/gdrive/Projects/RFM_to_Modbus_TCP/Chib"
 1441      652F646C 
 1441      74656368 
 1441      2F676472 
 1441      6976652F 
 1442 02e7 694F532F 		.ascii	"iOS/F103_ChibiOS_ENC60J28/main\000"
 1442      46313033 
 1442      5F436869 
 1442      62694F53 
 1442      5F454E43 
 1443              	.LASF50:
 1444 0306 6D5F6E65 		.ascii	"m_next\000"
 1444      787400
 1445              	.LASF35:
 1446 030d 705F7265 		.ascii	"p_realprio\000"
 1446      616C7072 
 1446      696F00
 1447              	.LASF6:
 1448 0318 5F5F696E 		.ascii	"__int32_t\000"
 1448      7433325F 
 1448      7400
 1449              	.LASF40:
 1450 0322 636F6E74 		.ascii	"context\000"
 1450      65787400 
 1451              	.LASF44:
 1452 032a 725F6374 		.ascii	"r_ctx\000"
 1452      7800
 1453              	.LASF39:
 1454 0330 696E7463 		.ascii	"intctx\000"
 1454      747800
 1455              	.LASF31:
 1456 0337 705F6D73 		.ascii	"p_msgqueue\000"
 1456      67717565 
 1456      756500
 1457              	.LASF66:
 1458 0342 63685363 		.ascii	"chSchWakeupS\000"
 1458      6857616B 
 1458      65757053 
ARM GAS  /tmp/ccPnso1E.s 			page 29


 1458      00
 1459              	.LASF56:
 1460 034f 63684D73 		.ascii	"chMsgWait\000"
 1460      67576169 
 1460      7400
 1461              	.LASF46:
 1462 0359 52656164 		.ascii	"ReadyList\000"
 1462      794C6973 
 1462      7400
 1463              	.LASF65:
 1464 0363 726C6973 		.ascii	"rlist\000"
 1464      7400
 1465              	.LASF12:
 1466 0369 75696E74 		.ascii	"uint8_t\000"
 1466      385F7400 
 1467              	.LASF53:
 1468 0371 77746F62 		.ascii	"wtobjp\000"
 1468      6A7000
 1469              	.LASF49:
 1470 0378 6D5F6F77 		.ascii	"m_owner\000"
 1470      6E657200 
 1471              	.LASF26:
 1472 0380 705F6374 		.ascii	"p_ctx\000"
 1472      7800
 1473              	.LASF30:
 1474 0386 705F7761 		.ascii	"p_waiting\000"
 1474      6974696E 
 1474      6700
 1475              		.ident	"GCC: (4.8.2-14ubuntu1+6) 4.8.2"
ARM GAS  /tmp/ccPnso1E.s 			page 30


DEFINED SYMBOLS
                            *ABS*:0000000000000000 chmsg.c
     /tmp/ccPnso1E.s:19     .text.chMsgSend:0000000000000000 $t
     /tmp/ccPnso1E.s:25     .text.chMsgSend:0000000000000000 chMsgSend
     /tmp/ccPnso1E.s:95     .text.chMsgWait:0000000000000000 $t
     /tmp/ccPnso1E.s:101    .text.chMsgWait:0000000000000000 chMsgWait
     /tmp/ccPnso1E.s:151    .text.chMsgRelease:0000000000000000 $t
     /tmp/ccPnso1E.s:157    .text.chMsgRelease:0000000000000000 chMsgRelease
                     .debug_frame:0000000000000010 $d

UNDEFINED SYMBOLS
rlist
_port_lock
queue_insert
chSchGoSleepS
_port_unlock
chSchReadyI
fifo_remove
chSchWakeupS
