ARM GAS  /tmp/cceCxyoD.s 			page 1


   1              		.syntax unified
   2              		.cpu cortex-m3
   3              		.fpu softvfp
   4              		.eabi_attribute 20, 1
   5              		.eabi_attribute 21, 1
   6              		.eabi_attribute 23, 3
   7              		.eabi_attribute 24, 1
   8              		.eabi_attribute 25, 1
   9              		.eabi_attribute 26, 1
  10              		.eabi_attribute 30, 2
  11              		.eabi_attribute 34, 1
  12              		.eabi_attribute 18, 4
  13              		.thumb
  14              		.file	"chsys.c"
  15              		.text
  16              	.Ltext0:
  17              		.cfi_sections	.debug_frame
  18              		.section	.text._idle_thread,"ax",%progbits
  19              		.align	2
  20              		.p2align 4,,15
  21              		.global	_idle_thread
  22              		.thumb
  23              		.thumb_func
  24              		.type	_idle_thread, %function
  25              	_idle_thread:
  26              	.LFB0:
  27              		.file 1 "../os/kernel/src/chsys.c"
  28              		.loc 1 61 0
  29              		.cfi_startproc
  30              		@ Volatile: function does not return.
  31              		@ args = 0, pretend = 0, frame = 0
  32              		@ frame_needed = 0, uses_anonymous_args = 0
  33              		@ link register save eliminated.
  34              	.LVL0:
  35              	.L2:
  36 0000 FEE7     		b	.L2
  37              		.cfi_endproc
  38              	.LFE0:
  39              		.size	_idle_thread, .-_idle_thread
  40 0002 00BFAFF3 		.section	.text.chSysInit,"ax",%progbits
  40      0080AFF3 
  40      0080AFF3 
  40      0080
  41              		.align	2
  42              		.p2align 4,,15
  43              		.global	chSysInit
  44              		.thumb
  45              		.thumb_func
  46              		.type	chSysInit, %function
  47              	chSysInit:
  48              	.LFB1:
  49              		.loc 1 84 0
  50              		.cfi_startproc
  51              		@ args = 0, pretend = 0, frame = 0
  52              		@ frame_needed = 0, uses_anonymous_args = 0
  53              		.loc 1 84 0
  54 0000 00B5     		push	{lr}
ARM GAS  /tmp/cceCxyoD.s 			page 2


  55              		.cfi_def_cfa_offset 4
  56              		.cfi_offset 14, -4
  57 0002 83B0     		sub	sp, sp, #12
  58              		.cfi_def_cfa_offset 16
  59              		.loc 1 90 0
  60 0004 FFF7FEFF 		bl	_port_init
  61              	.LVL1:
  62              		.loc 1 91 0
  63 0008 FFF7FEFF 		bl	_scheduler_init
  64              	.LVL2:
  65              		.loc 1 92 0
  66 000c FFF7FEFF 		bl	_vt_init
  67              	.LVL3:
  68              		.loc 1 104 0
  69 0010 40F20000 		movw	r0, #:lower16:.LANCHOR0
  70 0014 4021     		movs	r1, #64
  71 0016 C0F20000 		movt	r0, #:upper16:.LANCHOR0
  72 001a FFF7FEFF 		bl	_thread_init
  73              	.LVL4:
  74 001e 40F20003 		movw	r3, #:lower16:rlist
  75 0022 C0F20003 		movt	r3, #:upper16:rlist
  76              		.loc 1 105 0
  77 0026 0122     		movs	r2, #1
  78              		.loc 1 104 0
  79 0028 1861     		str	r0, [r3, #16]
  80              	.LBB2:
  81              		.loc 1 111 0
  82 002a 0023     		movs	r3, #0
  83              	.LBE2:
  84              		.loc 1 105 0
  85 002c 0274     		strb	r2, [r0, #16]
  86              	.LBB3:
  87              		.loc 1 111 0
  88              	@ 111 "../os/kernel/src/chsys.c" 1
  89 002e 83F31188 		msr     BASEPRI, r3                    
  90 0032 62B6     		cpsie   i
  91              	@ 0 "" 2
  92              		.thumb
  93              	.LBE3:
  94              		.loc 1 121 0
  95 0034 0022     		movs	r2, #0
  96 0036 40F20000 		movw	r0, #:lower16:.LANCHOR1
  97 003a 40F20003 		movw	r3, #:lower16:_idle_thread
  98 003e 0092     		str	r2, [sp]
  99 0040 C0F20003 		movt	r3, #:upper16:_idle_thread
 100 0044 C821     		movs	r1, #200
 101 0046 0122     		movs	r2, #1
 102 0048 C0F20000 		movt	r0, #:upper16:.LANCHOR1
 103 004c FFF7FEFF 		bl	chThdCreateStatic
 104              	.LVL5:
 105              		.loc 1 124 0
 106 0050 03B0     		add	sp, sp, #12
 107              		@ sp needed
 108 0052 5DF804FB 		ldr	pc, [sp], #4
 109              		.cfi_endproc
 110              	.LFE1:
 111              		.size	chSysInit, .-chSysInit
ARM GAS  /tmp/cceCxyoD.s 			page 3


 112 0056 00BFAFF3 		.section	.text.chSysTimerHandlerI,"ax",%progbits
 112      0080AFF3 
 112      0080
 113              		.align	2
 114              		.p2align 4,,15
 115              		.global	chSysTimerHandlerI
 116              		.thumb
 117              		.thumb_func
 118              		.type	chSysTimerHandlerI, %function
 119              	chSysTimerHandlerI:
 120              	.LFB2:
 121              		.loc 1 137 0
 122              		.cfi_startproc
 123              		@ args = 0, pretend = 0, frame = 0
 124              		@ frame_needed = 0, uses_anonymous_args = 0
 125 0000 70B5     		push	{r4, r5, r6, lr}
 126              		.cfi_def_cfa_offset 16
 127              		.cfi_offset 4, -16
 128              		.cfi_offset 5, -12
 129              		.cfi_offset 6, -8
 130              		.cfi_offset 14, -4
 131              		.loc 1 143 0
 132 0002 40F20003 		movw	r3, #:lower16:rlist
 133 0006 C0F20003 		movt	r3, #:upper16:rlist
 134 000a 1B69     		ldr	r3, [r3, #16]
 135 000c 9A7C     		ldrb	r2, [r3, #18]	@ zero_extendqisi2
 136 000e 0AB1     		cbz	r2, .L5
 137              		.loc 1 145 0
 138 0010 013A     		subs	r2, r2, #1
 139 0012 9A74     		strb	r2, [r3, #18]
 140              	.L5:
 141              		.loc 1 150 0
 142 0014 40F20003 		movw	r3, #:lower16:vtlist
 143 0018 C0F20003 		movt	r3, #:upper16:vtlist
 144 001c D968     		ldr	r1, [r3, #12]
 145 001e 1A68     		ldr	r2, [r3]
 146 0020 0131     		adds	r1, r1, #1
 147 0022 9A42     		cmp	r2, r3
 148 0024 D960     		str	r1, [r3, #12]
 149 0026 18D0     		beq	.L4
 150              	.LBB4:
 151              		.loc 1 150 0 is_stmt 0 discriminator 1
 152 0028 9668     		ldr	r6, [r2, #8]
 153 002a 013E     		subs	r6, r6, #1
 154 002c 9660     		str	r6, [r2, #8]
 155              	.LVL6:
 156 002e A6B9     		cbnz	r6, .L4
 157              		.loc 1 150 0
 158 0030 1D46     		mov	r5, r3
 159              	.L8:
 160              	.LBB5:
 161              		.loc 1 150 0 discriminator 2
 162 0032 1168     		ldr	r1, [r2]
 163 0034 D468     		ldr	r4, [r2, #12]
 164              	.LVL7:
 165 0036 D660     		str	r6, [r2, #12]
 166 0038 4B60     		str	r3, [r1, #4]
ARM GAS  /tmp/cceCxyoD.s 			page 4


 167 003a 1168     		ldr	r1, [r2]
 168 003c 1960     		str	r1, [r3]
 169              	@ 150 "../os/kernel/src/chsys.c" 1
 170 003e FFF7FEFF 		bl      _port_unlock
 171              	@ 0 "" 2
 172              		.thumb
 173 0042 1069     		ldr	r0, [r2, #16]
 174 0044 A047     		blx	r4
 175              	.LVL8:
 176              	@ 150 "../os/kernel/src/chsys.c" 1
 177 0046 FFF7FEFF 		bl      _port_lock
 178              	@ 0 "" 2
 179              		.thumb
 180              	.LBE5:
 181 004a 2A68     		ldr	r2, [r5]
 182              	.LVL9:
 183 004c 40F20003 		movw	r3, #:lower16:vtlist
 184 0050 9168     		ldr	r1, [r2, #8]
 185 0052 C0F20003 		movt	r3, #:upper16:vtlist
 186 0056 0029     		cmp	r1, #0
 187 0058 EBD0     		beq	.L8
 188              	.LVL10:
 189              	.L4:
 190 005a 70BD     		pop	{r4, r5, r6, pc}
 191              	.LBE4:
 192              		.cfi_endproc
 193              	.LFE2:
 194              		.size	chSysTimerHandlerI, .-chSysTimerHandlerI
 195              		.global	_idle_thread_wa
 196 005c AFF30080 		.section	.bss.mainthread.4670,"aw",%nobits
 197              		.align	2
 198              		.set	.LANCHOR0,. + 0
 199              		.type	mainthread.4670, %object
 200              		.size	mainthread.4670, 52
 201              	mainthread.4670:
 202 0000 00000000 		.space	52
 202      00000000 
 202      00000000 
 202      00000000 
 202      00000000 
 203              		.section	.bss._idle_thread_wa,"aw",%nobits
 204              		.align	3
 205              		.set	.LANCHOR1,. + 0
 206              		.type	_idle_thread_wa, %object
 207              		.size	_idle_thread_wa, 200
 208              	_idle_thread_wa:
 209 0000 00000000 		.space	200
 209      00000000 
 209      00000000 
 209      00000000 
 209      00000000 
 210              		.text
 211              	.Letext0:
 212              		.file 2 "/usr/lib/gcc/arm-none-eabi/4.8.2/include/stddef.h"
 213              		.file 3 "/usr/include/newlib/machine/_default_types.h"
 214              		.file 4 "/usr/include/newlib/stdint.h"
 215              		.file 5 "../os/ports/GCC/ARMCMx/chtypes.h"
ARM GAS  /tmp/cceCxyoD.s 			page 5


 216              		.file 6 "../os/kernel/include/chlists.h"
 217              		.file 7 "../os/kernel/include/chthreads.h"
 218              		.file 8 "../os/ports/GCC/ARMCMx/chcore_v7m.h"
 219              		.file 9 "../os/kernel/include/chvt.h"
 220              		.file 10 "../os/kernel/include/chschd.h"
 221              		.file 11 "../os/kernel/include/chmtx.h"
 222              		.section	.debug_info,"",%progbits
 223              	.Ldebug_info0:
 224 0000 2E060000 		.4byte	0x62e
 225 0004 0400     		.2byte	0x4
 226 0006 00000000 		.4byte	.Ldebug_abbrev0
 227 000a 04       		.byte	0x4
 228 000b 01       		.uleb128 0x1
 229 000c 2F000000 		.4byte	.LASF80
 230 0010 01       		.byte	0x1
 231 0011 14040000 		.4byte	.LASF81
 232 0015 3D030000 		.4byte	.LASF82
 233 0019 18000000 		.4byte	.Ldebug_ranges0+0x18
 234 001d 00000000 		.4byte	0
 235 0021 00000000 		.4byte	.Ldebug_line0
 236 0025 02       		.uleb128 0x2
 237 0026 04       		.byte	0x4
 238 0027 05       		.byte	0x5
 239 0028 696E7400 		.ascii	"int\000"
 240 002c 03       		.uleb128 0x3
 241 002d 0E000000 		.4byte	.LASF2
 242 0031 02       		.byte	0x2
 243 0032 D4       		.byte	0xd4
 244 0033 37000000 		.4byte	0x37
 245 0037 04       		.uleb128 0x4
 246 0038 04       		.byte	0x4
 247 0039 07       		.byte	0x7
 248 003a B1010000 		.4byte	.LASF0
 249 003e 04       		.uleb128 0x4
 250 003f 01       		.byte	0x1
 251 0040 06       		.byte	0x6
 252 0041 4B010000 		.4byte	.LASF1
 253 0045 03       		.uleb128 0x3
 254 0046 25000000 		.4byte	.LASF3
 255 004a 03       		.byte	0x3
 256 004b 1C       		.byte	0x1c
 257 004c 50000000 		.4byte	0x50
 258 0050 04       		.uleb128 0x4
 259 0051 01       		.byte	0x1
 260 0052 08       		.byte	0x8
 261 0053 AF020000 		.4byte	.LASF4
 262 0057 04       		.uleb128 0x4
 263 0058 02       		.byte	0x2
 264 0059 05       		.byte	0x5
 265 005a C7020000 		.4byte	.LASF5
 266 005e 04       		.uleb128 0x4
 267 005f 02       		.byte	0x2
 268 0060 07       		.byte	0x7
 269 0061 E1010000 		.4byte	.LASF6
 270 0065 03       		.uleb128 0x3
 271 0066 AB030000 		.4byte	.LASF7
 272 006a 03       		.byte	0x3
ARM GAS  /tmp/cceCxyoD.s 			page 6


 273 006b 37       		.byte	0x37
 274 006c 70000000 		.4byte	0x70
 275 0070 04       		.uleb128 0x4
 276 0071 04       		.byte	0x4
 277 0072 05       		.byte	0x5
 278 0073 73010000 		.4byte	.LASF8
 279 0077 03       		.uleb128 0x3
 280 0078 95010000 		.4byte	.LASF9
 281 007c 03       		.byte	0x3
 282 007d 38       		.byte	0x38
 283 007e 82000000 		.4byte	0x82
 284 0082 04       		.uleb128 0x4
 285 0083 04       		.byte	0x4
 286 0084 07       		.byte	0x7
 287 0085 C6010000 		.4byte	.LASF10
 288 0089 04       		.uleb128 0x4
 289 008a 08       		.byte	0x8
 290 008b 05       		.byte	0x5
 291 008c 3D010000 		.4byte	.LASF11
 292 0090 03       		.uleb128 0x3
 293 0091 87020000 		.4byte	.LASF12
 294 0095 03       		.byte	0x3
 295 0096 4E       		.byte	0x4e
 296 0097 9B000000 		.4byte	0x9b
 297 009b 04       		.uleb128 0x4
 298 009c 08       		.byte	0x8
 299 009d 07       		.byte	0x7
 300 009e FB000000 		.4byte	.LASF13
 301 00a2 03       		.uleb128 0x3
 302 00a3 EF030000 		.4byte	.LASF14
 303 00a7 04       		.byte	0x4
 304 00a8 2A       		.byte	0x2a
 305 00a9 45000000 		.4byte	0x45
 306 00ad 03       		.uleb128 0x3
 307 00ae A7020000 		.4byte	.LASF15
 308 00b2 04       		.byte	0x4
 309 00b3 41       		.byte	0x41
 310 00b4 65000000 		.4byte	0x65
 311 00b8 03       		.uleb128 0x3
 312 00b9 12030000 		.4byte	.LASF16
 313 00bd 04       		.byte	0x4
 314 00be 42       		.byte	0x42
 315 00bf 77000000 		.4byte	0x77
 316 00c3 03       		.uleb128 0x3
 317 00c4 1C000000 		.4byte	.LASF17
 318 00c8 04       		.byte	0x4
 319 00c9 4E       		.byte	0x4e
 320 00ca 90000000 		.4byte	0x90
 321 00ce 04       		.uleb128 0x4
 322 00cf 01       		.byte	0x1
 323 00d0 02       		.byte	0x2
 324 00d1 A1020000 		.4byte	.LASF18
 325 00d5 03       		.uleb128 0x3
 326 00d6 FA010000 		.4byte	.LASF19
 327 00da 05       		.byte	0x5
 328 00db 2C       		.byte	0x2c
 329 00dc A2000000 		.4byte	0xa2
ARM GAS  /tmp/cceCxyoD.s 			page 7


 330 00e0 03       		.uleb128 0x3
 331 00e1 7C010000 		.4byte	.LASF20
 332 00e5 05       		.byte	0x5
 333 00e6 2D       		.byte	0x2d
 334 00e7 A2000000 		.4byte	0xa2
 335 00eb 03       		.uleb128 0x3
 336 00ec 69010000 		.4byte	.LASF21
 337 00f0 05       		.byte	0x5
 338 00f1 2F       		.byte	0x2f
 339 00f2 A2000000 		.4byte	0xa2
 340 00f6 03       		.uleb128 0x3
 341 00f7 99020000 		.4byte	.LASF22
 342 00fb 05       		.byte	0x5
 343 00fc 30       		.byte	0x30
 344 00fd B8000000 		.4byte	0xb8
 345 0101 03       		.uleb128 0x3
 346 0102 F4010000 		.4byte	.LASF23
 347 0106 05       		.byte	0x5
 348 0107 31       		.byte	0x31
 349 0108 AD000000 		.4byte	0xad
 350 010c 03       		.uleb128 0x3
 351 010d 0E020000 		.4byte	.LASF24
 352 0111 05       		.byte	0x5
 353 0112 33       		.byte	0x33
 354 0113 B8000000 		.4byte	0xb8
 355 0117 03       		.uleb128 0x3
 356 0118 96030000 		.4byte	.LASF25
 357 011c 05       		.byte	0x5
 358 011d 35       		.byte	0x35
 359 011e B8000000 		.4byte	0xb8
 360 0122 03       		.uleb128 0x3
 361 0123 00030000 		.4byte	.LASF26
 362 0127 06       		.byte	0x6
 363 0128 2A       		.byte	0x2a
 364 0129 2D010000 		.4byte	0x12d
 365 012d 05       		.uleb128 0x5
 366 012e 00030000 		.4byte	.LASF26
 367 0132 34       		.byte	0x34
 368 0133 07       		.byte	0x7
 369 0134 5E       		.byte	0x5e
 370 0135 E2010000 		.4byte	0x1e2
 371 0139 06       		.uleb128 0x6
 372 013a F1020000 		.4byte	.LASF27
 373 013e 07       		.byte	0x7
 374 013f 5F       		.byte	0x5f
 375 0140 03020000 		.4byte	0x203
 376 0144 00       		.byte	0
 377 0145 06       		.uleb128 0x6
 378 0146 92020000 		.4byte	.LASF28
 379 014a 07       		.byte	0x7
 380 014b 61       		.byte	0x61
 381 014c 03020000 		.4byte	0x203
 382 0150 04       		.byte	0x4
 383 0151 06       		.uleb128 0x6
 384 0152 26010000 		.4byte	.LASF29
 385 0156 07       		.byte	0x7
 386 0157 63       		.byte	0x63
ARM GAS  /tmp/cceCxyoD.s 			page 8


 387 0158 F6000000 		.4byte	0xf6
 388 015c 08       		.byte	0x8
 389 015d 06       		.uleb128 0x6
 390 015e 35040000 		.4byte	.LASF30
 391 0162 07       		.byte	0x7
 392 0163 64       		.byte	0x64
 393 0164 C8020000 		.4byte	0x2c8
 394 0168 0C       		.byte	0xc
 395 0169 06       		.uleb128 0x6
 396 016a D1020000 		.4byte	.LASF31
 397 016e 07       		.byte	0x7
 398 016f 79       		.byte	0x79
 399 0170 E0000000 		.4byte	0xe0
 400 0174 10       		.byte	0x10
 401 0175 06       		.uleb128 0x6
 402 0176 F8020000 		.4byte	.LASF32
 403 017a 07       		.byte	0x7
 404 017b 7D       		.byte	0x7d
 405 017c D5000000 		.4byte	0xd5
 406 0180 11       		.byte	0x11
 407 0181 06       		.uleb128 0x6
 408 0182 D9020000 		.4byte	.LASF33
 409 0186 07       		.byte	0x7
 410 0187 88       		.byte	0x88
 411 0188 EB000000 		.4byte	0xeb
 412 018c 12       		.byte	0x12
 413 018d 07       		.uleb128 0x7
 414 018e 705F7500 		.ascii	"p_u\000"
 415 0192 07       		.byte	0x7
 416 0193 B4       		.byte	0xb4
 417 0194 35040000 		.4byte	0x435
 418 0198 14       		.byte	0x14
 419 0199 06       		.uleb128 0x6
 420 019a 3B040000 		.4byte	.LASF34
 421 019e 07       		.byte	0x7
 422 019f B9       		.byte	0xb9
 423 01a0 29020000 		.4byte	0x229
 424 01a4 18       		.byte	0x18
 425 01a5 06       		.uleb128 0x6
 426 01a6 CD030000 		.4byte	.LASF35
 427 01aa 07       		.byte	0x7
 428 01ab BF       		.byte	0xbf
 429 01ac 09020000 		.4byte	0x209
 430 01b0 1C       		.byte	0x1c
 431 01b1 06       		.uleb128 0x6
 432 01b2 08000000 		.4byte	.LASF36
 433 01b6 07       		.byte	0x7
 434 01b7 C3       		.byte	0xc3
 435 01b8 01010000 		.4byte	0x101
 436 01bc 24       		.byte	0x24
 437 01bd 06       		.uleb128 0x6
 438 01be 07030000 		.4byte	.LASF37
 439 01c2 07       		.byte	0x7
 440 01c3 C9       		.byte	0xc9
 441 01c4 0C010000 		.4byte	0x10c
 442 01c8 28       		.byte	0x28
 443 01c9 06       		.uleb128 0x6
ARM GAS  /tmp/cceCxyoD.s 			page 9


 444 01ca BD020000 		.4byte	.LASF38
 445 01ce 07       		.byte	0x7
 446 01cf D0       		.byte	0xd0
 447 01d0 6A040000 		.4byte	0x46a
 448 01d4 2C       		.byte	0x2c
 449 01d5 06       		.uleb128 0x6
 450 01d6 A0030000 		.4byte	.LASF39
 451 01da 07       		.byte	0x7
 452 01db D4       		.byte	0xd4
 453 01dc F6000000 		.4byte	0xf6
 454 01e0 30       		.byte	0x30
 455 01e1 00       		.byte	0
 456 01e2 08       		.uleb128 0x8
 457 01e3 08       		.byte	0x8
 458 01e4 06       		.byte	0x6
 459 01e5 61       		.byte	0x61
 460 01e6 03020000 		.4byte	0x203
 461 01ea 06       		.uleb128 0x6
 462 01eb F1020000 		.4byte	.LASF27
 463 01ef 06       		.byte	0x6
 464 01f0 62       		.byte	0x62
 465 01f1 03020000 		.4byte	0x203
 466 01f5 00       		.byte	0
 467 01f6 06       		.uleb128 0x6
 468 01f7 92020000 		.4byte	.LASF28
 469 01fb 06       		.byte	0x6
 470 01fc 64       		.byte	0x64
 471 01fd 03020000 		.4byte	0x203
 472 0201 04       		.byte	0x4
 473 0202 00       		.byte	0
 474 0203 09       		.uleb128 0x9
 475 0204 04       		.byte	0x4
 476 0205 22010000 		.4byte	0x122
 477 0209 03       		.uleb128 0x3
 478 020a 63020000 		.4byte	.LASF40
 479 020e 06       		.byte	0x6
 480 020f 66       		.byte	0x66
 481 0210 E2010000 		.4byte	0x1e2
 482 0214 08       		.uleb128 0x8
 483 0215 04       		.byte	0x4
 484 0216 06       		.byte	0x6
 485 0217 6B       		.byte	0x6b
 486 0218 29020000 		.4byte	0x229
 487 021c 06       		.uleb128 0x6
 488 021d F1020000 		.4byte	.LASF27
 489 0221 06       		.byte	0x6
 490 0222 6D       		.byte	0x6d
 491 0223 03020000 		.4byte	0x203
 492 0227 00       		.byte	0
 493 0228 00       		.byte	0
 494 0229 03       		.uleb128 0x3
 495 022a 02020000 		.4byte	.LASF41
 496 022e 06       		.byte	0x6
 497 022f 70       		.byte	0x70
 498 0230 14020000 		.4byte	0x214
 499 0234 03       		.uleb128 0x3
 500 0235 A0010000 		.4byte	.LASF42
ARM GAS  /tmp/cceCxyoD.s 			page 10


 501 0239 08       		.byte	0x8
 502 023a E5       		.byte	0xe5
 503 023b 3F020000 		.4byte	0x23f
 504 023f 0A       		.uleb128 0xa
 505 0240 04       		.byte	0x4
 506 0241 03       		.uleb128 0x3
 507 0242 20020000 		.4byte	.LASF43
 508 0246 08       		.byte	0x8
 509 0247 EB       		.byte	0xeb
 510 0248 C3000000 		.4byte	0xc3
 511 024c 0B       		.uleb128 0xb
 512 024d C6030000 		.4byte	.LASF44
 513 0251 24       		.byte	0x24
 514 0252 08       		.byte	0x8
 515 0253 0C01     		.2byte	0x10c
 516 0255 C8020000 		.4byte	0x2c8
 517 0259 0C       		.uleb128 0xc
 518 025a 723400   		.ascii	"r4\000"
 519 025d 08       		.byte	0x8
 520 025e 1F01     		.2byte	0x11f
 521 0260 34020000 		.4byte	0x234
 522 0264 00       		.byte	0
 523 0265 0C       		.uleb128 0xc
 524 0266 723500   		.ascii	"r5\000"
 525 0269 08       		.byte	0x8
 526 026a 2001     		.2byte	0x120
 527 026c 34020000 		.4byte	0x234
 528 0270 04       		.byte	0x4
 529 0271 0C       		.uleb128 0xc
 530 0272 723600   		.ascii	"r6\000"
 531 0275 08       		.byte	0x8
 532 0276 2101     		.2byte	0x121
 533 0278 34020000 		.4byte	0x234
 534 027c 08       		.byte	0x8
 535 027d 0C       		.uleb128 0xc
 536 027e 723700   		.ascii	"r7\000"
 537 0281 08       		.byte	0x8
 538 0282 2201     		.2byte	0x122
 539 0284 34020000 		.4byte	0x234
 540 0288 0C       		.byte	0xc
 541 0289 0C       		.uleb128 0xc
 542 028a 723800   		.ascii	"r8\000"
 543 028d 08       		.byte	0x8
 544 028e 2301     		.2byte	0x123
 545 0290 34020000 		.4byte	0x234
 546 0294 10       		.byte	0x10
 547 0295 0C       		.uleb128 0xc
 548 0296 723900   		.ascii	"r9\000"
 549 0299 08       		.byte	0x8
 550 029a 2401     		.2byte	0x124
 551 029c 34020000 		.4byte	0x234
 552 02a0 14       		.byte	0x14
 553 02a1 0C       		.uleb128 0xc
 554 02a2 72313000 		.ascii	"r10\000"
 555 02a6 08       		.byte	0x8
 556 02a7 2501     		.2byte	0x125
 557 02a9 34020000 		.4byte	0x234
ARM GAS  /tmp/cceCxyoD.s 			page 11


 558 02ad 18       		.byte	0x18
 559 02ae 0C       		.uleb128 0xc
 560 02af 72313100 		.ascii	"r11\000"
 561 02b3 08       		.byte	0x8
 562 02b4 2601     		.2byte	0x126
 563 02b6 34020000 		.4byte	0x234
 564 02ba 1C       		.byte	0x1c
 565 02bb 0C       		.uleb128 0xc
 566 02bc 6C7200   		.ascii	"lr\000"
 567 02bf 08       		.byte	0x8
 568 02c0 2701     		.2byte	0x127
 569 02c2 34020000 		.4byte	0x234
 570 02c6 20       		.byte	0x20
 571 02c7 00       		.byte	0
 572 02c8 0B       		.uleb128 0xb
 573 02c9 BE030000 		.4byte	.LASF45
 574 02cd 04       		.byte	0x4
 575 02ce 08       		.byte	0x8
 576 02cf 3101     		.2byte	0x131
 577 02d1 E3020000 		.4byte	0x2e3
 578 02d5 0C       		.uleb128 0xc
 579 02d6 72313300 		.ascii	"r13\000"
 580 02da 08       		.byte	0x8
 581 02db 3201     		.2byte	0x132
 582 02dd E3020000 		.4byte	0x2e3
 583 02e1 00       		.byte	0
 584 02e2 00       		.byte	0
 585 02e3 09       		.uleb128 0x9
 586 02e4 04       		.byte	0x4
 587 02e5 4C020000 		.4byte	0x24c
 588 02e9 04       		.uleb128 0x4
 589 02ea 04       		.byte	0x4
 590 02eb 07       		.byte	0x7
 591 02ec 45020000 		.4byte	.LASF46
 592 02f0 03       		.uleb128 0x3
 593 02f1 D8010000 		.4byte	.LASF47
 594 02f5 09       		.byte	0x9
 595 02f6 58       		.byte	0x58
 596 02f7 FB020000 		.4byte	0x2fb
 597 02fb 09       		.uleb128 0x9
 598 02fc 04       		.byte	0x4
 599 02fd 01030000 		.4byte	0x301
 600 0301 0D       		.uleb128 0xd
 601 0302 0C030000 		.4byte	0x30c
 602 0306 0E       		.uleb128 0xe
 603 0307 3F020000 		.4byte	0x23f
 604 030b 00       		.byte	0
 605 030c 03       		.uleb128 0x3
 606 030d 30030000 		.4byte	.LASF48
 607 0311 09       		.byte	0x9
 608 0312 5D       		.byte	0x5d
 609 0313 17030000 		.4byte	0x317
 610 0317 05       		.uleb128 0x5
 611 0318 30030000 		.4byte	.LASF48
 612 031c 14       		.byte	0x14
 613 031d 09       		.byte	0x9
 614 031e 64       		.byte	0x64
ARM GAS  /tmp/cceCxyoD.s 			page 12


 615 031f 60030000 		.4byte	0x360
 616 0323 06       		.uleb128 0x6
 617 0324 BE010000 		.4byte	.LASF49
 618 0328 09       		.byte	0x9
 619 0329 65       		.byte	0x65
 620 032a 60030000 		.4byte	0x360
 621 032e 00       		.byte	0
 622 032f 06       		.uleb128 0x6
 623 0330 A9010000 		.4byte	.LASF50
 624 0334 09       		.byte	0x9
 625 0335 67       		.byte	0x67
 626 0336 60030000 		.4byte	0x360
 627 033a 04       		.byte	0x4
 628 033b 06       		.uleb128 0x6
 629 033c 3D020000 		.4byte	.LASF51
 630 0340 09       		.byte	0x9
 631 0341 69       		.byte	0x69
 632 0342 17010000 		.4byte	0x117
 633 0346 08       		.byte	0x8
 634 0347 06       		.uleb128 0x6
 635 0348 4E020000 		.4byte	.LASF52
 636 034c 09       		.byte	0x9
 637 034d 6A       		.byte	0x6a
 638 034e F0020000 		.4byte	0x2f0
 639 0352 0C       		.byte	0xc
 640 0353 06       		.uleb128 0x6
 641 0354 D8030000 		.4byte	.LASF53
 642 0358 09       		.byte	0x9
 643 0359 6C       		.byte	0x6c
 644 035a 3F020000 		.4byte	0x23f
 645 035e 10       		.byte	0x10
 646 035f 00       		.byte	0
 647 0360 09       		.uleb128 0x9
 648 0361 04       		.byte	0x4
 649 0362 0C030000 		.4byte	0x30c
 650 0366 08       		.uleb128 0x8
 651 0367 10       		.byte	0x10
 652 0368 09       		.byte	0x9
 653 0369 76       		.byte	0x76
 654 036a 9F030000 		.4byte	0x39f
 655 036e 06       		.uleb128 0x6
 656 036f BE010000 		.4byte	.LASF49
 657 0373 09       		.byte	0x9
 658 0374 77       		.byte	0x77
 659 0375 60030000 		.4byte	0x360
 660 0379 00       		.byte	0
 661 037a 06       		.uleb128 0x6
 662 037b A9010000 		.4byte	.LASF50
 663 037f 09       		.byte	0x9
 664 0380 79       		.byte	0x79
 665 0381 60030000 		.4byte	0x360
 666 0385 04       		.byte	0x4
 667 0386 06       		.uleb128 0x6
 668 0387 3D020000 		.4byte	.LASF51
 669 038b 09       		.byte	0x9
 670 038c 7B       		.byte	0x7b
 671 038d 17010000 		.4byte	0x117
ARM GAS  /tmp/cceCxyoD.s 			page 13


 672 0391 08       		.byte	0x8
 673 0392 06       		.uleb128 0x6
 674 0393 09040000 		.4byte	.LASF54
 675 0397 09       		.byte	0x9
 676 0398 7C       		.byte	0x7c
 677 0399 9F030000 		.4byte	0x39f
 678 039d 0C       		.byte	0xc
 679 039e 00       		.byte	0
 680 039f 0F       		.uleb128 0xf
 681 03a0 17010000 		.4byte	0x117
 682 03a4 03       		.uleb128 0x3
 683 03a5 56020000 		.4byte	.LASF55
 684 03a9 09       		.byte	0x9
 685 03aa 7D       		.byte	0x7d
 686 03ab 66030000 		.4byte	0x366
 687 03af 08       		.uleb128 0x8
 688 03b0 14       		.byte	0x14
 689 03b1 0A       		.byte	0xa
 690 03b2 5E       		.byte	0x5e
 691 03b3 E8030000 		.4byte	0x3e8
 692 03b7 06       		.uleb128 0x6
 693 03b8 28030000 		.4byte	.LASF56
 694 03bc 0A       		.byte	0xa
 695 03bd 5F       		.byte	0x5f
 696 03be 09020000 		.4byte	0x209
 697 03c2 00       		.byte	0
 698 03c3 06       		.uleb128 0x6
 699 03c4 E3020000 		.4byte	.LASF57
 700 03c8 0A       		.byte	0xa
 701 03c9 60       		.byte	0x60
 702 03ca F6000000 		.4byte	0xf6
 703 03ce 08       		.byte	0x8
 704 03cf 06       		.uleb128 0x6
 705 03d0 5D020000 		.4byte	.LASF58
 706 03d4 0A       		.byte	0xa
 707 03d5 62       		.byte	0x62
 708 03d6 C8020000 		.4byte	0x2c8
 709 03da 0C       		.byte	0xc
 710 03db 06       		.uleb128 0x6
 711 03dc 70020000 		.4byte	.LASF59
 712 03e0 0A       		.byte	0xa
 713 03e1 69       		.byte	0x69
 714 03e2 03020000 		.4byte	0x203
 715 03e6 10       		.byte	0x10
 716 03e7 00       		.byte	0
 717 03e8 03       		.uleb128 0x3
 718 03e9 DF030000 		.4byte	.LASF60
 719 03ed 0A       		.byte	0xa
 720 03ee 6B       		.byte	0x6b
 721 03ef AF030000 		.4byte	0x3af
 722 03f3 05       		.uleb128 0x5
 723 03f4 1A020000 		.4byte	.LASF61
 724 03f8 10       		.byte	0x10
 725 03f9 0B       		.byte	0xb
 726 03fa 2C       		.byte	0x2c
 727 03fb 24040000 		.4byte	0x424
 728 03ff 06       		.uleb128 0x6
ARM GAS  /tmp/cceCxyoD.s 			page 14


 729 0400 61010000 		.4byte	.LASF62
 730 0404 0B       		.byte	0xb
 731 0405 2D       		.byte	0x2d
 732 0406 09020000 		.4byte	0x209
 733 040a 00       		.byte	0
 734 040b 06       		.uleb128 0x6
 735 040c 2D040000 		.4byte	.LASF63
 736 0410 0B       		.byte	0xb
 737 0411 2F       		.byte	0x2f
 738 0412 03020000 		.4byte	0x203
 739 0416 08       		.byte	0x8
 740 0417 06       		.uleb128 0x6
 741 0418 8F030000 		.4byte	.LASF64
 742 041c 0B       		.byte	0xb
 743 041d 31       		.byte	0x31
 744 041e 24040000 		.4byte	0x424
 745 0422 0C       		.byte	0xc
 746 0423 00       		.byte	0
 747 0424 09       		.uleb128 0x9
 748 0425 04       		.byte	0x4
 749 0426 F3030000 		.4byte	0x3f3
 750 042a 03       		.uleb128 0x3
 751 042b 1A020000 		.4byte	.LASF61
 752 042f 0B       		.byte	0xb
 753 0430 33       		.byte	0x33
 754 0431 F3030000 		.4byte	0x3f3
 755 0435 10       		.uleb128 0x10
 756 0436 04       		.byte	0x4
 757 0437 07       		.byte	0x7
 758 0438 96       		.byte	0x96
 759 0439 6A040000 		.4byte	0x46a
 760 043d 11       		.uleb128 0x11
 761 043e 15000000 		.4byte	.LASF65
 762 0442 07       		.byte	0x7
 763 0443 9D       		.byte	0x9d
 764 0444 01010000 		.4byte	0x101
 765 0448 11       		.uleb128 0x11
 766 0449 12010000 		.4byte	.LASF66
 767 044d 07       		.byte	0x7
 768 044e A4       		.byte	0xa4
 769 044f 01010000 		.4byte	0x101
 770 0453 11       		.uleb128 0x11
 771 0454 02040000 		.4byte	.LASF67
 772 0458 07       		.byte	0x7
 773 0459 AB       		.byte	0xab
 774 045a 3F020000 		.4byte	0x23f
 775 045e 11       		.uleb128 0x11
 776 045f EA020000 		.4byte	.LASF68
 777 0463 07       		.byte	0x7
 778 0464 B2       		.byte	0xb2
 779 0465 0C010000 		.4byte	0x10c
 780 0469 00       		.byte	0
 781 046a 09       		.uleb128 0x9
 782 046b 04       		.byte	0x4
 783 046c 2A040000 		.4byte	0x42a
 784 0470 03       		.uleb128 0x3
 785 0471 00000000 		.4byte	.LASF69
ARM GAS  /tmp/cceCxyoD.s 			page 15


 786 0475 07       		.byte	0x7
 787 0476 E5       		.byte	0xe5
 788 0477 7B040000 		.4byte	0x47b
 789 047b 09       		.uleb128 0x9
 790 047c 04       		.byte	0x4
 791 047d 81040000 		.4byte	0x481
 792 0481 12       		.uleb128 0x12
 793 0482 01010000 		.4byte	0x101
 794 0486 90040000 		.4byte	0x490
 795 048a 0E       		.uleb128 0xe
 796 048b 3F020000 		.4byte	0x23f
 797 048f 00       		.byte	0
 798 0490 13       		.uleb128 0x13
 799 0491 7A020000 		.4byte	.LASF70
 800 0495 01       		.byte	0x1
 801 0496 3D       		.byte	0x3d
 802 0497 00000000 		.4byte	.LFB0
 803 049b 02000000 		.4byte	.LFE0-.LFB0
 804 049f 01       		.uleb128 0x1
 805 04a0 9C       		.byte	0x9c
 806 04a1 B1040000 		.4byte	0x4b1
 807 04a5 14       		.uleb128 0x14
 808 04a6 7000     		.ascii	"p\000"
 809 04a8 01       		.byte	0x1
 810 04a9 3D       		.byte	0x3d
 811 04aa 3F020000 		.4byte	0x23f
 812 04ae 01       		.uleb128 0x1
 813 04af 50       		.byte	0x50
 814 04b0 00       		.byte	0
 815 04b1 13       		.uleb128 0x13
 816 04b2 57010000 		.4byte	.LASF71
 817 04b6 01       		.byte	0x1
 818 04b7 54       		.byte	0x54
 819 04b8 00000000 		.4byte	.LFB1
 820 04bc 56000000 		.4byte	.LFE1-.LFB1
 821 04c0 01       		.uleb128 0x1
 822 04c1 9C       		.byte	0x9c
 823 04c2 54050000 		.4byte	0x554
 824 04c6 15       		.uleb128 0x15
 825 04c7 1B010000 		.4byte	.LASF72
 826 04cb 01       		.byte	0x1
 827 04cc 55       		.byte	0x55
 828 04cd 22010000 		.4byte	0x122
 829 04d1 05       		.uleb128 0x5
 830 04d2 03       		.byte	0x3
 831 04d3 00000000 		.4byte	mainthread.4670
 832 04d7 16       		.uleb128 0x16
 833 04d8 00000000 		.4byte	.Ldebug_ranges0+0
 834 04dc EE040000 		.4byte	0x4ee
 835 04e0 17       		.uleb128 0x17
 836 04e1 746D7000 		.ascii	"tmp\000"
 837 04e5 01       		.byte	0x1
 838 04e6 6F       		.byte	0x6f
 839 04e7 B8000000 		.4byte	0xb8
 840 04eb 01       		.uleb128 0x1
 841 04ec 53       		.byte	0x53
 842 04ed 00       		.byte	0
ARM GAS  /tmp/cceCxyoD.s 			page 16


 843 04ee 18       		.uleb128 0x18
 844 04ef 08000000 		.4byte	.LVL1
 845 04f3 DA050000 		.4byte	0x5da
 846 04f7 18       		.uleb128 0x18
 847 04f8 0C000000 		.4byte	.LVL2
 848 04fc E2050000 		.4byte	0x5e2
 849 0500 18       		.uleb128 0x18
 850 0501 10000000 		.4byte	.LVL3
 851 0505 E9050000 		.4byte	0x5e9
 852 0509 19       		.uleb128 0x19
 853 050a 1E000000 		.4byte	.LVL4
 854 050e F0050000 		.4byte	0x5f0
 855 0512 26050000 		.4byte	0x526
 856 0516 1A       		.uleb128 0x1a
 857 0517 01       		.uleb128 0x1
 858 0518 51       		.byte	0x51
 859 0519 02       		.uleb128 0x2
 860 051a 08       		.byte	0x8
 861 051b 40       		.byte	0x40
 862 051c 1A       		.uleb128 0x1a
 863 051d 01       		.uleb128 0x1
 864 051e 50       		.byte	0x50
 865 051f 05       		.uleb128 0x5
 866 0520 03       		.byte	0x3
 867 0521 00000000 		.4byte	.LANCHOR0
 868 0525 00       		.byte	0
 869 0526 1B       		.uleb128 0x1b
 870 0527 50000000 		.4byte	.LVL5
 871 052b 0B060000 		.4byte	0x60b
 872 052f 1A       		.uleb128 0x1a
 873 0530 01       		.uleb128 0x1
 874 0531 53       		.byte	0x53
 875 0532 05       		.uleb128 0x5
 876 0533 03       		.byte	0x3
 877 0534 00000000 		.4byte	_idle_thread
 878 0538 1A       		.uleb128 0x1a
 879 0539 01       		.uleb128 0x1
 880 053a 52       		.byte	0x52
 881 053b 01       		.uleb128 0x1
 882 053c 31       		.byte	0x31
 883 053d 1A       		.uleb128 0x1a
 884 053e 01       		.uleb128 0x1
 885 053f 51       		.byte	0x51
 886 0540 02       		.uleb128 0x2
 887 0541 08       		.byte	0x8
 888 0542 C8       		.byte	0xc8
 889 0543 1A       		.uleb128 0x1a
 890 0544 01       		.uleb128 0x1
 891 0545 50       		.byte	0x50
 892 0546 05       		.uleb128 0x5
 893 0547 03       		.byte	0x3
 894 0548 00000000 		.4byte	.LANCHOR1
 895 054c 1A       		.uleb128 0x1a
 896 054d 02       		.uleb128 0x2
 897 054e 7D       		.byte	0x7d
 898 054f 00       		.sleb128 0
 899 0550 01       		.uleb128 0x1
ARM GAS  /tmp/cceCxyoD.s 			page 17


 900 0551 30       		.byte	0x30
 901 0552 00       		.byte	0
 902 0553 00       		.byte	0
 903 0554 13       		.uleb128 0x13
 904 0555 E8000000 		.4byte	.LASF73
 905 0559 01       		.byte	0x1
 906 055a 89       		.byte	0x89
 907 055b 00000000 		.4byte	.LFB2
 908 055f 5C000000 		.4byte	.LFE2-.LFB2
 909 0563 01       		.uleb128 0x1
 910 0564 9C       		.byte	0x9c
 911 0565 A3050000 		.4byte	0x5a3
 912 0569 1C       		.uleb128 0x1c
 913 056a 28000000 		.4byte	.LBB4
 914 056e 34000000 		.4byte	.LBE4-.LBB4
 915 0572 1D       		.uleb128 0x1d
 916 0573 76747000 		.ascii	"vtp\000"
 917 0577 01       		.byte	0x1
 918 0578 96       		.byte	0x96
 919 0579 60030000 		.4byte	0x360
 920 057d 00000000 		.4byte	.LLST0
 921 0581 1C       		.uleb128 0x1c
 922 0582 32000000 		.4byte	.LBB5
 923 0586 18000000 		.4byte	.LBE5-.LBB5
 924 058a 1D       		.uleb128 0x1d
 925 058b 666E00   		.ascii	"fn\000"
 926 058e 01       		.byte	0x1
 927 058f 96       		.byte	0x96
 928 0590 F0020000 		.4byte	0x2f0
 929 0594 1E000000 		.4byte	.LLST1
 930 0598 1E       		.uleb128 0x1e
 931 0599 46000000 		.4byte	.LVL8
 932 059d 02       		.uleb128 0x2
 933 059e 74       		.byte	0x74
 934 059f 00       		.sleb128 0
 935 05a0 00       		.byte	0
 936 05a1 00       		.byte	0
 937 05a2 00       		.byte	0
 938 05a3 1F       		.uleb128 0x1f
 939 05a4 E1000000 		.4byte	.LASF74
 940 05a8 09       		.byte	0x9
 941 05a9 F5       		.byte	0xf5
 942 05aa A4030000 		.4byte	0x3a4
 943 05ae 1F       		.uleb128 0x1f
 944 05af E9030000 		.4byte	.LASF75
 945 05b3 0A       		.byte	0xa
 946 05b4 6F       		.byte	0x6f
 947 05b5 E8030000 		.4byte	0x3e8
 948 05b9 20       		.uleb128 0x20
 949 05ba 41020000 		.4byte	0x241
 950 05be C9050000 		.4byte	0x5c9
 951 05c2 21       		.uleb128 0x21
 952 05c3 E9020000 		.4byte	0x2e9
 953 05c7 18       		.byte	0x18
 954 05c8 00       		.byte	0
 955 05c9 22       		.uleb128 0x22
 956 05ca 85010000 		.4byte	.LASF76
ARM GAS  /tmp/cceCxyoD.s 			page 18


 957 05ce 01       		.byte	0x1
 958 05cf 31       		.byte	0x31
 959 05d0 B9050000 		.4byte	0x5b9
 960 05d4 05       		.uleb128 0x5
 961 05d5 03       		.byte	0x3
 962 05d6 00000000 		.4byte	_idle_thread_wa
 963 05da 23       		.uleb128 0x23
 964 05db F7030000 		.4byte	.LASF77
 965 05df 08       		.byte	0x8
 966 05e0 0202     		.2byte	0x202
 967 05e2 24       		.uleb128 0x24
 968 05e3 2D010000 		.4byte	.LASF78
 969 05e7 0A       		.byte	0xa
 970 05e8 8E       		.byte	0x8e
 971 05e9 24       		.uleb128 0x24
 972 05ea B5030000 		.4byte	.LASF79
 973 05ee 09       		.byte	0x9
 974 05ef FD       		.byte	0xfd
 975 05f0 25       		.uleb128 0x25
 976 05f1 1B030000 		.4byte	.LASF83
 977 05f5 07       		.byte	0x7
 978 05f6 6A01     		.2byte	0x16a
 979 05f8 03020000 		.4byte	0x203
 980 05fc 0B060000 		.4byte	0x60b
 981 0600 0E       		.uleb128 0xe
 982 0601 03020000 		.4byte	0x203
 983 0605 0E       		.uleb128 0xe
 984 0606 F6000000 		.4byte	0xf6
 985 060a 00       		.byte	0
 986 060b 26       		.uleb128 0x26
 987 060c 2B020000 		.4byte	.LASF84
 988 0610 07       		.byte	0x7
 989 0611 7001     		.2byte	0x170
 990 0613 03020000 		.4byte	0x203
 991 0617 0E       		.uleb128 0xe
 992 0618 3F020000 		.4byte	0x23f
 993 061c 0E       		.uleb128 0xe
 994 061d 2C000000 		.4byte	0x2c
 995 0621 0E       		.uleb128 0xe
 996 0622 F6000000 		.4byte	0xf6
 997 0626 0E       		.uleb128 0xe
 998 0627 70040000 		.4byte	0x470
 999 062b 0E       		.uleb128 0xe
 1000 062c 3F020000 		.4byte	0x23f
 1001 0630 00       		.byte	0
 1002 0631 00       		.byte	0
 1003              		.section	.debug_abbrev,"",%progbits
 1004              	.Ldebug_abbrev0:
 1005 0000 01       		.uleb128 0x1
 1006 0001 11       		.uleb128 0x11
 1007 0002 01       		.byte	0x1
 1008 0003 25       		.uleb128 0x25
 1009 0004 0E       		.uleb128 0xe
 1010 0005 13       		.uleb128 0x13
 1011 0006 0B       		.uleb128 0xb
 1012 0007 03       		.uleb128 0x3
 1013 0008 0E       		.uleb128 0xe
ARM GAS  /tmp/cceCxyoD.s 			page 19


 1014 0009 1B       		.uleb128 0x1b
 1015 000a 0E       		.uleb128 0xe
 1016 000b 55       		.uleb128 0x55
 1017 000c 17       		.uleb128 0x17
 1018 000d 11       		.uleb128 0x11
 1019 000e 01       		.uleb128 0x1
 1020 000f 10       		.uleb128 0x10
 1021 0010 17       		.uleb128 0x17
 1022 0011 00       		.byte	0
 1023 0012 00       		.byte	0
 1024 0013 02       		.uleb128 0x2
 1025 0014 24       		.uleb128 0x24
 1026 0015 00       		.byte	0
 1027 0016 0B       		.uleb128 0xb
 1028 0017 0B       		.uleb128 0xb
 1029 0018 3E       		.uleb128 0x3e
 1030 0019 0B       		.uleb128 0xb
 1031 001a 03       		.uleb128 0x3
 1032 001b 08       		.uleb128 0x8
 1033 001c 00       		.byte	0
 1034 001d 00       		.byte	0
 1035 001e 03       		.uleb128 0x3
 1036 001f 16       		.uleb128 0x16
 1037 0020 00       		.byte	0
 1038 0021 03       		.uleb128 0x3
 1039 0022 0E       		.uleb128 0xe
 1040 0023 3A       		.uleb128 0x3a
 1041 0024 0B       		.uleb128 0xb
 1042 0025 3B       		.uleb128 0x3b
 1043 0026 0B       		.uleb128 0xb
 1044 0027 49       		.uleb128 0x49
 1045 0028 13       		.uleb128 0x13
 1046 0029 00       		.byte	0
 1047 002a 00       		.byte	0
 1048 002b 04       		.uleb128 0x4
 1049 002c 24       		.uleb128 0x24
 1050 002d 00       		.byte	0
 1051 002e 0B       		.uleb128 0xb
 1052 002f 0B       		.uleb128 0xb
 1053 0030 3E       		.uleb128 0x3e
 1054 0031 0B       		.uleb128 0xb
 1055 0032 03       		.uleb128 0x3
 1056 0033 0E       		.uleb128 0xe
 1057 0034 00       		.byte	0
 1058 0035 00       		.byte	0
 1059 0036 05       		.uleb128 0x5
 1060 0037 13       		.uleb128 0x13
 1061 0038 01       		.byte	0x1
 1062 0039 03       		.uleb128 0x3
 1063 003a 0E       		.uleb128 0xe
 1064 003b 0B       		.uleb128 0xb
 1065 003c 0B       		.uleb128 0xb
 1066 003d 3A       		.uleb128 0x3a
 1067 003e 0B       		.uleb128 0xb
 1068 003f 3B       		.uleb128 0x3b
 1069 0040 0B       		.uleb128 0xb
 1070 0041 01       		.uleb128 0x1
ARM GAS  /tmp/cceCxyoD.s 			page 20


 1071 0042 13       		.uleb128 0x13
 1072 0043 00       		.byte	0
 1073 0044 00       		.byte	0
 1074 0045 06       		.uleb128 0x6
 1075 0046 0D       		.uleb128 0xd
 1076 0047 00       		.byte	0
 1077 0048 03       		.uleb128 0x3
 1078 0049 0E       		.uleb128 0xe
 1079 004a 3A       		.uleb128 0x3a
 1080 004b 0B       		.uleb128 0xb
 1081 004c 3B       		.uleb128 0x3b
 1082 004d 0B       		.uleb128 0xb
 1083 004e 49       		.uleb128 0x49
 1084 004f 13       		.uleb128 0x13
 1085 0050 38       		.uleb128 0x38
 1086 0051 0B       		.uleb128 0xb
 1087 0052 00       		.byte	0
 1088 0053 00       		.byte	0
 1089 0054 07       		.uleb128 0x7
 1090 0055 0D       		.uleb128 0xd
 1091 0056 00       		.byte	0
 1092 0057 03       		.uleb128 0x3
 1093 0058 08       		.uleb128 0x8
 1094 0059 3A       		.uleb128 0x3a
 1095 005a 0B       		.uleb128 0xb
 1096 005b 3B       		.uleb128 0x3b
 1097 005c 0B       		.uleb128 0xb
 1098 005d 49       		.uleb128 0x49
 1099 005e 13       		.uleb128 0x13
 1100 005f 38       		.uleb128 0x38
 1101 0060 0B       		.uleb128 0xb
 1102 0061 00       		.byte	0
 1103 0062 00       		.byte	0
 1104 0063 08       		.uleb128 0x8
 1105 0064 13       		.uleb128 0x13
 1106 0065 01       		.byte	0x1
 1107 0066 0B       		.uleb128 0xb
 1108 0067 0B       		.uleb128 0xb
 1109 0068 3A       		.uleb128 0x3a
 1110 0069 0B       		.uleb128 0xb
 1111 006a 3B       		.uleb128 0x3b
 1112 006b 0B       		.uleb128 0xb
 1113 006c 01       		.uleb128 0x1
 1114 006d 13       		.uleb128 0x13
 1115 006e 00       		.byte	0
 1116 006f 00       		.byte	0
 1117 0070 09       		.uleb128 0x9
 1118 0071 0F       		.uleb128 0xf
 1119 0072 00       		.byte	0
 1120 0073 0B       		.uleb128 0xb
 1121 0074 0B       		.uleb128 0xb
 1122 0075 49       		.uleb128 0x49
 1123 0076 13       		.uleb128 0x13
 1124 0077 00       		.byte	0
 1125 0078 00       		.byte	0
 1126 0079 0A       		.uleb128 0xa
 1127 007a 0F       		.uleb128 0xf
ARM GAS  /tmp/cceCxyoD.s 			page 21


 1128 007b 00       		.byte	0
 1129 007c 0B       		.uleb128 0xb
 1130 007d 0B       		.uleb128 0xb
 1131 007e 00       		.byte	0
 1132 007f 00       		.byte	0
 1133 0080 0B       		.uleb128 0xb
 1134 0081 13       		.uleb128 0x13
 1135 0082 01       		.byte	0x1
 1136 0083 03       		.uleb128 0x3
 1137 0084 0E       		.uleb128 0xe
 1138 0085 0B       		.uleb128 0xb
 1139 0086 0B       		.uleb128 0xb
 1140 0087 3A       		.uleb128 0x3a
 1141 0088 0B       		.uleb128 0xb
 1142 0089 3B       		.uleb128 0x3b
 1143 008a 05       		.uleb128 0x5
 1144 008b 01       		.uleb128 0x1
 1145 008c 13       		.uleb128 0x13
 1146 008d 00       		.byte	0
 1147 008e 00       		.byte	0
 1148 008f 0C       		.uleb128 0xc
 1149 0090 0D       		.uleb128 0xd
 1150 0091 00       		.byte	0
 1151 0092 03       		.uleb128 0x3
 1152 0093 08       		.uleb128 0x8
 1153 0094 3A       		.uleb128 0x3a
 1154 0095 0B       		.uleb128 0xb
 1155 0096 3B       		.uleb128 0x3b
 1156 0097 05       		.uleb128 0x5
 1157 0098 49       		.uleb128 0x49
 1158 0099 13       		.uleb128 0x13
 1159 009a 38       		.uleb128 0x38
 1160 009b 0B       		.uleb128 0xb
 1161 009c 00       		.byte	0
 1162 009d 00       		.byte	0
 1163 009e 0D       		.uleb128 0xd
 1164 009f 15       		.uleb128 0x15
 1165 00a0 01       		.byte	0x1
 1166 00a1 27       		.uleb128 0x27
 1167 00a2 19       		.uleb128 0x19
 1168 00a3 01       		.uleb128 0x1
 1169 00a4 13       		.uleb128 0x13
 1170 00a5 00       		.byte	0
 1171 00a6 00       		.byte	0
 1172 00a7 0E       		.uleb128 0xe
 1173 00a8 05       		.uleb128 0x5
 1174 00a9 00       		.byte	0
 1175 00aa 49       		.uleb128 0x49
 1176 00ab 13       		.uleb128 0x13
 1177 00ac 00       		.byte	0
 1178 00ad 00       		.byte	0
 1179 00ae 0F       		.uleb128 0xf
 1180 00af 35       		.uleb128 0x35
 1181 00b0 00       		.byte	0
 1182 00b1 49       		.uleb128 0x49
 1183 00b2 13       		.uleb128 0x13
 1184 00b3 00       		.byte	0
ARM GAS  /tmp/cceCxyoD.s 			page 22


 1185 00b4 00       		.byte	0
 1186 00b5 10       		.uleb128 0x10
 1187 00b6 17       		.uleb128 0x17
 1188 00b7 01       		.byte	0x1
 1189 00b8 0B       		.uleb128 0xb
 1190 00b9 0B       		.uleb128 0xb
 1191 00ba 3A       		.uleb128 0x3a
 1192 00bb 0B       		.uleb128 0xb
 1193 00bc 3B       		.uleb128 0x3b
 1194 00bd 0B       		.uleb128 0xb
 1195 00be 01       		.uleb128 0x1
 1196 00bf 13       		.uleb128 0x13
 1197 00c0 00       		.byte	0
 1198 00c1 00       		.byte	0
 1199 00c2 11       		.uleb128 0x11
 1200 00c3 0D       		.uleb128 0xd
 1201 00c4 00       		.byte	0
 1202 00c5 03       		.uleb128 0x3
 1203 00c6 0E       		.uleb128 0xe
 1204 00c7 3A       		.uleb128 0x3a
 1205 00c8 0B       		.uleb128 0xb
 1206 00c9 3B       		.uleb128 0x3b
 1207 00ca 0B       		.uleb128 0xb
 1208 00cb 49       		.uleb128 0x49
 1209 00cc 13       		.uleb128 0x13
 1210 00cd 00       		.byte	0
 1211 00ce 00       		.byte	0
 1212 00cf 12       		.uleb128 0x12
 1213 00d0 15       		.uleb128 0x15
 1214 00d1 01       		.byte	0x1
 1215 00d2 27       		.uleb128 0x27
 1216 00d3 19       		.uleb128 0x19
 1217 00d4 49       		.uleb128 0x49
 1218 00d5 13       		.uleb128 0x13
 1219 00d6 01       		.uleb128 0x1
 1220 00d7 13       		.uleb128 0x13
 1221 00d8 00       		.byte	0
 1222 00d9 00       		.byte	0
 1223 00da 13       		.uleb128 0x13
 1224 00db 2E       		.uleb128 0x2e
 1225 00dc 01       		.byte	0x1
 1226 00dd 3F       		.uleb128 0x3f
 1227 00de 19       		.uleb128 0x19
 1228 00df 03       		.uleb128 0x3
 1229 00e0 0E       		.uleb128 0xe
 1230 00e1 3A       		.uleb128 0x3a
 1231 00e2 0B       		.uleb128 0xb
 1232 00e3 3B       		.uleb128 0x3b
 1233 00e4 0B       		.uleb128 0xb
 1234 00e5 27       		.uleb128 0x27
 1235 00e6 19       		.uleb128 0x19
 1236 00e7 11       		.uleb128 0x11
 1237 00e8 01       		.uleb128 0x1
 1238 00e9 12       		.uleb128 0x12
 1239 00ea 06       		.uleb128 0x6
 1240 00eb 40       		.uleb128 0x40
 1241 00ec 18       		.uleb128 0x18
ARM GAS  /tmp/cceCxyoD.s 			page 23


 1242 00ed 9742     		.uleb128 0x2117
 1243 00ef 19       		.uleb128 0x19
 1244 00f0 01       		.uleb128 0x1
 1245 00f1 13       		.uleb128 0x13
 1246 00f2 00       		.byte	0
 1247 00f3 00       		.byte	0
 1248 00f4 14       		.uleb128 0x14
 1249 00f5 05       		.uleb128 0x5
 1250 00f6 00       		.byte	0
 1251 00f7 03       		.uleb128 0x3
 1252 00f8 08       		.uleb128 0x8
 1253 00f9 3A       		.uleb128 0x3a
 1254 00fa 0B       		.uleb128 0xb
 1255 00fb 3B       		.uleb128 0x3b
 1256 00fc 0B       		.uleb128 0xb
 1257 00fd 49       		.uleb128 0x49
 1258 00fe 13       		.uleb128 0x13
 1259 00ff 02       		.uleb128 0x2
 1260 0100 18       		.uleb128 0x18
 1261 0101 00       		.byte	0
 1262 0102 00       		.byte	0
 1263 0103 15       		.uleb128 0x15
 1264 0104 34       		.uleb128 0x34
 1265 0105 00       		.byte	0
 1266 0106 03       		.uleb128 0x3
 1267 0107 0E       		.uleb128 0xe
 1268 0108 3A       		.uleb128 0x3a
 1269 0109 0B       		.uleb128 0xb
 1270 010a 3B       		.uleb128 0x3b
 1271 010b 0B       		.uleb128 0xb
 1272 010c 49       		.uleb128 0x49
 1273 010d 13       		.uleb128 0x13
 1274 010e 02       		.uleb128 0x2
 1275 010f 18       		.uleb128 0x18
 1276 0110 00       		.byte	0
 1277 0111 00       		.byte	0
 1278 0112 16       		.uleb128 0x16
 1279 0113 0B       		.uleb128 0xb
 1280 0114 01       		.byte	0x1
 1281 0115 55       		.uleb128 0x55
 1282 0116 17       		.uleb128 0x17
 1283 0117 01       		.uleb128 0x1
 1284 0118 13       		.uleb128 0x13
 1285 0119 00       		.byte	0
 1286 011a 00       		.byte	0
 1287 011b 17       		.uleb128 0x17
 1288 011c 34       		.uleb128 0x34
 1289 011d 00       		.byte	0
 1290 011e 03       		.uleb128 0x3
 1291 011f 08       		.uleb128 0x8
 1292 0120 3A       		.uleb128 0x3a
 1293 0121 0B       		.uleb128 0xb
 1294 0122 3B       		.uleb128 0x3b
 1295 0123 0B       		.uleb128 0xb
 1296 0124 49       		.uleb128 0x49
 1297 0125 13       		.uleb128 0x13
 1298 0126 02       		.uleb128 0x2
ARM GAS  /tmp/cceCxyoD.s 			page 24


 1299 0127 18       		.uleb128 0x18
 1300 0128 00       		.byte	0
 1301 0129 00       		.byte	0
 1302 012a 18       		.uleb128 0x18
 1303 012b 898201   		.uleb128 0x4109
 1304 012e 00       		.byte	0
 1305 012f 11       		.uleb128 0x11
 1306 0130 01       		.uleb128 0x1
 1307 0131 31       		.uleb128 0x31
 1308 0132 13       		.uleb128 0x13
 1309 0133 00       		.byte	0
 1310 0134 00       		.byte	0
 1311 0135 19       		.uleb128 0x19
 1312 0136 898201   		.uleb128 0x4109
 1313 0139 01       		.byte	0x1
 1314 013a 11       		.uleb128 0x11
 1315 013b 01       		.uleb128 0x1
 1316 013c 31       		.uleb128 0x31
 1317 013d 13       		.uleb128 0x13
 1318 013e 01       		.uleb128 0x1
 1319 013f 13       		.uleb128 0x13
 1320 0140 00       		.byte	0
 1321 0141 00       		.byte	0
 1322 0142 1A       		.uleb128 0x1a
 1323 0143 8A8201   		.uleb128 0x410a
 1324 0146 00       		.byte	0
 1325 0147 02       		.uleb128 0x2
 1326 0148 18       		.uleb128 0x18
 1327 0149 9142     		.uleb128 0x2111
 1328 014b 18       		.uleb128 0x18
 1329 014c 00       		.byte	0
 1330 014d 00       		.byte	0
 1331 014e 1B       		.uleb128 0x1b
 1332 014f 898201   		.uleb128 0x4109
 1333 0152 01       		.byte	0x1
 1334 0153 11       		.uleb128 0x11
 1335 0154 01       		.uleb128 0x1
 1336 0155 31       		.uleb128 0x31
 1337 0156 13       		.uleb128 0x13
 1338 0157 00       		.byte	0
 1339 0158 00       		.byte	0
 1340 0159 1C       		.uleb128 0x1c
 1341 015a 0B       		.uleb128 0xb
 1342 015b 01       		.byte	0x1
 1343 015c 11       		.uleb128 0x11
 1344 015d 01       		.uleb128 0x1
 1345 015e 12       		.uleb128 0x12
 1346 015f 06       		.uleb128 0x6
 1347 0160 00       		.byte	0
 1348 0161 00       		.byte	0
 1349 0162 1D       		.uleb128 0x1d
 1350 0163 34       		.uleb128 0x34
 1351 0164 00       		.byte	0
 1352 0165 03       		.uleb128 0x3
 1353 0166 08       		.uleb128 0x8
 1354 0167 3A       		.uleb128 0x3a
 1355 0168 0B       		.uleb128 0xb
ARM GAS  /tmp/cceCxyoD.s 			page 25


 1356 0169 3B       		.uleb128 0x3b
 1357 016a 0B       		.uleb128 0xb
 1358 016b 49       		.uleb128 0x49
 1359 016c 13       		.uleb128 0x13
 1360 016d 02       		.uleb128 0x2
 1361 016e 17       		.uleb128 0x17
 1362 016f 00       		.byte	0
 1363 0170 00       		.byte	0
 1364 0171 1E       		.uleb128 0x1e
 1365 0172 898201   		.uleb128 0x4109
 1366 0175 00       		.byte	0
 1367 0176 11       		.uleb128 0x11
 1368 0177 01       		.uleb128 0x1
 1369 0178 9342     		.uleb128 0x2113
 1370 017a 18       		.uleb128 0x18
 1371 017b 00       		.byte	0
 1372 017c 00       		.byte	0
 1373 017d 1F       		.uleb128 0x1f
 1374 017e 34       		.uleb128 0x34
 1375 017f 00       		.byte	0
 1376 0180 03       		.uleb128 0x3
 1377 0181 0E       		.uleb128 0xe
 1378 0182 3A       		.uleb128 0x3a
 1379 0183 0B       		.uleb128 0xb
 1380 0184 3B       		.uleb128 0x3b
 1381 0185 0B       		.uleb128 0xb
 1382 0186 49       		.uleb128 0x49
 1383 0187 13       		.uleb128 0x13
 1384 0188 3F       		.uleb128 0x3f
 1385 0189 19       		.uleb128 0x19
 1386 018a 3C       		.uleb128 0x3c
 1387 018b 19       		.uleb128 0x19
 1388 018c 00       		.byte	0
 1389 018d 00       		.byte	0
 1390 018e 20       		.uleb128 0x20
 1391 018f 01       		.uleb128 0x1
 1392 0190 01       		.byte	0x1
 1393 0191 49       		.uleb128 0x49
 1394 0192 13       		.uleb128 0x13
 1395 0193 01       		.uleb128 0x1
 1396 0194 13       		.uleb128 0x13
 1397 0195 00       		.byte	0
 1398 0196 00       		.byte	0
 1399 0197 21       		.uleb128 0x21
 1400 0198 21       		.uleb128 0x21
 1401 0199 00       		.byte	0
 1402 019a 49       		.uleb128 0x49
 1403 019b 13       		.uleb128 0x13
 1404 019c 2F       		.uleb128 0x2f
 1405 019d 0B       		.uleb128 0xb
 1406 019e 00       		.byte	0
 1407 019f 00       		.byte	0
 1408 01a0 22       		.uleb128 0x22
 1409 01a1 34       		.uleb128 0x34
 1410 01a2 00       		.byte	0
 1411 01a3 03       		.uleb128 0x3
 1412 01a4 0E       		.uleb128 0xe
ARM GAS  /tmp/cceCxyoD.s 			page 26


 1413 01a5 3A       		.uleb128 0x3a
 1414 01a6 0B       		.uleb128 0xb
 1415 01a7 3B       		.uleb128 0x3b
 1416 01a8 0B       		.uleb128 0xb
 1417 01a9 49       		.uleb128 0x49
 1418 01aa 13       		.uleb128 0x13
 1419 01ab 3F       		.uleb128 0x3f
 1420 01ac 19       		.uleb128 0x19
 1421 01ad 02       		.uleb128 0x2
 1422 01ae 18       		.uleb128 0x18
 1423 01af 00       		.byte	0
 1424 01b0 00       		.byte	0
 1425 01b1 23       		.uleb128 0x23
 1426 01b2 2E       		.uleb128 0x2e
 1427 01b3 00       		.byte	0
 1428 01b4 3F       		.uleb128 0x3f
 1429 01b5 19       		.uleb128 0x19
 1430 01b6 03       		.uleb128 0x3
 1431 01b7 0E       		.uleb128 0xe
 1432 01b8 3A       		.uleb128 0x3a
 1433 01b9 0B       		.uleb128 0xb
 1434 01ba 3B       		.uleb128 0x3b
 1435 01bb 05       		.uleb128 0x5
 1436 01bc 27       		.uleb128 0x27
 1437 01bd 19       		.uleb128 0x19
 1438 01be 3C       		.uleb128 0x3c
 1439 01bf 19       		.uleb128 0x19
 1440 01c0 00       		.byte	0
 1441 01c1 00       		.byte	0
 1442 01c2 24       		.uleb128 0x24
 1443 01c3 2E       		.uleb128 0x2e
 1444 01c4 00       		.byte	0
 1445 01c5 3F       		.uleb128 0x3f
 1446 01c6 19       		.uleb128 0x19
 1447 01c7 03       		.uleb128 0x3
 1448 01c8 0E       		.uleb128 0xe
 1449 01c9 3A       		.uleb128 0x3a
 1450 01ca 0B       		.uleb128 0xb
 1451 01cb 3B       		.uleb128 0x3b
 1452 01cc 0B       		.uleb128 0xb
 1453 01cd 27       		.uleb128 0x27
 1454 01ce 19       		.uleb128 0x19
 1455 01cf 3C       		.uleb128 0x3c
 1456 01d0 19       		.uleb128 0x19
 1457 01d1 00       		.byte	0
 1458 01d2 00       		.byte	0
 1459 01d3 25       		.uleb128 0x25
 1460 01d4 2E       		.uleb128 0x2e
 1461 01d5 01       		.byte	0x1
 1462 01d6 3F       		.uleb128 0x3f
 1463 01d7 19       		.uleb128 0x19
 1464 01d8 03       		.uleb128 0x3
 1465 01d9 0E       		.uleb128 0xe
 1466 01da 3A       		.uleb128 0x3a
 1467 01db 0B       		.uleb128 0xb
 1468 01dc 3B       		.uleb128 0x3b
 1469 01dd 05       		.uleb128 0x5
ARM GAS  /tmp/cceCxyoD.s 			page 27


 1470 01de 27       		.uleb128 0x27
 1471 01df 19       		.uleb128 0x19
 1472 01e0 49       		.uleb128 0x49
 1473 01e1 13       		.uleb128 0x13
 1474 01e2 3C       		.uleb128 0x3c
 1475 01e3 19       		.uleb128 0x19
 1476 01e4 01       		.uleb128 0x1
 1477 01e5 13       		.uleb128 0x13
 1478 01e6 00       		.byte	0
 1479 01e7 00       		.byte	0
 1480 01e8 26       		.uleb128 0x26
 1481 01e9 2E       		.uleb128 0x2e
 1482 01ea 01       		.byte	0x1
 1483 01eb 3F       		.uleb128 0x3f
 1484 01ec 19       		.uleb128 0x19
 1485 01ed 03       		.uleb128 0x3
 1486 01ee 0E       		.uleb128 0xe
 1487 01ef 3A       		.uleb128 0x3a
 1488 01f0 0B       		.uleb128 0xb
 1489 01f1 3B       		.uleb128 0x3b
 1490 01f2 05       		.uleb128 0x5
 1491 01f3 27       		.uleb128 0x27
 1492 01f4 19       		.uleb128 0x19
 1493 01f5 49       		.uleb128 0x49
 1494 01f6 13       		.uleb128 0x13
 1495 01f7 3C       		.uleb128 0x3c
 1496 01f8 19       		.uleb128 0x19
 1497 01f9 00       		.byte	0
 1498 01fa 00       		.byte	0
 1499 01fb 00       		.byte	0
 1500              		.section	.debug_loc,"",%progbits
 1501              	.Ldebug_loc0:
 1502              	.LLST0:
 1503 0000 2E000000 		.4byte	.LVL6
 1504 0004 45000000 		.4byte	.LVL8-1
 1505 0008 0100     		.2byte	0x1
 1506 000a 52       		.byte	0x52
 1507 000b 4C000000 		.4byte	.LVL9
 1508 000f 5A000000 		.4byte	.LVL10
 1509 0013 0100     		.2byte	0x1
 1510 0015 52       		.byte	0x52
 1511 0016 00000000 		.4byte	0
 1512 001a 00000000 		.4byte	0
 1513              	.LLST1:
 1514 001e 36000000 		.4byte	.LVL7
 1515 0022 5A000000 		.4byte	.LVL10
 1516 0026 0100     		.2byte	0x1
 1517 0028 54       		.byte	0x54
 1518 0029 00000000 		.4byte	0
 1519 002d 00000000 		.4byte	0
 1520              		.section	.debug_aranges,"",%progbits
 1521 0000 2C000000 		.4byte	0x2c
 1522 0004 0200     		.2byte	0x2
 1523 0006 00000000 		.4byte	.Ldebug_info0
 1524 000a 04       		.byte	0x4
 1525 000b 00       		.byte	0
 1526 000c 0000     		.2byte	0
ARM GAS  /tmp/cceCxyoD.s 			page 28


 1527 000e 0000     		.2byte	0
 1528 0010 00000000 		.4byte	.LFB0
 1529 0014 02000000 		.4byte	.LFE0-.LFB0
 1530 0018 00000000 		.4byte	.LFB1
 1531 001c 56000000 		.4byte	.LFE1-.LFB1
 1532 0020 00000000 		.4byte	.LFB2
 1533 0024 5C000000 		.4byte	.LFE2-.LFB2
 1534 0028 00000000 		.4byte	0
 1535 002c 00000000 		.4byte	0
 1536              		.section	.debug_ranges,"",%progbits
 1537              	.Ldebug_ranges0:
 1538 0000 2A000000 		.4byte	.LBB2
 1539 0004 2C000000 		.4byte	.LBE2
 1540 0008 2E000000 		.4byte	.LBB3
 1541 000c 34000000 		.4byte	.LBE3
 1542 0010 00000000 		.4byte	0
 1543 0014 00000000 		.4byte	0
 1544 0018 00000000 		.4byte	.LFB0
 1545 001c 02000000 		.4byte	.LFE0
 1546 0020 00000000 		.4byte	.LFB1
 1547 0024 56000000 		.4byte	.LFE1
 1548 0028 00000000 		.4byte	.LFB2
 1549 002c 5C000000 		.4byte	.LFE2
 1550 0030 00000000 		.4byte	0
 1551 0034 00000000 		.4byte	0
 1552              		.section	.debug_line,"",%progbits
 1553              	.Ldebug_line0:
 1554 0000 90010000 		.section	.debug_str,"MS",%progbits,1
 1554      02003A01 
 1554      00000201 
 1554      FB0E0D00 
 1554      01010101 
 1555              	.LASF69:
 1556 0000 7466756E 		.ascii	"tfunc_t\000"
 1556      635F7400 
 1557              	.LASF36:
 1558 0008 705F6D73 		.ascii	"p_msg\000"
 1558      6700
 1559              	.LASF2:
 1560 000e 73697A65 		.ascii	"size_t\000"
 1560      5F7400
 1561              	.LASF65:
 1562 0015 7264796D 		.ascii	"rdymsg\000"
 1562      736700
 1563              	.LASF17:
 1564 001c 75696E74 		.ascii	"uint64_t\000"
 1564      36345F74 
 1564      00
 1565              	.LASF3:
 1566 0025 5F5F7569 		.ascii	"__uint8_t\000"
 1566      6E74385F 
 1566      7400
 1567              	.LASF80:
 1568 002f 474E5520 		.ascii	"GNU C 4.8.2 -mcpu=cortex-m3 -mno-thumb-interwork -m"
 1568      4320342E 
 1568      382E3220 
 1568      2D6D6370 
ARM GAS  /tmp/cceCxyoD.s 			page 29


 1568      753D636F 
 1569 0062 7468756D 		.ascii	"thumb -ggdb -O2 -fomit-frame-pointer -falign-functi"
 1569      62202D67 
 1569      67646220 
 1569      2D4F3220 
 1569      2D666F6D 
 1570 0095 6F6E733D 		.ascii	"ons=16 -ffunction-sections -fdata-sections -fno-com"
 1570      3136202D 
 1570      6666756E 
 1570      6374696F 
 1570      6E2D7365 
 1571 00c8 6D6F6E20 		.ascii	"mon -fno-strict-aliasing\000"
 1571      2D666E6F 
 1571      2D737472 
 1571      6963742D 
 1571      616C6961 
 1572              	.LASF74:
 1573 00e1 76746C69 		.ascii	"vtlist\000"
 1573      737400
 1574              	.LASF73:
 1575 00e8 63685379 		.ascii	"chSysTimerHandlerI\000"
 1575      7354696D 
 1575      65724861 
 1575      6E646C65 
 1575      724900
 1576              	.LASF13:
 1577 00fb 6C6F6E67 		.ascii	"long long unsigned int\000"
 1577      206C6F6E 
 1577      6720756E 
 1577      7369676E 
 1577      65642069 
 1578              	.LASF66:
 1579 0112 65786974 		.ascii	"exitcode\000"
 1579      636F6465 
 1579      00
 1580              	.LASF72:
 1581 011b 6D61696E 		.ascii	"mainthread\000"
 1581      74687265 
 1581      616400
 1582              	.LASF29:
 1583 0126 705F7072 		.ascii	"p_prio\000"
 1583      696F00
 1584              	.LASF78:
 1585 012d 5F736368 		.ascii	"_scheduler_init\000"
 1585      6564756C 
 1585      65725F69 
 1585      6E697400 
 1586              	.LASF11:
 1587 013d 6C6F6E67 		.ascii	"long long int\000"
 1587      206C6F6E 
 1587      6720696E 
 1587      7400
 1588              	.LASF1:
 1589 014b 7369676E 		.ascii	"signed char\000"
 1589      65642063 
 1589      68617200 
 1590              	.LASF71:
ARM GAS  /tmp/cceCxyoD.s 			page 30


 1591 0157 63685379 		.ascii	"chSysInit\000"
 1591      73496E69 
 1591      7400
 1592              	.LASF62:
 1593 0161 6D5F7175 		.ascii	"m_queue\000"
 1593      65756500 
 1594              	.LASF21:
 1595 0169 74736C69 		.ascii	"tslices_t\000"
 1595      6365735F 
 1595      7400
 1596              	.LASF8:
 1597 0173 6C6F6E67 		.ascii	"long int\000"
 1597      20696E74 
 1597      00
 1598              	.LASF20:
 1599 017c 74737461 		.ascii	"tstate_t\000"
 1599      74655F74 
 1599      00
 1600              	.LASF76:
 1601 0185 5F69646C 		.ascii	"_idle_thread_wa\000"
 1601      655F7468 
 1601      72656164 
 1601      5F776100 
 1602              	.LASF9:
 1603 0195 5F5F7569 		.ascii	"__uint32_t\000"
 1603      6E743332 
 1603      5F7400
 1604              	.LASF42:
 1605 01a0 72656761 		.ascii	"regarm_t\000"
 1605      726D5F74 
 1605      00
 1606              	.LASF50:
 1607 01a9 76745F70 		.ascii	"vt_prev\000"
 1607      72657600 
 1608              	.LASF0:
 1609 01b1 756E7369 		.ascii	"unsigned int\000"
 1609      676E6564 
 1609      20696E74 
 1609      00
 1610              	.LASF49:
 1611 01be 76745F6E 		.ascii	"vt_next\000"
 1611      65787400 
 1612              	.LASF10:
 1613 01c6 6C6F6E67 		.ascii	"long unsigned int\000"
 1613      20756E73 
 1613      69676E65 
 1613      6420696E 
 1613      7400
 1614              	.LASF47:
 1615 01d8 76746675 		.ascii	"vtfunc_t\000"
 1615      6E635F74 
 1615      00
 1616              	.LASF6:
 1617 01e1 73686F72 		.ascii	"short unsigned int\000"
 1617      7420756E 
 1617      7369676E 
 1617      65642069 
ARM GAS  /tmp/cceCxyoD.s 			page 31


 1617      6E7400
 1618              	.LASF23:
 1619 01f4 6D73675F 		.ascii	"msg_t\000"
 1619      7400
 1620              	.LASF19:
 1621 01fa 746D6F64 		.ascii	"tmode_t\000"
 1621      655F7400 
 1622              	.LASF41:
 1623 0202 54687265 		.ascii	"ThreadsList\000"
 1623      6164734C 
 1623      69737400 
 1624              	.LASF24:
 1625 020e 6576656E 		.ascii	"eventmask_t\000"
 1625      746D6173 
 1625      6B5F7400 
 1626              	.LASF61:
 1627 021a 4D757465 		.ascii	"Mutex\000"
 1627      7800
 1628              	.LASF43:
 1629 0220 73746B61 		.ascii	"stkalign_t\000"
 1629      6C69676E 
 1629      5F7400
 1630              	.LASF84:
 1631 022b 63685468 		.ascii	"chThdCreateStatic\000"
 1631      64437265 
 1631      61746553 
 1631      74617469 
 1631      6300
 1632              	.LASF51:
 1633 023d 76745F74 		.ascii	"vt_time\000"
 1633      696D6500 
 1634              	.LASF46:
 1635 0245 73697A65 		.ascii	"sizetype\000"
 1635      74797065 
 1635      00
 1636              	.LASF52:
 1637 024e 76745F66 		.ascii	"vt_func\000"
 1637      756E6300 
 1638              	.LASF55:
 1639 0256 56544C69 		.ascii	"VTList\000"
 1639      737400
 1640              	.LASF58:
 1641 025d 725F6374 		.ascii	"r_ctx\000"
 1641      7800
 1642              	.LASF40:
 1643 0263 54687265 		.ascii	"ThreadsQueue\000"
 1643      61647351 
 1643      75657565 
 1643      00
 1644              	.LASF59:
 1645 0270 725F6375 		.ascii	"r_current\000"
 1645      7272656E 
 1645      7400
 1646              	.LASF70:
 1647 027a 5F69646C 		.ascii	"_idle_thread\000"
 1647      655F7468 
 1647      72656164 
ARM GAS  /tmp/cceCxyoD.s 			page 32


 1647      00
 1648              	.LASF12:
 1649 0287 5F5F7569 		.ascii	"__uint64_t\000"
 1649      6E743634 
 1649      5F7400
 1650              	.LASF28:
 1651 0292 705F7072 		.ascii	"p_prev\000"
 1651      657600
 1652              	.LASF22:
 1653 0299 74707269 		.ascii	"tprio_t\000"
 1653      6F5F7400 
 1654              	.LASF18:
 1655 02a1 5F426F6F 		.ascii	"_Bool\000"
 1655      6C00
 1656              	.LASF15:
 1657 02a7 696E7433 		.ascii	"int32_t\000"
 1657      325F7400 
 1658              	.LASF4:
 1659 02af 756E7369 		.ascii	"unsigned char\000"
 1659      676E6564 
 1659      20636861 
 1659      7200
 1660              	.LASF38:
 1661 02bd 705F6D74 		.ascii	"p_mtxlist\000"
 1661      786C6973 
 1661      7400
 1662              	.LASF5:
 1663 02c7 73686F72 		.ascii	"short int\000"
 1663      7420696E 
 1663      7400
 1664              	.LASF31:
 1665 02d1 705F7374 		.ascii	"p_state\000"
 1665      61746500 
 1666              	.LASF33:
 1667 02d9 705F7072 		.ascii	"p_preempt\000"
 1667      65656D70 
 1667      7400
 1668              	.LASF57:
 1669 02e3 725F7072 		.ascii	"r_prio\000"
 1669      696F00
 1670              	.LASF68:
 1671 02ea 65776D61 		.ascii	"ewmask\000"
 1671      736B00
 1672              	.LASF27:
 1673 02f1 705F6E65 		.ascii	"p_next\000"
 1673      787400
 1674              	.LASF32:
 1675 02f8 705F666C 		.ascii	"p_flags\000"
 1675      61677300 
 1676              	.LASF26:
 1677 0300 54687265 		.ascii	"Thread\000"
 1677      616400
 1678              	.LASF37:
 1679 0307 705F6570 		.ascii	"p_epending\000"
 1679      656E6469 
 1679      6E6700
 1680              	.LASF16:
ARM GAS  /tmp/cceCxyoD.s 			page 33


 1681 0312 75696E74 		.ascii	"uint32_t\000"
 1681      33325F74 
 1681      00
 1682              	.LASF83:
 1683 031b 5F746872 		.ascii	"_thread_init\000"
 1683      6561645F 
 1683      696E6974 
 1683      00
 1684              	.LASF56:
 1685 0328 725F7175 		.ascii	"r_queue\000"
 1685      65756500 
 1686              	.LASF48:
 1687 0330 56697274 		.ascii	"VirtualTimer\000"
 1687      75616C54 
 1687      696D6572 
 1687      00
 1688              	.LASF82:
 1689 033d 2F686F6D 		.ascii	"/home/dltech/gdrive/Projects/RFM_to_Modbus_TCP/Chib"
 1689      652F646C 
 1689      74656368 
 1689      2F676472 
 1689      6976652F 
 1690 0370 694F532F 		.ascii	"iOS/F103_ChibiOS_ENC60J28/main\000"
 1690      46313033 
 1690      5F436869 
 1690      62694F53 
 1690      5F454E43 
 1691              	.LASF64:
 1692 038f 6D5F6E65 		.ascii	"m_next\000"
 1692      787400
 1693              	.LASF25:
 1694 0396 73797374 		.ascii	"systime_t\000"
 1694      696D655F 
 1694      7400
 1695              	.LASF39:
 1696 03a0 705F7265 		.ascii	"p_realprio\000"
 1696      616C7072 
 1696      696F00
 1697              	.LASF7:
 1698 03ab 5F5F696E 		.ascii	"__int32_t\000"
 1698      7433325F 
 1698      7400
 1699              	.LASF79:
 1700 03b5 5F76745F 		.ascii	"_vt_init\000"
 1700      696E6974 
 1700      00
 1701              	.LASF45:
 1702 03be 636F6E74 		.ascii	"context\000"
 1702      65787400 
 1703              	.LASF44:
 1704 03c6 696E7463 		.ascii	"intctx\000"
 1704      747800
 1705              	.LASF35:
 1706 03cd 705F6D73 		.ascii	"p_msgqueue\000"
 1706      67717565 
 1706      756500
 1707              	.LASF53:
ARM GAS  /tmp/cceCxyoD.s 			page 34


 1708 03d8 76745F70 		.ascii	"vt_par\000"
 1708      617200
 1709              	.LASF60:
 1710 03df 52656164 		.ascii	"ReadyList\000"
 1710      794C6973 
 1710      7400
 1711              	.LASF75:
 1712 03e9 726C6973 		.ascii	"rlist\000"
 1712      7400
 1713              	.LASF14:
 1714 03ef 75696E74 		.ascii	"uint8_t\000"
 1714      385F7400 
 1715              	.LASF77:
 1716 03f7 5F706F72 		.ascii	"_port_init\000"
 1716      745F696E 
 1716      697400
 1717              	.LASF67:
 1718 0402 77746F62 		.ascii	"wtobjp\000"
 1718      6A7000
 1719              	.LASF54:
 1720 0409 76745F73 		.ascii	"vt_systime\000"
 1720      79737469 
 1720      6D6500
 1721              	.LASF81:
 1722 0414 2E2E2F6F 		.ascii	"../os/kernel/src/chsys.c\000"
 1722      732F6B65 
 1722      726E656C 
 1722      2F737263 
 1722      2F636873 
 1723              	.LASF63:
 1724 042d 6D5F6F77 		.ascii	"m_owner\000"
 1724      6E657200 
 1725              	.LASF30:
 1726 0435 705F6374 		.ascii	"p_ctx\000"
 1726      7800
 1727              	.LASF34:
 1728 043b 705F7761 		.ascii	"p_waiting\000"
 1728      6974696E 
 1728      6700
 1729              		.ident	"GCC: (4.8.2-14ubuntu1+6) 4.8.2"
ARM GAS  /tmp/cceCxyoD.s 			page 35


DEFINED SYMBOLS
                            *ABS*:0000000000000000 chsys.c
     /tmp/cceCxyoD.s:19     .text._idle_thread:0000000000000000 $t
     /tmp/cceCxyoD.s:25     .text._idle_thread:0000000000000000 _idle_thread
     /tmp/cceCxyoD.s:41     .text.chSysInit:0000000000000000 $t
     /tmp/cceCxyoD.s:47     .text.chSysInit:0000000000000000 chSysInit
     /tmp/cceCxyoD.s:198    .bss.mainthread.4670:0000000000000000 .LANCHOR0
     /tmp/cceCxyoD.s:205    .bss._idle_thread_wa:0000000000000000 .LANCHOR1
     /tmp/cceCxyoD.s:113    .text.chSysTimerHandlerI:0000000000000000 $t
     /tmp/cceCxyoD.s:119    .text.chSysTimerHandlerI:0000000000000000 chSysTimerHandlerI
     /tmp/cceCxyoD.s:208    .bss._idle_thread_wa:0000000000000000 _idle_thread_wa
     /tmp/cceCxyoD.s:197    .bss.mainthread.4670:0000000000000000 $d
     /tmp/cceCxyoD.s:201    .bss.mainthread.4670:0000000000000000 mainthread.4670
     /tmp/cceCxyoD.s:204    .bss._idle_thread_wa:0000000000000000 $d
                     .debug_frame:0000000000000010 $d

UNDEFINED SYMBOLS
_port_init
_scheduler_init
_vt_init
_thread_init
rlist
chThdCreateStatic
vtlist
_port_unlock
_port_lock
