ARM GAS  /tmp/ccJyzILV.s 			page 1


   1              		.syntax unified
   2              		.cpu cortex-m3
   3              		.fpu softvfp
   4              		.eabi_attribute 20, 1
   5              		.eabi_attribute 21, 1
   6              		.eabi_attribute 23, 3
   7              		.eabi_attribute 24, 1
   8              		.eabi_attribute 25, 1
   9              		.eabi_attribute 26, 1
  10              		.eabi_attribute 30, 2
  11              		.eabi_attribute 34, 1
  12              		.eabi_attribute 18, 4
  13              		.thumb
  14              		.file	"evtimer.c"
  15              		.text
  16              	.Ltext0:
  17              		.cfi_sections	.debug_frame
  18              		.section	.text.tmrcb,"ax",%progbits
  19              		.align	2
  20              		.p2align 4,,15
  21              		.thumb
  22              		.thumb_func
  23              		.type	tmrcb, %function
  24              	tmrcb:
  25              	.LFB0:
  26              		.file 1 "../os/various/evtimer.c"
  27              		.loc 1 28 0
  28              		.cfi_startproc
  29              		@ args = 0, pretend = 0, frame = 0
  30              		@ frame_needed = 0, uses_anonymous_args = 0
  31              	.LVL0:
  32 0000 10B5     		push	{r4, lr}
  33              		.cfi_def_cfa_offset 8
  34              		.cfi_offset 4, -8
  35              		.cfi_offset 14, -4
  36              		.loc 1 28 0
  37 0002 0446     		mov	r4, r0
  38              	.LVL1:
  39              		.loc 1 31 0
  40              	@ 31 "../os/various/evtimer.c" 1
  41 0004 FFF7FEFF 		bl      _port_lock
  42              	@ 0 "" 2
  43              		.loc 1 32 0
  44              		.thumb
  45 0008 0021     		movs	r1, #0
  46 000a 1430     		adds	r0, r0, #20
  47              	.LVL2:
  48 000c FFF7FEFF 		bl	chEvtBroadcastFlagsI
  49              	.LVL3:
  50              		.loc 1 33 0
  51 0010 40F20002 		movw	r2, #:lower16:tmrcb
  52 0014 2046     		mov	r0, r4
  53 0016 A169     		ldr	r1, [r4, #24]
  54 0018 2346     		mov	r3, r4
  55 001a C0F20002 		movt	r2, #:upper16:tmrcb
  56 001e FFF7FEFF 		bl	chVTSetI
  57              	.LVL4:
ARM GAS  /tmp/ccJyzILV.s 			page 2


  58              		.loc 1 34 0
  59              	@ 34 "../os/various/evtimer.c" 1
  60 0022 FFF7FEFF 		bl      _port_unlock
  61              	@ 0 "" 2
  62              		.thumb
  63 0026 10BD     		pop	{r4, pc}
  64              		.cfi_endproc
  65              	.LFE0:
  66              		.size	tmrcb, .-tmrcb
  67 0028 AFF30080 		.section	.text.evtStart,"ax",%progbits
  67      AFF30080 
  68              		.align	2
  69              		.p2align 4,,15
  70              		.global	evtStart
  71              		.thumb
  72              		.thumb_func
  73              		.type	evtStart, %function
  74              	evtStart:
  75              	.LFB1:
  76              		.loc 1 43 0
  77              		.cfi_startproc
  78              		@ args = 0, pretend = 0, frame = 0
  79              		@ frame_needed = 0, uses_anonymous_args = 0
  80              	.LVL5:
  81 0000 08B5     		push	{r3, lr}
  82              		.cfi_def_cfa_offset 8
  83              		.cfi_offset 3, -8
  84              		.cfi_offset 14, -4
  85              		.loc 1 45 0
  86              	@ 45 "../os/various/evtimer.c" 1
  87 0002 FFF7FEFF 		bl      _port_lock
  88              	@ 0 "" 2
  89              		.loc 1 47 0
  90              		.thumb
  91 0006 C368     		ldr	r3, [r0, #12]
  92 0008 13B1     		cbz	r3, .L5
  93              		.loc 1 50 0
  94              	@ 50 "../os/various/evtimer.c" 1
  95 000a FFF7FEFF 		bl      _port_unlock
  96              	@ 0 "" 2
  97              		.thumb
  98 000e 08BD     		pop	{r3, pc}
  99              	.L5:
 100              		.loc 1 48 0
 101 0010 40F20002 		movw	r2, #:lower16:tmrcb
 102 0014 8169     		ldr	r1, [r0, #24]
 103 0016 0346     		mov	r3, r0
 104 0018 C0F20002 		movt	r2, #:upper16:tmrcb
 105 001c FFF7FEFF 		bl	chVTSetI
 106              	.LVL6:
 107              		.loc 1 50 0
 108              	@ 50 "../os/various/evtimer.c" 1
 109 0020 FFF7FEFF 		bl      _port_unlock
 110              	@ 0 "" 2
 111              		.thumb
 112 0024 08BD     		pop	{r3, pc}
 113              		.cfi_endproc
ARM GAS  /tmp/ccJyzILV.s 			page 3


 114              	.LFE1:
 115              		.size	evtStart, .-evtStart
 116 0026 00BFAFF3 		.section	.text.evtStop,"ax",%progbits
 116      0080AFF3 
 116      0080
 117              		.align	2
 118              		.p2align 4,,15
 119              		.global	evtStop
 120              		.thumb
 121              		.thumb_func
 122              		.type	evtStop, %function
 123              	evtStop:
 124              	.LFB2:
 125              		.loc 1 59 0
 126              		.cfi_startproc
 127              		@ args = 0, pretend = 0, frame = 0
 128              		@ frame_needed = 0, uses_anonymous_args = 0
 129              	.LVL7:
 130 0000 08B5     		push	{r3, lr}
 131              		.cfi_def_cfa_offset 8
 132              		.cfi_offset 3, -8
 133              		.cfi_offset 14, -4
 134              		.loc 1 61 0
 135              	@ 61 "../os/various/evtimer.c" 1
 136 0002 FFF7FEFF 		bl      _port_lock
 137              	@ 0 "" 2
 138              		.thumb
 139 0006 C368     		ldr	r3, [r0, #12]
 140 0008 0BB1     		cbz	r3, .L7
 141              		.loc 1 61 0 is_stmt 0 discriminator 1
 142 000a FFF7FEFF 		bl	chVTResetI
 143              	.LVL8:
 144              	.L7:
 145              		.loc 1 61 0 discriminator 2
 146              	@ 61 "../os/various/evtimer.c" 1
 147 000e FFF7FEFF 		bl      _port_unlock
 148              	@ 0 "" 2
 149              		.thumb
 150 0012 08BD     		pop	{r3, pc}
 151              		.cfi_endproc
 152              	.LFE2:
 153              		.size	evtStop, .-evtStop
 154 0014 AFF30080 		.text
 154      AFF30080 
 154      AFF30080 
 155              	.Letext0:
 156              		.file 2 "/usr/include/newlib/machine/_default_types.h"
 157              		.file 3 "/usr/include/newlib/stdint.h"
 158              		.file 4 "../os/ports/GCC/ARMCMx/chtypes.h"
 159              		.file 5 "../os/kernel/include/chlists.h"
 160              		.file 6 "../os/kernel/include/chthreads.h"
 161              		.file 7 "../os/ports/GCC/ARMCMx/chcore_v7m.h"
 162              		.file 8 "../os/kernel/include/chvt.h"
 163              		.file 9 "../os/kernel/include/chmtx.h"
 164              		.file 10 "../os/kernel/include/chevents.h"
 165              		.file 11 "../os/various/evtimer.h"
 166              		.section	.debug_info,"",%progbits
ARM GAS  /tmp/ccJyzILV.s 			page 4


 167              	.Ldebug_info0:
 168 0000 9E050000 		.4byte	0x59e
 169 0004 0400     		.2byte	0x4
 170 0006 00000000 		.4byte	.Ldebug_abbrev0
 171 000a 04       		.byte	0x4
 172 000b 01       		.uleb128 0x1
 173 000c 23000000 		.4byte	.LASF74
 174 0010 01       		.byte	0x1
 175 0011 9D010000 		.4byte	.LASF75
 176 0015 03030000 		.4byte	.LASF76
 177 0019 00000000 		.4byte	.Ldebug_ranges0+0
 178 001d 00000000 		.4byte	0
 179 0021 00000000 		.4byte	.Ldebug_line0
 180 0025 02       		.uleb128 0x2
 181 0026 04       		.byte	0x4
 182 0027 05       		.byte	0x5
 183 0028 696E7400 		.ascii	"int\000"
 184 002c 03       		.uleb128 0x3
 185 002d 04       		.byte	0x4
 186 002e 07       		.byte	0x7
 187 002f 88010000 		.4byte	.LASF0
 188 0033 03       		.uleb128 0x3
 189 0034 01       		.byte	0x1
 190 0035 06       		.byte	0x6
 191 0036 13010000 		.4byte	.LASF1
 192 003a 04       		.uleb128 0x4
 193 003b 19000000 		.4byte	.LASF5
 194 003f 02       		.byte	0x2
 195 0040 1C       		.byte	0x1c
 196 0041 45000000 		.4byte	0x45
 197 0045 03       		.uleb128 0x3
 198 0046 01       		.byte	0x1
 199 0047 08       		.byte	0x8
 200 0048 71020000 		.4byte	.LASF2
 201 004c 03       		.uleb128 0x3
 202 004d 02       		.byte	0x2
 203 004e 05       		.byte	0x5
 204 004f 9E020000 		.4byte	.LASF3
 205 0053 03       		.uleb128 0x3
 206 0054 02       		.byte	0x2
 207 0055 07       		.byte	0x7
 208 0056 D0010000 		.4byte	.LASF4
 209 005a 04       		.uleb128 0x4
 210 005b 77030000 		.4byte	.LASF6
 211 005f 02       		.byte	0x2
 212 0060 37       		.byte	0x37
 213 0061 65000000 		.4byte	0x65
 214 0065 03       		.uleb128 0x3
 215 0066 04       		.byte	0x4
 216 0067 05       		.byte	0x5
 217 0068 39010000 		.4byte	.LASF7
 218 006c 04       		.uleb128 0x4
 219 006d 60010000 		.4byte	.LASF8
 220 0071 02       		.byte	0x2
 221 0072 38       		.byte	0x38
 222 0073 77000000 		.4byte	0x77
 223 0077 03       		.uleb128 0x3
ARM GAS  /tmp/ccJyzILV.s 			page 5


 224 0078 04       		.byte	0x4
 225 0079 07       		.byte	0x7
 226 007a B5010000 		.4byte	.LASF9
 227 007e 03       		.uleb128 0x3
 228 007f 08       		.byte	0x8
 229 0080 05       		.byte	0x5
 230 0081 05010000 		.4byte	.LASF10
 231 0085 03       		.uleb128 0x3
 232 0086 08       		.byte	0x8
 233 0087 07       		.byte	0x7
 234 0088 D5000000 		.4byte	.LASF11
 235 008c 04       		.uleb128 0x4
 236 008d BE030000 		.4byte	.LASF12
 237 0091 03       		.byte	0x3
 238 0092 2A       		.byte	0x2a
 239 0093 3A000000 		.4byte	0x3a
 240 0097 04       		.uleb128 0x4
 241 0098 69020000 		.4byte	.LASF13
 242 009c 03       		.byte	0x3
 243 009d 41       		.byte	0x41
 244 009e 5A000000 		.4byte	0x5a
 245 00a2 04       		.uleb128 0x4
 246 00a3 ED020000 		.4byte	.LASF14
 247 00a7 03       		.byte	0x3
 248 00a8 42       		.byte	0x42
 249 00a9 6C000000 		.4byte	0x6c
 250 00ad 03       		.uleb128 0x3
 251 00ae 01       		.byte	0x1
 252 00af 02       		.byte	0x2
 253 00b0 63020000 		.4byte	.LASF15
 254 00b4 04       		.uleb128 0x4
 255 00b5 F1010000 		.4byte	.LASF16
 256 00b9 04       		.byte	0x4
 257 00ba 2C       		.byte	0x2c
 258 00bb 8C000000 		.4byte	0x8c
 259 00bf 04       		.uleb128 0x4
 260 00c0 42010000 		.4byte	.LASF17
 261 00c4 04       		.byte	0x4
 262 00c5 2D       		.byte	0x2d
 263 00c6 8C000000 		.4byte	0x8c
 264 00ca 04       		.uleb128 0x4
 265 00cb 2F010000 		.4byte	.LASF18
 266 00cf 04       		.byte	0x4
 267 00d0 2F       		.byte	0x2f
 268 00d1 8C000000 		.4byte	0x8c
 269 00d5 04       		.uleb128 0x4
 270 00d6 5B020000 		.4byte	.LASF19
 271 00da 04       		.byte	0x4
 272 00db 30       		.byte	0x30
 273 00dc A2000000 		.4byte	0xa2
 274 00e0 04       		.uleb128 0x4
 275 00e1 E3010000 		.4byte	.LASF20
 276 00e5 04       		.byte	0x4
 277 00e6 31       		.byte	0x31
 278 00e7 97000000 		.4byte	0x97
 279 00eb 04       		.uleb128 0x4
 280 00ec 05020000 		.4byte	.LASF21
ARM GAS  /tmp/ccJyzILV.s 			page 6


 281 00f0 04       		.byte	0x4
 282 00f1 33       		.byte	0x33
 283 00f2 A2000000 		.4byte	0xa2
 284 00f6 04       		.uleb128 0x4
 285 00f7 AA030000 		.4byte	.LASF22
 286 00fb 04       		.byte	0x4
 287 00fc 34       		.byte	0x34
 288 00fd A2000000 		.4byte	0xa2
 289 0101 04       		.uleb128 0x4
 290 0102 62030000 		.4byte	.LASF23
 291 0106 04       		.byte	0x4
 292 0107 35       		.byte	0x35
 293 0108 A2000000 		.4byte	0xa2
 294 010c 04       		.uleb128 0x4
 295 010d D0020000 		.4byte	.LASF24
 296 0111 05       		.byte	0x5
 297 0112 2A       		.byte	0x2a
 298 0113 17010000 		.4byte	0x117
 299 0117 05       		.uleb128 0x5
 300 0118 D0020000 		.4byte	.LASF24
 301 011c 34       		.byte	0x34
 302 011d 06       		.byte	0x6
 303 011e 5E       		.byte	0x5e
 304 011f CC010000 		.4byte	0x1cc
 305 0123 06       		.uleb128 0x6
 306 0124 C1020000 		.4byte	.LASF25
 307 0128 06       		.byte	0x6
 308 0129 5F       		.byte	0x5f
 309 012a ED010000 		.4byte	0x1ed
 310 012e 00       		.byte	0
 311 012f 06       		.uleb128 0x6
 312 0130 54020000 		.4byte	.LASF26
 313 0134 06       		.byte	0x6
 314 0135 61       		.byte	0x61
 315 0136 ED010000 		.4byte	0x1ed
 316 013a 04       		.byte	0x4
 317 013b 06       		.uleb128 0x6
 318 013c FE000000 		.4byte	.LASF27
 319 0140 06       		.byte	0x6
 320 0141 63       		.byte	0x63
 321 0142 D5000000 		.4byte	0xd5
 322 0146 08       		.byte	0x8
 323 0147 06       		.uleb128 0x6
 324 0148 E9030000 		.4byte	.LASF28
 325 014c 06       		.byte	0x6
 326 014d 64       		.byte	0x64
 327 014e A7020000 		.4byte	0x2a7
 328 0152 0C       		.byte	0xc
 329 0153 06       		.uleb128 0x6
 330 0154 A8020000 		.4byte	.LASF29
 331 0158 06       		.byte	0x6
 332 0159 79       		.byte	0x79
 333 015a BF000000 		.4byte	0xbf
 334 015e 10       		.byte	0x10
 335 015f 06       		.uleb128 0x6
 336 0160 C8020000 		.4byte	.LASF30
 337 0164 06       		.byte	0x6
ARM GAS  /tmp/ccJyzILV.s 			page 7


 338 0165 7D       		.byte	0x7d
 339 0166 B4000000 		.4byte	0xb4
 340 016a 11       		.byte	0x11
 341 016b 06       		.uleb128 0x6
 342 016c B0020000 		.4byte	.LASF31
 343 0170 06       		.byte	0x6
 344 0171 88       		.byte	0x88
 345 0172 CA000000 		.4byte	0xca
 346 0176 12       		.byte	0x12
 347 0177 07       		.uleb128 0x7
 348 0178 705F7500 		.ascii	"p_u\000"
 349 017c 06       		.byte	0x6
 350 017d B4       		.byte	0xb4
 351 017e F9030000 		.4byte	0x3f9
 352 0182 14       		.byte	0x14
 353 0183 06       		.uleb128 0x6
 354 0184 EF030000 		.4byte	.LASF32
 355 0188 06       		.byte	0x6
 356 0189 B9       		.byte	0xb9
 357 018a 13020000 		.4byte	0x213
 358 018e 18       		.byte	0x18
 359 018f 06       		.uleb128 0x6
 360 0190 98030000 		.4byte	.LASF33
 361 0194 06       		.byte	0x6
 362 0195 BF       		.byte	0xbf
 363 0196 F3010000 		.4byte	0x1f3
 364 019a 1C       		.byte	0x1c
 365 019b 06       		.uleb128 0x6
 366 019c 0C000000 		.4byte	.LASF34
 367 01a0 06       		.byte	0x6
 368 01a1 C3       		.byte	0xc3
 369 01a2 E0000000 		.4byte	0xe0
 370 01a6 24       		.byte	0x24
 371 01a7 06       		.uleb128 0x6
 372 01a8 E2020000 		.4byte	.LASF35
 373 01ac 06       		.byte	0x6
 374 01ad C9       		.byte	0xc9
 375 01ae EB000000 		.4byte	0xeb
 376 01b2 28       		.byte	0x28
 377 01b3 06       		.uleb128 0x6
 378 01b4 94020000 		.4byte	.LASF36
 379 01b8 06       		.byte	0x6
 380 01b9 D0       		.byte	0xd0
 381 01ba 2E040000 		.4byte	0x42e
 382 01be 2C       		.byte	0x2c
 383 01bf 06       		.uleb128 0x6
 384 01c0 6C030000 		.4byte	.LASF37
 385 01c4 06       		.byte	0x6
 386 01c5 D4       		.byte	0xd4
 387 01c6 D5000000 		.4byte	0xd5
 388 01ca 30       		.byte	0x30
 389 01cb 00       		.byte	0
 390 01cc 08       		.uleb128 0x8
 391 01cd 08       		.byte	0x8
 392 01ce 05       		.byte	0x5
 393 01cf 61       		.byte	0x61
 394 01d0 ED010000 		.4byte	0x1ed
ARM GAS  /tmp/ccJyzILV.s 			page 8


 395 01d4 06       		.uleb128 0x6
 396 01d5 C1020000 		.4byte	.LASF25
 397 01d9 05       		.byte	0x5
 398 01da 62       		.byte	0x62
 399 01db ED010000 		.4byte	0x1ed
 400 01df 00       		.byte	0
 401 01e0 06       		.uleb128 0x6
 402 01e1 54020000 		.4byte	.LASF26
 403 01e5 05       		.byte	0x5
 404 01e6 64       		.byte	0x64
 405 01e7 ED010000 		.4byte	0x1ed
 406 01eb 04       		.byte	0x4
 407 01ec 00       		.byte	0
 408 01ed 09       		.uleb128 0x9
 409 01ee 04       		.byte	0x4
 410 01ef 0C010000 		.4byte	0x10c
 411 01f3 04       		.uleb128 0x4
 412 01f4 3F020000 		.4byte	.LASF38
 413 01f8 05       		.byte	0x5
 414 01f9 66       		.byte	0x66
 415 01fa CC010000 		.4byte	0x1cc
 416 01fe 08       		.uleb128 0x8
 417 01ff 04       		.byte	0x4
 418 0200 05       		.byte	0x5
 419 0201 6B       		.byte	0x6b
 420 0202 13020000 		.4byte	0x213
 421 0206 06       		.uleb128 0x6
 422 0207 C1020000 		.4byte	.LASF25
 423 020b 05       		.byte	0x5
 424 020c 6D       		.byte	0x6d
 425 020d ED010000 		.4byte	0x1ed
 426 0211 00       		.byte	0
 427 0212 00       		.byte	0
 428 0213 04       		.uleb128 0x4
 429 0214 F9010000 		.4byte	.LASF39
 430 0218 05       		.byte	0x5
 431 0219 70       		.byte	0x70
 432 021a FE010000 		.4byte	0x1fe
 433 021e 04       		.uleb128 0x4
 434 021f 6B010000 		.4byte	.LASF40
 435 0223 07       		.byte	0x7
 436 0224 E5       		.byte	0xe5
 437 0225 29020000 		.4byte	0x229
 438 0229 0A       		.uleb128 0xa
 439 022a 04       		.byte	0x4
 440 022b 0B       		.uleb128 0xb
 441 022c 91030000 		.4byte	.LASF41
 442 0230 24       		.byte	0x24
 443 0231 07       		.byte	0x7
 444 0232 0C01     		.2byte	0x10c
 445 0234 A7020000 		.4byte	0x2a7
 446 0238 0C       		.uleb128 0xc
 447 0239 723400   		.ascii	"r4\000"
 448 023c 07       		.byte	0x7
 449 023d 1F01     		.2byte	0x11f
 450 023f 1E020000 		.4byte	0x21e
 451 0243 00       		.byte	0
ARM GAS  /tmp/ccJyzILV.s 			page 9


 452 0244 0C       		.uleb128 0xc
 453 0245 723500   		.ascii	"r5\000"
 454 0248 07       		.byte	0x7
 455 0249 2001     		.2byte	0x120
 456 024b 1E020000 		.4byte	0x21e
 457 024f 04       		.byte	0x4
 458 0250 0C       		.uleb128 0xc
 459 0251 723600   		.ascii	"r6\000"
 460 0254 07       		.byte	0x7
 461 0255 2101     		.2byte	0x121
 462 0257 1E020000 		.4byte	0x21e
 463 025b 08       		.byte	0x8
 464 025c 0C       		.uleb128 0xc
 465 025d 723700   		.ascii	"r7\000"
 466 0260 07       		.byte	0x7
 467 0261 2201     		.2byte	0x122
 468 0263 1E020000 		.4byte	0x21e
 469 0267 0C       		.byte	0xc
 470 0268 0C       		.uleb128 0xc
 471 0269 723800   		.ascii	"r8\000"
 472 026c 07       		.byte	0x7
 473 026d 2301     		.2byte	0x123
 474 026f 1E020000 		.4byte	0x21e
 475 0273 10       		.byte	0x10
 476 0274 0C       		.uleb128 0xc
 477 0275 723900   		.ascii	"r9\000"
 478 0278 07       		.byte	0x7
 479 0279 2401     		.2byte	0x124
 480 027b 1E020000 		.4byte	0x21e
 481 027f 14       		.byte	0x14
 482 0280 0C       		.uleb128 0xc
 483 0281 72313000 		.ascii	"r10\000"
 484 0285 07       		.byte	0x7
 485 0286 2501     		.2byte	0x125
 486 0288 1E020000 		.4byte	0x21e
 487 028c 18       		.byte	0x18
 488 028d 0C       		.uleb128 0xc
 489 028e 72313100 		.ascii	"r11\000"
 490 0292 07       		.byte	0x7
 491 0293 2601     		.2byte	0x126
 492 0295 1E020000 		.4byte	0x21e
 493 0299 1C       		.byte	0x1c
 494 029a 0C       		.uleb128 0xc
 495 029b 6C7200   		.ascii	"lr\000"
 496 029e 07       		.byte	0x7
 497 029f 2701     		.2byte	0x127
 498 02a1 1E020000 		.4byte	0x21e
 499 02a5 20       		.byte	0x20
 500 02a6 00       		.byte	0
 501 02a7 0B       		.uleb128 0xb
 502 02a8 89030000 		.4byte	.LASF42
 503 02ac 04       		.byte	0x4
 504 02ad 07       		.byte	0x7
 505 02ae 3101     		.2byte	0x131
 506 02b0 C2020000 		.4byte	0x2c2
 507 02b4 0C       		.uleb128 0xc
 508 02b5 72313300 		.ascii	"r13\000"
ARM GAS  /tmp/ccJyzILV.s 			page 10


 509 02b9 07       		.byte	0x7
 510 02ba 3201     		.2byte	0x132
 511 02bc C2020000 		.4byte	0x2c2
 512 02c0 00       		.byte	0
 513 02c1 00       		.byte	0
 514 02c2 09       		.uleb128 0x9
 515 02c3 04       		.byte	0x4
 516 02c4 2B020000 		.4byte	0x22b
 517 02c8 03       		.uleb128 0x3
 518 02c9 04       		.byte	0x4
 519 02ca 07       		.byte	0x7
 520 02cb 25020000 		.4byte	.LASF43
 521 02cf 04       		.uleb128 0x4
 522 02d0 C7010000 		.4byte	.LASF44
 523 02d4 08       		.byte	0x8
 524 02d5 58       		.byte	0x58
 525 02d6 DA020000 		.4byte	0x2da
 526 02da 09       		.uleb128 0x9
 527 02db 04       		.byte	0x4
 528 02dc E0020000 		.4byte	0x2e0
 529 02e0 0D       		.uleb128 0xd
 530 02e1 EB020000 		.4byte	0x2eb
 531 02e5 0E       		.uleb128 0xe
 532 02e6 29020000 		.4byte	0x229
 533 02ea 00       		.byte	0
 534 02eb 04       		.uleb128 0x4
 535 02ec F6020000 		.4byte	.LASF45
 536 02f0 08       		.byte	0x8
 537 02f1 5D       		.byte	0x5d
 538 02f2 F6020000 		.4byte	0x2f6
 539 02f6 05       		.uleb128 0x5
 540 02f7 F6020000 		.4byte	.LASF45
 541 02fb 14       		.byte	0x14
 542 02fc 08       		.byte	0x8
 543 02fd 64       		.byte	0x64
 544 02fe 3F030000 		.4byte	0x33f
 545 0302 06       		.uleb128 0x6
 546 0303 95010000 		.4byte	.LASF46
 547 0307 08       		.byte	0x8
 548 0308 65       		.byte	0x65
 549 0309 3F030000 		.4byte	0x33f
 550 030d 00       		.byte	0
 551 030e 06       		.uleb128 0x6
 552 030f 74010000 		.4byte	.LASF47
 553 0313 08       		.byte	0x8
 554 0314 67       		.byte	0x67
 555 0315 3F030000 		.4byte	0x33f
 556 0319 04       		.byte	0x4
 557 031a 06       		.uleb128 0x6
 558 031b 17020000 		.4byte	.LASF48
 559 031f 08       		.byte	0x8
 560 0320 69       		.byte	0x69
 561 0321 01010000 		.4byte	0x101
 562 0325 08       		.byte	0x8
 563 0326 06       		.uleb128 0x6
 564 0327 2E020000 		.4byte	.LASF49
 565 032b 08       		.byte	0x8
ARM GAS  /tmp/ccJyzILV.s 			page 11


 566 032c 6A       		.byte	0x6a
 567 032d CF020000 		.4byte	0x2cf
 568 0331 0C       		.byte	0xc
 569 0332 06       		.uleb128 0x6
 570 0333 A3030000 		.4byte	.LASF50
 571 0337 08       		.byte	0x8
 572 0338 6C       		.byte	0x6c
 573 0339 29020000 		.4byte	0x229
 574 033d 10       		.byte	0x10
 575 033e 00       		.byte	0
 576 033f 09       		.uleb128 0x9
 577 0340 04       		.byte	0x4
 578 0341 EB020000 		.4byte	0x2eb
 579 0345 05       		.uleb128 0x5
 580 0346 11020000 		.4byte	.LASF51
 581 034a 10       		.byte	0x10
 582 034b 09       		.byte	0x9
 583 034c 2C       		.byte	0x2c
 584 034d 76030000 		.4byte	0x376
 585 0351 06       		.uleb128 0x6
 586 0352 27010000 		.4byte	.LASF52
 587 0356 09       		.byte	0x9
 588 0357 2D       		.byte	0x2d
 589 0358 F3010000 		.4byte	0x1f3
 590 035c 00       		.byte	0
 591 035d 06       		.uleb128 0x6
 592 035e E1030000 		.4byte	.LASF53
 593 0362 09       		.byte	0x9
 594 0363 2F       		.byte	0x2f
 595 0364 ED010000 		.4byte	0x1ed
 596 0368 08       		.byte	0x8
 597 0369 06       		.uleb128 0x6
 598 036a 5B030000 		.4byte	.LASF54
 599 036e 09       		.byte	0x9
 600 036f 31       		.byte	0x31
 601 0370 76030000 		.4byte	0x376
 602 0374 0C       		.byte	0xc
 603 0375 00       		.byte	0
 604 0376 09       		.uleb128 0x9
 605 0377 04       		.byte	0x4
 606 0378 45030000 		.4byte	0x345
 607 037c 04       		.uleb128 0x4
 608 037d 11020000 		.4byte	.LASF51
 609 0381 09       		.byte	0x9
 610 0382 33       		.byte	0x33
 611 0383 45030000 		.4byte	0x345
 612 0387 04       		.uleb128 0x4
 613 0388 C6030000 		.4byte	.LASF55
 614 038c 0A       		.byte	0xa
 615 038d 2C       		.byte	0x2c
 616 038e 92030000 		.4byte	0x392
 617 0392 05       		.uleb128 0x5
 618 0393 C6030000 		.4byte	.LASF55
 619 0397 10       		.byte	0x10
 620 0398 0A       		.byte	0xa
 621 0399 31       		.byte	0x31
 622 039a CF030000 		.4byte	0x3cf
ARM GAS  /tmp/ccJyzILV.s 			page 12


 623 039e 06       		.uleb128 0x6
 624 039f E9010000 		.4byte	.LASF56
 625 03a3 0A       		.byte	0xa
 626 03a4 32       		.byte	0x32
 627 03a5 CF030000 		.4byte	0x3cf
 628 03a9 00       		.byte	0
 629 03aa 06       		.uleb128 0x6
 630 03ab 7F020000 		.4byte	.LASF57
 631 03af 0A       		.byte	0xa
 632 03b0 35       		.byte	0x35
 633 03b1 ED010000 		.4byte	0x1ed
 634 03b5 04       		.byte	0x4
 635 03b6 06       		.uleb128 0x6
 636 03b7 4C020000 		.4byte	.LASF58
 637 03bb 0A       		.byte	0xa
 638 03bc 37       		.byte	0x37
 639 03bd EB000000 		.4byte	0xeb
 640 03c1 08       		.byte	0x8
 641 03c2 06       		.uleb128 0x6
 642 03c3 8B020000 		.4byte	.LASF59
 643 03c7 0A       		.byte	0xa
 644 03c8 3A       		.byte	0x3a
 645 03c9 F6000000 		.4byte	0xf6
 646 03cd 0C       		.byte	0xc
 647 03ce 00       		.byte	0
 648 03cf 09       		.uleb128 0x9
 649 03d0 04       		.byte	0x4
 650 03d1 87030000 		.4byte	0x387
 651 03d5 05       		.uleb128 0x5
 652 03d6 7C010000 		.4byte	.LASF60
 653 03da 04       		.byte	0x4
 654 03db 0A       		.byte	0xa
 655 03dc 41       		.byte	0x41
 656 03dd EE030000 		.4byte	0x3ee
 657 03e1 06       		.uleb128 0x6
 658 03e2 B6030000 		.4byte	.LASF61
 659 03e6 0A       		.byte	0xa
 660 03e7 42       		.byte	0x42
 661 03e8 CF030000 		.4byte	0x3cf
 662 03ec 00       		.byte	0
 663 03ed 00       		.byte	0
 664 03ee 04       		.uleb128 0x4
 665 03ef 7C010000 		.4byte	.LASF60
 666 03f3 0A       		.byte	0xa
 667 03f4 45       		.byte	0x45
 668 03f5 D5030000 		.4byte	0x3d5
 669 03f9 0F       		.uleb128 0xf
 670 03fa 04       		.byte	0x4
 671 03fb 06       		.byte	0x6
 672 03fc 96       		.byte	0x96
 673 03fd 2E040000 		.4byte	0x42e
 674 0401 10       		.uleb128 0x10
 675 0402 12000000 		.4byte	.LASF62
 676 0406 06       		.byte	0x6
 677 0407 9D       		.byte	0x9d
 678 0408 E0000000 		.4byte	0xe0
 679 040c 10       		.uleb128 0x10
ARM GAS  /tmp/ccJyzILV.s 			page 13


 680 040d EC000000 		.4byte	.LASF63
 681 0411 06       		.byte	0x6
 682 0412 A4       		.byte	0xa4
 683 0413 E0000000 		.4byte	0xe0
 684 0417 10       		.uleb128 0x10
 685 0418 D4030000 		.4byte	.LASF64
 686 041c 06       		.byte	0x6
 687 041d AB       		.byte	0xab
 688 041e 29020000 		.4byte	0x229
 689 0422 10       		.uleb128 0x10
 690 0423 BA020000 		.4byte	.LASF65
 691 0427 06       		.byte	0x6
 692 0428 B2       		.byte	0xb2
 693 0429 EB000000 		.4byte	0xeb
 694 042d 00       		.byte	0
 695 042e 09       		.uleb128 0x9
 696 042f 04       		.byte	0x4
 697 0430 7C030000 		.4byte	0x37c
 698 0434 08       		.uleb128 0x8
 699 0435 1C       		.byte	0x1c
 700 0436 0B       		.byte	0xb
 701 0437 27       		.byte	0x27
 702 0438 61040000 		.4byte	0x461
 703 043c 06       		.uleb128 0x6
 704 043d DB030000 		.4byte	.LASF66
 705 0441 0B       		.byte	0xb
 706 0442 28       		.byte	0x28
 707 0443 EB020000 		.4byte	0x2eb
 708 0447 00       		.byte	0
 709 0448 06       		.uleb128 0x6
 710 0449 1F020000 		.4byte	.LASF67
 711 044d 0B       		.byte	0xb
 712 044e 29       		.byte	0x29
 713 044f EE030000 		.4byte	0x3ee
 714 0453 14       		.byte	0x14
 715 0454 06       		.uleb128 0x6
 716 0455 00000000 		.4byte	.LASF68
 717 0459 0B       		.byte	0xb
 718 045a 2A       		.byte	0x2a
 719 045b 01010000 		.4byte	0x101
 720 045f 18       		.byte	0x18
 721 0460 00       		.byte	0
 722 0461 04       		.uleb128 0x4
 723 0462 1F010000 		.4byte	.LASF69
 724 0466 0B       		.byte	0xb
 725 0467 2B       		.byte	0x2b
 726 0468 34040000 		.4byte	0x434
 727 046c 11       		.uleb128 0x11
 728 046d 55030000 		.4byte	.LASF77
 729 0471 01       		.byte	0x1
 730 0472 1C       		.byte	0x1c
 731 0473 00000000 		.4byte	.LFB0
 732 0477 28000000 		.4byte	.LFE0-.LFB0
 733 047b 01       		.uleb128 0x1
 734 047c 9C       		.byte	0x9c
 735 047d D6040000 		.4byte	0x4d6
 736 0481 12       		.uleb128 0x12
ARM GAS  /tmp/ccJyzILV.s 			page 14


 737 0482 7000     		.ascii	"p\000"
 738 0484 01       		.byte	0x1
 739 0485 1C       		.byte	0x1c
 740 0486 29020000 		.4byte	0x229
 741 048a 00000000 		.4byte	.LLST0
 742 048e 13       		.uleb128 0x13
 743 048f 65747000 		.ascii	"etp\000"
 744 0493 01       		.byte	0x1
 745 0494 1D       		.byte	0x1d
 746 0495 D6040000 		.4byte	0x4d6
 747 0499 1E000000 		.4byte	.LLST1
 748 049d 14       		.uleb128 0x14
 749 049e 10000000 		.4byte	.LVL3
 750 04a2 58050000 		.4byte	0x558
 751 04a6 B6040000 		.4byte	0x4b6
 752 04aa 15       		.uleb128 0x15
 753 04ab 01       		.uleb128 0x1
 754 04ac 51       		.byte	0x51
 755 04ad 01       		.uleb128 0x1
 756 04ae 30       		.byte	0x30
 757 04af 15       		.uleb128 0x15
 758 04b0 01       		.uleb128 0x1
 759 04b1 50       		.byte	0x50
 760 04b2 02       		.uleb128 0x2
 761 04b3 74       		.byte	0x74
 762 04b4 14       		.sleb128 20
 763 04b5 00       		.byte	0
 764 04b6 16       		.uleb128 0x16
 765 04b7 22000000 		.4byte	.LVL4
 766 04bb 74050000 		.4byte	0x574
 767 04bf 15       		.uleb128 0x15
 768 04c0 01       		.uleb128 0x1
 769 04c1 53       		.byte	0x53
 770 04c2 02       		.uleb128 0x2
 771 04c3 74       		.byte	0x74
 772 04c4 00       		.sleb128 0
 773 04c5 15       		.uleb128 0x15
 774 04c6 01       		.uleb128 0x1
 775 04c7 52       		.byte	0x52
 776 04c8 05       		.uleb128 0x5
 777 04c9 03       		.byte	0x3
 778 04ca 00000000 		.4byte	tmrcb
 779 04ce 15       		.uleb128 0x15
 780 04cf 01       		.uleb128 0x1
 781 04d0 50       		.byte	0x50
 782 04d1 02       		.uleb128 0x2
 783 04d2 74       		.byte	0x74
 784 04d3 00       		.sleb128 0
 785 04d4 00       		.byte	0
 786 04d5 00       		.byte	0
 787 04d6 09       		.uleb128 0x9
 788 04d7 04       		.byte	0x4
 789 04d8 61040000 		.4byte	0x461
 790 04dc 17       		.uleb128 0x17
 791 04dd F5000000 		.4byte	.LASF70
 792 04e1 01       		.byte	0x1
 793 04e2 2B       		.byte	0x2b
ARM GAS  /tmp/ccJyzILV.s 			page 15


 794 04e3 00000000 		.4byte	.LFB1
 795 04e7 26000000 		.4byte	.LFE1-.LFB1
 796 04eb 01       		.uleb128 0x1
 797 04ec 9C       		.byte	0x9c
 798 04ed 22050000 		.4byte	0x522
 799 04f1 12       		.uleb128 0x12
 800 04f2 65747000 		.ascii	"etp\000"
 801 04f6 01       		.byte	0x1
 802 04f7 2B       		.byte	0x2b
 803 04f8 D6040000 		.4byte	0x4d6
 804 04fc 3C000000 		.4byte	.LLST2
 805 0500 16       		.uleb128 0x16
 806 0501 20000000 		.4byte	.LVL6
 807 0505 74050000 		.4byte	0x574
 808 0509 15       		.uleb128 0x15
 809 050a 01       		.uleb128 0x1
 810 050b 53       		.byte	0x53
 811 050c 03       		.uleb128 0x3
 812 050d F3       		.byte	0xf3
 813 050e 01       		.uleb128 0x1
 814 050f 50       		.byte	0x50
 815 0510 15       		.uleb128 0x15
 816 0511 01       		.uleb128 0x1
 817 0512 52       		.byte	0x52
 818 0513 05       		.uleb128 0x5
 819 0514 03       		.byte	0x3
 820 0515 00000000 		.4byte	tmrcb
 821 0519 15       		.uleb128 0x15
 822 051a 01       		.uleb128 0x1
 823 051b 50       		.byte	0x50
 824 051c 03       		.uleb128 0x3
 825 051d F3       		.byte	0xf3
 826 051e 01       		.uleb128 0x1
 827 051f 50       		.byte	0x50
 828 0520 00       		.byte	0
 829 0521 00       		.byte	0
 830 0522 17       		.uleb128 0x17
 831 0523 81030000 		.4byte	.LASF71
 832 0527 01       		.byte	0x1
 833 0528 3B       		.byte	0x3b
 834 0529 00000000 		.4byte	.LFB2
 835 052d 14000000 		.4byte	.LFE2-.LFB2
 836 0531 01       		.uleb128 0x1
 837 0532 9C       		.byte	0x9c
 838 0533 58050000 		.4byte	0x558
 839 0537 12       		.uleb128 0x12
 840 0538 65747000 		.ascii	"etp\000"
 841 053c 01       		.byte	0x1
 842 053d 3B       		.byte	0x3b
 843 053e D6040000 		.4byte	0x4d6
 844 0542 5D000000 		.4byte	.LLST3
 845 0546 16       		.uleb128 0x16
 846 0547 0E000000 		.4byte	.LVL8
 847 054b 94050000 		.4byte	0x594
 848 054f 15       		.uleb128 0x15
 849 0550 01       		.uleb128 0x1
 850 0551 50       		.byte	0x50
ARM GAS  /tmp/ccJyzILV.s 			page 16


 851 0552 03       		.uleb128 0x3
 852 0553 F3       		.byte	0xf3
 853 0554 01       		.uleb128 0x1
 854 0555 50       		.byte	0x50
 855 0556 00       		.byte	0
 856 0557 00       		.byte	0
 857 0558 18       		.uleb128 0x18
 858 0559 4B010000 		.4byte	.LASF72
 859 055d 0A       		.byte	0xa
 860 055e BA       		.byte	0xba
 861 055f 6E050000 		.4byte	0x56e
 862 0563 0E       		.uleb128 0xe
 863 0564 6E050000 		.4byte	0x56e
 864 0568 0E       		.uleb128 0xe
 865 0569 F6000000 		.4byte	0xf6
 866 056d 00       		.byte	0
 867 056e 09       		.uleb128 0x9
 868 056f 04       		.byte	0x4
 869 0570 EE030000 		.4byte	0x3ee
 870 0574 18       		.uleb128 0x18
 871 0575 36020000 		.4byte	.LASF73
 872 0579 08       		.byte	0x8
 873 057a FE       		.byte	0xfe
 874 057b 94050000 		.4byte	0x594
 875 057f 0E       		.uleb128 0xe
 876 0580 3F030000 		.4byte	0x33f
 877 0584 0E       		.uleb128 0xe
 878 0585 01010000 		.4byte	0x101
 879 0589 0E       		.uleb128 0xe
 880 058a CF020000 		.4byte	0x2cf
 881 058e 0E       		.uleb128 0xe
 882 058f 29020000 		.4byte	0x229
 883 0593 00       		.byte	0
 884 0594 19       		.uleb128 0x19
 885 0595 D7020000 		.4byte	.LASF78
 886 0599 08       		.byte	0x8
 887 059a FF       		.byte	0xff
 888 059b 0E       		.uleb128 0xe
 889 059c 3F030000 		.4byte	0x33f
 890 05a0 00       		.byte	0
 891 05a1 00       		.byte	0
 892              		.section	.debug_abbrev,"",%progbits
 893              	.Ldebug_abbrev0:
 894 0000 01       		.uleb128 0x1
 895 0001 11       		.uleb128 0x11
 896 0002 01       		.byte	0x1
 897 0003 25       		.uleb128 0x25
 898 0004 0E       		.uleb128 0xe
 899 0005 13       		.uleb128 0x13
 900 0006 0B       		.uleb128 0xb
 901 0007 03       		.uleb128 0x3
 902 0008 0E       		.uleb128 0xe
 903 0009 1B       		.uleb128 0x1b
 904 000a 0E       		.uleb128 0xe
 905 000b 55       		.uleb128 0x55
 906 000c 17       		.uleb128 0x17
 907 000d 11       		.uleb128 0x11
ARM GAS  /tmp/ccJyzILV.s 			page 17


 908 000e 01       		.uleb128 0x1
 909 000f 10       		.uleb128 0x10
 910 0010 17       		.uleb128 0x17
 911 0011 00       		.byte	0
 912 0012 00       		.byte	0
 913 0013 02       		.uleb128 0x2
 914 0014 24       		.uleb128 0x24
 915 0015 00       		.byte	0
 916 0016 0B       		.uleb128 0xb
 917 0017 0B       		.uleb128 0xb
 918 0018 3E       		.uleb128 0x3e
 919 0019 0B       		.uleb128 0xb
 920 001a 03       		.uleb128 0x3
 921 001b 08       		.uleb128 0x8
 922 001c 00       		.byte	0
 923 001d 00       		.byte	0
 924 001e 03       		.uleb128 0x3
 925 001f 24       		.uleb128 0x24
 926 0020 00       		.byte	0
 927 0021 0B       		.uleb128 0xb
 928 0022 0B       		.uleb128 0xb
 929 0023 3E       		.uleb128 0x3e
 930 0024 0B       		.uleb128 0xb
 931 0025 03       		.uleb128 0x3
 932 0026 0E       		.uleb128 0xe
 933 0027 00       		.byte	0
 934 0028 00       		.byte	0
 935 0029 04       		.uleb128 0x4
 936 002a 16       		.uleb128 0x16
 937 002b 00       		.byte	0
 938 002c 03       		.uleb128 0x3
 939 002d 0E       		.uleb128 0xe
 940 002e 3A       		.uleb128 0x3a
 941 002f 0B       		.uleb128 0xb
 942 0030 3B       		.uleb128 0x3b
 943 0031 0B       		.uleb128 0xb
 944 0032 49       		.uleb128 0x49
 945 0033 13       		.uleb128 0x13
 946 0034 00       		.byte	0
 947 0035 00       		.byte	0
 948 0036 05       		.uleb128 0x5
 949 0037 13       		.uleb128 0x13
 950 0038 01       		.byte	0x1
 951 0039 03       		.uleb128 0x3
 952 003a 0E       		.uleb128 0xe
 953 003b 0B       		.uleb128 0xb
 954 003c 0B       		.uleb128 0xb
 955 003d 3A       		.uleb128 0x3a
 956 003e 0B       		.uleb128 0xb
 957 003f 3B       		.uleb128 0x3b
 958 0040 0B       		.uleb128 0xb
 959 0041 01       		.uleb128 0x1
 960 0042 13       		.uleb128 0x13
 961 0043 00       		.byte	0
 962 0044 00       		.byte	0
 963 0045 06       		.uleb128 0x6
 964 0046 0D       		.uleb128 0xd
ARM GAS  /tmp/ccJyzILV.s 			page 18


 965 0047 00       		.byte	0
 966 0048 03       		.uleb128 0x3
 967 0049 0E       		.uleb128 0xe
 968 004a 3A       		.uleb128 0x3a
 969 004b 0B       		.uleb128 0xb
 970 004c 3B       		.uleb128 0x3b
 971 004d 0B       		.uleb128 0xb
 972 004e 49       		.uleb128 0x49
 973 004f 13       		.uleb128 0x13
 974 0050 38       		.uleb128 0x38
 975 0051 0B       		.uleb128 0xb
 976 0052 00       		.byte	0
 977 0053 00       		.byte	0
 978 0054 07       		.uleb128 0x7
 979 0055 0D       		.uleb128 0xd
 980 0056 00       		.byte	0
 981 0057 03       		.uleb128 0x3
 982 0058 08       		.uleb128 0x8
 983 0059 3A       		.uleb128 0x3a
 984 005a 0B       		.uleb128 0xb
 985 005b 3B       		.uleb128 0x3b
 986 005c 0B       		.uleb128 0xb
 987 005d 49       		.uleb128 0x49
 988 005e 13       		.uleb128 0x13
 989 005f 38       		.uleb128 0x38
 990 0060 0B       		.uleb128 0xb
 991 0061 00       		.byte	0
 992 0062 00       		.byte	0
 993 0063 08       		.uleb128 0x8
 994 0064 13       		.uleb128 0x13
 995 0065 01       		.byte	0x1
 996 0066 0B       		.uleb128 0xb
 997 0067 0B       		.uleb128 0xb
 998 0068 3A       		.uleb128 0x3a
 999 0069 0B       		.uleb128 0xb
 1000 006a 3B       		.uleb128 0x3b
 1001 006b 0B       		.uleb128 0xb
 1002 006c 01       		.uleb128 0x1
 1003 006d 13       		.uleb128 0x13
 1004 006e 00       		.byte	0
 1005 006f 00       		.byte	0
 1006 0070 09       		.uleb128 0x9
 1007 0071 0F       		.uleb128 0xf
 1008 0072 00       		.byte	0
 1009 0073 0B       		.uleb128 0xb
 1010 0074 0B       		.uleb128 0xb
 1011 0075 49       		.uleb128 0x49
 1012 0076 13       		.uleb128 0x13
 1013 0077 00       		.byte	0
 1014 0078 00       		.byte	0
 1015 0079 0A       		.uleb128 0xa
 1016 007a 0F       		.uleb128 0xf
 1017 007b 00       		.byte	0
 1018 007c 0B       		.uleb128 0xb
 1019 007d 0B       		.uleb128 0xb
 1020 007e 00       		.byte	0
 1021 007f 00       		.byte	0
ARM GAS  /tmp/ccJyzILV.s 			page 19


 1022 0080 0B       		.uleb128 0xb
 1023 0081 13       		.uleb128 0x13
 1024 0082 01       		.byte	0x1
 1025 0083 03       		.uleb128 0x3
 1026 0084 0E       		.uleb128 0xe
 1027 0085 0B       		.uleb128 0xb
 1028 0086 0B       		.uleb128 0xb
 1029 0087 3A       		.uleb128 0x3a
 1030 0088 0B       		.uleb128 0xb
 1031 0089 3B       		.uleb128 0x3b
 1032 008a 05       		.uleb128 0x5
 1033 008b 01       		.uleb128 0x1
 1034 008c 13       		.uleb128 0x13
 1035 008d 00       		.byte	0
 1036 008e 00       		.byte	0
 1037 008f 0C       		.uleb128 0xc
 1038 0090 0D       		.uleb128 0xd
 1039 0091 00       		.byte	0
 1040 0092 03       		.uleb128 0x3
 1041 0093 08       		.uleb128 0x8
 1042 0094 3A       		.uleb128 0x3a
 1043 0095 0B       		.uleb128 0xb
 1044 0096 3B       		.uleb128 0x3b
 1045 0097 05       		.uleb128 0x5
 1046 0098 49       		.uleb128 0x49
 1047 0099 13       		.uleb128 0x13
 1048 009a 38       		.uleb128 0x38
 1049 009b 0B       		.uleb128 0xb
 1050 009c 00       		.byte	0
 1051 009d 00       		.byte	0
 1052 009e 0D       		.uleb128 0xd
 1053 009f 15       		.uleb128 0x15
 1054 00a0 01       		.byte	0x1
 1055 00a1 27       		.uleb128 0x27
 1056 00a2 19       		.uleb128 0x19
 1057 00a3 01       		.uleb128 0x1
 1058 00a4 13       		.uleb128 0x13
 1059 00a5 00       		.byte	0
 1060 00a6 00       		.byte	0
 1061 00a7 0E       		.uleb128 0xe
 1062 00a8 05       		.uleb128 0x5
 1063 00a9 00       		.byte	0
 1064 00aa 49       		.uleb128 0x49
 1065 00ab 13       		.uleb128 0x13
 1066 00ac 00       		.byte	0
 1067 00ad 00       		.byte	0
 1068 00ae 0F       		.uleb128 0xf
 1069 00af 17       		.uleb128 0x17
 1070 00b0 01       		.byte	0x1
 1071 00b1 0B       		.uleb128 0xb
 1072 00b2 0B       		.uleb128 0xb
 1073 00b3 3A       		.uleb128 0x3a
 1074 00b4 0B       		.uleb128 0xb
 1075 00b5 3B       		.uleb128 0x3b
 1076 00b6 0B       		.uleb128 0xb
 1077 00b7 01       		.uleb128 0x1
 1078 00b8 13       		.uleb128 0x13
ARM GAS  /tmp/ccJyzILV.s 			page 20


 1079 00b9 00       		.byte	0
 1080 00ba 00       		.byte	0
 1081 00bb 10       		.uleb128 0x10
 1082 00bc 0D       		.uleb128 0xd
 1083 00bd 00       		.byte	0
 1084 00be 03       		.uleb128 0x3
 1085 00bf 0E       		.uleb128 0xe
 1086 00c0 3A       		.uleb128 0x3a
 1087 00c1 0B       		.uleb128 0xb
 1088 00c2 3B       		.uleb128 0x3b
 1089 00c3 0B       		.uleb128 0xb
 1090 00c4 49       		.uleb128 0x49
 1091 00c5 13       		.uleb128 0x13
 1092 00c6 00       		.byte	0
 1093 00c7 00       		.byte	0
 1094 00c8 11       		.uleb128 0x11
 1095 00c9 2E       		.uleb128 0x2e
 1096 00ca 01       		.byte	0x1
 1097 00cb 03       		.uleb128 0x3
 1098 00cc 0E       		.uleb128 0xe
 1099 00cd 3A       		.uleb128 0x3a
 1100 00ce 0B       		.uleb128 0xb
 1101 00cf 3B       		.uleb128 0x3b
 1102 00d0 0B       		.uleb128 0xb
 1103 00d1 27       		.uleb128 0x27
 1104 00d2 19       		.uleb128 0x19
 1105 00d3 11       		.uleb128 0x11
 1106 00d4 01       		.uleb128 0x1
 1107 00d5 12       		.uleb128 0x12
 1108 00d6 06       		.uleb128 0x6
 1109 00d7 40       		.uleb128 0x40
 1110 00d8 18       		.uleb128 0x18
 1111 00d9 9742     		.uleb128 0x2117
 1112 00db 19       		.uleb128 0x19
 1113 00dc 01       		.uleb128 0x1
 1114 00dd 13       		.uleb128 0x13
 1115 00de 00       		.byte	0
 1116 00df 00       		.byte	0
 1117 00e0 12       		.uleb128 0x12
 1118 00e1 05       		.uleb128 0x5
 1119 00e2 00       		.byte	0
 1120 00e3 03       		.uleb128 0x3
 1121 00e4 08       		.uleb128 0x8
 1122 00e5 3A       		.uleb128 0x3a
 1123 00e6 0B       		.uleb128 0xb
 1124 00e7 3B       		.uleb128 0x3b
 1125 00e8 0B       		.uleb128 0xb
 1126 00e9 49       		.uleb128 0x49
 1127 00ea 13       		.uleb128 0x13
 1128 00eb 02       		.uleb128 0x2
 1129 00ec 17       		.uleb128 0x17
 1130 00ed 00       		.byte	0
 1131 00ee 00       		.byte	0
 1132 00ef 13       		.uleb128 0x13
 1133 00f0 34       		.uleb128 0x34
 1134 00f1 00       		.byte	0
 1135 00f2 03       		.uleb128 0x3
ARM GAS  /tmp/ccJyzILV.s 			page 21


 1136 00f3 08       		.uleb128 0x8
 1137 00f4 3A       		.uleb128 0x3a
 1138 00f5 0B       		.uleb128 0xb
 1139 00f6 3B       		.uleb128 0x3b
 1140 00f7 0B       		.uleb128 0xb
 1141 00f8 49       		.uleb128 0x49
 1142 00f9 13       		.uleb128 0x13
 1143 00fa 02       		.uleb128 0x2
 1144 00fb 17       		.uleb128 0x17
 1145 00fc 00       		.byte	0
 1146 00fd 00       		.byte	0
 1147 00fe 14       		.uleb128 0x14
 1148 00ff 898201   		.uleb128 0x4109
 1149 0102 01       		.byte	0x1
 1150 0103 11       		.uleb128 0x11
 1151 0104 01       		.uleb128 0x1
 1152 0105 31       		.uleb128 0x31
 1153 0106 13       		.uleb128 0x13
 1154 0107 01       		.uleb128 0x1
 1155 0108 13       		.uleb128 0x13
 1156 0109 00       		.byte	0
 1157 010a 00       		.byte	0
 1158 010b 15       		.uleb128 0x15
 1159 010c 8A8201   		.uleb128 0x410a
 1160 010f 00       		.byte	0
 1161 0110 02       		.uleb128 0x2
 1162 0111 18       		.uleb128 0x18
 1163 0112 9142     		.uleb128 0x2111
 1164 0114 18       		.uleb128 0x18
 1165 0115 00       		.byte	0
 1166 0116 00       		.byte	0
 1167 0117 16       		.uleb128 0x16
 1168 0118 898201   		.uleb128 0x4109
 1169 011b 01       		.byte	0x1
 1170 011c 11       		.uleb128 0x11
 1171 011d 01       		.uleb128 0x1
 1172 011e 31       		.uleb128 0x31
 1173 011f 13       		.uleb128 0x13
 1174 0120 00       		.byte	0
 1175 0121 00       		.byte	0
 1176 0122 17       		.uleb128 0x17
 1177 0123 2E       		.uleb128 0x2e
 1178 0124 01       		.byte	0x1
 1179 0125 3F       		.uleb128 0x3f
 1180 0126 19       		.uleb128 0x19
 1181 0127 03       		.uleb128 0x3
 1182 0128 0E       		.uleb128 0xe
 1183 0129 3A       		.uleb128 0x3a
 1184 012a 0B       		.uleb128 0xb
 1185 012b 3B       		.uleb128 0x3b
 1186 012c 0B       		.uleb128 0xb
 1187 012d 27       		.uleb128 0x27
 1188 012e 19       		.uleb128 0x19
 1189 012f 11       		.uleb128 0x11
 1190 0130 01       		.uleb128 0x1
 1191 0131 12       		.uleb128 0x12
 1192 0132 06       		.uleb128 0x6
ARM GAS  /tmp/ccJyzILV.s 			page 22


 1193 0133 40       		.uleb128 0x40
 1194 0134 18       		.uleb128 0x18
 1195 0135 9742     		.uleb128 0x2117
 1196 0137 19       		.uleb128 0x19
 1197 0138 01       		.uleb128 0x1
 1198 0139 13       		.uleb128 0x13
 1199 013a 00       		.byte	0
 1200 013b 00       		.byte	0
 1201 013c 18       		.uleb128 0x18
 1202 013d 2E       		.uleb128 0x2e
 1203 013e 01       		.byte	0x1
 1204 013f 3F       		.uleb128 0x3f
 1205 0140 19       		.uleb128 0x19
 1206 0141 03       		.uleb128 0x3
 1207 0142 0E       		.uleb128 0xe
 1208 0143 3A       		.uleb128 0x3a
 1209 0144 0B       		.uleb128 0xb
 1210 0145 3B       		.uleb128 0x3b
 1211 0146 0B       		.uleb128 0xb
 1212 0147 27       		.uleb128 0x27
 1213 0148 19       		.uleb128 0x19
 1214 0149 3C       		.uleb128 0x3c
 1215 014a 19       		.uleb128 0x19
 1216 014b 01       		.uleb128 0x1
 1217 014c 13       		.uleb128 0x13
 1218 014d 00       		.byte	0
 1219 014e 00       		.byte	0
 1220 014f 19       		.uleb128 0x19
 1221 0150 2E       		.uleb128 0x2e
 1222 0151 01       		.byte	0x1
 1223 0152 3F       		.uleb128 0x3f
 1224 0153 19       		.uleb128 0x19
 1225 0154 03       		.uleb128 0x3
 1226 0155 0E       		.uleb128 0xe
 1227 0156 3A       		.uleb128 0x3a
 1228 0157 0B       		.uleb128 0xb
 1229 0158 3B       		.uleb128 0x3b
 1230 0159 0B       		.uleb128 0xb
 1231 015a 27       		.uleb128 0x27
 1232 015b 19       		.uleb128 0x19
 1233 015c 3C       		.uleb128 0x3c
 1234 015d 19       		.uleb128 0x19
 1235 015e 00       		.byte	0
 1236 015f 00       		.byte	0
 1237 0160 00       		.byte	0
 1238              		.section	.debug_loc,"",%progbits
 1239              	.Ldebug_loc0:
 1240              	.LLST0:
 1241 0000 00000000 		.4byte	.LVL0
 1242 0004 0C000000 		.4byte	.LVL2
 1243 0008 0100     		.2byte	0x1
 1244 000a 50       		.byte	0x50
 1245 000b 0C000000 		.4byte	.LVL2
 1246 000f 28000000 		.4byte	.LFE0
 1247 0013 0100     		.2byte	0x1
 1248 0015 54       		.byte	0x54
 1249 0016 00000000 		.4byte	0
ARM GAS  /tmp/ccJyzILV.s 			page 23


 1250 001a 00000000 		.4byte	0
 1251              	.LLST1:
 1252 001e 04000000 		.4byte	.LVL1
 1253 0022 0C000000 		.4byte	.LVL2
 1254 0026 0100     		.2byte	0x1
 1255 0028 50       		.byte	0x50
 1256 0029 0C000000 		.4byte	.LVL2
 1257 002d 28000000 		.4byte	.LFE0
 1258 0031 0100     		.2byte	0x1
 1259 0033 54       		.byte	0x54
 1260 0034 00000000 		.4byte	0
 1261 0038 00000000 		.4byte	0
 1262              	.LLST2:
 1263 003c 00000000 		.4byte	.LVL5
 1264 0040 1F000000 		.4byte	.LVL6-1
 1265 0044 0100     		.2byte	0x1
 1266 0046 50       		.byte	0x50
 1267 0047 1F000000 		.4byte	.LVL6-1
 1268 004b 26000000 		.4byte	.LFE1
 1269 004f 0400     		.2byte	0x4
 1270 0051 F3       		.byte	0xf3
 1271 0052 01       		.uleb128 0x1
 1272 0053 50       		.byte	0x50
 1273 0054 9F       		.byte	0x9f
 1274 0055 00000000 		.4byte	0
 1275 0059 00000000 		.4byte	0
 1276              	.LLST3:
 1277 005d 00000000 		.4byte	.LVL7
 1278 0061 0D000000 		.4byte	.LVL8-1
 1279 0065 0100     		.2byte	0x1
 1280 0067 50       		.byte	0x50
 1281 0068 0D000000 		.4byte	.LVL8-1
 1282 006c 14000000 		.4byte	.LFE2
 1283 0070 0400     		.2byte	0x4
 1284 0072 F3       		.byte	0xf3
 1285 0073 01       		.uleb128 0x1
 1286 0074 50       		.byte	0x50
 1287 0075 9F       		.byte	0x9f
 1288 0076 00000000 		.4byte	0
 1289 007a 00000000 		.4byte	0
 1290              		.section	.debug_aranges,"",%progbits
 1291 0000 2C000000 		.4byte	0x2c
 1292 0004 0200     		.2byte	0x2
 1293 0006 00000000 		.4byte	.Ldebug_info0
 1294 000a 04       		.byte	0x4
 1295 000b 00       		.byte	0
 1296 000c 0000     		.2byte	0
 1297 000e 0000     		.2byte	0
 1298 0010 00000000 		.4byte	.LFB0
 1299 0014 28000000 		.4byte	.LFE0-.LFB0
 1300 0018 00000000 		.4byte	.LFB1
 1301 001c 26000000 		.4byte	.LFE1-.LFB1
 1302 0020 00000000 		.4byte	.LFB2
 1303 0024 14000000 		.4byte	.LFE2-.LFB2
 1304 0028 00000000 		.4byte	0
 1305 002c 00000000 		.4byte	0
 1306              		.section	.debug_ranges,"",%progbits
ARM GAS  /tmp/ccJyzILV.s 			page 24


 1307              	.Ldebug_ranges0:
 1308 0000 00000000 		.4byte	.LFB0
 1309 0004 28000000 		.4byte	.LFE0
 1310 0008 00000000 		.4byte	.LFB1
 1311 000c 26000000 		.4byte	.LFE1
 1312 0010 00000000 		.4byte	.LFB2
 1313 0014 14000000 		.4byte	.LFE2
 1314 0018 00000000 		.4byte	0
 1315 001c 00000000 		.4byte	0
 1316              		.section	.debug_line,"",%progbits
 1317              	.Ldebug_line0:
 1318 0000 5C010000 		.section	.debug_str,"MS",%progbits,1
 1318      02001301 
 1318      00000201 
 1318      FB0E0D00 
 1318      01010101 
 1319              	.LASF68:
 1320 0000 65745F69 		.ascii	"et_interval\000"
 1320      6E746572 
 1320      76616C00 
 1321              	.LASF34:
 1322 000c 705F6D73 		.ascii	"p_msg\000"
 1322      6700
 1323              	.LASF62:
 1324 0012 7264796D 		.ascii	"rdymsg\000"
 1324      736700
 1325              	.LASF5:
 1326 0019 5F5F7569 		.ascii	"__uint8_t\000"
 1326      6E74385F 
 1326      7400
 1327              	.LASF74:
 1328 0023 474E5520 		.ascii	"GNU C 4.8.2 -mcpu=cortex-m3 -mno-thumb-interwork -m"
 1328      4320342E 
 1328      382E3220 
 1328      2D6D6370 
 1328      753D636F 
 1329 0056 7468756D 		.ascii	"thumb -ggdb -O2 -fomit-frame-pointer -falign-functi"
 1329      62202D67 
 1329      67646220 
 1329      2D4F3220 
 1329      2D666F6D 
 1330 0089 6F6E733D 		.ascii	"ons=16 -ffunction-sections -fdata-sections -fno-com"
 1330      3136202D 
 1330      6666756E 
 1330      6374696F 
 1330      6E2D7365 
 1331 00bc 6D6F6E20 		.ascii	"mon -fno-strict-aliasing\000"
 1331      2D666E6F 
 1331      2D737472 
 1331      6963742D 
 1331      616C6961 
 1332              	.LASF11:
 1333 00d5 6C6F6E67 		.ascii	"long long unsigned int\000"
 1333      206C6F6E 
 1333      6720756E 
 1333      7369676E 
 1333      65642069 
ARM GAS  /tmp/ccJyzILV.s 			page 25


 1334              	.LASF63:
 1335 00ec 65786974 		.ascii	"exitcode\000"
 1335      636F6465 
 1335      00
 1336              	.LASF70:
 1337 00f5 65767453 		.ascii	"evtStart\000"
 1337      74617274 
 1337      00
 1338              	.LASF27:
 1339 00fe 705F7072 		.ascii	"p_prio\000"
 1339      696F00
 1340              	.LASF10:
 1341 0105 6C6F6E67 		.ascii	"long long int\000"
 1341      206C6F6E 
 1341      6720696E 
 1341      7400
 1342              	.LASF1:
 1343 0113 7369676E 		.ascii	"signed char\000"
 1343      65642063 
 1343      68617200 
 1344              	.LASF69:
 1345 011f 45765469 		.ascii	"EvTimer\000"
 1345      6D657200 
 1346              	.LASF52:
 1347 0127 6D5F7175 		.ascii	"m_queue\000"
 1347      65756500 
 1348              	.LASF18:
 1349 012f 74736C69 		.ascii	"tslices_t\000"
 1349      6365735F 
 1349      7400
 1350              	.LASF7:
 1351 0139 6C6F6E67 		.ascii	"long int\000"
 1351      20696E74 
 1351      00
 1352              	.LASF17:
 1353 0142 74737461 		.ascii	"tstate_t\000"
 1353      74655F74 
 1353      00
 1354              	.LASF72:
 1355 014b 63684576 		.ascii	"chEvtBroadcastFlagsI\000"
 1355      7442726F 
 1355      61646361 
 1355      7374466C 
 1355      61677349 
 1356              	.LASF8:
 1357 0160 5F5F7569 		.ascii	"__uint32_t\000"
 1357      6E743332 
 1357      5F7400
 1358              	.LASF40:
 1359 016b 72656761 		.ascii	"regarm_t\000"
 1359      726D5F74 
 1359      00
 1360              	.LASF47:
 1361 0174 76745F70 		.ascii	"vt_prev\000"
 1361      72657600 
 1362              	.LASF60:
 1363 017c 4576656E 		.ascii	"EventSource\000"
ARM GAS  /tmp/ccJyzILV.s 			page 26


 1363      74536F75 
 1363      72636500 
 1364              	.LASF0:
 1365 0188 756E7369 		.ascii	"unsigned int\000"
 1365      676E6564 
 1365      20696E74 
 1365      00
 1366              	.LASF46:
 1367 0195 76745F6E 		.ascii	"vt_next\000"
 1367      65787400 
 1368              	.LASF75:
 1369 019d 2E2E2F6F 		.ascii	"../os/various/evtimer.c\000"
 1369      732F7661 
 1369      72696F75 
 1369      732F6576 
 1369      74696D65 
 1370              	.LASF9:
 1371 01b5 6C6F6E67 		.ascii	"long unsigned int\000"
 1371      20756E73 
 1371      69676E65 
 1371      6420696E 
 1371      7400
 1372              	.LASF44:
 1373 01c7 76746675 		.ascii	"vtfunc_t\000"
 1373      6E635F74 
 1373      00
 1374              	.LASF4:
 1375 01d0 73686F72 		.ascii	"short unsigned int\000"
 1375      7420756E 
 1375      7369676E 
 1375      65642069 
 1375      6E7400
 1376              	.LASF20:
 1377 01e3 6D73675F 		.ascii	"msg_t\000"
 1377      7400
 1378              	.LASF56:
 1379 01e9 656C5F6E 		.ascii	"el_next\000"
 1379      65787400 
 1380              	.LASF16:
 1381 01f1 746D6F64 		.ascii	"tmode_t\000"
 1381      655F7400 
 1382              	.LASF39:
 1383 01f9 54687265 		.ascii	"ThreadsList\000"
 1383      6164734C 
 1383      69737400 
 1384              	.LASF21:
 1385 0205 6576656E 		.ascii	"eventmask_t\000"
 1385      746D6173 
 1385      6B5F7400 
 1386              	.LASF51:
 1387 0211 4D757465 		.ascii	"Mutex\000"
 1387      7800
 1388              	.LASF48:
 1389 0217 76745F74 		.ascii	"vt_time\000"
 1389      696D6500 
 1390              	.LASF67:
 1391 021f 65745F65 		.ascii	"et_es\000"
ARM GAS  /tmp/ccJyzILV.s 			page 27


 1391      7300
 1392              	.LASF43:
 1393 0225 73697A65 		.ascii	"sizetype\000"
 1393      74797065 
 1393      00
 1394              	.LASF49:
 1395 022e 76745F66 		.ascii	"vt_func\000"
 1395      756E6300 
 1396              	.LASF73:
 1397 0236 63685654 		.ascii	"chVTSetI\000"
 1397      53657449 
 1397      00
 1398              	.LASF38:
 1399 023f 54687265 		.ascii	"ThreadsQueue\000"
 1399      61647351 
 1399      75657565 
 1399      00
 1400              	.LASF58:
 1401 024c 656C5F6D 		.ascii	"el_mask\000"
 1401      61736B00 
 1402              	.LASF26:
 1403 0254 705F7072 		.ascii	"p_prev\000"
 1403      657600
 1404              	.LASF19:
 1405 025b 74707269 		.ascii	"tprio_t\000"
 1405      6F5F7400 
 1406              	.LASF15:
 1407 0263 5F426F6F 		.ascii	"_Bool\000"
 1407      6C00
 1408              	.LASF13:
 1409 0269 696E7433 		.ascii	"int32_t\000"
 1409      325F7400 
 1410              	.LASF2:
 1411 0271 756E7369 		.ascii	"unsigned char\000"
 1411      676E6564 
 1411      20636861 
 1411      7200
 1412              	.LASF57:
 1413 027f 656C5F6C 		.ascii	"el_listener\000"
 1413      69737465 
 1413      6E657200 
 1414              	.LASF59:
 1415 028b 656C5F66 		.ascii	"el_flags\000"
 1415      6C616773 
 1415      00
 1416              	.LASF36:
 1417 0294 705F6D74 		.ascii	"p_mtxlist\000"
 1417      786C6973 
 1417      7400
 1418              	.LASF3:
 1419 029e 73686F72 		.ascii	"short int\000"
 1419      7420696E 
 1419      7400
 1420              	.LASF29:
 1421 02a8 705F7374 		.ascii	"p_state\000"
 1421      61746500 
 1422              	.LASF31:
ARM GAS  /tmp/ccJyzILV.s 			page 28


 1423 02b0 705F7072 		.ascii	"p_preempt\000"
 1423      65656D70 
 1423      7400
 1424              	.LASF65:
 1425 02ba 65776D61 		.ascii	"ewmask\000"
 1425      736B00
 1426              	.LASF25:
 1427 02c1 705F6E65 		.ascii	"p_next\000"
 1427      787400
 1428              	.LASF30:
 1429 02c8 705F666C 		.ascii	"p_flags\000"
 1429      61677300 
 1430              	.LASF24:
 1431 02d0 54687265 		.ascii	"Thread\000"
 1431      616400
 1432              	.LASF78:
 1433 02d7 63685654 		.ascii	"chVTResetI\000"
 1433      52657365 
 1433      744900
 1434              	.LASF35:
 1435 02e2 705F6570 		.ascii	"p_epending\000"
 1435      656E6469 
 1435      6E6700
 1436              	.LASF14:
 1437 02ed 75696E74 		.ascii	"uint32_t\000"
 1437      33325F74 
 1437      00
 1438              	.LASF45:
 1439 02f6 56697274 		.ascii	"VirtualTimer\000"
 1439      75616C54 
 1439      696D6572 
 1439      00
 1440              	.LASF76:
 1441 0303 2F686F6D 		.ascii	"/home/dltech/gdrive/Projects/RFM_to_Modbus_TCP/Chib"
 1441      652F646C 
 1441      74656368 
 1441      2F676472 
 1441      6976652F 
 1442 0336 694F532F 		.ascii	"iOS/F103_ChibiOS_ENC60J28/main\000"
 1442      46313033 
 1442      5F436869 
 1442      62694F53 
 1442      5F454E43 
 1443              	.LASF77:
 1444 0355 746D7263 		.ascii	"tmrcb\000"
 1444      6200
 1445              	.LASF54:
 1446 035b 6D5F6E65 		.ascii	"m_next\000"
 1446      787400
 1447              	.LASF23:
 1448 0362 73797374 		.ascii	"systime_t\000"
 1448      696D655F 
 1448      7400
 1449              	.LASF37:
 1450 036c 705F7265 		.ascii	"p_realprio\000"
 1450      616C7072 
 1450      696F00
ARM GAS  /tmp/ccJyzILV.s 			page 29


 1451              	.LASF6:
 1452 0377 5F5F696E 		.ascii	"__int32_t\000"
 1452      7433325F 
 1452      7400
 1453              	.LASF71:
 1454 0381 65767453 		.ascii	"evtStop\000"
 1454      746F7000 
 1455              	.LASF42:
 1456 0389 636F6E74 		.ascii	"context\000"
 1456      65787400 
 1457              	.LASF41:
 1458 0391 696E7463 		.ascii	"intctx\000"
 1458      747800
 1459              	.LASF33:
 1460 0398 705F6D73 		.ascii	"p_msgqueue\000"
 1460      67717565 
 1460      756500
 1461              	.LASF50:
 1462 03a3 76745F70 		.ascii	"vt_par\000"
 1462      617200
 1463              	.LASF22:
 1464 03aa 666C6167 		.ascii	"flagsmask_t\000"
 1464      736D6173 
 1464      6B5F7400 
 1465              	.LASF61:
 1466 03b6 65735F6E 		.ascii	"es_next\000"
 1466      65787400 
 1467              	.LASF12:
 1468 03be 75696E74 		.ascii	"uint8_t\000"
 1468      385F7400 
 1469              	.LASF55:
 1470 03c6 4576656E 		.ascii	"EventListener\000"
 1470      744C6973 
 1470      74656E65 
 1470      7200
 1471              	.LASF64:
 1472 03d4 77746F62 		.ascii	"wtobjp\000"
 1472      6A7000
 1473              	.LASF66:
 1474 03db 65745F76 		.ascii	"et_vt\000"
 1474      7400
 1475              	.LASF53:
 1476 03e1 6D5F6F77 		.ascii	"m_owner\000"
 1476      6E657200 
 1477              	.LASF28:
 1478 03e9 705F6374 		.ascii	"p_ctx\000"
 1478      7800
 1479              	.LASF32:
 1480 03ef 705F7761 		.ascii	"p_waiting\000"
 1480      6974696E 
 1480      6700
 1481              		.ident	"GCC: (4.8.2-14ubuntu1+6) 4.8.2"
ARM GAS  /tmp/ccJyzILV.s 			page 30


DEFINED SYMBOLS
                            *ABS*:0000000000000000 evtimer.c
     /tmp/ccJyzILV.s:19     .text.tmrcb:0000000000000000 $t
     /tmp/ccJyzILV.s:24     .text.tmrcb:0000000000000000 tmrcb
     /tmp/ccJyzILV.s:68     .text.evtStart:0000000000000000 $t
     /tmp/ccJyzILV.s:74     .text.evtStart:0000000000000000 evtStart
     /tmp/ccJyzILV.s:117    .text.evtStop:0000000000000000 $t
     /tmp/ccJyzILV.s:123    .text.evtStop:0000000000000000 evtStop
                     .debug_frame:0000000000000010 $d

UNDEFINED SYMBOLS
_port_lock
chEvtBroadcastFlagsI
chVTSetI
_port_unlock
chVTResetI
