ARM GAS  /tmp/ccJJJbcY.s 			page 1


   1              		.syntax unified
   2              		.cpu cortex-m3
   3              		.fpu softvfp
   4              		.eabi_attribute 20, 1
   5              		.eabi_attribute 21, 1
   6              		.eabi_attribute 23, 3
   7              		.eabi_attribute 24, 1
   8              		.eabi_attribute 25, 1
   9              		.eabi_attribute 26, 1
  10              		.eabi_attribute 30, 2
  11              		.eabi_attribute 34, 1
  12              		.eabi_attribute 18, 4
  13              		.thumb
  14              		.file	"ext_lld.c"
  15              		.text
  16              	.Ltext0:
  17              		.cfi_sections	.debug_frame
  18              		.section	.text.ext_lld_init,"ax",%progbits
  19              		.align	2
  20              		.p2align 4,,15
  21              		.global	ext_lld_init
  22              		.thumb
  23              		.thumb_func
  24              		.type	ext_lld_init, %function
  25              	ext_lld_init:
  26              	.LFB56:
  27              		.file 1 "../os/hal/platforms/STM32/ext_lld.c"
  28              		.loc 1 66 0
  29              		.cfi_startproc
  30              		@ args = 0, pretend = 0, frame = 0
  31              		@ frame_needed = 0, uses_anonymous_args = 0
  32              		@ link register save eliminated.
  33              		.loc 1 69 0
  34 0000 40F20000 		movw	r0, #:lower16:.LANCHOR0
  35 0004 C0F20000 		movt	r0, #:upper16:.LANCHOR0
  36 0008 FFF7FEBF 		b	extObjectInit
  37              	.LVL0:
  38              		.cfi_endproc
  39              	.LFE56:
  40              		.size	ext_lld_init, .-ext_lld_init
  41 000c AFF30080 		.section	.text.ext_lld_stop,"ax",%progbits
  42              		.align	2
  43              		.p2align 4,,15
  44              		.global	ext_lld_stop
  45              		.thumb
  46              		.thumb_func
  47              		.type	ext_lld_stop, %function
  48              	ext_lld_stop:
  49              	.LFB58:
  50              		.loc 1 100 0
  51              		.cfi_startproc
  52              		@ args = 0, pretend = 0, frame = 0
  53              		@ frame_needed = 0, uses_anonymous_args = 0
  54              	.LVL1:
  55 0000 08B5     		push	{r3, lr}
  56              		.cfi_def_cfa_offset 8
  57              		.cfi_offset 3, -8
ARM GAS  /tmp/ccJJJbcY.s 			page 2


  58              		.cfi_offset 14, -4
  59              		.loc 1 102 0
  60 0002 0378     		ldrb	r3, [r0]	@ zero_extendqisi2
  61 0004 022B     		cmp	r3, #2
  62 0006 0AD0     		beq	.L5
  63              	.LVL2:
  64              	.L3:
  65              		.loc 1 105 0
  66 0008 4FF48063 		mov	r3, #1024
  67 000c C4F20103 		movt	r3, 16385
  68 0010 0022     		movs	r2, #0
  69              		.loc 1 107 0
  70 0012 4FF0FF31 		mov	r1, #-1
  71              		.loc 1 105 0
  72 0016 5A60     		str	r2, [r3, #4]
  73              		.loc 1 106 0
  74 0018 1A60     		str	r2, [r3]
  75              		.loc 1 107 0
  76 001a 5961     		str	r1, [r3, #20]
  77 001c 08BD     		pop	{r3, pc}
  78              	.LVL3:
  79              	.L5:
  80              		.loc 1 103 0
  81 001e FFF7FEFF 		bl	ext_lld_exti_irq_disable
  82              	.LVL4:
  83 0022 F1E7     		b	.L3
  84              		.cfi_endproc
  85              	.LFE58:
  86              		.size	ext_lld_stop, .-ext_lld_stop
  87 0024 AFF30080 		.section	.text.ext_lld_channel_enable,"ax",%progbits
  87      AFF30080 
  87      AFF30080 
  88              		.align	2
  89              		.p2align 4,,15
  90              		.global	ext_lld_channel_enable
  91              		.thumb
  92              		.thumb_func
  93              		.type	ext_lld_channel_enable, %function
  94              	ext_lld_channel_enable:
  95              	.LFB59:
  96              		.loc 1 121 0
  97              		.cfi_startproc
  98              		@ args = 0, pretend = 0, frame = 0
  99              		@ frame_needed = 0, uses_anonymous_args = 0
 100              		@ link register save eliminated.
 101              	.LVL5:
 102              		.loc 1 124 0
 103 0000 0F29     		cmp	r1, #15
 104              		.loc 1 121 0
 105 0002 30B4     		push	{r4, r5}
 106              		.cfi_def_cfa_offset 8
 107              		.cfi_offset 4, -8
 108              		.cfi_offset 5, -4
 109              		.loc 1 124 0
 110 0004 15D8     		bhi	.L7
 111              	.LVL6:
 112              	.LBB2:
ARM GAS  /tmp/ccJJJbcY.s 			page 3


 113              		.loc 1 127 0
 114 0006 4268     		ldr	r2, [r0, #4]
 115              		.loc 1 126 0
 116 0008 01F00303 		and	r3, r1, #3
 117              		.loc 1 127 0
 118 000c 52F83140 		ldr	r4, [r2, r1, lsl #3]
 119              		.loc 1 126 0
 120 0010 9B00     		lsls	r3, r3, #2
 121              	.LVL7:
 122 0012 0F22     		movs	r2, #15
 123              	.LVL8:
 124 0014 9A40     		lsls	r2, r2, r3
 125              		.loc 1 128 0
 126 0016 C4F30314 		ubfx	r4, r4, #4, #4
 127              		.loc 1 127 0
 128 001a 9C40     		lsls	r4, r4, r3
 129 001c 21F00303 		bic	r3, r1, #3
 130              	.LVL9:
 131 0020 03F18043 		add	r3, r3, #1073741824
 132 0024 03F58033 		add	r3, r3, #65536
 133              		.loc 1 135 0
 134 0028 9D68     		ldr	r5, [r3, #8]
 135 002a 25EA0202 		bic	r2, r5, r2
 136 002e 2243     		orrs	r2, r2, r4
 137 0030 9A60     		str	r2, [r3, #8]
 138              	.LVL10:
 139              	.L7:
 140              	.LBE2:
 141              		.loc 1 146 0
 142 0032 0122     		movs	r2, #1
 143 0034 8A40     		lsls	r2, r2, r1
 144              		.loc 1 145 0
 145 0036 4368     		ldr	r3, [r0, #4]
 146 0038 D443     		mvns	r4, r2
 147 003a 53F83130 		ldr	r3, [r3, r1, lsl #3]
 148 003e 13F0010F 		tst	r3, #1
 149              		.loc 1 146 0
 150 0042 4FF48063 		mov	r3, #1024
 151 0046 C4F20103 		movt	r3, 16385
 152 004a 9D68     		ldr	r5, [r3, #8]
 153 004c 14BF     		ite	ne
 154 004e 1543     		orrne	r5, r2, r5
 155              		.loc 1 148 0
 156 0050 2540     		andeq	r5, r4, r5
 157 0052 9D60     		str	r5, [r3, #8]
 158              		.loc 1 149 0
 159 0054 4368     		ldr	r3, [r0, #4]
 160 0056 53F83130 		ldr	r3, [r3, r1, lsl #3]
 161 005a 13F0020F 		tst	r3, #2
 162              		.loc 1 150 0
 163 005e 4FF48063 		mov	r3, #1024
 164 0062 C4F20103 		movt	r3, 16385
 165 0066 DD68     		ldr	r5, [r3, #12]
 166 0068 14BF     		ite	ne
 167 006a 1543     		orrne	r5, r2, r5
 168              		.loc 1 152 0
 169 006c 2540     		andeq	r5, r4, r5
ARM GAS  /tmp/ccJJJbcY.s 			page 4


 170 006e DD60     		str	r5, [r3, #12]
 171              		.loc 1 155 0
 172 0070 4368     		ldr	r3, [r0, #4]
 173 0072 03EBC101 		add	r1, r3, r1, lsl #3
 174              	.LVL11:
 175 0076 4B68     		ldr	r3, [r1, #4]
 176 0078 5BB1     		cbz	r3, .L12
 177              		.loc 1 156 0
 178 007a 4FF48063 		mov	r3, #1024
 179 007e C4F20103 		movt	r3, 16385
 180 0082 1968     		ldr	r1, [r3]
 181 0084 0A43     		orrs	r2, r2, r1
 182 0086 1A60     		str	r2, [r3]
 183              		.loc 1 157 0
 184 0088 5A68     		ldr	r2, [r3, #4]
 185 008a 1440     		ands	r4, r4, r2
 186 008c 5C60     		str	r4, [r3, #4]
 187              		.loc 1 187 0
 188 008e 30BC     		pop	{r4, r5}
 189 0090 7047     		bx	lr
 190              	.L12:
 191              		.loc 1 160 0
 192 0092 4FF48063 		mov	r3, #1024
 193 0096 C4F20103 		movt	r3, 16385
 194 009a 5968     		ldr	r1, [r3, #4]
 195 009c 0A43     		orrs	r2, r2, r1
 196 009e 5A60     		str	r2, [r3, #4]
 197              		.loc 1 161 0
 198 00a0 1A68     		ldr	r2, [r3]
 199 00a2 1440     		ands	r4, r4, r2
 200 00a4 1C60     		str	r4, [r3]
 201              		.loc 1 187 0
 202 00a6 30BC     		pop	{r4, r5}
 203 00a8 7047     		bx	lr
 204              		.cfi_endproc
 205              	.LFE59:
 206              		.size	ext_lld_channel_enable, .-ext_lld_channel_enable
 207 00aa 00BFAFF3 		.section	.text.ext_lld_channel_disable,"ax",%progbits
 207      0080
 208              		.align	2
 209              		.p2align 4,,15
 210              		.global	ext_lld_channel_disable
 211              		.thumb
 212              		.thumb_func
 213              		.type	ext_lld_channel_disable, %function
 214              	ext_lld_channel_disable:
 215              	.LFB60:
 216              		.loc 1 197 0
 217              		.cfi_startproc
 218              		@ args = 0, pretend = 0, frame = 0
 219              		@ frame_needed = 0, uses_anonymous_args = 0
 220              		@ link register save eliminated.
 221              	.LVL12:
 222              		.loc 1 204 0
 223 0000 0123     		movs	r3, #1
 224 0002 03FA01F1 		lsl	r1, r3, r1
 225              	.LVL13:
ARM GAS  /tmp/ccJJJbcY.s 			page 5


 226 0006 4FF48063 		mov	r3, #1024
 227 000a C4F20103 		movt	r3, 16385
 228 000e 1868     		ldr	r0, [r3]
 229              	.LVL14:
 230 0010 CA43     		mvns	r2, r1
 231 0012 1040     		ands	r0, r0, r2
 232 0014 1860     		str	r0, [r3]
 233              		.loc 1 205 0
 234 0016 5868     		ldr	r0, [r3, #4]
 235 0018 1040     		ands	r0, r0, r2
 236 001a 5860     		str	r0, [r3, #4]
 237              		.loc 1 206 0
 238 001c 9868     		ldr	r0, [r3, #8]
 239 001e 1040     		ands	r0, r0, r2
 240 0020 9860     		str	r0, [r3, #8]
 241              		.loc 1 207 0
 242 0022 D868     		ldr	r0, [r3, #12]
 243 0024 0240     		ands	r2, r2, r0
 244 0026 DA60     		str	r2, [r3, #12]
 245              		.loc 1 208 0
 246 0028 5961     		str	r1, [r3, #20]
 247 002a 7047     		bx	lr
 248              		.cfi_endproc
 249              	.LFE60:
 250              		.size	ext_lld_channel_disable, .-ext_lld_channel_disable
 251 002c AFF30080 		.section	.text.ext_lld_start,"ax",%progbits
 252              		.align	2
 253              		.p2align 4,,15
 254              		.global	ext_lld_start
 255              		.thumb
 256              		.thumb_func
 257              		.type	ext_lld_start, %function
 258              	ext_lld_start:
 259              	.LFB57:
 260              		.loc 1 79 0
 261              		.cfi_startproc
 262              		@ args = 0, pretend = 0, frame = 0
 263              		@ frame_needed = 0, uses_anonymous_args = 0
 264              	.LVL15:
 265 0000 38B5     		push	{r3, r4, r5, lr}
 266              		.cfi_def_cfa_offset 16
 267              		.cfi_offset 3, -16
 268              		.cfi_offset 4, -12
 269              		.cfi_offset 5, -8
 270              		.cfi_offset 14, -4
 271              		.loc 1 82 0
 272 0002 0378     		ldrb	r3, [r0]	@ zero_extendqisi2
 273              		.loc 1 79 0
 274 0004 0546     		mov	r5, r0
 275              		.loc 1 82 0
 276 0006 012B     		cmp	r3, #1
 277 0008 13D0     		beq	.L21
 278              	.LVL16:
 279              	.L16:
 280              		.loc 1 79 0 discriminator 1
 281 000a 0024     		movs	r4, #0
 282 000c 04E0     		b	.L20
ARM GAS  /tmp/ccJJJbcY.s 			page 6


 283              	.LVL17:
 284              	.L23:
 285              		.loc 1 86 0
 286 000e 0134     		adds	r4, r4, #1
 287              		.loc 1 88 0
 288 0010 FFF7FEFF 		bl	ext_lld_channel_enable
 289              	.LVL18:
 290              		.loc 1 86 0
 291 0014 132C     		cmp	r4, #19
 292 0016 0BD0     		beq	.L22
 293              	.LVL19:
 294              	.L20:
 295              		.loc 1 87 0
 296 0018 6B68     		ldr	r3, [r5, #4]
 297              		.loc 1 90 0
 298 001a 2146     		mov	r1, r4
 299              		.loc 1 87 0
 300 001c 53F83430 		ldr	r3, [r3, r4, lsl #3]
 301              		.loc 1 90 0
 302 0020 2846     		mov	r0, r5
 303              		.loc 1 87 0
 304 0022 5B07     		lsls	r3, r3, #29
 305 0024 F3D4     		bmi	.L23
 306              	.LVL20:
 307              		.loc 1 86 0
 308 0026 0134     		adds	r4, r4, #1
 309              	.LVL21:
 310              		.loc 1 90 0
 311 0028 FFF7FEFF 		bl	ext_lld_channel_disable
 312              	.LVL22:
 313              		.loc 1 86 0
 314 002c 132C     		cmp	r4, #19
 315 002e F3D1     		bne	.L20
 316              	.L22:
 317              		.loc 1 91 0
 318 0030 38BD     		pop	{r3, r4, r5, pc}
 319              	.LVL23:
 320              	.L21:
 321              		.loc 1 83 0
 322 0032 FFF7FEFF 		bl	ext_lld_exti_irq_enable
 323              	.LVL24:
 324 0036 E8E7     		b	.L16
 325              		.cfi_endproc
 326              	.LFE57:
 327              		.size	ext_lld_start, .-ext_lld_start
 328              		.global	EXTD1
 329 0038 AFF30080 		.section	.bss.EXTD1,"aw",%nobits
 329      AFF30080 
 330              		.align	2
 331              		.set	.LANCHOR0,. + 0
 332              		.type	EXTD1, %object
 333              		.size	EXTD1, 8
 334              	EXTD1:
 335 0000 00000000 		.space	8
 335      00000000 
 336              		.text
 337              	.Letext0:
ARM GAS  /tmp/ccJJJbcY.s 			page 7


 338              		.file 2 "/usr/include/newlib/machine/_default_types.h"
 339              		.file 3 "/usr/include/newlib/stdint.h"
 340              		.file 4 "../os/hal/platforms/STM32F1xx/stm32f10x.h"
 341              		.file 5 "../os/hal/include/ext.h"
 342              		.file 6 "../os/hal/platforms/STM32/ext_lld.h"
 343              		.file 7 "../os/ports/common/ARMCMx/CMSIS/include/core_cm3.h"
 344              		.file 8 "../os/hal/platforms/STM32F1xx/ext_lld_isr.h"
 345              		.section	.debug_info,"",%progbits
 346              	.Ldebug_info0:
 347 0000 F5030000 		.4byte	0x3f5
 348 0004 0400     		.2byte	0x4
 349 0006 00000000 		.4byte	.Ldebug_abbrev0
 350 000a 04       		.byte	0x4
 351 000b 01       		.uleb128 0x1
 352 000c 1E020000 		.4byte	.LASF51
 353 0010 01       		.byte	0x1
 354 0011 00000000 		.4byte	.LASF52
 355 0015 6A010000 		.4byte	.LASF53
 356 0019 00000000 		.4byte	.Ldebug_ranges0+0
 357 001d 00000000 		.4byte	0
 358 0021 00000000 		.4byte	.Ldebug_line0
 359 0025 02       		.uleb128 0x2
 360 0026 04       		.byte	0x4
 361 0027 05       		.byte	0x5
 362 0028 696E7400 		.ascii	"int\000"
 363 002c 03       		.uleb128 0x3
 364 002d 04       		.byte	0x4
 365 002e 07       		.byte	0x7
 366 002f FD010000 		.4byte	.LASF0
 367 0033 03       		.uleb128 0x3
 368 0034 01       		.byte	0x1
 369 0035 06       		.byte	0x6
 370 0036 39030000 		.4byte	.LASF1
 371 003a 03       		.uleb128 0x3
 372 003b 01       		.byte	0x1
 373 003c 08       		.byte	0x8
 374 003d 11010000 		.4byte	.LASF2
 375 0041 03       		.uleb128 0x3
 376 0042 02       		.byte	0x2
 377 0043 05       		.byte	0x5
 378 0044 08030000 		.4byte	.LASF3
 379 0048 03       		.uleb128 0x3
 380 0049 02       		.byte	0x2
 381 004a 07       		.byte	0x7
 382 004b 31010000 		.4byte	.LASF4
 383 004f 04       		.uleb128 0x4
 384 0050 7D000000 		.4byte	.LASF6
 385 0054 02       		.byte	0x2
 386 0055 37       		.byte	0x37
 387 0056 5A000000 		.4byte	0x5a
 388 005a 03       		.uleb128 0x3
 389 005b 04       		.byte	0x4
 390 005c 05       		.byte	0x5
 391 005d 2B030000 		.4byte	.LASF5
 392 0061 04       		.uleb128 0x4
 393 0062 BC010000 		.4byte	.LASF7
 394 0066 02       		.byte	0x2
ARM GAS  /tmp/ccJJJbcY.s 			page 8


 395 0067 38       		.byte	0x38
 396 0068 6C000000 		.4byte	0x6c
 397 006c 03       		.uleb128 0x3
 398 006d 04       		.byte	0x4
 399 006e 07       		.byte	0x7
 400 006f 1F010000 		.4byte	.LASF8
 401 0073 03       		.uleb128 0x3
 402 0074 08       		.byte	0x8
 403 0075 05       		.byte	0x5
 404 0076 E1020000 		.4byte	.LASF9
 405 007a 03       		.uleb128 0x3
 406 007b 08       		.byte	0x8
 407 007c 07       		.byte	0x7
 408 007d FA000000 		.4byte	.LASF10
 409 0081 04       		.uleb128 0x4
 410 0082 D0020000 		.4byte	.LASF11
 411 0086 03       		.byte	0x3
 412 0087 41       		.byte	0x41
 413 0088 4F000000 		.4byte	0x4f
 414 008c 04       		.uleb128 0x4
 415 008d 45030000 		.4byte	.LASF12
 416 0091 03       		.byte	0x3
 417 0092 42       		.byte	0x42
 418 0093 61000000 		.4byte	0x61
 419 0097 03       		.uleb128 0x3
 420 0098 01       		.byte	0x1
 421 0099 02       		.byte	0x2
 422 009a 4E030000 		.4byte	.LASF13
 423 009e 05       		.uleb128 0x5
 424 009f 8C000000 		.4byte	0x8c
 425 00a3 03       		.uleb128 0x3
 426 00a4 04       		.byte	0x4
 427 00a5 07       		.byte	0x7
 428 00a6 D8020000 		.4byte	.LASF14
 429 00aa 06       		.uleb128 0x6
 430 00ab 8C000000 		.4byte	0x8c
 431 00af BA000000 		.4byte	0xba
 432 00b3 07       		.uleb128 0x7
 433 00b4 A3000000 		.4byte	0xa3
 434 00b8 03       		.byte	0x3
 435 00b9 00       		.byte	0
 436 00ba 05       		.uleb128 0x5
 437 00bb 81000000 		.4byte	0x81
 438 00bf 08       		.uleb128 0x8
 439 00c0 18       		.byte	0x18
 440 00c1 04       		.byte	0x4
 441 00c2 8603     		.2byte	0x386
 442 00c4 16010000 		.4byte	0x116
 443 00c8 09       		.uleb128 0x9
 444 00c9 494D5200 		.ascii	"IMR\000"
 445 00cd 04       		.byte	0x4
 446 00ce 8803     		.2byte	0x388
 447 00d0 9E000000 		.4byte	0x9e
 448 00d4 00       		.byte	0
 449 00d5 09       		.uleb128 0x9
 450 00d6 454D5200 		.ascii	"EMR\000"
 451 00da 04       		.byte	0x4
ARM GAS  /tmp/ccJJJbcY.s 			page 9


 452 00db 8903     		.2byte	0x389
 453 00dd 9E000000 		.4byte	0x9e
 454 00e1 04       		.byte	0x4
 455 00e2 0A       		.uleb128 0xa
 456 00e3 5E010000 		.4byte	.LASF15
 457 00e7 04       		.byte	0x4
 458 00e8 8A03     		.2byte	0x38a
 459 00ea 9E000000 		.4byte	0x9e
 460 00ee 08       		.byte	0x8
 461 00ef 0A       		.uleb128 0xa
 462 00f0 26030000 		.4byte	.LASF16
 463 00f4 04       		.byte	0x4
 464 00f5 8B03     		.2byte	0x38b
 465 00f7 9E000000 		.4byte	0x9e
 466 00fb 0C       		.byte	0xc
 467 00fc 0A       		.uleb128 0xa
 468 00fd 54030000 		.4byte	.LASF17
 469 0101 04       		.byte	0x4
 470 0102 8C03     		.2byte	0x38c
 471 0104 9E000000 		.4byte	0x9e
 472 0108 10       		.byte	0x10
 473 0109 09       		.uleb128 0x9
 474 010a 505200   		.ascii	"PR\000"
 475 010d 04       		.byte	0x4
 476 010e 8D03     		.2byte	0x38d
 477 0110 9E000000 		.4byte	0x9e
 478 0114 14       		.byte	0x14
 479 0115 00       		.byte	0
 480 0116 0B       		.uleb128 0xb
 481 0117 44010000 		.4byte	.LASF18
 482 011b 04       		.byte	0x4
 483 011c 8E03     		.2byte	0x38e
 484 011e BF000000 		.4byte	0xbf
 485 0122 08       		.uleb128 0x8
 486 0123 20       		.byte	0x20
 487 0124 04       		.byte	0x4
 488 0125 0704     		.2byte	0x407
 489 0127 6D010000 		.4byte	0x16d
 490 012b 0A       		.uleb128 0xa
 491 012c 34030000 		.4byte	.LASF19
 492 0130 04       		.byte	0x4
 493 0131 0904     		.2byte	0x409
 494 0133 9E000000 		.4byte	0x9e
 495 0137 00       		.byte	0
 496 0138 0A       		.uleb128 0xa
 497 0139 87000000 		.4byte	.LASF20
 498 013d 04       		.byte	0x4
 499 013e 0A04     		.2byte	0x40a
 500 0140 9E000000 		.4byte	0x9e
 501 0144 04       		.byte	0x4
 502 0145 0A       		.uleb128 0xa
 503 0146 EB010000 		.4byte	.LASF21
 504 014a 04       		.byte	0x4
 505 014b 0B04     		.2byte	0x40b
 506 014d 6D010000 		.4byte	0x16d
 507 0151 08       		.byte	0x8
 508 0152 0A       		.uleb128 0xa
ARM GAS  /tmp/ccJJJbcY.s 			page 10


 509 0153 8C000000 		.4byte	.LASF22
 510 0157 04       		.byte	0x4
 511 0158 0C04     		.2byte	0x40c
 512 015a 8C000000 		.4byte	0x8c
 513 015e 18       		.byte	0x18
 514 015f 0A       		.uleb128 0xa
 515 0160 20030000 		.4byte	.LASF23
 516 0164 04       		.byte	0x4
 517 0165 0D04     		.2byte	0x40d
 518 0167 9E000000 		.4byte	0x9e
 519 016b 1C       		.byte	0x1c
 520 016c 00       		.byte	0
 521 016d 05       		.uleb128 0x5
 522 016e AA000000 		.4byte	0xaa
 523 0172 0B       		.uleb128 0xb
 524 0173 24000000 		.4byte	.LASF24
 525 0177 04       		.byte	0x4
 526 0178 0E04     		.2byte	0x40e
 527 017a 22010000 		.4byte	0x122
 528 017e 0C       		.uleb128 0xc
 529 017f 01       		.byte	0x1
 530 0180 05       		.byte	0x5
 531 0181 4A       		.byte	0x4a
 532 0182 99010000 		.4byte	0x199
 533 0186 0D       		.uleb128 0xd
 534 0187 72000000 		.4byte	.LASF25
 535 018b 00       		.sleb128 0
 536 018c 0D       		.uleb128 0xd
 537 018d 68030000 		.4byte	.LASF26
 538 0191 01       		.sleb128 1
 539 0192 0D       		.uleb128 0xd
 540 0193 F2010000 		.4byte	.LASF27
 541 0197 02       		.sleb128 2
 542 0198 00       		.byte	0
 543 0199 04       		.uleb128 0x4
 544 019a 56000000 		.4byte	.LASF28
 545 019e 05       		.byte	0x5
 546 019f 4E       		.byte	0x4e
 547 01a0 7E010000 		.4byte	0x17e
 548 01a4 04       		.uleb128 0x4
 549 01a5 31000000 		.4byte	.LASF29
 550 01a9 05       		.byte	0x5
 551 01aa 53       		.byte	0x53
 552 01ab AF010000 		.4byte	0x1af
 553 01af 0E       		.uleb128 0xe
 554 01b0 31000000 		.4byte	.LASF29
 555 01b4 08       		.byte	0x8
 556 01b5 06       		.byte	0x6
 557 01b6 71       		.byte	0x71
 558 01b7 D4010000 		.4byte	0x1d4
 559 01bb 0F       		.uleb128 0xf
 560 01bc 50000000 		.4byte	.LASF30
 561 01c0 06       		.byte	0x6
 562 01c1 75       		.byte	0x75
 563 01c2 99010000 		.4byte	0x199
 564 01c6 00       		.byte	0
 565 01c7 0F       		.uleb128 0xf
ARM GAS  /tmp/ccJJJbcY.s 			page 11


 566 01c8 63010000 		.4byte	.LASF31
 567 01cc 06       		.byte	0x6
 568 01cd 79       		.byte	0x79
 569 01ce 61020000 		.4byte	0x261
 570 01d2 04       		.byte	0x4
 571 01d3 00       		.byte	0
 572 01d4 04       		.uleb128 0x4
 573 01d5 96000000 		.4byte	.LASF32
 574 01d9 06       		.byte	0x6
 575 01da 47       		.byte	0x47
 576 01db 8C000000 		.4byte	0x8c
 577 01df 04       		.uleb128 0x4
 578 01e0 BC000000 		.4byte	.LASF33
 579 01e4 06       		.byte	0x6
 580 01e5 4F       		.byte	0x4f
 581 01e6 EA010000 		.4byte	0x1ea
 582 01ea 10       		.uleb128 0x10
 583 01eb 04       		.byte	0x4
 584 01ec F0010000 		.4byte	0x1f0
 585 01f0 11       		.uleb128 0x11
 586 01f1 00020000 		.4byte	0x200
 587 01f5 12       		.uleb128 0x12
 588 01f6 00020000 		.4byte	0x200
 589 01fa 12       		.uleb128 0x12
 590 01fb D4010000 		.4byte	0x1d4
 591 01ff 00       		.byte	0
 592 0200 10       		.uleb128 0x10
 593 0201 04       		.byte	0x4
 594 0202 A4010000 		.4byte	0x1a4
 595 0206 13       		.uleb128 0x13
 596 0207 08       		.byte	0x8
 597 0208 06       		.byte	0x6
 598 0209 54       		.byte	0x54
 599 020a 26020000 		.4byte	0x226
 600 020e 0F       		.uleb128 0xf
 601 020f 19020000 		.4byte	.LASF34
 602 0213 06       		.byte	0x6
 603 0214 58       		.byte	0x58
 604 0215 8C000000 		.4byte	0x8c
 605 0219 00       		.byte	0
 606 021a 14       		.uleb128 0x14
 607 021b 636200   		.ascii	"cb\000"
 608 021e 06       		.byte	0x6
 609 021f 5F       		.byte	0x5f
 610 0220 DF010000 		.4byte	0x1df
 611 0224 04       		.byte	0x4
 612 0225 00       		.byte	0
 613 0226 04       		.uleb128 0x4
 614 0227 61000000 		.4byte	.LASF35
 615 022b 06       		.byte	0x6
 616 022c 60       		.byte	0x60
 617 022d 06020000 		.4byte	0x206
 618 0231 13       		.uleb128 0x13
 619 0232 98       		.byte	0x98
 620 0233 06       		.byte	0x6
 621 0234 66       		.byte	0x66
 622 0235 46020000 		.4byte	0x246
ARM GAS  /tmp/ccJJJbcY.s 			page 12


 623 0239 0F       		.uleb128 0xf
 624 023a F4020000 		.4byte	.LASF36
 625 023e 06       		.byte	0x6
 626 023f 6A       		.byte	0x6a
 627 0240 46020000 		.4byte	0x246
 628 0244 00       		.byte	0
 629 0245 00       		.byte	0
 630 0246 06       		.uleb128 0x6
 631 0247 26020000 		.4byte	0x226
 632 024b 56020000 		.4byte	0x256
 633 024f 07       		.uleb128 0x7
 634 0250 A3000000 		.4byte	0xa3
 635 0254 12       		.byte	0x12
 636 0255 00       		.byte	0
 637 0256 04       		.uleb128 0x4
 638 0257 0F020000 		.4byte	.LASF37
 639 025b 06       		.byte	0x6
 640 025c 6C       		.byte	0x6c
 641 025d 31020000 		.4byte	0x231
 642 0261 10       		.uleb128 0x10
 643 0262 04       		.byte	0x4
 644 0263 67020000 		.4byte	0x267
 645 0267 15       		.uleb128 0x15
 646 0268 56020000 		.4byte	0x256
 647 026c 16       		.uleb128 0x16
 648 026d 43000000 		.4byte	.LASF38
 649 0271 01       		.byte	0x1
 650 0272 42       		.byte	0x42
 651 0273 00000000 		.4byte	.LFB56
 652 0277 0C000000 		.4byte	.LFE56-.LFB56
 653 027b 01       		.uleb128 0x1
 654 027c 9C       		.byte	0x9c
 655 027d 95020000 		.4byte	0x295
 656 0281 17       		.uleb128 0x17
 657 0282 0C000000 		.4byte	.LVL0
 658 0286 D9030000 		.4byte	0x3d9
 659 028a 18       		.uleb128 0x18
 660 028b 01       		.uleb128 0x1
 661 028c 50       		.byte	0x50
 662 028d 05       		.uleb128 0x5
 663 028e 03       		.byte	0x3
 664 028f 00000000 		.4byte	.LANCHOR0
 665 0293 00       		.byte	0
 666 0294 00       		.byte	0
 667 0295 16       		.uleb128 0x16
 668 0296 DE010000 		.4byte	.LASF39
 669 029a 01       		.byte	0x1
 670 029b 64       		.byte	0x64
 671 029c 00000000 		.4byte	.LFB58
 672 02a0 24000000 		.4byte	.LFE58-.LFB58
 673 02a4 01       		.uleb128 0x1
 674 02a5 9C       		.byte	0x9c
 675 02a6 C3020000 		.4byte	0x2c3
 676 02aa 19       		.uleb128 0x19
 677 02ab 0A020000 		.4byte	.LASF41
 678 02af 01       		.byte	0x1
 679 02b0 64       		.byte	0x64
ARM GAS  /tmp/ccJJJbcY.s 			page 13


 680 02b1 00020000 		.4byte	0x200
 681 02b5 00000000 		.4byte	.LLST0
 682 02b9 1A       		.uleb128 0x1a
 683 02ba 22000000 		.4byte	.LVL4
 684 02be EA030000 		.4byte	0x3ea
 685 02c2 00       		.byte	0
 686 02c3 16       		.uleb128 0x16
 687 02c4 C7010000 		.4byte	.LASF40
 688 02c8 01       		.byte	0x1
 689 02c9 79       		.byte	0x79
 690 02ca 00000000 		.4byte	.LFB59
 691 02ce AA000000 		.4byte	.LFE59-.LFB59
 692 02d2 01       		.uleb128 0x1
 693 02d3 9C       		.byte	0x9c
 694 02d4 2A030000 		.4byte	0x32a
 695 02d8 1B       		.uleb128 0x1b
 696 02d9 0A020000 		.4byte	.LASF41
 697 02dd 01       		.byte	0x1
 698 02de 79       		.byte	0x79
 699 02df 00020000 		.4byte	0x200
 700 02e3 01       		.uleb128 0x1
 701 02e4 50       		.byte	0x50
 702 02e5 19       		.uleb128 0x19
 703 02e6 3B000000 		.4byte	.LASF42
 704 02ea 01       		.byte	0x1
 705 02eb 79       		.byte	0x79
 706 02ec D4010000 		.4byte	0x1d4
 707 02f0 3A000000 		.4byte	.LLST1
 708 02f4 1C       		.uleb128 0x1c
 709 02f5 06000000 		.4byte	.LBB2
 710 02f9 2C000000 		.4byte	.LBE2-.LBB2
 711 02fd 1D       		.uleb128 0x1d
 712 02fe 6E00     		.ascii	"n\000"
 713 0300 01       		.byte	0x1
 714 0301 7D       		.byte	0x7d
 715 0302 8C000000 		.4byte	0x8c
 716 0306 5B000000 		.4byte	.LLST2
 717 030a 1E       		.uleb128 0x1e
 718 030b EF020000 		.4byte	.LASF43
 719 030f 01       		.byte	0x1
 720 0310 7E       		.byte	0x7e
 721 0311 8C000000 		.4byte	0x8c
 722 0315 72000000 		.4byte	.LLST3
 723 0319 1E       		.uleb128 0x1e
 724 031a FD020000 		.4byte	.LASF44
 725 031e 01       		.byte	0x1
 726 031f 7F       		.byte	0x7f
 727 0320 8C000000 		.4byte	0x8c
 728 0324 9E000000 		.4byte	.LLST4
 729 0328 00       		.byte	0
 730 0329 00       		.byte	0
 731 032a 16       		.uleb128 0x16
 732 032b E2000000 		.4byte	.LASF45
 733 032f 01       		.byte	0x1
 734 0330 C5       		.byte	0xc5
 735 0331 00000000 		.4byte	.LFB60
 736 0335 2C000000 		.4byte	.LFE60-.LFB60
ARM GAS  /tmp/ccJJJbcY.s 			page 14


 737 0339 01       		.uleb128 0x1
 738 033a 9C       		.byte	0x9c
 739 033b 5E030000 		.4byte	0x35e
 740 033f 19       		.uleb128 0x19
 741 0340 0A020000 		.4byte	.LASF41
 742 0344 01       		.byte	0x1
 743 0345 C5       		.byte	0xc5
 744 0346 00020000 		.4byte	0x200
 745 034a FD000000 		.4byte	.LLST5
 746 034e 19       		.uleb128 0x19
 747 034f 3B000000 		.4byte	.LASF42
 748 0353 01       		.byte	0x1
 749 0354 C5       		.byte	0xc5
 750 0355 D4010000 		.4byte	0x1d4
 751 0359 1E010000 		.4byte	.LLST6
 752 035d 00       		.byte	0
 753 035e 16       		.uleb128 0x16
 754 035f 5A030000 		.4byte	.LASF46
 755 0363 01       		.byte	0x1
 756 0364 4F       		.byte	0x4f
 757 0365 00000000 		.4byte	.LFB57
 758 0369 38000000 		.4byte	.LFE57-.LFB57
 759 036d 01       		.uleb128 0x1
 760 036e 9C       		.byte	0x9c
 761 036f BC030000 		.4byte	0x3bc
 762 0373 19       		.uleb128 0x19
 763 0374 0A020000 		.4byte	.LASF41
 764 0378 01       		.byte	0x1
 765 0379 4F       		.byte	0x4f
 766 037a 00020000 		.4byte	0x200
 767 037e 3F010000 		.4byte	.LLST7
 768 0382 1D       		.uleb128 0x1d
 769 0383 6900     		.ascii	"i\000"
 770 0385 01       		.byte	0x1
 771 0386 50       		.byte	0x50
 772 0387 2C000000 		.4byte	0x2c
 773 038b 9F010000 		.4byte	.LLST8
 774 038f 1A       		.uleb128 0x1a
 775 0390 14000000 		.4byte	.LVL18
 776 0394 C3020000 		.4byte	0x2c3
 777 0398 1F       		.uleb128 0x1f
 778 0399 2C000000 		.4byte	.LVL22
 779 039d 2A030000 		.4byte	0x32a
 780 03a1 B2030000 		.4byte	0x3b2
 781 03a5 18       		.uleb128 0x18
 782 03a6 01       		.uleb128 0x1
 783 03a7 51       		.byte	0x51
 784 03a8 02       		.uleb128 0x2
 785 03a9 74       		.byte	0x74
 786 03aa 7F       		.sleb128 -1
 787 03ab 18       		.uleb128 0x18
 788 03ac 01       		.uleb128 0x1
 789 03ad 50       		.byte	0x50
 790 03ae 02       		.uleb128 0x2
 791 03af 75       		.byte	0x75
 792 03b0 00       		.sleb128 0
 793 03b1 00       		.byte	0
ARM GAS  /tmp/ccJJJbcY.s 			page 15


 794 03b2 1A       		.uleb128 0x1a
 795 03b3 36000000 		.4byte	.LVL24
 796 03b7 F1030000 		.4byte	0x3f1
 797 03bb 00       		.byte	0
 798 03bc 20       		.uleb128 0x20
 799 03bd 51010000 		.4byte	.LASF47
 800 03c1 07       		.byte	0x7
 801 03c2 0706     		.2byte	0x607
 802 03c4 BA000000 		.4byte	0xba
 803 03c8 21       		.uleb128 0x21
 804 03c9 02030000 		.4byte	.LASF48
 805 03cd 01       		.byte	0x1
 806 03ce 2B       		.byte	0x2b
 807 03cf A4010000 		.4byte	0x1a4
 808 03d3 05       		.uleb128 0x5
 809 03d4 03       		.byte	0x3
 810 03d5 00000000 		.4byte	EXTD1
 811 03d9 22       		.uleb128 0x22
 812 03da 12030000 		.4byte	.LASF54
 813 03de 05       		.byte	0x5
 814 03df 91       		.byte	0x91
 815 03e0 EA030000 		.4byte	0x3ea
 816 03e4 12       		.uleb128 0x12
 817 03e5 00020000 		.4byte	0x200
 818 03e9 00       		.byte	0
 819 03ea 23       		.uleb128 0x23
 820 03eb A3000000 		.4byte	.LASF49
 821 03ef 08       		.byte	0x8
 822 03f0 8C       		.byte	0x8c
 823 03f1 23       		.uleb128 0x23
 824 03f2 CA000000 		.4byte	.LASF50
 825 03f6 08       		.byte	0x8
 826 03f7 8B       		.byte	0x8b
 827 03f8 00       		.byte	0
 828              		.section	.debug_abbrev,"",%progbits
 829              	.Ldebug_abbrev0:
 830 0000 01       		.uleb128 0x1
 831 0001 11       		.uleb128 0x11
 832 0002 01       		.byte	0x1
 833 0003 25       		.uleb128 0x25
 834 0004 0E       		.uleb128 0xe
 835 0005 13       		.uleb128 0x13
 836 0006 0B       		.uleb128 0xb
 837 0007 03       		.uleb128 0x3
 838 0008 0E       		.uleb128 0xe
 839 0009 1B       		.uleb128 0x1b
 840 000a 0E       		.uleb128 0xe
 841 000b 55       		.uleb128 0x55
 842 000c 17       		.uleb128 0x17
 843 000d 11       		.uleb128 0x11
 844 000e 01       		.uleb128 0x1
 845 000f 10       		.uleb128 0x10
 846 0010 17       		.uleb128 0x17
 847 0011 00       		.byte	0
 848 0012 00       		.byte	0
 849 0013 02       		.uleb128 0x2
 850 0014 24       		.uleb128 0x24
ARM GAS  /tmp/ccJJJbcY.s 			page 16


 851 0015 00       		.byte	0
 852 0016 0B       		.uleb128 0xb
 853 0017 0B       		.uleb128 0xb
 854 0018 3E       		.uleb128 0x3e
 855 0019 0B       		.uleb128 0xb
 856 001a 03       		.uleb128 0x3
 857 001b 08       		.uleb128 0x8
 858 001c 00       		.byte	0
 859 001d 00       		.byte	0
 860 001e 03       		.uleb128 0x3
 861 001f 24       		.uleb128 0x24
 862 0020 00       		.byte	0
 863 0021 0B       		.uleb128 0xb
 864 0022 0B       		.uleb128 0xb
 865 0023 3E       		.uleb128 0x3e
 866 0024 0B       		.uleb128 0xb
 867 0025 03       		.uleb128 0x3
 868 0026 0E       		.uleb128 0xe
 869 0027 00       		.byte	0
 870 0028 00       		.byte	0
 871 0029 04       		.uleb128 0x4
 872 002a 16       		.uleb128 0x16
 873 002b 00       		.byte	0
 874 002c 03       		.uleb128 0x3
 875 002d 0E       		.uleb128 0xe
 876 002e 3A       		.uleb128 0x3a
 877 002f 0B       		.uleb128 0xb
 878 0030 3B       		.uleb128 0x3b
 879 0031 0B       		.uleb128 0xb
 880 0032 49       		.uleb128 0x49
 881 0033 13       		.uleb128 0x13
 882 0034 00       		.byte	0
 883 0035 00       		.byte	0
 884 0036 05       		.uleb128 0x5
 885 0037 35       		.uleb128 0x35
 886 0038 00       		.byte	0
 887 0039 49       		.uleb128 0x49
 888 003a 13       		.uleb128 0x13
 889 003b 00       		.byte	0
 890 003c 00       		.byte	0
 891 003d 06       		.uleb128 0x6
 892 003e 01       		.uleb128 0x1
 893 003f 01       		.byte	0x1
 894 0040 49       		.uleb128 0x49
 895 0041 13       		.uleb128 0x13
 896 0042 01       		.uleb128 0x1
 897 0043 13       		.uleb128 0x13
 898 0044 00       		.byte	0
 899 0045 00       		.byte	0
 900 0046 07       		.uleb128 0x7
 901 0047 21       		.uleb128 0x21
 902 0048 00       		.byte	0
 903 0049 49       		.uleb128 0x49
 904 004a 13       		.uleb128 0x13
 905 004b 2F       		.uleb128 0x2f
 906 004c 0B       		.uleb128 0xb
 907 004d 00       		.byte	0
ARM GAS  /tmp/ccJJJbcY.s 			page 17


 908 004e 00       		.byte	0
 909 004f 08       		.uleb128 0x8
 910 0050 13       		.uleb128 0x13
 911 0051 01       		.byte	0x1
 912 0052 0B       		.uleb128 0xb
 913 0053 0B       		.uleb128 0xb
 914 0054 3A       		.uleb128 0x3a
 915 0055 0B       		.uleb128 0xb
 916 0056 3B       		.uleb128 0x3b
 917 0057 05       		.uleb128 0x5
 918 0058 01       		.uleb128 0x1
 919 0059 13       		.uleb128 0x13
 920 005a 00       		.byte	0
 921 005b 00       		.byte	0
 922 005c 09       		.uleb128 0x9
 923 005d 0D       		.uleb128 0xd
 924 005e 00       		.byte	0
 925 005f 03       		.uleb128 0x3
 926 0060 08       		.uleb128 0x8
 927 0061 3A       		.uleb128 0x3a
 928 0062 0B       		.uleb128 0xb
 929 0063 3B       		.uleb128 0x3b
 930 0064 05       		.uleb128 0x5
 931 0065 49       		.uleb128 0x49
 932 0066 13       		.uleb128 0x13
 933 0067 38       		.uleb128 0x38
 934 0068 0B       		.uleb128 0xb
 935 0069 00       		.byte	0
 936 006a 00       		.byte	0
 937 006b 0A       		.uleb128 0xa
 938 006c 0D       		.uleb128 0xd
 939 006d 00       		.byte	0
 940 006e 03       		.uleb128 0x3
 941 006f 0E       		.uleb128 0xe
 942 0070 3A       		.uleb128 0x3a
 943 0071 0B       		.uleb128 0xb
 944 0072 3B       		.uleb128 0x3b
 945 0073 05       		.uleb128 0x5
 946 0074 49       		.uleb128 0x49
 947 0075 13       		.uleb128 0x13
 948 0076 38       		.uleb128 0x38
 949 0077 0B       		.uleb128 0xb
 950 0078 00       		.byte	0
 951 0079 00       		.byte	0
 952 007a 0B       		.uleb128 0xb
 953 007b 16       		.uleb128 0x16
 954 007c 00       		.byte	0
 955 007d 03       		.uleb128 0x3
 956 007e 0E       		.uleb128 0xe
 957 007f 3A       		.uleb128 0x3a
 958 0080 0B       		.uleb128 0xb
 959 0081 3B       		.uleb128 0x3b
 960 0082 05       		.uleb128 0x5
 961 0083 49       		.uleb128 0x49
 962 0084 13       		.uleb128 0x13
 963 0085 00       		.byte	0
 964 0086 00       		.byte	0
ARM GAS  /tmp/ccJJJbcY.s 			page 18


 965 0087 0C       		.uleb128 0xc
 966 0088 04       		.uleb128 0x4
 967 0089 01       		.byte	0x1
 968 008a 0B       		.uleb128 0xb
 969 008b 0B       		.uleb128 0xb
 970 008c 3A       		.uleb128 0x3a
 971 008d 0B       		.uleb128 0xb
 972 008e 3B       		.uleb128 0x3b
 973 008f 0B       		.uleb128 0xb
 974 0090 01       		.uleb128 0x1
 975 0091 13       		.uleb128 0x13
 976 0092 00       		.byte	0
 977 0093 00       		.byte	0
 978 0094 0D       		.uleb128 0xd
 979 0095 28       		.uleb128 0x28
 980 0096 00       		.byte	0
 981 0097 03       		.uleb128 0x3
 982 0098 0E       		.uleb128 0xe
 983 0099 1C       		.uleb128 0x1c
 984 009a 0D       		.uleb128 0xd
 985 009b 00       		.byte	0
 986 009c 00       		.byte	0
 987 009d 0E       		.uleb128 0xe
 988 009e 13       		.uleb128 0x13
 989 009f 01       		.byte	0x1
 990 00a0 03       		.uleb128 0x3
 991 00a1 0E       		.uleb128 0xe
 992 00a2 0B       		.uleb128 0xb
 993 00a3 0B       		.uleb128 0xb
 994 00a4 3A       		.uleb128 0x3a
 995 00a5 0B       		.uleb128 0xb
 996 00a6 3B       		.uleb128 0x3b
 997 00a7 0B       		.uleb128 0xb
 998 00a8 01       		.uleb128 0x1
 999 00a9 13       		.uleb128 0x13
 1000 00aa 00       		.byte	0
 1001 00ab 00       		.byte	0
 1002 00ac 0F       		.uleb128 0xf
 1003 00ad 0D       		.uleb128 0xd
 1004 00ae 00       		.byte	0
 1005 00af 03       		.uleb128 0x3
 1006 00b0 0E       		.uleb128 0xe
 1007 00b1 3A       		.uleb128 0x3a
 1008 00b2 0B       		.uleb128 0xb
 1009 00b3 3B       		.uleb128 0x3b
 1010 00b4 0B       		.uleb128 0xb
 1011 00b5 49       		.uleb128 0x49
 1012 00b6 13       		.uleb128 0x13
 1013 00b7 38       		.uleb128 0x38
 1014 00b8 0B       		.uleb128 0xb
 1015 00b9 00       		.byte	0
 1016 00ba 00       		.byte	0
 1017 00bb 10       		.uleb128 0x10
 1018 00bc 0F       		.uleb128 0xf
 1019 00bd 00       		.byte	0
 1020 00be 0B       		.uleb128 0xb
 1021 00bf 0B       		.uleb128 0xb
ARM GAS  /tmp/ccJJJbcY.s 			page 19


 1022 00c0 49       		.uleb128 0x49
 1023 00c1 13       		.uleb128 0x13
 1024 00c2 00       		.byte	0
 1025 00c3 00       		.byte	0
 1026 00c4 11       		.uleb128 0x11
 1027 00c5 15       		.uleb128 0x15
 1028 00c6 01       		.byte	0x1
 1029 00c7 27       		.uleb128 0x27
 1030 00c8 19       		.uleb128 0x19
 1031 00c9 01       		.uleb128 0x1
 1032 00ca 13       		.uleb128 0x13
 1033 00cb 00       		.byte	0
 1034 00cc 00       		.byte	0
 1035 00cd 12       		.uleb128 0x12
 1036 00ce 05       		.uleb128 0x5
 1037 00cf 00       		.byte	0
 1038 00d0 49       		.uleb128 0x49
 1039 00d1 13       		.uleb128 0x13
 1040 00d2 00       		.byte	0
 1041 00d3 00       		.byte	0
 1042 00d4 13       		.uleb128 0x13
 1043 00d5 13       		.uleb128 0x13
 1044 00d6 01       		.byte	0x1
 1045 00d7 0B       		.uleb128 0xb
 1046 00d8 0B       		.uleb128 0xb
 1047 00d9 3A       		.uleb128 0x3a
 1048 00da 0B       		.uleb128 0xb
 1049 00db 3B       		.uleb128 0x3b
 1050 00dc 0B       		.uleb128 0xb
 1051 00dd 01       		.uleb128 0x1
 1052 00de 13       		.uleb128 0x13
 1053 00df 00       		.byte	0
 1054 00e0 00       		.byte	0
 1055 00e1 14       		.uleb128 0x14
 1056 00e2 0D       		.uleb128 0xd
 1057 00e3 00       		.byte	0
 1058 00e4 03       		.uleb128 0x3
 1059 00e5 08       		.uleb128 0x8
 1060 00e6 3A       		.uleb128 0x3a
 1061 00e7 0B       		.uleb128 0xb
 1062 00e8 3B       		.uleb128 0x3b
 1063 00e9 0B       		.uleb128 0xb
 1064 00ea 49       		.uleb128 0x49
 1065 00eb 13       		.uleb128 0x13
 1066 00ec 38       		.uleb128 0x38
 1067 00ed 0B       		.uleb128 0xb
 1068 00ee 00       		.byte	0
 1069 00ef 00       		.byte	0
 1070 00f0 15       		.uleb128 0x15
 1071 00f1 26       		.uleb128 0x26
 1072 00f2 00       		.byte	0
 1073 00f3 49       		.uleb128 0x49
 1074 00f4 13       		.uleb128 0x13
 1075 00f5 00       		.byte	0
 1076 00f6 00       		.byte	0
 1077 00f7 16       		.uleb128 0x16
 1078 00f8 2E       		.uleb128 0x2e
ARM GAS  /tmp/ccJJJbcY.s 			page 20


 1079 00f9 01       		.byte	0x1
 1080 00fa 3F       		.uleb128 0x3f
 1081 00fb 19       		.uleb128 0x19
 1082 00fc 03       		.uleb128 0x3
 1083 00fd 0E       		.uleb128 0xe
 1084 00fe 3A       		.uleb128 0x3a
 1085 00ff 0B       		.uleb128 0xb
 1086 0100 3B       		.uleb128 0x3b
 1087 0101 0B       		.uleb128 0xb
 1088 0102 27       		.uleb128 0x27
 1089 0103 19       		.uleb128 0x19
 1090 0104 11       		.uleb128 0x11
 1091 0105 01       		.uleb128 0x1
 1092 0106 12       		.uleb128 0x12
 1093 0107 06       		.uleb128 0x6
 1094 0108 40       		.uleb128 0x40
 1095 0109 18       		.uleb128 0x18
 1096 010a 9742     		.uleb128 0x2117
 1097 010c 19       		.uleb128 0x19
 1098 010d 01       		.uleb128 0x1
 1099 010e 13       		.uleb128 0x13
 1100 010f 00       		.byte	0
 1101 0110 00       		.byte	0
 1102 0111 17       		.uleb128 0x17
 1103 0112 898201   		.uleb128 0x4109
 1104 0115 01       		.byte	0x1
 1105 0116 11       		.uleb128 0x11
 1106 0117 01       		.uleb128 0x1
 1107 0118 9542     		.uleb128 0x2115
 1108 011a 19       		.uleb128 0x19
 1109 011b 31       		.uleb128 0x31
 1110 011c 13       		.uleb128 0x13
 1111 011d 00       		.byte	0
 1112 011e 00       		.byte	0
 1113 011f 18       		.uleb128 0x18
 1114 0120 8A8201   		.uleb128 0x410a
 1115 0123 00       		.byte	0
 1116 0124 02       		.uleb128 0x2
 1117 0125 18       		.uleb128 0x18
 1118 0126 9142     		.uleb128 0x2111
 1119 0128 18       		.uleb128 0x18
 1120 0129 00       		.byte	0
 1121 012a 00       		.byte	0
 1122 012b 19       		.uleb128 0x19
 1123 012c 05       		.uleb128 0x5
 1124 012d 00       		.byte	0
 1125 012e 03       		.uleb128 0x3
 1126 012f 0E       		.uleb128 0xe
 1127 0130 3A       		.uleb128 0x3a
 1128 0131 0B       		.uleb128 0xb
 1129 0132 3B       		.uleb128 0x3b
 1130 0133 0B       		.uleb128 0xb
 1131 0134 49       		.uleb128 0x49
 1132 0135 13       		.uleb128 0x13
 1133 0136 02       		.uleb128 0x2
 1134 0137 17       		.uleb128 0x17
 1135 0138 00       		.byte	0
ARM GAS  /tmp/ccJJJbcY.s 			page 21


 1136 0139 00       		.byte	0
 1137 013a 1A       		.uleb128 0x1a
 1138 013b 898201   		.uleb128 0x4109
 1139 013e 00       		.byte	0
 1140 013f 11       		.uleb128 0x11
 1141 0140 01       		.uleb128 0x1
 1142 0141 31       		.uleb128 0x31
 1143 0142 13       		.uleb128 0x13
 1144 0143 00       		.byte	0
 1145 0144 00       		.byte	0
 1146 0145 1B       		.uleb128 0x1b
 1147 0146 05       		.uleb128 0x5
 1148 0147 00       		.byte	0
 1149 0148 03       		.uleb128 0x3
 1150 0149 0E       		.uleb128 0xe
 1151 014a 3A       		.uleb128 0x3a
 1152 014b 0B       		.uleb128 0xb
 1153 014c 3B       		.uleb128 0x3b
 1154 014d 0B       		.uleb128 0xb
 1155 014e 49       		.uleb128 0x49
 1156 014f 13       		.uleb128 0x13
 1157 0150 02       		.uleb128 0x2
 1158 0151 18       		.uleb128 0x18
 1159 0152 00       		.byte	0
 1160 0153 00       		.byte	0
 1161 0154 1C       		.uleb128 0x1c
 1162 0155 0B       		.uleb128 0xb
 1163 0156 01       		.byte	0x1
 1164 0157 11       		.uleb128 0x11
 1165 0158 01       		.uleb128 0x1
 1166 0159 12       		.uleb128 0x12
 1167 015a 06       		.uleb128 0x6
 1168 015b 00       		.byte	0
 1169 015c 00       		.byte	0
 1170 015d 1D       		.uleb128 0x1d
 1171 015e 34       		.uleb128 0x34
 1172 015f 00       		.byte	0
 1173 0160 03       		.uleb128 0x3
 1174 0161 08       		.uleb128 0x8
 1175 0162 3A       		.uleb128 0x3a
 1176 0163 0B       		.uleb128 0xb
 1177 0164 3B       		.uleb128 0x3b
 1178 0165 0B       		.uleb128 0xb
 1179 0166 49       		.uleb128 0x49
 1180 0167 13       		.uleb128 0x13
 1181 0168 02       		.uleb128 0x2
 1182 0169 17       		.uleb128 0x17
 1183 016a 00       		.byte	0
 1184 016b 00       		.byte	0
 1185 016c 1E       		.uleb128 0x1e
 1186 016d 34       		.uleb128 0x34
 1187 016e 00       		.byte	0
 1188 016f 03       		.uleb128 0x3
 1189 0170 0E       		.uleb128 0xe
 1190 0171 3A       		.uleb128 0x3a
 1191 0172 0B       		.uleb128 0xb
 1192 0173 3B       		.uleb128 0x3b
ARM GAS  /tmp/ccJJJbcY.s 			page 22


 1193 0174 0B       		.uleb128 0xb
 1194 0175 49       		.uleb128 0x49
 1195 0176 13       		.uleb128 0x13
 1196 0177 02       		.uleb128 0x2
 1197 0178 17       		.uleb128 0x17
 1198 0179 00       		.byte	0
 1199 017a 00       		.byte	0
 1200 017b 1F       		.uleb128 0x1f
 1201 017c 898201   		.uleb128 0x4109
 1202 017f 01       		.byte	0x1
 1203 0180 11       		.uleb128 0x11
 1204 0181 01       		.uleb128 0x1
 1205 0182 31       		.uleb128 0x31
 1206 0183 13       		.uleb128 0x13
 1207 0184 01       		.uleb128 0x1
 1208 0185 13       		.uleb128 0x13
 1209 0186 00       		.byte	0
 1210 0187 00       		.byte	0
 1211 0188 20       		.uleb128 0x20
 1212 0189 34       		.uleb128 0x34
 1213 018a 00       		.byte	0
 1214 018b 03       		.uleb128 0x3
 1215 018c 0E       		.uleb128 0xe
 1216 018d 3A       		.uleb128 0x3a
 1217 018e 0B       		.uleb128 0xb
 1218 018f 3B       		.uleb128 0x3b
 1219 0190 05       		.uleb128 0x5
 1220 0191 49       		.uleb128 0x49
 1221 0192 13       		.uleb128 0x13
 1222 0193 3F       		.uleb128 0x3f
 1223 0194 19       		.uleb128 0x19
 1224 0195 3C       		.uleb128 0x3c
 1225 0196 19       		.uleb128 0x19
 1226 0197 00       		.byte	0
 1227 0198 00       		.byte	0
 1228 0199 21       		.uleb128 0x21
 1229 019a 34       		.uleb128 0x34
 1230 019b 00       		.byte	0
 1231 019c 03       		.uleb128 0x3
 1232 019d 0E       		.uleb128 0xe
 1233 019e 3A       		.uleb128 0x3a
 1234 019f 0B       		.uleb128 0xb
 1235 01a0 3B       		.uleb128 0x3b
 1236 01a1 0B       		.uleb128 0xb
 1237 01a2 49       		.uleb128 0x49
 1238 01a3 13       		.uleb128 0x13
 1239 01a4 3F       		.uleb128 0x3f
 1240 01a5 19       		.uleb128 0x19
 1241 01a6 02       		.uleb128 0x2
 1242 01a7 18       		.uleb128 0x18
 1243 01a8 00       		.byte	0
 1244 01a9 00       		.byte	0
 1245 01aa 22       		.uleb128 0x22
 1246 01ab 2E       		.uleb128 0x2e
 1247 01ac 01       		.byte	0x1
 1248 01ad 3F       		.uleb128 0x3f
 1249 01ae 19       		.uleb128 0x19
ARM GAS  /tmp/ccJJJbcY.s 			page 23


 1250 01af 03       		.uleb128 0x3
 1251 01b0 0E       		.uleb128 0xe
 1252 01b1 3A       		.uleb128 0x3a
 1253 01b2 0B       		.uleb128 0xb
 1254 01b3 3B       		.uleb128 0x3b
 1255 01b4 0B       		.uleb128 0xb
 1256 01b5 27       		.uleb128 0x27
 1257 01b6 19       		.uleb128 0x19
 1258 01b7 3C       		.uleb128 0x3c
 1259 01b8 19       		.uleb128 0x19
 1260 01b9 01       		.uleb128 0x1
 1261 01ba 13       		.uleb128 0x13
 1262 01bb 00       		.byte	0
 1263 01bc 00       		.byte	0
 1264 01bd 23       		.uleb128 0x23
 1265 01be 2E       		.uleb128 0x2e
 1266 01bf 00       		.byte	0
 1267 01c0 3F       		.uleb128 0x3f
 1268 01c1 19       		.uleb128 0x19
 1269 01c2 03       		.uleb128 0x3
 1270 01c3 0E       		.uleb128 0xe
 1271 01c4 3A       		.uleb128 0x3a
 1272 01c5 0B       		.uleb128 0xb
 1273 01c6 3B       		.uleb128 0x3b
 1274 01c7 0B       		.uleb128 0xb
 1275 01c8 27       		.uleb128 0x27
 1276 01c9 19       		.uleb128 0x19
 1277 01ca 3C       		.uleb128 0x3c
 1278 01cb 19       		.uleb128 0x19
 1279 01cc 00       		.byte	0
 1280 01cd 00       		.byte	0
 1281 01ce 00       		.byte	0
 1282              		.section	.debug_loc,"",%progbits
 1283              	.Ldebug_loc0:
 1284              	.LLST0:
 1285 0000 00000000 		.4byte	.LVL1
 1286 0004 08000000 		.4byte	.LVL2
 1287 0008 0100     		.2byte	0x1
 1288 000a 50       		.byte	0x50
 1289 000b 08000000 		.4byte	.LVL2
 1290 000f 1E000000 		.4byte	.LVL3
 1291 0013 0400     		.2byte	0x4
 1292 0015 F3       		.byte	0xf3
 1293 0016 01       		.uleb128 0x1
 1294 0017 50       		.byte	0x50
 1295 0018 9F       		.byte	0x9f
 1296 0019 1E000000 		.4byte	.LVL3
 1297 001d 21000000 		.4byte	.LVL4-1
 1298 0021 0100     		.2byte	0x1
 1299 0023 50       		.byte	0x50
 1300 0024 21000000 		.4byte	.LVL4-1
 1301 0028 24000000 		.4byte	.LFE58
 1302 002c 0400     		.2byte	0x4
 1303 002e F3       		.byte	0xf3
 1304 002f 01       		.uleb128 0x1
 1305 0030 50       		.byte	0x50
 1306 0031 9F       		.byte	0x9f
ARM GAS  /tmp/ccJJJbcY.s 			page 24


 1307 0032 00000000 		.4byte	0
 1308 0036 00000000 		.4byte	0
 1309              	.LLST1:
 1310 003a 00000000 		.4byte	.LVL5
 1311 003e 76000000 		.4byte	.LVL11
 1312 0042 0100     		.2byte	0x1
 1313 0044 51       		.byte	0x51
 1314 0045 76000000 		.4byte	.LVL11
 1315 0049 AA000000 		.4byte	.LFE59
 1316 004d 0400     		.2byte	0x4
 1317 004f F3       		.byte	0xf3
 1318 0050 01       		.uleb128 0x1
 1319 0051 51       		.byte	0x51
 1320 0052 9F       		.byte	0x9f
 1321 0053 00000000 		.4byte	0
 1322 0057 00000000 		.4byte	0
 1323              	.LLST2:
 1324 005b 06000000 		.4byte	.LVL6
 1325 005f 32000000 		.4byte	.LVL10
 1326 0063 0500     		.2byte	0x5
 1327 0065 71       		.byte	0x71
 1328 0066 00       		.sleb128 0
 1329 0067 32       		.byte	0x32
 1330 0068 25       		.byte	0x25
 1331 0069 9F       		.byte	0x9f
 1332 006a 00000000 		.4byte	0
 1333 006e 00000000 		.4byte	0
 1334              	.LLST3:
 1335 0072 12000000 		.4byte	.LVL7
 1336 0076 20000000 		.4byte	.LVL9
 1337 007a 0600     		.2byte	0x6
 1338 007c 3F       		.byte	0x3f
 1339 007d 73       		.byte	0x73
 1340 007e 00       		.sleb128 0
 1341 007f 24       		.byte	0x24
 1342 0080 20       		.byte	0x20
 1343 0081 9F       		.byte	0x9f
 1344 0082 20000000 		.4byte	.LVL9
 1345 0086 32000000 		.4byte	.LVL10
 1346 008a 0A00     		.2byte	0xa
 1347 008c 3F       		.byte	0x3f
 1348 008d 71       		.byte	0x71
 1349 008e 00       		.sleb128 0
 1350 008f 33       		.byte	0x33
 1351 0090 1A       		.byte	0x1a
 1352 0091 32       		.byte	0x32
 1353 0092 24       		.byte	0x24
 1354 0093 24       		.byte	0x24
 1355 0094 20       		.byte	0x20
 1356 0095 9F       		.byte	0x9f
 1357 0096 00000000 		.4byte	0
 1358 009a 00000000 		.4byte	0
 1359              	.LLST4:
 1360 009e 12000000 		.4byte	.LVL7
 1361 00a2 14000000 		.4byte	.LVL8
 1362 00a6 1100     		.2byte	0x11
 1363 00a8 71       		.byte	0x71
ARM GAS  /tmp/ccJJJbcY.s 			page 25


 1364 00a9 00       		.sleb128 0
 1365 00aa 33       		.byte	0x33
 1366 00ab 24       		.byte	0x24
 1367 00ac 72       		.byte	0x72
 1368 00ad 00       		.sleb128 0
 1369 00ae 22       		.byte	0x22
 1370 00af 06       		.byte	0x6
 1371 00b0 08       		.byte	0x8
 1372 00b1 F0       		.byte	0xf0
 1373 00b2 1A       		.byte	0x1a
 1374 00b3 34       		.byte	0x34
 1375 00b4 25       		.byte	0x25
 1376 00b5 73       		.byte	0x73
 1377 00b6 00       		.sleb128 0
 1378 00b7 24       		.byte	0x24
 1379 00b8 9F       		.byte	0x9f
 1380 00b9 14000000 		.4byte	.LVL8
 1381 00bd 20000000 		.4byte	.LVL9
 1382 00c1 1200     		.2byte	0x12
 1383 00c3 71       		.byte	0x71
 1384 00c4 00       		.sleb128 0
 1385 00c5 33       		.byte	0x33
 1386 00c6 24       		.byte	0x24
 1387 00c7 70       		.byte	0x70
 1388 00c8 04       		.sleb128 4
 1389 00c9 06       		.byte	0x6
 1390 00ca 22       		.byte	0x22
 1391 00cb 06       		.byte	0x6
 1392 00cc 08       		.byte	0x8
 1393 00cd F0       		.byte	0xf0
 1394 00ce 1A       		.byte	0x1a
 1395 00cf 34       		.byte	0x34
 1396 00d0 25       		.byte	0x25
 1397 00d1 73       		.byte	0x73
 1398 00d2 00       		.sleb128 0
 1399 00d3 24       		.byte	0x24
 1400 00d4 9F       		.byte	0x9f
 1401 00d5 20000000 		.4byte	.LVL9
 1402 00d9 32000000 		.4byte	.LVL10
 1403 00dd 1600     		.2byte	0x16
 1404 00df 71       		.byte	0x71
 1405 00e0 00       		.sleb128 0
 1406 00e1 33       		.byte	0x33
 1407 00e2 24       		.byte	0x24
 1408 00e3 70       		.byte	0x70
 1409 00e4 04       		.sleb128 4
 1410 00e5 06       		.byte	0x6
 1411 00e6 22       		.byte	0x22
 1412 00e7 06       		.byte	0x6
 1413 00e8 08       		.byte	0x8
 1414 00e9 F0       		.byte	0xf0
 1415 00ea 1A       		.byte	0x1a
 1416 00eb 34       		.byte	0x34
 1417 00ec 25       		.byte	0x25
 1418 00ed 71       		.byte	0x71
 1419 00ee 00       		.sleb128 0
 1420 00ef 33       		.byte	0x33
ARM GAS  /tmp/ccJJJbcY.s 			page 26


 1421 00f0 1A       		.byte	0x1a
 1422 00f1 32       		.byte	0x32
 1423 00f2 24       		.byte	0x24
 1424 00f3 24       		.byte	0x24
 1425 00f4 9F       		.byte	0x9f
 1426 00f5 00000000 		.4byte	0
 1427 00f9 00000000 		.4byte	0
 1428              	.LLST5:
 1429 00fd 00000000 		.4byte	.LVL12
 1430 0101 10000000 		.4byte	.LVL14
 1431 0105 0100     		.2byte	0x1
 1432 0107 50       		.byte	0x50
 1433 0108 10000000 		.4byte	.LVL14
 1434 010c 2C000000 		.4byte	.LFE60
 1435 0110 0400     		.2byte	0x4
 1436 0112 F3       		.byte	0xf3
 1437 0113 01       		.uleb128 0x1
 1438 0114 50       		.byte	0x50
 1439 0115 9F       		.byte	0x9f
 1440 0116 00000000 		.4byte	0
 1441 011a 00000000 		.4byte	0
 1442              	.LLST6:
 1443 011e 00000000 		.4byte	.LVL12
 1444 0122 06000000 		.4byte	.LVL13
 1445 0126 0100     		.2byte	0x1
 1446 0128 51       		.byte	0x51
 1447 0129 06000000 		.4byte	.LVL13
 1448 012d 2C000000 		.4byte	.LFE60
 1449 0131 0400     		.2byte	0x4
 1450 0133 F3       		.byte	0xf3
 1451 0134 01       		.uleb128 0x1
 1452 0135 51       		.byte	0x51
 1453 0136 9F       		.byte	0x9f
 1454 0137 00000000 		.4byte	0
 1455 013b 00000000 		.4byte	0
 1456              	.LLST7:
 1457 013f 00000000 		.4byte	.LVL15
 1458 0143 0A000000 		.4byte	.LVL16
 1459 0147 0100     		.2byte	0x1
 1460 0149 50       		.byte	0x50
 1461 014a 0A000000 		.4byte	.LVL16
 1462 014e 0E000000 		.4byte	.LVL17
 1463 0152 0100     		.2byte	0x1
 1464 0154 55       		.byte	0x55
 1465 0155 0E000000 		.4byte	.LVL17
 1466 0159 13000000 		.4byte	.LVL18-1
 1467 015d 0100     		.2byte	0x1
 1468 015f 50       		.byte	0x50
 1469 0160 13000000 		.4byte	.LVL18-1
 1470 0164 26000000 		.4byte	.LVL20
 1471 0168 0100     		.2byte	0x1
 1472 016a 55       		.byte	0x55
 1473 016b 26000000 		.4byte	.LVL20
 1474 016f 2B000000 		.4byte	.LVL22-1
 1475 0173 0100     		.2byte	0x1
 1476 0175 50       		.byte	0x50
 1477 0176 2B000000 		.4byte	.LVL22-1
ARM GAS  /tmp/ccJJJbcY.s 			page 27


 1478 017a 32000000 		.4byte	.LVL23
 1479 017e 0100     		.2byte	0x1
 1480 0180 55       		.byte	0x55
 1481 0181 32000000 		.4byte	.LVL23
 1482 0185 35000000 		.4byte	.LVL24-1
 1483 0189 0100     		.2byte	0x1
 1484 018b 50       		.byte	0x50
 1485 018c 35000000 		.4byte	.LVL24-1
 1486 0190 38000000 		.4byte	.LFE57
 1487 0194 0100     		.2byte	0x1
 1488 0196 55       		.byte	0x55
 1489 0197 00000000 		.4byte	0
 1490 019b 00000000 		.4byte	0
 1491              	.LLST8:
 1492 019f 0A000000 		.4byte	.LVL16
 1493 01a3 0E000000 		.4byte	.LVL17
 1494 01a7 0200     		.2byte	0x2
 1495 01a9 30       		.byte	0x30
 1496 01aa 9F       		.byte	0x9f
 1497 01ab 0E000000 		.4byte	.LVL17
 1498 01af 13000000 		.4byte	.LVL18-1
 1499 01b3 0100     		.2byte	0x1
 1500 01b5 51       		.byte	0x51
 1501 01b6 13000000 		.4byte	.LVL18-1
 1502 01ba 14000000 		.4byte	.LVL18
 1503 01be 0300     		.2byte	0x3
 1504 01c0 74       		.byte	0x74
 1505 01c1 7F       		.sleb128 -1
 1506 01c2 9F       		.byte	0x9f
 1507 01c3 14000000 		.4byte	.LVL18
 1508 01c7 28000000 		.4byte	.LVL21
 1509 01cb 0100     		.2byte	0x1
 1510 01cd 54       		.byte	0x54
 1511 01ce 28000000 		.4byte	.LVL21
 1512 01d2 2B000000 		.4byte	.LVL22-1
 1513 01d6 0100     		.2byte	0x1
 1514 01d8 51       		.byte	0x51
 1515 01d9 2B000000 		.4byte	.LVL22-1
 1516 01dd 2C000000 		.4byte	.LVL22
 1517 01e1 0300     		.2byte	0x3
 1518 01e3 74       		.byte	0x74
 1519 01e4 7F       		.sleb128 -1
 1520 01e5 9F       		.byte	0x9f
 1521 01e6 2C000000 		.4byte	.LVL22
 1522 01ea 32000000 		.4byte	.LVL23
 1523 01ee 0100     		.2byte	0x1
 1524 01f0 54       		.byte	0x54
 1525 01f1 00000000 		.4byte	0
 1526 01f5 00000000 		.4byte	0
 1527              		.section	.debug_aranges,"",%progbits
 1528 0000 3C000000 		.4byte	0x3c
 1529 0004 0200     		.2byte	0x2
 1530 0006 00000000 		.4byte	.Ldebug_info0
 1531 000a 04       		.byte	0x4
 1532 000b 00       		.byte	0
 1533 000c 0000     		.2byte	0
 1534 000e 0000     		.2byte	0
ARM GAS  /tmp/ccJJJbcY.s 			page 28


 1535 0010 00000000 		.4byte	.LFB56
 1536 0014 0C000000 		.4byte	.LFE56-.LFB56
 1537 0018 00000000 		.4byte	.LFB58
 1538 001c 24000000 		.4byte	.LFE58-.LFB58
 1539 0020 00000000 		.4byte	.LFB59
 1540 0024 AA000000 		.4byte	.LFE59-.LFB59
 1541 0028 00000000 		.4byte	.LFB60
 1542 002c 2C000000 		.4byte	.LFE60-.LFB60
 1543 0030 00000000 		.4byte	.LFB57
 1544 0034 38000000 		.4byte	.LFE57-.LFB57
 1545 0038 00000000 		.4byte	0
 1546 003c 00000000 		.4byte	0
 1547              		.section	.debug_ranges,"",%progbits
 1548              	.Ldebug_ranges0:
 1549 0000 00000000 		.4byte	.LFB56
 1550 0004 0C000000 		.4byte	.LFE56
 1551 0008 00000000 		.4byte	.LFB58
 1552 000c 24000000 		.4byte	.LFE58
 1553 0010 00000000 		.4byte	.LFB59
 1554 0014 AA000000 		.4byte	.LFE59
 1555 0018 00000000 		.4byte	.LFB60
 1556 001c 2C000000 		.4byte	.LFE60
 1557 0020 00000000 		.4byte	.LFB57
 1558 0024 38000000 		.4byte	.LFE57
 1559 0028 00000000 		.4byte	0
 1560 002c 00000000 		.4byte	0
 1561              		.section	.debug_line,"",%progbits
 1562              	.Ldebug_line0:
 1563 0000 C0010000 		.section	.debug_str,"MS",%progbits,1
 1563      02002601 
 1563      00000201 
 1563      FB0E0D00 
 1563      01010101 
 1564              	.LASF52:
 1565 0000 2E2E2F6F 		.ascii	"../os/hal/platforms/STM32/ext_lld.c\000"
 1565      732F6861 
 1565      6C2F706C 
 1565      6174666F 
 1565      726D732F 
 1566              	.LASF24:
 1567 0024 4146494F 		.ascii	"AFIO_TypeDef\000"
 1567      5F547970 
 1567      65446566 
 1567      00
 1568              	.LASF29:
 1569 0031 45585444 		.ascii	"EXTDriver\000"
 1569      72697665 
 1569      7200
 1570              	.LASF42:
 1571 003b 6368616E 		.ascii	"channel\000"
 1571      6E656C00 
 1572              	.LASF38:
 1573 0043 6578745F 		.ascii	"ext_lld_init\000"
 1573      6C6C645F 
 1573      696E6974 
 1573      00
 1574              	.LASF30:
ARM GAS  /tmp/ccJJJbcY.s 			page 29


 1575 0050 73746174 		.ascii	"state\000"
 1575      6500
 1576              	.LASF28:
 1577 0056 65787473 		.ascii	"extstate_t\000"
 1577      74617465 
 1577      5F7400
 1578              	.LASF35:
 1579 0061 45585443 		.ascii	"EXTChannelConfig\000"
 1579      68616E6E 
 1579      656C436F 
 1579      6E666967 
 1579      00
 1580              	.LASF25:
 1581 0072 4558545F 		.ascii	"EXT_UNINIT\000"
 1581      554E494E 
 1581      495400
 1582              	.LASF6:
 1583 007d 5F5F696E 		.ascii	"__int32_t\000"
 1583      7433325F 
 1583      7400
 1584              	.LASF20:
 1585 0087 4D415052 		.ascii	"MAPR\000"
 1585      00
 1586              	.LASF22:
 1587 008c 52455345 		.ascii	"RESERVED0\000"
 1587      52564544 
 1587      3000
 1588              	.LASF32:
 1589 0096 65787063 		.ascii	"expchannel_t\000"
 1589      68616E6E 
 1589      656C5F74 
 1589      00
 1590              	.LASF49:
 1591 00a3 6578745F 		.ascii	"ext_lld_exti_irq_disable\000"
 1591      6C6C645F 
 1591      65787469 
 1591      5F697271 
 1591      5F646973 
 1592              	.LASF33:
 1593 00bc 65787463 		.ascii	"extcallback_t\000"
 1593      616C6C62 
 1593      61636B5F 
 1593      7400
 1594              	.LASF50:
 1595 00ca 6578745F 		.ascii	"ext_lld_exti_irq_enable\000"
 1595      6C6C645F 
 1595      65787469 
 1595      5F697271 
 1595      5F656E61 
 1596              	.LASF45:
 1597 00e2 6578745F 		.ascii	"ext_lld_channel_disable\000"
 1597      6C6C645F 
 1597      6368616E 
 1597      6E656C5F 
 1597      64697361 
 1598              	.LASF10:
 1599 00fa 6C6F6E67 		.ascii	"long long unsigned int\000"
ARM GAS  /tmp/ccJJJbcY.s 			page 30


 1599      206C6F6E 
 1599      6720756E 
 1599      7369676E 
 1599      65642069 
 1600              	.LASF2:
 1601 0111 756E7369 		.ascii	"unsigned char\000"
 1601      676E6564 
 1601      20636861 
 1601      7200
 1602              	.LASF8:
 1603 011f 6C6F6E67 		.ascii	"long unsigned int\000"
 1603      20756E73 
 1603      69676E65 
 1603      6420696E 
 1603      7400
 1604              	.LASF4:
 1605 0131 73686F72 		.ascii	"short unsigned int\000"
 1605      7420756E 
 1605      7369676E 
 1605      65642069 
 1605      6E7400
 1606              	.LASF18:
 1607 0144 45585449 		.ascii	"EXTI_TypeDef\000"
 1607      5F547970 
 1607      65446566 
 1607      00
 1608              	.LASF47:
 1609 0151 49544D5F 		.ascii	"ITM_RxBuffer\000"
 1609      52784275 
 1609      66666572 
 1609      00
 1610              	.LASF15:
 1611 015e 52545352 		.ascii	"RTSR\000"
 1611      00
 1612              	.LASF31:
 1613 0163 636F6E66 		.ascii	"config\000"
 1613      696700
 1614              	.LASF53:
 1615 016a 2F686F6D 		.ascii	"/home/dltech/gdrive/Projects/RFM_to_Modbus_TCP/Chib"
 1615      652F646C 
 1615      74656368 
 1615      2F676472 
 1615      6976652F 
 1616 019d 694F532F 		.ascii	"iOS/F103_ChibiOS_ENC60J28/main\000"
 1616      46313033 
 1616      5F436869 
 1616      62694F53 
 1616      5F454E43 
 1617              	.LASF7:
 1618 01bc 5F5F7569 		.ascii	"__uint32_t\000"
 1618      6E743332 
 1618      5F7400
 1619              	.LASF40:
 1620 01c7 6578745F 		.ascii	"ext_lld_channel_enable\000"
 1620      6C6C645F 
 1620      6368616E 
 1620      6E656C5F 
ARM GAS  /tmp/ccJJJbcY.s 			page 31


 1620      656E6162 
 1621              	.LASF39:
 1622 01de 6578745F 		.ascii	"ext_lld_stop\000"
 1622      6C6C645F 
 1622      73746F70 
 1622      00
 1623              	.LASF21:
 1624 01eb 45585449 		.ascii	"EXTICR\000"
 1624      435200
 1625              	.LASF27:
 1626 01f2 4558545F 		.ascii	"EXT_ACTIVE\000"
 1626      41435449 
 1626      564500
 1627              	.LASF0:
 1628 01fd 756E7369 		.ascii	"unsigned int\000"
 1628      676E6564 
 1628      20696E74 
 1628      00
 1629              	.LASF41:
 1630 020a 65787470 		.ascii	"extp\000"
 1630      00
 1631              	.LASF37:
 1632 020f 45585443 		.ascii	"EXTConfig\000"
 1632      6F6E6669 
 1632      6700
 1633              	.LASF34:
 1634 0219 6D6F6465 		.ascii	"mode\000"
 1634      00
 1635              	.LASF51:
 1636 021e 474E5520 		.ascii	"GNU C 4.8.2 -mcpu=cortex-m3 -mno-thumb-interwork -m"
 1636      4320342E 
 1636      382E3220 
 1636      2D6D6370 
 1636      753D636F 
 1637 0251 7468756D 		.ascii	"thumb -ggdb -O2 -fomit-frame-pointer -falign-functi"
 1637      62202D67 
 1637      67646220 
 1637      2D4F3220 
 1637      2D666F6D 
 1638 0284 6F6E733D 		.ascii	"ons=16 -ffunction-sections -fdata-sections -fno-com"
 1638      3136202D 
 1638      6666756E 
 1638      6374696F 
 1638      6E2D7365 
 1639 02b7 6D6F6E20 		.ascii	"mon -fno-strict-aliasing\000"
 1639      2D666E6F 
 1639      2D737472 
 1639      6963742D 
 1639      616C6961 
 1640              	.LASF11:
 1641 02d0 696E7433 		.ascii	"int32_t\000"
 1641      325F7400 
 1642              	.LASF14:
 1643 02d8 73697A65 		.ascii	"sizetype\000"
 1643      74797065 
 1643      00
 1644              	.LASF9:
ARM GAS  /tmp/ccJJJbcY.s 			page 32


 1645 02e1 6C6F6E67 		.ascii	"long long int\000"
 1645      206C6F6E 
 1645      6720696E 
 1645      7400
 1646              	.LASF43:
 1647 02ef 6D61736B 		.ascii	"mask\000"
 1647      00
 1648              	.LASF36:
 1649 02f4 6368616E 		.ascii	"channels\000"
 1649      6E656C73 
 1649      00
 1650              	.LASF44:
 1651 02fd 706F7274 		.ascii	"port\000"
 1651      00
 1652              	.LASF48:
 1653 0302 45585444 		.ascii	"EXTD1\000"
 1653      3100
 1654              	.LASF3:
 1655 0308 73686F72 		.ascii	"short int\000"
 1655      7420696E 
 1655      7400
 1656              	.LASF54:
 1657 0312 6578744F 		.ascii	"extObjectInit\000"
 1657      626A6563 
 1657      74496E69 
 1657      7400
 1658              	.LASF23:
 1659 0320 4D415052 		.ascii	"MAPR2\000"
 1659      3200
 1660              	.LASF16:
 1661 0326 46545352 		.ascii	"FTSR\000"
 1661      00
 1662              	.LASF5:
 1663 032b 6C6F6E67 		.ascii	"long int\000"
 1663      20696E74 
 1663      00
 1664              	.LASF19:
 1665 0334 45564352 		.ascii	"EVCR\000"
 1665      00
 1666              	.LASF1:
 1667 0339 7369676E 		.ascii	"signed char\000"
 1667      65642063 
 1667      68617200 
 1668              	.LASF12:
 1669 0345 75696E74 		.ascii	"uint32_t\000"
 1669      33325F74 
 1669      00
 1670              	.LASF13:
 1671 034e 5F426F6F 		.ascii	"_Bool\000"
 1671      6C00
 1672              	.LASF17:
 1673 0354 53574945 		.ascii	"SWIER\000"
 1673      5200
 1674              	.LASF46:
 1675 035a 6578745F 		.ascii	"ext_lld_start\000"
 1675      6C6C645F 
 1675      73746172 
ARM GAS  /tmp/ccJJJbcY.s 			page 33


 1675      7400
 1676              	.LASF26:
 1677 0368 4558545F 		.ascii	"EXT_STOP\000"
 1677      53544F50 
 1677      00
 1678              		.ident	"GCC: (4.8.2-14ubuntu1+6) 4.8.2"
ARM GAS  /tmp/ccJJJbcY.s 			page 34


DEFINED SYMBOLS
                            *ABS*:0000000000000000 ext_lld.c
     /tmp/ccJJJbcY.s:19     .text.ext_lld_init:0000000000000000 $t
     /tmp/ccJJJbcY.s:25     .text.ext_lld_init:0000000000000000 ext_lld_init
     /tmp/ccJJJbcY.s:331    .bss.EXTD1:0000000000000000 .LANCHOR0
     /tmp/ccJJJbcY.s:42     .text.ext_lld_stop:0000000000000000 $t
     /tmp/ccJJJbcY.s:48     .text.ext_lld_stop:0000000000000000 ext_lld_stop
     /tmp/ccJJJbcY.s:88     .text.ext_lld_channel_enable:0000000000000000 $t
     /tmp/ccJJJbcY.s:94     .text.ext_lld_channel_enable:0000000000000000 ext_lld_channel_enable
     /tmp/ccJJJbcY.s:208    .text.ext_lld_channel_disable:0000000000000000 $t
     /tmp/ccJJJbcY.s:214    .text.ext_lld_channel_disable:0000000000000000 ext_lld_channel_disable
     /tmp/ccJJJbcY.s:252    .text.ext_lld_start:0000000000000000 $t
     /tmp/ccJJJbcY.s:258    .text.ext_lld_start:0000000000000000 ext_lld_start
     /tmp/ccJJJbcY.s:334    .bss.EXTD1:0000000000000000 EXTD1
     /tmp/ccJJJbcY.s:330    .bss.EXTD1:0000000000000000 $d
                     .debug_frame:0000000000000010 $d

UNDEFINED SYMBOLS
extObjectInit
ext_lld_exti_irq_disable
ext_lld_exti_irq_enable
