ARM GAS  /tmp/cc5Ui1kX.s 			page 1


   1              		.syntax unified
   2              		.cpu cortex-m3
   3              		.fpu softvfp
   4              		.eabi_attribute 20, 1
   5              		.eabi_attribute 21, 1
   6              		.eabi_attribute 23, 3
   7              		.eabi_attribute 24, 1
   8              		.eabi_attribute 25, 1
   9              		.eabi_attribute 26, 1
  10              		.eabi_attribute 30, 2
  11              		.eabi_attribute 34, 1
  12              		.eabi_attribute 18, 4
  13              		.thumb
  14              		.file	"hal.c"
  15              		.text
  16              	.Ltext0:
  17              		.cfi_sections	.debug_frame
  18              		.section	.text.halInit,"ax",%progbits
  19              		.align	2
  20              		.p2align 4,,15
  21              		.global	halInit
  22              		.thumb
  23              		.thumb_func
  24              		.type	halInit, %function
  25              	halInit:
  26              	.LFB56:
  27              		.file 1 "../os/hal/src/hal.c"
  28              		.loc 1 68 0
  29              		.cfi_startproc
  30              		@ args = 0, pretend = 0, frame = 0
  31              		@ frame_needed = 0, uses_anonymous_args = 0
  32 0000 08B5     		push	{r3, lr}
  33              		.cfi_def_cfa_offset 8
  34              		.cfi_offset 3, -8
  35              		.cfi_offset 14, -4
  36              		.loc 1 70 0
  37 0002 FFF7FEFF 		bl	hal_lld_init
  38              	.LVL0:
  39              		.loc 1 73 0
  40 0006 FFF7FEFF 		bl	tmInit
  41              	.LVL1:
  42              		.loc 1 76 0
  43 000a 40F20000 		movw	r0, #:lower16:pal_default_config
  44 000e C0F20000 		movt	r0, #:upper16:pal_default_config
  45 0012 FFF7FEFF 		bl	_pal_lld_init
  46              	.LVL2:
  47              		.loc 1 85 0
  48 0016 FFF7FEFF 		bl	extInit
  49              	.LVL3:
  50              		.loc 1 109 0
  51 001a FFF7FEFF 		bl	spiInit
  52              	.LVL4:
  53              		.loc 1 112 0
  54 001e FFF7FEFF 		bl	uartInit
  55              	.LVL5:
  56              		.loc 1 128 0
  57 0022 BDE80840 		pop	{r3, lr}
ARM GAS  /tmp/cc5Ui1kX.s 			page 2


  58              		.loc 1 127 0
  59 0026 FFF7FEBF 		b	boardInit
  60              	.LVL6:
  61              		.cfi_endproc
  62              	.LFE56:
  63              		.size	halInit, .-halInit
  64 002a 00BFAFF3 		.section	.text.halIsCounterWithin,"ax",%progbits
  64      0080
  65              		.align	2
  66              		.p2align 4,,15
  67              		.global	halIsCounterWithin
  68              		.thumb
  69              		.thumb_func
  70              		.type	halIsCounterWithin, %function
  71              	halIsCounterWithin:
  72              	.LFB57:
  73              		.loc 1 174 0
  74              		.cfi_startproc
  75              		@ args = 0, pretend = 0, frame = 0
  76              		@ frame_needed = 0, uses_anonymous_args = 0
  77              		@ link register save eliminated.
  78              	.LVL7:
  79              		.loc 1 175 0
  80 0000 4FF48053 		mov	r3, #4096
  81 0004 CEF20003 		movt	r3, 57344
  82              		.loc 1 177 0
  83 0008 8142     		cmp	r1, r0
  84              		.loc 1 174 0
  85 000a 0246     		mov	r2, r0
  86              		.loc 1 175 0
  87 000c 5B68     		ldr	r3, [r3, #4]
  88              	.LVL8:
  89              		.loc 1 177 0
  90 000e 09D8     		bhi	.L6
  91              		.loc 1 178 0 discriminator 2
  92 0010 8342     		cmp	r3, r0
  93 0012 34BF     		ite	cc
  94 0014 0022     		movcc	r2, #0
  95 0016 0122     		movcs	r2, #1
  96 0018 8B42     		cmp	r3, r1
  97 001a 2CBF     		ite	cs
  98 001c 1046     		movcs	r0, r2
  99 001e 42F00100 		orrcc	r0, r2, #1
 100              	.LVL9:
 101              		.loc 1 179 0 discriminator 2
 102 0022 7047     		bx	lr
 103              	.LVL10:
 104              	.L6:
 105              		.loc 1 177 0 discriminator 1
 106 0024 8B42     		cmp	r3, r1
 107 0026 2CBF     		ite	cs
 108 0028 0020     		movcs	r0, #0
 109              	.LVL11:
 110 002a 0120     		movcc	r0, #1
 111 002c 9342     		cmp	r3, r2
 112 002e 38BF     		it	cc
 113 0030 0020     		movcc	r0, #0
ARM GAS  /tmp/cc5Ui1kX.s 			page 3


 114 0032 7047     		bx	lr
 115              		.cfi_endproc
 116              	.LFE57:
 117              		.size	halIsCounterWithin, .-halIsCounterWithin
 118 0034 AFF30080 		.section	.text.halPolledDelay,"ax",%progbits
 118      AFF30080 
 118      AFF30080 
 119              		.align	2
 120              		.p2align 4,,15
 121              		.global	halPolledDelay
 122              		.thumb
 123              		.thumb_func
 124              		.type	halPolledDelay, %function
 125              	halPolledDelay:
 126              	.LFB58:
 127              		.loc 1 193 0
 128              		.cfi_startproc
 129              		@ args = 0, pretend = 0, frame = 0
 130              		@ frame_needed = 0, uses_anonymous_args = 0
 131              		@ link register save eliminated.
 132              	.LVL12:
 133 0000 10B4     		push	{r4}
 134              		.cfi_def_cfa_offset 4
 135              		.cfi_offset 4, -4
 136              		.loc 1 194 0
 137 0002 4FF48054 		mov	r4, #4096
 138 0006 CEF20004 		movt	r4, 57344
 139 000a 6268     		ldr	r2, [r4, #4]
 140              	.LVL13:
 141              		.loc 1 195 0
 142 000c 1044     		add	r0, r0, r2
 143              	.LVL14:
 144              	.L11:
 145              	.LBB4:
 146              	.LBB5:
 147              		.loc 1 177 0 discriminator 1
 148 000e 8242     		cmp	r2, r0
 149              		.loc 1 175 0 discriminator 1
 150 0010 6368     		ldr	r3, [r4, #4]
 151              	.LVL15:
 152              		.loc 1 177 0 discriminator 1
 153 0012 0BD2     		bcs	.L8
 154              		.loc 1 177 0 is_stmt 0
 155 0014 9842     		cmp	r0, r3
 156 0016 94BF     		ite	ls
 157 0018 0021     		movls	r1, #0
 158 001a 0121     		movhi	r1, #1
 159 001c 9A42     		cmp	r2, r3
 160 001e 88BF     		it	hi
 161 0020 0021     		movhi	r1, #0
 162              	.LBE5:
 163              	.LBE4:
 164              		.loc 1 196 0 is_stmt 1
 165 0022 0029     		cmp	r1, #0
 166 0024 F3D1     		bne	.L11
 167              	.L12:
 168              		.loc 1 198 0
ARM GAS  /tmp/cc5Ui1kX.s 			page 4


 169 0026 5DF8044B 		ldr	r4, [sp], #4
 170 002a 7047     		bx	lr
 171              	.L8:
 172              	.LBB7:
 173              	.LBB6:
 174              		.loc 1 178 0
 175 002c 9A42     		cmp	r2, r3
 176 002e 8CBF     		ite	hi
 177 0030 0021     		movhi	r1, #0
 178 0032 0121     		movls	r1, #1
 179 0034 9842     		cmp	r0, r3
 180 0036 88BF     		it	hi
 181 0038 41F00101 		orrhi	r1, r1, #1
 182              	.LBE6:
 183              	.LBE7:
 184              		.loc 1 196 0
 185 003c 0029     		cmp	r1, #0
 186 003e E6D1     		bne	.L11
 187 0040 F1E7     		b	.L12
 188              		.cfi_endproc
 189              	.LFE58:
 190              		.size	halPolledDelay, .-halPolledDelay
 191 0042 00BFAFF3 		.text
 191      0080AFF3 
 191      0080AFF3 
 191      0080
 192              	.Letext0:
 193              		.file 2 "/usr/include/newlib/machine/_default_types.h"
 194              		.file 3 "/usr/include/newlib/stdint.h"
 195              		.file 4 "../os/ports/GCC/ARMCMx/chtypes.h"
 196              		.file 5 "../os/ports/common/ARMCMx/nvic.h"
 197              		.file 6 "../os/hal/platforms/STM32F1xx/hal_lld.h"
 198              		.file 7 "../os/hal/platforms/STM32/GPIOv1/pal_lld.h"
 199              		.file 8 "../os/ports/common/ARMCMx/CMSIS/include/core_cm3.h"
 200              		.file 9 "../os/hal/include/tm.h"
 201              		.file 10 "../os/hal/include/ext.h"
 202              		.file 11 "../os/hal/include/spi.h"
 203              		.file 12 "../os/hal/include/uart.h"
 204              		.file 13 "../conf/board.h"
 205              		.section	.debug_info,"",%progbits
 206              	.Ldebug_info0:
 207 0000 4F030000 		.4byte	0x34f
 208 0004 0400     		.2byte	0x4
 209 0006 00000000 		.4byte	.Ldebug_abbrev0
 210 000a 04       		.byte	0x4
 211 000b 01       		.uleb128 0x1
 212 000c 32020000 		.4byte	.LASF46
 213 0010 01       		.byte	0x1
 214 0011 79010000 		.4byte	.LASF47
 215 0015 A8010000 		.4byte	.LASF48
 216 0019 18000000 		.4byte	.Ldebug_ranges0+0x18
 217 001d 00000000 		.4byte	0
 218 0021 00000000 		.4byte	.Ldebug_line0
 219 0025 02       		.uleb128 0x2
 220 0026 04       		.byte	0x4
 221 0027 05       		.byte	0x5
 222 0028 696E7400 		.ascii	"int\000"
ARM GAS  /tmp/cc5Ui1kX.s 			page 5


 223 002c 03       		.uleb128 0x3
 224 002d 04       		.byte	0x4
 225 002e 07       		.byte	0x7
 226 002f 3A000000 		.4byte	.LASF0
 227 0033 03       		.uleb128 0x3
 228 0034 01       		.byte	0x1
 229 0035 06       		.byte	0x6
 230 0036 E4020000 		.4byte	.LASF1
 231 003a 03       		.uleb128 0x3
 232 003b 01       		.byte	0x1
 233 003c 08       		.byte	0x8
 234 003d 85000000 		.4byte	.LASF2
 235 0041 03       		.uleb128 0x3
 236 0042 02       		.byte	0x2
 237 0043 05       		.byte	0x5
 238 0044 07020000 		.4byte	.LASF3
 239 0048 03       		.uleb128 0x3
 240 0049 02       		.byte	0x2
 241 004a 07       		.byte	0x7
 242 004b C6000000 		.4byte	.LASF4
 243 004f 04       		.uleb128 0x4
 244 0050 2A000000 		.4byte	.LASF6
 245 0054 02       		.byte	0x2
 246 0055 37       		.byte	0x37
 247 0056 5A000000 		.4byte	0x5a
 248 005a 03       		.uleb128 0x3
 249 005b 04       		.byte	0x4
 250 005c 05       		.byte	0x5
 251 005d 29020000 		.4byte	.LASF5
 252 0061 04       		.uleb128 0x4
 253 0062 12010000 		.4byte	.LASF7
 254 0066 02       		.byte	0x2
 255 0067 38       		.byte	0x38
 256 0068 6C000000 		.4byte	0x6c
 257 006c 03       		.uleb128 0x3
 258 006d 04       		.byte	0x4
 259 006e 07       		.byte	0x7
 260 006f B4000000 		.4byte	.LASF8
 261 0073 03       		.uleb128 0x3
 262 0074 08       		.byte	0x8
 263 0075 05       		.byte	0x5
 264 0076 8D010000 		.4byte	.LASF9
 265 007a 03       		.uleb128 0x3
 266 007b 08       		.byte	0x8
 267 007c 07       		.byte	0x7
 268 007d F6020000 		.4byte	.LASF10
 269 0081 04       		.uleb128 0x4
 270 0082 68010000 		.4byte	.LASF11
 271 0086 03       		.byte	0x3
 272 0087 41       		.byte	0x41
 273 0088 4F000000 		.4byte	0x4f
 274 008c 04       		.uleb128 0x4
 275 008d 20020000 		.4byte	.LASF12
 276 0091 03       		.byte	0x3
 277 0092 42       		.byte	0x42
 278 0093 61000000 		.4byte	0x61
 279 0097 04       		.uleb128 0x4
ARM GAS  /tmp/cc5Ui1kX.s 			page 6


 280 0098 47000000 		.4byte	.LASF13
 281 009c 04       		.byte	0x4
 282 009d 2B       		.byte	0x2b
 283 009e A2000000 		.4byte	0xa2
 284 00a2 03       		.uleb128 0x3
 285 00a3 01       		.byte	0x1
 286 00a4 02       		.byte	0x2
 287 00a5 F0020000 		.4byte	.LASF14
 288 00a9 04       		.uleb128 0x4
 289 00aa 66000000 		.4byte	.LASF15
 290 00ae 05       		.byte	0x5
 291 00af 3A       		.byte	0x3a
 292 00b0 B4000000 		.4byte	0xb4
 293 00b4 05       		.uleb128 0x5
 294 00b5 8C000000 		.4byte	0x8c
 295 00b9 03       		.uleb128 0x3
 296 00ba 04       		.byte	0x4
 297 00bb 07       		.byte	0x7
 298 00bc 70010000 		.4byte	.LASF16
 299 00c0 06       		.uleb128 0x6
 300 00c1 20       		.byte	0x20
 301 00c2 05       		.byte	0x5
 302 00c3 0601     		.2byte	0x106
 303 00c5 32010000 		.4byte	0x132
 304 00c9 07       		.uleb128 0x7
 305 00ca 50010000 		.4byte	.LASF17
 306 00ce 05       		.byte	0x5
 307 00cf 0701     		.2byte	0x107
 308 00d1 A9000000 		.4byte	0xa9
 309 00d5 00       		.byte	0
 310 00d6 07       		.uleb128 0x7
 311 00d7 24010000 		.4byte	.LASF18
 312 00db 05       		.byte	0x5
 313 00dc 0801     		.2byte	0x108
 314 00de A9000000 		.4byte	0xa9
 315 00e2 04       		.byte	0x4
 316 00e3 07       		.uleb128 0x7
 317 00e4 D9000000 		.4byte	.LASF19
 318 00e8 05       		.byte	0x5
 319 00e9 0901     		.2byte	0x109
 320 00eb A9000000 		.4byte	0xa9
 321 00ef 08       		.byte	0x8
 322 00f0 07       		.uleb128 0x7
 323 00f1 56000000 		.4byte	.LASF20
 324 00f5 05       		.byte	0x5
 325 00f6 0A01     		.2byte	0x10a
 326 00f8 A9000000 		.4byte	0xa9
 327 00fc 0C       		.byte	0xc
 328 00fd 07       		.uleb128 0x7
 329 00fe 5D000000 		.4byte	.LASF21
 330 0102 05       		.byte	0x5
 331 0103 0B01     		.2byte	0x10b
 332 0105 A9000000 		.4byte	0xa9
 333 0109 10       		.byte	0x10
 334 010a 07       		.uleb128 0x7
 335 010b 1D010000 		.4byte	.LASF22
 336 010f 05       		.byte	0x5
ARM GAS  /tmp/cc5Ui1kX.s 			page 7


 337 0110 0C01     		.2byte	0x10c
 338 0112 A9000000 		.4byte	0xa9
 339 0116 14       		.byte	0x14
 340 0117 07       		.uleb128 0x7
 341 0118 ED000000 		.4byte	.LASF23
 342 011c 05       		.byte	0x5
 343 011d 0D01     		.2byte	0x10d
 344 011f A9000000 		.4byte	0xa9
 345 0123 18       		.byte	0x18
 346 0124 07       		.uleb128 0x7
 347 0125 A3010000 		.4byte	.LASF24
 348 0129 05       		.byte	0x5
 349 012a 0E01     		.2byte	0x10e
 350 012c A9000000 		.4byte	0xa9
 351 0130 1C       		.byte	0x1c
 352 0131 00       		.byte	0
 353 0132 08       		.uleb128 0x8
 354 0133 18020000 		.4byte	.LASF25
 355 0137 05       		.byte	0x5
 356 0138 0F01     		.2byte	0x10f
 357 013a C0000000 		.4byte	0xc0
 358 013e 05       		.uleb128 0x5
 359 013f 81000000 		.4byte	0x81
 360 0143 04       		.uleb128 0x4
 361 0144 32010000 		.4byte	.LASF26
 362 0148 06       		.byte	0x6
 363 0149 CE       		.byte	0xce
 364 014a 8C000000 		.4byte	0x8c
 365 014e 09       		.uleb128 0x9
 366 014f 0C       		.byte	0xc
 367 0150 07       		.byte	0x7
 368 0151 38       		.byte	0x38
 369 0152 7B010000 		.4byte	0x17b
 370 0156 0A       		.uleb128 0xa
 371 0157 6F647200 		.ascii	"odr\000"
 372 015b 07       		.byte	0x7
 373 015c 3A       		.byte	0x3a
 374 015d 8C000000 		.4byte	0x8c
 375 0161 00       		.byte	0
 376 0162 0A       		.uleb128 0xa
 377 0163 63726C00 		.ascii	"crl\000"
 378 0167 07       		.byte	0x7
 379 0168 3C       		.byte	0x3c
 380 0169 8C000000 		.4byte	0x8c
 381 016d 04       		.byte	0x4
 382 016e 0A       		.uleb128 0xa
 383 016f 63726800 		.ascii	"crh\000"
 384 0173 07       		.byte	0x7
 385 0174 3E       		.byte	0x3e
 386 0175 8C000000 		.4byte	0x8c
 387 0179 08       		.byte	0x8
 388 017a 00       		.byte	0
 389 017b 04       		.uleb128 0x4
 390 017c 93000000 		.4byte	.LASF27
 391 0180 07       		.byte	0x7
 392 0181 3F       		.byte	0x3f
 393 0182 4E010000 		.4byte	0x14e
ARM GAS  /tmp/cc5Ui1kX.s 			page 8


 394 0186 09       		.uleb128 0x9
 395 0187 3C       		.byte	0x3c
 396 0188 07       		.byte	0x7
 397 0189 48       		.byte	0x48
 398 018a CB010000 		.4byte	0x1cb
 399 018e 0B       		.uleb128 0xb
 400 018f A6000000 		.4byte	.LASF28
 401 0193 07       		.byte	0x7
 402 0194 4A       		.byte	0x4a
 403 0195 7B010000 		.4byte	0x17b
 404 0199 00       		.byte	0
 405 019a 0B       		.uleb128 0xb
 406 019b 2B010000 		.4byte	.LASF29
 407 019f 07       		.byte	0x7
 408 01a0 4C       		.byte	0x4c
 409 01a1 7B010000 		.4byte	0x17b
 410 01a5 0C       		.byte	0xc
 411 01a6 0B       		.uleb128 0xb
 412 01a7 11020000 		.4byte	.LASF30
 413 01ab 07       		.byte	0x7
 414 01ac 4E       		.byte	0x4e
 415 01ad 7B010000 		.4byte	0x17b
 416 01b1 18       		.byte	0x18
 417 01b2 0B       		.uleb128 0xb
 418 01b3 15000000 		.4byte	.LASF31
 419 01b7 07       		.byte	0x7
 420 01b8 50       		.byte	0x50
 421 01b9 7B010000 		.4byte	0x17b
 422 01bd 24       		.byte	0x24
 423 01be 0B       		.uleb128 0xb
 424 01bf 7E000000 		.4byte	.LASF32
 425 01c3 07       		.byte	0x7
 426 01c4 53       		.byte	0x53
 427 01c5 7B010000 		.4byte	0x17b
 428 01c9 30       		.byte	0x30
 429 01ca 00       		.byte	0
 430 01cb 04       		.uleb128 0x4
 431 01cc F5000000 		.4byte	.LASF33
 432 01d0 07       		.byte	0x7
 433 01d1 5D       		.byte	0x5d
 434 01d2 86010000 		.4byte	0x186
 435 01d6 0C       		.uleb128 0xc
 436 01d7 55010000 		.4byte	.LASF49
 437 01db 01       		.byte	0x1
 438 01dc AE       		.byte	0xae
 439 01dd 97000000 		.4byte	0x97
 440 01e1 01       		.byte	0x1
 441 01e2 08020000 		.4byte	0x208
 442 01e6 0D       		.uleb128 0xd
 443 01e7 34000000 		.4byte	.LASF34
 444 01eb 01       		.byte	0x1
 445 01ec AE       		.byte	0xae
 446 01ed 43010000 		.4byte	0x143
 447 01f1 0E       		.uleb128 0xe
 448 01f2 656E6400 		.ascii	"end\000"
 449 01f6 01       		.byte	0x1
 450 01f7 AE       		.byte	0xae
ARM GAS  /tmp/cc5Ui1kX.s 			page 9


 451 01f8 43010000 		.4byte	0x143
 452 01fc 0F       		.uleb128 0xf
 453 01fd 6E6F7700 		.ascii	"now\000"
 454 0201 01       		.byte	0x1
 455 0202 AF       		.byte	0xaf
 456 0203 43010000 		.4byte	0x143
 457 0207 00       		.byte	0
 458 0208 10       		.uleb128 0x10
 459 0209 76000000 		.4byte	.LASF35
 460 020d 01       		.byte	0x1
 461 020e 44       		.byte	0x44
 462 020f 00000000 		.4byte	.LFB56
 463 0213 2A000000 		.4byte	.LFE56-.LFB56
 464 0217 01       		.uleb128 0x1
 465 0218 9C       		.byte	0x9c
 466 0219 5D020000 		.4byte	0x25d
 467 021d 11       		.uleb128 0x11
 468 021e 06000000 		.4byte	.LVL0
 469 0222 0F030000 		.4byte	0x30f
 470 0226 11       		.uleb128 0x11
 471 0227 0A000000 		.4byte	.LVL1
 472 022b 16030000 		.4byte	0x316
 473 022f 11       		.uleb128 0x11
 474 0230 16000000 		.4byte	.LVL2
 475 0234 1D030000 		.4byte	0x31d
 476 0238 11       		.uleb128 0x11
 477 0239 1A000000 		.4byte	.LVL3
 478 023d 35030000 		.4byte	0x335
 479 0241 11       		.uleb128 0x11
 480 0242 1E000000 		.4byte	.LVL4
 481 0246 3C030000 		.4byte	0x33c
 482 024a 11       		.uleb128 0x11
 483 024b 22000000 		.4byte	.LVL5
 484 024f 44030000 		.4byte	0x344
 485 0253 12       		.uleb128 0x12
 486 0254 2A000000 		.4byte	.LVL6
 487 0258 4B030000 		.4byte	0x34b
 488 025c 00       		.byte	0
 489 025d 13       		.uleb128 0x13
 490 025e D6010000 		.4byte	0x1d6
 491 0262 00000000 		.4byte	.LFB57
 492 0266 34000000 		.4byte	.LFE57-.LFB57
 493 026a 01       		.uleb128 0x1
 494 026b 9C       		.byte	0x9c
 495 026c 88020000 		.4byte	0x288
 496 0270 14       		.uleb128 0x14
 497 0271 E6010000 		.4byte	0x1e6
 498 0275 00000000 		.4byte	.LLST0
 499 0279 15       		.uleb128 0x15
 500 027a F1010000 		.4byte	0x1f1
 501 027e 01       		.uleb128 0x1
 502 027f 51       		.byte	0x51
 503 0280 16       		.uleb128 0x16
 504 0281 FC010000 		.4byte	0x1fc
 505 0285 01       		.uleb128 0x1
 506 0286 53       		.byte	0x53
 507 0287 00       		.byte	0
ARM GAS  /tmp/cc5Ui1kX.s 			page 10


 508 0288 10       		.uleb128 0x10
 509 0289 00000000 		.4byte	.LASF36
 510 028d 01       		.byte	0x1
 511 028e C1       		.byte	0xc1
 512 028f 00000000 		.4byte	.LFB58
 513 0293 42000000 		.4byte	.LFE58-.LFB58
 514 0297 01       		.uleb128 0x1
 515 0298 9C       		.byte	0x9c
 516 0299 F2020000 		.4byte	0x2f2
 517 029d 17       		.uleb128 0x17
 518 029e 0F000000 		.4byte	.LASF50
 519 02a2 01       		.byte	0x1
 520 02a3 C1       		.byte	0xc1
 521 02a4 43010000 		.4byte	0x143
 522 02a8 37000000 		.4byte	.LLST1
 523 02ac 18       		.uleb128 0x18
 524 02ad 34000000 		.4byte	.LASF34
 525 02b1 01       		.byte	0x1
 526 02b2 C2       		.byte	0xc2
 527 02b3 43010000 		.4byte	0x143
 528 02b7 01       		.uleb128 0x1
 529 02b8 52       		.byte	0x52
 530 02b9 18       		.uleb128 0x18
 531 02ba 9B010000 		.4byte	.LASF37
 532 02be 01       		.byte	0x1
 533 02bf C3       		.byte	0xc3
 534 02c0 43010000 		.4byte	0x143
 535 02c4 01       		.uleb128 0x1
 536 02c5 50       		.byte	0x50
 537 02c6 19       		.uleb128 0x19
 538 02c7 D6010000 		.4byte	0x1d6
 539 02cb 0E000000 		.4byte	.LBB4
 540 02cf 00000000 		.4byte	.Ldebug_ranges0+0
 541 02d3 01       		.byte	0x1
 542 02d4 C4       		.byte	0xc4
 543 02d5 15       		.uleb128 0x15
 544 02d6 F1010000 		.4byte	0x1f1
 545 02da 01       		.uleb128 0x1
 546 02db 50       		.byte	0x50
 547 02dc 15       		.uleb128 0x15
 548 02dd E6010000 		.4byte	0x1e6
 549 02e1 01       		.uleb128 0x1
 550 02e2 52       		.byte	0x52
 551 02e3 1A       		.uleb128 0x1a
 552 02e4 00000000 		.4byte	.Ldebug_ranges0+0
 553 02e8 16       		.uleb128 0x16
 554 02e9 FC010000 		.4byte	0x1fc
 555 02ed 01       		.uleb128 0x1
 556 02ee 53       		.byte	0x53
 557 02ef 00       		.byte	0
 558 02f0 00       		.byte	0
 559 02f1 00       		.byte	0
 560 02f2 1B       		.uleb128 0x1b
 561 02f3 E0000000 		.4byte	.LASF38
 562 02f7 08       		.byte	0x8
 563 02f8 0706     		.2byte	0x607
 564 02fa 3E010000 		.4byte	0x13e
ARM GAS  /tmp/cc5Ui1kX.s 			page 11


 565 02fe 1B       		.uleb128 0x1b
 566 02ff FF000000 		.4byte	.LASF39
 567 0303 07       		.byte	0x7
 568 0304 3D01     		.2byte	0x13d
 569 0306 0A030000 		.4byte	0x30a
 570 030a 1C       		.uleb128 0x1c
 571 030b CB010000 		.4byte	0x1cb
 572 030f 1D       		.uleb128 0x1d
 573 0310 FA010000 		.4byte	.LASF40
 574 0314 06       		.byte	0x6
 575 0315 F7       		.byte	0xf7
 576 0316 1D       		.uleb128 0x1d
 577 0317 AD000000 		.4byte	.LASF41
 578 031b 09       		.byte	0x9
 579 031c 73       		.byte	0x73
 580 031d 1E       		.uleb128 0x1e
 581 031e 1C000000 		.4byte	.LASF51
 582 0322 07       		.byte	0x7
 583 0323 4201     		.2byte	0x142
 584 0325 2F030000 		.4byte	0x32f
 585 0329 1F       		.uleb128 0x1f
 586 032a 2F030000 		.4byte	0x32f
 587 032e 00       		.byte	0
 588 032f 20       		.uleb128 0x20
 589 0330 04       		.byte	0x4
 590 0331 0A030000 		.4byte	0x30a
 591 0335 1D       		.uleb128 0x1d
 592 0336 4E000000 		.4byte	.LASF42
 593 033a 0A       		.byte	0xa
 594 033b 90       		.byte	0x90
 595 033c 21       		.uleb128 0x21
 596 033d 6E000000 		.4byte	.LASF43
 597 0341 0B       		.byte	0xb
 598 0342 2E01     		.2byte	0x12e
 599 0344 1D       		.uleb128 0x1d
 600 0345 3D010000 		.4byte	.LASF44
 601 0349 0C       		.byte	0xc
 602 034a 6D       		.byte	0x6d
 603 034b 1D       		.uleb128 0x1d
 604 034c 46010000 		.4byte	.LASF45
 605 0350 0D       		.byte	0xd
 606 0351 A9       		.byte	0xa9
 607 0352 00       		.byte	0
 608              		.section	.debug_abbrev,"",%progbits
 609              	.Ldebug_abbrev0:
 610 0000 01       		.uleb128 0x1
 611 0001 11       		.uleb128 0x11
 612 0002 01       		.byte	0x1
 613 0003 25       		.uleb128 0x25
 614 0004 0E       		.uleb128 0xe
 615 0005 13       		.uleb128 0x13
 616 0006 0B       		.uleb128 0xb
 617 0007 03       		.uleb128 0x3
 618 0008 0E       		.uleb128 0xe
 619 0009 1B       		.uleb128 0x1b
 620 000a 0E       		.uleb128 0xe
 621 000b 55       		.uleb128 0x55
ARM GAS  /tmp/cc5Ui1kX.s 			page 12


 622 000c 17       		.uleb128 0x17
 623 000d 11       		.uleb128 0x11
 624 000e 01       		.uleb128 0x1
 625 000f 10       		.uleb128 0x10
 626 0010 17       		.uleb128 0x17
 627 0011 00       		.byte	0
 628 0012 00       		.byte	0
 629 0013 02       		.uleb128 0x2
 630 0014 24       		.uleb128 0x24
 631 0015 00       		.byte	0
 632 0016 0B       		.uleb128 0xb
 633 0017 0B       		.uleb128 0xb
 634 0018 3E       		.uleb128 0x3e
 635 0019 0B       		.uleb128 0xb
 636 001a 03       		.uleb128 0x3
 637 001b 08       		.uleb128 0x8
 638 001c 00       		.byte	0
 639 001d 00       		.byte	0
 640 001e 03       		.uleb128 0x3
 641 001f 24       		.uleb128 0x24
 642 0020 00       		.byte	0
 643 0021 0B       		.uleb128 0xb
 644 0022 0B       		.uleb128 0xb
 645 0023 3E       		.uleb128 0x3e
 646 0024 0B       		.uleb128 0xb
 647 0025 03       		.uleb128 0x3
 648 0026 0E       		.uleb128 0xe
 649 0027 00       		.byte	0
 650 0028 00       		.byte	0
 651 0029 04       		.uleb128 0x4
 652 002a 16       		.uleb128 0x16
 653 002b 00       		.byte	0
 654 002c 03       		.uleb128 0x3
 655 002d 0E       		.uleb128 0xe
 656 002e 3A       		.uleb128 0x3a
 657 002f 0B       		.uleb128 0xb
 658 0030 3B       		.uleb128 0x3b
 659 0031 0B       		.uleb128 0xb
 660 0032 49       		.uleb128 0x49
 661 0033 13       		.uleb128 0x13
 662 0034 00       		.byte	0
 663 0035 00       		.byte	0
 664 0036 05       		.uleb128 0x5
 665 0037 35       		.uleb128 0x35
 666 0038 00       		.byte	0
 667 0039 49       		.uleb128 0x49
 668 003a 13       		.uleb128 0x13
 669 003b 00       		.byte	0
 670 003c 00       		.byte	0
 671 003d 06       		.uleb128 0x6
 672 003e 13       		.uleb128 0x13
 673 003f 01       		.byte	0x1
 674 0040 0B       		.uleb128 0xb
 675 0041 0B       		.uleb128 0xb
 676 0042 3A       		.uleb128 0x3a
 677 0043 0B       		.uleb128 0xb
 678 0044 3B       		.uleb128 0x3b
ARM GAS  /tmp/cc5Ui1kX.s 			page 13


 679 0045 05       		.uleb128 0x5
 680 0046 01       		.uleb128 0x1
 681 0047 13       		.uleb128 0x13
 682 0048 00       		.byte	0
 683 0049 00       		.byte	0
 684 004a 07       		.uleb128 0x7
 685 004b 0D       		.uleb128 0xd
 686 004c 00       		.byte	0
 687 004d 03       		.uleb128 0x3
 688 004e 0E       		.uleb128 0xe
 689 004f 3A       		.uleb128 0x3a
 690 0050 0B       		.uleb128 0xb
 691 0051 3B       		.uleb128 0x3b
 692 0052 05       		.uleb128 0x5
 693 0053 49       		.uleb128 0x49
 694 0054 13       		.uleb128 0x13
 695 0055 38       		.uleb128 0x38
 696 0056 0B       		.uleb128 0xb
 697 0057 00       		.byte	0
 698 0058 00       		.byte	0
 699 0059 08       		.uleb128 0x8
 700 005a 16       		.uleb128 0x16
 701 005b 00       		.byte	0
 702 005c 03       		.uleb128 0x3
 703 005d 0E       		.uleb128 0xe
 704 005e 3A       		.uleb128 0x3a
 705 005f 0B       		.uleb128 0xb
 706 0060 3B       		.uleb128 0x3b
 707 0061 05       		.uleb128 0x5
 708 0062 49       		.uleb128 0x49
 709 0063 13       		.uleb128 0x13
 710 0064 00       		.byte	0
 711 0065 00       		.byte	0
 712 0066 09       		.uleb128 0x9
 713 0067 13       		.uleb128 0x13
 714 0068 01       		.byte	0x1
 715 0069 0B       		.uleb128 0xb
 716 006a 0B       		.uleb128 0xb
 717 006b 3A       		.uleb128 0x3a
 718 006c 0B       		.uleb128 0xb
 719 006d 3B       		.uleb128 0x3b
 720 006e 0B       		.uleb128 0xb
 721 006f 01       		.uleb128 0x1
 722 0070 13       		.uleb128 0x13
 723 0071 00       		.byte	0
 724 0072 00       		.byte	0
 725 0073 0A       		.uleb128 0xa
 726 0074 0D       		.uleb128 0xd
 727 0075 00       		.byte	0
 728 0076 03       		.uleb128 0x3
 729 0077 08       		.uleb128 0x8
 730 0078 3A       		.uleb128 0x3a
 731 0079 0B       		.uleb128 0xb
 732 007a 3B       		.uleb128 0x3b
 733 007b 0B       		.uleb128 0xb
 734 007c 49       		.uleb128 0x49
 735 007d 13       		.uleb128 0x13
ARM GAS  /tmp/cc5Ui1kX.s 			page 14


 736 007e 38       		.uleb128 0x38
 737 007f 0B       		.uleb128 0xb
 738 0080 00       		.byte	0
 739 0081 00       		.byte	0
 740 0082 0B       		.uleb128 0xb
 741 0083 0D       		.uleb128 0xd
 742 0084 00       		.byte	0
 743 0085 03       		.uleb128 0x3
 744 0086 0E       		.uleb128 0xe
 745 0087 3A       		.uleb128 0x3a
 746 0088 0B       		.uleb128 0xb
 747 0089 3B       		.uleb128 0x3b
 748 008a 0B       		.uleb128 0xb
 749 008b 49       		.uleb128 0x49
 750 008c 13       		.uleb128 0x13
 751 008d 38       		.uleb128 0x38
 752 008e 0B       		.uleb128 0xb
 753 008f 00       		.byte	0
 754 0090 00       		.byte	0
 755 0091 0C       		.uleb128 0xc
 756 0092 2E       		.uleb128 0x2e
 757 0093 01       		.byte	0x1
 758 0094 3F       		.uleb128 0x3f
 759 0095 19       		.uleb128 0x19
 760 0096 03       		.uleb128 0x3
 761 0097 0E       		.uleb128 0xe
 762 0098 3A       		.uleb128 0x3a
 763 0099 0B       		.uleb128 0xb
 764 009a 3B       		.uleb128 0x3b
 765 009b 0B       		.uleb128 0xb
 766 009c 27       		.uleb128 0x27
 767 009d 19       		.uleb128 0x19
 768 009e 49       		.uleb128 0x49
 769 009f 13       		.uleb128 0x13
 770 00a0 20       		.uleb128 0x20
 771 00a1 0B       		.uleb128 0xb
 772 00a2 01       		.uleb128 0x1
 773 00a3 13       		.uleb128 0x13
 774 00a4 00       		.byte	0
 775 00a5 00       		.byte	0
 776 00a6 0D       		.uleb128 0xd
 777 00a7 05       		.uleb128 0x5
 778 00a8 00       		.byte	0
 779 00a9 03       		.uleb128 0x3
 780 00aa 0E       		.uleb128 0xe
 781 00ab 3A       		.uleb128 0x3a
 782 00ac 0B       		.uleb128 0xb
 783 00ad 3B       		.uleb128 0x3b
 784 00ae 0B       		.uleb128 0xb
 785 00af 49       		.uleb128 0x49
 786 00b0 13       		.uleb128 0x13
 787 00b1 00       		.byte	0
 788 00b2 00       		.byte	0
 789 00b3 0E       		.uleb128 0xe
 790 00b4 05       		.uleb128 0x5
 791 00b5 00       		.byte	0
 792 00b6 03       		.uleb128 0x3
ARM GAS  /tmp/cc5Ui1kX.s 			page 15


 793 00b7 08       		.uleb128 0x8
 794 00b8 3A       		.uleb128 0x3a
 795 00b9 0B       		.uleb128 0xb
 796 00ba 3B       		.uleb128 0x3b
 797 00bb 0B       		.uleb128 0xb
 798 00bc 49       		.uleb128 0x49
 799 00bd 13       		.uleb128 0x13
 800 00be 00       		.byte	0
 801 00bf 00       		.byte	0
 802 00c0 0F       		.uleb128 0xf
 803 00c1 34       		.uleb128 0x34
 804 00c2 00       		.byte	0
 805 00c3 03       		.uleb128 0x3
 806 00c4 08       		.uleb128 0x8
 807 00c5 3A       		.uleb128 0x3a
 808 00c6 0B       		.uleb128 0xb
 809 00c7 3B       		.uleb128 0x3b
 810 00c8 0B       		.uleb128 0xb
 811 00c9 49       		.uleb128 0x49
 812 00ca 13       		.uleb128 0x13
 813 00cb 00       		.byte	0
 814 00cc 00       		.byte	0
 815 00cd 10       		.uleb128 0x10
 816 00ce 2E       		.uleb128 0x2e
 817 00cf 01       		.byte	0x1
 818 00d0 3F       		.uleb128 0x3f
 819 00d1 19       		.uleb128 0x19
 820 00d2 03       		.uleb128 0x3
 821 00d3 0E       		.uleb128 0xe
 822 00d4 3A       		.uleb128 0x3a
 823 00d5 0B       		.uleb128 0xb
 824 00d6 3B       		.uleb128 0x3b
 825 00d7 0B       		.uleb128 0xb
 826 00d8 27       		.uleb128 0x27
 827 00d9 19       		.uleb128 0x19
 828 00da 11       		.uleb128 0x11
 829 00db 01       		.uleb128 0x1
 830 00dc 12       		.uleb128 0x12
 831 00dd 06       		.uleb128 0x6
 832 00de 40       		.uleb128 0x40
 833 00df 18       		.uleb128 0x18
 834 00e0 9742     		.uleb128 0x2117
 835 00e2 19       		.uleb128 0x19
 836 00e3 01       		.uleb128 0x1
 837 00e4 13       		.uleb128 0x13
 838 00e5 00       		.byte	0
 839 00e6 00       		.byte	0
 840 00e7 11       		.uleb128 0x11
 841 00e8 898201   		.uleb128 0x4109
 842 00eb 00       		.byte	0
 843 00ec 11       		.uleb128 0x11
 844 00ed 01       		.uleb128 0x1
 845 00ee 31       		.uleb128 0x31
 846 00ef 13       		.uleb128 0x13
 847 00f0 00       		.byte	0
 848 00f1 00       		.byte	0
 849 00f2 12       		.uleb128 0x12
ARM GAS  /tmp/cc5Ui1kX.s 			page 16


 850 00f3 898201   		.uleb128 0x4109
 851 00f6 00       		.byte	0
 852 00f7 11       		.uleb128 0x11
 853 00f8 01       		.uleb128 0x1
 854 00f9 9542     		.uleb128 0x2115
 855 00fb 19       		.uleb128 0x19
 856 00fc 31       		.uleb128 0x31
 857 00fd 13       		.uleb128 0x13
 858 00fe 00       		.byte	0
 859 00ff 00       		.byte	0
 860 0100 13       		.uleb128 0x13
 861 0101 2E       		.uleb128 0x2e
 862 0102 01       		.byte	0x1
 863 0103 31       		.uleb128 0x31
 864 0104 13       		.uleb128 0x13
 865 0105 11       		.uleb128 0x11
 866 0106 01       		.uleb128 0x1
 867 0107 12       		.uleb128 0x12
 868 0108 06       		.uleb128 0x6
 869 0109 40       		.uleb128 0x40
 870 010a 18       		.uleb128 0x18
 871 010b 9742     		.uleb128 0x2117
 872 010d 19       		.uleb128 0x19
 873 010e 01       		.uleb128 0x1
 874 010f 13       		.uleb128 0x13
 875 0110 00       		.byte	0
 876 0111 00       		.byte	0
 877 0112 14       		.uleb128 0x14
 878 0113 05       		.uleb128 0x5
 879 0114 00       		.byte	0
 880 0115 31       		.uleb128 0x31
 881 0116 13       		.uleb128 0x13
 882 0117 02       		.uleb128 0x2
 883 0118 17       		.uleb128 0x17
 884 0119 00       		.byte	0
 885 011a 00       		.byte	0
 886 011b 15       		.uleb128 0x15
 887 011c 05       		.uleb128 0x5
 888 011d 00       		.byte	0
 889 011e 31       		.uleb128 0x31
 890 011f 13       		.uleb128 0x13
 891 0120 02       		.uleb128 0x2
 892 0121 18       		.uleb128 0x18
 893 0122 00       		.byte	0
 894 0123 00       		.byte	0
 895 0124 16       		.uleb128 0x16
 896 0125 34       		.uleb128 0x34
 897 0126 00       		.byte	0
 898 0127 31       		.uleb128 0x31
 899 0128 13       		.uleb128 0x13
 900 0129 02       		.uleb128 0x2
 901 012a 18       		.uleb128 0x18
 902 012b 00       		.byte	0
 903 012c 00       		.byte	0
 904 012d 17       		.uleb128 0x17
 905 012e 05       		.uleb128 0x5
 906 012f 00       		.byte	0
ARM GAS  /tmp/cc5Ui1kX.s 			page 17


 907 0130 03       		.uleb128 0x3
 908 0131 0E       		.uleb128 0xe
 909 0132 3A       		.uleb128 0x3a
 910 0133 0B       		.uleb128 0xb
 911 0134 3B       		.uleb128 0x3b
 912 0135 0B       		.uleb128 0xb
 913 0136 49       		.uleb128 0x49
 914 0137 13       		.uleb128 0x13
 915 0138 02       		.uleb128 0x2
 916 0139 17       		.uleb128 0x17
 917 013a 00       		.byte	0
 918 013b 00       		.byte	0
 919 013c 18       		.uleb128 0x18
 920 013d 34       		.uleb128 0x34
 921 013e 00       		.byte	0
 922 013f 03       		.uleb128 0x3
 923 0140 0E       		.uleb128 0xe
 924 0141 3A       		.uleb128 0x3a
 925 0142 0B       		.uleb128 0xb
 926 0143 3B       		.uleb128 0x3b
 927 0144 0B       		.uleb128 0xb
 928 0145 49       		.uleb128 0x49
 929 0146 13       		.uleb128 0x13
 930 0147 02       		.uleb128 0x2
 931 0148 18       		.uleb128 0x18
 932 0149 00       		.byte	0
 933 014a 00       		.byte	0
 934 014b 19       		.uleb128 0x19
 935 014c 1D       		.uleb128 0x1d
 936 014d 01       		.byte	0x1
 937 014e 31       		.uleb128 0x31
 938 014f 13       		.uleb128 0x13
 939 0150 52       		.uleb128 0x52
 940 0151 01       		.uleb128 0x1
 941 0152 55       		.uleb128 0x55
 942 0153 17       		.uleb128 0x17
 943 0154 58       		.uleb128 0x58
 944 0155 0B       		.uleb128 0xb
 945 0156 59       		.uleb128 0x59
 946 0157 0B       		.uleb128 0xb
 947 0158 00       		.byte	0
 948 0159 00       		.byte	0
 949 015a 1A       		.uleb128 0x1a
 950 015b 0B       		.uleb128 0xb
 951 015c 01       		.byte	0x1
 952 015d 55       		.uleb128 0x55
 953 015e 17       		.uleb128 0x17
 954 015f 00       		.byte	0
 955 0160 00       		.byte	0
 956 0161 1B       		.uleb128 0x1b
 957 0162 34       		.uleb128 0x34
 958 0163 00       		.byte	0
 959 0164 03       		.uleb128 0x3
 960 0165 0E       		.uleb128 0xe
 961 0166 3A       		.uleb128 0x3a
 962 0167 0B       		.uleb128 0xb
 963 0168 3B       		.uleb128 0x3b
ARM GAS  /tmp/cc5Ui1kX.s 			page 18


 964 0169 05       		.uleb128 0x5
 965 016a 49       		.uleb128 0x49
 966 016b 13       		.uleb128 0x13
 967 016c 3F       		.uleb128 0x3f
 968 016d 19       		.uleb128 0x19
 969 016e 3C       		.uleb128 0x3c
 970 016f 19       		.uleb128 0x19
 971 0170 00       		.byte	0
 972 0171 00       		.byte	0
 973 0172 1C       		.uleb128 0x1c
 974 0173 26       		.uleb128 0x26
 975 0174 00       		.byte	0
 976 0175 49       		.uleb128 0x49
 977 0176 13       		.uleb128 0x13
 978 0177 00       		.byte	0
 979 0178 00       		.byte	0
 980 0179 1D       		.uleb128 0x1d
 981 017a 2E       		.uleb128 0x2e
 982 017b 00       		.byte	0
 983 017c 3F       		.uleb128 0x3f
 984 017d 19       		.uleb128 0x19
 985 017e 03       		.uleb128 0x3
 986 017f 0E       		.uleb128 0xe
 987 0180 3A       		.uleb128 0x3a
 988 0181 0B       		.uleb128 0xb
 989 0182 3B       		.uleb128 0x3b
 990 0183 0B       		.uleb128 0xb
 991 0184 27       		.uleb128 0x27
 992 0185 19       		.uleb128 0x19
 993 0186 3C       		.uleb128 0x3c
 994 0187 19       		.uleb128 0x19
 995 0188 00       		.byte	0
 996 0189 00       		.byte	0
 997 018a 1E       		.uleb128 0x1e
 998 018b 2E       		.uleb128 0x2e
 999 018c 01       		.byte	0x1
 1000 018d 3F       		.uleb128 0x3f
 1001 018e 19       		.uleb128 0x19
 1002 018f 03       		.uleb128 0x3
 1003 0190 0E       		.uleb128 0xe
 1004 0191 3A       		.uleb128 0x3a
 1005 0192 0B       		.uleb128 0xb
 1006 0193 3B       		.uleb128 0x3b
 1007 0194 05       		.uleb128 0x5
 1008 0195 27       		.uleb128 0x27
 1009 0196 19       		.uleb128 0x19
 1010 0197 3C       		.uleb128 0x3c
 1011 0198 19       		.uleb128 0x19
 1012 0199 01       		.uleb128 0x1
 1013 019a 13       		.uleb128 0x13
 1014 019b 00       		.byte	0
 1015 019c 00       		.byte	0
 1016 019d 1F       		.uleb128 0x1f
 1017 019e 05       		.uleb128 0x5
 1018 019f 00       		.byte	0
 1019 01a0 49       		.uleb128 0x49
 1020 01a1 13       		.uleb128 0x13
ARM GAS  /tmp/cc5Ui1kX.s 			page 19


 1021 01a2 00       		.byte	0
 1022 01a3 00       		.byte	0
 1023 01a4 20       		.uleb128 0x20
 1024 01a5 0F       		.uleb128 0xf
 1025 01a6 00       		.byte	0
 1026 01a7 0B       		.uleb128 0xb
 1027 01a8 0B       		.uleb128 0xb
 1028 01a9 49       		.uleb128 0x49
 1029 01aa 13       		.uleb128 0x13
 1030 01ab 00       		.byte	0
 1031 01ac 00       		.byte	0
 1032 01ad 21       		.uleb128 0x21
 1033 01ae 2E       		.uleb128 0x2e
 1034 01af 00       		.byte	0
 1035 01b0 3F       		.uleb128 0x3f
 1036 01b1 19       		.uleb128 0x19
 1037 01b2 03       		.uleb128 0x3
 1038 01b3 0E       		.uleb128 0xe
 1039 01b4 3A       		.uleb128 0x3a
 1040 01b5 0B       		.uleb128 0xb
 1041 01b6 3B       		.uleb128 0x3b
 1042 01b7 05       		.uleb128 0x5
 1043 01b8 27       		.uleb128 0x27
 1044 01b9 19       		.uleb128 0x19
 1045 01ba 3C       		.uleb128 0x3c
 1046 01bb 19       		.uleb128 0x19
 1047 01bc 00       		.byte	0
 1048 01bd 00       		.byte	0
 1049 01be 00       		.byte	0
 1050              		.section	.debug_loc,"",%progbits
 1051              	.Ldebug_loc0:
 1052              	.LLST0:
 1053 0000 00000000 		.4byte	.LVL7
 1054 0004 22000000 		.4byte	.LVL9
 1055 0008 0100     		.2byte	0x1
 1056 000a 50       		.byte	0x50
 1057 000b 22000000 		.4byte	.LVL9
 1058 000f 24000000 		.4byte	.LVL10
 1059 0013 0400     		.2byte	0x4
 1060 0015 F3       		.byte	0xf3
 1061 0016 01       		.uleb128 0x1
 1062 0017 50       		.byte	0x50
 1063 0018 9F       		.byte	0x9f
 1064 0019 24000000 		.4byte	.LVL10
 1065 001d 2A000000 		.4byte	.LVL11
 1066 0021 0100     		.2byte	0x1
 1067 0023 50       		.byte	0x50
 1068 0024 2A000000 		.4byte	.LVL11
 1069 0028 34000000 		.4byte	.LFE57
 1070 002c 0100     		.2byte	0x1
 1071 002e 52       		.byte	0x52
 1072 002f 00000000 		.4byte	0
 1073 0033 00000000 		.4byte	0
 1074              	.LLST1:
 1075 0037 00000000 		.4byte	.LVL12
 1076 003b 0E000000 		.4byte	.LVL14
 1077 003f 0100     		.2byte	0x1
ARM GAS  /tmp/cc5Ui1kX.s 			page 20


 1078 0041 50       		.byte	0x50
 1079 0042 0E000000 		.4byte	.LVL14
 1080 0046 42000000 		.4byte	.LFE58
 1081 004a 0400     		.2byte	0x4
 1082 004c F3       		.byte	0xf3
 1083 004d 01       		.uleb128 0x1
 1084 004e 50       		.byte	0x50
 1085 004f 9F       		.byte	0x9f
 1086 0050 00000000 		.4byte	0
 1087 0054 00000000 		.4byte	0
 1088              		.section	.debug_aranges,"",%progbits
 1089 0000 2C000000 		.4byte	0x2c
 1090 0004 0200     		.2byte	0x2
 1091 0006 00000000 		.4byte	.Ldebug_info0
 1092 000a 04       		.byte	0x4
 1093 000b 00       		.byte	0
 1094 000c 0000     		.2byte	0
 1095 000e 0000     		.2byte	0
 1096 0010 00000000 		.4byte	.LFB56
 1097 0014 2A000000 		.4byte	.LFE56-.LFB56
 1098 0018 00000000 		.4byte	.LFB57
 1099 001c 34000000 		.4byte	.LFE57-.LFB57
 1100 0020 00000000 		.4byte	.LFB58
 1101 0024 42000000 		.4byte	.LFE58-.LFB58
 1102 0028 00000000 		.4byte	0
 1103 002c 00000000 		.4byte	0
 1104              		.section	.debug_ranges,"",%progbits
 1105              	.Ldebug_ranges0:
 1106 0000 0E000000 		.4byte	.LBB4
 1107 0004 22000000 		.4byte	.LBE4
 1108 0008 2C000000 		.4byte	.LBB7
 1109 000c 3C000000 		.4byte	.LBE7
 1110 0010 00000000 		.4byte	0
 1111 0014 00000000 		.4byte	0
 1112 0018 00000000 		.4byte	.LFB56
 1113 001c 2A000000 		.4byte	.LFE56
 1114 0020 00000000 		.4byte	.LFB57
 1115 0024 34000000 		.4byte	.LFE57
 1116 0028 00000000 		.4byte	.LFB58
 1117 002c 42000000 		.4byte	.LFE58
 1118 0030 00000000 		.4byte	0
 1119 0034 00000000 		.4byte	0
 1120              		.section	.debug_line,"",%progbits
 1121              	.Ldebug_line0:
 1122 0000 12020000 		.section	.debug_str,"MS",%progbits,1
 1122      02009A01 
 1122      00000201 
 1122      FB0E0D00 
 1122      01010101 
 1123              	.LASF36:
 1124 0000 68616C50 		.ascii	"halPolledDelay\000"
 1124      6F6C6C65 
 1124      6444656C 
 1124      617900
 1125              	.LASF50:
 1126 000f 7469636B 		.ascii	"ticks\000"
 1126      7300
ARM GAS  /tmp/cc5Ui1kX.s 			page 21


 1127              	.LASF31:
 1128 0015 50444461 		.ascii	"PDData\000"
 1128      746100
 1129              	.LASF51:
 1130 001c 5F70616C 		.ascii	"_pal_lld_init\000"
 1130      5F6C6C64 
 1130      5F696E69 
 1130      7400
 1131              	.LASF6:
 1132 002a 5F5F696E 		.ascii	"__int32_t\000"
 1132      7433325F 
 1132      7400
 1133              	.LASF34:
 1134 0034 73746172 		.ascii	"start\000"
 1134      7400
 1135              	.LASF0:
 1136 003a 756E7369 		.ascii	"unsigned int\000"
 1136      676E6564 
 1136      20696E74 
 1136      00
 1137              	.LASF13:
 1138 0047 626F6F6C 		.ascii	"bool_t\000"
 1138      5F7400
 1139              	.LASF42:
 1140 004e 65787449 		.ascii	"extInit\000"
 1140      6E697400 
 1141              	.LASF20:
 1142 0056 45584343 		.ascii	"EXCCNT\000"
 1142      4E5400
 1143              	.LASF21:
 1144 005d 534C4545 		.ascii	"SLEEPCNT\000"
 1144      50434E54 
 1144      00
 1145              	.LASF15:
 1146 0066 494F5245 		.ascii	"IOREG32\000"
 1146      47333200 
 1147              	.LASF43:
 1148 006e 73706949 		.ascii	"spiInit\000"
 1148      6E697400 
 1149              	.LASF35:
 1150 0076 68616C49 		.ascii	"halInit\000"
 1150      6E697400 
 1151              	.LASF32:
 1152 007e 50454461 		.ascii	"PEData\000"
 1152      746100
 1153              	.LASF2:
 1154 0085 756E7369 		.ascii	"unsigned char\000"
 1154      676E6564 
 1154      20636861 
 1154      7200
 1155              	.LASF27:
 1156 0093 73746D33 		.ascii	"stm32_gpio_setup_t\000"
 1156      325F6770 
 1156      696F5F73 
 1156      65747570 
 1156      5F7400
 1157              	.LASF28:
ARM GAS  /tmp/cc5Ui1kX.s 			page 22


 1158 00a6 50414461 		.ascii	"PAData\000"
 1158      746100
 1159              	.LASF41:
 1160 00ad 746D496E 		.ascii	"tmInit\000"
 1160      697400
 1161              	.LASF8:
 1162 00b4 6C6F6E67 		.ascii	"long unsigned int\000"
 1162      20756E73 
 1162      69676E65 
 1162      6420696E 
 1162      7400
 1163              	.LASF4:
 1164 00c6 73686F72 		.ascii	"short unsigned int\000"
 1164      7420756E 
 1164      7369676E 
 1164      65642069 
 1164      6E7400
 1165              	.LASF19:
 1166 00d9 43504943 		.ascii	"CPICNT\000"
 1166      4E5400
 1167              	.LASF38:
 1168 00e0 49544D5F 		.ascii	"ITM_RxBuffer\000"
 1168      52784275 
 1168      66666572 
 1168      00
 1169              	.LASF23:
 1170 00ed 464F4C44 		.ascii	"FOLDCNT\000"
 1170      434E5400 
 1171              	.LASF33:
 1172 00f5 50414C43 		.ascii	"PALConfig\000"
 1172      6F6E6669 
 1172      6700
 1173              	.LASF39:
 1174 00ff 70616C5F 		.ascii	"pal_default_config\000"
 1174      64656661 
 1174      756C745F 
 1174      636F6E66 
 1174      696700
 1175              	.LASF7:
 1176 0112 5F5F7569 		.ascii	"__uint32_t\000"
 1176      6E743332 
 1176      5F7400
 1177              	.LASF22:
 1178 011d 4C535543 		.ascii	"LSUCNT\000"
 1178      4E5400
 1179              	.LASF18:
 1180 0124 43594343 		.ascii	"CYCCNT\000"
 1180      4E5400
 1181              	.LASF29:
 1182 012b 50424461 		.ascii	"PBData\000"
 1182      746100
 1183              	.LASF26:
 1184 0132 68616C72 		.ascii	"halrtcnt_t\000"
 1184      74636E74 
 1184      5F7400
 1185              	.LASF44:
 1186 013d 75617274 		.ascii	"uartInit\000"
ARM GAS  /tmp/cc5Ui1kX.s 			page 23


 1186      496E6974 
 1186      00
 1187              	.LASF45:
 1188 0146 626F6172 		.ascii	"boardInit\000"
 1188      64496E69 
 1188      7400
 1189              	.LASF17:
 1190 0150 4354524C 		.ascii	"CTRL\000"
 1190      00
 1191              	.LASF49:
 1192 0155 68616C49 		.ascii	"halIsCounterWithin\000"
 1192      73436F75 
 1192      6E746572 
 1192      57697468 
 1192      696E00
 1193              	.LASF11:
 1194 0168 696E7433 		.ascii	"int32_t\000"
 1194      325F7400 
 1195              	.LASF16:
 1196 0170 73697A65 		.ascii	"sizetype\000"
 1196      74797065 
 1196      00
 1197              	.LASF47:
 1198 0179 2E2E2F6F 		.ascii	"../os/hal/src/hal.c\000"
 1198      732F6861 
 1198      6C2F7372 
 1198      632F6861 
 1198      6C2E6300 
 1199              	.LASF9:
 1200 018d 6C6F6E67 		.ascii	"long long int\000"
 1200      206C6F6E 
 1200      6720696E 
 1200      7400
 1201              	.LASF37:
 1202 019b 74696D65 		.ascii	"timeout\000"
 1202      6F757400 
 1203              	.LASF24:
 1204 01a3 50435352 		.ascii	"PCSR\000"
 1204      00
 1205              	.LASF48:
 1206 01a8 2F686F6D 		.ascii	"/home/dltech/gdrive/Projects/RFM_to_Modbus_TCP/Chib"
 1206      652F646C 
 1206      74656368 
 1206      2F676472 
 1206      6976652F 
 1207 01db 694F532F 		.ascii	"iOS/F103_ChibiOS_ENC60J28/main\000"
 1207      46313033 
 1207      5F436869 
 1207      62694F53 
 1207      5F454E43 
 1208              	.LASF40:
 1209 01fa 68616C5F 		.ascii	"hal_lld_init\000"
 1209      6C6C645F 
 1209      696E6974 
 1209      00
 1210              	.LASF3:
 1211 0207 73686F72 		.ascii	"short int\000"
ARM GAS  /tmp/cc5Ui1kX.s 			page 24


 1211      7420696E 
 1211      7400
 1212              	.LASF30:
 1213 0211 50434461 		.ascii	"PCData\000"
 1213      746100
 1214              	.LASF25:
 1215 0218 434D785F 		.ascii	"CMx_DWT\000"
 1215      44575400 
 1216              	.LASF12:
 1217 0220 75696E74 		.ascii	"uint32_t\000"
 1217      33325F74 
 1217      00
 1218              	.LASF5:
 1219 0229 6C6F6E67 		.ascii	"long int\000"
 1219      20696E74 
 1219      00
 1220              	.LASF46:
 1221 0232 474E5520 		.ascii	"GNU C 4.8.2 -mcpu=cortex-m3 -mno-thumb-interwork -m"
 1221      4320342E 
 1221      382E3220 
 1221      2D6D6370 
 1221      753D636F 
 1222 0265 7468756D 		.ascii	"thumb -ggdb -O2 -fomit-frame-pointer -falign-functi"
 1222      62202D67 
 1222      67646220 
 1222      2D4F3220 
 1222      2D666F6D 
 1223 0298 6F6E733D 		.ascii	"ons=16 -ffunction-sections -fdata-sections -fno-com"
 1223      3136202D 
 1223      6666756E 
 1223      6374696F 
 1223      6E2D7365 
 1224 02cb 6D6F6E20 		.ascii	"mon -fno-strict-aliasing\000"
 1224      2D666E6F 
 1224      2D737472 
 1224      6963742D 
 1224      616C6961 
 1225              	.LASF1:
 1226 02e4 7369676E 		.ascii	"signed char\000"
 1226      65642063 
 1226      68617200 
 1227              	.LASF14:
 1228 02f0 5F426F6F 		.ascii	"_Bool\000"
 1228      6C00
 1229              	.LASF10:
 1230 02f6 6C6F6E67 		.ascii	"long long unsigned int\000"
 1230      206C6F6E 
 1230      6720756E 
 1230      7369676E 
 1230      65642069 
 1231              		.ident	"GCC: (4.8.2-14ubuntu1+6) 4.8.2"
ARM GAS  /tmp/cc5Ui1kX.s 			page 25


DEFINED SYMBOLS
                            *ABS*:0000000000000000 hal.c
     /tmp/cc5Ui1kX.s:19     .text.halInit:0000000000000000 $t
     /tmp/cc5Ui1kX.s:25     .text.halInit:0000000000000000 halInit
     /tmp/cc5Ui1kX.s:65     .text.halIsCounterWithin:0000000000000000 $t
     /tmp/cc5Ui1kX.s:71     .text.halIsCounterWithin:0000000000000000 halIsCounterWithin
     /tmp/cc5Ui1kX.s:119    .text.halPolledDelay:0000000000000000 $t
     /tmp/cc5Ui1kX.s:125    .text.halPolledDelay:0000000000000000 halPolledDelay
                     .debug_frame:0000000000000010 $d

UNDEFINED SYMBOLS
hal_lld_init
tmInit
pal_default_config
_pal_lld_init
extInit
spiInit
uartInit
boardInit
