ARM GAS  /tmp/cc7uqQHO.s 			page 1


   1              		.syntax unified
   2              		.cpu cortex-m3
   3              		.fpu softvfp
   4              		.eabi_attribute 20, 1
   5              		.eabi_attribute 21, 1
   6              		.eabi_attribute 23, 3
   7              		.eabi_attribute 24, 1
   8              		.eabi_attribute 25, 1
   9              		.eabi_attribute 26, 1
  10              		.eabi_attribute 30, 2
  11              		.eabi_attribute 34, 1
  12              		.eabi_attribute 18, 4
  13              		.thumb
  14              		.file	"hal_lld.c"
  15              		.text
  16              	.Ltext0:
  17              		.cfi_sections	.debug_frame
  18              		.section	.text.hal_lld_init,"ax",%progbits
  19              		.align	2
  20              		.p2align 4,,15
  21              		.global	hal_lld_init
  22              		.thumb
  23              		.thumb_func
  24              		.type	hal_lld_init, %function
  25              	hal_lld_init:
  26              	.LFB57:
  27              		.file 1 "../os/hal/platforms/STM32F1xx/hal_lld.c"
  28              		.loc 1 99 0
  29              		.cfi_startproc
  30              		@ args = 0, pretend = 0, frame = 0
  31              		@ frame_needed = 0, uses_anonymous_args = 0
  32              		@ link register save eliminated.
  33 0000 F0B4     		push	{r4, r5, r6, r7}
  34              		.cfi_def_cfa_offset 16
  35              		.cfi_offset 4, -16
  36              		.cfi_offset 5, -12
  37              		.cfi_offset 6, -8
  38              		.cfi_offset 7, -4
  39              		.loc 1 102 0
  40 0002 4FF48053 		mov	r3, #4096
  41 0006 C4F20203 		movt	r3, 16386
  42 000a 0021     		movs	r1, #0
  43 000c 4FF0FF34 		mov	r4, #-1
  44              		.loc 1 106 0
  45 0010 4EF21002 		movw	r2, #57360
  46              		.loc 1 102 0
  47 0014 1869     		ldr	r0, [r3, #16]
  48              		.loc 1 106 0
  49 0016 CEF20002 		movt	r2, 57344
  50              		.loc 1 102 0
  51 001a 1C61     		str	r4, [r3, #16]
  52              		.loc 1 106 0
  53 001c 45F6BF56 		movw	r6, #23999
  54              		.loc 1 102 0
  55 0020 1961     		str	r1, [r3, #16]
  56              		.loc 1 108 0
  57 0022 0725     		movs	r5, #7
ARM GAS  /tmp/cc7uqQHO.s 			page 2


  58              		.loc 1 113 0
  59 0024 4EF6F050 		movw	r0, #60912
  60              		.loc 1 103 0
  61 0028 DF68     		ldr	r7, [r3, #12]
  62              		.loc 1 113 0
  63 002a CEF20000 		movt	r0, 57344
  64              		.loc 1 103 0
  65 002e DC60     		str	r4, [r3, #12]
  66 0030 D960     		str	r1, [r3, #12]
  67              		.loc 1 106 0
  68 0032 5660     		str	r6, [r2, #4]
  69              		.loc 1 107 0
  70 0034 9160     		str	r1, [r2, #8]
  71              		.loc 1 108 0
  72 0036 1560     		str	r5, [r2]
  73              		.loc 1 113 0
  74 0038 C268     		ldr	r2, [r0, #12]
  75              		.loc 1 114 0
  76 003a 4FF48051 		mov	r1, #4096
  77              		.loc 1 113 0
  78 003e 42F08072 		orr	r2, r2, #16777216
  79 0042 C260     		str	r2, [r0, #12]
  80              		.loc 1 114 0
  81 0044 CEF20001 		movt	r1, 57344
  82 0048 0868     		ldr	r0, [r1]
  83              	.LBB4:
  84              	.LBB5:
  85              		.loc 1 52 0
  86 004a 4FF4E042 		mov	r2, #28672
  87              	.LBE5:
  88              	.LBE4:
  89              		.loc 1 114 0
  90 004e 40F00100 		orr	r0, r0, #1
  91 0052 0860     		str	r0, [r1]
  92              		.loc 1 117 0
  93 0054 D969     		ldr	r1, [r3, #28]
  94              	.LBB8:
  95              	.LBB6:
  96              		.loc 1 52 0
  97 0056 C4F20002 		movt	r2, 16384
  98              	.LBE6:
  99              	.LBE8:
 100              		.loc 1 117 0
 101 005a 41F08051 		orr	r1, r1, #268435456
 102 005e D961     		str	r1, [r3, #28]
 103              		.loc 1 118 0
 104 0060 D969     		ldr	r1, [r3, #28]
 105 0062 41F00061 		orr	r1, r1, #134217728
 106 0066 D961     		str	r1, [r3, #28]
 107              	.LBB9:
 108              	.LBB7:
 109              		.loc 1 52 0
 110 0068 1368     		ldr	r3, [r2]
 111 006a 43F48073 		orr	r3, r3, #256
 112 006e 1360     		str	r3, [r2]
 113              	.LBE7:
 114              	.LBE9:
ARM GAS  /tmp/cc7uqQHO.s 			page 3


 115              		.loc 1 131 0
 116 0070 F0BC     		pop	{r4, r5, r6, r7}
 117              		.loc 1 124 0
 118 0072 FFF7FEBF 		b	dmaInit
 119              	.LVL0:
 120              		.cfi_endproc
 121              	.LFE57:
 122              		.size	hal_lld_init, .-hal_lld_init
 123 0076 00BFAFF3 		.section	.text.stm32_clock_init,"ax",%progbits
 123      0080AFF3 
 123      0080
 124              		.align	2
 125              		.p2align 4,,15
 126              		.global	stm32_clock_init
 127              		.thumb
 128              		.thumb_func
 129              		.type	stm32_clock_init, %function
 130              	stm32_clock_init:
 131              	.LFB58:
 132              		.loc 1 147 0
 133              		.cfi_startproc
 134              		@ args = 0, pretend = 0, frame = 0
 135              		@ frame_needed = 0, uses_anonymous_args = 0
 136              		@ link register save eliminated.
 137              		.loc 1 152 0
 138 0000 4FF48053 		mov	r3, #4096
 139 0004 C4F20203 		movt	r3, 16386
 140 0008 1A68     		ldr	r2, [r3]
 141              		.loc 1 153 0
 142 000a 1946     		mov	r1, r3
 143              		.loc 1 152 0
 144 000c 42F00102 		orr	r2, r2, #1
 145 0010 1A60     		str	r2, [r3]
 146              	.L4:
 147              		.loc 1 153 0 discriminator 1
 148 0012 0A68     		ldr	r2, [r1]
 149 0014 4FF48053 		mov	r3, #4096
 150 0018 9207     		lsls	r2, r2, #30
 151 001a C4F20203 		movt	r3, 16386
 152 001e F8D5     		bpl	.L4
 153              		.loc 1 159 0
 154 0020 5A68     		ldr	r2, [r3, #4]
 155              		.loc 1 161 0
 156 0022 1946     		mov	r1, r3
 157              		.loc 1 159 0
 158 0024 22F00302 		bic	r2, r2, #3
 159 0028 5A60     		str	r2, [r3, #4]
 160              		.loc 1 160 0
 161 002a 5A68     		ldr	r2, [r3, #4]
 162 002c 5A60     		str	r2, [r3, #4]
 163              	.L6:
 164              		.loc 1 161 0 discriminator 1
 165 002e 4B68     		ldr	r3, [r1, #4]
 166 0030 4FF48052 		mov	r2, #4096
 167 0034 13F00C03 		ands	r3, r3, #12
 168 0038 C4F20202 		movt	r2, 16386
 169 003c F7D1     		bne	.L6
ARM GAS  /tmp/cc7uqQHO.s 			page 4


 170              		.loc 1 165 0
 171 003e 1068     		ldr	r0, [r2]
 172              		.loc 1 175 0
 173 0040 1146     		mov	r1, r2
 174              		.loc 1 165 0
 175 0042 00F0F900 		and	r0, r0, #249
 176 0046 1060     		str	r0, [r2]
 177              		.loc 1 166 0
 178 0048 5360     		str	r3, [r2, #4]
 179              		.loc 1 174 0
 180 004a 1368     		ldr	r3, [r2]
 181 004c 43F48033 		orr	r3, r3, #65536
 182 0050 1360     		str	r3, [r2]
 183              	.L8:
 184              		.loc 1 175 0 discriminator 1
 185 0052 0A68     		ldr	r2, [r1]
 186 0054 4FF48053 		mov	r3, #4096
 187 0058 9003     		lsls	r0, r2, #14
 188 005a C4F20203 		movt	r3, 16386
 189 005e F8D5     		bpl	.L8
 190              		.loc 1 188 0
 191 0060 5A68     		ldr	r2, [r3, #4]
 192              		.loc 1 190 0
 193 0062 1946     		mov	r1, r3
 194              		.loc 1 188 0
 195 0064 42F4A022 		orr	r2, r2, #327680
 196 0068 5A60     		str	r2, [r3, #4]
 197              		.loc 1 189 0
 198 006a 1A68     		ldr	r2, [r3]
 199 006c 42F08072 		orr	r2, r2, #16777216
 200 0070 1A60     		str	r2, [r3]
 201              	.L10:
 202              		.loc 1 190 0 discriminator 1
 203 0072 0A68     		ldr	r2, [r1]
 204 0074 4FF48053 		mov	r3, #4096
 205 0078 9201     		lsls	r2, r2, #6
 206 007a C4F20203 		movt	r3, 16386
 207 007e F8D5     		bpl	.L10
 208              		.loc 1 196 0
 209 0080 4FF40441 		mov	r1, #33792
 210              		.loc 1 206 0
 211 0084 4FF40052 		mov	r2, #8192
 212              		.loc 1 196 0
 213 0088 C0F20501 		movt	r1, 5
 214              		.loc 1 206 0
 215 008c C4F20202 		movt	r2, 16386
 216 0090 1020     		movs	r0, #16
 217              		.loc 1 196 0
 218 0092 5960     		str	r1, [r3, #4]
 219              		.loc 1 206 0
 220 0094 1060     		str	r0, [r2]
 221              		.loc 1 211 0
 222 0096 5968     		ldr	r1, [r3, #4]
 223              		.loc 1 212 0
 224 0098 1A46     		mov	r2, r3
 225              		.loc 1 211 0
 226 009a 41F00201 		orr	r1, r1, #2
ARM GAS  /tmp/cc7uqQHO.s 			page 5


 227 009e 5960     		str	r1, [r3, #4]
 228              	.L12:
 229              		.loc 1 212 0 discriminator 1
 230 00a0 5368     		ldr	r3, [r2, #4]
 231 00a2 03F00C03 		and	r3, r3, #12
 232 00a6 082B     		cmp	r3, #8
 233 00a8 FAD1     		bne	.L12
 234              		.loc 1 220 0
 235 00aa 7047     		bx	lr
 236              		.cfi_endproc
 237              	.LFE58:
 238              		.size	stm32_clock_init, .-stm32_clock_init
 239 00ac AFF30080 		.text
 240              	.Letext0:
 241              		.file 2 "/usr/include/newlib/machine/_default_types.h"
 242              		.file 3 "/usr/include/newlib/stdint.h"
 243              		.file 4 "../os/ports/common/ARMCMx/nvic.h"
 244              		.file 5 "../os/ports/common/ARMCMx/CMSIS/include/core_cm3.h"
 245              		.file 6 "../os/hal/platforms/STM32F1xx/stm32f10x.h"
 246              		.file 7 "../os/hal/platforms/STM32F1xx/stm32_dma.h"
 247              		.section	.debug_info,"",%progbits
 248              	.Ldebug_info0:
 249 0000 87030000 		.4byte	0x387
 250 0004 0400     		.2byte	0x4
 251 0006 00000000 		.4byte	.Ldebug_abbrev0
 252 000a 04       		.byte	0x4
 253 000b 01       		.uleb128 0x1
 254 000c 34010000 		.4byte	.LASF49
 255 0010 01       		.byte	0x1
 256 0011 A4000000 		.4byte	.LASF50
 257 0015 5D020000 		.4byte	.LASF51
 258 0019 20000000 		.4byte	.Ldebug_ranges0+0x20
 259 001d 00000000 		.4byte	0
 260 0021 00000000 		.4byte	.Ldebug_line0
 261 0025 02       		.uleb128 0x2
 262 0026 04       		.byte	0x4
 263 0027 05       		.byte	0x5
 264 0028 696E7400 		.ascii	"int\000"
 265 002c 03       		.uleb128 0x3
 266 002d 04       		.byte	0x4
 267 002e 07       		.byte	0x7
 268 002f 1A020000 		.4byte	.LASF0
 269 0033 03       		.uleb128 0x3
 270 0034 01       		.byte	0x1
 271 0035 06       		.byte	0x6
 272 0036 EE010000 		.4byte	.LASF1
 273 003a 03       		.uleb128 0x3
 274 003b 01       		.byte	0x1
 275 003c 08       		.byte	0x8
 276 003d 26010000 		.4byte	.LASF2
 277 0041 03       		.uleb128 0x3
 278 0042 02       		.byte	0x2
 279 0043 05       		.byte	0x5
 280 0044 0F000000 		.4byte	.LASF3
 281 0048 04       		.uleb128 0x4
 282 0049 53000000 		.4byte	.LASF5
 283 004d 02       		.byte	0x2
ARM GAS  /tmp/cc7uqQHO.s 			page 6


 284 004e 26       		.byte	0x26
 285 004f 53000000 		.4byte	0x53
 286 0053 03       		.uleb128 0x3
 287 0054 02       		.byte	0x2
 288 0055 07       		.byte	0x7
 289 0056 4A020000 		.4byte	.LASF4
 290 005a 04       		.uleb128 0x4
 291 005b 00030000 		.4byte	.LASF6
 292 005f 02       		.byte	0x2
 293 0060 37       		.byte	0x37
 294 0061 65000000 		.4byte	0x65
 295 0065 03       		.uleb128 0x3
 296 0066 04       		.byte	0x4
 297 0067 05       		.byte	0x5
 298 0068 F5000000 		.4byte	.LASF7
 299 006c 04       		.uleb128 0x4
 300 006d 40000000 		.4byte	.LASF8
 301 0071 02       		.byte	0x2
 302 0072 38       		.byte	0x38
 303 0073 77000000 		.4byte	0x77
 304 0077 03       		.uleb128 0x3
 305 0078 04       		.byte	0x4
 306 0079 07       		.byte	0x7
 307 007a D4020000 		.4byte	.LASF9
 308 007e 03       		.uleb128 0x3
 309 007f 08       		.byte	0x8
 310 0080 05       		.byte	0x5
 311 0081 D4000000 		.4byte	.LASF10
 312 0085 03       		.uleb128 0x3
 313 0086 08       		.byte	0x8
 314 0087 07       		.byte	0x7
 315 0088 FA010000 		.4byte	.LASF11
 316 008c 04       		.uleb128 0x4
 317 008d 27020000 		.4byte	.LASF12
 318 0091 03       		.byte	0x3
 319 0092 36       		.byte	0x36
 320 0093 48000000 		.4byte	0x48
 321 0097 04       		.uleb128 0x4
 322 0098 B7020000 		.4byte	.LASF13
 323 009c 03       		.byte	0x3
 324 009d 41       		.byte	0x41
 325 009e 5A000000 		.4byte	0x5a
 326 00a2 04       		.uleb128 0x4
 327 00a3 11020000 		.4byte	.LASF14
 328 00a7 03       		.byte	0x3
 329 00a8 42       		.byte	0x42
 330 00a9 6C000000 		.4byte	0x6c
 331 00ad 03       		.uleb128 0x3
 332 00ae 01       		.byte	0x1
 333 00af 02       		.byte	0x2
 334 00b0 BF020000 		.4byte	.LASF15
 335 00b4 04       		.uleb128 0x4
 336 00b5 9C000000 		.4byte	.LASF16
 337 00b9 04       		.byte	0x4
 338 00ba 3A       		.byte	0x3a
 339 00bb BF000000 		.4byte	0xbf
 340 00bf 05       		.uleb128 0x5
ARM GAS  /tmp/cc7uqQHO.s 			page 7


 341 00c0 A2000000 		.4byte	0xa2
 342 00c4 03       		.uleb128 0x3
 343 00c5 04       		.byte	0x4
 344 00c6 07       		.byte	0x7
 345 00c7 19000000 		.4byte	.LASF17
 346 00cb 06       		.uleb128 0x6
 347 00cc 10       		.byte	0x10
 348 00cd 04       		.byte	0x4
 349 00ce F1       		.byte	0xf1
 350 00cf 04010000 		.4byte	0x104
 351 00d3 07       		.uleb128 0x7
 352 00d4 EF000000 		.4byte	.LASF18
 353 00d8 04       		.byte	0x4
 354 00d9 F2       		.byte	0xf2
 355 00da B4000000 		.4byte	0xb4
 356 00de 00       		.byte	0
 357 00df 07       		.uleb128 0x7
 358 00e0 75000000 		.4byte	.LASF19
 359 00e4 04       		.byte	0x4
 360 00e5 F3       		.byte	0xf3
 361 00e6 B4000000 		.4byte	0xb4
 362 00ea 04       		.byte	0x4
 363 00eb 07       		.uleb128 0x7
 364 00ec 96000000 		.4byte	.LASF20
 365 00f0 04       		.byte	0x4
 366 00f1 F4       		.byte	0xf4
 367 00f2 B4000000 		.4byte	0xb4
 368 00f6 08       		.byte	0x8
 369 00f7 07       		.uleb128 0x7
 370 00f8 09000000 		.4byte	.LASF21
 371 00fc 04       		.byte	0x4
 372 00fd F5       		.byte	0xf5
 373 00fe B4000000 		.4byte	0xb4
 374 0102 0C       		.byte	0xc
 375 0103 00       		.byte	0
 376 0104 04       		.uleb128 0x4
 377 0105 AF020000 		.4byte	.LASF22
 378 0109 04       		.byte	0x4
 379 010a F6       		.byte	0xf6
 380 010b CB000000 		.4byte	0xcb
 381 010f 08       		.uleb128 0x8
 382 0110 20       		.byte	0x20
 383 0111 04       		.byte	0x4
 384 0112 0601     		.2byte	0x106
 385 0114 81010000 		.4byte	0x181
 386 0118 09       		.uleb128 0x9
 387 0119 5E000000 		.4byte	.LASF23
 388 011d 04       		.byte	0x4
 389 011e 0701     		.2byte	0x107
 390 0120 B4000000 		.4byte	0xb4
 391 0124 00       		.byte	0
 392 0125 09       		.uleb128 0x9
 393 0126 E2000000 		.4byte	.LASF24
 394 012a 04       		.byte	0x4
 395 012b 0801     		.2byte	0x108
 396 012d B4000000 		.4byte	0xb4
 397 0131 04       		.byte	0x4
ARM GAS  /tmp/cc7uqQHO.s 			page 8


 398 0132 09       		.uleb128 0x9
 399 0133 CD020000 		.4byte	.LASF25
 400 0137 04       		.byte	0x4
 401 0138 0901     		.2byte	0x109
 402 013a B4000000 		.4byte	0xb4
 403 013e 08       		.byte	0x8
 404 013f 09       		.uleb128 0x9
 405 0140 1F010000 		.4byte	.LASF26
 406 0144 04       		.byte	0x4
 407 0145 0A01     		.2byte	0x10a
 408 0147 B4000000 		.4byte	0xb4
 409 014b 0C       		.byte	0xc
 410 014c 09       		.uleb128 0x9
 411 014d E6020000 		.4byte	.LASF27
 412 0151 04       		.byte	0x4
 413 0152 0B01     		.2byte	0x10b
 414 0154 B4000000 		.4byte	0xb4
 415 0158 10       		.byte	0x10
 416 0159 09       		.uleb128 0x9
 417 015a 0A030000 		.4byte	.LASF28
 418 015e 04       		.byte	0x4
 419 015f 0C01     		.2byte	0x10c
 420 0161 B4000000 		.4byte	0xb4
 421 0165 14       		.byte	0x14
 422 0166 09       		.uleb128 0x9
 423 0167 2C000000 		.4byte	.LASF29
 424 016b 04       		.byte	0x4
 425 016c 0D01     		.2byte	0x10d
 426 016e B4000000 		.4byte	0xb4
 427 0172 18       		.byte	0x18
 428 0173 09       		.uleb128 0x9
 429 0174 27000000 		.4byte	.LASF30
 430 0178 04       		.byte	0x4
 431 0179 0E01     		.2byte	0x10e
 432 017b B4000000 		.4byte	0xb4
 433 017f 1C       		.byte	0x1c
 434 0180 00       		.byte	0
 435 0181 0A       		.uleb128 0xa
 436 0182 4B000000 		.4byte	.LASF31
 437 0186 04       		.byte	0x4
 438 0187 0F01     		.2byte	0x10f
 439 0189 0F010000 		.4byte	0x10f
 440 018d 0B       		.uleb128 0xb
 441 018e BF000000 		.4byte	0xbf
 442 0192 08       		.uleb128 0x8
 443 0193 10       		.byte	0x10
 444 0194 05       		.byte	0x5
 445 0195 3F02     		.2byte	0x23f
 446 0197 D0010000 		.4byte	0x1d0
 447 019b 09       		.uleb128 0x9
 448 019c 5E000000 		.4byte	.LASF23
 449 01a0 05       		.byte	0x5
 450 01a1 4102     		.2byte	0x241
 451 01a3 BF000000 		.4byte	0xbf
 452 01a7 00       		.byte	0
 453 01a8 09       		.uleb128 0x9
 454 01a9 11030000 		.4byte	.LASF32
ARM GAS  /tmp/cc7uqQHO.s 			page 9


 455 01ad 05       		.byte	0x5
 456 01ae 4202     		.2byte	0x242
 457 01b0 BF000000 		.4byte	0xbf
 458 01b4 04       		.byte	0x4
 459 01b5 0C       		.uleb128 0xc
 460 01b6 56414C00 		.ascii	"VAL\000"
 461 01ba 05       		.byte	0x5
 462 01bb 4302     		.2byte	0x243
 463 01bd BF000000 		.4byte	0xbf
 464 01c1 08       		.byte	0x8
 465 01c2 09       		.uleb128 0x9
 466 01c3 E9000000 		.4byte	.LASF33
 467 01c7 05       		.byte	0x5
 468 01c8 4402     		.2byte	0x244
 469 01ca 8D010000 		.4byte	0x18d
 470 01ce 0C       		.byte	0xc
 471 01cf 00       		.byte	0
 472 01d0 0A       		.uleb128 0xa
 473 01d1 3D020000 		.4byte	.LASF34
 474 01d5 05       		.byte	0x5
 475 01d6 4502     		.2byte	0x245
 476 01d8 92010000 		.4byte	0x192
 477 01dc 05       		.uleb128 0x5
 478 01dd 97000000 		.4byte	0x97
 479 01e1 08       		.uleb128 0x8
 480 01e2 24       		.byte	0x24
 481 01e3 06       		.byte	0x6
 482 01e4 9403     		.2byte	0x394
 483 01e6 5D020000 		.4byte	0x25d
 484 01ea 0C       		.uleb128 0xc
 485 01eb 41435200 		.ascii	"ACR\000"
 486 01ef 06       		.byte	0x6
 487 01f0 9603     		.2byte	0x396
 488 01f2 BF000000 		.4byte	0xbf
 489 01f6 00       		.byte	0
 490 01f7 09       		.uleb128 0x9
 491 01f8 63000000 		.4byte	.LASF35
 492 01fc 06       		.byte	0x6
 493 01fd 9703     		.2byte	0x397
 494 01ff BF000000 		.4byte	0xbf
 495 0203 04       		.byte	0x4
 496 0204 09       		.uleb128 0x9
 497 0205 CC000000 		.4byte	.LASF36
 498 0209 06       		.byte	0x6
 499 020a 9803     		.2byte	0x398
 500 020c BF000000 		.4byte	0xbf
 501 0210 08       		.byte	0x8
 502 0211 0C       		.uleb128 0xc
 503 0212 535200   		.ascii	"SR\000"
 504 0215 06       		.byte	0x6
 505 0216 9903     		.2byte	0x399
 506 0218 BF000000 		.4byte	0xbf
 507 021c 0C       		.byte	0xc
 508 021d 0C       		.uleb128 0xc
 509 021e 435200   		.ascii	"CR\000"
 510 0221 06       		.byte	0x6
 511 0222 9A03     		.2byte	0x39a
ARM GAS  /tmp/cc7uqQHO.s 			page 10


 512 0224 BF000000 		.4byte	0xbf
 513 0228 10       		.byte	0x10
 514 0229 0C       		.uleb128 0xc
 515 022a 415200   		.ascii	"AR\000"
 516 022d 06       		.byte	0x6
 517 022e 9B03     		.2byte	0x39b
 518 0230 BF000000 		.4byte	0xbf
 519 0234 14       		.byte	0x14
 520 0235 09       		.uleb128 0x9
 521 0236 16030000 		.4byte	.LASF37
 522 023a 06       		.byte	0x6
 523 023b 9C03     		.2byte	0x39c
 524 023d BF000000 		.4byte	0xbf
 525 0241 18       		.byte	0x18
 526 0242 0C       		.uleb128 0xc
 527 0243 4F425200 		.ascii	"OBR\000"
 528 0247 06       		.byte	0x6
 529 0248 9D03     		.2byte	0x39d
 530 024a BF000000 		.4byte	0xbf
 531 024e 1C       		.byte	0x1c
 532 024f 09       		.uleb128 0x9
 533 0250 1A010000 		.4byte	.LASF38
 534 0254 06       		.byte	0x6
 535 0255 9E03     		.2byte	0x39e
 536 0257 BF000000 		.4byte	0xbf
 537 025b 20       		.byte	0x20
 538 025c 00       		.byte	0
 539 025d 0A       		.uleb128 0xa
 540 025e 1F030000 		.4byte	.LASF39
 541 0262 06       		.byte	0x6
 542 0263 A703     		.2byte	0x3a7
 543 0265 E1010000 		.4byte	0x1e1
 544 0269 08       		.uleb128 0x8
 545 026a 08       		.byte	0x8
 546 026b 06       		.byte	0x6
 547 026c 3904     		.2byte	0x439
 548 026e 8C020000 		.4byte	0x28c
 549 0272 0C       		.uleb128 0xc
 550 0273 435200   		.ascii	"CR\000"
 551 0276 06       		.byte	0x6
 552 0277 3B04     		.2byte	0x43b
 553 0279 BF000000 		.4byte	0xbf
 554 027d 00       		.byte	0
 555 027e 0C       		.uleb128 0xc
 556 027f 43535200 		.ascii	"CSR\000"
 557 0283 06       		.byte	0x6
 558 0284 3C04     		.2byte	0x43c
 559 0286 BF000000 		.4byte	0xbf
 560 028a 04       		.byte	0x4
 561 028b 00       		.byte	0
 562 028c 0A       		.uleb128 0xa
 563 028d 34000000 		.4byte	.LASF40
 564 0291 06       		.byte	0x6
 565 0292 3D04     		.2byte	0x43d
 566 0294 69020000 		.4byte	0x269
 567 0298 08       		.uleb128 0x8
 568 0299 28       		.byte	0x28
ARM GAS  /tmp/cc7uqQHO.s 			page 11


 569 029a 06       		.byte	0x6
 570 029b 4304     		.2byte	0x443
 571 029d 23030000 		.4byte	0x323
 572 02a1 0C       		.uleb128 0xc
 573 02a2 435200   		.ascii	"CR\000"
 574 02a5 06       		.byte	0x6
 575 02a6 4504     		.2byte	0x445
 576 02a8 BF000000 		.4byte	0xbf
 577 02ac 00       		.byte	0
 578 02ad 09       		.uleb128 0x9
 579 02ae 68000000 		.4byte	.LASF41
 580 02b2 06       		.byte	0x6
 581 02b3 4604     		.2byte	0x446
 582 02b5 BF000000 		.4byte	0xbf
 583 02b9 04       		.byte	0x4
 584 02ba 0C       		.uleb128 0xc
 585 02bb 43495200 		.ascii	"CIR\000"
 586 02bf 06       		.byte	0x6
 587 02c0 4704     		.2byte	0x447
 588 02c2 BF000000 		.4byte	0xbf
 589 02c6 08       		.byte	0x8
 590 02c7 09       		.uleb128 0x9
 591 02c8 11010000 		.4byte	.LASF42
 592 02cc 06       		.byte	0x6
 593 02cd 4804     		.2byte	0x448
 594 02cf BF000000 		.4byte	0xbf
 595 02d3 0C       		.byte	0xc
 596 02d4 09       		.uleb128 0x9
 597 02d5 00000000 		.4byte	.LASF43
 598 02d9 06       		.byte	0x6
 599 02da 4904     		.2byte	0x449
 600 02dc BF000000 		.4byte	0xbf
 601 02e0 10       		.byte	0x10
 602 02e1 09       		.uleb128 0x9
 603 02e2 0A010000 		.4byte	.LASF44
 604 02e6 06       		.byte	0x6
 605 02e7 4A04     		.2byte	0x44a
 606 02e9 BF000000 		.4byte	0xbf
 607 02ed 14       		.byte	0x14
 608 02ee 09       		.uleb128 0x9
 609 02ef E6010000 		.4byte	.LASF45
 610 02f3 06       		.byte	0x6
 611 02f4 4B04     		.2byte	0x44b
 612 02f6 BF000000 		.4byte	0xbf
 613 02fa 18       		.byte	0x18
 614 02fb 09       		.uleb128 0x9
 615 02fc 6D000000 		.4byte	.LASF46
 616 0300 06       		.byte	0x6
 617 0301 4C04     		.2byte	0x44c
 618 0303 BF000000 		.4byte	0xbf
 619 0307 1C       		.byte	0x1c
 620 0308 09       		.uleb128 0x9
 621 0309 22000000 		.4byte	.LASF47
 622 030d 06       		.byte	0x6
 623 030e 4D04     		.2byte	0x44d
 624 0310 BF000000 		.4byte	0xbf
 625 0314 20       		.byte	0x20
ARM GAS  /tmp/cc7uqQHO.s 			page 12


 626 0315 0C       		.uleb128 0xc
 627 0316 43535200 		.ascii	"CSR\000"
 628 031a 06       		.byte	0x6
 629 031b 4E04     		.2byte	0x44e
 630 031d BF000000 		.4byte	0xbf
 631 0321 24       		.byte	0x24
 632 0322 00       		.byte	0
 633 0323 0A       		.uleb128 0xa
 634 0324 FE000000 		.4byte	.LASF48
 635 0328 06       		.byte	0x6
 636 0329 5904     		.2byte	0x459
 637 032b 98020000 		.4byte	0x298
 638 032f 0D       		.uleb128 0xd
 639 0330 7B000000 		.4byte	.LASF52
 640 0334 01       		.byte	0x1
 641 0335 31       		.byte	0x31
 642 0336 01       		.byte	0x1
 643 0337 0E       		.uleb128 0xe
 644 0338 30020000 		.4byte	.LASF53
 645 033c 01       		.byte	0x1
 646 033d 63       		.byte	0x63
 647 033e 00000000 		.4byte	.LFB57
 648 0342 76000000 		.4byte	.LFE57-.LFB57
 649 0346 01       		.uleb128 0x1
 650 0347 9C       		.byte	0x9c
 651 0348 65030000 		.4byte	0x365
 652 034c 0F       		.uleb128 0xf
 653 034d 2F030000 		.4byte	0x32f
 654 0351 4A000000 		.4byte	.LBB4
 655 0355 00000000 		.4byte	.Ldebug_ranges0+0
 656 0359 01       		.byte	0x1
 657 035a 79       		.byte	0x79
 658 035b 10       		.uleb128 0x10
 659 035c 76000000 		.4byte	.LVL0
 660 0360 82030000 		.4byte	0x382
 661 0364 00       		.byte	0
 662 0365 11       		.uleb128 0x11
 663 0366 EF020000 		.4byte	.LASF54
 664 036a 01       		.byte	0x1
 665 036b 93       		.byte	0x93
 666 036c 00000000 		.4byte	.LFB58
 667 0370 AC000000 		.4byte	.LFE58-.LFB58
 668 0374 01       		.uleb128 0x1
 669 0375 9C       		.byte	0x9c
 670 0376 12       		.uleb128 0x12
 671 0377 2D030000 		.4byte	.LASF55
 672 037b 05       		.byte	0x5
 673 037c 0706     		.2byte	0x607
 674 037e DC010000 		.4byte	0x1dc
 675 0382 13       		.uleb128 0x13
 676 0383 C5020000 		.4byte	.LASF56
 677 0387 07       		.byte	0x7
 678 0388 8A01     		.2byte	0x18a
 679 038a 00       		.byte	0
 680              		.section	.debug_abbrev,"",%progbits
 681              	.Ldebug_abbrev0:
 682 0000 01       		.uleb128 0x1
ARM GAS  /tmp/cc7uqQHO.s 			page 13


 683 0001 11       		.uleb128 0x11
 684 0002 01       		.byte	0x1
 685 0003 25       		.uleb128 0x25
 686 0004 0E       		.uleb128 0xe
 687 0005 13       		.uleb128 0x13
 688 0006 0B       		.uleb128 0xb
 689 0007 03       		.uleb128 0x3
 690 0008 0E       		.uleb128 0xe
 691 0009 1B       		.uleb128 0x1b
 692 000a 0E       		.uleb128 0xe
 693 000b 55       		.uleb128 0x55
 694 000c 17       		.uleb128 0x17
 695 000d 11       		.uleb128 0x11
 696 000e 01       		.uleb128 0x1
 697 000f 10       		.uleb128 0x10
 698 0010 17       		.uleb128 0x17
 699 0011 00       		.byte	0
 700 0012 00       		.byte	0
 701 0013 02       		.uleb128 0x2
 702 0014 24       		.uleb128 0x24
 703 0015 00       		.byte	0
 704 0016 0B       		.uleb128 0xb
 705 0017 0B       		.uleb128 0xb
 706 0018 3E       		.uleb128 0x3e
 707 0019 0B       		.uleb128 0xb
 708 001a 03       		.uleb128 0x3
 709 001b 08       		.uleb128 0x8
 710 001c 00       		.byte	0
 711 001d 00       		.byte	0
 712 001e 03       		.uleb128 0x3
 713 001f 24       		.uleb128 0x24
 714 0020 00       		.byte	0
 715 0021 0B       		.uleb128 0xb
 716 0022 0B       		.uleb128 0xb
 717 0023 3E       		.uleb128 0x3e
 718 0024 0B       		.uleb128 0xb
 719 0025 03       		.uleb128 0x3
 720 0026 0E       		.uleb128 0xe
 721 0027 00       		.byte	0
 722 0028 00       		.byte	0
 723 0029 04       		.uleb128 0x4
 724 002a 16       		.uleb128 0x16
 725 002b 00       		.byte	0
 726 002c 03       		.uleb128 0x3
 727 002d 0E       		.uleb128 0xe
 728 002e 3A       		.uleb128 0x3a
 729 002f 0B       		.uleb128 0xb
 730 0030 3B       		.uleb128 0x3b
 731 0031 0B       		.uleb128 0xb
 732 0032 49       		.uleb128 0x49
 733 0033 13       		.uleb128 0x13
 734 0034 00       		.byte	0
 735 0035 00       		.byte	0
 736 0036 05       		.uleb128 0x5
 737 0037 35       		.uleb128 0x35
 738 0038 00       		.byte	0
 739 0039 49       		.uleb128 0x49
ARM GAS  /tmp/cc7uqQHO.s 			page 14


 740 003a 13       		.uleb128 0x13
 741 003b 00       		.byte	0
 742 003c 00       		.byte	0
 743 003d 06       		.uleb128 0x6
 744 003e 13       		.uleb128 0x13
 745 003f 01       		.byte	0x1
 746 0040 0B       		.uleb128 0xb
 747 0041 0B       		.uleb128 0xb
 748 0042 3A       		.uleb128 0x3a
 749 0043 0B       		.uleb128 0xb
 750 0044 3B       		.uleb128 0x3b
 751 0045 0B       		.uleb128 0xb
 752 0046 01       		.uleb128 0x1
 753 0047 13       		.uleb128 0x13
 754 0048 00       		.byte	0
 755 0049 00       		.byte	0
 756 004a 07       		.uleb128 0x7
 757 004b 0D       		.uleb128 0xd
 758 004c 00       		.byte	0
 759 004d 03       		.uleb128 0x3
 760 004e 0E       		.uleb128 0xe
 761 004f 3A       		.uleb128 0x3a
 762 0050 0B       		.uleb128 0xb
 763 0051 3B       		.uleb128 0x3b
 764 0052 0B       		.uleb128 0xb
 765 0053 49       		.uleb128 0x49
 766 0054 13       		.uleb128 0x13
 767 0055 38       		.uleb128 0x38
 768 0056 0B       		.uleb128 0xb
 769 0057 00       		.byte	0
 770 0058 00       		.byte	0
 771 0059 08       		.uleb128 0x8
 772 005a 13       		.uleb128 0x13
 773 005b 01       		.byte	0x1
 774 005c 0B       		.uleb128 0xb
 775 005d 0B       		.uleb128 0xb
 776 005e 3A       		.uleb128 0x3a
 777 005f 0B       		.uleb128 0xb
 778 0060 3B       		.uleb128 0x3b
 779 0061 05       		.uleb128 0x5
 780 0062 01       		.uleb128 0x1
 781 0063 13       		.uleb128 0x13
 782 0064 00       		.byte	0
 783 0065 00       		.byte	0
 784 0066 09       		.uleb128 0x9
 785 0067 0D       		.uleb128 0xd
 786 0068 00       		.byte	0
 787 0069 03       		.uleb128 0x3
 788 006a 0E       		.uleb128 0xe
 789 006b 3A       		.uleb128 0x3a
 790 006c 0B       		.uleb128 0xb
 791 006d 3B       		.uleb128 0x3b
 792 006e 05       		.uleb128 0x5
 793 006f 49       		.uleb128 0x49
 794 0070 13       		.uleb128 0x13
 795 0071 38       		.uleb128 0x38
 796 0072 0B       		.uleb128 0xb
ARM GAS  /tmp/cc7uqQHO.s 			page 15


 797 0073 00       		.byte	0
 798 0074 00       		.byte	0
 799 0075 0A       		.uleb128 0xa
 800 0076 16       		.uleb128 0x16
 801 0077 00       		.byte	0
 802 0078 03       		.uleb128 0x3
 803 0079 0E       		.uleb128 0xe
 804 007a 3A       		.uleb128 0x3a
 805 007b 0B       		.uleb128 0xb
 806 007c 3B       		.uleb128 0x3b
 807 007d 05       		.uleb128 0x5
 808 007e 49       		.uleb128 0x49
 809 007f 13       		.uleb128 0x13
 810 0080 00       		.byte	0
 811 0081 00       		.byte	0
 812 0082 0B       		.uleb128 0xb
 813 0083 26       		.uleb128 0x26
 814 0084 00       		.byte	0
 815 0085 49       		.uleb128 0x49
 816 0086 13       		.uleb128 0x13
 817 0087 00       		.byte	0
 818 0088 00       		.byte	0
 819 0089 0C       		.uleb128 0xc
 820 008a 0D       		.uleb128 0xd
 821 008b 00       		.byte	0
 822 008c 03       		.uleb128 0x3
 823 008d 08       		.uleb128 0x8
 824 008e 3A       		.uleb128 0x3a
 825 008f 0B       		.uleb128 0xb
 826 0090 3B       		.uleb128 0x3b
 827 0091 05       		.uleb128 0x5
 828 0092 49       		.uleb128 0x49
 829 0093 13       		.uleb128 0x13
 830 0094 38       		.uleb128 0x38
 831 0095 0B       		.uleb128 0xb
 832 0096 00       		.byte	0
 833 0097 00       		.byte	0
 834 0098 0D       		.uleb128 0xd
 835 0099 2E       		.uleb128 0x2e
 836 009a 00       		.byte	0
 837 009b 03       		.uleb128 0x3
 838 009c 0E       		.uleb128 0xe
 839 009d 3A       		.uleb128 0x3a
 840 009e 0B       		.uleb128 0xb
 841 009f 3B       		.uleb128 0x3b
 842 00a0 0B       		.uleb128 0xb
 843 00a1 27       		.uleb128 0x27
 844 00a2 19       		.uleb128 0x19
 845 00a3 20       		.uleb128 0x20
 846 00a4 0B       		.uleb128 0xb
 847 00a5 00       		.byte	0
 848 00a6 00       		.byte	0
 849 00a7 0E       		.uleb128 0xe
 850 00a8 2E       		.uleb128 0x2e
 851 00a9 01       		.byte	0x1
 852 00aa 3F       		.uleb128 0x3f
 853 00ab 19       		.uleb128 0x19
ARM GAS  /tmp/cc7uqQHO.s 			page 16


 854 00ac 03       		.uleb128 0x3
 855 00ad 0E       		.uleb128 0xe
 856 00ae 3A       		.uleb128 0x3a
 857 00af 0B       		.uleb128 0xb
 858 00b0 3B       		.uleb128 0x3b
 859 00b1 0B       		.uleb128 0xb
 860 00b2 27       		.uleb128 0x27
 861 00b3 19       		.uleb128 0x19
 862 00b4 11       		.uleb128 0x11
 863 00b5 01       		.uleb128 0x1
 864 00b6 12       		.uleb128 0x12
 865 00b7 06       		.uleb128 0x6
 866 00b8 40       		.uleb128 0x40
 867 00b9 18       		.uleb128 0x18
 868 00ba 9742     		.uleb128 0x2117
 869 00bc 19       		.uleb128 0x19
 870 00bd 01       		.uleb128 0x1
 871 00be 13       		.uleb128 0x13
 872 00bf 00       		.byte	0
 873 00c0 00       		.byte	0
 874 00c1 0F       		.uleb128 0xf
 875 00c2 1D       		.uleb128 0x1d
 876 00c3 00       		.byte	0
 877 00c4 31       		.uleb128 0x31
 878 00c5 13       		.uleb128 0x13
 879 00c6 52       		.uleb128 0x52
 880 00c7 01       		.uleb128 0x1
 881 00c8 55       		.uleb128 0x55
 882 00c9 17       		.uleb128 0x17
 883 00ca 58       		.uleb128 0x58
 884 00cb 0B       		.uleb128 0xb
 885 00cc 59       		.uleb128 0x59
 886 00cd 0B       		.uleb128 0xb
 887 00ce 00       		.byte	0
 888 00cf 00       		.byte	0
 889 00d0 10       		.uleb128 0x10
 890 00d1 898201   		.uleb128 0x4109
 891 00d4 00       		.byte	0
 892 00d5 11       		.uleb128 0x11
 893 00d6 01       		.uleb128 0x1
 894 00d7 9542     		.uleb128 0x2115
 895 00d9 19       		.uleb128 0x19
 896 00da 31       		.uleb128 0x31
 897 00db 13       		.uleb128 0x13
 898 00dc 00       		.byte	0
 899 00dd 00       		.byte	0
 900 00de 11       		.uleb128 0x11
 901 00df 2E       		.uleb128 0x2e
 902 00e0 00       		.byte	0
 903 00e1 3F       		.uleb128 0x3f
 904 00e2 19       		.uleb128 0x19
 905 00e3 03       		.uleb128 0x3
 906 00e4 0E       		.uleb128 0xe
 907 00e5 3A       		.uleb128 0x3a
 908 00e6 0B       		.uleb128 0xb
 909 00e7 3B       		.uleb128 0x3b
 910 00e8 0B       		.uleb128 0xb
ARM GAS  /tmp/cc7uqQHO.s 			page 17


 911 00e9 27       		.uleb128 0x27
 912 00ea 19       		.uleb128 0x19
 913 00eb 11       		.uleb128 0x11
 914 00ec 01       		.uleb128 0x1
 915 00ed 12       		.uleb128 0x12
 916 00ee 06       		.uleb128 0x6
 917 00ef 40       		.uleb128 0x40
 918 00f0 18       		.uleb128 0x18
 919 00f1 9742     		.uleb128 0x2117
 920 00f3 19       		.uleb128 0x19
 921 00f4 00       		.byte	0
 922 00f5 00       		.byte	0
 923 00f6 12       		.uleb128 0x12
 924 00f7 34       		.uleb128 0x34
 925 00f8 00       		.byte	0
 926 00f9 03       		.uleb128 0x3
 927 00fa 0E       		.uleb128 0xe
 928 00fb 3A       		.uleb128 0x3a
 929 00fc 0B       		.uleb128 0xb
 930 00fd 3B       		.uleb128 0x3b
 931 00fe 05       		.uleb128 0x5
 932 00ff 49       		.uleb128 0x49
 933 0100 13       		.uleb128 0x13
 934 0101 3F       		.uleb128 0x3f
 935 0102 19       		.uleb128 0x19
 936 0103 3C       		.uleb128 0x3c
 937 0104 19       		.uleb128 0x19
 938 0105 00       		.byte	0
 939 0106 00       		.byte	0
 940 0107 13       		.uleb128 0x13
 941 0108 2E       		.uleb128 0x2e
 942 0109 00       		.byte	0
 943 010a 3F       		.uleb128 0x3f
 944 010b 19       		.uleb128 0x19
 945 010c 03       		.uleb128 0x3
 946 010d 0E       		.uleb128 0xe
 947 010e 3A       		.uleb128 0x3a
 948 010f 0B       		.uleb128 0xb
 949 0110 3B       		.uleb128 0x3b
 950 0111 05       		.uleb128 0x5
 951 0112 27       		.uleb128 0x27
 952 0113 19       		.uleb128 0x19
 953 0114 3C       		.uleb128 0x3c
 954 0115 19       		.uleb128 0x19
 955 0116 00       		.byte	0
 956 0117 00       		.byte	0
 957 0118 00       		.byte	0
 958              		.section	.debug_aranges,"",%progbits
 959 0000 24000000 		.4byte	0x24
 960 0004 0200     		.2byte	0x2
 961 0006 00000000 		.4byte	.Ldebug_info0
 962 000a 04       		.byte	0x4
 963 000b 00       		.byte	0
 964 000c 0000     		.2byte	0
 965 000e 0000     		.2byte	0
 966 0010 00000000 		.4byte	.LFB57
 967 0014 76000000 		.4byte	.LFE57-.LFB57
ARM GAS  /tmp/cc7uqQHO.s 			page 18


 968 0018 00000000 		.4byte	.LFB58
 969 001c AC000000 		.4byte	.LFE58-.LFB58
 970 0020 00000000 		.4byte	0
 971 0024 00000000 		.4byte	0
 972              		.section	.debug_ranges,"",%progbits
 973              	.Ldebug_ranges0:
 974 0000 4A000000 		.4byte	.LBB4
 975 0004 4E000000 		.4byte	.LBE4
 976 0008 56000000 		.4byte	.LBB8
 977 000c 5A000000 		.4byte	.LBE8
 978 0010 68000000 		.4byte	.LBB9
 979 0014 70000000 		.4byte	.LBE9
 980 0018 00000000 		.4byte	0
 981 001c 00000000 		.4byte	0
 982 0020 00000000 		.4byte	.LFB57
 983 0024 76000000 		.4byte	.LFE57
 984 0028 00000000 		.4byte	.LFB58
 985 002c AC000000 		.4byte	.LFE58
 986 0030 00000000 		.4byte	0
 987 0034 00000000 		.4byte	0
 988              		.section	.debug_line,"",%progbits
 989              	.Ldebug_line0:
 990 0000 A3010000 		.section	.debug_str,"MS",%progbits,1
 990      02000601 
 990      00000201 
 990      FB0E0D00 
 990      01010101 
 991              	.LASF43:
 992 0000 41504231 		.ascii	"APB1RSTR\000"
 992      52535452 
 992      00
 993              	.LASF21:
 994 0009 44454D43 		.ascii	"DEMCR\000"
 994      5200
 995              	.LASF3:
 996 000f 73686F72 		.ascii	"short int\000"
 996      7420696E 
 996      7400
 997              	.LASF17:
 998 0019 73697A65 		.ascii	"sizetype\000"
 998      74797065 
 998      00
 999              	.LASF47:
 1000 0022 42444352 		.ascii	"BDCR\000"
 1000      00
 1001              	.LASF30:
 1002 0027 50435352 		.ascii	"PCSR\000"
 1002      00
 1003              	.LASF29:
 1004 002c 464F4C44 		.ascii	"FOLDCNT\000"
 1004      434E5400 
 1005              	.LASF40:
 1006 0034 5057525F 		.ascii	"PWR_TypeDef\000"
 1006      54797065 
 1006      44656600 
 1007              	.LASF8:
 1008 0040 5F5F7569 		.ascii	"__uint32_t\000"
ARM GAS  /tmp/cc7uqQHO.s 			page 19


 1008      6E743332 
 1008      5F7400
 1009              	.LASF31:
 1010 004b 434D785F 		.ascii	"CMx_DWT\000"
 1010      44575400 
 1011              	.LASF5:
 1012 0053 5F5F7569 		.ascii	"__uint16_t\000"
 1012      6E743136 
 1012      5F7400
 1013              	.LASF23:
 1014 005e 4354524C 		.ascii	"CTRL\000"
 1014      00
 1015              	.LASF35:
 1016 0063 4B455952 		.ascii	"KEYR\000"
 1016      00
 1017              	.LASF41:
 1018 0068 43464752 		.ascii	"CFGR\000"
 1018      00
 1019              	.LASF46:
 1020 006d 41504231 		.ascii	"APB1ENR\000"
 1020      454E5200 
 1021              	.LASF19:
 1022 0075 44435253 		.ascii	"DCRSR\000"
 1022      5200
 1023              	.LASF52:
 1024 007b 68616C5F 		.ascii	"hal_lld_backup_domain_init\000"
 1024      6C6C645F 
 1024      6261636B 
 1024      75705F64 
 1024      6F6D6169 
 1025              	.LASF20:
 1026 0096 44435244 		.ascii	"DCRDR\000"
 1026      5200
 1027              	.LASF16:
 1028 009c 494F5245 		.ascii	"IOREG32\000"
 1028      47333200 
 1029              	.LASF50:
 1030 00a4 2E2E2F6F 		.ascii	"../os/hal/platforms/STM32F1xx/hal_lld.c\000"
 1030      732F6861 
 1030      6C2F706C 
 1030      6174666F 
 1030      726D732F 
 1031              	.LASF36:
 1032 00cc 4F50544B 		.ascii	"OPTKEYR\000"
 1032      45595200 
 1033              	.LASF10:
 1034 00d4 6C6F6E67 		.ascii	"long long int\000"
 1034      206C6F6E 
 1034      6720696E 
 1034      7400
 1035              	.LASF24:
 1036 00e2 43594343 		.ascii	"CYCCNT\000"
 1036      4E5400
 1037              	.LASF33:
 1038 00e9 43414C49 		.ascii	"CALIB\000"
 1038      4200
 1039              	.LASF18:
ARM GAS  /tmp/cc7uqQHO.s 			page 20


 1040 00ef 44484353 		.ascii	"DHCSR\000"
 1040      5200
 1041              	.LASF7:
 1042 00f5 6C6F6E67 		.ascii	"long int\000"
 1042      20696E74 
 1042      00
 1043              	.LASF48:
 1044 00fe 5243435F 		.ascii	"RCC_TypeDef\000"
 1044      54797065 
 1044      44656600 
 1045              	.LASF44:
 1046 010a 41484245 		.ascii	"AHBENR\000"
 1046      4E5200
 1047              	.LASF42:
 1048 0111 41504232 		.ascii	"APB2RSTR\000"
 1048      52535452 
 1048      00
 1049              	.LASF38:
 1050 011a 57525052 		.ascii	"WRPR\000"
 1050      00
 1051              	.LASF26:
 1052 011f 45584343 		.ascii	"EXCCNT\000"
 1052      4E5400
 1053              	.LASF2:
 1054 0126 756E7369 		.ascii	"unsigned char\000"
 1054      676E6564 
 1054      20636861 
 1054      7200
 1055              	.LASF49:
 1056 0134 474E5520 		.ascii	"GNU C 4.8.2 -mcpu=cortex-m3 -mno-thumb-interwork -m"
 1056      4320342E 
 1056      382E3220 
 1056      2D6D6370 
 1056      753D636F 
 1057 0167 7468756D 		.ascii	"thumb -ggdb -O2 -fomit-frame-pointer -falign-functi"
 1057      62202D67 
 1057      67646220 
 1057      2D4F3220 
 1057      2D666F6D 
 1058 019a 6F6E733D 		.ascii	"ons=16 -ffunction-sections -fdata-sections -fno-com"
 1058      3136202D 
 1058      6666756E 
 1058      6374696F 
 1058      6E2D7365 
 1059 01cd 6D6F6E20 		.ascii	"mon -fno-strict-aliasing\000"
 1059      2D666E6F 
 1059      2D737472 
 1059      6963742D 
 1059      616C6961 
 1060              	.LASF45:
 1061 01e6 41504232 		.ascii	"APB2ENR\000"
 1061      454E5200 
 1062              	.LASF1:
 1063 01ee 7369676E 		.ascii	"signed char\000"
 1063      65642063 
 1063      68617200 
 1064              	.LASF11:
ARM GAS  /tmp/cc7uqQHO.s 			page 21


 1065 01fa 6C6F6E67 		.ascii	"long long unsigned int\000"
 1065      206C6F6E 
 1065      6720756E 
 1065      7369676E 
 1065      65642069 
 1066              	.LASF14:
 1067 0211 75696E74 		.ascii	"uint32_t\000"
 1067      33325F74 
 1067      00
 1068              	.LASF0:
 1069 021a 756E7369 		.ascii	"unsigned int\000"
 1069      676E6564 
 1069      20696E74 
 1069      00
 1070              	.LASF12:
 1071 0227 75696E74 		.ascii	"uint16_t\000"
 1071      31365F74 
 1071      00
 1072              	.LASF53:
 1073 0230 68616C5F 		.ascii	"hal_lld_init\000"
 1073      6C6C645F 
 1073      696E6974 
 1073      00
 1074              	.LASF34:
 1075 023d 53797354 		.ascii	"SysTick_Type\000"
 1075      69636B5F 
 1075      54797065 
 1075      00
 1076              	.LASF4:
 1077 024a 73686F72 		.ascii	"short unsigned int\000"
 1077      7420756E 
 1077      7369676E 
 1077      65642069 
 1077      6E7400
 1078              	.LASF51:
 1079 025d 2F686F6D 		.ascii	"/home/dltech/gdrive/Projects/RFM_to_Modbus_TCP/Chib"
 1079      652F646C 
 1079      74656368 
 1079      2F676472 
 1079      6976652F 
 1080 0290 694F532F 		.ascii	"iOS/F103_ChibiOS_ENC60J28/main\000"
 1080      46313033 
 1080      5F436869 
 1080      62694F53 
 1080      5F454E43 
 1081              	.LASF22:
 1082 02af 434D785F 		.ascii	"CMx_SCS\000"
 1082      53435300 
 1083              	.LASF13:
 1084 02b7 696E7433 		.ascii	"int32_t\000"
 1084      325F7400 
 1085              	.LASF15:
 1086 02bf 5F426F6F 		.ascii	"_Bool\000"
 1086      6C00
 1087              	.LASF56:
 1088 02c5 646D6149 		.ascii	"dmaInit\000"
 1088      6E697400 
ARM GAS  /tmp/cc7uqQHO.s 			page 22


 1089              	.LASF25:
 1090 02cd 43504943 		.ascii	"CPICNT\000"
 1090      4E5400
 1091              	.LASF9:
 1092 02d4 6C6F6E67 		.ascii	"long unsigned int\000"
 1092      20756E73 
 1092      69676E65 
 1092      6420696E 
 1092      7400
 1093              	.LASF27:
 1094 02e6 534C4545 		.ascii	"SLEEPCNT\000"
 1094      50434E54 
 1094      00
 1095              	.LASF54:
 1096 02ef 73746D33 		.ascii	"stm32_clock_init\000"
 1096      325F636C 
 1096      6F636B5F 
 1096      696E6974 
 1096      00
 1097              	.LASF6:
 1098 0300 5F5F696E 		.ascii	"__int32_t\000"
 1098      7433325F 
 1098      7400
 1099              	.LASF28:
 1100 030a 4C535543 		.ascii	"LSUCNT\000"
 1100      4E5400
 1101              	.LASF32:
 1102 0311 4C4F4144 		.ascii	"LOAD\000"
 1102      00
 1103              	.LASF37:
 1104 0316 52455345 		.ascii	"RESERVED\000"
 1104      52564544 
 1104      00
 1105              	.LASF39:
 1106 031f 464C4153 		.ascii	"FLASH_TypeDef\000"
 1106      485F5479 
 1106      70654465 
 1106      6600
 1107              	.LASF55:
 1108 032d 49544D5F 		.ascii	"ITM_RxBuffer\000"
 1108      52784275 
 1108      66666572 
 1108      00
 1109              		.ident	"GCC: (4.8.2-14ubuntu1+6) 4.8.2"
ARM GAS  /tmp/cc7uqQHO.s 			page 23


DEFINED SYMBOLS
                            *ABS*:0000000000000000 hal_lld.c
     /tmp/cc7uqQHO.s:19     .text.hal_lld_init:0000000000000000 $t
     /tmp/cc7uqQHO.s:25     .text.hal_lld_init:0000000000000000 hal_lld_init
     /tmp/cc7uqQHO.s:124    .text.stm32_clock_init:0000000000000000 $t
     /tmp/cc7uqQHO.s:130    .text.stm32_clock_init:0000000000000000 stm32_clock_init
                     .debug_frame:0000000000000010 $d

UNDEFINED SYMBOLS
dmaInit
