ARM GAS  /tmp/ccXQbk3K.s 			page 1


   1              		.syntax unified
   2              		.cpu cortex-m3
   3              		.fpu softvfp
   4              		.eabi_attribute 20, 1
   5              		.eabi_attribute 21, 1
   6              		.eabi_attribute 23, 3
   7              		.eabi_attribute 24, 1
   8              		.eabi_attribute 25, 1
   9              		.eabi_attribute 26, 1
  10              		.eabi_attribute 30, 2
  11              		.eabi_attribute 34, 1
  12              		.eabi_attribute 18, 4
  13              		.thumb
  14              		.file	"nvic.c"
  15              		.text
  16              	.Ltext0:
  17              		.cfi_sections	.debug_frame
  18              		.section	.text.nvicEnableVector,"ax",%progbits
  19              		.align	2
  20              		.p2align 4,,15
  21              		.global	nvicEnableVector
  22              		.thumb
  23              		.thumb_func
  24              		.type	nvicEnableVector, %function
  25              	nvicEnableVector:
  26              	.LFB0:
  27              		.file 1 "../os/ports/common/ARMCMx/nvic.c"
  28              		.loc 1 46 0
  29              		.cfi_startproc
  30              		@ args = 0, pretend = 0, frame = 0
  31              		@ frame_needed = 0, uses_anonymous_args = 0
  32              		@ link register save eliminated.
  33              	.LVL0:
  34              		.loc 1 47 0
  35 0000 00F00303 		and	r3, r0, #3
  36              		.loc 1 46 0
  37 0004 30B4     		push	{r4, r5}
  38              		.cfi_def_cfa_offset 8
  39              		.cfi_offset 4, -8
  40              		.cfi_offset 5, -4
  41              		.loc 1 47 0
  42 0006 DB00     		lsls	r3, r3, #3
  43              	.LVL1:
  44              		.loc 1 49 0
  45 0008 FF25     		movs	r5, #255
  46 000a 9D40     		lsls	r5, r5, r3
  47 000c 9940     		lsls	r1, r1, r3
  48              	.LVL2:
  49              		.loc 1 50 0
  50 000e 0122     		movs	r2, #1
  51 0010 00F01F03 		and	r3, r0, #31
  52              	.LVL3:
  53 0014 9A40     		lsls	r2, r2, r3
  54 0016 20F00304 		bic	r4, r0, #3
  55 001a 04F16044 		add	r4, r4, #-536870912
  56 001e 04F56144 		add	r4, r4, #57600
  57              		.loc 1 49 0
ARM GAS  /tmp/ccXQbk3K.s 			page 2


  58 0022 D4F80033 		ldr	r3, [r4, #768]
  59              		.loc 1 50 0
  60 0026 4009     		lsrs	r0, r0, #5
  61              	.LVL4:
  62 0028 8000     		lsls	r0, r0, #2
  63              		.loc 1 49 0
  64 002a 23EA0503 		bic	r3, r3, r5
  65 002e 00F16040 		add	r0, r0, #-536870912
  66 0032 00F56140 		add	r0, r0, #57600
  67 0036 0B43     		orrs	r3, r3, r1
  68 0038 C4F80033 		str	r3, [r4, #768]
  69              		.loc 1 50 0
  70 003c C0F88021 		str	r2, [r0, #384]
  71              		.loc 1 51 0
  72 0040 0260     		str	r2, [r0]
  73              		.loc 1 52 0
  74 0042 30BC     		pop	{r4, r5}
  75 0044 7047     		bx	lr
  76              		.cfi_endproc
  77              	.LFE0:
  78              		.size	nvicEnableVector, .-nvicEnableVector
  79 0046 00BFAFF3 		.section	.text.nvicDisableVector,"ax",%progbits
  79      0080AFF3 
  79      0080
  80              		.align	2
  81              		.p2align 4,,15
  82              		.global	nvicDisableVector
  83              		.thumb
  84              		.thumb_func
  85              		.type	nvicDisableVector, %function
  86              	nvicDisableVector:
  87              	.LFB1:
  88              		.loc 1 60 0
  89              		.cfi_startproc
  90              		@ args = 0, pretend = 0, frame = 0
  91              		@ frame_needed = 0, uses_anonymous_args = 0
  92              		@ link register save eliminated.
  93              	.LVL5:
  94 0000 10B4     		push	{r4}
  95              		.cfi_def_cfa_offset 4
  96              		.cfi_offset 4, -4
  97              		.loc 1 63 0
  98 0002 00F01F03 		and	r3, r0, #31
  99 0006 0124     		movs	r4, #1
 100 0008 9C40     		lsls	r4, r4, r3
 101              		.loc 1 61 0
 102 000a 00F00301 		and	r1, r0, #3
 103              		.loc 1 64 0
 104 000e FF23     		movs	r3, #255
 105              		.loc 1 61 0
 106 0010 C900     		lsls	r1, r1, #3
 107              	.LVL6:
 108              		.loc 1 64 0
 109 0012 03FA01F1 		lsl	r1, r3, r1
 110              	.LVL7:
 111              		.loc 1 63 0
 112 0016 4209     		lsrs	r2, r0, #5
ARM GAS  /tmp/ccXQbk3K.s 			page 3


 113 0018 4FF46143 		mov	r3, #57600
 114 001c 20F00300 		bic	r0, r0, #3
 115              	.LVL8:
 116 0020 2032     		adds	r2, r2, #32
 117 0022 CEF20003 		movt	r3, 57344
 118 0026 00F16040 		add	r0, r0, #-536870912
 119 002a 43F82240 		str	r4, [r3, r2, lsl #2]
 120 002e 00F56140 		add	r0, r0, #57600
 121              		.loc 1 64 0
 122 0032 D0F80023 		ldr	r2, [r0, #768]
 123 0036 22EA0103 		bic	r3, r2, r1
 124 003a C0F80033 		str	r3, [r0, #768]
 125              		.loc 1 65 0
 126 003e 5DF8044B 		ldr	r4, [sp], #4
 127 0042 7047     		bx	lr
 128              		.cfi_endproc
 129              	.LFE1:
 130              		.size	nvicDisableVector, .-nvicDisableVector
 131 0044 AFF30080 		.section	.text.nvicSetSystemHandlerPriority,"ax",%progbits
 131      AFF30080 
 131      AFF30080 
 132              		.align	2
 133              		.p2align 4,,15
 134              		.global	nvicSetSystemHandlerPriority
 135              		.thumb
 136              		.thumb_func
 137              		.type	nvicSetSystemHandlerPriority, %function
 138              	nvicSetSystemHandlerPriority:
 139              	.LFB2:
 140              		.loc 1 74 0
 141              		.cfi_startproc
 142              		@ args = 0, pretend = 0, frame = 0
 143              		@ frame_needed = 0, uses_anonymous_args = 0
 144              		@ link register save eliminated.
 145              	.LVL9:
 146              		.loc 1 75 0
 147 0000 00F00303 		and	r3, r0, #3
 148 0004 DB00     		lsls	r3, r3, #3
 149              	.LVL10:
 150              		.loc 1 78 0
 151 0006 FF22     		movs	r2, #255
 152 0008 9A40     		lsls	r2, r2, r3
 153 000a 9940     		lsls	r1, r1, r3
 154              	.LVL11:
 155 000c 20F00300 		bic	r0, r0, #3
 156              	.LVL12:
 157 0010 00F16040 		add	r0, r0, #-536870912
 158 0014 00F56D40 		add	r0, r0, #60672
 159              		.loc 1 77 0
 160 0018 8369     		ldr	r3, [r0, #24]
 161              	.LVL13:
 162 001a 23EA0203 		bic	r3, r3, r2
 163              		.loc 1 78 0
 164 001e 0B43     		orrs	r3, r3, r1
 165              		.loc 1 77 0
 166 0020 8361     		str	r3, [r0, #24]
 167 0022 7047     		bx	lr
ARM GAS  /tmp/ccXQbk3K.s 			page 4


 168              		.cfi_endproc
 169              	.LFE2:
 170              		.size	nvicSetSystemHandlerPriority, .-nvicSetSystemHandlerPriority
 171 0024 AFF30080 		.text
 171      AFF30080 
 171      AFF30080 
 172              	.Letext0:
 173              		.file 2 "/usr/include/newlib/machine/_default_types.h"
 174              		.file 3 "/usr/include/newlib/stdint.h"
 175              		.file 4 "../os/ports/common/ARMCMx/nvic.h"
 176              		.section	.debug_info,"",%progbits
 177              	.Ldebug_info0:
 178 0000 FB030000 		.4byte	0x3fb
 179 0004 0400     		.2byte	0x4
 180 0006 00000000 		.4byte	.Ldebug_abbrev0
 181 000a 04       		.byte	0x4
 182 000b 01       		.uleb128 0x1
 183 000c DA010000 		.4byte	.LASF46
 184 0010 01       		.byte	0x1
 185 0011 72010000 		.4byte	.LASF47
 186 0015 00000000 		.4byte	.LASF48
 187 0019 00000000 		.4byte	.Ldebug_ranges0+0
 188 001d 00000000 		.4byte	0
 189 0021 00000000 		.4byte	.Ldebug_line0
 190 0025 02       		.uleb128 0x2
 191 0026 04       		.byte	0x4
 192 0027 05       		.byte	0x5
 193 0028 696E7400 		.ascii	"int\000"
 194 002c 03       		.uleb128 0x3
 195 002d 04       		.byte	0x4
 196 002e 07       		.byte	0x7
 197 002f 1B010000 		.4byte	.LASF0
 198 0033 03       		.uleb128 0x3
 199 0034 01       		.byte	0x1
 200 0035 06       		.byte	0x6
 201 0036 8C020000 		.4byte	.LASF1
 202 003a 03       		.uleb128 0x3
 203 003b 01       		.byte	0x1
 204 003c 08       		.byte	0x8
 205 003d 9E000000 		.4byte	.LASF2
 206 0041 03       		.uleb128 0x3
 207 0042 02       		.byte	0x2
 208 0043 05       		.byte	0x5
 209 0044 87000000 		.4byte	.LASF3
 210 0048 03       		.uleb128 0x3
 211 0049 02       		.byte	0x2
 212 004a 07       		.byte	0x7
 213 004b DC000000 		.4byte	.LASF4
 214 004f 03       		.uleb128 0x3
 215 0050 04       		.byte	0x4
 216 0051 05       		.byte	0x5
 217 0052 CC010000 		.4byte	.LASF5
 218 0056 04       		.uleb128 0x4
 219 0057 10010000 		.4byte	.LASF9
 220 005b 02       		.byte	0x2
 221 005c 38       		.byte	0x38
 222 005d 61000000 		.4byte	0x61
ARM GAS  /tmp/ccXQbk3K.s 			page 5


 223 0061 03       		.uleb128 0x3
 224 0062 04       		.byte	0x4
 225 0063 07       		.byte	0x7
 226 0064 F9000000 		.4byte	.LASF6
 227 0068 03       		.uleb128 0x3
 228 0069 08       		.byte	0x8
 229 006a 05       		.byte	0x5
 230 006b 93010000 		.4byte	.LASF7
 231 006f 03       		.uleb128 0x3
 232 0070 08       		.byte	0x8
 233 0071 07       		.byte	0x7
 234 0072 32010000 		.4byte	.LASF8
 235 0076 04       		.uleb128 0x4
 236 0077 C3010000 		.4byte	.LASF10
 237 007b 03       		.byte	0x3
 238 007c 42       		.byte	0x42
 239 007d 56000000 		.4byte	0x56
 240 0081 03       		.uleb128 0x3
 241 0082 01       		.byte	0x1
 242 0083 02       		.byte	0x2
 243 0084 61000000 		.4byte	.LASF11
 244 0088 04       		.uleb128 0x4
 245 0089 96000000 		.4byte	.LASF12
 246 008d 04       		.byte	0x4
 247 008e 3A       		.byte	0x3a
 248 008f 93000000 		.4byte	0x93
 249 0093 05       		.uleb128 0x5
 250 0094 76000000 		.4byte	0x76
 251 0098 06       		.uleb128 0x6
 252 0099 040E     		.2byte	0xe04
 253 009b 04       		.byte	0x4
 254 009c 6A       		.byte	0x6a
 255 009d 47010000 		.4byte	0x147
 256 00a1 07       		.uleb128 0x7
 257 00a2 AD010000 		.4byte	.LASF13
 258 00a6 04       		.byte	0x4
 259 00a7 6B       		.byte	0x6b
 260 00a8 5E010000 		.4byte	0x15e
 261 00ac 00       		.byte	0
 262 00ad 07       		.uleb128 0x7
 263 00ae AC000000 		.4byte	.LASF14
 264 00b2 04       		.byte	0x4
 265 00b3 6C       		.byte	0x6c
 266 00b4 73010000 		.4byte	0x173
 267 00b8 20       		.byte	0x20
 268 00b9 07       		.uleb128 0x7
 269 00ba 91000000 		.4byte	.LASF15
 270 00be 04       		.byte	0x4
 271 00bf 6D       		.byte	0x6d
 272 00c0 78010000 		.4byte	0x178
 273 00c4 80       		.byte	0x80
 274 00c5 07       		.uleb128 0x7
 275 00c6 B4000000 		.4byte	.LASF16
 276 00ca 04       		.byte	0x4
 277 00cb 6E       		.byte	0x6e
 278 00cc 7D010000 		.4byte	0x17d
 279 00d0 A0       		.byte	0xa0
ARM GAS  /tmp/ccXQbk3K.s 			page 6


 280 00d1 08       		.uleb128 0x8
 281 00d2 28010000 		.4byte	.LASF17
 282 00d6 04       		.byte	0x4
 283 00d7 6F       		.byte	0x6f
 284 00d8 82010000 		.4byte	0x182
 285 00dc 0001     		.2byte	0x100
 286 00de 08       		.uleb128 0x8
 287 00df BC000000 		.4byte	.LASF18
 288 00e3 04       		.byte	0x4
 289 00e4 70       		.byte	0x70
 290 00e5 87010000 		.4byte	0x187
 291 00e9 2001     		.2byte	0x120
 292 00eb 08       		.uleb128 0x8
 293 00ec 57000000 		.4byte	.LASF19
 294 00f0 04       		.byte	0x4
 295 00f1 71       		.byte	0x71
 296 00f2 8C010000 		.4byte	0x18c
 297 00f6 8001     		.2byte	0x180
 298 00f8 08       		.uleb128 0x8
 299 00f9 C4000000 		.4byte	.LASF20
 300 00fd 04       		.byte	0x4
 301 00fe 72       		.byte	0x72
 302 00ff 91010000 		.4byte	0x191
 303 0103 A001     		.2byte	0x1a0
 304 0105 08       		.uleb128 0x8
 305 0106 B5020000 		.4byte	.LASF21
 306 010a 04       		.byte	0x4
 307 010b 73       		.byte	0x73
 308 010c 96010000 		.4byte	0x196
 309 0110 0002     		.2byte	0x200
 310 0112 08       		.uleb128 0x8
 311 0113 CC000000 		.4byte	.LASF22
 312 0117 04       		.byte	0x4
 313 0118 74       		.byte	0x74
 314 0119 AB010000 		.4byte	0x1ab
 315 011d 2002     		.2byte	0x220
 316 011f 09       		.uleb128 0x9
 317 0120 49505200 		.ascii	"IPR\000"
 318 0124 04       		.byte	0x4
 319 0125 75       		.byte	0x75
 320 0126 C0010000 		.4byte	0x1c0
 321 012a 0003     		.2byte	0x300
 322 012c 08       		.uleb128 0x8
 323 012d D4000000 		.4byte	.LASF23
 324 0131 04       		.byte	0x4
 325 0132 76       		.byte	0x76
 326 0133 D6010000 		.4byte	0x1d6
 327 0137 F003     		.2byte	0x3f0
 328 0139 08       		.uleb128 0x8
 329 013a 0B010000 		.4byte	.LASF24
 330 013e 04       		.byte	0x4
 331 013f 77       		.byte	0x77
 332 0140 88000000 		.4byte	0x88
 333 0144 000E     		.2byte	0xe00
 334 0146 00       		.byte	0
 335 0147 0A       		.uleb128 0xa
 336 0148 88000000 		.4byte	0x88
ARM GAS  /tmp/ccXQbk3K.s 			page 7


 337 014c 57010000 		.4byte	0x157
 338 0150 0B       		.uleb128 0xb
 339 0151 57010000 		.4byte	0x157
 340 0155 07       		.byte	0x7
 341 0156 00       		.byte	0
 342 0157 03       		.uleb128 0x3
 343 0158 04       		.byte	0x4
 344 0159 07       		.byte	0x7
 345 015a 69010000 		.4byte	.LASF25
 346 015e 05       		.uleb128 0x5
 347 015f 47010000 		.4byte	0x147
 348 0163 0A       		.uleb128 0xa
 349 0164 88000000 		.4byte	0x88
 350 0168 73010000 		.4byte	0x173
 351 016c 0B       		.uleb128 0xb
 352 016d 57010000 		.4byte	0x157
 353 0171 17       		.byte	0x17
 354 0172 00       		.byte	0
 355 0173 05       		.uleb128 0x5
 356 0174 63010000 		.4byte	0x163
 357 0178 05       		.uleb128 0x5
 358 0179 47010000 		.4byte	0x147
 359 017d 05       		.uleb128 0x5
 360 017e 63010000 		.4byte	0x163
 361 0182 05       		.uleb128 0x5
 362 0183 47010000 		.4byte	0x147
 363 0187 05       		.uleb128 0x5
 364 0188 63010000 		.4byte	0x163
 365 018c 05       		.uleb128 0x5
 366 018d 47010000 		.4byte	0x147
 367 0191 05       		.uleb128 0x5
 368 0192 63010000 		.4byte	0x163
 369 0196 05       		.uleb128 0x5
 370 0197 47010000 		.4byte	0x147
 371 019b 0A       		.uleb128 0xa
 372 019c 88000000 		.4byte	0x88
 373 01a0 AB010000 		.4byte	0x1ab
 374 01a4 0B       		.uleb128 0xb
 375 01a5 57010000 		.4byte	0x157
 376 01a9 37       		.byte	0x37
 377 01aa 00       		.byte	0
 378 01ab 05       		.uleb128 0x5
 379 01ac 9B010000 		.4byte	0x19b
 380 01b0 0A       		.uleb128 0xa
 381 01b1 88000000 		.4byte	0x88
 382 01b5 C0010000 		.4byte	0x1c0
 383 01b9 0B       		.uleb128 0xb
 384 01ba 57010000 		.4byte	0x157
 385 01be 3B       		.byte	0x3b
 386 01bf 00       		.byte	0
 387 01c0 05       		.uleb128 0x5
 388 01c1 B0010000 		.4byte	0x1b0
 389 01c5 0A       		.uleb128 0xa
 390 01c6 88000000 		.4byte	0x88
 391 01ca D6010000 		.4byte	0x1d6
 392 01ce 0C       		.uleb128 0xc
 393 01cf 57010000 		.4byte	0x157
ARM GAS  /tmp/ccXQbk3K.s 			page 8


 394 01d3 8302     		.2byte	0x283
 395 01d5 00       		.byte	0
 396 01d6 05       		.uleb128 0x5
 397 01d7 C5010000 		.4byte	0x1c5
 398 01db 04       		.uleb128 0x4
 399 01dc 79000000 		.4byte	.LASF26
 400 01e0 04       		.byte	0x4
 401 01e1 78       		.byte	0x78
 402 01e2 98000000 		.4byte	0x98
 403 01e6 0D       		.uleb128 0xd
 404 01e7 8C       		.byte	0x8c
 405 01e8 04       		.byte	0x4
 406 01e9 89       		.byte	0x89
 407 01ea EB020000 		.4byte	0x2eb
 408 01ee 07       		.uleb128 0x7
 409 01ef A1010000 		.4byte	.LASF27
 410 01f3 04       		.byte	0x4
 411 01f4 8A       		.byte	0x8a
 412 01f5 88000000 		.4byte	0x88
 413 01f9 00       		.byte	0
 414 01fa 07       		.uleb128 0x7
 415 01fb 49010000 		.4byte	.LASF28
 416 01ff 04       		.byte	0x4
 417 0200 8B       		.byte	0x8b
 418 0201 88000000 		.4byte	0x88
 419 0205 04       		.byte	0x4
 420 0206 07       		.uleb128 0x7
 421 0207 82000000 		.4byte	.LASF29
 422 020b 04       		.byte	0x4
 423 020c 8C       		.byte	0x8c
 424 020d 88000000 		.4byte	0x88
 425 0211 08       		.byte	0x8
 426 0212 07       		.uleb128 0x7
 427 0213 56010000 		.4byte	.LASF30
 428 0217 04       		.byte	0x4
 429 0218 8D       		.byte	0x8d
 430 0219 88000000 		.4byte	0x88
 431 021d 0C       		.byte	0xc
 432 021e 0E       		.uleb128 0xe
 433 021f 53435200 		.ascii	"SCR\000"
 434 0223 04       		.byte	0x4
 435 0224 8E       		.byte	0x8e
 436 0225 88000000 		.4byte	0x88
 437 0229 10       		.byte	0x10
 438 022a 0E       		.uleb128 0xe
 439 022b 43435200 		.ascii	"CCR\000"
 440 022f 04       		.byte	0x4
 441 0230 8F       		.byte	0x8f
 442 0231 88000000 		.4byte	0x88
 443 0235 14       		.byte	0x14
 444 0236 07       		.uleb128 0x7
 445 0237 D5010000 		.4byte	.LASF31
 446 023b 04       		.byte	0x4
 447 023c 90       		.byte	0x90
 448 023d FB020000 		.4byte	0x2fb
 449 0241 18       		.byte	0x18
 450 0242 07       		.uleb128 0x7
ARM GAS  /tmp/ccXQbk3K.s 			page 9


 451 0243 BD010000 		.4byte	.LASF32
 452 0247 04       		.byte	0x4
 453 0248 91       		.byte	0x91
 454 0249 88000000 		.4byte	0x88
 455 024d 24       		.byte	0x24
 456 024e 07       		.uleb128 0x7
 457 024f EF000000 		.4byte	.LASF33
 458 0253 04       		.byte	0x4
 459 0254 92       		.byte	0x92
 460 0255 88000000 		.4byte	0x88
 461 0259 28       		.byte	0x28
 462 025a 07       		.uleb128 0x7
 463 025b F4000000 		.4byte	.LASF34
 464 025f 04       		.byte	0x4
 465 0260 93       		.byte	0x93
 466 0261 88000000 		.4byte	0x88
 467 0265 2C       		.byte	0x2c
 468 0266 07       		.uleb128 0x7
 469 0267 2D010000 		.4byte	.LASF35
 470 026b 04       		.byte	0x4
 471 026c 94       		.byte	0x94
 472 026d 88000000 		.4byte	0x88
 473 0271 30       		.byte	0x30
 474 0272 07       		.uleb128 0x7
 475 0273 B7010000 		.4byte	.LASF36
 476 0277 04       		.byte	0x4
 477 0278 95       		.byte	0x95
 478 0279 88000000 		.4byte	0x88
 479 027d 34       		.byte	0x34
 480 027e 07       		.uleb128 0x7
 481 027f 5C010000 		.4byte	.LASF37
 482 0283 04       		.byte	0x4
 483 0284 96       		.byte	0x96
 484 0285 88000000 		.4byte	0x88
 485 0289 38       		.byte	0x38
 486 028a 07       		.uleb128 0x7
 487 028b B2010000 		.4byte	.LASF38
 488 028f 04       		.byte	0x4
 489 0290 97       		.byte	0x97
 490 0291 88000000 		.4byte	0x88
 491 0295 3C       		.byte	0x3c
 492 0296 0E       		.uleb128 0xe
 493 0297 50465200 		.ascii	"PFR\000"
 494 029b 04       		.byte	0x4
 495 029c 98       		.byte	0x98
 496 029d 10030000 		.4byte	0x310
 497 02a1 40       		.byte	0x40
 498 02a2 0E       		.uleb128 0xe
 499 02a3 44465200 		.ascii	"DFR\000"
 500 02a7 04       		.byte	0x4
 501 02a8 99       		.byte	0x99
 502 02a9 88000000 		.4byte	0x88
 503 02ad 48       		.byte	0x48
 504 02ae 0E       		.uleb128 0xe
 505 02af 41445200 		.ascii	"ADR\000"
 506 02b3 04       		.byte	0x4
 507 02b4 9A       		.byte	0x9a
ARM GAS  /tmp/ccXQbk3K.s 			page 10


 508 02b5 88000000 		.4byte	0x88
 509 02b9 4C       		.byte	0x4c
 510 02ba 07       		.uleb128 0x7
 511 02bb 5C000000 		.4byte	.LASF39
 512 02bf 04       		.byte	0x4
 513 02c0 9B       		.byte	0x9b
 514 02c1 25030000 		.4byte	0x325
 515 02c5 50       		.byte	0x50
 516 02c6 0E       		.uleb128 0xe
 517 02c7 53415200 		.ascii	"SAR\000"
 518 02cb 04       		.byte	0x4
 519 02cc 9C       		.byte	0x9c
 520 02cd 3A030000 		.4byte	0x33a
 521 02d1 60       		.byte	0x60
 522 02d2 07       		.uleb128 0x7
 523 02d3 AC000000 		.4byte	.LASF14
 524 02d7 04       		.byte	0x4
 525 02d8 9D       		.byte	0x9d
 526 02d9 3F030000 		.4byte	0x33f
 527 02dd 74       		.byte	0x74
 528 02de 07       		.uleb128 0x7
 529 02df A7010000 		.4byte	.LASF40
 530 02e3 04       		.byte	0x4
 531 02e4 9E       		.byte	0x9e
 532 02e5 88000000 		.4byte	0x88
 533 02e9 88       		.byte	0x88
 534 02ea 00       		.byte	0
 535 02eb 0A       		.uleb128 0xa
 536 02ec 88000000 		.4byte	0x88
 537 02f0 FB020000 		.4byte	0x2fb
 538 02f4 0B       		.uleb128 0xb
 539 02f5 57010000 		.4byte	0x157
 540 02f9 02       		.byte	0x2
 541 02fa 00       		.byte	0
 542 02fb 05       		.uleb128 0x5
 543 02fc EB020000 		.4byte	0x2eb
 544 0300 0A       		.uleb128 0xa
 545 0301 88000000 		.4byte	0x88
 546 0305 10030000 		.4byte	0x310
 547 0309 0B       		.uleb128 0xb
 548 030a 57010000 		.4byte	0x157
 549 030e 01       		.byte	0x1
 550 030f 00       		.byte	0
 551 0310 05       		.uleb128 0x5
 552 0311 00030000 		.4byte	0x300
 553 0315 0A       		.uleb128 0xa
 554 0316 88000000 		.4byte	0x88
 555 031a 25030000 		.4byte	0x325
 556 031e 0B       		.uleb128 0xb
 557 031f 57010000 		.4byte	0x157
 558 0323 03       		.byte	0x3
 559 0324 00       		.byte	0
 560 0325 05       		.uleb128 0x5
 561 0326 15030000 		.4byte	0x315
 562 032a 0A       		.uleb128 0xa
 563 032b 88000000 		.4byte	0x88
 564 032f 3A030000 		.4byte	0x33a
ARM GAS  /tmp/ccXQbk3K.s 			page 11


 565 0333 0B       		.uleb128 0xb
 566 0334 57010000 		.4byte	0x157
 567 0338 04       		.byte	0x4
 568 0339 00       		.byte	0
 569 033a 05       		.uleb128 0x5
 570 033b 2A030000 		.4byte	0x32a
 571 033f 05       		.uleb128 0x5
 572 0340 2A030000 		.4byte	0x32a
 573 0344 04       		.uleb128 0x4
 574 0345 4E010000 		.4byte	.LASF41
 575 0349 04       		.byte	0x4
 576 034a 9F       		.byte	0x9f
 577 034b E6010000 		.4byte	0x1e6
 578 034f 0F       		.uleb128 0xf
 579 0350 BA020000 		.4byte	.LASF43
 580 0354 01       		.byte	0x1
 581 0355 2E       		.byte	0x2e
 582 0356 00000000 		.4byte	.LFB0
 583 035a 46000000 		.4byte	.LFE0-.LFB0
 584 035e 01       		.uleb128 0x1
 585 035f 9C       		.byte	0x9c
 586 0360 8F030000 		.4byte	0x38f
 587 0364 10       		.uleb128 0x10
 588 0365 6E00     		.ascii	"n\000"
 589 0367 01       		.byte	0x1
 590 0368 2E       		.byte	0x2e
 591 0369 76000000 		.4byte	0x76
 592 036d 00000000 		.4byte	.LLST0
 593 0371 11       		.uleb128 0x11
 594 0372 52000000 		.4byte	.LASF42
 595 0376 01       		.byte	0x1
 596 0377 2E       		.byte	0x2e
 597 0378 76000000 		.4byte	0x76
 598 037c 21000000 		.4byte	.LLST1
 599 0380 12       		.uleb128 0x12
 600 0381 736800   		.ascii	"sh\000"
 601 0384 01       		.byte	0x1
 602 0385 2F       		.byte	0x2f
 603 0386 2C000000 		.4byte	0x2c
 604 038a 42000000 		.4byte	.LLST2
 605 038e 00       		.byte	0
 606 038f 0F       		.uleb128 0xf
 607 0390 67000000 		.4byte	.LASF44
 608 0394 01       		.byte	0x1
 609 0395 3C       		.byte	0x3c
 610 0396 00000000 		.4byte	.LFB1
 611 039a 44000000 		.4byte	.LFE1-.LFB1
 612 039e 01       		.uleb128 0x1
 613 039f 9C       		.byte	0x9c
 614 03a0 C0030000 		.4byte	0x3c0
 615 03a4 10       		.uleb128 0x10
 616 03a5 6E00     		.ascii	"n\000"
 617 03a7 01       		.byte	0x1
 618 03a8 3C       		.byte	0x3c
 619 03a9 76000000 		.4byte	0x76
 620 03ad 89000000 		.4byte	.LLST3
 621 03b1 12       		.uleb128 0x12
ARM GAS  /tmp/ccXQbk3K.s 			page 12


 622 03b2 736800   		.ascii	"sh\000"
 623 03b5 01       		.byte	0x1
 624 03b6 3D       		.byte	0x3d
 625 03b7 2C000000 		.4byte	0x2c
 626 03bb AA000000 		.4byte	.LLST4
 627 03bf 00       		.byte	0
 628 03c0 13       		.uleb128 0x13
 629 03c1 98020000 		.4byte	.LASF49
 630 03c5 01       		.byte	0x1
 631 03c6 4A       		.byte	0x4a
 632 03c7 00000000 		.4byte	.LFB2
 633 03cb 24000000 		.4byte	.LFE2-.LFB2
 634 03cf 01       		.uleb128 0x1
 635 03d0 9C       		.byte	0x9c
 636 03d1 11       		.uleb128 0x11
 637 03d2 61010000 		.4byte	.LASF45
 638 03d6 01       		.byte	0x1
 639 03d7 4A       		.byte	0x4a
 640 03d8 76000000 		.4byte	0x76
 641 03dc F1000000 		.4byte	.LLST5
 642 03e0 11       		.uleb128 0x11
 643 03e1 52000000 		.4byte	.LASF42
 644 03e5 01       		.byte	0x1
 645 03e6 4A       		.byte	0x4a
 646 03e7 76000000 		.4byte	0x76
 647 03eb 12010000 		.4byte	.LLST6
 648 03ef 12       		.uleb128 0x12
 649 03f0 736800   		.ascii	"sh\000"
 650 03f3 01       		.byte	0x1
 651 03f4 4B       		.byte	0x4b
 652 03f5 2C000000 		.4byte	0x2c
 653 03f9 33010000 		.4byte	.LLST7
 654 03fd 00       		.byte	0
 655 03fe 00       		.byte	0
 656              		.section	.debug_abbrev,"",%progbits
 657              	.Ldebug_abbrev0:
 658 0000 01       		.uleb128 0x1
 659 0001 11       		.uleb128 0x11
 660 0002 01       		.byte	0x1
 661 0003 25       		.uleb128 0x25
 662 0004 0E       		.uleb128 0xe
 663 0005 13       		.uleb128 0x13
 664 0006 0B       		.uleb128 0xb
 665 0007 03       		.uleb128 0x3
 666 0008 0E       		.uleb128 0xe
 667 0009 1B       		.uleb128 0x1b
 668 000a 0E       		.uleb128 0xe
 669 000b 55       		.uleb128 0x55
 670 000c 17       		.uleb128 0x17
 671 000d 11       		.uleb128 0x11
 672 000e 01       		.uleb128 0x1
 673 000f 10       		.uleb128 0x10
 674 0010 17       		.uleb128 0x17
 675 0011 00       		.byte	0
 676 0012 00       		.byte	0
 677 0013 02       		.uleb128 0x2
 678 0014 24       		.uleb128 0x24
ARM GAS  /tmp/ccXQbk3K.s 			page 13


 679 0015 00       		.byte	0
 680 0016 0B       		.uleb128 0xb
 681 0017 0B       		.uleb128 0xb
 682 0018 3E       		.uleb128 0x3e
 683 0019 0B       		.uleb128 0xb
 684 001a 03       		.uleb128 0x3
 685 001b 08       		.uleb128 0x8
 686 001c 00       		.byte	0
 687 001d 00       		.byte	0
 688 001e 03       		.uleb128 0x3
 689 001f 24       		.uleb128 0x24
 690 0020 00       		.byte	0
 691 0021 0B       		.uleb128 0xb
 692 0022 0B       		.uleb128 0xb
 693 0023 3E       		.uleb128 0x3e
 694 0024 0B       		.uleb128 0xb
 695 0025 03       		.uleb128 0x3
 696 0026 0E       		.uleb128 0xe
 697 0027 00       		.byte	0
 698 0028 00       		.byte	0
 699 0029 04       		.uleb128 0x4
 700 002a 16       		.uleb128 0x16
 701 002b 00       		.byte	0
 702 002c 03       		.uleb128 0x3
 703 002d 0E       		.uleb128 0xe
 704 002e 3A       		.uleb128 0x3a
 705 002f 0B       		.uleb128 0xb
 706 0030 3B       		.uleb128 0x3b
 707 0031 0B       		.uleb128 0xb
 708 0032 49       		.uleb128 0x49
 709 0033 13       		.uleb128 0x13
 710 0034 00       		.byte	0
 711 0035 00       		.byte	0
 712 0036 05       		.uleb128 0x5
 713 0037 35       		.uleb128 0x35
 714 0038 00       		.byte	0
 715 0039 49       		.uleb128 0x49
 716 003a 13       		.uleb128 0x13
 717 003b 00       		.byte	0
 718 003c 00       		.byte	0
 719 003d 06       		.uleb128 0x6
 720 003e 13       		.uleb128 0x13
 721 003f 01       		.byte	0x1
 722 0040 0B       		.uleb128 0xb
 723 0041 05       		.uleb128 0x5
 724 0042 3A       		.uleb128 0x3a
 725 0043 0B       		.uleb128 0xb
 726 0044 3B       		.uleb128 0x3b
 727 0045 0B       		.uleb128 0xb
 728 0046 01       		.uleb128 0x1
 729 0047 13       		.uleb128 0x13
 730 0048 00       		.byte	0
 731 0049 00       		.byte	0
 732 004a 07       		.uleb128 0x7
 733 004b 0D       		.uleb128 0xd
 734 004c 00       		.byte	0
 735 004d 03       		.uleb128 0x3
ARM GAS  /tmp/ccXQbk3K.s 			page 14


 736 004e 0E       		.uleb128 0xe
 737 004f 3A       		.uleb128 0x3a
 738 0050 0B       		.uleb128 0xb
 739 0051 3B       		.uleb128 0x3b
 740 0052 0B       		.uleb128 0xb
 741 0053 49       		.uleb128 0x49
 742 0054 13       		.uleb128 0x13
 743 0055 38       		.uleb128 0x38
 744 0056 0B       		.uleb128 0xb
 745 0057 00       		.byte	0
 746 0058 00       		.byte	0
 747 0059 08       		.uleb128 0x8
 748 005a 0D       		.uleb128 0xd
 749 005b 00       		.byte	0
 750 005c 03       		.uleb128 0x3
 751 005d 0E       		.uleb128 0xe
 752 005e 3A       		.uleb128 0x3a
 753 005f 0B       		.uleb128 0xb
 754 0060 3B       		.uleb128 0x3b
 755 0061 0B       		.uleb128 0xb
 756 0062 49       		.uleb128 0x49
 757 0063 13       		.uleb128 0x13
 758 0064 38       		.uleb128 0x38
 759 0065 05       		.uleb128 0x5
 760 0066 00       		.byte	0
 761 0067 00       		.byte	0
 762 0068 09       		.uleb128 0x9
 763 0069 0D       		.uleb128 0xd
 764 006a 00       		.byte	0
 765 006b 03       		.uleb128 0x3
 766 006c 08       		.uleb128 0x8
 767 006d 3A       		.uleb128 0x3a
 768 006e 0B       		.uleb128 0xb
 769 006f 3B       		.uleb128 0x3b
 770 0070 0B       		.uleb128 0xb
 771 0071 49       		.uleb128 0x49
 772 0072 13       		.uleb128 0x13
 773 0073 38       		.uleb128 0x38
 774 0074 05       		.uleb128 0x5
 775 0075 00       		.byte	0
 776 0076 00       		.byte	0
 777 0077 0A       		.uleb128 0xa
 778 0078 01       		.uleb128 0x1
 779 0079 01       		.byte	0x1
 780 007a 49       		.uleb128 0x49
 781 007b 13       		.uleb128 0x13
 782 007c 01       		.uleb128 0x1
 783 007d 13       		.uleb128 0x13
 784 007e 00       		.byte	0
 785 007f 00       		.byte	0
 786 0080 0B       		.uleb128 0xb
 787 0081 21       		.uleb128 0x21
 788 0082 00       		.byte	0
 789 0083 49       		.uleb128 0x49
 790 0084 13       		.uleb128 0x13
 791 0085 2F       		.uleb128 0x2f
 792 0086 0B       		.uleb128 0xb
ARM GAS  /tmp/ccXQbk3K.s 			page 15


 793 0087 00       		.byte	0
 794 0088 00       		.byte	0
 795 0089 0C       		.uleb128 0xc
 796 008a 21       		.uleb128 0x21
 797 008b 00       		.byte	0
 798 008c 49       		.uleb128 0x49
 799 008d 13       		.uleb128 0x13
 800 008e 2F       		.uleb128 0x2f
 801 008f 05       		.uleb128 0x5
 802 0090 00       		.byte	0
 803 0091 00       		.byte	0
 804 0092 0D       		.uleb128 0xd
 805 0093 13       		.uleb128 0x13
 806 0094 01       		.byte	0x1
 807 0095 0B       		.uleb128 0xb
 808 0096 0B       		.uleb128 0xb
 809 0097 3A       		.uleb128 0x3a
 810 0098 0B       		.uleb128 0xb
 811 0099 3B       		.uleb128 0x3b
 812 009a 0B       		.uleb128 0xb
 813 009b 01       		.uleb128 0x1
 814 009c 13       		.uleb128 0x13
 815 009d 00       		.byte	0
 816 009e 00       		.byte	0
 817 009f 0E       		.uleb128 0xe
 818 00a0 0D       		.uleb128 0xd
 819 00a1 00       		.byte	0
 820 00a2 03       		.uleb128 0x3
 821 00a3 08       		.uleb128 0x8
 822 00a4 3A       		.uleb128 0x3a
 823 00a5 0B       		.uleb128 0xb
 824 00a6 3B       		.uleb128 0x3b
 825 00a7 0B       		.uleb128 0xb
 826 00a8 49       		.uleb128 0x49
 827 00a9 13       		.uleb128 0x13
 828 00aa 38       		.uleb128 0x38
 829 00ab 0B       		.uleb128 0xb
 830 00ac 00       		.byte	0
 831 00ad 00       		.byte	0
 832 00ae 0F       		.uleb128 0xf
 833 00af 2E       		.uleb128 0x2e
 834 00b0 01       		.byte	0x1
 835 00b1 3F       		.uleb128 0x3f
 836 00b2 19       		.uleb128 0x19
 837 00b3 03       		.uleb128 0x3
 838 00b4 0E       		.uleb128 0xe
 839 00b5 3A       		.uleb128 0x3a
 840 00b6 0B       		.uleb128 0xb
 841 00b7 3B       		.uleb128 0x3b
 842 00b8 0B       		.uleb128 0xb
 843 00b9 27       		.uleb128 0x27
 844 00ba 19       		.uleb128 0x19
 845 00bb 11       		.uleb128 0x11
 846 00bc 01       		.uleb128 0x1
 847 00bd 12       		.uleb128 0x12
 848 00be 06       		.uleb128 0x6
 849 00bf 40       		.uleb128 0x40
ARM GAS  /tmp/ccXQbk3K.s 			page 16


 850 00c0 18       		.uleb128 0x18
 851 00c1 9742     		.uleb128 0x2117
 852 00c3 19       		.uleb128 0x19
 853 00c4 01       		.uleb128 0x1
 854 00c5 13       		.uleb128 0x13
 855 00c6 00       		.byte	0
 856 00c7 00       		.byte	0
 857 00c8 10       		.uleb128 0x10
 858 00c9 05       		.uleb128 0x5
 859 00ca 00       		.byte	0
 860 00cb 03       		.uleb128 0x3
 861 00cc 08       		.uleb128 0x8
 862 00cd 3A       		.uleb128 0x3a
 863 00ce 0B       		.uleb128 0xb
 864 00cf 3B       		.uleb128 0x3b
 865 00d0 0B       		.uleb128 0xb
 866 00d1 49       		.uleb128 0x49
 867 00d2 13       		.uleb128 0x13
 868 00d3 02       		.uleb128 0x2
 869 00d4 17       		.uleb128 0x17
 870 00d5 00       		.byte	0
 871 00d6 00       		.byte	0
 872 00d7 11       		.uleb128 0x11
 873 00d8 05       		.uleb128 0x5
 874 00d9 00       		.byte	0
 875 00da 03       		.uleb128 0x3
 876 00db 0E       		.uleb128 0xe
 877 00dc 3A       		.uleb128 0x3a
 878 00dd 0B       		.uleb128 0xb
 879 00de 3B       		.uleb128 0x3b
 880 00df 0B       		.uleb128 0xb
 881 00e0 49       		.uleb128 0x49
 882 00e1 13       		.uleb128 0x13
 883 00e2 02       		.uleb128 0x2
 884 00e3 17       		.uleb128 0x17
 885 00e4 00       		.byte	0
 886 00e5 00       		.byte	0
 887 00e6 12       		.uleb128 0x12
 888 00e7 34       		.uleb128 0x34
 889 00e8 00       		.byte	0
 890 00e9 03       		.uleb128 0x3
 891 00ea 08       		.uleb128 0x8
 892 00eb 3A       		.uleb128 0x3a
 893 00ec 0B       		.uleb128 0xb
 894 00ed 3B       		.uleb128 0x3b
 895 00ee 0B       		.uleb128 0xb
 896 00ef 49       		.uleb128 0x49
 897 00f0 13       		.uleb128 0x13
 898 00f1 02       		.uleb128 0x2
 899 00f2 17       		.uleb128 0x17
 900 00f3 00       		.byte	0
 901 00f4 00       		.byte	0
 902 00f5 13       		.uleb128 0x13
 903 00f6 2E       		.uleb128 0x2e
 904 00f7 01       		.byte	0x1
 905 00f8 3F       		.uleb128 0x3f
 906 00f9 19       		.uleb128 0x19
ARM GAS  /tmp/ccXQbk3K.s 			page 17


 907 00fa 03       		.uleb128 0x3
 908 00fb 0E       		.uleb128 0xe
 909 00fc 3A       		.uleb128 0x3a
 910 00fd 0B       		.uleb128 0xb
 911 00fe 3B       		.uleb128 0x3b
 912 00ff 0B       		.uleb128 0xb
 913 0100 27       		.uleb128 0x27
 914 0101 19       		.uleb128 0x19
 915 0102 11       		.uleb128 0x11
 916 0103 01       		.uleb128 0x1
 917 0104 12       		.uleb128 0x12
 918 0105 06       		.uleb128 0x6
 919 0106 40       		.uleb128 0x40
 920 0107 18       		.uleb128 0x18
 921 0108 9742     		.uleb128 0x2117
 922 010a 19       		.uleb128 0x19
 923 010b 00       		.byte	0
 924 010c 00       		.byte	0
 925 010d 00       		.byte	0
 926              		.section	.debug_loc,"",%progbits
 927              	.Ldebug_loc0:
 928              	.LLST0:
 929 0000 00000000 		.4byte	.LVL0
 930 0004 28000000 		.4byte	.LVL4
 931 0008 0100     		.2byte	0x1
 932 000a 50       		.byte	0x50
 933 000b 28000000 		.4byte	.LVL4
 934 000f 46000000 		.4byte	.LFE0
 935 0013 0400     		.2byte	0x4
 936 0015 F3       		.byte	0xf3
 937 0016 01       		.uleb128 0x1
 938 0017 50       		.byte	0x50
 939 0018 9F       		.byte	0x9f
 940 0019 00000000 		.4byte	0
 941 001d 00000000 		.4byte	0
 942              	.LLST1:
 943 0021 00000000 		.4byte	.LVL0
 944 0025 0E000000 		.4byte	.LVL2
 945 0029 0100     		.2byte	0x1
 946 002b 51       		.byte	0x51
 947 002c 0E000000 		.4byte	.LVL2
 948 0030 46000000 		.4byte	.LFE0
 949 0034 0400     		.2byte	0x4
 950 0036 F3       		.byte	0xf3
 951 0037 01       		.uleb128 0x1
 952 0038 51       		.byte	0x51
 953 0039 9F       		.byte	0x9f
 954 003a 00000000 		.4byte	0
 955 003e 00000000 		.4byte	0
 956              	.LLST2:
 957 0042 00000000 		.4byte	.LVL0
 958 0046 08000000 		.4byte	.LVL1
 959 004a 0700     		.2byte	0x7
 960 004c 70       		.byte	0x70
 961 004d 00       		.sleb128 0
 962 004e 33       		.byte	0x33
 963 004f 1A       		.byte	0x1a
ARM GAS  /tmp/ccXQbk3K.s 			page 18


 964 0050 33       		.byte	0x33
 965 0051 24       		.byte	0x24
 966 0052 9F       		.byte	0x9f
 967 0053 08000000 		.4byte	.LVL1
 968 0057 14000000 		.4byte	.LVL3
 969 005b 0100     		.2byte	0x1
 970 005d 53       		.byte	0x53
 971 005e 14000000 		.4byte	.LVL3
 972 0062 28000000 		.4byte	.LVL4
 973 0066 0700     		.2byte	0x7
 974 0068 70       		.byte	0x70
 975 0069 00       		.sleb128 0
 976 006a 33       		.byte	0x33
 977 006b 1A       		.byte	0x1a
 978 006c 33       		.byte	0x33
 979 006d 24       		.byte	0x24
 980 006e 9F       		.byte	0x9f
 981 006f 28000000 		.4byte	.LVL4
 982 0073 46000000 		.4byte	.LFE0
 983 0077 0800     		.2byte	0x8
 984 0079 F3       		.byte	0xf3
 985 007a 01       		.uleb128 0x1
 986 007b 50       		.byte	0x50
 987 007c 33       		.byte	0x33
 988 007d 1A       		.byte	0x1a
 989 007e 33       		.byte	0x33
 990 007f 24       		.byte	0x24
 991 0080 9F       		.byte	0x9f
 992 0081 00000000 		.4byte	0
 993 0085 00000000 		.4byte	0
 994              	.LLST3:
 995 0089 00000000 		.4byte	.LVL5
 996 008d 20000000 		.4byte	.LVL8
 997 0091 0100     		.2byte	0x1
 998 0093 50       		.byte	0x50
 999 0094 20000000 		.4byte	.LVL8
 1000 0098 44000000 		.4byte	.LFE1
 1001 009c 0400     		.2byte	0x4
 1002 009e F3       		.byte	0xf3
 1003 009f 01       		.uleb128 0x1
 1004 00a0 50       		.byte	0x50
 1005 00a1 9F       		.byte	0x9f
 1006 00a2 00000000 		.4byte	0
 1007 00a6 00000000 		.4byte	0
 1008              	.LLST4:
 1009 00aa 00000000 		.4byte	.LVL5
 1010 00ae 12000000 		.4byte	.LVL6
 1011 00b2 0700     		.2byte	0x7
 1012 00b4 70       		.byte	0x70
 1013 00b5 00       		.sleb128 0
 1014 00b6 33       		.byte	0x33
 1015 00b7 1A       		.byte	0x1a
 1016 00b8 33       		.byte	0x33
 1017 00b9 24       		.byte	0x24
 1018 00ba 9F       		.byte	0x9f
 1019 00bb 12000000 		.4byte	.LVL6
 1020 00bf 16000000 		.4byte	.LVL7
ARM GAS  /tmp/ccXQbk3K.s 			page 19


 1021 00c3 0100     		.2byte	0x1
 1022 00c5 51       		.byte	0x51
 1023 00c6 16000000 		.4byte	.LVL7
 1024 00ca 20000000 		.4byte	.LVL8
 1025 00ce 0700     		.2byte	0x7
 1026 00d0 70       		.byte	0x70
 1027 00d1 00       		.sleb128 0
 1028 00d2 33       		.byte	0x33
 1029 00d3 1A       		.byte	0x1a
 1030 00d4 33       		.byte	0x33
 1031 00d5 24       		.byte	0x24
 1032 00d6 9F       		.byte	0x9f
 1033 00d7 20000000 		.4byte	.LVL8
 1034 00db 44000000 		.4byte	.LFE1
 1035 00df 0800     		.2byte	0x8
 1036 00e1 F3       		.byte	0xf3
 1037 00e2 01       		.uleb128 0x1
 1038 00e3 50       		.byte	0x50
 1039 00e4 33       		.byte	0x33
 1040 00e5 1A       		.byte	0x1a
 1041 00e6 33       		.byte	0x33
 1042 00e7 24       		.byte	0x24
 1043 00e8 9F       		.byte	0x9f
 1044 00e9 00000000 		.4byte	0
 1045 00ed 00000000 		.4byte	0
 1046              	.LLST5:
 1047 00f1 00000000 		.4byte	.LVL9
 1048 00f5 10000000 		.4byte	.LVL12
 1049 00f9 0100     		.2byte	0x1
 1050 00fb 50       		.byte	0x50
 1051 00fc 10000000 		.4byte	.LVL12
 1052 0100 24000000 		.4byte	.LFE2
 1053 0104 0400     		.2byte	0x4
 1054 0106 F3       		.byte	0xf3
 1055 0107 01       		.uleb128 0x1
 1056 0108 50       		.byte	0x50
 1057 0109 9F       		.byte	0x9f
 1058 010a 00000000 		.4byte	0
 1059 010e 00000000 		.4byte	0
 1060              	.LLST6:
 1061 0112 00000000 		.4byte	.LVL9
 1062 0116 0C000000 		.4byte	.LVL11
 1063 011a 0100     		.2byte	0x1
 1064 011c 51       		.byte	0x51
 1065 011d 0C000000 		.4byte	.LVL11
 1066 0121 24000000 		.4byte	.LFE2
 1067 0125 0400     		.2byte	0x4
 1068 0127 F3       		.byte	0xf3
 1069 0128 01       		.uleb128 0x1
 1070 0129 51       		.byte	0x51
 1071 012a 9F       		.byte	0x9f
 1072 012b 00000000 		.4byte	0
 1073 012f 00000000 		.4byte	0
 1074              	.LLST7:
 1075 0133 00000000 		.4byte	.LVL9
 1076 0137 06000000 		.4byte	.LVL10
 1077 013b 0700     		.2byte	0x7
ARM GAS  /tmp/ccXQbk3K.s 			page 20


 1078 013d 70       		.byte	0x70
 1079 013e 00       		.sleb128 0
 1080 013f 33       		.byte	0x33
 1081 0140 1A       		.byte	0x1a
 1082 0141 33       		.byte	0x33
 1083 0142 24       		.byte	0x24
 1084 0143 9F       		.byte	0x9f
 1085 0144 06000000 		.4byte	.LVL10
 1086 0148 1A000000 		.4byte	.LVL13
 1087 014c 0100     		.2byte	0x1
 1088 014e 53       		.byte	0x53
 1089 014f 1A000000 		.4byte	.LVL13
 1090 0153 24000000 		.4byte	.LFE2
 1091 0157 0800     		.2byte	0x8
 1092 0159 F3       		.byte	0xf3
 1093 015a 01       		.uleb128 0x1
 1094 015b 50       		.byte	0x50
 1095 015c 33       		.byte	0x33
 1096 015d 1A       		.byte	0x1a
 1097 015e 33       		.byte	0x33
 1098 015f 24       		.byte	0x24
 1099 0160 9F       		.byte	0x9f
 1100 0161 00000000 		.4byte	0
 1101 0165 00000000 		.4byte	0
 1102              		.section	.debug_aranges,"",%progbits
 1103 0000 2C000000 		.4byte	0x2c
 1104 0004 0200     		.2byte	0x2
 1105 0006 00000000 		.4byte	.Ldebug_info0
 1106 000a 04       		.byte	0x4
 1107 000b 00       		.byte	0
 1108 000c 0000     		.2byte	0
 1109 000e 0000     		.2byte	0
 1110 0010 00000000 		.4byte	.LFB0
 1111 0014 46000000 		.4byte	.LFE0-.LFB0
 1112 0018 00000000 		.4byte	.LFB1
 1113 001c 44000000 		.4byte	.LFE1-.LFB1
 1114 0020 00000000 		.4byte	.LFB2
 1115 0024 24000000 		.4byte	.LFE2-.LFB2
 1116 0028 00000000 		.4byte	0
 1117 002c 00000000 		.4byte	0
 1118              		.section	.debug_ranges,"",%progbits
 1119              	.Ldebug_ranges0:
 1120 0000 00000000 		.4byte	.LFB0
 1121 0004 46000000 		.4byte	.LFE0
 1122 0008 00000000 		.4byte	.LFB1
 1123 000c 44000000 		.4byte	.LFE1
 1124 0010 00000000 		.4byte	.LFB2
 1125 0014 24000000 		.4byte	.LFE2
 1126 0018 00000000 		.4byte	0
 1127 001c 00000000 		.4byte	0
 1128              		.section	.debug_line,"",%progbits
 1129              	.Ldebug_line0:
 1130 0000 DD000000 		.section	.debug_str,"MS",%progbits,1
 1130      02009100 
 1130      00000201 
 1130      FB0E0D00 
 1130      01010101 
ARM GAS  /tmp/ccXQbk3K.s 			page 21


 1131              	.LASF48:
 1132 0000 2F686F6D 		.ascii	"/home/dltech/gdrive/Projects/RFM_to_Modbus_TCP/Chib"
 1132      652F646C 
 1132      74656368 
 1132      2F676472 
 1132      6976652F 
 1133 0033 694F532F 		.ascii	"iOS/F103_ChibiOS_ENC60J28/main\000"
 1133      46313033 
 1133      5F436869 
 1133      62694F53 
 1133      5F454E43 
 1134              	.LASF42:
 1135 0052 7072696F 		.ascii	"prio\000"
 1135      00
 1136              	.LASF19:
 1137 0057 49435052 		.ascii	"ICPR\000"
 1137      00
 1138              	.LASF39:
 1139 005c 4D4D4652 		.ascii	"MMFR\000"
 1139      00
 1140              	.LASF11:
 1141 0061 5F426F6F 		.ascii	"_Bool\000"
 1141      6C00
 1142              	.LASF44:
 1143 0067 6E766963 		.ascii	"nvicDisableVector\000"
 1143      44697361 
 1143      626C6556 
 1143      6563746F 
 1143      7200
 1144              	.LASF26:
 1145 0079 434D785F 		.ascii	"CMx_NVIC\000"
 1145      4E564943 
 1145      00
 1146              	.LASF29:
 1147 0082 56544F52 		.ascii	"VTOR\000"
 1147      00
 1148              	.LASF3:
 1149 0087 73686F72 		.ascii	"short int\000"
 1149      7420696E 
 1149      7400
 1150              	.LASF15:
 1151 0091 49434552 		.ascii	"ICER\000"
 1151      00
 1152              	.LASF12:
 1153 0096 494F5245 		.ascii	"IOREG32\000"
 1153      47333200 
 1154              	.LASF2:
 1155 009e 756E7369 		.ascii	"unsigned char\000"
 1155      676E6564 
 1155      20636861 
 1155      7200
 1156              	.LASF14:
 1157 00ac 756E7573 		.ascii	"unused1\000"
 1157      65643100 
 1158              	.LASF16:
 1159 00b4 756E7573 		.ascii	"unused2\000"
 1159      65643200 
ARM GAS  /tmp/ccXQbk3K.s 			page 22


 1160              	.LASF18:
 1161 00bc 756E7573 		.ascii	"unused3\000"
 1161      65643300 
 1162              	.LASF20:
 1163 00c4 756E7573 		.ascii	"unused4\000"
 1163      65643400 
 1164              	.LASF22:
 1165 00cc 756E7573 		.ascii	"unused5\000"
 1165      65643500 
 1166              	.LASF23:
 1167 00d4 756E7573 		.ascii	"unused6\000"
 1167      65643600 
 1168              	.LASF4:
 1169 00dc 73686F72 		.ascii	"short unsigned int\000"
 1169      7420756E 
 1169      7369676E 
 1169      65642069 
 1169      6E7400
 1170              	.LASF33:
 1171 00ef 43465352 		.ascii	"CFSR\000"
 1171      00
 1172              	.LASF34:
 1173 00f4 48465352 		.ascii	"HFSR\000"
 1173      00
 1174              	.LASF6:
 1175 00f9 6C6F6E67 		.ascii	"long unsigned int\000"
 1175      20756E73 
 1175      69676E65 
 1175      6420696E 
 1175      7400
 1176              	.LASF24:
 1177 010b 53544952 		.ascii	"STIR\000"
 1177      00
 1178              	.LASF9:
 1179 0110 5F5F7569 		.ascii	"__uint32_t\000"
 1179      6E743332 
 1179      5F7400
 1180              	.LASF0:
 1181 011b 756E7369 		.ascii	"unsigned int\000"
 1181      676E6564 
 1181      20696E74 
 1181      00
 1182              	.LASF17:
 1183 0128 49535052 		.ascii	"ISPR\000"
 1183      00
 1184              	.LASF35:
 1185 012d 44465352 		.ascii	"DFSR\000"
 1185      00
 1186              	.LASF8:
 1187 0132 6C6F6E67 		.ascii	"long long unsigned int\000"
 1187      206C6F6E 
 1187      6720756E 
 1187      7369676E 
 1187      65642069 
 1188              	.LASF28:
 1189 0149 49435352 		.ascii	"ICSR\000"
 1189      00
ARM GAS  /tmp/ccXQbk3K.s 			page 23


 1190              	.LASF41:
 1191 014e 434D785F 		.ascii	"CMx_SCB\000"
 1191      53434200 
 1192              	.LASF30:
 1193 0156 41495243 		.ascii	"AIRCR\000"
 1193      5200
 1194              	.LASF37:
 1195 015c 42464152 		.ascii	"BFAR\000"
 1195      00
 1196              	.LASF45:
 1197 0161 68616E64 		.ascii	"handler\000"
 1197      6C657200 
 1198              	.LASF25:
 1199 0169 73697A65 		.ascii	"sizetype\000"
 1199      74797065 
 1199      00
 1200              	.LASF47:
 1201 0172 2E2E2F6F 		.ascii	"../os/ports/common/ARMCMx/nvic.c\000"
 1201      732F706F 
 1201      7274732F 
 1201      636F6D6D 
 1201      6F6E2F41 
 1202              	.LASF7:
 1203 0193 6C6F6E67 		.ascii	"long long int\000"
 1203      206C6F6E 
 1203      6720696E 
 1203      7400
 1204              	.LASF27:
 1205 01a1 43505549 		.ascii	"CPUID\000"
 1205      4400
 1206              	.LASF40:
 1207 01a7 43504143 		.ascii	"CPACR\000"
 1207      5200
 1208              	.LASF13:
 1209 01ad 49534552 		.ascii	"ISER\000"
 1209      00
 1210              	.LASF38:
 1211 01b2 41465352 		.ascii	"AFSR\000"
 1211      00
 1212              	.LASF36:
 1213 01b7 4D4D4641 		.ascii	"MMFAR\000"
 1213      5200
 1214              	.LASF32:
 1215 01bd 53484353 		.ascii	"SHCSR\000"
 1215      5200
 1216              	.LASF10:
 1217 01c3 75696E74 		.ascii	"uint32_t\000"
 1217      33325F74 
 1217      00
 1218              	.LASF5:
 1219 01cc 6C6F6E67 		.ascii	"long int\000"
 1219      20696E74 
 1219      00
 1220              	.LASF31:
 1221 01d5 53485052 		.ascii	"SHPR\000"
 1221      00
 1222              	.LASF46:
ARM GAS  /tmp/ccXQbk3K.s 			page 24


 1223 01da 474E5520 		.ascii	"GNU C 4.8.2 -mcpu=cortex-m3 -mno-thumb-interwork -m"
 1223      4320342E 
 1223      382E3220 
 1223      2D6D6370 
 1223      753D636F 
 1224 020d 7468756D 		.ascii	"thumb -ggdb -O2 -fomit-frame-pointer -falign-functi"
 1224      62202D67 
 1224      67646220 
 1224      2D4F3220 
 1224      2D666F6D 
 1225 0240 6F6E733D 		.ascii	"ons=16 -ffunction-sections -fdata-sections -fno-com"
 1225      3136202D 
 1225      6666756E 
 1225      6374696F 
 1225      6E2D7365 
 1226 0273 6D6F6E20 		.ascii	"mon -fno-strict-aliasing\000"
 1226      2D666E6F 
 1226      2D737472 
 1226      6963742D 
 1226      616C6961 
 1227              	.LASF1:
 1228 028c 7369676E 		.ascii	"signed char\000"
 1228      65642063 
 1228      68617200 
 1229              	.LASF49:
 1230 0298 6E766963 		.ascii	"nvicSetSystemHandlerPriority\000"
 1230      53657453 
 1230      79737465 
 1230      6D48616E 
 1230      646C6572 
 1231              	.LASF21:
 1232 02b5 49414252 		.ascii	"IABR\000"
 1232      00
 1233              	.LASF43:
 1234 02ba 6E766963 		.ascii	"nvicEnableVector\000"
 1234      456E6162 
 1234      6C655665 
 1234      63746F72 
 1234      00
 1235              		.ident	"GCC: (4.8.2-14ubuntu1+6) 4.8.2"
ARM GAS  /tmp/ccXQbk3K.s 			page 25


DEFINED SYMBOLS
                            *ABS*:0000000000000000 nvic.c
     /tmp/ccXQbk3K.s:19     .text.nvicEnableVector:0000000000000000 $t
     /tmp/ccXQbk3K.s:25     .text.nvicEnableVector:0000000000000000 nvicEnableVector
     /tmp/ccXQbk3K.s:80     .text.nvicDisableVector:0000000000000000 $t
     /tmp/ccXQbk3K.s:86     .text.nvicDisableVector:0000000000000000 nvicDisableVector
     /tmp/ccXQbk3K.s:132    .text.nvicSetSystemHandlerPriority:0000000000000000 $t
     /tmp/ccXQbk3K.s:138    .text.nvicSetSystemHandlerPriority:0000000000000000 nvicSetSystemHandlerPriority
                     .debug_frame:0000000000000010 $d

NO UNDEFINED SYMBOLS
