ARM GAS  /tmp/ccNEss3i.s 			page 1


   1              		.syntax unified
   2              		.cpu cortex-m3
   3              		.fpu softvfp
   4              		.eabi_attribute 20, 1
   5              		.eabi_attribute 21, 1
   6              		.eabi_attribute 23, 3
   7              		.eabi_attribute 24, 1
   8              		.eabi_attribute 25, 1
   9              		.eabi_attribute 26, 1
  10              		.eabi_attribute 30, 2
  11              		.eabi_attribute 34, 1
  12              		.eabi_attribute 18, 4
  13              		.thumb
  14              		.file	"pal_lld.c"
  15              		.text
  16              	.Ltext0:
  17              		.cfi_sections	.debug_frame
  18              		.section	.text._pal_lld_init,"ax",%progbits
  19              		.align	2
  20              		.p2align 4,,15
  21              		.global	_pal_lld_init
  22              		.thumb
  23              		.thumb_func
  24              		.type	_pal_lld_init, %function
  25              	_pal_lld_init:
  26              	.LFB56:
  27              		.file 1 "../os/hal/platforms/STM32/GPIOv1/pal_lld.c"
  28              		.loc 1 77 0
  29              		.cfi_startproc
  30              		@ args = 0, pretend = 0, frame = 0
  31              		@ frame_needed = 0, uses_anonymous_args = 0
  32              		@ link register save eliminated.
  33              	.LVL0:
  34 0000 10B4     		push	{r4}
  35              		.cfi_def_cfa_offset 4
  36              		.cfi_offset 4, -4
  37              		.loc 1 82 0
  38 0002 4FF48053 		mov	r3, #4096
  39 0006 C4F20203 		movt	r3, 16386
  40 000a 9A69     		ldr	r2, [r3, #24]
  41 000c 42F07D02 		orr	r2, r2, #125
  42 0010 9A61     		str	r2, [r3, #24]
  43              		.loc 1 87 0
  44 0012 0368     		ldr	r3, [r0]
  45 0014 4FF40062 		mov	r2, #2048
  46 0018 C4F20102 		movt	r2, 16385
  47 001c D360     		str	r3, [r2, #12]
  48              		.loc 1 88 0
  49 001e 8168     		ldr	r1, [r0, #8]
  50              		.loc 1 90 0
  51 0020 4FF44063 		mov	r3, #3072
  52              		.loc 1 88 0
  53 0024 5160     		str	r1, [r2, #4]
  54              		.loc 1 89 0
  55 0026 4168     		ldr	r1, [r0, #4]
  56              		.loc 1 90 0
  57 0028 C4F20103 		movt	r3, 16385
ARM GAS  /tmp/ccNEss3i.s 			page 2


  58              		.loc 1 89 0
  59 002c 1160     		str	r1, [r2]
  60              		.loc 1 90 0
  61 002e C268     		ldr	r2, [r0, #12]
  62              		.loc 1 93 0
  63 0030 4FF48051 		mov	r1, #4096
  64              		.loc 1 90 0
  65 0034 DA60     		str	r2, [r3, #12]
  66              		.loc 1 91 0
  67 0036 4269     		ldr	r2, [r0, #20]
  68              		.loc 1 93 0
  69 0038 C4F20101 		movt	r1, 16385
  70              		.loc 1 91 0
  71 003c 5A60     		str	r2, [r3, #4]
  72              		.loc 1 92 0
  73 003e 0469     		ldr	r4, [r0, #16]
  74              		.loc 1 96 0
  75 0040 4FF4A052 		mov	r2, #5120
  76              		.loc 1 92 0
  77 0044 1C60     		str	r4, [r3]
  78              		.loc 1 93 0
  79 0046 8369     		ldr	r3, [r0, #24]
  80              		.loc 1 96 0
  81 0048 C4F20102 		movt	r2, 16385
  82              		.loc 1 93 0
  83 004c CB60     		str	r3, [r1, #12]
  84              		.loc 1 94 0
  85 004e 046A     		ldr	r4, [r0, #32]
  86              		.loc 1 100 0
  87 0050 4FF4C053 		mov	r3, #6144
  88              		.loc 1 94 0
  89 0054 4C60     		str	r4, [r1, #4]
  90              		.loc 1 95 0
  91 0056 C469     		ldr	r4, [r0, #28]
  92              		.loc 1 100 0
  93 0058 C4F20103 		movt	r3, 16385
  94              		.loc 1 95 0
  95 005c 0C60     		str	r4, [r1]
  96              		.loc 1 96 0
  97 005e 416A     		ldr	r1, [r0, #36]
  98 0060 D160     		str	r1, [r2, #12]
  99              		.loc 1 97 0
 100 0062 C16A     		ldr	r1, [r0, #44]
 101 0064 5160     		str	r1, [r2, #4]
 102              		.loc 1 98 0
 103 0066 816A     		ldr	r1, [r0, #40]
 104 0068 1160     		str	r1, [r2]
 105              		.loc 1 100 0
 106 006a 026B     		ldr	r2, [r0, #48]
 107 006c DA60     		str	r2, [r3, #12]
 108              		.loc 1 101 0
 109 006e 826B     		ldr	r2, [r0, #56]
 110 0070 5A60     		str	r2, [r3, #4]
 111              		.loc 1 102 0
 112 0072 426B     		ldr	r2, [r0, #52]
 113 0074 1A60     		str	r2, [r3]
 114              		.loc 1 114 0
ARM GAS  /tmp/ccNEss3i.s 			page 3


 115 0076 5DF8044B 		ldr	r4, [sp], #4
 116 007a 7047     		bx	lr
 117              		.cfi_endproc
 118              	.LFE56:
 119              		.size	_pal_lld_init, .-_pal_lld_init
 120 007c AFF30080 		.section	.text._pal_lld_setgroupmode,"ax",%progbits
 121              		.align	2
 122              		.p2align 4,,15
 123              		.global	_pal_lld_setgroupmode
 124              		.thumb
 125              		.thumb_func
 126              		.type	_pal_lld_setgroupmode, %function
 127              	_pal_lld_setgroupmode:
 128              	.LFB57:
 129              		.loc 1 133 0
 130              		.cfi_startproc
 131              		@ args = 0, pretend = 0, frame = 0
 132              		@ frame_needed = 0, uses_anonymous_args = 0
 133              		@ link register save eliminated.
 134              	.LVL1:
 135              		.loc 1 157 0
 136 0000 032A     		cmp	r2, #3
 137              		.loc 1 133 0
 138 0002 F0B4     		push	{r4, r5, r6, r7}
 139              		.cfi_def_cfa_offset 16
 140              		.cfi_offset 4, -16
 141              		.cfi_offset 5, -12
 142              		.cfi_offset 6, -8
 143              		.cfi_offset 7, -4
 144              		.loc 1 158 0
 145 0004 08BF     		it	eq
 146 0006 0161     		streq	r1, [r0, #16]
 147              		.loc 1 157 0
 148 0008 02D0     		beq	.L4
 149              		.loc 1 159 0
 150 000a 042A     		cmp	r2, #4
 151              		.loc 1 160 0
 152 000c 08BF     		it	eq
 153 000e 4161     		streq	r1, [r0, #20]
 154              	.L4:
 155              		.loc 1 161 0
 156 0010 40F20003 		movw	r3, #:lower16:.LANCHOR0
 157 0014 C0F20003 		movt	r3, #:upper16:.LANCHOR0
 158 0018 9F5C     		ldrb	r7, [r3, r2]	@ zero_extendqisi2
 159              	.LVL2:
 160              		.loc 1 162 0
 161 001a 0023     		movs	r3, #0
 162 001c 1C46     		mov	r4, r3
 163 001e 1A46     		mov	r2, r3
 164              	.LVL3:
 165 0020 1D46     		mov	r5, r3
 166              		.loc 1 161 0
 167 0022 0826     		movs	r6, #8
 168              	.LVL4:
 169              	.L10:
 170              		.loc 1 168 0
 171 0024 11F0800F 		tst	r1, #128
ARM GAS  /tmp/ccNEss3i.s 			page 4


 172              		.loc 1 164 0
 173 0028 4FEA0212 		lsl	r2, r2, #4
 174              	.LVL5:
 175              		.loc 1 166 0
 176 002c 4FEA0313 		lsl	r3, r3, #4
 177              	.LVL6:
 178              		.loc 1 165 0
 179 0030 4FEA0515 		lsl	r5, r5, #4
 180              	.LVL7:
 181              		.loc 1 167 0
 182 0034 4FEA0414 		lsl	r4, r4, #4
 183              	.LVL8:
 184              		.loc 1 169 0
 185 0038 0CBF     		ite	eq
 186 003a 42F00F02 		orreq	r2, r2, #15
 187              	.LVL9:
 188              		.loc 1 171 0
 189 003e 3B43     		orrne	r3, r3, r7
 190              	.LVL10:
 191              		.loc 1 172 0
 192 0040 11F4004F 		tst	r1, #32768
 193              		.loc 1 173 0
 194 0044 0CBF     		ite	eq
 195 0046 45F00F05 		orreq	r5, r5, #15
 196              	.LVL11:
 197              		.loc 1 175 0
 198 004a 3C43     		orrne	r4, r4, r7
 199              	.LVL12:
 200              		.loc 1 163 0
 201 004c 013E     		subs	r6, r6, #1
 202              	.LVL13:
 203              		.loc 1 176 0
 204 004e 4FEA4101 		lsl	r1, r1, #1
 205              	.LVL14:
 206              		.loc 1 163 0
 207 0052 E7D1     		bne	.L10
 208              		.loc 1 178 0
 209 0054 4168     		ldr	r1, [r0, #4]
 210              	.LVL15:
 211 0056 0D40     		ands	r5, r5, r1
 212              	.LVL16:
 213 0058 2C43     		orrs	r4, r4, r5
 214              	.LVL17:
 215 005a 4460     		str	r4, [r0, #4]
 216              		.loc 1 179 0
 217 005c 0168     		ldr	r1, [r0]
 218              		.loc 1 180 0
 219 005e F0BC     		pop	{r4, r5, r6, r7}
 220              	.LVL18:
 221              		.loc 1 179 0
 222 0060 0A40     		ands	r2, r2, r1
 223              	.LVL19:
 224 0062 1343     		orrs	r3, r3, r2
 225              	.LVL20:
 226 0064 0360     		str	r3, [r0]
 227              		.loc 1 180 0
 228 0066 7047     		bx	lr
ARM GAS  /tmp/ccNEss3i.s 			page 5


 229              		.cfi_endproc
 230              	.LFE57:
 231              		.size	_pal_lld_setgroupmode, .-_pal_lld_setgroupmode
 232 0068 AFF30080 		.section	.rodata.cfgtab.6115,"a",%progbits
 232      AFF30080 
 233              		.align	2
 234              		.set	.LANCHOR0,. + 0
 235              		.type	cfgtab.6115, %object
 236              		.size	cfgtab.6115, 18
 237              	cfgtab.6115:
 238 0000 04       		.byte	4
 239 0001 02       		.byte	2
 240 0002 04       		.byte	4
 241 0003 08       		.byte	8
 242 0004 08       		.byte	8
 243 0005 00       		.byte	0
 244 0006 03       		.byte	3
 245 0007 07       		.byte	7
 246 0008 08       		.byte	8
 247 0009 08       		.byte	8
 248 000a 08       		.byte	8
 249 000b 08       		.byte	8
 250 000c 08       		.byte	8
 251 000d 08       		.byte	8
 252 000e 08       		.byte	8
 253 000f 08       		.byte	8
 254 0010 0B       		.byte	11
 255 0011 0F       		.byte	15
 256 0012 0000     		.text
 257              	.Letext0:
 258              		.file 2 "/usr/include/newlib/machine/_default_types.h"
 259              		.file 3 "/usr/include/newlib/stdint.h"
 260              		.file 4 "../os/hal/platforms/STM32F1xx/stm32f10x.h"
 261              		.file 5 "../os/hal/platforms/STM32/GPIOv1/pal_lld.h"
 262              		.file 6 "../os/ports/common/ARMCMx/CMSIS/include/core_cm3.h"
 263              		.section	.debug_info,"",%progbits
 264              	.Ldebug_info0:
 265 0000 70030000 		.4byte	0x370
 266 0004 0400     		.2byte	0x4
 267 0006 00000000 		.4byte	.Ldebug_abbrev0
 268 000a 04       		.byte	0x4
 269 000b 01       		.uleb128 0x1
 270 000c 3D010000 		.4byte	.LASF45
 271 0010 01       		.byte	0x1
 272 0011 B3000000 		.4byte	.LASF46
 273 0015 4A020000 		.4byte	.LASF47
 274 0019 00000000 		.4byte	.Ldebug_ranges0+0
 275 001d 00000000 		.4byte	0
 276 0021 00000000 		.4byte	.Ldebug_line0
 277 0025 02       		.uleb128 0x2
 278 0026 04       		.byte	0x4
 279 0027 05       		.byte	0x5
 280 0028 696E7400 		.ascii	"int\000"
 281 002c 03       		.uleb128 0x3
 282 002d 04       		.byte	0x4
 283 002e 07       		.byte	0x7
 284 002f 17020000 		.4byte	.LASF0
ARM GAS  /tmp/ccNEss3i.s 			page 6


 285 0033 03       		.uleb128 0x3
 286 0034 01       		.byte	0x1
 287 0035 06       		.byte	0x6
 288 0036 A7000000 		.4byte	.LASF1
 289 003a 04       		.uleb128 0x4
 290 003b 13010000 		.4byte	.LASF5
 291 003f 02       		.byte	0x2
 292 0040 1C       		.byte	0x1c
 293 0041 45000000 		.4byte	0x45
 294 0045 03       		.uleb128 0x3
 295 0046 01       		.byte	0x1
 296 0047 08       		.byte	0x8
 297 0048 2F010000 		.4byte	.LASF2
 298 004c 03       		.uleb128 0x3
 299 004d 02       		.byte	0x2
 300 004e 05       		.byte	0x5
 301 004f 44000000 		.4byte	.LASF3
 302 0053 03       		.uleb128 0x3
 303 0054 02       		.byte	0x2
 304 0055 07       		.byte	0x7
 305 0056 37020000 		.4byte	.LASF4
 306 005a 04       		.uleb128 0x4
 307 005b D7020000 		.4byte	.LASF6
 308 005f 02       		.byte	0x2
 309 0060 37       		.byte	0x37
 310 0061 65000000 		.4byte	0x65
 311 0065 03       		.uleb128 0x3
 312 0066 04       		.byte	0x4
 313 0067 05       		.byte	0x5
 314 0068 F3000000 		.4byte	.LASF7
 315 006c 04       		.uleb128 0x4
 316 006d 5C000000 		.4byte	.LASF8
 317 0071 02       		.byte	0x2
 318 0072 38       		.byte	0x38
 319 0073 77000000 		.4byte	0x77
 320 0077 03       		.uleb128 0x3
 321 0078 04       		.byte	0x4
 322 0079 07       		.byte	0x7
 323 007a C0020000 		.4byte	.LASF9
 324 007e 03       		.uleb128 0x3
 325 007f 08       		.byte	0x8
 326 0080 05       		.byte	0x5
 327 0081 E5000000 		.4byte	.LASF10
 328 0085 03       		.uleb128 0x3
 329 0086 08       		.byte	0x8
 330 0087 07       		.byte	0x7
 331 0088 F7010000 		.4byte	.LASF11
 332 008c 04       		.uleb128 0x4
 333 008d 8A000000 		.4byte	.LASF12
 334 0091 03       		.byte	0x3
 335 0092 2A       		.byte	0x2a
 336 0093 3A000000 		.4byte	0x3a
 337 0097 04       		.uleb128 0x4
 338 0098 9C020000 		.4byte	.LASF13
 339 009c 03       		.byte	0x3
 340 009d 41       		.byte	0x41
 341 009e 5A000000 		.4byte	0x5a
ARM GAS  /tmp/ccNEss3i.s 			page 7


 342 00a2 04       		.uleb128 0x4
 343 00a3 0E020000 		.4byte	.LASF14
 344 00a7 03       		.byte	0x3
 345 00a8 42       		.byte	0x42
 346 00a9 6C000000 		.4byte	0x6c
 347 00ad 03       		.uleb128 0x3
 348 00ae 01       		.byte	0x1
 349 00af 02       		.byte	0x2
 350 00b0 AE020000 		.4byte	.LASF15
 351 00b4 05       		.uleb128 0x5
 352 00b5 A2000000 		.4byte	0xa2
 353 00b9 03       		.uleb128 0x3
 354 00ba 04       		.byte	0x4
 355 00bb 07       		.byte	0x7
 356 00bc 4E000000 		.4byte	.LASF16
 357 00c0 05       		.uleb128 0x5
 358 00c1 97000000 		.4byte	0x97
 359 00c5 06       		.uleb128 0x6
 360 00c6 1C       		.byte	0x1c
 361 00c7 04       		.byte	0x4
 362 00c8 F803     		.2byte	0x3f8
 363 00ca 2A010000 		.4byte	0x12a
 364 00ce 07       		.uleb128 0x7
 365 00cf 43524C00 		.ascii	"CRL\000"
 366 00d3 04       		.byte	0x4
 367 00d4 FA03     		.2byte	0x3fa
 368 00d6 B4000000 		.4byte	0xb4
 369 00da 00       		.byte	0
 370 00db 07       		.uleb128 0x7
 371 00dc 43524800 		.ascii	"CRH\000"
 372 00e0 04       		.byte	0x4
 373 00e1 FB03     		.2byte	0x3fb
 374 00e3 B4000000 		.4byte	0xb4
 375 00e7 04       		.byte	0x4
 376 00e8 07       		.uleb128 0x7
 377 00e9 49445200 		.ascii	"IDR\000"
 378 00ed 04       		.byte	0x4
 379 00ee FC03     		.2byte	0x3fc
 380 00f0 B4000000 		.4byte	0xb4
 381 00f4 08       		.byte	0x8
 382 00f5 07       		.uleb128 0x7
 383 00f6 4F445200 		.ascii	"ODR\000"
 384 00fa 04       		.byte	0x4
 385 00fb FD03     		.2byte	0x3fd
 386 00fd B4000000 		.4byte	0xb4
 387 0101 0C       		.byte	0xc
 388 0102 08       		.uleb128 0x8
 389 0103 75000000 		.4byte	.LASF17
 390 0107 04       		.byte	0x4
 391 0108 FE03     		.2byte	0x3fe
 392 010a B4000000 		.4byte	0xb4
 393 010e 10       		.byte	0x10
 394 010f 07       		.uleb128 0x7
 395 0110 42525200 		.ascii	"BRR\000"
 396 0114 04       		.byte	0x4
 397 0115 FF03     		.2byte	0x3ff
 398 0117 B4000000 		.4byte	0xb4
ARM GAS  /tmp/ccNEss3i.s 			page 8


 399 011b 14       		.byte	0x14
 400 011c 08       		.uleb128 0x8
 401 011d FA020000 		.4byte	.LASF18
 402 0121 04       		.byte	0x4
 403 0122 0004     		.2byte	0x400
 404 0124 B4000000 		.4byte	0xb4
 405 0128 18       		.byte	0x18
 406 0129 00       		.byte	0
 407 012a 09       		.uleb128 0x9
 408 012b 00000000 		.4byte	.LASF19
 409 012f 04       		.byte	0x4
 410 0130 0104     		.2byte	0x401
 411 0132 C5000000 		.4byte	0xc5
 412 0136 06       		.uleb128 0x6
 413 0137 28       		.byte	0x28
 414 0138 04       		.byte	0x4
 415 0139 4304     		.2byte	0x443
 416 013b C1010000 		.4byte	0x1c1
 417 013f 07       		.uleb128 0x7
 418 0140 435200   		.ascii	"CR\000"
 419 0143 04       		.byte	0x4
 420 0144 4504     		.2byte	0x445
 421 0146 B4000000 		.4byte	0xb4
 422 014a 00       		.byte	0
 423 014b 08       		.uleb128 0x8
 424 014c F5020000 		.4byte	.LASF20
 425 0150 04       		.byte	0x4
 426 0151 4604     		.2byte	0x446
 427 0153 B4000000 		.4byte	0xb4
 428 0157 04       		.byte	0x4
 429 0158 07       		.uleb128 0x7
 430 0159 43495200 		.ascii	"CIR\000"
 431 015d 04       		.byte	0x4
 432 015e 4704     		.2byte	0x447
 433 0160 B4000000 		.4byte	0xb4
 434 0164 08       		.byte	0x8
 435 0165 08       		.uleb128 0x8
 436 0166 0A010000 		.4byte	.LASF21
 437 016a 04       		.byte	0x4
 438 016b 4804     		.2byte	0x448
 439 016d B4000000 		.4byte	0xb4
 440 0171 0C       		.byte	0xc
 441 0172 08       		.uleb128 0x8
 442 0173 67000000 		.4byte	.LASF22
 443 0177 04       		.byte	0x4
 444 0178 4904     		.2byte	0x449
 445 017a B4000000 		.4byte	0xb4
 446 017e 10       		.byte	0x10
 447 017f 08       		.uleb128 0x8
 448 0180 03010000 		.4byte	.LASF23
 449 0184 04       		.byte	0x4
 450 0185 4A04     		.2byte	0x44a
 451 0187 B4000000 		.4byte	0xb4
 452 018b 14       		.byte	0x14
 453 018c 08       		.uleb128 0x8
 454 018d EF010000 		.4byte	.LASF24
 455 0191 04       		.byte	0x4
ARM GAS  /tmp/ccNEss3i.s 			page 9


 456 0192 4B04     		.2byte	0x44b
 457 0194 B4000000 		.4byte	0xb4
 458 0198 18       		.byte	0x18
 459 0199 08       		.uleb128 0x8
 460 019a 92000000 		.4byte	.LASF25
 461 019e 04       		.byte	0x4
 462 019f 4C04     		.2byte	0x44c
 463 01a1 B4000000 		.4byte	0xb4
 464 01a5 1C       		.byte	0x1c
 465 01a6 08       		.uleb128 0x8
 466 01a7 57000000 		.4byte	.LASF26
 467 01ab 04       		.byte	0x4
 468 01ac 4D04     		.2byte	0x44d
 469 01ae B4000000 		.4byte	0xb4
 470 01b2 20       		.byte	0x20
 471 01b3 07       		.uleb128 0x7
 472 01b4 43535200 		.ascii	"CSR\000"
 473 01b8 04       		.byte	0x4
 474 01b9 4E04     		.2byte	0x44e
 475 01bb B4000000 		.4byte	0xb4
 476 01bf 24       		.byte	0x24
 477 01c0 00       		.byte	0
 478 01c1 09       		.uleb128 0x9
 479 01c2 14000000 		.4byte	.LASF27
 480 01c6 04       		.byte	0x4
 481 01c7 5904     		.2byte	0x459
 482 01c9 36010000 		.4byte	0x136
 483 01cd 0A       		.uleb128 0xa
 484 01ce 0C       		.byte	0xc
 485 01cf 05       		.byte	0x5
 486 01d0 38       		.byte	0x38
 487 01d1 FA010000 		.4byte	0x1fa
 488 01d5 0B       		.uleb128 0xb
 489 01d6 6F647200 		.ascii	"odr\000"
 490 01da 05       		.byte	0x5
 491 01db 3A       		.byte	0x3a
 492 01dc A2000000 		.4byte	0xa2
 493 01e0 00       		.byte	0
 494 01e1 0B       		.uleb128 0xb
 495 01e2 63726C00 		.ascii	"crl\000"
 496 01e6 05       		.byte	0x5
 497 01e7 3C       		.byte	0x3c
 498 01e8 A2000000 		.4byte	0xa2
 499 01ec 04       		.byte	0x4
 500 01ed 0B       		.uleb128 0xb
 501 01ee 63726800 		.ascii	"crh\000"
 502 01f2 05       		.byte	0x5
 503 01f3 3E       		.byte	0x3e
 504 01f4 A2000000 		.4byte	0xa2
 505 01f8 08       		.byte	0x8
 506 01f9 00       		.byte	0
 507 01fa 04       		.uleb128 0x4
 508 01fb 24020000 		.4byte	.LASF28
 509 01ff 05       		.byte	0x5
 510 0200 3F       		.byte	0x3f
 511 0201 CD010000 		.4byte	0x1cd
 512 0205 0A       		.uleb128 0xa
ARM GAS  /tmp/ccNEss3i.s 			page 10


 513 0206 3C       		.byte	0x3c
 514 0207 05       		.byte	0x5
 515 0208 48       		.byte	0x48
 516 0209 4A020000 		.4byte	0x24a
 517 020d 0C       		.uleb128 0xc
 518 020e DE000000 		.4byte	.LASF29
 519 0212 05       		.byte	0x5
 520 0213 4A       		.byte	0x4a
 521 0214 FA010000 		.4byte	0x1fa
 522 0218 00       		.byte	0
 523 0219 0C       		.uleb128 0xc
 524 021a EE020000 		.4byte	.LASF30
 525 021e 05       		.byte	0x5
 526 021f 4C       		.byte	0x4c
 527 0220 FA010000 		.4byte	0x1fa
 528 0224 0C       		.byte	0xc
 529 0225 0C       		.uleb128 0xc
 530 0226 0D000000 		.4byte	.LASF31
 531 022a 05       		.byte	0x5
 532 022b 4E       		.byte	0x4e
 533 022c FA010000 		.4byte	0x1fa
 534 0230 18       		.byte	0x18
 535 0231 0C       		.uleb128 0xc
 536 0232 FC000000 		.4byte	.LASF32
 537 0236 05       		.byte	0x5
 538 0237 50       		.byte	0x50
 539 0238 FA010000 		.4byte	0x1fa
 540 023c 24       		.byte	0x24
 541 023d 0C       		.uleb128 0xc
 542 023e B4020000 		.4byte	.LASF33
 543 0242 05       		.byte	0x5
 544 0243 53       		.byte	0x53
 545 0244 FA010000 		.4byte	0x1fa
 546 0248 30       		.byte	0x30
 547 0249 00       		.byte	0
 548 024a 04       		.uleb128 0x4
 549 024b A4020000 		.4byte	.LASF34
 550 024f 05       		.byte	0x5
 551 0250 5D       		.byte	0x5d
 552 0251 05020000 		.4byte	0x205
 553 0255 04       		.uleb128 0x4
 554 0256 9A000000 		.4byte	.LASF35
 555 025a 05       		.byte	0x5
 556 025b 6D       		.byte	0x6d
 557 025c A2000000 		.4byte	0xa2
 558 0260 04       		.uleb128 0x4
 559 0261 81000000 		.4byte	.LASF36
 560 0265 05       		.byte	0x5
 561 0266 72       		.byte	0x72
 562 0267 A2000000 		.4byte	0xa2
 563 026b 04       		.uleb128 0x4
 564 026c 1D010000 		.4byte	.LASF37
 565 0270 05       		.byte	0x5
 566 0271 7A       		.byte	0x7a
 567 0272 76020000 		.4byte	0x276
 568 0276 0D       		.uleb128 0xd
 569 0277 04       		.byte	0x4
ARM GAS  /tmp/ccNEss3i.s 			page 11


 570 0278 2A010000 		.4byte	0x12a
 571 027c 0E       		.uleb128 0xe
 572 027d 36000000 		.4byte	.LASF38
 573 0281 01       		.byte	0x1
 574 0282 4D       		.byte	0x4d
 575 0283 00000000 		.4byte	.LFB56
 576 0287 7C000000 		.4byte	.LFE56-.LFB56
 577 028b 01       		.uleb128 0x1
 578 028c 9C       		.byte	0x9c
 579 028d 9F020000 		.4byte	0x29f
 580 0291 0F       		.uleb128 0xf
 581 0292 7A000000 		.4byte	.LASF40
 582 0296 01       		.byte	0x1
 583 0297 4D       		.byte	0x4d
 584 0298 9F020000 		.4byte	0x29f
 585 029c 01       		.uleb128 0x1
 586 029d 50       		.byte	0x50
 587 029e 00       		.byte	0
 588 029f 0D       		.uleb128 0xd
 589 02a0 04       		.byte	0x4
 590 02a1 A5020000 		.4byte	0x2a5
 591 02a5 10       		.uleb128 0x10
 592 02a6 4A020000 		.4byte	0x24a
 593 02aa 0E       		.uleb128 0xe
 594 02ab 20000000 		.4byte	.LASF39
 595 02af 01       		.byte	0x1
 596 02b0 83       		.byte	0x83
 597 02b1 00000000 		.4byte	.LFB57
 598 02b5 68000000 		.4byte	.LFE57-.LFB57
 599 02b9 01       		.uleb128 0x1
 600 02ba 9C       		.byte	0x9c
 601 02bb 52030000 		.4byte	0x352
 602 02bf 0F       		.uleb128 0xf
 603 02c0 BB020000 		.4byte	.LASF41
 604 02c4 01       		.byte	0x1
 605 02c5 83       		.byte	0x83
 606 02c6 6B020000 		.4byte	0x26b
 607 02ca 01       		.uleb128 0x1
 608 02cb 50       		.byte	0x50
 609 02cc 11       		.uleb128 0x11
 610 02cd D2020000 		.4byte	.LASF42
 611 02d1 01       		.byte	0x1
 612 02d2 84       		.byte	0x84
 613 02d3 55020000 		.4byte	0x255
 614 02d7 00000000 		.4byte	.LLST0
 615 02db 11       		.uleb128 0x11
 616 02dc 70000000 		.4byte	.LASF43
 617 02e0 01       		.byte	0x1
 618 02e1 85       		.byte	0x85
 619 02e2 60020000 		.4byte	0x260
 620 02e6 1E000000 		.4byte	.LLST1
 621 02ea 12       		.uleb128 0x12
 622 02eb 28010000 		.4byte	.LASF44
 623 02ef 01       		.byte	0x1
 624 02f0 86       		.byte	0x86
 625 02f1 62030000 		.4byte	0x362
 626 02f5 05       		.uleb128 0x5
ARM GAS  /tmp/ccNEss3i.s 			page 12


 627 02f6 03       		.byte	0x3
 628 02f7 00000000 		.4byte	cfgtab.6115
 629 02fb 13       		.uleb128 0x13
 630 02fc 6D6800   		.ascii	"mh\000"
 631 02ff 01       		.byte	0x1
 632 0300 9A       		.byte	0x9a
 633 0301 A2000000 		.4byte	0xa2
 634 0305 3F000000 		.4byte	.LLST2
 635 0309 13       		.uleb128 0x13
 636 030a 6D6C00   		.ascii	"ml\000"
 637 030d 01       		.byte	0x1
 638 030e 9A       		.byte	0x9a
 639 030f A2000000 		.4byte	0xa2
 640 0313 5E000000 		.4byte	.LLST3
 641 0317 13       		.uleb128 0x13
 642 0318 63726800 		.ascii	"crh\000"
 643 031c 01       		.byte	0x1
 644 031d 9A       		.byte	0x9a
 645 031e A2000000 		.4byte	0xa2
 646 0322 7D000000 		.4byte	.LLST4
 647 0326 13       		.uleb128 0x13
 648 0327 63726C00 		.ascii	"crl\000"
 649 032b 01       		.byte	0x1
 650 032c 9A       		.byte	0x9a
 651 032d A2000000 		.4byte	0xa2
 652 0331 9C000000 		.4byte	.LLST5
 653 0335 13       		.uleb128 0x13
 654 0336 63666700 		.ascii	"cfg\000"
 655 033a 01       		.byte	0x1
 656 033b 9A       		.byte	0x9a
 657 033c A2000000 		.4byte	0xa2
 658 0340 C6000000 		.4byte	.LLST6
 659 0344 13       		.uleb128 0x13
 660 0345 6900     		.ascii	"i\000"
 661 0347 01       		.byte	0x1
 662 0348 9B       		.byte	0x9b
 663 0349 2C000000 		.4byte	0x2c
 664 034d F2000000 		.4byte	.LLST7
 665 0351 00       		.byte	0
 666 0352 14       		.uleb128 0x14
 667 0353 8C000000 		.4byte	0x8c
 668 0357 62030000 		.4byte	0x362
 669 035b 15       		.uleb128 0x15
 670 035c B9000000 		.4byte	0xb9
 671 0360 11       		.byte	0x11
 672 0361 00       		.byte	0
 673 0362 10       		.uleb128 0x10
 674 0363 52030000 		.4byte	0x352
 675 0367 16       		.uleb128 0x16
 676 0368 E1020000 		.4byte	.LASF48
 677 036c 06       		.byte	0x6
 678 036d 0706     		.2byte	0x607
 679 036f C0000000 		.4byte	0xc0
 680 0373 00       		.byte	0
 681              		.section	.debug_abbrev,"",%progbits
 682              	.Ldebug_abbrev0:
 683 0000 01       		.uleb128 0x1
ARM GAS  /tmp/ccNEss3i.s 			page 13


 684 0001 11       		.uleb128 0x11
 685 0002 01       		.byte	0x1
 686 0003 25       		.uleb128 0x25
 687 0004 0E       		.uleb128 0xe
 688 0005 13       		.uleb128 0x13
 689 0006 0B       		.uleb128 0xb
 690 0007 03       		.uleb128 0x3
 691 0008 0E       		.uleb128 0xe
 692 0009 1B       		.uleb128 0x1b
 693 000a 0E       		.uleb128 0xe
 694 000b 55       		.uleb128 0x55
 695 000c 17       		.uleb128 0x17
 696 000d 11       		.uleb128 0x11
 697 000e 01       		.uleb128 0x1
 698 000f 10       		.uleb128 0x10
 699 0010 17       		.uleb128 0x17
 700 0011 00       		.byte	0
 701 0012 00       		.byte	0
 702 0013 02       		.uleb128 0x2
 703 0014 24       		.uleb128 0x24
 704 0015 00       		.byte	0
 705 0016 0B       		.uleb128 0xb
 706 0017 0B       		.uleb128 0xb
 707 0018 3E       		.uleb128 0x3e
 708 0019 0B       		.uleb128 0xb
 709 001a 03       		.uleb128 0x3
 710 001b 08       		.uleb128 0x8
 711 001c 00       		.byte	0
 712 001d 00       		.byte	0
 713 001e 03       		.uleb128 0x3
 714 001f 24       		.uleb128 0x24
 715 0020 00       		.byte	0
 716 0021 0B       		.uleb128 0xb
 717 0022 0B       		.uleb128 0xb
 718 0023 3E       		.uleb128 0x3e
 719 0024 0B       		.uleb128 0xb
 720 0025 03       		.uleb128 0x3
 721 0026 0E       		.uleb128 0xe
 722 0027 00       		.byte	0
 723 0028 00       		.byte	0
 724 0029 04       		.uleb128 0x4
 725 002a 16       		.uleb128 0x16
 726 002b 00       		.byte	0
 727 002c 03       		.uleb128 0x3
 728 002d 0E       		.uleb128 0xe
 729 002e 3A       		.uleb128 0x3a
 730 002f 0B       		.uleb128 0xb
 731 0030 3B       		.uleb128 0x3b
 732 0031 0B       		.uleb128 0xb
 733 0032 49       		.uleb128 0x49
 734 0033 13       		.uleb128 0x13
 735 0034 00       		.byte	0
 736 0035 00       		.byte	0
 737 0036 05       		.uleb128 0x5
 738 0037 35       		.uleb128 0x35
 739 0038 00       		.byte	0
 740 0039 49       		.uleb128 0x49
ARM GAS  /tmp/ccNEss3i.s 			page 14


 741 003a 13       		.uleb128 0x13
 742 003b 00       		.byte	0
 743 003c 00       		.byte	0
 744 003d 06       		.uleb128 0x6
 745 003e 13       		.uleb128 0x13
 746 003f 01       		.byte	0x1
 747 0040 0B       		.uleb128 0xb
 748 0041 0B       		.uleb128 0xb
 749 0042 3A       		.uleb128 0x3a
 750 0043 0B       		.uleb128 0xb
 751 0044 3B       		.uleb128 0x3b
 752 0045 05       		.uleb128 0x5
 753 0046 01       		.uleb128 0x1
 754 0047 13       		.uleb128 0x13
 755 0048 00       		.byte	0
 756 0049 00       		.byte	0
 757 004a 07       		.uleb128 0x7
 758 004b 0D       		.uleb128 0xd
 759 004c 00       		.byte	0
 760 004d 03       		.uleb128 0x3
 761 004e 08       		.uleb128 0x8
 762 004f 3A       		.uleb128 0x3a
 763 0050 0B       		.uleb128 0xb
 764 0051 3B       		.uleb128 0x3b
 765 0052 05       		.uleb128 0x5
 766 0053 49       		.uleb128 0x49
 767 0054 13       		.uleb128 0x13
 768 0055 38       		.uleb128 0x38
 769 0056 0B       		.uleb128 0xb
 770 0057 00       		.byte	0
 771 0058 00       		.byte	0
 772 0059 08       		.uleb128 0x8
 773 005a 0D       		.uleb128 0xd
 774 005b 00       		.byte	0
 775 005c 03       		.uleb128 0x3
 776 005d 0E       		.uleb128 0xe
 777 005e 3A       		.uleb128 0x3a
 778 005f 0B       		.uleb128 0xb
 779 0060 3B       		.uleb128 0x3b
 780 0061 05       		.uleb128 0x5
 781 0062 49       		.uleb128 0x49
 782 0063 13       		.uleb128 0x13
 783 0064 38       		.uleb128 0x38
 784 0065 0B       		.uleb128 0xb
 785 0066 00       		.byte	0
 786 0067 00       		.byte	0
 787 0068 09       		.uleb128 0x9
 788 0069 16       		.uleb128 0x16
 789 006a 00       		.byte	0
 790 006b 03       		.uleb128 0x3
 791 006c 0E       		.uleb128 0xe
 792 006d 3A       		.uleb128 0x3a
 793 006e 0B       		.uleb128 0xb
 794 006f 3B       		.uleb128 0x3b
 795 0070 05       		.uleb128 0x5
 796 0071 49       		.uleb128 0x49
 797 0072 13       		.uleb128 0x13
ARM GAS  /tmp/ccNEss3i.s 			page 15


 798 0073 00       		.byte	0
 799 0074 00       		.byte	0
 800 0075 0A       		.uleb128 0xa
 801 0076 13       		.uleb128 0x13
 802 0077 01       		.byte	0x1
 803 0078 0B       		.uleb128 0xb
 804 0079 0B       		.uleb128 0xb
 805 007a 3A       		.uleb128 0x3a
 806 007b 0B       		.uleb128 0xb
 807 007c 3B       		.uleb128 0x3b
 808 007d 0B       		.uleb128 0xb
 809 007e 01       		.uleb128 0x1
 810 007f 13       		.uleb128 0x13
 811 0080 00       		.byte	0
 812 0081 00       		.byte	0
 813 0082 0B       		.uleb128 0xb
 814 0083 0D       		.uleb128 0xd
 815 0084 00       		.byte	0
 816 0085 03       		.uleb128 0x3
 817 0086 08       		.uleb128 0x8
 818 0087 3A       		.uleb128 0x3a
 819 0088 0B       		.uleb128 0xb
 820 0089 3B       		.uleb128 0x3b
 821 008a 0B       		.uleb128 0xb
 822 008b 49       		.uleb128 0x49
 823 008c 13       		.uleb128 0x13
 824 008d 38       		.uleb128 0x38
 825 008e 0B       		.uleb128 0xb
 826 008f 00       		.byte	0
 827 0090 00       		.byte	0
 828 0091 0C       		.uleb128 0xc
 829 0092 0D       		.uleb128 0xd
 830 0093 00       		.byte	0
 831 0094 03       		.uleb128 0x3
 832 0095 0E       		.uleb128 0xe
 833 0096 3A       		.uleb128 0x3a
 834 0097 0B       		.uleb128 0xb
 835 0098 3B       		.uleb128 0x3b
 836 0099 0B       		.uleb128 0xb
 837 009a 49       		.uleb128 0x49
 838 009b 13       		.uleb128 0x13
 839 009c 38       		.uleb128 0x38
 840 009d 0B       		.uleb128 0xb
 841 009e 00       		.byte	0
 842 009f 00       		.byte	0
 843 00a0 0D       		.uleb128 0xd
 844 00a1 0F       		.uleb128 0xf
 845 00a2 00       		.byte	0
 846 00a3 0B       		.uleb128 0xb
 847 00a4 0B       		.uleb128 0xb
 848 00a5 49       		.uleb128 0x49
 849 00a6 13       		.uleb128 0x13
 850 00a7 00       		.byte	0
 851 00a8 00       		.byte	0
 852 00a9 0E       		.uleb128 0xe
 853 00aa 2E       		.uleb128 0x2e
 854 00ab 01       		.byte	0x1
ARM GAS  /tmp/ccNEss3i.s 			page 16


 855 00ac 3F       		.uleb128 0x3f
 856 00ad 19       		.uleb128 0x19
 857 00ae 03       		.uleb128 0x3
 858 00af 0E       		.uleb128 0xe
 859 00b0 3A       		.uleb128 0x3a
 860 00b1 0B       		.uleb128 0xb
 861 00b2 3B       		.uleb128 0x3b
 862 00b3 0B       		.uleb128 0xb
 863 00b4 27       		.uleb128 0x27
 864 00b5 19       		.uleb128 0x19
 865 00b6 11       		.uleb128 0x11
 866 00b7 01       		.uleb128 0x1
 867 00b8 12       		.uleb128 0x12
 868 00b9 06       		.uleb128 0x6
 869 00ba 40       		.uleb128 0x40
 870 00bb 18       		.uleb128 0x18
 871 00bc 9742     		.uleb128 0x2117
 872 00be 19       		.uleb128 0x19
 873 00bf 01       		.uleb128 0x1
 874 00c0 13       		.uleb128 0x13
 875 00c1 00       		.byte	0
 876 00c2 00       		.byte	0
 877 00c3 0F       		.uleb128 0xf
 878 00c4 05       		.uleb128 0x5
 879 00c5 00       		.byte	0
 880 00c6 03       		.uleb128 0x3
 881 00c7 0E       		.uleb128 0xe
 882 00c8 3A       		.uleb128 0x3a
 883 00c9 0B       		.uleb128 0xb
 884 00ca 3B       		.uleb128 0x3b
 885 00cb 0B       		.uleb128 0xb
 886 00cc 49       		.uleb128 0x49
 887 00cd 13       		.uleb128 0x13
 888 00ce 02       		.uleb128 0x2
 889 00cf 18       		.uleb128 0x18
 890 00d0 00       		.byte	0
 891 00d1 00       		.byte	0
 892 00d2 10       		.uleb128 0x10
 893 00d3 26       		.uleb128 0x26
 894 00d4 00       		.byte	0
 895 00d5 49       		.uleb128 0x49
 896 00d6 13       		.uleb128 0x13
 897 00d7 00       		.byte	0
 898 00d8 00       		.byte	0
 899 00d9 11       		.uleb128 0x11
 900 00da 05       		.uleb128 0x5
 901 00db 00       		.byte	0
 902 00dc 03       		.uleb128 0x3
 903 00dd 0E       		.uleb128 0xe
 904 00de 3A       		.uleb128 0x3a
 905 00df 0B       		.uleb128 0xb
 906 00e0 3B       		.uleb128 0x3b
 907 00e1 0B       		.uleb128 0xb
 908 00e2 49       		.uleb128 0x49
 909 00e3 13       		.uleb128 0x13
 910 00e4 02       		.uleb128 0x2
 911 00e5 17       		.uleb128 0x17
ARM GAS  /tmp/ccNEss3i.s 			page 17


 912 00e6 00       		.byte	0
 913 00e7 00       		.byte	0
 914 00e8 12       		.uleb128 0x12
 915 00e9 34       		.uleb128 0x34
 916 00ea 00       		.byte	0
 917 00eb 03       		.uleb128 0x3
 918 00ec 0E       		.uleb128 0xe
 919 00ed 3A       		.uleb128 0x3a
 920 00ee 0B       		.uleb128 0xb
 921 00ef 3B       		.uleb128 0x3b
 922 00f0 0B       		.uleb128 0xb
 923 00f1 49       		.uleb128 0x49
 924 00f2 13       		.uleb128 0x13
 925 00f3 02       		.uleb128 0x2
 926 00f4 18       		.uleb128 0x18
 927 00f5 00       		.byte	0
 928 00f6 00       		.byte	0
 929 00f7 13       		.uleb128 0x13
 930 00f8 34       		.uleb128 0x34
 931 00f9 00       		.byte	0
 932 00fa 03       		.uleb128 0x3
 933 00fb 08       		.uleb128 0x8
 934 00fc 3A       		.uleb128 0x3a
 935 00fd 0B       		.uleb128 0xb
 936 00fe 3B       		.uleb128 0x3b
 937 00ff 0B       		.uleb128 0xb
 938 0100 49       		.uleb128 0x49
 939 0101 13       		.uleb128 0x13
 940 0102 02       		.uleb128 0x2
 941 0103 17       		.uleb128 0x17
 942 0104 00       		.byte	0
 943 0105 00       		.byte	0
 944 0106 14       		.uleb128 0x14
 945 0107 01       		.uleb128 0x1
 946 0108 01       		.byte	0x1
 947 0109 49       		.uleb128 0x49
 948 010a 13       		.uleb128 0x13
 949 010b 01       		.uleb128 0x1
 950 010c 13       		.uleb128 0x13
 951 010d 00       		.byte	0
 952 010e 00       		.byte	0
 953 010f 15       		.uleb128 0x15
 954 0110 21       		.uleb128 0x21
 955 0111 00       		.byte	0
 956 0112 49       		.uleb128 0x49
 957 0113 13       		.uleb128 0x13
 958 0114 2F       		.uleb128 0x2f
 959 0115 0B       		.uleb128 0xb
 960 0116 00       		.byte	0
 961 0117 00       		.byte	0
 962 0118 16       		.uleb128 0x16
 963 0119 34       		.uleb128 0x34
 964 011a 00       		.byte	0
 965 011b 03       		.uleb128 0x3
 966 011c 0E       		.uleb128 0xe
 967 011d 3A       		.uleb128 0x3a
 968 011e 0B       		.uleb128 0xb
ARM GAS  /tmp/ccNEss3i.s 			page 18


 969 011f 3B       		.uleb128 0x3b
 970 0120 05       		.uleb128 0x5
 971 0121 49       		.uleb128 0x49
 972 0122 13       		.uleb128 0x13
 973 0123 3F       		.uleb128 0x3f
 974 0124 19       		.uleb128 0x19
 975 0125 3C       		.uleb128 0x3c
 976 0126 19       		.uleb128 0x19
 977 0127 00       		.byte	0
 978 0128 00       		.byte	0
 979 0129 00       		.byte	0
 980              		.section	.debug_loc,"",%progbits
 981              	.Ldebug_loc0:
 982              	.LLST0:
 983 0000 00000000 		.4byte	.LVL1
 984 0004 52000000 		.4byte	.LVL14
 985 0008 0100     		.2byte	0x1
 986 000a 51       		.byte	0x51
 987 000b 52000000 		.4byte	.LVL14
 988 000f 56000000 		.4byte	.LVL15
 989 0013 0100     		.2byte	0x1
 990 0015 51       		.byte	0x51
 991 0016 00000000 		.4byte	0
 992 001a 00000000 		.4byte	0
 993              	.LLST1:
 994 001e 00000000 		.4byte	.LVL1
 995 0022 20000000 		.4byte	.LVL3
 996 0026 0100     		.2byte	0x1
 997 0028 52       		.byte	0x52
 998 0029 20000000 		.4byte	.LVL3
 999 002d 68000000 		.4byte	.LFE57
 1000 0031 0400     		.2byte	0x4
 1001 0033 F3       		.byte	0xf3
 1002 0034 01       		.uleb128 0x1
 1003 0035 52       		.byte	0x52
 1004 0036 9F       		.byte	0x9f
 1005 0037 00000000 		.4byte	0
 1006 003b 00000000 		.4byte	0
 1007              	.LLST2:
 1008 003f 1A000000 		.4byte	.LVL2
 1009 0043 24000000 		.4byte	.LVL4
 1010 0047 0200     		.2byte	0x2
 1011 0049 30       		.byte	0x30
 1012 004a 9F       		.byte	0x9f
 1013 004b 24000000 		.4byte	.LVL4
 1014 004f 58000000 		.4byte	.LVL16
 1015 0053 0100     		.2byte	0x1
 1016 0055 55       		.byte	0x55
 1017 0056 00000000 		.4byte	0
 1018 005a 00000000 		.4byte	0
 1019              	.LLST3:
 1020 005e 1A000000 		.4byte	.LVL2
 1021 0062 24000000 		.4byte	.LVL4
 1022 0066 0200     		.2byte	0x2
 1023 0068 30       		.byte	0x30
 1024 0069 9F       		.byte	0x9f
 1025 006a 24000000 		.4byte	.LVL4
ARM GAS  /tmp/ccNEss3i.s 			page 19


 1026 006e 62000000 		.4byte	.LVL19
 1027 0072 0100     		.2byte	0x1
 1028 0074 52       		.byte	0x52
 1029 0075 00000000 		.4byte	0
 1030 0079 00000000 		.4byte	0
 1031              	.LLST4:
 1032 007d 1A000000 		.4byte	.LVL2
 1033 0081 24000000 		.4byte	.LVL4
 1034 0085 0200     		.2byte	0x2
 1035 0087 30       		.byte	0x30
 1036 0088 9F       		.byte	0x9f
 1037 0089 24000000 		.4byte	.LVL4
 1038 008d 5A000000 		.4byte	.LVL17
 1039 0091 0100     		.2byte	0x1
 1040 0093 54       		.byte	0x54
 1041 0094 00000000 		.4byte	0
 1042 0098 00000000 		.4byte	0
 1043              	.LLST5:
 1044 009c 1A000000 		.4byte	.LVL2
 1045 00a0 24000000 		.4byte	.LVL4
 1046 00a4 0200     		.2byte	0x2
 1047 00a6 30       		.byte	0x30
 1048 00a7 9F       		.byte	0x9f
 1049 00a8 24000000 		.4byte	.LVL4
 1050 00ac 30000000 		.4byte	.LVL6
 1051 00b0 0100     		.2byte	0x1
 1052 00b2 53       		.byte	0x53
 1053 00b3 34000000 		.4byte	.LVL7
 1054 00b7 64000000 		.4byte	.LVL20
 1055 00bb 0100     		.2byte	0x1
 1056 00bd 53       		.byte	0x53
 1057 00be 00000000 		.4byte	0
 1058 00c2 00000000 		.4byte	0
 1059              	.LLST6:
 1060 00c6 1A000000 		.4byte	.LVL2
 1061 00ca 60000000 		.4byte	.LVL18
 1062 00ce 0100     		.2byte	0x1
 1063 00d0 57       		.byte	0x57
 1064 00d1 60000000 		.4byte	.LVL18
 1065 00d5 68000000 		.4byte	.LFE57
 1066 00d9 0F00     		.2byte	0xf
 1067 00db F3       		.byte	0xf3
 1068 00dc 01       		.uleb128 0x1
 1069 00dd 52       		.byte	0x52
 1070 00de 03       		.byte	0x3
 1071 00df 00000000 		.4byte	.LANCHOR0
 1072 00e3 22       		.byte	0x22
 1073 00e4 94       		.byte	0x94
 1074 00e5 01       		.byte	0x1
 1075 00e6 08       		.byte	0x8
 1076 00e7 FF       		.byte	0xff
 1077 00e8 1A       		.byte	0x1a
 1078 00e9 9F       		.byte	0x9f
 1079 00ea 00000000 		.4byte	0
 1080 00ee 00000000 		.4byte	0
 1081              	.LLST7:
 1082 00f2 1A000000 		.4byte	.LVL2
ARM GAS  /tmp/ccNEss3i.s 			page 20


 1083 00f6 24000000 		.4byte	.LVL4
 1084 00fa 0200     		.2byte	0x2
 1085 00fc 30       		.byte	0x30
 1086 00fd 9F       		.byte	0x9f
 1087 00fe 24000000 		.4byte	.LVL4
 1088 0102 4E000000 		.4byte	.LVL13
 1089 0106 0500     		.2byte	0x5
 1090 0108 38       		.byte	0x38
 1091 0109 76       		.byte	0x76
 1092 010a 00       		.sleb128 0
 1093 010b 1C       		.byte	0x1c
 1094 010c 9F       		.byte	0x9f
 1095 010d 4E000000 		.4byte	.LVL13
 1096 0111 52000000 		.4byte	.LVL14
 1097 0115 0500     		.2byte	0x5
 1098 0117 37       		.byte	0x37
 1099 0118 76       		.byte	0x76
 1100 0119 00       		.sleb128 0
 1101 011a 1C       		.byte	0x1c
 1102 011b 9F       		.byte	0x9f
 1103 011c 00000000 		.4byte	0
 1104 0120 00000000 		.4byte	0
 1105              		.section	.debug_aranges,"",%progbits
 1106 0000 24000000 		.4byte	0x24
 1107 0004 0200     		.2byte	0x2
 1108 0006 00000000 		.4byte	.Ldebug_info0
 1109 000a 04       		.byte	0x4
 1110 000b 00       		.byte	0
 1111 000c 0000     		.2byte	0
 1112 000e 0000     		.2byte	0
 1113 0010 00000000 		.4byte	.LFB56
 1114 0014 7C000000 		.4byte	.LFE56-.LFB56
 1115 0018 00000000 		.4byte	.LFB57
 1116 001c 68000000 		.4byte	.LFE57-.LFB57
 1117 0020 00000000 		.4byte	0
 1118 0024 00000000 		.4byte	0
 1119              		.section	.debug_ranges,"",%progbits
 1120              	.Ldebug_ranges0:
 1121 0000 00000000 		.4byte	.LFB56
 1122 0004 7C000000 		.4byte	.LFE56
 1123 0008 00000000 		.4byte	.LFB57
 1124 000c 68000000 		.4byte	.LFE57
 1125 0010 00000000 		.4byte	0
 1126 0014 00000000 		.4byte	0
 1127              		.section	.debug_line,"",%progbits
 1128              	.Ldebug_line0:
 1129 0000 75010000 		.section	.debug_str,"MS",%progbits,1
 1129      02000101 
 1129      00000201 
 1129      FB0E0D00 
 1129      01010101 
 1130              	.LASF19:
 1131 0000 4750494F 		.ascii	"GPIO_TypeDef\000"
 1131      5F547970 
 1131      65446566 
 1131      00
 1132              	.LASF31:
ARM GAS  /tmp/ccNEss3i.s 			page 21


 1133 000d 50434461 		.ascii	"PCData\000"
 1133      746100
 1134              	.LASF27:
 1135 0014 5243435F 		.ascii	"RCC_TypeDef\000"
 1135      54797065 
 1135      44656600 
 1136              	.LASF39:
 1137 0020 5F70616C 		.ascii	"_pal_lld_setgroupmode\000"
 1137      5F6C6C64 
 1137      5F736574 
 1137      67726F75 
 1137      706D6F64 
 1138              	.LASF38:
 1139 0036 5F70616C 		.ascii	"_pal_lld_init\000"
 1139      5F6C6C64 
 1139      5F696E69 
 1139      7400
 1140              	.LASF3:
 1141 0044 73686F72 		.ascii	"short int\000"
 1141      7420696E 
 1141      7400
 1142              	.LASF16:
 1143 004e 73697A65 		.ascii	"sizetype\000"
 1143      74797065 
 1143      00
 1144              	.LASF26:
 1145 0057 42444352 		.ascii	"BDCR\000"
 1145      00
 1146              	.LASF8:
 1147 005c 5F5F7569 		.ascii	"__uint32_t\000"
 1147      6E743332 
 1147      5F7400
 1148              	.LASF22:
 1149 0067 41504231 		.ascii	"APB1RSTR\000"
 1149      52535452 
 1149      00
 1150              	.LASF43:
 1151 0070 6D6F6465 		.ascii	"mode\000"
 1151      00
 1152              	.LASF17:
 1153 0075 42535252 		.ascii	"BSRR\000"
 1153      00
 1154              	.LASF40:
 1155 007a 636F6E66 		.ascii	"config\000"
 1155      696700
 1156              	.LASF36:
 1157 0081 696F6D6F 		.ascii	"iomode_t\000"
 1157      64655F74 
 1157      00
 1158              	.LASF12:
 1159 008a 75696E74 		.ascii	"uint8_t\000"
 1159      385F7400 
 1160              	.LASF25:
 1161 0092 41504231 		.ascii	"APB1ENR\000"
 1161      454E5200 
 1162              	.LASF35:
 1163 009a 696F706F 		.ascii	"ioportmask_t\000"
ARM GAS  /tmp/ccNEss3i.s 			page 22


 1163      72746D61 
 1163      736B5F74 
 1163      00
 1164              	.LASF1:
 1165 00a7 7369676E 		.ascii	"signed char\000"
 1165      65642063 
 1165      68617200 
 1166              	.LASF46:
 1167 00b3 2E2E2F6F 		.ascii	"../os/hal/platforms/STM32/GPIOv1/pal_lld.c\000"
 1167      732F6861 
 1167      6C2F706C 
 1167      6174666F 
 1167      726D732F 
 1168              	.LASF29:
 1169 00de 50414461 		.ascii	"PAData\000"
 1169      746100
 1170              	.LASF10:
 1171 00e5 6C6F6E67 		.ascii	"long long int\000"
 1171      206C6F6E 
 1171      6720696E 
 1171      7400
 1172              	.LASF7:
 1173 00f3 6C6F6E67 		.ascii	"long int\000"
 1173      20696E74 
 1173      00
 1174              	.LASF32:
 1175 00fc 50444461 		.ascii	"PDData\000"
 1175      746100
 1176              	.LASF23:
 1177 0103 41484245 		.ascii	"AHBENR\000"
 1177      4E5200
 1178              	.LASF21:
 1179 010a 41504232 		.ascii	"APB2RSTR\000"
 1179      52535452 
 1179      00
 1180              	.LASF5:
 1181 0113 5F5F7569 		.ascii	"__uint8_t\000"
 1181      6E74385F 
 1181      7400
 1182              	.LASF37:
 1183 011d 696F706F 		.ascii	"ioportid_t\000"
 1183      72746964 
 1183      5F7400
 1184              	.LASF44:
 1185 0128 63666774 		.ascii	"cfgtab\000"
 1185      616200
 1186              	.LASF2:
 1187 012f 756E7369 		.ascii	"unsigned char\000"
 1187      676E6564 
 1187      20636861 
 1187      7200
 1188              	.LASF45:
 1189 013d 474E5520 		.ascii	"GNU C 4.8.2 -mcpu=cortex-m3 -mno-thumb-interwork -m"
 1189      4320342E 
 1189      382E3220 
 1189      2D6D6370 
 1189      753D636F 
ARM GAS  /tmp/ccNEss3i.s 			page 23


 1190 0170 7468756D 		.ascii	"thumb -ggdb -O2 -fomit-frame-pointer -falign-functi"
 1190      62202D67 
 1190      67646220 
 1190      2D4F3220 
 1190      2D666F6D 
 1191 01a3 6F6E733D 		.ascii	"ons=16 -ffunction-sections -fdata-sections -fno-com"
 1191      3136202D 
 1191      6666756E 
 1191      6374696F 
 1191      6E2D7365 
 1192 01d6 6D6F6E20 		.ascii	"mon -fno-strict-aliasing\000"
 1192      2D666E6F 
 1192      2D737472 
 1192      6963742D 
 1192      616C6961 
 1193              	.LASF24:
 1194 01ef 41504232 		.ascii	"APB2ENR\000"
 1194      454E5200 
 1195              	.LASF11:
 1196 01f7 6C6F6E67 		.ascii	"long long unsigned int\000"
 1196      206C6F6E 
 1196      6720756E 
 1196      7369676E 
 1196      65642069 
 1197              	.LASF14:
 1198 020e 75696E74 		.ascii	"uint32_t\000"
 1198      33325F74 
 1198      00
 1199              	.LASF0:
 1200 0217 756E7369 		.ascii	"unsigned int\000"
 1200      676E6564 
 1200      20696E74 
 1200      00
 1201              	.LASF28:
 1202 0224 73746D33 		.ascii	"stm32_gpio_setup_t\000"
 1202      325F6770 
 1202      696F5F73 
 1202      65747570 
 1202      5F7400
 1203              	.LASF4:
 1204 0237 73686F72 		.ascii	"short unsigned int\000"
 1204      7420756E 
 1204      7369676E 
 1204      65642069 
 1204      6E7400
 1205              	.LASF47:
 1206 024a 2F686F6D 		.ascii	"/home/dltech/gdrive/Projects/RFM_to_Modbus_TCP/Chib"
 1206      652F646C 
 1206      74656368 
 1206      2F676472 
 1206      6976652F 
 1207 027d 694F532F 		.ascii	"iOS/F103_ChibiOS_ENC60J28/main\000"
 1207      46313033 
 1207      5F436869 
 1207      62694F53 
 1207      5F454E43 
 1208              	.LASF13:
ARM GAS  /tmp/ccNEss3i.s 			page 24


 1209 029c 696E7433 		.ascii	"int32_t\000"
 1209      325F7400 
 1210              	.LASF34:
 1211 02a4 50414C43 		.ascii	"PALConfig\000"
 1211      6F6E6669 
 1211      6700
 1212              	.LASF15:
 1213 02ae 5F426F6F 		.ascii	"_Bool\000"
 1213      6C00
 1214              	.LASF33:
 1215 02b4 50454461 		.ascii	"PEData\000"
 1215      746100
 1216              	.LASF41:
 1217 02bb 706F7274 		.ascii	"port\000"
 1217      00
 1218              	.LASF9:
 1219 02c0 6C6F6E67 		.ascii	"long unsigned int\000"
 1219      20756E73 
 1219      69676E65 
 1219      6420696E 
 1219      7400
 1220              	.LASF42:
 1221 02d2 6D61736B 		.ascii	"mask\000"
 1221      00
 1222              	.LASF6:
 1223 02d7 5F5F696E 		.ascii	"__int32_t\000"
 1223      7433325F 
 1223      7400
 1224              	.LASF48:
 1225 02e1 49544D5F 		.ascii	"ITM_RxBuffer\000"
 1225      52784275 
 1225      66666572 
 1225      00
 1226              	.LASF30:
 1227 02ee 50424461 		.ascii	"PBData\000"
 1227      746100
 1228              	.LASF20:
 1229 02f5 43464752 		.ascii	"CFGR\000"
 1229      00
 1230              	.LASF18:
 1231 02fa 4C434B52 		.ascii	"LCKR\000"
 1231      00
 1232              		.ident	"GCC: (4.8.2-14ubuntu1+6) 4.8.2"
ARM GAS  /tmp/ccNEss3i.s 			page 25


DEFINED SYMBOLS
                            *ABS*:0000000000000000 pal_lld.c
     /tmp/ccNEss3i.s:19     .text._pal_lld_init:0000000000000000 $t
     /tmp/ccNEss3i.s:25     .text._pal_lld_init:0000000000000000 _pal_lld_init
     /tmp/ccNEss3i.s:121    .text._pal_lld_setgroupmode:0000000000000000 $t
     /tmp/ccNEss3i.s:127    .text._pal_lld_setgroupmode:0000000000000000 _pal_lld_setgroupmode
     /tmp/ccNEss3i.s:234    .rodata.cfgtab.6115:0000000000000000 .LANCHOR0
     /tmp/ccNEss3i.s:233    .rodata.cfgtab.6115:0000000000000000 $d
     /tmp/ccNEss3i.s:237    .rodata.cfgtab.6115:0000000000000000 cfgtab.6115
                     .debug_frame:0000000000000010 $d

NO UNDEFINED SYMBOLS
