ARM GAS  /tmp/cc96HzGn.s 			page 1


   1              		.syntax unified
   2              		.cpu cortex-m3
   3              		.fpu softvfp
   4              		.eabi_attribute 20, 1
   5              		.eabi_attribute 21, 1
   6              		.eabi_attribute 23, 3
   7              		.eabi_attribute 24, 1
   8              		.eabi_attribute 25, 1
   9              		.eabi_attribute 26, 1
  10              		.eabi_attribute 30, 2
  11              		.eabi_attribute 34, 1
  12              		.eabi_attribute 18, 4
  13              		.thumb
  14              		.file	"tm.c"
  15              		.text
  16              	.Ltext0:
  17              		.cfi_sections	.debug_frame
  18              		.section	.text.tm_start,"ax",%progbits
  19              		.align	2
  20              		.p2align 4,,15
  21              		.thumb
  22              		.thumb_func
  23              		.type	tm_start, %function
  24              	tm_start:
  25              	.LFB56:
  26              		.file 1 "../os/hal/src/tm.c"
  27              		.loc 1 69 0
  28              		.cfi_startproc
  29              		@ args = 0, pretend = 0, frame = 0
  30              		@ frame_needed = 0, uses_anonymous_args = 0
  31              		@ link register save eliminated.
  32              	.LVL0:
  33              		.loc 1 71 0
  34 0000 4FF48053 		mov	r3, #4096
  35 0004 CEF20003 		movt	r3, 57344
  36 0008 5B68     		ldr	r3, [r3, #4]
  37 000a 8360     		str	r3, [r0, #8]
  38 000c 7047     		bx	lr
  39              		.cfi_endproc
  40              	.LFE56:
  41              		.size	tm_start, .-tm_start
  42 000e 00BF     		.section	.text.tm_stop,"ax",%progbits
  43              		.align	2
  44              		.p2align 4,,15
  45              		.thumb
  46              		.thumb_func
  47              		.type	tm_stop, %function
  48              	tm_stop:
  49              	.LFB57:
  50              		.loc 1 81 0
  51              		.cfi_startproc
  52              		@ args = 0, pretend = 0, frame = 0
  53              		@ frame_needed = 0, uses_anonymous_args = 0
  54              		@ link register save eliminated.
  55              	.LVL1:
  56 0000 10B4     		push	{r4}
  57              		.cfi_def_cfa_offset 4
ARM GAS  /tmp/cc96HzGn.s 			page 2


  58              		.cfi_offset 4, -4
  59              		.loc 1 83 0
  60 0002 4FF48053 		mov	r3, #4096
  61 0006 CEF20003 		movt	r3, 57344
  62              		.loc 1 84 0
  63 000a 40F20002 		movw	r2, #:lower16:.LANCHOR0
  64              		.loc 1 83 0
  65 000e 5B68     		ldr	r3, [r3, #4]
  66              	.LVL2:
  67              		.loc 1 84 0
  68 0010 8168     		ldr	r1, [r0, #8]
  69 0012 C0F20002 		movt	r2, #:upper16:.LANCHOR0
  70 0016 1468     		ldr	r4, [r2]
  71 0018 5B1A     		subs	r3, r3, r1
  72              	.LVL3:
  73              		.loc 1 85 0
  74 001a C268     		ldr	r2, [r0, #12]
  75              		.loc 1 84 0
  76 001c 1B1B     		subs	r3, r3, r4
  77              		.loc 1 85 0
  78 001e 9342     		cmp	r3, r2
  79              		.loc 1 84 0
  80 0020 8360     		str	r3, [r0, #8]
  81              		.loc 1 86 0
  82 0022 88BF     		it	hi
  83 0024 C360     		strhi	r3, [r0, #12]
  84              		.loc 1 85 0
  85 0026 03D8     		bhi	.L2
  86              		.loc 1 87 0
  87 0028 0269     		ldr	r2, [r0, #16]
  88 002a 9342     		cmp	r3, r2
  89              		.loc 1 88 0
  90 002c 38BF     		it	cc
  91 002e 0361     		strcc	r3, [r0, #16]
  92              	.L2:
  93              		.loc 1 89 0
  94 0030 5DF8044B 		ldr	r4, [sp], #4
  95 0034 7047     		bx	lr
  96              		.cfi_endproc
  97              	.LFE57:
  98              		.size	tm_stop, .-tm_stop
  99              		.section	.text.tmInit,"ax",%progbits
 100              		.align	2
 101              		.p2align 4,,15
 102              		.global	tmInit
 103              		.thumb
 104              		.thumb_func
 105              		.type	tmInit, %function
 106              	tmInit:
 107              	.LFB58:
 108              		.loc 1 104 0
 109              		.cfi_startproc
 110              		@ args = 0, pretend = 0, frame = 24
 111              		@ frame_needed = 0, uses_anonymous_args = 0
 112 0000 30B5     		push	{r4, r5, lr}
 113              		.cfi_def_cfa_offset 12
 114              		.cfi_offset 4, -12
ARM GAS  /tmp/cc96HzGn.s 			page 3


 115              		.cfi_offset 5, -8
 116              		.cfi_offset 14, -4
 117              	.LBB8:
 118              	.LBB9:
 119              		.loc 1 126 0
 120 0002 40F20002 		movw	r2, #:lower16:tm_start
 121              	.LBE9:
 122              	.LBE8:
 123              		.loc 1 110 0
 124 0006 40F20004 		movw	r4, #:lower16:.LANCHOR0
 125              	.LBB14:
 126              	.LBB10:
 127              		.loc 1 127 0
 128 000a 40F20003 		movw	r3, #:lower16:tm_stop
 129              	.LBE10:
 130              	.LBE14:
 131              		.loc 1 104 0
 132 000e 87B0     		sub	sp, sp, #28
 133              		.cfi_def_cfa_offset 40
 134              		.loc 1 110 0
 135 0010 0021     		movs	r1, #0
 136 0012 C0F20004 		movt	r4, #:upper16:.LANCHOR0
 137              	.LBB15:
 138              	.LBB11:
 139              		.loc 1 126 0
 140 0016 C0F20002 		movt	r2, #:upper16:tm_start
 141              		.loc 1 127 0
 142 001a C0F20003 		movt	r3, #:upper16:tm_stop
 143              		.loc 1 130 0
 144 001e 4FF0FF35 		mov	r5, #-1
 145              	.LBE11:
 146              	.LBE15:
 147              	.LBB16:
 148              	.LBB17:
 149              		.loc 1 71 0
 150 0022 4FF48050 		mov	r0, #4096
 151              	.LBE17:
 152              	.LBE16:
 153              	.LBB20:
 154              	.LBB12:
 155              		.loc 1 128 0
 156 0026 0391     		str	r1, [sp, #12]
 157              	.LBE12:
 158              	.LBE20:
 159              		.loc 1 110 0
 160 0028 2160     		str	r1, [r4]
 161              	.LVL4:
 162              	.LBB21:
 163              	.LBB13:
 164              		.loc 1 129 0
 165 002a 0491     		str	r1, [sp, #16]
 166              		.loc 1 126 0
 167 002c 0192     		str	r2, [sp, #4]
 168              		.loc 1 127 0
 169 002e 0293     		str	r3, [sp, #8]
 170              		.loc 1 130 0
 171 0030 0595     		str	r5, [sp, #20]
ARM GAS  /tmp/cc96HzGn.s 			page 4


 172              	.LVL5:
 173              	.LBE13:
 174              	.LBE21:
 175              	.LBB22:
 176              	.LBB18:
 177              		.loc 1 71 0
 178 0032 CEF20000 		movt	r0, 57344
 179 0036 4368     		ldr	r3, [r0, #4]
 180              	.LBE18:
 181              	.LBE22:
 182              		.loc 1 113 0
 183 0038 01A8     		add	r0, sp, #4
 184              	.LVL6:
 185              	.LBB23:
 186              	.LBB19:
 187              		.loc 1 71 0
 188 003a 0393     		str	r3, [sp, #12]
 189              	.LBE19:
 190              	.LBE23:
 191              		.loc 1 113 0
 192 003c FFF7FEFF 		bl	tm_stop
 193              	.LVL7:
 194              		.loc 1 114 0
 195 0040 039B     		ldr	r3, [sp, #12]
 196 0042 2360     		str	r3, [r4]
 197              		.loc 1 115 0
 198 0044 07B0     		add	sp, sp, #28
 199              		@ sp needed
 200 0046 30BD     		pop	{r4, r5, pc}
 201              		.cfi_endproc
 202              	.LFE58:
 203              		.size	tmInit, .-tmInit
 204 0048 AFF30080 		.section	.text.tmObjectInit,"ax",%progbits
 204      AFF30080 
 205              		.align	2
 206              		.p2align 4,,15
 207              		.global	tmObjectInit
 208              		.thumb
 209              		.thumb_func
 210              		.type	tmObjectInit, %function
 211              	tmObjectInit:
 212              	.LFB59:
 213              		.loc 1 124 0
 214              		.cfi_startproc
 215              		@ args = 0, pretend = 0, frame = 0
 216              		@ frame_needed = 0, uses_anonymous_args = 0
 217              		@ link register save eliminated.
 218              	.LVL8:
 219              		.loc 1 126 0
 220 0000 40F20002 		movw	r2, #:lower16:tm_start
 221              		.loc 1 127 0
 222 0004 40F20003 		movw	r3, #:lower16:tm_stop
 223              		.loc 1 124 0
 224 0008 10B4     		push	{r4}
 225              		.cfi_def_cfa_offset 4
 226              		.cfi_offset 4, -4
 227              		.loc 1 128 0
ARM GAS  /tmp/cc96HzGn.s 			page 5


 228 000a 0021     		movs	r1, #0
 229              		.loc 1 130 0
 230 000c 4FF0FF34 		mov	r4, #-1
 231              		.loc 1 126 0
 232 0010 C0F20002 		movt	r2, #:upper16:tm_start
 233              		.loc 1 127 0
 234 0014 C0F20003 		movt	r3, #:upper16:tm_stop
 235              		.loc 1 130 0
 236 0018 0461     		str	r4, [r0, #16]
 237              		.loc 1 127 0
 238 001a 80E80C00 		stmia	r0, {r2, r3}
 239              		.loc 1 128 0
 240 001e 8160     		str	r1, [r0, #8]
 241              		.loc 1 129 0
 242 0020 C160     		str	r1, [r0, #12]
 243              		.loc 1 131 0
 244 0022 5DF8044B 		ldr	r4, [sp], #4
 245 0026 7047     		bx	lr
 246              		.cfi_endproc
 247              	.LFE59:
 248              		.size	tmObjectInit, .-tmObjectInit
 249              		.section	.bss.measurement_offset,"aw",%nobits
 250              		.align	2
 251              		.set	.LANCHOR0,. + 0
 252              		.type	measurement_offset, %object
 253              		.size	measurement_offset, 4
 254              	measurement_offset:
 255 0000 00000000 		.space	4
 256              		.text
 257              	.Letext0:
 258              		.file 2 "/usr/include/newlib/machine/_default_types.h"
 259              		.file 3 "/usr/include/newlib/stdint.h"
 260              		.file 4 "../os/ports/common/ARMCMx/nvic.h"
 261              		.file 5 "../os/hal/platforms/STM32F1xx/hal_lld.h"
 262              		.file 6 "../os/hal/include/tm.h"
 263              		.file 7 "../os/ports/common/ARMCMx/CMSIS/include/core_cm3.h"
 264              		.section	.debug_info,"",%progbits
 265              	.Ldebug_info0:
 266 0000 CD020000 		.4byte	0x2cd
 267 0004 0400     		.2byte	0x4
 268 0006 00000000 		.4byte	.Ldebug_abbrev0
 269 000a 04       		.byte	0x4
 270 000b 01       		.uleb128 0x1
 271 000c BE010000 		.4byte	.LASF33
 272 0010 01       		.byte	0x1
 273 0011 CA000000 		.4byte	.LASF34
 274 0015 30010000 		.4byte	.LASF35
 275 0019 50000000 		.4byte	.Ldebug_ranges0+0x50
 276 001d 00000000 		.4byte	0
 277 0021 00000000 		.4byte	.Ldebug_line0
 278 0025 02       		.uleb128 0x2
 279 0026 04       		.byte	0x4
 280 0027 05       		.byte	0x5
 281 0028 696E7400 		.ascii	"int\000"
 282 002c 03       		.uleb128 0x3
 283 002d 04       		.byte	0x4
 284 002e 07       		.byte	0x7
ARM GAS  /tmp/cc96HzGn.s 			page 6


 285 002f B2000000 		.4byte	.LASF0
 286 0033 03       		.uleb128 0x3
 287 0034 01       		.byte	0x1
 288 0035 06       		.byte	0x6
 289 0036 70020000 		.4byte	.LASF1
 290 003a 03       		.uleb128 0x3
 291 003b 01       		.byte	0x1
 292 003c 08       		.byte	0x8
 293 003d 30000000 		.4byte	.LASF2
 294 0041 03       		.uleb128 0x3
 295 0042 02       		.byte	0x2
 296 0043 05       		.byte	0x5
 297 0044 95010000 		.4byte	.LASF3
 298 0048 03       		.uleb128 0x3
 299 0049 02       		.byte	0x2
 300 004a 07       		.byte	0x7
 301 004b 6B000000 		.4byte	.LASF4
 302 004f 04       		.uleb128 0x4
 303 0050 0A000000 		.4byte	.LASF6
 304 0054 02       		.byte	0x2
 305 0055 37       		.byte	0x37
 306 0056 5A000000 		.4byte	0x5a
 307 005a 03       		.uleb128 0x3
 308 005b 04       		.byte	0x4
 309 005c 05       		.byte	0x5
 310 005d B5010000 		.4byte	.LASF5
 311 0061 04       		.uleb128 0x4
 312 0062 A0000000 		.4byte	.LASF7
 313 0066 02       		.byte	0x2
 314 0067 38       		.byte	0x38
 315 0068 6C000000 		.4byte	0x6c
 316 006c 03       		.uleb128 0x3
 317 006d 04       		.byte	0x4
 318 006e 07       		.byte	0x7
 319 006f 4C000000 		.4byte	.LASF8
 320 0073 03       		.uleb128 0x3
 321 0074 08       		.byte	0x8
 322 0075 05       		.byte	0x5
 323 0076 1A010000 		.4byte	.LASF9
 324 007a 03       		.uleb128 0x3
 325 007b 08       		.byte	0x8
 326 007c 07       		.byte	0x7
 327 007d DD000000 		.4byte	.LASF10
 328 0081 04       		.uleb128 0x4
 329 0082 09010000 		.4byte	.LASF11
 330 0086 03       		.byte	0x3
 331 0087 41       		.byte	0x41
 332 0088 4F000000 		.4byte	0x4f
 333 008c 04       		.uleb128 0x4
 334 008d AC010000 		.4byte	.LASF12
 335 0091 03       		.byte	0x3
 336 0092 42       		.byte	0x42
 337 0093 61000000 		.4byte	0x61
 338 0097 03       		.uleb128 0x3
 339 0098 01       		.byte	0x1
 340 0099 02       		.byte	0x2
 341 009a 8C020000 		.4byte	.LASF13
ARM GAS  /tmp/cc96HzGn.s 			page 7


 342 009e 04       		.uleb128 0x4
 343 009f 28010000 		.4byte	.LASF14
 344 00a3 04       		.byte	0x4
 345 00a4 3A       		.byte	0x3a
 346 00a5 A9000000 		.4byte	0xa9
 347 00a9 05       		.uleb128 0x5
 348 00aa 8C000000 		.4byte	0x8c
 349 00ae 03       		.uleb128 0x3
 350 00af 04       		.byte	0x4
 351 00b0 07       		.byte	0x7
 352 00b1 11010000 		.4byte	.LASF15
 353 00b5 06       		.uleb128 0x6
 354 00b6 20       		.byte	0x20
 355 00b7 04       		.byte	0x4
 356 00b8 0601     		.2byte	0x106
 357 00ba 27010000 		.4byte	0x127
 358 00be 07       		.uleb128 0x7
 359 00bf FD000000 		.4byte	.LASF16
 360 00c3 04       		.byte	0x4
 361 00c4 0701     		.2byte	0x107
 362 00c6 9E000000 		.4byte	0x9e
 363 00ca 00       		.byte	0
 364 00cb 07       		.uleb128 0x7
 365 00cc 3E000000 		.4byte	.LASF17
 366 00d0 04       		.byte	0x4
 367 00d1 0801     		.2byte	0x108
 368 00d3 9E000000 		.4byte	0x9e
 369 00d7 04       		.byte	0x4
 370 00d8 07       		.uleb128 0x7
 371 00d9 7E000000 		.4byte	.LASF18
 372 00dd 04       		.byte	0x4
 373 00de 0901     		.2byte	0x109
 374 00e0 9E000000 		.4byte	0x9e
 375 00e4 08       		.byte	0x8
 376 00e5 07       		.uleb128 0x7
 377 00e6 02010000 		.4byte	.LASF19
 378 00ea 04       		.byte	0x4
 379 00eb 0A01     		.2byte	0x10a
 380 00ed 9E000000 		.4byte	0x9e
 381 00f1 0C       		.byte	0xc
 382 00f2 07       		.uleb128 0x7
 383 00f3 22000000 		.4byte	.LASF20
 384 00f7 04       		.byte	0x4
 385 00f8 0B01     		.2byte	0x10b
 386 00fa 9E000000 		.4byte	0x9e
 387 00fe 10       		.byte	0x10
 388 00ff 07       		.uleb128 0x7
 389 0100 AB000000 		.4byte	.LASF21
 390 0104 04       		.byte	0x4
 391 0105 0C01     		.2byte	0x10c
 392 0107 9E000000 		.4byte	0x9e
 393 010b 14       		.byte	0x14
 394 010c 07       		.uleb128 0x7
 395 010d 92000000 		.4byte	.LASF22
 396 0111 04       		.byte	0x4
 397 0112 0D01     		.2byte	0x10d
 398 0114 9E000000 		.4byte	0x9e
ARM GAS  /tmp/cc96HzGn.s 			page 8


 399 0118 18       		.byte	0x18
 400 0119 07       		.uleb128 0x7
 401 011a 05000000 		.4byte	.LASF23
 402 011e 04       		.byte	0x4
 403 011f 0E01     		.2byte	0x10e
 404 0121 9E000000 		.4byte	0x9e
 405 0125 1C       		.byte	0x1c
 406 0126 00       		.byte	0
 407 0127 08       		.uleb128 0x8
 408 0128 9F010000 		.4byte	.LASF24
 409 012c 04       		.byte	0x4
 410 012d 0F01     		.2byte	0x10f
 411 012f B5000000 		.4byte	0xb5
 412 0133 05       		.uleb128 0x5
 413 0134 81000000 		.4byte	0x81
 414 0138 04       		.uleb128 0x4
 415 0139 BF000000 		.4byte	.LASF25
 416 013d 05       		.byte	0x5
 417 013e CE       		.byte	0xce
 418 013f 8C000000 		.4byte	0x8c
 419 0143 04       		.uleb128 0x4
 420 0144 7C020000 		.4byte	.LASF26
 421 0148 06       		.byte	0x6
 422 0149 45       		.byte	0x45
 423 014a 4E010000 		.4byte	0x14e
 424 014e 09       		.uleb128 0x9
 425 014f 7C020000 		.4byte	.LASF26
 426 0153 14       		.byte	0x14
 427 0154 06       		.byte	0x6
 428 0155 4A       		.byte	0x4a
 429 0156 97010000 		.4byte	0x197
 430 015a 0A       		.uleb128 0xa
 431 015b 1C000000 		.4byte	.LASF27
 432 015f 06       		.byte	0x6
 433 0160 4B       		.byte	0x4b
 434 0161 A8010000 		.4byte	0x1a8
 435 0165 00       		.byte	0
 436 0166 0A       		.uleb128 0xa
 437 0167 2B000000 		.4byte	.LASF28
 438 016b 06       		.byte	0x6
 439 016c 4C       		.byte	0x4c
 440 016d A8010000 		.4byte	0x1a8
 441 0171 04       		.byte	0x4
 442 0172 0A       		.uleb128 0xa
 443 0173 00000000 		.4byte	.LASF29
 444 0177 06       		.byte	0x6
 445 0178 4D       		.byte	0x4d
 446 0179 38010000 		.4byte	0x138
 447 017d 08       		.byte	0x8
 448 017e 0A       		.uleb128 0xa
 449 017f 9A000000 		.4byte	.LASF30
 450 0183 06       		.byte	0x6
 451 0184 4E       		.byte	0x4e
 452 0185 38010000 		.4byte	0x138
 453 0189 0C       		.byte	0xc
 454 018a 0A       		.uleb128 0xa
 455 018b A7010000 		.4byte	.LASF31
ARM GAS  /tmp/cc96HzGn.s 			page 9


 456 018f 06       		.byte	0x6
 457 0190 4F       		.byte	0x4f
 458 0191 38010000 		.4byte	0x138
 459 0195 10       		.byte	0x10
 460 0196 00       		.byte	0
 461 0197 0B       		.uleb128 0xb
 462 0198 A2010000 		.4byte	0x1a2
 463 019c 0C       		.uleb128 0xc
 464 019d A2010000 		.4byte	0x1a2
 465 01a1 00       		.byte	0
 466 01a2 0D       		.uleb128 0xd
 467 01a3 04       		.byte	0x4
 468 01a4 43010000 		.4byte	0x143
 469 01a8 0D       		.uleb128 0xd
 470 01a9 04       		.byte	0x4
 471 01aa 97010000 		.4byte	0x197
 472 01ae 0E       		.uleb128 0xe
 473 01af 5E000000 		.4byte	.LASF36
 474 01b3 01       		.byte	0x1
 475 01b4 7C       		.byte	0x7c
 476 01b5 01       		.byte	0x1
 477 01b6 C6010000 		.4byte	0x1c6
 478 01ba 0F       		.uleb128 0xf
 479 01bb 746D7000 		.ascii	"tmp\000"
 480 01bf 01       		.byte	0x1
 481 01c0 7C       		.byte	0x7c
 482 01c1 A2010000 		.4byte	0x1a2
 483 01c5 00       		.byte	0
 484 01c6 10       		.uleb128 0x10
 485 01c7 F4000000 		.4byte	.LASF37
 486 01cb 01       		.byte	0x1
 487 01cc 45       		.byte	0x45
 488 01cd 01       		.byte	0x1
 489 01ce DE010000 		.4byte	0x1de
 490 01d2 0F       		.uleb128 0xf
 491 01d3 746D7000 		.ascii	"tmp\000"
 492 01d7 01       		.byte	0x1
 493 01d8 45       		.byte	0x45
 494 01d9 A2010000 		.4byte	0x1a2
 495 01dd 00       		.byte	0
 496 01de 11       		.uleb128 0x11
 497 01df C6010000 		.4byte	0x1c6
 498 01e3 00000000 		.4byte	.LFB56
 499 01e7 0E000000 		.4byte	.LFE56-.LFB56
 500 01eb 01       		.uleb128 0x1
 501 01ec 9C       		.byte	0x9c
 502 01ed F9010000 		.4byte	0x1f9
 503 01f1 12       		.uleb128 0x12
 504 01f2 D2010000 		.4byte	0x1d2
 505 01f6 01       		.uleb128 0x1
 506 01f7 50       		.byte	0x50
 507 01f8 00       		.byte	0
 508 01f9 13       		.uleb128 0x13
 509 01fa 14000000 		.4byte	.LASF38
 510 01fe 01       		.byte	0x1
 511 01ff 51       		.byte	0x51
 512 0200 00000000 		.4byte	.LFB57
ARM GAS  /tmp/cc96HzGn.s 			page 10


 513 0204 36000000 		.4byte	.LFE57-.LFB57
 514 0208 01       		.uleb128 0x1
 515 0209 9C       		.byte	0x9c
 516 020a 2B020000 		.4byte	0x22b
 517 020e 14       		.uleb128 0x14
 518 020f 746D7000 		.ascii	"tmp\000"
 519 0213 01       		.byte	0x1
 520 0214 51       		.byte	0x51
 521 0215 A2010000 		.4byte	0x1a2
 522 0219 01       		.uleb128 0x1
 523 021a 50       		.byte	0x50
 524 021b 15       		.uleb128 0x15
 525 021c 6E6F7700 		.ascii	"now\000"
 526 0220 01       		.byte	0x1
 527 0221 53       		.byte	0x53
 528 0222 38010000 		.4byte	0x138
 529 0226 00000000 		.4byte	.LLST0
 530 022a 00       		.byte	0
 531 022b 16       		.uleb128 0x16
 532 022c 45000000 		.4byte	.LASF39
 533 0230 01       		.byte	0x1
 534 0231 68       		.byte	0x68
 535 0232 00000000 		.4byte	.LFB58
 536 0236 48000000 		.4byte	.LFE58-.LFB58
 537 023a 01       		.uleb128 0x1
 538 023b 9C       		.byte	0x9c
 539 023c 98020000 		.4byte	0x298
 540 0240 17       		.uleb128 0x17
 541 0241 746D00   		.ascii	"tm\000"
 542 0244 01       		.byte	0x1
 543 0245 69       		.byte	0x69
 544 0246 43010000 		.4byte	0x143
 545 024a 02       		.uleb128 0x2
 546 024b 91       		.byte	0x91
 547 024c 5C       		.sleb128 -36
 548 024d 18       		.uleb128 0x18
 549 024e AE010000 		.4byte	0x1ae
 550 0252 02000000 		.4byte	.LBB8
 551 0256 00000000 		.4byte	.Ldebug_ranges0+0
 552 025a 01       		.byte	0x1
 553 025b 6F       		.byte	0x6f
 554 025c 6A020000 		.4byte	0x26a
 555 0260 19       		.uleb128 0x19
 556 0261 BA010000 		.4byte	0x1ba
 557 0265 13000000 		.4byte	.LLST1
 558 0269 00       		.byte	0
 559 026a 18       		.uleb128 0x18
 560 026b C6010000 		.4byte	0x1c6
 561 026f 22000000 		.4byte	.LBB16
 562 0273 30000000 		.4byte	.Ldebug_ranges0+0x30
 563 0277 01       		.byte	0x1
 564 0278 70       		.byte	0x70
 565 0279 87020000 		.4byte	0x287
 566 027d 19       		.uleb128 0x19
 567 027e D2010000 		.4byte	0x1d2
 568 0282 40000000 		.4byte	.LLST2
 569 0286 00       		.byte	0
ARM GAS  /tmp/cc96HzGn.s 			page 11


 570 0287 1A       		.uleb128 0x1a
 571 0288 40000000 		.4byte	.LVL7
 572 028c F9010000 		.4byte	0x1f9
 573 0290 1B       		.uleb128 0x1b
 574 0291 01       		.uleb128 0x1
 575 0292 50       		.byte	0x50
 576 0293 02       		.uleb128 0x2
 577 0294 91       		.byte	0x91
 578 0295 5C       		.sleb128 -36
 579 0296 00       		.byte	0
 580 0297 00       		.byte	0
 581 0298 11       		.uleb128 0x11
 582 0299 AE010000 		.4byte	0x1ae
 583 029d 00000000 		.4byte	.LFB59
 584 02a1 28000000 		.4byte	.LFE59-.LFB59
 585 02a5 01       		.uleb128 0x1
 586 02a6 9C       		.byte	0x9c
 587 02a7 B3020000 		.4byte	0x2b3
 588 02ab 12       		.uleb128 0x12
 589 02ac BA010000 		.4byte	0x1ba
 590 02b0 01       		.uleb128 0x1
 591 02b1 50       		.byte	0x50
 592 02b2 00       		.byte	0
 593 02b3 1C       		.uleb128 0x1c
 594 02b4 82010000 		.4byte	.LASF32
 595 02b8 01       		.byte	0x1
 596 02b9 38       		.byte	0x38
 597 02ba 38010000 		.4byte	0x138
 598 02be 05       		.uleb128 0x5
 599 02bf 03       		.byte	0x3
 600 02c0 00000000 		.4byte	measurement_offset
 601 02c4 1D       		.uleb128 0x1d
 602 02c5 85000000 		.4byte	.LASF40
 603 02c9 07       		.byte	0x7
 604 02ca 0706     		.2byte	0x607
 605 02cc 33010000 		.4byte	0x133
 606 02d0 00       		.byte	0
 607              		.section	.debug_abbrev,"",%progbits
 608              	.Ldebug_abbrev0:
 609 0000 01       		.uleb128 0x1
 610 0001 11       		.uleb128 0x11
 611 0002 01       		.byte	0x1
 612 0003 25       		.uleb128 0x25
 613 0004 0E       		.uleb128 0xe
 614 0005 13       		.uleb128 0x13
 615 0006 0B       		.uleb128 0xb
 616 0007 03       		.uleb128 0x3
 617 0008 0E       		.uleb128 0xe
 618 0009 1B       		.uleb128 0x1b
 619 000a 0E       		.uleb128 0xe
 620 000b 55       		.uleb128 0x55
 621 000c 17       		.uleb128 0x17
 622 000d 11       		.uleb128 0x11
 623 000e 01       		.uleb128 0x1
 624 000f 10       		.uleb128 0x10
 625 0010 17       		.uleb128 0x17
 626 0011 00       		.byte	0
ARM GAS  /tmp/cc96HzGn.s 			page 12


 627 0012 00       		.byte	0
 628 0013 02       		.uleb128 0x2
 629 0014 24       		.uleb128 0x24
 630 0015 00       		.byte	0
 631 0016 0B       		.uleb128 0xb
 632 0017 0B       		.uleb128 0xb
 633 0018 3E       		.uleb128 0x3e
 634 0019 0B       		.uleb128 0xb
 635 001a 03       		.uleb128 0x3
 636 001b 08       		.uleb128 0x8
 637 001c 00       		.byte	0
 638 001d 00       		.byte	0
 639 001e 03       		.uleb128 0x3
 640 001f 24       		.uleb128 0x24
 641 0020 00       		.byte	0
 642 0021 0B       		.uleb128 0xb
 643 0022 0B       		.uleb128 0xb
 644 0023 3E       		.uleb128 0x3e
 645 0024 0B       		.uleb128 0xb
 646 0025 03       		.uleb128 0x3
 647 0026 0E       		.uleb128 0xe
 648 0027 00       		.byte	0
 649 0028 00       		.byte	0
 650 0029 04       		.uleb128 0x4
 651 002a 16       		.uleb128 0x16
 652 002b 00       		.byte	0
 653 002c 03       		.uleb128 0x3
 654 002d 0E       		.uleb128 0xe
 655 002e 3A       		.uleb128 0x3a
 656 002f 0B       		.uleb128 0xb
 657 0030 3B       		.uleb128 0x3b
 658 0031 0B       		.uleb128 0xb
 659 0032 49       		.uleb128 0x49
 660 0033 13       		.uleb128 0x13
 661 0034 00       		.byte	0
 662 0035 00       		.byte	0
 663 0036 05       		.uleb128 0x5
 664 0037 35       		.uleb128 0x35
 665 0038 00       		.byte	0
 666 0039 49       		.uleb128 0x49
 667 003a 13       		.uleb128 0x13
 668 003b 00       		.byte	0
 669 003c 00       		.byte	0
 670 003d 06       		.uleb128 0x6
 671 003e 13       		.uleb128 0x13
 672 003f 01       		.byte	0x1
 673 0040 0B       		.uleb128 0xb
 674 0041 0B       		.uleb128 0xb
 675 0042 3A       		.uleb128 0x3a
 676 0043 0B       		.uleb128 0xb
 677 0044 3B       		.uleb128 0x3b
 678 0045 05       		.uleb128 0x5
 679 0046 01       		.uleb128 0x1
 680 0047 13       		.uleb128 0x13
 681 0048 00       		.byte	0
 682 0049 00       		.byte	0
 683 004a 07       		.uleb128 0x7
ARM GAS  /tmp/cc96HzGn.s 			page 13


 684 004b 0D       		.uleb128 0xd
 685 004c 00       		.byte	0
 686 004d 03       		.uleb128 0x3
 687 004e 0E       		.uleb128 0xe
 688 004f 3A       		.uleb128 0x3a
 689 0050 0B       		.uleb128 0xb
 690 0051 3B       		.uleb128 0x3b
 691 0052 05       		.uleb128 0x5
 692 0053 49       		.uleb128 0x49
 693 0054 13       		.uleb128 0x13
 694 0055 38       		.uleb128 0x38
 695 0056 0B       		.uleb128 0xb
 696 0057 00       		.byte	0
 697 0058 00       		.byte	0
 698 0059 08       		.uleb128 0x8
 699 005a 16       		.uleb128 0x16
 700 005b 00       		.byte	0
 701 005c 03       		.uleb128 0x3
 702 005d 0E       		.uleb128 0xe
 703 005e 3A       		.uleb128 0x3a
 704 005f 0B       		.uleb128 0xb
 705 0060 3B       		.uleb128 0x3b
 706 0061 05       		.uleb128 0x5
 707 0062 49       		.uleb128 0x49
 708 0063 13       		.uleb128 0x13
 709 0064 00       		.byte	0
 710 0065 00       		.byte	0
 711 0066 09       		.uleb128 0x9
 712 0067 13       		.uleb128 0x13
 713 0068 01       		.byte	0x1
 714 0069 03       		.uleb128 0x3
 715 006a 0E       		.uleb128 0xe
 716 006b 0B       		.uleb128 0xb
 717 006c 0B       		.uleb128 0xb
 718 006d 3A       		.uleb128 0x3a
 719 006e 0B       		.uleb128 0xb
 720 006f 3B       		.uleb128 0x3b
 721 0070 0B       		.uleb128 0xb
 722 0071 01       		.uleb128 0x1
 723 0072 13       		.uleb128 0x13
 724 0073 00       		.byte	0
 725 0074 00       		.byte	0
 726 0075 0A       		.uleb128 0xa
 727 0076 0D       		.uleb128 0xd
 728 0077 00       		.byte	0
 729 0078 03       		.uleb128 0x3
 730 0079 0E       		.uleb128 0xe
 731 007a 3A       		.uleb128 0x3a
 732 007b 0B       		.uleb128 0xb
 733 007c 3B       		.uleb128 0x3b
 734 007d 0B       		.uleb128 0xb
 735 007e 49       		.uleb128 0x49
 736 007f 13       		.uleb128 0x13
 737 0080 38       		.uleb128 0x38
 738 0081 0B       		.uleb128 0xb
 739 0082 00       		.byte	0
 740 0083 00       		.byte	0
ARM GAS  /tmp/cc96HzGn.s 			page 14


 741 0084 0B       		.uleb128 0xb
 742 0085 15       		.uleb128 0x15
 743 0086 01       		.byte	0x1
 744 0087 27       		.uleb128 0x27
 745 0088 19       		.uleb128 0x19
 746 0089 01       		.uleb128 0x1
 747 008a 13       		.uleb128 0x13
 748 008b 00       		.byte	0
 749 008c 00       		.byte	0
 750 008d 0C       		.uleb128 0xc
 751 008e 05       		.uleb128 0x5
 752 008f 00       		.byte	0
 753 0090 49       		.uleb128 0x49
 754 0091 13       		.uleb128 0x13
 755 0092 00       		.byte	0
 756 0093 00       		.byte	0
 757 0094 0D       		.uleb128 0xd
 758 0095 0F       		.uleb128 0xf
 759 0096 00       		.byte	0
 760 0097 0B       		.uleb128 0xb
 761 0098 0B       		.uleb128 0xb
 762 0099 49       		.uleb128 0x49
 763 009a 13       		.uleb128 0x13
 764 009b 00       		.byte	0
 765 009c 00       		.byte	0
 766 009d 0E       		.uleb128 0xe
 767 009e 2E       		.uleb128 0x2e
 768 009f 01       		.byte	0x1
 769 00a0 3F       		.uleb128 0x3f
 770 00a1 19       		.uleb128 0x19
 771 00a2 03       		.uleb128 0x3
 772 00a3 0E       		.uleb128 0xe
 773 00a4 3A       		.uleb128 0x3a
 774 00a5 0B       		.uleb128 0xb
 775 00a6 3B       		.uleb128 0x3b
 776 00a7 0B       		.uleb128 0xb
 777 00a8 27       		.uleb128 0x27
 778 00a9 19       		.uleb128 0x19
 779 00aa 20       		.uleb128 0x20
 780 00ab 0B       		.uleb128 0xb
 781 00ac 01       		.uleb128 0x1
 782 00ad 13       		.uleb128 0x13
 783 00ae 00       		.byte	0
 784 00af 00       		.byte	0
 785 00b0 0F       		.uleb128 0xf
 786 00b1 05       		.uleb128 0x5
 787 00b2 00       		.byte	0
 788 00b3 03       		.uleb128 0x3
 789 00b4 08       		.uleb128 0x8
 790 00b5 3A       		.uleb128 0x3a
 791 00b6 0B       		.uleb128 0xb
 792 00b7 3B       		.uleb128 0x3b
 793 00b8 0B       		.uleb128 0xb
 794 00b9 49       		.uleb128 0x49
 795 00ba 13       		.uleb128 0x13
 796 00bb 00       		.byte	0
 797 00bc 00       		.byte	0
ARM GAS  /tmp/cc96HzGn.s 			page 15


 798 00bd 10       		.uleb128 0x10
 799 00be 2E       		.uleb128 0x2e
 800 00bf 01       		.byte	0x1
 801 00c0 03       		.uleb128 0x3
 802 00c1 0E       		.uleb128 0xe
 803 00c2 3A       		.uleb128 0x3a
 804 00c3 0B       		.uleb128 0xb
 805 00c4 3B       		.uleb128 0x3b
 806 00c5 0B       		.uleb128 0xb
 807 00c6 27       		.uleb128 0x27
 808 00c7 19       		.uleb128 0x19
 809 00c8 20       		.uleb128 0x20
 810 00c9 0B       		.uleb128 0xb
 811 00ca 01       		.uleb128 0x1
 812 00cb 13       		.uleb128 0x13
 813 00cc 00       		.byte	0
 814 00cd 00       		.byte	0
 815 00ce 11       		.uleb128 0x11
 816 00cf 2E       		.uleb128 0x2e
 817 00d0 01       		.byte	0x1
 818 00d1 31       		.uleb128 0x31
 819 00d2 13       		.uleb128 0x13
 820 00d3 11       		.uleb128 0x11
 821 00d4 01       		.uleb128 0x1
 822 00d5 12       		.uleb128 0x12
 823 00d6 06       		.uleb128 0x6
 824 00d7 40       		.uleb128 0x40
 825 00d8 18       		.uleb128 0x18
 826 00d9 9742     		.uleb128 0x2117
 827 00db 19       		.uleb128 0x19
 828 00dc 01       		.uleb128 0x1
 829 00dd 13       		.uleb128 0x13
 830 00de 00       		.byte	0
 831 00df 00       		.byte	0
 832 00e0 12       		.uleb128 0x12
 833 00e1 05       		.uleb128 0x5
 834 00e2 00       		.byte	0
 835 00e3 31       		.uleb128 0x31
 836 00e4 13       		.uleb128 0x13
 837 00e5 02       		.uleb128 0x2
 838 00e6 18       		.uleb128 0x18
 839 00e7 00       		.byte	0
 840 00e8 00       		.byte	0
 841 00e9 13       		.uleb128 0x13
 842 00ea 2E       		.uleb128 0x2e
 843 00eb 01       		.byte	0x1
 844 00ec 03       		.uleb128 0x3
 845 00ed 0E       		.uleb128 0xe
 846 00ee 3A       		.uleb128 0x3a
 847 00ef 0B       		.uleb128 0xb
 848 00f0 3B       		.uleb128 0x3b
 849 00f1 0B       		.uleb128 0xb
 850 00f2 27       		.uleb128 0x27
 851 00f3 19       		.uleb128 0x19
 852 00f4 11       		.uleb128 0x11
 853 00f5 01       		.uleb128 0x1
 854 00f6 12       		.uleb128 0x12
ARM GAS  /tmp/cc96HzGn.s 			page 16


 855 00f7 06       		.uleb128 0x6
 856 00f8 40       		.uleb128 0x40
 857 00f9 18       		.uleb128 0x18
 858 00fa 9742     		.uleb128 0x2117
 859 00fc 19       		.uleb128 0x19
 860 00fd 01       		.uleb128 0x1
 861 00fe 13       		.uleb128 0x13
 862 00ff 00       		.byte	0
 863 0100 00       		.byte	0
 864 0101 14       		.uleb128 0x14
 865 0102 05       		.uleb128 0x5
 866 0103 00       		.byte	0
 867 0104 03       		.uleb128 0x3
 868 0105 08       		.uleb128 0x8
 869 0106 3A       		.uleb128 0x3a
 870 0107 0B       		.uleb128 0xb
 871 0108 3B       		.uleb128 0x3b
 872 0109 0B       		.uleb128 0xb
 873 010a 49       		.uleb128 0x49
 874 010b 13       		.uleb128 0x13
 875 010c 02       		.uleb128 0x2
 876 010d 18       		.uleb128 0x18
 877 010e 00       		.byte	0
 878 010f 00       		.byte	0
 879 0110 15       		.uleb128 0x15
 880 0111 34       		.uleb128 0x34
 881 0112 00       		.byte	0
 882 0113 03       		.uleb128 0x3
 883 0114 08       		.uleb128 0x8
 884 0115 3A       		.uleb128 0x3a
 885 0116 0B       		.uleb128 0xb
 886 0117 3B       		.uleb128 0x3b
 887 0118 0B       		.uleb128 0xb
 888 0119 49       		.uleb128 0x49
 889 011a 13       		.uleb128 0x13
 890 011b 02       		.uleb128 0x2
 891 011c 17       		.uleb128 0x17
 892 011d 00       		.byte	0
 893 011e 00       		.byte	0
 894 011f 16       		.uleb128 0x16
 895 0120 2E       		.uleb128 0x2e
 896 0121 01       		.byte	0x1
 897 0122 3F       		.uleb128 0x3f
 898 0123 19       		.uleb128 0x19
 899 0124 03       		.uleb128 0x3
 900 0125 0E       		.uleb128 0xe
 901 0126 3A       		.uleb128 0x3a
 902 0127 0B       		.uleb128 0xb
 903 0128 3B       		.uleb128 0x3b
 904 0129 0B       		.uleb128 0xb
 905 012a 27       		.uleb128 0x27
 906 012b 19       		.uleb128 0x19
 907 012c 11       		.uleb128 0x11
 908 012d 01       		.uleb128 0x1
 909 012e 12       		.uleb128 0x12
 910 012f 06       		.uleb128 0x6
 911 0130 40       		.uleb128 0x40
ARM GAS  /tmp/cc96HzGn.s 			page 17


 912 0131 18       		.uleb128 0x18
 913 0132 9742     		.uleb128 0x2117
 914 0134 19       		.uleb128 0x19
 915 0135 01       		.uleb128 0x1
 916 0136 13       		.uleb128 0x13
 917 0137 00       		.byte	0
 918 0138 00       		.byte	0
 919 0139 17       		.uleb128 0x17
 920 013a 34       		.uleb128 0x34
 921 013b 00       		.byte	0
 922 013c 03       		.uleb128 0x3
 923 013d 08       		.uleb128 0x8
 924 013e 3A       		.uleb128 0x3a
 925 013f 0B       		.uleb128 0xb
 926 0140 3B       		.uleb128 0x3b
 927 0141 0B       		.uleb128 0xb
 928 0142 49       		.uleb128 0x49
 929 0143 13       		.uleb128 0x13
 930 0144 02       		.uleb128 0x2
 931 0145 18       		.uleb128 0x18
 932 0146 00       		.byte	0
 933 0147 00       		.byte	0
 934 0148 18       		.uleb128 0x18
 935 0149 1D       		.uleb128 0x1d
 936 014a 01       		.byte	0x1
 937 014b 31       		.uleb128 0x31
 938 014c 13       		.uleb128 0x13
 939 014d 52       		.uleb128 0x52
 940 014e 01       		.uleb128 0x1
 941 014f 55       		.uleb128 0x55
 942 0150 17       		.uleb128 0x17
 943 0151 58       		.uleb128 0x58
 944 0152 0B       		.uleb128 0xb
 945 0153 59       		.uleb128 0x59
 946 0154 0B       		.uleb128 0xb
 947 0155 01       		.uleb128 0x1
 948 0156 13       		.uleb128 0x13
 949 0157 00       		.byte	0
 950 0158 00       		.byte	0
 951 0159 19       		.uleb128 0x19
 952 015a 05       		.uleb128 0x5
 953 015b 00       		.byte	0
 954 015c 31       		.uleb128 0x31
 955 015d 13       		.uleb128 0x13
 956 015e 02       		.uleb128 0x2
 957 015f 17       		.uleb128 0x17
 958 0160 00       		.byte	0
 959 0161 00       		.byte	0
 960 0162 1A       		.uleb128 0x1a
 961 0163 898201   		.uleb128 0x4109
 962 0166 01       		.byte	0x1
 963 0167 11       		.uleb128 0x11
 964 0168 01       		.uleb128 0x1
 965 0169 31       		.uleb128 0x31
 966 016a 13       		.uleb128 0x13
 967 016b 00       		.byte	0
 968 016c 00       		.byte	0
ARM GAS  /tmp/cc96HzGn.s 			page 18


 969 016d 1B       		.uleb128 0x1b
 970 016e 8A8201   		.uleb128 0x410a
 971 0171 00       		.byte	0
 972 0172 02       		.uleb128 0x2
 973 0173 18       		.uleb128 0x18
 974 0174 9142     		.uleb128 0x2111
 975 0176 18       		.uleb128 0x18
 976 0177 00       		.byte	0
 977 0178 00       		.byte	0
 978 0179 1C       		.uleb128 0x1c
 979 017a 34       		.uleb128 0x34
 980 017b 00       		.byte	0
 981 017c 03       		.uleb128 0x3
 982 017d 0E       		.uleb128 0xe
 983 017e 3A       		.uleb128 0x3a
 984 017f 0B       		.uleb128 0xb
 985 0180 3B       		.uleb128 0x3b
 986 0181 0B       		.uleb128 0xb
 987 0182 49       		.uleb128 0x49
 988 0183 13       		.uleb128 0x13
 989 0184 02       		.uleb128 0x2
 990 0185 18       		.uleb128 0x18
 991 0186 00       		.byte	0
 992 0187 00       		.byte	0
 993 0188 1D       		.uleb128 0x1d
 994 0189 34       		.uleb128 0x34
 995 018a 00       		.byte	0
 996 018b 03       		.uleb128 0x3
 997 018c 0E       		.uleb128 0xe
 998 018d 3A       		.uleb128 0x3a
 999 018e 0B       		.uleb128 0xb
 1000 018f 3B       		.uleb128 0x3b
 1001 0190 05       		.uleb128 0x5
 1002 0191 49       		.uleb128 0x49
 1003 0192 13       		.uleb128 0x13
 1004 0193 3F       		.uleb128 0x3f
 1005 0194 19       		.uleb128 0x19
 1006 0195 3C       		.uleb128 0x3c
 1007 0196 19       		.uleb128 0x19
 1008 0197 00       		.byte	0
 1009 0198 00       		.byte	0
 1010 0199 00       		.byte	0
 1011              		.section	.debug_loc,"",%progbits
 1012              	.Ldebug_loc0:
 1013              	.LLST0:
 1014 0000 10000000 		.4byte	.LVL2
 1015 0004 1A000000 		.4byte	.LVL3
 1016 0008 0100     		.2byte	0x1
 1017 000a 53       		.byte	0x53
 1018 000b 00000000 		.4byte	0
 1019 000f 00000000 		.4byte	0
 1020              	.LLST1:
 1021 0013 2A000000 		.4byte	.LVL4
 1022 0017 3A000000 		.4byte	.LVL6
 1023 001b 0300     		.2byte	0x3
 1024 001d 91       		.byte	0x91
 1025 001e 5C       		.sleb128 -36
ARM GAS  /tmp/cc96HzGn.s 			page 19


 1026 001f 9F       		.byte	0x9f
 1027 0020 3A000000 		.4byte	.LVL6
 1028 0024 3F000000 		.4byte	.LVL7-1
 1029 0028 0100     		.2byte	0x1
 1030 002a 50       		.byte	0x50
 1031 002b 3F000000 		.4byte	.LVL7-1
 1032 002f 48000000 		.4byte	.LFE58
 1033 0033 0300     		.2byte	0x3
 1034 0035 91       		.byte	0x91
 1035 0036 5C       		.sleb128 -36
 1036 0037 9F       		.byte	0x9f
 1037 0038 00000000 		.4byte	0
 1038 003c 00000000 		.4byte	0
 1039              	.LLST2:
 1040 0040 32000000 		.4byte	.LVL5
 1041 0044 3A000000 		.4byte	.LVL6
 1042 0048 0300     		.2byte	0x3
 1043 004a 91       		.byte	0x91
 1044 004b 5C       		.sleb128 -36
 1045 004c 9F       		.byte	0x9f
 1046 004d 3A000000 		.4byte	.LVL6
 1047 0051 3F000000 		.4byte	.LVL7-1
 1048 0055 0100     		.2byte	0x1
 1049 0057 50       		.byte	0x50
 1050 0058 3F000000 		.4byte	.LVL7-1
 1051 005c 48000000 		.4byte	.LFE58
 1052 0060 0300     		.2byte	0x3
 1053 0062 91       		.byte	0x91
 1054 0063 5C       		.sleb128 -36
 1055 0064 9F       		.byte	0x9f
 1056 0065 00000000 		.4byte	0
 1057 0069 00000000 		.4byte	0
 1058              		.section	.debug_aranges,"",%progbits
 1059 0000 34000000 		.4byte	0x34
 1060 0004 0200     		.2byte	0x2
 1061 0006 00000000 		.4byte	.Ldebug_info0
 1062 000a 04       		.byte	0x4
 1063 000b 00       		.byte	0
 1064 000c 0000     		.2byte	0
 1065 000e 0000     		.2byte	0
 1066 0010 00000000 		.4byte	.LFB56
 1067 0014 0E000000 		.4byte	.LFE56-.LFB56
 1068 0018 00000000 		.4byte	.LFB57
 1069 001c 36000000 		.4byte	.LFE57-.LFB57
 1070 0020 00000000 		.4byte	.LFB58
 1071 0024 48000000 		.4byte	.LFE58-.LFB58
 1072 0028 00000000 		.4byte	.LFB59
 1073 002c 28000000 		.4byte	.LFE59-.LFB59
 1074 0030 00000000 		.4byte	0
 1075 0034 00000000 		.4byte	0
 1076              		.section	.debug_ranges,"",%progbits
 1077              	.Ldebug_ranges0:
 1078 0000 02000000 		.4byte	.LBB8
 1079 0004 06000000 		.4byte	.LBE8
 1080 0008 0A000000 		.4byte	.LBB14
 1081 000c 0E000000 		.4byte	.LBE14
 1082 0010 16000000 		.4byte	.LBB15
ARM GAS  /tmp/cc96HzGn.s 			page 20


 1083 0014 22000000 		.4byte	.LBE15
 1084 0018 26000000 		.4byte	.LBB20
 1085 001c 28000000 		.4byte	.LBE20
 1086 0020 2A000000 		.4byte	.LBB21
 1087 0024 32000000 		.4byte	.LBE21
 1088 0028 00000000 		.4byte	0
 1089 002c 00000000 		.4byte	0
 1090 0030 22000000 		.4byte	.LBB16
 1091 0034 26000000 		.4byte	.LBE16
 1092 0038 32000000 		.4byte	.LBB22
 1093 003c 38000000 		.4byte	.LBE22
 1094 0040 3A000000 		.4byte	.LBB23
 1095 0044 3C000000 		.4byte	.LBE23
 1096 0048 00000000 		.4byte	0
 1097 004c 00000000 		.4byte	0
 1098 0050 00000000 		.4byte	.LFB56
 1099 0054 0E000000 		.4byte	.LFE56
 1100 0058 00000000 		.4byte	.LFB57
 1101 005c 36000000 		.4byte	.LFE57
 1102 0060 00000000 		.4byte	.LFB58
 1103 0064 48000000 		.4byte	.LFE58
 1104 0068 00000000 		.4byte	.LFB59
 1105 006c 28000000 		.4byte	.LFE59
 1106 0070 00000000 		.4byte	0
 1107 0074 00000000 		.4byte	0
 1108              		.section	.debug_line,"",%progbits
 1109              	.Ldebug_line0:
 1110 0000 A7010000 		.section	.debug_str,"MS",%progbits,1
 1110      02001801 
 1110      00000201 
 1110      FB0E0D00 
 1110      01010101 
 1111              	.LASF29:
 1112 0000 6C617374 		.ascii	"last\000"
 1112      00
 1113              	.LASF23:
 1114 0005 50435352 		.ascii	"PCSR\000"
 1114      00
 1115              	.LASF6:
 1116 000a 5F5F696E 		.ascii	"__int32_t\000"
 1116      7433325F 
 1116      7400
 1117              	.LASF38:
 1118 0014 746D5F73 		.ascii	"tm_stop\000"
 1118      746F7000 
 1119              	.LASF27:
 1120 001c 73746172 		.ascii	"start\000"
 1120      7400
 1121              	.LASF20:
 1122 0022 534C4545 		.ascii	"SLEEPCNT\000"
 1122      50434E54 
 1122      00
 1123              	.LASF28:
 1124 002b 73746F70 		.ascii	"stop\000"
 1124      00
 1125              	.LASF2:
 1126 0030 756E7369 		.ascii	"unsigned char\000"
ARM GAS  /tmp/cc96HzGn.s 			page 21


 1126      676E6564 
 1126      20636861 
 1126      7200
 1127              	.LASF17:
 1128 003e 43594343 		.ascii	"CYCCNT\000"
 1128      4E5400
 1129              	.LASF39:
 1130 0045 746D496E 		.ascii	"tmInit\000"
 1130      697400
 1131              	.LASF8:
 1132 004c 6C6F6E67 		.ascii	"long unsigned int\000"
 1132      20756E73 
 1132      69676E65 
 1132      6420696E 
 1132      7400
 1133              	.LASF36:
 1134 005e 746D4F62 		.ascii	"tmObjectInit\000"
 1134      6A656374 
 1134      496E6974 
 1134      00
 1135              	.LASF4:
 1136 006b 73686F72 		.ascii	"short unsigned int\000"
 1136      7420756E 
 1136      7369676E 
 1136      65642069 
 1136      6E7400
 1137              	.LASF18:
 1138 007e 43504943 		.ascii	"CPICNT\000"
 1138      4E5400
 1139              	.LASF40:
 1140 0085 49544D5F 		.ascii	"ITM_RxBuffer\000"
 1140      52784275 
 1140      66666572 
 1140      00
 1141              	.LASF22:
 1142 0092 464F4C44 		.ascii	"FOLDCNT\000"
 1142      434E5400 
 1143              	.LASF30:
 1144 009a 776F7273 		.ascii	"worst\000"
 1144      7400
 1145              	.LASF7:
 1146 00a0 5F5F7569 		.ascii	"__uint32_t\000"
 1146      6E743332 
 1146      5F7400
 1147              	.LASF21:
 1148 00ab 4C535543 		.ascii	"LSUCNT\000"
 1148      4E5400
 1149              	.LASF0:
 1150 00b2 756E7369 		.ascii	"unsigned int\000"
 1150      676E6564 
 1150      20696E74 
 1150      00
 1151              	.LASF25:
 1152 00bf 68616C72 		.ascii	"halrtcnt_t\000"
 1152      74636E74 
 1152      5F7400
 1153              	.LASF34:
ARM GAS  /tmp/cc96HzGn.s 			page 22


 1154 00ca 2E2E2F6F 		.ascii	"../os/hal/src/tm.c\000"
 1154      732F6861 
 1154      6C2F7372 
 1154      632F746D 
 1154      2E6300
 1155              	.LASF10:
 1156 00dd 6C6F6E67 		.ascii	"long long unsigned int\000"
 1156      206C6F6E 
 1156      6720756E 
 1156      7369676E 
 1156      65642069 
 1157              	.LASF37:
 1158 00f4 746D5F73 		.ascii	"tm_start\000"
 1158      74617274 
 1158      00
 1159              	.LASF16:
 1160 00fd 4354524C 		.ascii	"CTRL\000"
 1160      00
 1161              	.LASF19:
 1162 0102 45584343 		.ascii	"EXCCNT\000"
 1162      4E5400
 1163              	.LASF11:
 1164 0109 696E7433 		.ascii	"int32_t\000"
 1164      325F7400 
 1165              	.LASF15:
 1166 0111 73697A65 		.ascii	"sizetype\000"
 1166      74797065 
 1166      00
 1167              	.LASF9:
 1168 011a 6C6F6E67 		.ascii	"long long int\000"
 1168      206C6F6E 
 1168      6720696E 
 1168      7400
 1169              	.LASF14:
 1170 0128 494F5245 		.ascii	"IOREG32\000"
 1170      47333200 
 1171              	.LASF35:
 1172 0130 2F686F6D 		.ascii	"/home/dltech/gdrive/Projects/RFM_to_Modbus_TCP/Chib"
 1172      652F646C 
 1172      74656368 
 1172      2F676472 
 1172      6976652F 
 1173 0163 694F532F 		.ascii	"iOS/F103_ChibiOS_ENC60J28/main\000"
 1173      46313033 
 1173      5F436869 
 1173      62694F53 
 1173      5F454E43 
 1174              	.LASF32:
 1175 0182 6D656173 		.ascii	"measurement_offset\000"
 1175      7572656D 
 1175      656E745F 
 1175      6F666673 
 1175      657400
 1176              	.LASF3:
 1177 0195 73686F72 		.ascii	"short int\000"
 1177      7420696E 
 1177      7400
ARM GAS  /tmp/cc96HzGn.s 			page 23


 1178              	.LASF24:
 1179 019f 434D785F 		.ascii	"CMx_DWT\000"
 1179      44575400 
 1180              	.LASF31:
 1181 01a7 62657374 		.ascii	"best\000"
 1181      00
 1182              	.LASF12:
 1183 01ac 75696E74 		.ascii	"uint32_t\000"
 1183      33325F74 
 1183      00
 1184              	.LASF5:
 1185 01b5 6C6F6E67 		.ascii	"long int\000"
 1185      20696E74 
 1185      00
 1186              	.LASF33:
 1187 01be 474E5520 		.ascii	"GNU C 4.8.2 -mcpu=cortex-m3 -mno-thumb-interwork -m"
 1187      4320342E 
 1187      382E3220 
 1187      2D6D6370 
 1187      753D636F 
 1188 01f1 7468756D 		.ascii	"thumb -ggdb -O2 -fomit-frame-pointer -falign-functi"
 1188      62202D67 
 1188      67646220 
 1188      2D4F3220 
 1188      2D666F6D 
 1189 0224 6F6E733D 		.ascii	"ons=16 -ffunction-sections -fdata-sections -fno-com"
 1189      3136202D 
 1189      6666756E 
 1189      6374696F 
 1189      6E2D7365 
 1190 0257 6D6F6E20 		.ascii	"mon -fno-strict-aliasing\000"
 1190      2D666E6F 
 1190      2D737472 
 1190      6963742D 
 1190      616C6961 
 1191              	.LASF1:
 1192 0270 7369676E 		.ascii	"signed char\000"
 1192      65642063 
 1192      68617200 
 1193              	.LASF26:
 1194 027c 54696D65 		.ascii	"TimeMeasurement\000"
 1194      4D656173 
 1194      7572656D 
 1194      656E7400 
 1195              	.LASF13:
 1196 028c 5F426F6F 		.ascii	"_Bool\000"
 1196      6C00
 1197              		.ident	"GCC: (4.8.2-14ubuntu1+6) 4.8.2"
ARM GAS  /tmp/cc96HzGn.s 			page 24


DEFINED SYMBOLS
                            *ABS*:0000000000000000 tm.c
     /tmp/cc96HzGn.s:19     .text.tm_start:0000000000000000 $t
     /tmp/cc96HzGn.s:24     .text.tm_start:0000000000000000 tm_start
     /tmp/cc96HzGn.s:43     .text.tm_stop:0000000000000000 $t
     /tmp/cc96HzGn.s:48     .text.tm_stop:0000000000000000 tm_stop
     /tmp/cc96HzGn.s:251    .bss.measurement_offset:0000000000000000 .LANCHOR0
     /tmp/cc96HzGn.s:100    .text.tmInit:0000000000000000 $t
     /tmp/cc96HzGn.s:106    .text.tmInit:0000000000000000 tmInit
     /tmp/cc96HzGn.s:205    .text.tmObjectInit:0000000000000000 $t
     /tmp/cc96HzGn.s:211    .text.tmObjectInit:0000000000000000 tmObjectInit
     /tmp/cc96HzGn.s:250    .bss.measurement_offset:0000000000000000 $d
     /tmp/cc96HzGn.s:254    .bss.measurement_offset:0000000000000000 measurement_offset
                     .debug_frame:0000000000000010 $d

NO UNDEFINED SYMBOLS
