ARM GAS  /tmp/ccsdTHuA.s 			page 1


   1              		.syntax unified
   2              		.cpu cortex-m3
   3              		.fpu softvfp
   4              		.eabi_attribute 20, 1
   5              		.eabi_attribute 21, 1
   6              		.eabi_attribute 23, 3
   7              		.eabi_attribute 24, 1
   8              		.eabi_attribute 25, 1
   9              		.eabi_attribute 26, 1
  10              		.eabi_attribute 30, 2
  11              		.eabi_attribute 34, 1
  12              		.eabi_attribute 18, 4
  13              		.thumb
  14              		.file	"uip_arp.c"
  15              		.text
  16              	.Ltext0:
  17              		.cfi_sections	.debug_frame
  18              		.section	.text.uip_arp_update.constprop.0,"ax",%progbits
  19              		.align	2
  20              		.p2align 4,,15
  21              		.thumb
  22              		.thumb_func
  23              		.type	uip_arp_update.constprop.0, %function
  24              	uip_arp_update.constprop.0:
  25              	.LFB5:
  26              		.file 1 "../uip/uip_arp.c"
  27              		.loc 1 158 0
  28              		.cfi_startproc
  29              		@ args = 0, pretend = 0, frame = 0
  30              		@ frame_needed = 0, uses_anonymous_args = 0
  31              		@ link register save eliminated.
  32              	.LVL0:
  33 0000 2DE9F007 		push	{r4, r5, r6, r7, r8, r9, r10}
  34              		.cfi_def_cfa_offset 28
  35              		.cfi_offset 4, -28
  36              		.cfi_offset 5, -24
  37              		.cfi_offset 6, -20
  38              		.cfi_offset 7, -16
  39              		.cfi_offset 8, -12
  40              		.cfi_offset 9, -8
  41              		.cfi_offset 10, -4
  42              		.loc 1 173 0
  43 0004 40F20003 		movw	r3, #:lower16:uip_buf
  44              		.loc 1 174 0
  45 0008 40F20006 		movw	r6, #:lower16:.LANCHOR1
  46              		.loc 1 173 0
  47 000c C0F20003 		movt	r3, #:upper16:uip_buf
  48              		.loc 1 174 0
  49 0010 C0F20006 		movt	r6, #:upper16:.LANCHOR1
  50              		.loc 1 164 0
  51 0014 40F20005 		movw	r5, #:lower16:.LANCHOR0
  52              		.loc 1 173 0
  53 0018 B3F81CC0 		ldrh	ip, [r3, #28]	@ unaligned
  54              		.loc 1 174 0
  55 001c B3F81E80 		ldrh	r8, [r3, #30]	@ unaligned
  56              		.loc 1 164 0
  57 0020 C0F20005 		movt	r5, #:upper16:.LANCHOR0
ARM GAS  /tmp/ccsdTHuA.s 			page 2


  58              		.loc 1 174 0
  59 0024 3346     		mov	r3, r6
  60 0026 0122     		movs	r2, #1
  61 0028 0027     		movs	r7, #0
  62 002a 05E0     		b	.L5
  63              	.LVL1:
  64              	.L2:
  65              		.loc 1 164 0
  66 002c 0929     		cmp	r1, #9
  67 002e 03F10C03 		add	r3, r3, #12
  68              	.LVL2:
  69 0032 1AD0     		beq	.L4
  70 0034 1746     		mov	r7, r2
  71 0036 0A46     		mov	r2, r1
  72              	.LVL3:
  73              	.L5:
  74              		.loc 1 168 0
  75 0038 1888     		ldrh	r0, [r3]
  76 003a 511C     		adds	r1, r2, #1
  77 003c C9B2     		uxtb	r1, r1
  78 003e 0028     		cmp	r0, #0
  79 0040 F4D0     		beq	.L2
  80              		.loc 1 169 0
  81 0042 5C88     		ldrh	r4, [r3, #2]
  82              		.loc 1 168 0
  83 0044 002C     		cmp	r4, #0
  84 0046 F1D0     		beq	.L2
  85              		.loc 1 173 0
  86 0048 6045     		cmp	r0, ip
  87 004a EFD1     		bne	.L2
  88 004c 4445     		cmp	r4, r8
  89 004e EDD1     		bne	.L2
  90              		.loc 1 177 0
  91 0050 3649     		ldr	r1, .L27
  92              	.LVL4:
  93              		.loc 1 178 0
  94 0052 40F20002 		movw	r2, #:lower16:.LANCHOR2
  95 0056 C0F20002 		movt	r2, #:upper16:.LANCHOR2
  96 005a 1478     		ldrb	r4, [r2]	@ zero_extendqisi2
  97              		.loc 1 177 0
  98 005c 0868     		ldr	r0, [r1]	@ unaligned
  99 005e 8A88     		ldrh	r2, [r1, #4]	@ unaligned
 100 0060 2F70     		strb	r7, [r5]
 101              		.loc 1 178 0
 102 0062 9C72     		strb	r4, [r3, #10]
 103              		.loc 1 177 0
 104 0064 5860     		str	r0, [r3, #4]	@ unaligned
 105 0066 1A81     		strh	r2, [r3, #8]	@ unaligned
 106 0068 2AE0     		b	.L1
 107              	.LVL5:
 108              	.L4:
 109              		.loc 1 189 0
 110 006a 40F20003 		movw	r3, #:lower16:.LANCHOR1
 111              	.LVL6:
 112 006e C0F20003 		movt	r3, #:upper16:.LANCHOR1
 113 0072 0122     		movs	r2, #1
 114 0074 0027     		movs	r7, #0
ARM GAS  /tmp/ccsdTHuA.s 			page 3


 115 0076 01E0     		b	.L9
 116              	.LVL7:
 117              	.L25:
 118 0078 1746     		mov	r7, r2
 119 007a 0A46     		mov	r2, r1
 120              	.LVL8:
 121              	.L9:
 122              		.loc 1 191 0
 123 007c 1888     		ldrh	r0, [r3]
 124 007e 511C     		adds	r1, r2, #1
 125 0080 C9B2     		uxtb	r1, r1
 126              		.loc 1 190 0
 127 0082 1C46     		mov	r4, r3
 128              		.loc 1 191 0
 129 0084 10B9     		cbnz	r0, .L6
 130 0086 5888     		ldrh	r0, [r3, #2]
 131 0088 0028     		cmp	r0, #0
 132 008a 47D0     		beq	.L24
 133              	.L6:
 134              		.loc 1 189 0
 135 008c 0929     		cmp	r1, #9
 136 008e 03F10C03 		add	r3, r3, #12
 137              	.LVL9:
 138 0092 F1D1     		bne	.L25
 139 0094 40F20003 		movw	r3, #:lower16:.LANCHOR2
 140 0098 C0F20003 		movt	r3, #:upper16:.LANCHOR2
 141              		.loc 1 199 0
 142 009c 082A     		cmp	r2, #8
 143 009e 2A70     		strb	r2, [r5]
 144 00a0 93F800C0 		ldrb	ip, [r3]	@ zero_extendqisi2
 145 00a4 0FD0     		beq	.L10
 146              	.L7:
 147              		.loc 1 215 0
 148 00a6 2249     		ldr	r1, .L27+4
 149              	.LVL10:
 150 00a8 2346     		mov	r3, r4
 151              		.loc 1 216 0
 152 00aa 0A46     		mov	r2, r1
 153 00ac 52F8060D 		ldr	r0, [r2, #-6]!	@ unaligned
 154              		.loc 1 215 0
 155 00b0 0968     		ldr	r1, [r1]	@ unaligned
 156              	.LVL11:
 157              		.loc 1 216 0
 158 00b2 9288     		ldrh	r2, [r2, #4]	@ unaligned
 159              		.loc 1 215 0
 160 00b4 43F8041B 		str	r1, [r3], #4	@ unaligned
 161              		.loc 1 216 0
 162 00b8 6060     		str	r0, [r4, #4]	@ unaligned
 163 00ba 9A80     		strh	r2, [r3, #4]	@ unaligned
 164              		.loc 1 217 0
 165 00bc 84F80AC0 		strb	ip, [r4, #10]
 166              	.LVL12:
 167              	.L1:
 168              		.loc 1 218 0
 169 00c0 BDE8F007 		pop	{r4, r5, r6, r7, r8, r9, r10}
 170 00c4 7047     		bx	lr
 171              	.LVL13:
ARM GAS  /tmp/ccsdTHuA.s 			page 4


 172              	.L10:
 173 00c6 0027     		movs	r7, #0
 174              		.loc 1 200 0
 175 00c8 40F2000A 		movw	r10, #:lower16:.LANCHOR3
 176              		.loc 1 201 0
 177 00cc 40F20009 		movw	r9, #:lower16:.LANCHOR4
 178 00d0 40F20002 		movw	r2, #:lower16:.LANCHOR1
 179              		.loc 1 200 0
 180 00d4 C0F2000A 		movt	r10, #:upper16:.LANCHOR3
 181              		.loc 1 201 0
 182 00d8 C0F20009 		movt	r9, #:upper16:.LANCHOR4
 183 00dc B846     		mov	r8, r7
 184 00de 3B46     		mov	r3, r7
 185 00e0 3846     		mov	r0, r7
 186 00e2 C0F20002 		movt	r2, #:upper16:.LANCHOR1
 187 00e6 00E0     		b	.L13
 188              	.LVL14:
 189              	.L26:
 190 00e8 3846     		mov	r0, r7
 191              	.LVL15:
 192              	.L13:
 193              		.loc 1 204 0
 194 00ea 917A     		ldrb	r1, [r2, #10]	@ zero_extendqisi2
 195 00ec DCB2     		uxtb	r4, r3
 196              	.LVL16:
 197 00ee C1EB0C01 		rsb	r1, r1, ip
 198 00f2 8142     		cmp	r1, r0
 199 00f4 03F10103 		add	r3, r3, #1
 200              		.loc 1 206 0
 201 00f8 C4BF     		itt	gt
 202 00fa A046     		movgt	r8, r4
 203              		.loc 1 205 0
 204 00fc CFB2     		uxtbgt	r7, r1
 205              		.loc 1 202 0
 206 00fe 082B     		cmp	r3, #8
 207 0100 02F10C02 		add	r2, r2, #12
 208              	.LVL17:
 209 0104 F0D1     		bne	.L26
 210              		.loc 1 210 0
 211 0106 08EB4804 		add	r4, r8, r8, lsl #1
 212 010a 8AF80070 		strb	r7, [r10]
 213 010e 89F80080 		strb	r8, [r9]
 214              		.loc 1 209 0
 215 0112 85F80080 		strb	r8, [r5]
 216              		.loc 1 210 0
 217 0116 06EB8404 		add	r4, r6, r4, lsl #2
 218              	.LVL18:
 219 011a C4E7     		b	.L7
 220              	.LVL19:
 221              	.L24:
 222 011c 40F20003 		movw	r3, #:lower16:.LANCHOR2
 223              	.LVL20:
 224 0120 C0F20003 		movt	r3, #:upper16:.LANCHOR2
 225 0124 2F70     		strb	r7, [r5]
 226 0126 93F800C0 		ldrb	ip, [r3]	@ zero_extendqisi2
 227 012a BCE7     		b	.L7
 228              	.L28:
ARM GAS  /tmp/ccsdTHuA.s 			page 5


 229              		.align	2
 230              	.L27:
 231 012c 16000000 		.word	uip_buf+22
 232 0130 1C000000 		.word	uip_buf+28
 233              		.cfi_endproc
 234              	.LFE5:
 235              		.size	uip_arp_update.constprop.0, .-uip_arp_update.constprop.0
 236 0134 AFF30080 		.section	.text.uip_arp_init,"ax",%progbits
 236      AFF30080 
 236      AFF30080 
 237              		.align	2
 238              		.p2align 4,,15
 239              		.global	uip_arp_init
 240              		.thumb
 241              		.thumb_func
 242              		.type	uip_arp_init, %function
 243              	uip_arp_init:
 244              	.LFB0:
 245              		.loc 1 126 0
 246              		.cfi_startproc
 247              		@ args = 0, pretend = 0, frame = 0
 248              		@ frame_needed = 0, uses_anonymous_args = 0
 249              		@ link register save eliminated.
 250 0000 40F20002 		movw	r2, #:lower16:.LANCHOR1
 251 0004 40F20000 		movw	r0, #:lower16:.LANCHOR0
 252 0008 10B4     		push	{r4}
 253              		.cfi_def_cfa_offset 4
 254              		.cfi_offset 4, -4
 255 000a C0F20002 		movt	r2, #:upper16:.LANCHOR1
 256 000e C0F20000 		movt	r0, #:upper16:.LANCHOR0
 257              		.loc 1 126 0
 258 0012 0123     		movs	r3, #1
 259              		.loc 1 128 0
 260 0014 0024     		movs	r4, #0
 261              	.L31:
 262 0016 591C     		adds	r1, r3, #1
 263              		.loc 1 127 0 discriminator 2
 264 0018 0370     		strb	r3, [r0]
 265 001a CBB2     		uxtb	r3, r1
 266 001c 092B     		cmp	r3, #9
 267              		.loc 1 128 0 discriminator 2
 268 001e 42F80C4B 		str	r4, [r2], #12
 269              		.loc 1 127 0 discriminator 2
 270 0022 F8D1     		bne	.L31
 271              		.loc 1 130 0
 272 0024 5DF8044B 		ldr	r4, [sp], #4
 273 0028 7047     		bx	lr
 274              		.cfi_endproc
 275              	.LFE0:
 276              		.size	uip_arp_init, .-uip_arp_init
 277 002a 00BFAFF3 		.section	.text.uip_arp_timer,"ax",%progbits
 277      0080
 278              		.align	2
 279              		.p2align 4,,15
 280              		.global	uip_arp_timer
 281              		.thumb
 282              		.thumb_func
ARM GAS  /tmp/ccsdTHuA.s 			page 6


 283              		.type	uip_arp_timer, %function
 284              	uip_arp_timer:
 285              	.LFB1:
 286              		.loc 1 143 0
 287              		.cfi_startproc
 288              		@ args = 0, pretend = 0, frame = 0
 289              		@ frame_needed = 0, uses_anonymous_args = 0
 290              		@ link register save eliminated.
 291 0000 F0B4     		push	{r4, r5, r6, r7}
 292              		.cfi_def_cfa_offset 16
 293              		.cfi_offset 4, -16
 294              		.cfi_offset 5, -12
 295              		.cfi_offset 6, -8
 296              		.cfi_offset 7, -4
 297              		.loc 1 146 0
 298 0002 40F20002 		movw	r2, #:lower16:.LANCHOR2
 299 0006 C0F20002 		movt	r2, #:upper16:.LANCHOR2
 300 000a 1678     		ldrb	r6, [r2]	@ zero_extendqisi2
 301              		.loc 1 147 0
 302 000c 40F20005 		movw	r5, #:lower16:.LANCHOR0
 303              		.loc 1 146 0
 304 0010 0136     		adds	r6, r6, #1
 305 0012 F6B2     		uxtb	r6, r6
 306 0014 40F20003 		movw	r3, #:lower16:.LANCHOR1
 307 0018 1670     		strb	r6, [r2]
 308              		.loc 1 147 0
 309 001a C0F20005 		movt	r5, #:upper16:.LANCHOR0
 310 001e C0F20003 		movt	r3, #:upper16:.LANCHOR1
 311 0022 0122     		movs	r2, #1
 312              		.loc 1 151 0
 313 0024 0027     		movs	r7, #0
 314 0026 05E0     		b	.L36
 315              	.LVL21:
 316              	.L34:
 317              		.loc 1 147 0
 318 0028 2A70     		strb	r2, [r5]
 319 002a CAB2     		uxtb	r2, r1
 320 002c 092A     		cmp	r2, #9
 321 002e 03F10C03 		add	r3, r3, #12
 322              	.LVL22:
 323 0032 18D0     		beq	.L41
 324              	.LVL23:
 325              	.L36:
 326              		.loc 1 149 0
 327 0034 5C88     		ldrh	r4, [r3, #2]
 328 0036 1888     		ldrh	r0, [r3]
 329 0038 511C     		adds	r1, r2, #1
 330 003a 2043     		orrs	r0, r0, r4
 331 003c 80B2     		uxth	r0, r0
 332 003e 0028     		cmp	r0, #0
 333 0040 F2D0     		beq	.L34
 334              		.loc 1 150 0 discriminator 1
 335 0042 987A     		ldrb	r0, [r3, #10]	@ zero_extendqisi2
 336 0044 301A     		subs	r0, r6, r0
 337              		.loc 1 149 0 discriminator 1
 338 0046 7728     		cmp	r0, #119
 339 0048 EEDD     		ble	.L34
ARM GAS  /tmp/ccsdTHuA.s 			page 7


 340              		.loc 1 151 0
 341 004a 1846     		mov	r0, r3
 342 004c 00F8017B 		strb	r7, [r0], #1
 343 0050 0130     		adds	r0, r0, #1
 344              		.loc 1 147 0
 345 0052 2A70     		strb	r2, [r5]
 346 0054 CAB2     		uxtb	r2, r1
 347              		.loc 1 151 0
 348 0056 5F70     		strb	r7, [r3, #1]
 349              		.loc 1 147 0
 350 0058 092A     		cmp	r2, #9
 351              		.loc 1 151 0
 352 005a 00F8017B 		strb	r7, [r0], #1
 353 005e 0770     		strb	r7, [r0]
 354 0060 03F10C03 		add	r3, r3, #12
 355              	.LVL24:
 356              		.loc 1 147 0
 357 0064 E6D1     		bne	.L36
 358              	.LVL25:
 359              	.L41:
 360              		.loc 1 155 0
 361 0066 F0BC     		pop	{r4, r5, r6, r7}
 362 0068 7047     		bx	lr
 363              		.cfi_endproc
 364              	.LFE1:
 365              		.size	uip_arp_timer, .-uip_arp_timer
 366 006a 00BFAFF3 		.section	.text.uip_arp_arpin,"ax",%progbits
 366      0080
 367              		.align	2
 368              		.p2align 4,,15
 369              		.global	uip_arp_arpin
 370              		.thumb
 371              		.thumb_func
 372              		.type	uip_arp_arpin, %function
 373              	uip_arp_arpin:
 374              	.LFB3:
 375              		.loc 1 279 0
 376              		.cfi_startproc
 377              		@ args = 0, pretend = 0, frame = 0
 378              		@ frame_needed = 0, uses_anonymous_args = 0
 379 0000 2DE9F84F 		push	{r3, r4, r5, r6, r7, r8, r9, r10, fp, lr}
 380              		.cfi_def_cfa_offset 40
 381              		.cfi_offset 3, -40
 382              		.cfi_offset 4, -36
 383              		.cfi_offset 5, -32
 384              		.cfi_offset 6, -28
 385              		.cfi_offset 7, -24
 386              		.cfi_offset 8, -20
 387              		.cfi_offset 9, -16
 388              		.cfi_offset 10, -12
 389              		.cfi_offset 11, -8
 390              		.cfi_offset 14, -4
 391              		.loc 1 281 0
 392 0004 40F20004 		movw	r4, #:lower16:uip_len
 393 0008 C0F20004 		movt	r4, #:upper16:uip_len
 394 000c 2388     		ldrh	r3, [r4]
 395 000e 292B     		cmp	r3, #41
ARM GAS  /tmp/ccsdTHuA.s 			page 8


 396 0010 18D9     		bls	.L47
 397              		.loc 1 287 0
 398 0012 40F20005 		movw	r5, #:lower16:uip_buf
 399 0016 C0F20005 		movt	r5, #:upper16:uip_buf
 400 001a AB8A     		ldrh	r3, [r5, #20]	@ unaligned
 401              		.loc 1 285 0
 402 001c 0026     		movs	r6, #0
 403              		.loc 1 287 0
 404 001e B3F5807F 		cmp	r3, #256
 405              		.loc 1 285 0
 406 0022 2680     		strh	r6, [r4]	@ movhi
 407              		.loc 1 287 0
 408 0024 04D0     		beq	.L45
 409 0026 B3F5007F 		cmp	r3, #512
 410 002a 0FD0     		beq	.L46
 411 002c BDE8F88F 		pop	{r3, r4, r5, r6, r7, r8, r9, r10, fp, pc}
 412              	.L45:
 413              		.loc 1 291 0
 414 0030 40F20007 		movw	r7, #:lower16:uip_hostaddr
 415 0034 C0F20007 		movt	r7, #:upper16:uip_hostaddr
 416 0038 3B88     		ldrh	r3, [r7]
 417 003a EA8C     		ldrh	r2, [r5, #38]	@ unaligned
 418 003c 9A42     		cmp	r2, r3
 419 003e 15D0     		beq	.L48
 420              	.L42:
 421 0040 BDE8F88F 		pop	{r3, r4, r5, r6, r7, r8, r9, r10, fp, pc}
 422              	.L47:
 423              		.loc 1 282 0
 424 0044 0023     		movs	r3, #0
 425 0046 2380     		strh	r3, [r4]	@ movhi
 426              		.loc 1 283 0
 427 0048 BDE8F88F 		pop	{r3, r4, r5, r6, r7, r8, r9, r10, fp, pc}
 428              	.L46:
 429              		.loc 1 317 0
 430 004c 40F20003 		movw	r3, #:lower16:uip_hostaddr
 431 0050 C0F20003 		movt	r3, #:upper16:uip_hostaddr
 432 0054 1A88     		ldrh	r2, [r3]
 433 0056 E98C     		ldrh	r1, [r5, #38]	@ unaligned
 434 0058 9142     		cmp	r1, r2
 435 005a F1D1     		bne	.L42
 436              		.loc 1 317 0 is_stmt 0 discriminator 1
 437 005c 2A8D     		ldrh	r2, [r5, #40]	@ unaligned
 438 005e 5B88     		ldrh	r3, [r3, #2]
 439 0060 9A42     		cmp	r2, r3
 440 0062 EDD1     		bne	.L42
 441              		.loc 1 324 0 is_stmt 1
 442 0064 BDE8F84F 		pop	{r3, r4, r5, r6, r7, r8, r9, r10, fp, lr}
 443              		.loc 1 318 0
 444 0068 FFF7FEBF 		b	uip_arp_update.constprop.0
 445              	.LVL26:
 446              	.L48:
 447              		.loc 1 291 0 discriminator 1
 448 006c 2A8D     		ldrh	r2, [r5, #40]	@ unaligned
 449 006e 7B88     		ldrh	r3, [r7, #2]
 450 0070 9A42     		cmp	r2, r3
 451 0072 E5D1     		bne	.L42
 452              		.loc 1 295 0
ARM GAS  /tmp/ccsdTHuA.s 			page 9


 453 0074 FFF7FEFF 		bl	uip_arp_update.constprop.0
 454              	.LVL27:
 455              		.loc 1 298 0
 456 0078 0223     		movs	r3, #2
 457              		.loc 1 300 0
 458 007a 2946     		mov	r1, r5
 459              		.loc 1 298 0
 460 007c 6B75     		strb	r3, [r5, #21]
 461              		.loc 1 300 0
 462 007e 51F8168F 		ldr	r8, [r1, #22]!	@ unaligned
 463              		.loc 1 301 0
 464 0082 40F20003 		movw	r3, #:lower16:uip_ethaddr
 465 0086 C0F20003 		movt	r3, #:upper16:uip_ethaddr
 466              		.loc 1 300 0
 467 008a B1F804C0 		ldrh	ip, [r1, #4]	@ unaligned
 468              		.loc 1 301 0
 469 008e 1A68     		ldr	r2, [r3]	@ unaligned
 470 0090 9B88     		ldrh	r3, [r3, #4]	@ unaligned
 471              		.loc 1 300 0
 472 0092 C5F82080 		str	r8, [r5, #32]	@ unaligned
 473 0096 A5F824C0 		strh	ip, [r5, #36]	@ unaligned
 474              		.loc 1 301 0
 475 009a C5F81620 		str	r2, [r5, #22]	@ unaligned
 476 009e 8B80     		strh	r3, [r1, #4]	@ unaligned
 477              		.loc 1 305 0
 478 00a0 B5F81C90 		ldrh	r9, [r5, #28]	@ unaligned
 479              		.loc 1 306 0
 480 00a4 B5F81E80 		ldrh	r8, [r5, #30]	@ unaligned
 481              		.loc 1 307 0
 482 00a8 B7F800C0 		ldrh	ip, [r7]
 483              		.loc 1 303 0
 484 00ac B5F824B0 		ldrh	fp, [r5, #36]	@ unaligned
 485 00b0 D5F820A0 		ldr	r10, [r5, #32]	@ unaligned
 486              		.loc 1 308 0
 487 00b4 7F88     		ldrh	r7, [r7, #2]
 488              		.loc 1 310 0
 489 00b6 0820     		movs	r0, #8
 490 00b8 0621     		movs	r1, #6
 491              		.loc 1 302 0
 492 00ba 6B81     		strh	r3, [r5, #10]	@ unaligned
 493              		.loc 1 311 0
 494 00bc 4FF02A03 		mov	r3, #42	@ movhi
 495              		.loc 1 298 0
 496 00c0 2E75     		strb	r6, [r5, #20]
 497              		.loc 1 302 0
 498 00c2 C5F80620 		str	r2, [r5, #6]	@ unaligned
 499              		.loc 1 303 0
 500 00c6 A5F804B0 		strh	fp, [r5, #4]	@ unaligned
 501 00ca C5F800A0 		str	r10, [r5]	@ unaligned
 502              		.loc 1 305 0
 503 00ce A5F82690 		strh	r9, [r5, #38]	@ unaligned
 504              		.loc 1 306 0
 505 00d2 A5F82880 		strh	r8, [r5, #40]	@ unaligned
 506              		.loc 1 307 0
 507 00d6 A5F81CC0 		strh	ip, [r5, #28]	@ unaligned
 508              		.loc 1 308 0
 509 00da EF83     		strh	r7, [r5, #30]	@ unaligned
ARM GAS  /tmp/ccsdTHuA.s 			page 10


 510              		.loc 1 310 0
 511 00dc 2873     		strb	r0, [r5, #12]
 512 00de 6973     		strb	r1, [r5, #13]
 513              		.loc 1 311 0
 514 00e0 2380     		strh	r3, [r4]	@ movhi
 515 00e2 BDE8F88F 		pop	{r3, r4, r5, r6, r7, r8, r9, r10, fp, pc}
 516              		.cfi_endproc
 517              	.LFE3:
 518              		.size	uip_arp_arpin, .-uip_arp_arpin
 519 00e6 00BFAFF3 		.section	.text.uip_arp_out,"ax",%progbits
 519      0080AFF3 
 519      0080
 520              		.align	2
 521              		.p2align 4,,15
 522              		.global	uip_arp_out
 523              		.thumb
 524              		.thumb_func
 525              		.type	uip_arp_out, %function
 526              	uip_arp_out:
 527              	.LFB4:
 528              		.loc 1 355 0
 529              		.cfi_startproc
 530              		@ args = 0, pretend = 0, frame = 0
 531              		@ frame_needed = 0, uses_anonymous_args = 0
 532 0000 2DE9F84F 		push	{r3, r4, r5, r6, r7, r8, r9, r10, fp, lr}
 533              		.cfi_def_cfa_offset 40
 534              		.cfi_offset 3, -40
 535              		.cfi_offset 4, -36
 536              		.cfi_offset 5, -32
 537              		.cfi_offset 6, -28
 538              		.cfi_offset 7, -24
 539              		.cfi_offset 8, -20
 540              		.cfi_offset 9, -16
 541              		.cfi_offset 10, -12
 542              		.cfi_offset 11, -8
 543              		.cfi_offset 14, -4
 544              		.loc 1 366 0
 545 0004 40F20006 		movw	r6, #:lower16:uip_buf
 546 0008 C0F20006 		movt	r6, #:upper16:uip_buf
 547 000c F28B     		ldrh	r2, [r6, #30]	@ unaligned
 548 000e 4FF6FF73 		movw	r3, #65535
 549 0012 95B2     		uxth	r5, r2
 550 0014 9D42     		cmp	r5, r3
 551 0016 6AD0     		beq	.L62
 552              	.L50:
 553              		.loc 1 370 0
 554 0018 40F20007 		movw	r7, #:lower16:uip_hostaddr
 555 001c C0F20007 		movt	r7, #:upper16:uip_hostaddr
 556 0020 40F20003 		movw	r3, #:lower16:uip_netmask
 557 0024 3888     		ldrh	r0, [r7]
 558 0026 C0F20003 		movt	r3, #:upper16:uip_netmask
 559 002a 1988     		ldrh	r1, [r3]
 560 002c 6840     		eors	r0, r0, r5
 561 002e 0842     		tst	r0, r1
 562 0030 4ED0     		beq	.L63
 563              	.L52:
 564              		.loc 1 374 0
ARM GAS  /tmp/ccsdTHuA.s 			page 11


 565 0032 40F20003 		movw	r3, #:lower16:uip_draddr
 566 0036 C0F20003 		movt	r3, #:upper16:uip_draddr
 567 003a 1D88     		ldrh	r5, [r3]
 568 003c 40F20008 		movw	r8, #:lower16:.LANCHOR6
 569 0040 5B88     		ldrh	r3, [r3, #2]
 570 0042 C0F20008 		movt	r8, #:upper16:.LANCHOR6
 571 0046 A8F80230 		strh	r3, [r8, #2]	@ movhi
 572 004a A8F80050 		strh	r5, [r8]	@ movhi
 573              	.L54:
 574              		.loc 1 380 0
 575 004e 40F2000A 		movw	r10, #:lower16:.LANCHOR0
 576 0052 40F20003 		movw	r3, #:lower16:.LANCHOR1
 577              		.loc 1 382 0
 578 0056 B8F80290 		ldrh	r9, [r8, #2]
 579              		.loc 1 380 0
 580 005a C0F2000A 		movt	r10, #:upper16:.LANCHOR0
 581 005e C0F20003 		movt	r3, #:upper16:.LANCHOR1
 582              		.loc 1 382 0
 583 0062 0124     		movs	r4, #1
 584 0064 4FF0000C 		mov	ip, #0
 585 0068 05E0     		b	.L58
 586              	.LVL28:
 587              	.L55:
 588              		.loc 1 380 0
 589 006a 092A     		cmp	r2, #9
 590 006c 03F10C03 		add	r3, r3, #12
 591 0070 0DD0     		beq	.L57
 592 0072 A446     		mov	ip, r4
 593 0074 1446     		mov	r4, r2
 594              	.LVL29:
 595              	.L58:
 596              		.loc 1 382 0
 597 0076 1988     		ldrh	r1, [r3]
 598 0078 621C     		adds	r2, r4, #1
 599 007a A942     		cmp	r1, r5
 600 007c D2B2     		uxtb	r2, r2
 601              		.loc 1 381 0
 602 007e 1846     		mov	r0, r3
 603              		.loc 1 382 0
 604 0080 F3D1     		bne	.L55
 605              		.loc 1 382 0 is_stmt 0 discriminator 1
 606 0082 5988     		ldrh	r1, [r3, #2]
 607 0084 4945     		cmp	r1, r9
 608 0086 F0D1     		bne	.L55
 609 0088 8AF800C0 		strb	ip, [r10]
 610 008c 03E0     		b	.L59
 611              	.LVL30:
 612              	.L57:
 613              		.loc 1 387 0 is_stmt 1
 614 008e 082C     		cmp	r4, #8
 615 0090 8AF80040 		strb	r4, [r10]
 616 0094 37D0     		beq	.L64
 617              	.L59:
 618              		.loc 1 412 0
 619 0096 0346     		mov	r3, r0
 620 0098 53F8040F 		ldr	r0, [r3, #4]!	@ unaligned
 621              	.LVL31:
ARM GAS  /tmp/ccsdTHuA.s 			page 12


 622 009c 9B88     		ldrh	r3, [r3, #4]	@ unaligned
 623              	.LVL32:
 624 009e 3060     		str	r0, [r6]	@ unaligned
 625 00a0 B380     		strh	r3, [r6, #4]	@ unaligned
 626              	.L51:
 627              		.loc 1 418 0
 628 00a2 40F20003 		movw	r3, #:lower16:uip_len
 629 00a6 C0F20003 		movt	r3, #:upper16:uip_len
 630              		.loc 1 414 0
 631 00aa 40F20002 		movw	r2, #:lower16:uip_ethaddr
 632 00ae C0F20002 		movt	r2, #:upper16:uip_ethaddr
 633              		.loc 1 418 0
 634 00b2 1D88     		ldrh	r5, [r3]
 635              		.loc 1 414 0
 636 00b4 1768     		ldr	r7, [r2]	@ unaligned
 637 00b6 9488     		ldrh	r4, [r2, #4]	@ unaligned
 638 00b8 3C48     		ldr	r0, .L65
 639              		.loc 1 418 0
 640 00ba 0E35     		adds	r5, r5, #14
 641              		.loc 1 416 0
 642 00bc 0021     		movs	r1, #0
 643 00be 0822     		movs	r2, #8
 644              		.loc 1 414 0
 645 00c0 C6F80670 		str	r7, [r6, #6]	@ unaligned
 646              		.loc 1 418 0
 647 00c4 1D80     		strh	r5, [r3]	@ movhi
 648              		.loc 1 414 0
 649 00c6 8480     		strh	r4, [r0, #4]	@ unaligned
 650              		.loc 1 416 0
 651 00c8 7173     		strb	r1, [r6, #13]
 652 00ca 3273     		strb	r2, [r6, #12]
 653 00cc BDE8F88F 		pop	{r3, r4, r5, r6, r7, r8, r9, r10, fp, pc}
 654              	.L63:
 655              		.loc 1 370 0 discriminator 1
 656 00d0 318C     		ldrh	r1, [r6, #32]	@ unaligned
 657 00d2 7888     		ldrh	r0, [r7, #2]
 658 00d4 5B88     		ldrh	r3, [r3, #2]
 659 00d6 4840     		eors	r0, r0, r1
 660 00d8 1842     		tst	r0, r3
 661 00da AAD1     		bne	.L52
 662              		.loc 1 377 0
 663 00dc 40F20008 		movw	r8, #:lower16:.LANCHOR6
 664 00e0 C0F20008 		movt	r8, #:upper16:.LANCHOR6
 665 00e4 A8F80020 		strh	r2, [r8]	@ movhi
 666 00e8 A8F80210 		strh	r1, [r8, #2]	@ movhi
 667 00ec AFE7     		b	.L54
 668              	.L62:
 669              		.loc 1 366 0 discriminator 1
 670 00ee 338C     		ldrh	r3, [r6, #32]	@ unaligned
 671 00f0 AB42     		cmp	r3, r5
 672 00f2 91D1     		bne	.L50
 673              		.loc 1 367 0
 674 00f4 40F20003 		movw	r3, #:lower16:.LANCHOR5
 675 00f8 C0F20003 		movt	r3, #:upper16:.LANCHOR5
 676 00fc 1868     		ldr	r0, [r3]	@ unaligned
 677 00fe 9B88     		ldrh	r3, [r3, #4]	@ unaligned
 678 0100 3060     		str	r0, [r6]	@ unaligned
ARM GAS  /tmp/ccsdTHuA.s 			page 13


 679 0102 B380     		strh	r3, [r6, #4]	@ unaligned
 680 0104 CDE7     		b	.L51
 681              	.LVL33:
 682              	.L64:
 683              		.loc 1 391 0
 684 0106 40F20000 		movw	r0, #:lower16:uip_buf
 685              	.LVL34:
 686 010a FF21     		movs	r1, #255
 687 010c 0622     		movs	r2, #6
 688 010e C0F20000 		movt	r0, #:upper16:uip_buf
 689 0112 FFF7FEFF 		bl	memset
 690              	.LVL35:
 691              		.loc 1 393 0
 692 0116 40F20003 		movw	r3, #:lower16:uip_ethaddr
 693 011a C0F20003 		movt	r3, #:upper16:uip_ethaddr
 694 011e 2348     		ldr	r0, .L65
 695              		.loc 1 396 0
 696 0120 B8F802A0 		ldrh	r10, [r8, #2]
 697              		.loc 1 393 0
 698 0124 B3F804C0 		ldrh	ip, [r3, #4]	@ unaligned
 699 0128 D3F80080 		ldr	r8, [r3]	@ unaligned
 700              		.loc 1 397 0
 701 012c B7F80090 		ldrh	r9, [r7]
 702 0130 B7F802B0 		ldrh	fp, [r7, #2]
 703              		.loc 1 405 0
 704 0134 40F20001 		movw	r1, #:lower16:uip_appdata
 705              		.loc 1 407 0
 706 0138 40F20002 		movw	r2, #:lower16:uip_len
 707              		.loc 1 392 0
 708 013c 0023     		movs	r3, #0
 709              		.loc 1 393 0
 710 013e C6F80680 		str	r8, [r6, #6]	@ unaligned
 711              		.loc 1 394 0
 712 0142 C6F81680 		str	r8, [r6, #22]	@ unaligned
 713              		.loc 1 393 0
 714 0146 A0F804C0 		strh	ip, [r0, #4]	@ unaligned
 715              		.loc 1 394 0
 716 014a A0F814C0 		strh	ip, [r0, #20]	@ unaligned
 717              		.loc 1 405 0
 718 014e C0F20001 		movt	r1, #:upper16:uip_appdata
 719              		.loc 1 407 0
 720 0152 C0F20002 		movt	r2, #:upper16:uip_len
 721 0156 2A27     		movs	r7, #42
 722              		.loc 1 396 0
 723 0158 A6F828A0 		strh	r10, [r6, #40]	@ unaligned
 724 015c F584     		strh	r5, [r6, #38]	@ unaligned
 725              		.loc 1 398 0
 726 015e 4FF0010A 		mov	r10, #1
 727              		.loc 1 401 0
 728 0162 0625     		movs	r5, #6
 729              		.loc 1 402 0
 730 0164 4FF00408 		mov	r8, #4
 731              		.loc 1 405 0
 732 0168 3030     		adds	r0, r0, #48
 733              		.loc 1 400 0
 734 016a 3474     		strb	r4, [r6, #16]
 735              		.loc 1 403 0
ARM GAS  /tmp/ccsdTHuA.s 			page 14


 736 016c 3473     		strb	r4, [r6, #12]
 737              		.loc 1 405 0
 738 016e 0860     		str	r0, [r1]
 739              		.loc 1 407 0
 740 0170 1780     		strh	r7, [r2]	@ movhi
 741              		.loc 1 397 0
 742 0172 A6F81C90 		strh	r9, [r6, #28]	@ unaligned
 743 0176 A6F81EB0 		strh	fp, [r6, #30]	@ unaligned
 744              		.loc 1 392 0
 745 017a 86F82030 		strb	r3, [r6, #32]
 746 017e 86F82130 		strb	r3, [r6, #33]
 747 0182 86F82230 		strb	r3, [r6, #34]
 748 0186 86F82330 		strb	r3, [r6, #35]
 749 018a 86F82430 		strb	r3, [r6, #36]
 750 018e 86F82530 		strb	r3, [r6, #37]
 751              		.loc 1 398 0
 752 0192 3375     		strb	r3, [r6, #20]
 753              		.loc 1 399 0
 754 0194 B373     		strb	r3, [r6, #14]
 755              		.loc 1 400 0
 756 0196 7374     		strb	r3, [r6, #17]
 757              		.loc 1 398 0
 758 0198 86F815A0 		strb	r10, [r6, #21]
 759              		.loc 1 399 0
 760 019c 86F80FA0 		strb	r10, [r6, #15]
 761              		.loc 1 401 0
 762 01a0 B574     		strb	r5, [r6, #18]
 763              		.loc 1 403 0
 764 01a2 7573     		strb	r5, [r6, #13]
 765              		.loc 1 402 0
 766 01a4 86F81380 		strb	r8, [r6, #19]
 767              		.loc 1 408 0
 768 01a8 BDE8F88F 		pop	{r3, r4, r5, r6, r7, r8, r9, r10, fp, pc}
 769              	.L66:
 770              		.align	2
 771              	.L65:
 772 01ac 06000000 		.word	uip_buf+6
 773              		.cfi_endproc
 774              	.LFE4:
 775              		.size	uip_arp_out, .-uip_arp_out
 776              		.section	.bss.i,"aw",%nobits
 777              		.set	.LANCHOR0,. + 0
 778              		.type	i, %object
 779              		.size	i, 1
 780              	i:
 781 0000 00       		.space	1
 782              		.section	.bss.tmpage,"aw",%nobits
 783              		.set	.LANCHOR3,. + 0
 784              		.type	tmpage, %object
 785              		.size	tmpage, 1
 786              	tmpage:
 787 0000 00       		.space	1
 788              		.section	.bss.arp_table,"aw",%nobits
 789              		.align	2
 790              		.set	.LANCHOR1,. + 0
 791              		.type	arp_table, %object
 792              		.size	arp_table, 96
ARM GAS  /tmp/ccsdTHuA.s 			page 15


 793              	arp_table:
 794 0000 00000000 		.space	96
 794      00000000 
 794      00000000 
 794      00000000 
 794      00000000 
 795              		.section	.rodata.broadcast_ethaddr,"a",%progbits
 796              		.align	2
 797              		.set	.LANCHOR5,. + 0
 798              		.type	broadcast_ethaddr, %object
 799              		.size	broadcast_ethaddr, 6
 800              	broadcast_ethaddr:
 801 0000 FF       		.byte	-1
 802 0001 FF       		.byte	-1
 803 0002 FF       		.byte	-1
 804 0003 FF       		.byte	-1
 805 0004 FF       		.byte	-1
 806 0005 FF       		.byte	-1
 807 0006 0000     		.section	.bss.c,"aw",%nobits
 808              		.set	.LANCHOR4,. + 0
 809              		.type	c, %object
 810              		.size	c, 1
 811              	c:
 812 0000 00       		.space	1
 813              		.section	.bss.arptime,"aw",%nobits
 814              		.set	.LANCHOR2,. + 0
 815              		.type	arptime, %object
 816              		.size	arptime, 1
 817              	arptime:
 818 0000 00       		.space	1
 819              		.section	.bss.ipaddr,"aw",%nobits
 820              		.align	2
 821              		.set	.LANCHOR6,. + 0
 822              		.type	ipaddr, %object
 823              		.size	ipaddr, 4
 824              	ipaddr:
 825 0000 00000000 		.space	4
 826              		.text
 827              	.Letext0:
 828              		.file 2 "/usr/include/newlib/machine/_default_types.h"
 829              		.file 3 "/usr/include/newlib/stdint.h"
 830              		.file 4 "./uip-conf.h"
 831              		.file 5 "../uip/uip.h"
 832              		.file 6 "../uip/uip_arp.h"
 833              		.file 7 "/usr/lib/gcc/arm-none-eabi/4.8.2/include/stddef.h"
 834              		.file 8 "/usr/include/newlib/string.h"
 835              		.section	.debug_info,"",%progbits
 836              	.Ldebug_info0:
 837 0000 BF040000 		.4byte	0x4bf
 838 0004 0400     		.2byte	0x4
 839 0006 00000000 		.4byte	.Ldebug_abbrev0
 840 000a 04       		.byte	0x4
 841 000b 01       		.uleb128 0x1
 842 000c 27000000 		.4byte	.LASF63
 843 0010 01       		.byte	0x1
 844 0011 A2020000 		.4byte	.LASF64
 845 0015 C0020000 		.4byte	.LASF65
ARM GAS  /tmp/ccsdTHuA.s 			page 16


 846 0019 00000000 		.4byte	.Ldebug_ranges0+0
 847 001d 00000000 		.4byte	0
 848 0021 00000000 		.4byte	.Ldebug_line0
 849 0025 02       		.uleb128 0x2
 850 0026 01       		.byte	0x1
 851 0027 06       		.byte	0x6
 852 0028 0F010000 		.4byte	.LASF0
 853 002c 03       		.uleb128 0x3
 854 002d 13000000 		.4byte	.LASF3
 855 0031 02       		.byte	0x2
 856 0032 1C       		.byte	0x1c
 857 0033 37000000 		.4byte	0x37
 858 0037 02       		.uleb128 0x2
 859 0038 01       		.byte	0x1
 860 0039 08       		.byte	0x8
 861 003a 57020000 		.4byte	.LASF1
 862 003e 02       		.uleb128 0x2
 863 003f 02       		.byte	0x2
 864 0040 05       		.byte	0x5
 865 0041 72020000 		.4byte	.LASF2
 866 0045 03       		.uleb128 0x3
 867 0046 23030000 		.4byte	.LASF4
 868 004a 02       		.byte	0x2
 869 004b 26       		.byte	0x26
 870 004c 50000000 		.4byte	0x50
 871 0050 02       		.uleb128 0x2
 872 0051 02       		.byte	0x2
 873 0052 07       		.byte	0x7
 874 0053 A4010000 		.4byte	.LASF5
 875 0057 02       		.uleb128 0x2
 876 0058 04       		.byte	0x4
 877 0059 05       		.byte	0x5
 878 005a 45010000 		.4byte	.LASF6
 879 005e 02       		.uleb128 0x2
 880 005f 04       		.byte	0x4
 881 0060 07       		.byte	0x7
 882 0061 88010000 		.4byte	.LASF7
 883 0065 02       		.uleb128 0x2
 884 0066 08       		.byte	0x8
 885 0067 05       		.byte	0x5
 886 0068 01010000 		.4byte	.LASF8
 887 006c 02       		.uleb128 0x2
 888 006d 08       		.byte	0x8
 889 006e 07       		.byte	0x7
 890 006f DE000000 		.4byte	.LASF9
 891 0073 04       		.uleb128 0x4
 892 0074 04       		.byte	0x4
 893 0075 05       		.byte	0x5
 894 0076 696E7400 		.ascii	"int\000"
 895 007a 02       		.uleb128 0x2
 896 007b 04       		.byte	0x4
 897 007c 07       		.byte	0x7
 898 007d 7B010000 		.4byte	.LASF10
 899 0081 03       		.uleb128 0x3
 900 0082 7F030000 		.4byte	.LASF11
 901 0086 03       		.byte	0x3
 902 0087 2A       		.byte	0x2a
ARM GAS  /tmp/ccsdTHuA.s 			page 17


 903 0088 2C000000 		.4byte	0x2c
 904 008c 03       		.uleb128 0x3
 905 008d 63010000 		.4byte	.LASF12
 906 0091 03       		.byte	0x3
 907 0092 36       		.byte	0x36
 908 0093 45000000 		.4byte	0x45
 909 0097 02       		.uleb128 0x2
 910 0098 01       		.byte	0x1
 911 0099 08       		.byte	0x8
 912 009a BB020000 		.4byte	.LASF13
 913 009e 03       		.uleb128 0x3
 914 009f 03020000 		.4byte	.LASF14
 915 00a3 04       		.byte	0x4
 916 00a4 54       		.byte	0x54
 917 00a5 81000000 		.4byte	0x81
 918 00a9 03       		.uleb128 0x3
 919 00aa 57030000 		.4byte	.LASF15
 920 00ae 04       		.byte	0x4
 921 00af 5D       		.byte	0x5d
 922 00b0 8C000000 		.4byte	0x8c
 923 00b4 03       		.uleb128 0x3
 924 00b5 11020000 		.4byte	.LASF16
 925 00b9 05       		.byte	0x5
 926 00ba 3E       		.byte	0x3e
 927 00bb BF000000 		.4byte	0xbf
 928 00bf 05       		.uleb128 0x5
 929 00c0 A9000000 		.4byte	0xa9
 930 00c4 CF000000 		.4byte	0xcf
 931 00c8 06       		.uleb128 0x6
 932 00c9 CF000000 		.4byte	0xcf
 933 00cd 01       		.byte	0x1
 934 00ce 00       		.byte	0
 935 00cf 02       		.uleb128 0x2
 936 00d0 04       		.byte	0x4
 937 00d1 07       		.byte	0x7
 938 00d2 08020000 		.4byte	.LASF17
 939 00d6 03       		.uleb128 0x3
 940 00d7 2E030000 		.4byte	.LASF18
 941 00db 05       		.byte	0x5
 942 00dc 43       		.byte	0x43
 943 00dd B4000000 		.4byte	0xb4
 944 00e1 05       		.uleb128 0x5
 945 00e2 9E000000 		.4byte	0x9e
 946 00e6 F1000000 		.4byte	0xf1
 947 00ea 06       		.uleb128 0x6
 948 00eb CF000000 		.4byte	0xcf
 949 00ef 01       		.byte	0x1
 950 00f0 00       		.byte	0
 951 00f1 07       		.uleb128 0x7
 952 00f2 8F030000 		.4byte	.LASF19
 953 00f6 06       		.byte	0x6
 954 00f7 05       		.byte	0x5
 955 00f8 0606     		.2byte	0x606
 956 00fa 0C010000 		.4byte	0x10c
 957 00fe 08       		.uleb128 0x8
 958 00ff F5000000 		.4byte	.LASF21
 959 0103 05       		.byte	0x5
ARM GAS  /tmp/ccsdTHuA.s 			page 18


 960 0104 0706     		.2byte	0x607
 961 0106 0C010000 		.4byte	0x10c
 962 010a 00       		.byte	0
 963 010b 00       		.byte	0
 964 010c 05       		.uleb128 0x5
 965 010d 9E000000 		.4byte	0x9e
 966 0111 1C010000 		.4byte	0x11c
 967 0115 06       		.uleb128 0x6
 968 0116 CF000000 		.4byte	0xcf
 969 011a 05       		.byte	0x5
 970 011b 00       		.byte	0
 971 011c 09       		.uleb128 0x9
 972 011d 39010000 		.4byte	.LASF20
 973 0121 0E       		.byte	0xe
 974 0122 06       		.byte	0x6
 975 0123 3F       		.byte	0x3f
 976 0124 4D010000 		.4byte	0x14d
 977 0128 0A       		.uleb128 0xa
 978 0129 3E020000 		.4byte	.LASF22
 979 012d 06       		.byte	0x6
 980 012e 40       		.byte	0x40
 981 012f F1000000 		.4byte	0xf1
 982 0133 00       		.byte	0
 983 0134 0B       		.uleb128 0xb
 984 0135 73726300 		.ascii	"src\000"
 985 0139 06       		.byte	0x6
 986 013a 41       		.byte	0x41
 987 013b F1000000 		.4byte	0xf1
 988 013f 06       		.byte	0x6
 989 0140 0A       		.uleb128 0xa
 990 0141 D9000000 		.4byte	.LASF23
 991 0145 06       		.byte	0x6
 992 0146 42       		.byte	0x42
 993 0147 A9000000 		.4byte	0xa9
 994 014b 0C       		.byte	0xc
 995 014c 00       		.byte	0
 996 014d 03       		.uleb128 0x3
 997 014e 0C000000 		.4byte	.LASF24
 998 0152 07       		.byte	0x7
 999 0153 D4       		.byte	0xd4
 1000 0154 7A000000 		.4byte	0x7a
 1001 0158 0C       		.uleb128 0xc
 1002 0159 04       		.byte	0x4
 1003 015a 09       		.uleb128 0x9
 1004 015b 4F030000 		.4byte	.LASF25
 1005 015f 2A       		.byte	0x2a
 1006 0160 01       		.byte	0x1
 1007 0161 42       		.byte	0x42
 1008 0162 DF010000 		.4byte	0x1df
 1009 0166 0A       		.uleb128 0xa
 1010 0167 FA000000 		.4byte	.LASF26
 1011 016b 01       		.byte	0x1
 1012 016c 43       		.byte	0x43
 1013 016d 1C010000 		.4byte	0x11c
 1014 0171 00       		.byte	0
 1015 0172 0A       		.uleb128 0xa
 1016 0173 3B030000 		.4byte	.LASF27
ARM GAS  /tmp/ccsdTHuA.s 			page 19


 1017 0177 01       		.byte	0x1
 1018 0178 44       		.byte	0x44
 1019 0179 A9000000 		.4byte	0xa9
 1020 017d 0E       		.byte	0xe
 1021 017e 0A       		.uleb128 0xa
 1022 017f 4E020000 		.4byte	.LASF28
 1023 0183 01       		.byte	0x1
 1024 0184 45       		.byte	0x45
 1025 0185 A9000000 		.4byte	0xa9
 1026 0189 10       		.byte	0x10
 1027 018a 0A       		.uleb128 0xa
 1028 018b 96020000 		.4byte	.LASF29
 1029 018f 01       		.byte	0x1
 1030 0190 46       		.byte	0x46
 1031 0191 9E000000 		.4byte	0x9e
 1032 0195 12       		.byte	0x12
 1033 0196 0A       		.uleb128 0xa
 1034 0197 8D020000 		.4byte	.LASF30
 1035 019b 01       		.byte	0x1
 1036 019c 47       		.byte	0x47
 1037 019d 9E000000 		.4byte	0x9e
 1038 01a1 13       		.byte	0x13
 1039 01a2 0A       		.uleb128 0xa
 1040 01a3 A4030000 		.4byte	.LASF31
 1041 01a7 01       		.byte	0x1
 1042 01a8 48       		.byte	0x48
 1043 01a9 A9000000 		.4byte	0xa9
 1044 01ad 14       		.byte	0x14
 1045 01ae 0A       		.uleb128 0xa
 1046 01af 4E010000 		.4byte	.LASF32
 1047 01b3 01       		.byte	0x1
 1048 01b4 49       		.byte	0x49
 1049 01b5 F1000000 		.4byte	0xf1
 1050 01b9 16       		.byte	0x16
 1051 01ba 0A       		.uleb128 0xa
 1052 01bb 87030000 		.4byte	.LASF33
 1053 01bf 01       		.byte	0x1
 1054 01c0 4A       		.byte	0x4a
 1055 01c1 BF000000 		.4byte	0xbf
 1056 01c5 1C       		.byte	0x1c
 1057 01c6 0A       		.uleb128 0xa
 1058 01c7 27010000 		.4byte	.LASF34
 1059 01cb 01       		.byte	0x1
 1060 01cc 4B       		.byte	0x4b
 1061 01cd F1000000 		.4byte	0xf1
 1062 01d1 20       		.byte	0x20
 1063 01d2 0A       		.uleb128 0xa
 1064 01d3 77030000 		.4byte	.LASF35
 1065 01d7 01       		.byte	0x1
 1066 01d8 4C       		.byte	0x4c
 1067 01d9 BF000000 		.4byte	0xbf
 1068 01dd 26       		.byte	0x26
 1069 01de 00       		.byte	0
 1070 01df 09       		.uleb128 0x9
 1071 01e0 1D000000 		.4byte	.LASF36
 1072 01e4 22       		.byte	0x22
 1073 01e5 01       		.byte	0x1
ARM GAS  /tmp/ccsdTHuA.s 			page 20


 1074 01e6 4F       		.byte	0x4f
 1075 01e7 70020000 		.4byte	0x270
 1076 01eb 0A       		.uleb128 0xa
 1077 01ec FA000000 		.4byte	.LASF26
 1078 01f0 01       		.byte	0x1
 1079 01f1 50       		.byte	0x50
 1080 01f2 1C010000 		.4byte	0x11c
 1081 01f6 00       		.byte	0
 1082 01f7 0B       		.uleb128 0xb
 1083 01f8 76686C00 		.ascii	"vhl\000"
 1084 01fc 01       		.byte	0x1
 1085 01fd 52       		.byte	0x52
 1086 01fe 9E000000 		.4byte	0x9e
 1087 0202 0E       		.byte	0xe
 1088 0203 0B       		.uleb128 0xb
 1089 0204 746F7300 		.ascii	"tos\000"
 1090 0208 01       		.byte	0x1
 1091 0209 53       		.byte	0x53
 1092 020a 9E000000 		.4byte	0x9e
 1093 020e 0F       		.byte	0xf
 1094 020f 0B       		.uleb128 0xb
 1095 0210 6C656E00 		.ascii	"len\000"
 1096 0214 01       		.byte	0x1
 1097 0215 54       		.byte	0x54
 1098 0216 E1000000 		.4byte	0xe1
 1099 021a 10       		.byte	0x10
 1100 021b 0A       		.uleb128 0xa
 1101 021c 7C020000 		.4byte	.LASF37
 1102 0220 01       		.byte	0x1
 1103 0221 55       		.byte	0x55
 1104 0222 E1000000 		.4byte	0xe1
 1105 0226 12       		.byte	0x12
 1106 0227 0A       		.uleb128 0xa
 1107 0228 C9010000 		.4byte	.LASF38
 1108 022c 01       		.byte	0x1
 1109 022d 56       		.byte	0x56
 1110 022e E1000000 		.4byte	0xe1
 1111 0232 14       		.byte	0x14
 1112 0233 0B       		.uleb128 0xb
 1113 0234 74746C00 		.ascii	"ttl\000"
 1114 0238 01       		.byte	0x1
 1115 0239 57       		.byte	0x57
 1116 023a 9E000000 		.4byte	0x9e
 1117 023e 16       		.byte	0x16
 1118 023f 0A       		.uleb128 0xa
 1119 0240 9C020000 		.4byte	.LASF39
 1120 0244 01       		.byte	0x1
 1121 0245 58       		.byte	0x58
 1122 0246 9E000000 		.4byte	0x9e
 1123 024a 17       		.byte	0x17
 1124 024b 0A       		.uleb128 0xa
 1125 024c 35020000 		.4byte	.LASF40
 1126 0250 01       		.byte	0x1
 1127 0251 59       		.byte	0x59
 1128 0252 A9000000 		.4byte	0xa9
 1129 0256 18       		.byte	0x18
 1130 0257 0A       		.uleb128 0xa
ARM GAS  /tmp/ccsdTHuA.s 			page 21


 1131 0258 9A010000 		.4byte	.LASF41
 1132 025c 01       		.byte	0x1
 1133 025d 5A       		.byte	0x5a
 1134 025e BF000000 		.4byte	0xbf
 1135 0262 1A       		.byte	0x1a
 1136 0263 0A       		.uleb128 0xa
 1137 0264 43020000 		.4byte	.LASF42
 1138 0268 01       		.byte	0x1
 1139 0269 5B       		.byte	0x5b
 1140 026a BF000000 		.4byte	0xbf
 1141 026e 1E       		.byte	0x1e
 1142 026f 00       		.byte	0
 1143 0270 09       		.uleb128 0x9
 1144 0271 2F010000 		.4byte	.LASF43
 1145 0275 0C       		.byte	0xc
 1146 0276 01       		.byte	0x1
 1147 0277 63       		.byte	0x63
 1148 0278 A1020000 		.4byte	0x2a1
 1149 027c 0A       		.uleb128 0xa
 1150 027d 70030000 		.4byte	.LASF44
 1151 0281 01       		.byte	0x1
 1152 0282 64       		.byte	0x64
 1153 0283 BF000000 		.4byte	0xbf
 1154 0287 00       		.byte	0
 1155 0288 0A       		.uleb128 0xa
 1156 0289 9C030000 		.4byte	.LASF45
 1157 028d 01       		.byte	0x1
 1158 028e 65       		.byte	0x65
 1159 028f F1000000 		.4byte	0xf1
 1160 0293 04       		.byte	0x4
 1161 0294 0A       		.uleb128 0xa
 1162 0295 42030000 		.4byte	.LASF46
 1163 0299 01       		.byte	0x1
 1164 029a 66       		.byte	0x66
 1165 029b 9E000000 		.4byte	0x9e
 1166 029f 0A       		.byte	0xa
 1167 02a0 00       		.byte	0
 1168 02a1 0D       		.uleb128 0xd
 1169 02a2 6C010000 		.4byte	.LASF66
 1170 02a6 01       		.byte	0x1
 1171 02a7 9E       		.byte	0x9e
 1172 02a8 01       		.byte	0x1
 1173 02a9 CF020000 		.4byte	0x2cf
 1174 02ad 0E       		.uleb128 0xe
 1175 02ae 70030000 		.4byte	.LASF44
 1176 02b2 01       		.byte	0x1
 1177 02b3 9E       		.byte	0x9e
 1178 02b4 CF020000 		.4byte	0x2cf
 1179 02b8 0E       		.uleb128 0xe
 1180 02b9 9C030000 		.4byte	.LASF45
 1181 02bd 01       		.byte	0x1
 1182 02be 9E       		.byte	0x9e
 1183 02bf D5020000 		.4byte	0x2d5
 1184 02c3 0F       		.uleb128 0xf
 1185 02c4 2E020000 		.4byte	.LASF50
 1186 02c8 01       		.byte	0x1
 1187 02c9 A0       		.byte	0xa0
ARM GAS  /tmp/ccsdTHuA.s 			page 22


 1188 02ca DB020000 		.4byte	0x2db
 1189 02ce 00       		.byte	0
 1190 02cf 10       		.uleb128 0x10
 1191 02d0 04       		.byte	0x4
 1192 02d1 A9000000 		.4byte	0xa9
 1193 02d5 10       		.uleb128 0x10
 1194 02d6 04       		.byte	0x4
 1195 02d7 F1000000 		.4byte	0xf1
 1196 02db 10       		.uleb128 0x10
 1197 02dc 04       		.byte	0x4
 1198 02dd 70020000 		.4byte	0x270
 1199 02e1 11       		.uleb128 0x11
 1200 02e2 A1020000 		.4byte	0x2a1
 1201 02e6 00000000 		.4byte	.LFB5
 1202 02ea 34010000 		.4byte	.LFE5-.LFB5
 1203 02ee 01       		.uleb128 0x1
 1204 02ef 9C       		.byte	0x9c
 1205 02f0 10030000 		.4byte	0x310
 1206 02f4 12       		.uleb128 0x12
 1207 02f5 C3020000 		.4byte	0x2c3
 1208 02f9 00000000 		.4byte	.LLST0
 1209 02fd 13       		.uleb128 0x13
 1210 02fe B8020000 		.4byte	0x2b8
 1211 0302 AA000000 		.4byte	.LLST1
 1212 0306 13       		.uleb128 0x13
 1213 0307 AD020000 		.4byte	0x2ad
 1214 030b BD000000 		.4byte	.LLST2
 1215 030f 00       		.byte	0
 1216 0310 14       		.uleb128 0x14
 1217 0311 65020000 		.4byte	.LASF67
 1218 0315 01       		.byte	0x1
 1219 0316 7D       		.byte	0x7d
 1220 0317 00000000 		.4byte	.LFB0
 1221 031b 2A000000 		.4byte	.LFE0-.LFB0
 1222 031f 01       		.uleb128 0x1
 1223 0320 9C       		.byte	0x9c
 1224 0321 15       		.uleb128 0x15
 1225 0322 D2010000 		.4byte	.LASF47
 1226 0326 01       		.byte	0x1
 1227 0327 8E       		.byte	0x8e
 1228 0328 00000000 		.4byte	.LFB1
 1229 032c 6A000000 		.4byte	.LFE1-.LFB1
 1230 0330 01       		.uleb128 0x1
 1231 0331 9C       		.byte	0x9c
 1232 0332 46030000 		.4byte	0x346
 1233 0336 16       		.uleb128 0x16
 1234 0337 2E020000 		.4byte	.LASF50
 1235 033b 01       		.byte	0x1
 1236 033c 90       		.byte	0x90
 1237 033d DB020000 		.4byte	0x2db
 1238 0341 D0000000 		.4byte	.LLST3
 1239 0345 00       		.byte	0
 1240 0346 17       		.uleb128 0x17
 1241 0347 F5010000 		.4byte	.LASF48
 1242 034b 01       		.byte	0x1
 1243 034c 1601     		.2byte	0x116
 1244 034e 00000000 		.4byte	.LFB3
ARM GAS  /tmp/ccsdTHuA.s 			page 23


 1245 0352 E6000000 		.4byte	.LFE3-.LFB3
 1246 0356 01       		.uleb128 0x1
 1247 0357 9C       		.byte	0x9c
 1248 0358 6F030000 		.4byte	0x36f
 1249 035c 18       		.uleb128 0x18
 1250 035d 6C000000 		.4byte	.LVL26
 1251 0361 E1020000 		.4byte	0x2e1
 1252 0365 19       		.uleb128 0x19
 1253 0366 78000000 		.4byte	.LVL27
 1254 036a E1020000 		.4byte	0x2e1
 1255 036e 00       		.byte	0
 1256 036f 17       		.uleb128 0x17
 1257 0370 64030000 		.4byte	.LASF49
 1258 0374 01       		.byte	0x1
 1259 0375 6201     		.2byte	0x162
 1260 0377 00000000 		.4byte	.LFB4
 1261 037b B0010000 		.4byte	.LFE4-.LFB4
 1262 037f 01       		.uleb128 0x1
 1263 0380 9C       		.byte	0x9c
 1264 0381 AB030000 		.4byte	0x3ab
 1265 0385 1A       		.uleb128 0x1a
 1266 0386 2E020000 		.4byte	.LASF50
 1267 038a 01       		.byte	0x1
 1268 038b 6401     		.2byte	0x164
 1269 038d DB020000 		.4byte	0x2db
 1270 0391 08010000 		.4byte	.LLST4
 1271 0395 1B       		.uleb128 0x1b
 1272 0396 16010000 		.4byte	.LVL35
 1273 039a A7040000 		.4byte	0x4a7
 1274 039e 1C       		.uleb128 0x1c
 1275 039f 01       		.uleb128 0x1
 1276 03a0 52       		.byte	0x52
 1277 03a1 01       		.uleb128 0x1
 1278 03a2 36       		.byte	0x36
 1279 03a3 1C       		.uleb128 0x1c
 1280 03a4 01       		.uleb128 0x1
 1281 03a5 51       		.byte	0x51
 1282 03a6 02       		.uleb128 0x2
 1283 03a7 08       		.byte	0x8
 1284 03a8 FF       		.byte	0xff
 1285 03a9 00       		.byte	0
 1286 03aa 00       		.byte	0
 1287 03ab 1D       		.uleb128 0x1d
 1288 03ac B7010000 		.4byte	.LASF51
 1289 03b0 01       		.byte	0x1
 1290 03b1 69       		.byte	0x69
 1291 03b2 BC030000 		.4byte	0x3bc
 1292 03b6 05       		.uleb128 0x5
 1293 03b7 03       		.byte	0x3
 1294 03b8 00000000 		.4byte	broadcast_ethaddr
 1295 03bc 1E       		.uleb128 0x1e
 1296 03bd F1000000 		.4byte	0xf1
 1297 03c1 0F       		.uleb128 0xf
 1298 03c2 12030000 		.4byte	.LASF52
 1299 03c6 01       		.byte	0x1
 1300 03c7 6B       		.byte	0x6b
 1301 03c8 CC030000 		.4byte	0x3cc
ARM GAS  /tmp/ccsdTHuA.s 			page 24


 1302 03cc 1E       		.uleb128 0x1e
 1303 03cd BF000000 		.4byte	0xbf
 1304 03d1 05       		.uleb128 0x5
 1305 03d2 70020000 		.4byte	0x270
 1306 03d6 E1030000 		.4byte	0x3e1
 1307 03da 06       		.uleb128 0x6
 1308 03db CF000000 		.4byte	0xcf
 1309 03df 07       		.byte	0x7
 1310 03e0 00       		.byte	0
 1311 03e1 1D       		.uleb128 0x1d
 1312 03e2 E0010000 		.4byte	.LASF53
 1313 03e6 01       		.byte	0x1
 1314 03e7 6D       		.byte	0x6d
 1315 03e8 D1030000 		.4byte	0x3d1
 1316 03ec 05       		.uleb128 0x5
 1317 03ed 03       		.byte	0x3
 1318 03ee 00000000 		.4byte	arp_table
 1319 03f2 1D       		.uleb128 0x1d
 1320 03f3 70030000 		.4byte	.LASF44
 1321 03f7 01       		.byte	0x1
 1322 03f8 6E       		.byte	0x6e
 1323 03f9 BF000000 		.4byte	0xbf
 1324 03fd 05       		.uleb128 0x5
 1325 03fe 03       		.byte	0x3
 1326 03ff 00000000 		.4byte	ipaddr
 1327 0403 1F       		.uleb128 0x1f
 1328 0404 6900     		.ascii	"i\000"
 1329 0406 01       		.byte	0x1
 1330 0407 6F       		.byte	0x6f
 1331 0408 9E000000 		.4byte	0x9e
 1332 040c 05       		.uleb128 0x5
 1333 040d 03       		.byte	0x3
 1334 040e 00000000 		.4byte	i
 1335 0412 1F       		.uleb128 0x1f
 1336 0413 6300     		.ascii	"c\000"
 1337 0415 01       		.byte	0x1
 1338 0416 6F       		.byte	0x6f
 1339 0417 9E000000 		.4byte	0x9e
 1340 041b 05       		.uleb128 0x5
 1341 041c 03       		.byte	0x3
 1342 041d 00000000 		.4byte	c
 1343 0421 1D       		.uleb128 0x1d
 1344 0422 26020000 		.4byte	.LASF54
 1345 0426 01       		.byte	0x1
 1346 0427 71       		.byte	0x71
 1347 0428 9E000000 		.4byte	0x9e
 1348 042c 05       		.uleb128 0x5
 1349 042d 03       		.byte	0x3
 1350 042e 00000000 		.4byte	arptime
 1351 0432 1D       		.uleb128 0x1d
 1352 0433 1F020000 		.4byte	.LASF55
 1353 0437 01       		.byte	0x1
 1354 0438 72       		.byte	0x72
 1355 0439 9E000000 		.4byte	0x9e
 1356 043d 05       		.uleb128 0x5
 1357 043e 03       		.byte	0x3
 1358 043f 00000000 		.4byte	tmpage
ARM GAS  /tmp/ccsdTHuA.s 			page 25


 1359 0443 05       		.uleb128 0x5
 1360 0444 9E000000 		.4byte	0x9e
 1361 0448 54040000 		.4byte	0x454
 1362 044c 20       		.uleb128 0x20
 1363 044d CF000000 		.4byte	0xcf
 1364 0451 EF05     		.2byte	0x5ef
 1365 0453 00       		.byte	0
 1366 0454 21       		.uleb128 0x21
 1367 0455 B3020000 		.4byte	.LASF56
 1368 0459 05       		.byte	0x5
 1369 045a A601     		.2byte	0x1a6
 1370 045c 43040000 		.4byte	0x443
 1371 0460 21       		.uleb128 0x21
 1372 0461 1B010000 		.4byte	.LASF57
 1373 0465 05       		.byte	0x5
 1374 0466 4B04     		.2byte	0x44b
 1375 0468 58010000 		.4byte	0x158
 1376 046c 21       		.uleb128 0x21
 1377 046d 47030000 		.4byte	.LASF58
 1378 0471 05       		.byte	0x5
 1379 0472 6E04     		.2byte	0x46e
 1380 0474 A9000000 		.4byte	0xa9
 1381 0478 21       		.uleb128 0x21
 1382 0479 56010000 		.4byte	.LASF59
 1383 047d 05       		.byte	0x5
 1384 047e FE05     		.2byte	0x5fe
 1385 0480 D6000000 		.4byte	0xd6
 1386 0484 21       		.uleb128 0x21
 1387 0485 00000000 		.4byte	.LASF60
 1388 0489 05       		.byte	0x5
 1389 048a FE05     		.2byte	0x5fe
 1390 048c D6000000 		.4byte	0xd6
 1391 0490 21       		.uleb128 0x21
 1392 0491 EA010000 		.4byte	.LASF61
 1393 0495 05       		.byte	0x5
 1394 0496 FE05     		.2byte	0x5fe
 1395 0498 D6000000 		.4byte	0xd6
 1396 049c 22       		.uleb128 0x22
 1397 049d 81020000 		.4byte	.LASF62
 1398 04a1 06       		.byte	0x6
 1399 04a2 3A       		.byte	0x3a
 1400 04a3 F1000000 		.4byte	0xf1
 1401 04a7 23       		.uleb128 0x23
 1402 04a8 5D030000 		.4byte	.LASF68
 1403 04ac 08       		.byte	0x8
 1404 04ad 19       		.byte	0x19
 1405 04ae 58010000 		.4byte	0x158
 1406 04b2 24       		.uleb128 0x24
 1407 04b3 58010000 		.4byte	0x158
 1408 04b7 24       		.uleb128 0x24
 1409 04b8 73000000 		.4byte	0x73
 1410 04bc 24       		.uleb128 0x24
 1411 04bd 4D010000 		.4byte	0x14d
 1412 04c1 00       		.byte	0
 1413 04c2 00       		.byte	0
 1414              		.section	.debug_abbrev,"",%progbits
 1415              	.Ldebug_abbrev0:
ARM GAS  /tmp/ccsdTHuA.s 			page 26


 1416 0000 01       		.uleb128 0x1
 1417 0001 11       		.uleb128 0x11
 1418 0002 01       		.byte	0x1
 1419 0003 25       		.uleb128 0x25
 1420 0004 0E       		.uleb128 0xe
 1421 0005 13       		.uleb128 0x13
 1422 0006 0B       		.uleb128 0xb
 1423 0007 03       		.uleb128 0x3
 1424 0008 0E       		.uleb128 0xe
 1425 0009 1B       		.uleb128 0x1b
 1426 000a 0E       		.uleb128 0xe
 1427 000b 55       		.uleb128 0x55
 1428 000c 17       		.uleb128 0x17
 1429 000d 11       		.uleb128 0x11
 1430 000e 01       		.uleb128 0x1
 1431 000f 10       		.uleb128 0x10
 1432 0010 17       		.uleb128 0x17
 1433 0011 00       		.byte	0
 1434 0012 00       		.byte	0
 1435 0013 02       		.uleb128 0x2
 1436 0014 24       		.uleb128 0x24
 1437 0015 00       		.byte	0
 1438 0016 0B       		.uleb128 0xb
 1439 0017 0B       		.uleb128 0xb
 1440 0018 3E       		.uleb128 0x3e
 1441 0019 0B       		.uleb128 0xb
 1442 001a 03       		.uleb128 0x3
 1443 001b 0E       		.uleb128 0xe
 1444 001c 00       		.byte	0
 1445 001d 00       		.byte	0
 1446 001e 03       		.uleb128 0x3
 1447 001f 16       		.uleb128 0x16
 1448 0020 00       		.byte	0
 1449 0021 03       		.uleb128 0x3
 1450 0022 0E       		.uleb128 0xe
 1451 0023 3A       		.uleb128 0x3a
 1452 0024 0B       		.uleb128 0xb
 1453 0025 3B       		.uleb128 0x3b
 1454 0026 0B       		.uleb128 0xb
 1455 0027 49       		.uleb128 0x49
 1456 0028 13       		.uleb128 0x13
 1457 0029 00       		.byte	0
 1458 002a 00       		.byte	0
 1459 002b 04       		.uleb128 0x4
 1460 002c 24       		.uleb128 0x24
 1461 002d 00       		.byte	0
 1462 002e 0B       		.uleb128 0xb
 1463 002f 0B       		.uleb128 0xb
 1464 0030 3E       		.uleb128 0x3e
 1465 0031 0B       		.uleb128 0xb
 1466 0032 03       		.uleb128 0x3
 1467 0033 08       		.uleb128 0x8
 1468 0034 00       		.byte	0
 1469 0035 00       		.byte	0
 1470 0036 05       		.uleb128 0x5
 1471 0037 01       		.uleb128 0x1
 1472 0038 01       		.byte	0x1
ARM GAS  /tmp/ccsdTHuA.s 			page 27


 1473 0039 49       		.uleb128 0x49
 1474 003a 13       		.uleb128 0x13
 1475 003b 01       		.uleb128 0x1
 1476 003c 13       		.uleb128 0x13
 1477 003d 00       		.byte	0
 1478 003e 00       		.byte	0
 1479 003f 06       		.uleb128 0x6
 1480 0040 21       		.uleb128 0x21
 1481 0041 00       		.byte	0
 1482 0042 49       		.uleb128 0x49
 1483 0043 13       		.uleb128 0x13
 1484 0044 2F       		.uleb128 0x2f
 1485 0045 0B       		.uleb128 0xb
 1486 0046 00       		.byte	0
 1487 0047 00       		.byte	0
 1488 0048 07       		.uleb128 0x7
 1489 0049 13       		.uleb128 0x13
 1490 004a 01       		.byte	0x1
 1491 004b 03       		.uleb128 0x3
 1492 004c 0E       		.uleb128 0xe
 1493 004d 0B       		.uleb128 0xb
 1494 004e 0B       		.uleb128 0xb
 1495 004f 3A       		.uleb128 0x3a
 1496 0050 0B       		.uleb128 0xb
 1497 0051 3B       		.uleb128 0x3b
 1498 0052 05       		.uleb128 0x5
 1499 0053 01       		.uleb128 0x1
 1500 0054 13       		.uleb128 0x13
 1501 0055 00       		.byte	0
 1502 0056 00       		.byte	0
 1503 0057 08       		.uleb128 0x8
 1504 0058 0D       		.uleb128 0xd
 1505 0059 00       		.byte	0
 1506 005a 03       		.uleb128 0x3
 1507 005b 0E       		.uleb128 0xe
 1508 005c 3A       		.uleb128 0x3a
 1509 005d 0B       		.uleb128 0xb
 1510 005e 3B       		.uleb128 0x3b
 1511 005f 05       		.uleb128 0x5
 1512 0060 49       		.uleb128 0x49
 1513 0061 13       		.uleb128 0x13
 1514 0062 38       		.uleb128 0x38
 1515 0063 0B       		.uleb128 0xb
 1516 0064 00       		.byte	0
 1517 0065 00       		.byte	0
 1518 0066 09       		.uleb128 0x9
 1519 0067 13       		.uleb128 0x13
 1520 0068 01       		.byte	0x1
 1521 0069 03       		.uleb128 0x3
 1522 006a 0E       		.uleb128 0xe
 1523 006b 0B       		.uleb128 0xb
 1524 006c 0B       		.uleb128 0xb
 1525 006d 3A       		.uleb128 0x3a
 1526 006e 0B       		.uleb128 0xb
 1527 006f 3B       		.uleb128 0x3b
 1528 0070 0B       		.uleb128 0xb
 1529 0071 01       		.uleb128 0x1
ARM GAS  /tmp/ccsdTHuA.s 			page 28


 1530 0072 13       		.uleb128 0x13
 1531 0073 00       		.byte	0
 1532 0074 00       		.byte	0
 1533 0075 0A       		.uleb128 0xa
 1534 0076 0D       		.uleb128 0xd
 1535 0077 00       		.byte	0
 1536 0078 03       		.uleb128 0x3
 1537 0079 0E       		.uleb128 0xe
 1538 007a 3A       		.uleb128 0x3a
 1539 007b 0B       		.uleb128 0xb
 1540 007c 3B       		.uleb128 0x3b
 1541 007d 0B       		.uleb128 0xb
 1542 007e 49       		.uleb128 0x49
 1543 007f 13       		.uleb128 0x13
 1544 0080 38       		.uleb128 0x38
 1545 0081 0B       		.uleb128 0xb
 1546 0082 00       		.byte	0
 1547 0083 00       		.byte	0
 1548 0084 0B       		.uleb128 0xb
 1549 0085 0D       		.uleb128 0xd
 1550 0086 00       		.byte	0
 1551 0087 03       		.uleb128 0x3
 1552 0088 08       		.uleb128 0x8
 1553 0089 3A       		.uleb128 0x3a
 1554 008a 0B       		.uleb128 0xb
 1555 008b 3B       		.uleb128 0x3b
 1556 008c 0B       		.uleb128 0xb
 1557 008d 49       		.uleb128 0x49
 1558 008e 13       		.uleb128 0x13
 1559 008f 38       		.uleb128 0x38
 1560 0090 0B       		.uleb128 0xb
 1561 0091 00       		.byte	0
 1562 0092 00       		.byte	0
 1563 0093 0C       		.uleb128 0xc
 1564 0094 0F       		.uleb128 0xf
 1565 0095 00       		.byte	0
 1566 0096 0B       		.uleb128 0xb
 1567 0097 0B       		.uleb128 0xb
 1568 0098 00       		.byte	0
 1569 0099 00       		.byte	0
 1570 009a 0D       		.uleb128 0xd
 1571 009b 2E       		.uleb128 0x2e
 1572 009c 01       		.byte	0x1
 1573 009d 03       		.uleb128 0x3
 1574 009e 0E       		.uleb128 0xe
 1575 009f 3A       		.uleb128 0x3a
 1576 00a0 0B       		.uleb128 0xb
 1577 00a1 3B       		.uleb128 0x3b
 1578 00a2 0B       		.uleb128 0xb
 1579 00a3 27       		.uleb128 0x27
 1580 00a4 19       		.uleb128 0x19
 1581 00a5 20       		.uleb128 0x20
 1582 00a6 0B       		.uleb128 0xb
 1583 00a7 01       		.uleb128 0x1
 1584 00a8 13       		.uleb128 0x13
 1585 00a9 00       		.byte	0
 1586 00aa 00       		.byte	0
ARM GAS  /tmp/ccsdTHuA.s 			page 29


 1587 00ab 0E       		.uleb128 0xe
 1588 00ac 05       		.uleb128 0x5
 1589 00ad 00       		.byte	0
 1590 00ae 03       		.uleb128 0x3
 1591 00af 0E       		.uleb128 0xe
 1592 00b0 3A       		.uleb128 0x3a
 1593 00b1 0B       		.uleb128 0xb
 1594 00b2 3B       		.uleb128 0x3b
 1595 00b3 0B       		.uleb128 0xb
 1596 00b4 49       		.uleb128 0x49
 1597 00b5 13       		.uleb128 0x13
 1598 00b6 00       		.byte	0
 1599 00b7 00       		.byte	0
 1600 00b8 0F       		.uleb128 0xf
 1601 00b9 34       		.uleb128 0x34
 1602 00ba 00       		.byte	0
 1603 00bb 03       		.uleb128 0x3
 1604 00bc 0E       		.uleb128 0xe
 1605 00bd 3A       		.uleb128 0x3a
 1606 00be 0B       		.uleb128 0xb
 1607 00bf 3B       		.uleb128 0x3b
 1608 00c0 0B       		.uleb128 0xb
 1609 00c1 49       		.uleb128 0x49
 1610 00c2 13       		.uleb128 0x13
 1611 00c3 00       		.byte	0
 1612 00c4 00       		.byte	0
 1613 00c5 10       		.uleb128 0x10
 1614 00c6 0F       		.uleb128 0xf
 1615 00c7 00       		.byte	0
 1616 00c8 0B       		.uleb128 0xb
 1617 00c9 0B       		.uleb128 0xb
 1618 00ca 49       		.uleb128 0x49
 1619 00cb 13       		.uleb128 0x13
 1620 00cc 00       		.byte	0
 1621 00cd 00       		.byte	0
 1622 00ce 11       		.uleb128 0x11
 1623 00cf 2E       		.uleb128 0x2e
 1624 00d0 01       		.byte	0x1
 1625 00d1 31       		.uleb128 0x31
 1626 00d2 13       		.uleb128 0x13
 1627 00d3 11       		.uleb128 0x11
 1628 00d4 01       		.uleb128 0x1
 1629 00d5 12       		.uleb128 0x12
 1630 00d6 06       		.uleb128 0x6
 1631 00d7 40       		.uleb128 0x40
 1632 00d8 18       		.uleb128 0x18
 1633 00d9 9742     		.uleb128 0x2117
 1634 00db 19       		.uleb128 0x19
 1635 00dc 01       		.uleb128 0x1
 1636 00dd 13       		.uleb128 0x13
 1637 00de 00       		.byte	0
 1638 00df 00       		.byte	0
 1639 00e0 12       		.uleb128 0x12
 1640 00e1 34       		.uleb128 0x34
 1641 00e2 00       		.byte	0
 1642 00e3 31       		.uleb128 0x31
 1643 00e4 13       		.uleb128 0x13
ARM GAS  /tmp/ccsdTHuA.s 			page 30


 1644 00e5 02       		.uleb128 0x2
 1645 00e6 17       		.uleb128 0x17
 1646 00e7 00       		.byte	0
 1647 00e8 00       		.byte	0
 1648 00e9 13       		.uleb128 0x13
 1649 00ea 05       		.uleb128 0x5
 1650 00eb 00       		.byte	0
 1651 00ec 31       		.uleb128 0x31
 1652 00ed 13       		.uleb128 0x13
 1653 00ee 02       		.uleb128 0x2
 1654 00ef 17       		.uleb128 0x17
 1655 00f0 00       		.byte	0
 1656 00f1 00       		.byte	0
 1657 00f2 14       		.uleb128 0x14
 1658 00f3 2E       		.uleb128 0x2e
 1659 00f4 00       		.byte	0
 1660 00f5 3F       		.uleb128 0x3f
 1661 00f6 19       		.uleb128 0x19
 1662 00f7 03       		.uleb128 0x3
 1663 00f8 0E       		.uleb128 0xe
 1664 00f9 3A       		.uleb128 0x3a
 1665 00fa 0B       		.uleb128 0xb
 1666 00fb 3B       		.uleb128 0x3b
 1667 00fc 0B       		.uleb128 0xb
 1668 00fd 27       		.uleb128 0x27
 1669 00fe 19       		.uleb128 0x19
 1670 00ff 11       		.uleb128 0x11
 1671 0100 01       		.uleb128 0x1
 1672 0101 12       		.uleb128 0x12
 1673 0102 06       		.uleb128 0x6
 1674 0103 40       		.uleb128 0x40
 1675 0104 18       		.uleb128 0x18
 1676 0105 9742     		.uleb128 0x2117
 1677 0107 19       		.uleb128 0x19
 1678 0108 00       		.byte	0
 1679 0109 00       		.byte	0
 1680 010a 15       		.uleb128 0x15
 1681 010b 2E       		.uleb128 0x2e
 1682 010c 01       		.byte	0x1
 1683 010d 3F       		.uleb128 0x3f
 1684 010e 19       		.uleb128 0x19
 1685 010f 03       		.uleb128 0x3
 1686 0110 0E       		.uleb128 0xe
 1687 0111 3A       		.uleb128 0x3a
 1688 0112 0B       		.uleb128 0xb
 1689 0113 3B       		.uleb128 0x3b
 1690 0114 0B       		.uleb128 0xb
 1691 0115 27       		.uleb128 0x27
 1692 0116 19       		.uleb128 0x19
 1693 0117 11       		.uleb128 0x11
 1694 0118 01       		.uleb128 0x1
 1695 0119 12       		.uleb128 0x12
 1696 011a 06       		.uleb128 0x6
 1697 011b 40       		.uleb128 0x40
 1698 011c 18       		.uleb128 0x18
 1699 011d 9742     		.uleb128 0x2117
 1700 011f 19       		.uleb128 0x19
ARM GAS  /tmp/ccsdTHuA.s 			page 31


 1701 0120 01       		.uleb128 0x1
 1702 0121 13       		.uleb128 0x13
 1703 0122 00       		.byte	0
 1704 0123 00       		.byte	0
 1705 0124 16       		.uleb128 0x16
 1706 0125 34       		.uleb128 0x34
 1707 0126 00       		.byte	0
 1708 0127 03       		.uleb128 0x3
 1709 0128 0E       		.uleb128 0xe
 1710 0129 3A       		.uleb128 0x3a
 1711 012a 0B       		.uleb128 0xb
 1712 012b 3B       		.uleb128 0x3b
 1713 012c 0B       		.uleb128 0xb
 1714 012d 49       		.uleb128 0x49
 1715 012e 13       		.uleb128 0x13
 1716 012f 02       		.uleb128 0x2
 1717 0130 17       		.uleb128 0x17
 1718 0131 00       		.byte	0
 1719 0132 00       		.byte	0
 1720 0133 17       		.uleb128 0x17
 1721 0134 2E       		.uleb128 0x2e
 1722 0135 01       		.byte	0x1
 1723 0136 3F       		.uleb128 0x3f
 1724 0137 19       		.uleb128 0x19
 1725 0138 03       		.uleb128 0x3
 1726 0139 0E       		.uleb128 0xe
 1727 013a 3A       		.uleb128 0x3a
 1728 013b 0B       		.uleb128 0xb
 1729 013c 3B       		.uleb128 0x3b
 1730 013d 05       		.uleb128 0x5
 1731 013e 27       		.uleb128 0x27
 1732 013f 19       		.uleb128 0x19
 1733 0140 11       		.uleb128 0x11
 1734 0141 01       		.uleb128 0x1
 1735 0142 12       		.uleb128 0x12
 1736 0143 06       		.uleb128 0x6
 1737 0144 40       		.uleb128 0x40
 1738 0145 18       		.uleb128 0x18
 1739 0146 9742     		.uleb128 0x2117
 1740 0148 19       		.uleb128 0x19
 1741 0149 01       		.uleb128 0x1
 1742 014a 13       		.uleb128 0x13
 1743 014b 00       		.byte	0
 1744 014c 00       		.byte	0
 1745 014d 18       		.uleb128 0x18
 1746 014e 898201   		.uleb128 0x4109
 1747 0151 00       		.byte	0
 1748 0152 11       		.uleb128 0x11
 1749 0153 01       		.uleb128 0x1
 1750 0154 9542     		.uleb128 0x2115
 1751 0156 19       		.uleb128 0x19
 1752 0157 31       		.uleb128 0x31
 1753 0158 13       		.uleb128 0x13
 1754 0159 00       		.byte	0
 1755 015a 00       		.byte	0
 1756 015b 19       		.uleb128 0x19
 1757 015c 898201   		.uleb128 0x4109
ARM GAS  /tmp/ccsdTHuA.s 			page 32


 1758 015f 00       		.byte	0
 1759 0160 11       		.uleb128 0x11
 1760 0161 01       		.uleb128 0x1
 1761 0162 31       		.uleb128 0x31
 1762 0163 13       		.uleb128 0x13
 1763 0164 00       		.byte	0
 1764 0165 00       		.byte	0
 1765 0166 1A       		.uleb128 0x1a
 1766 0167 34       		.uleb128 0x34
 1767 0168 00       		.byte	0
 1768 0169 03       		.uleb128 0x3
 1769 016a 0E       		.uleb128 0xe
 1770 016b 3A       		.uleb128 0x3a
 1771 016c 0B       		.uleb128 0xb
 1772 016d 3B       		.uleb128 0x3b
 1773 016e 05       		.uleb128 0x5
 1774 016f 49       		.uleb128 0x49
 1775 0170 13       		.uleb128 0x13
 1776 0171 02       		.uleb128 0x2
 1777 0172 17       		.uleb128 0x17
 1778 0173 00       		.byte	0
 1779 0174 00       		.byte	0
 1780 0175 1B       		.uleb128 0x1b
 1781 0176 898201   		.uleb128 0x4109
 1782 0179 01       		.byte	0x1
 1783 017a 11       		.uleb128 0x11
 1784 017b 01       		.uleb128 0x1
 1785 017c 31       		.uleb128 0x31
 1786 017d 13       		.uleb128 0x13
 1787 017e 00       		.byte	0
 1788 017f 00       		.byte	0
 1789 0180 1C       		.uleb128 0x1c
 1790 0181 8A8201   		.uleb128 0x410a
 1791 0184 00       		.byte	0
 1792 0185 02       		.uleb128 0x2
 1793 0186 18       		.uleb128 0x18
 1794 0187 9142     		.uleb128 0x2111
 1795 0189 18       		.uleb128 0x18
 1796 018a 00       		.byte	0
 1797 018b 00       		.byte	0
 1798 018c 1D       		.uleb128 0x1d
 1799 018d 34       		.uleb128 0x34
 1800 018e 00       		.byte	0
 1801 018f 03       		.uleb128 0x3
 1802 0190 0E       		.uleb128 0xe
 1803 0191 3A       		.uleb128 0x3a
 1804 0192 0B       		.uleb128 0xb
 1805 0193 3B       		.uleb128 0x3b
 1806 0194 0B       		.uleb128 0xb
 1807 0195 49       		.uleb128 0x49
 1808 0196 13       		.uleb128 0x13
 1809 0197 02       		.uleb128 0x2
 1810 0198 18       		.uleb128 0x18
 1811 0199 00       		.byte	0
 1812 019a 00       		.byte	0
 1813 019b 1E       		.uleb128 0x1e
 1814 019c 26       		.uleb128 0x26
ARM GAS  /tmp/ccsdTHuA.s 			page 33


 1815 019d 00       		.byte	0
 1816 019e 49       		.uleb128 0x49
 1817 019f 13       		.uleb128 0x13
 1818 01a0 00       		.byte	0
 1819 01a1 00       		.byte	0
 1820 01a2 1F       		.uleb128 0x1f
 1821 01a3 34       		.uleb128 0x34
 1822 01a4 00       		.byte	0
 1823 01a5 03       		.uleb128 0x3
 1824 01a6 08       		.uleb128 0x8
 1825 01a7 3A       		.uleb128 0x3a
 1826 01a8 0B       		.uleb128 0xb
 1827 01a9 3B       		.uleb128 0x3b
 1828 01aa 0B       		.uleb128 0xb
 1829 01ab 49       		.uleb128 0x49
 1830 01ac 13       		.uleb128 0x13
 1831 01ad 02       		.uleb128 0x2
 1832 01ae 18       		.uleb128 0x18
 1833 01af 00       		.byte	0
 1834 01b0 00       		.byte	0
 1835 01b1 20       		.uleb128 0x20
 1836 01b2 21       		.uleb128 0x21
 1837 01b3 00       		.byte	0
 1838 01b4 49       		.uleb128 0x49
 1839 01b5 13       		.uleb128 0x13
 1840 01b6 2F       		.uleb128 0x2f
 1841 01b7 05       		.uleb128 0x5
 1842 01b8 00       		.byte	0
 1843 01b9 00       		.byte	0
 1844 01ba 21       		.uleb128 0x21
 1845 01bb 34       		.uleb128 0x34
 1846 01bc 00       		.byte	0
 1847 01bd 03       		.uleb128 0x3
 1848 01be 0E       		.uleb128 0xe
 1849 01bf 3A       		.uleb128 0x3a
 1850 01c0 0B       		.uleb128 0xb
 1851 01c1 3B       		.uleb128 0x3b
 1852 01c2 05       		.uleb128 0x5
 1853 01c3 49       		.uleb128 0x49
 1854 01c4 13       		.uleb128 0x13
 1855 01c5 3F       		.uleb128 0x3f
 1856 01c6 19       		.uleb128 0x19
 1857 01c7 3C       		.uleb128 0x3c
 1858 01c8 19       		.uleb128 0x19
 1859 01c9 00       		.byte	0
 1860 01ca 00       		.byte	0
 1861 01cb 22       		.uleb128 0x22
 1862 01cc 34       		.uleb128 0x34
 1863 01cd 00       		.byte	0
 1864 01ce 03       		.uleb128 0x3
 1865 01cf 0E       		.uleb128 0xe
 1866 01d0 3A       		.uleb128 0x3a
 1867 01d1 0B       		.uleb128 0xb
 1868 01d2 3B       		.uleb128 0x3b
 1869 01d3 0B       		.uleb128 0xb
 1870 01d4 49       		.uleb128 0x49
 1871 01d5 13       		.uleb128 0x13
ARM GAS  /tmp/ccsdTHuA.s 			page 34


 1872 01d6 3F       		.uleb128 0x3f
 1873 01d7 19       		.uleb128 0x19
 1874 01d8 3C       		.uleb128 0x3c
 1875 01d9 19       		.uleb128 0x19
 1876 01da 00       		.byte	0
 1877 01db 00       		.byte	0
 1878 01dc 23       		.uleb128 0x23
 1879 01dd 2E       		.uleb128 0x2e
 1880 01de 01       		.byte	0x1
 1881 01df 3F       		.uleb128 0x3f
 1882 01e0 19       		.uleb128 0x19
 1883 01e1 03       		.uleb128 0x3
 1884 01e2 0E       		.uleb128 0xe
 1885 01e3 3A       		.uleb128 0x3a
 1886 01e4 0B       		.uleb128 0xb
 1887 01e5 3B       		.uleb128 0x3b
 1888 01e6 0B       		.uleb128 0xb
 1889 01e7 27       		.uleb128 0x27
 1890 01e8 19       		.uleb128 0x19
 1891 01e9 49       		.uleb128 0x49
 1892 01ea 13       		.uleb128 0x13
 1893 01eb 3C       		.uleb128 0x3c
 1894 01ec 19       		.uleb128 0x19
 1895 01ed 00       		.byte	0
 1896 01ee 00       		.byte	0
 1897 01ef 24       		.uleb128 0x24
 1898 01f0 05       		.uleb128 0x5
 1899 01f1 00       		.byte	0
 1900 01f2 49       		.uleb128 0x49
 1901 01f3 13       		.uleb128 0x13
 1902 01f4 00       		.byte	0
 1903 01f5 00       		.byte	0
 1904 01f6 00       		.byte	0
 1905              		.section	.debug_loc,"",%progbits
 1906              	.Ldebug_loc0:
 1907              	.LLST0:
 1908 0000 2C000000 		.4byte	.LVL1
 1909 0004 32000000 		.4byte	.LVL2
 1910 0008 0100     		.2byte	0x1
 1911 000a 53       		.byte	0x53
 1912 000b 32000000 		.4byte	.LVL2
 1913 000f 38000000 		.4byte	.LVL3
 1914 0013 0300     		.2byte	0x3
 1915 0015 73       		.byte	0x73
 1916 0016 74       		.sleb128 -12
 1917 0017 9F       		.byte	0x9f
 1918 0018 38000000 		.4byte	.LVL3
 1919 001c 6A000000 		.4byte	.LVL5
 1920 0020 0100     		.2byte	0x1
 1921 0022 53       		.byte	0x53
 1922 0023 6A000000 		.4byte	.LVL5
 1923 0027 6E000000 		.4byte	.LVL6
 1924 002b 0300     		.2byte	0x3
 1925 002d 73       		.byte	0x73
 1926 002e 74       		.sleb128 -12
 1927 002f 9F       		.byte	0x9f
 1928 0030 78000000 		.4byte	.LVL7
ARM GAS  /tmp/ccsdTHuA.s 			page 35


 1929 0034 7C000000 		.4byte	.LVL8
 1930 0038 0100     		.2byte	0x1
 1931 003a 54       		.byte	0x54
 1932 003b 7C000000 		.4byte	.LVL8
 1933 003f 92000000 		.4byte	.LVL9
 1934 0043 0100     		.2byte	0x1
 1935 0045 53       		.byte	0x53
 1936 0046 92000000 		.4byte	.LVL9
 1937 004a C0000000 		.4byte	.LVL12
 1938 004e 0100     		.2byte	0x1
 1939 0050 54       		.byte	0x54
 1940 0051 C6000000 		.4byte	.LVL13
 1941 0055 E8000000 		.4byte	.LVL14
 1942 0059 0100     		.2byte	0x1
 1943 005b 54       		.byte	0x54
 1944 005c E8000000 		.4byte	.LVL14
 1945 0060 EA000000 		.4byte	.LVL15
 1946 0064 0300     		.2byte	0x3
 1947 0066 72       		.byte	0x72
 1948 0067 74       		.sleb128 -12
 1949 0068 9F       		.byte	0x9f
 1950 0069 EE000000 		.4byte	.LVL16
 1951 006d 04010000 		.4byte	.LVL17
 1952 0071 0100     		.2byte	0x1
 1953 0073 52       		.byte	0x52
 1954 0074 04010000 		.4byte	.LVL17
 1955 0078 1A010000 		.4byte	.LVL18
 1956 007c 0300     		.2byte	0x3
 1957 007e 72       		.byte	0x72
 1958 007f 74       		.sleb128 -12
 1959 0080 9F       		.byte	0x9f
 1960 0081 1A010000 		.4byte	.LVL18
 1961 0085 1C010000 		.4byte	.LVL19
 1962 0089 0100     		.2byte	0x1
 1963 008b 54       		.byte	0x54
 1964 008c 1C010000 		.4byte	.LVL19
 1965 0090 20010000 		.4byte	.LVL20
 1966 0094 0100     		.2byte	0x1
 1967 0096 53       		.byte	0x53
 1968 0097 20010000 		.4byte	.LVL20
 1969 009b 34010000 		.4byte	.LFE5
 1970 009f 0100     		.2byte	0x1
 1971 00a1 54       		.byte	0x54
 1972 00a2 00000000 		.4byte	0
 1973 00a6 00000000 		.4byte	0
 1974              	.LLST1:
 1975 00aa 52000000 		.4byte	.LVL4
 1976 00ae 6A000000 		.4byte	.LVL5
 1977 00b2 0100     		.2byte	0x1
 1978 00b4 51       		.byte	0x51
 1979 00b5 00000000 		.4byte	0
 1980 00b9 00000000 		.4byte	0
 1981              	.LLST2:
 1982 00bd A8000000 		.4byte	.LVL10
 1983 00c1 B2000000 		.4byte	.LVL11
 1984 00c5 0100     		.2byte	0x1
 1985 00c7 51       		.byte	0x51
ARM GAS  /tmp/ccsdTHuA.s 			page 36


 1986 00c8 00000000 		.4byte	0
 1987 00cc 00000000 		.4byte	0
 1988              	.LLST3:
 1989 00d0 28000000 		.4byte	.LVL21
 1990 00d4 32000000 		.4byte	.LVL22
 1991 00d8 0100     		.2byte	0x1
 1992 00da 53       		.byte	0x53
 1993 00db 32000000 		.4byte	.LVL22
 1994 00df 34000000 		.4byte	.LVL23
 1995 00e3 0300     		.2byte	0x3
 1996 00e5 73       		.byte	0x73
 1997 00e6 74       		.sleb128 -12
 1998 00e7 9F       		.byte	0x9f
 1999 00e8 34000000 		.4byte	.LVL23
 2000 00ec 64000000 		.4byte	.LVL24
 2001 00f0 0100     		.2byte	0x1
 2002 00f2 53       		.byte	0x53
 2003 00f3 64000000 		.4byte	.LVL24
 2004 00f7 66000000 		.4byte	.LVL25
 2005 00fb 0300     		.2byte	0x3
 2006 00fd 73       		.byte	0x73
 2007 00fe 74       		.sleb128 -12
 2008 00ff 9F       		.byte	0x9f
 2009 0100 00000000 		.4byte	0
 2010 0104 00000000 		.4byte	0
 2011              	.LLST4:
 2012 0108 6A000000 		.4byte	.LVL28
 2013 010c 76000000 		.4byte	.LVL29
 2014 0110 0100     		.2byte	0x1
 2015 0112 50       		.byte	0x50
 2016 0113 76000000 		.4byte	.LVL29
 2017 0117 8E000000 		.4byte	.LVL30
 2018 011b 0100     		.2byte	0x1
 2019 011d 53       		.byte	0x53
 2020 011e 8E000000 		.4byte	.LVL30
 2021 0122 9C000000 		.4byte	.LVL31
 2022 0126 0100     		.2byte	0x1
 2023 0128 50       		.byte	0x50
 2024 0129 9C000000 		.4byte	.LVL31
 2025 012d 9E000000 		.4byte	.LVL32
 2026 0131 0300     		.2byte	0x3
 2027 0133 73       		.byte	0x73
 2028 0134 7C       		.sleb128 -4
 2029 0135 9F       		.byte	0x9f
 2030 0136 06010000 		.4byte	.LVL33
 2031 013a 0A010000 		.4byte	.LVL34
 2032 013e 0100     		.2byte	0x1
 2033 0140 50       		.byte	0x50
 2034 0141 0A010000 		.4byte	.LVL34
 2035 0145 15010000 		.4byte	.LVL35-1
 2036 0149 0300     		.2byte	0x3
 2037 014b 73       		.byte	0x73
 2038 014c 74       		.sleb128 -12
 2039 014d 9F       		.byte	0x9f
 2040 014e 00000000 		.4byte	0
 2041 0152 00000000 		.4byte	0
 2042              		.section	.debug_aranges,"",%progbits
ARM GAS  /tmp/ccsdTHuA.s 			page 37


 2043 0000 3C000000 		.4byte	0x3c
 2044 0004 0200     		.2byte	0x2
 2045 0006 00000000 		.4byte	.Ldebug_info0
 2046 000a 04       		.byte	0x4
 2047 000b 00       		.byte	0
 2048 000c 0000     		.2byte	0
 2049 000e 0000     		.2byte	0
 2050 0010 00000000 		.4byte	.LFB5
 2051 0014 34010000 		.4byte	.LFE5-.LFB5
 2052 0018 00000000 		.4byte	.LFB0
 2053 001c 2A000000 		.4byte	.LFE0-.LFB0
 2054 0020 00000000 		.4byte	.LFB1
 2055 0024 6A000000 		.4byte	.LFE1-.LFB1
 2056 0028 00000000 		.4byte	.LFB3
 2057 002c E6000000 		.4byte	.LFE3-.LFB3
 2058 0030 00000000 		.4byte	.LFB4
 2059 0034 B0010000 		.4byte	.LFE4-.LFB4
 2060 0038 00000000 		.4byte	0
 2061 003c 00000000 		.4byte	0
 2062              		.section	.debug_ranges,"",%progbits
 2063              	.Ldebug_ranges0:
 2064 0000 00000000 		.4byte	.LFB5
 2065 0004 34010000 		.4byte	.LFE5
 2066 0008 00000000 		.4byte	.LFB0
 2067 000c 2A000000 		.4byte	.LFE0
 2068 0010 00000000 		.4byte	.LFB1
 2069 0014 6A000000 		.4byte	.LFE1
 2070 0018 00000000 		.4byte	.LFB3
 2071 001c E6000000 		.4byte	.LFE3
 2072 0020 00000000 		.4byte	.LFB4
 2073 0024 B0010000 		.4byte	.LFE4
 2074 0028 00000000 		.4byte	0
 2075 002c 00000000 		.4byte	0
 2076              		.section	.debug_line,"",%progbits
 2077              	.Ldebug_line0:
 2078 0000 3D020000 		.section	.debug_str,"MS",%progbits,1
 2078      0200DE00 
 2078      00000201 
 2078      FB0E0D00 
 2078      01010101 
 2079              	.LASF60:
 2080 0000 7569705F 		.ascii	"uip_netmask\000"
 2080      6E65746D 
 2080      61736B00 
 2081              	.LASF24:
 2082 000c 73697A65 		.ascii	"size_t\000"
 2082      5F7400
 2083              	.LASF3:
 2084 0013 5F5F7569 		.ascii	"__uint8_t\000"
 2084      6E74385F 
 2084      7400
 2085              	.LASF36:
 2086 001d 65746869 		.ascii	"ethip_hdr\000"
 2086      705F6864 
 2086      7200
 2087              	.LASF63:
 2088 0027 474E5520 		.ascii	"GNU C 4.8.2 -mcpu=cortex-m3 -mno-thumb-interwork -m"
ARM GAS  /tmp/ccsdTHuA.s 			page 38


 2088      4320342E 
 2088      382E3220 
 2088      2D6D6370 
 2088      753D636F 
 2089 005a 7468756D 		.ascii	"thumb -ggdb -O2 -fomit-frame-pointer -falign-functi"
 2089      62202D67 
 2089      67646220 
 2089      2D4F3220 
 2089      2D666F6D 
 2090 008d 6F6E733D 		.ascii	"ons=16 -ffunction-sections -fdata-sections -fno-com"
 2090      3136202D 
 2090      6666756E 
 2090      6374696F 
 2090      6E2D7365 
 2091 00c0 6D6F6E20 		.ascii	"mon -fno-strict-aliasing\000"
 2091      2D666E6F 
 2091      2D737472 
 2091      6963742D 
 2091      616C6961 
 2092              	.LASF23:
 2093 00d9 74797065 		.ascii	"type\000"
 2093      00
 2094              	.LASF9:
 2095 00de 6C6F6E67 		.ascii	"long long unsigned int\000"
 2095      206C6F6E 
 2095      6720756E 
 2095      7369676E 
 2095      65642069 
 2096              	.LASF21:
 2097 00f5 61646472 		.ascii	"addr\000"
 2097      00
 2098              	.LASF26:
 2099 00fa 65746868 		.ascii	"ethhdr\000"
 2099      647200
 2100              	.LASF8:
 2101 0101 6C6F6E67 		.ascii	"long long int\000"
 2101      206C6F6E 
 2101      6720696E 
 2101      7400
 2102              	.LASF0:
 2103 010f 7369676E 		.ascii	"signed char\000"
 2103      65642063 
 2103      68617200 
 2104              	.LASF57:
 2105 011b 7569705F 		.ascii	"uip_appdata\000"
 2105      61707064 
 2105      61746100 
 2106              	.LASF34:
 2107 0127 64687761 		.ascii	"dhwaddr\000"
 2107      64647200 
 2108              	.LASF43:
 2109 012f 6172705F 		.ascii	"arp_entry\000"
 2109      656E7472 
 2109      7900
 2110              	.LASF20:
 2111 0139 7569705F 		.ascii	"uip_eth_hdr\000"
 2111      6574685F 
ARM GAS  /tmp/ccsdTHuA.s 			page 39


 2111      68647200 
 2112              	.LASF6:
 2113 0145 6C6F6E67 		.ascii	"long int\000"
 2113      20696E74 
 2113      00
 2114              	.LASF32:
 2115 014e 73687761 		.ascii	"shwaddr\000"
 2115      64647200 
 2116              	.LASF59:
 2117 0156 7569705F 		.ascii	"uip_hostaddr\000"
 2117      686F7374 
 2117      61646472 
 2117      00
 2118              	.LASF12:
 2119 0163 75696E74 		.ascii	"uint16_t\000"
 2119      31365F74 
 2119      00
 2120              	.LASF66:
 2121 016c 7569705F 		.ascii	"uip_arp_update\000"
 2121      6172705F 
 2121      75706461 
 2121      746500
 2122              	.LASF10:
 2123 017b 756E7369 		.ascii	"unsigned int\000"
 2123      676E6564 
 2123      20696E74 
 2123      00
 2124              	.LASF7:
 2125 0188 6C6F6E67 		.ascii	"long unsigned int\000"
 2125      20756E73 
 2125      69676E65 
 2125      6420696E 
 2125      7400
 2126              	.LASF41:
 2127 019a 73726369 		.ascii	"srcipaddr\000"
 2127      70616464 
 2127      7200
 2128              	.LASF5:
 2129 01a4 73686F72 		.ascii	"short unsigned int\000"
 2129      7420756E 
 2129      7369676E 
 2129      65642069 
 2129      6E7400
 2130              	.LASF51:
 2131 01b7 62726F61 		.ascii	"broadcast_ethaddr\000"
 2131      64636173 
 2131      745F6574 
 2131      68616464 
 2131      7200
 2132              	.LASF38:
 2133 01c9 69706F66 		.ascii	"ipoffset\000"
 2133      66736574 
 2133      00
 2134              	.LASF47:
 2135 01d2 7569705F 		.ascii	"uip_arp_timer\000"
 2135      6172705F 
 2135      74696D65 
ARM GAS  /tmp/ccsdTHuA.s 			page 40


 2135      7200
 2136              	.LASF53:
 2137 01e0 6172705F 		.ascii	"arp_table\000"
 2137      7461626C 
 2137      6500
 2138              	.LASF61:
 2139 01ea 7569705F 		.ascii	"uip_draddr\000"
 2139      64726164 
 2139      647200
 2140              	.LASF48:
 2141 01f5 7569705F 		.ascii	"uip_arp_arpin\000"
 2141      6172705F 
 2141      61727069 
 2141      6E00
 2142              	.LASF14:
 2143 0203 75385F74 		.ascii	"u8_t\000"
 2143      00
 2144              	.LASF17:
 2145 0208 73697A65 		.ascii	"sizetype\000"
 2145      74797065 
 2145      00
 2146              	.LASF16:
 2147 0211 7569705F 		.ascii	"uip_ip4addr_t\000"
 2147      69703461 
 2147      6464725F 
 2147      7400
 2148              	.LASF55:
 2149 021f 746D7061 		.ascii	"tmpage\000"
 2149      676500
 2150              	.LASF54:
 2151 0226 61727074 		.ascii	"arptime\000"
 2151      696D6500 
 2152              	.LASF50:
 2153 022e 74616270 		.ascii	"tabptr\000"
 2153      747200
 2154              	.LASF40:
 2155 0235 69706368 		.ascii	"ipchksum\000"
 2155      6B73756D 
 2155      00
 2156              	.LASF22:
 2157 023e 64657374 		.ascii	"dest\000"
 2157      00
 2158              	.LASF42:
 2159 0243 64657374 		.ascii	"destipaddr\000"
 2159      69706164 
 2159      647200
 2160              	.LASF28:
 2161 024e 70726F74 		.ascii	"protocol\000"
 2161      6F636F6C 
 2161      00
 2162              	.LASF1:
 2163 0257 756E7369 		.ascii	"unsigned char\000"
 2163      676E6564 
 2163      20636861 
 2163      7200
 2164              	.LASF67:
 2165 0265 7569705F 		.ascii	"uip_arp_init\000"
ARM GAS  /tmp/ccsdTHuA.s 			page 41


 2165      6172705F 
 2165      696E6974 
 2165      00
 2166              	.LASF2:
 2167 0272 73686F72 		.ascii	"short int\000"
 2167      7420696E 
 2167      7400
 2168              	.LASF37:
 2169 027c 69706964 		.ascii	"ipid\000"
 2169      00
 2170              	.LASF62:
 2171 0281 7569705F 		.ascii	"uip_ethaddr\000"
 2171      65746861 
 2171      64647200 
 2172              	.LASF30:
 2173 028d 70726F74 		.ascii	"protolen\000"
 2173      6F6C656E 
 2173      00
 2174              	.LASF29:
 2175 0296 68776C65 		.ascii	"hwlen\000"
 2175      6E00
 2176              	.LASF39:
 2177 029c 70726F74 		.ascii	"proto\000"
 2177      6F00
 2178              	.LASF64:
 2179 02a2 2E2E2F75 		.ascii	"../uip/uip_arp.c\000"
 2179      69702F75 
 2179      69705F61 
 2179      72702E63 
 2179      00
 2180              	.LASF56:
 2181 02b3 7569705F 		.ascii	"uip_buf\000"
 2181      62756600 
 2182              	.LASF13:
 2183 02bb 63686172 		.ascii	"char\000"
 2183      00
 2184              	.LASF65:
 2185 02c0 2F686F6D 		.ascii	"/home/dltech/gdrive/Projects/RFM_to_Modbus_TCP/Chib"
 2185      652F646C 
 2185      74656368 
 2185      2F676472 
 2185      6976652F 
 2186 02f3 694F532F 		.ascii	"iOS/F103_ChibiOS_ENC60J28/main\000"
 2186      46313033 
 2186      5F436869 
 2186      62694F53 
 2186      5F454E43 
 2187              	.LASF52:
 2188 0312 62726F61 		.ascii	"broadcast_ipaddr\000"
 2188      64636173 
 2188      745F6970 
 2188      61646472 
 2188      00
 2189              	.LASF4:
 2190 0323 5F5F7569 		.ascii	"__uint16_t\000"
 2190      6E743136 
 2190      5F7400
ARM GAS  /tmp/ccsdTHuA.s 			page 42


 2191              	.LASF18:
 2192 032e 7569705F 		.ascii	"uip_ipaddr_t\000"
 2192      69706164 
 2192      64725F74 
 2192      00
 2193              	.LASF27:
 2194 033b 68777479 		.ascii	"hwtype\000"
 2194      706500
 2195              	.LASF46:
 2196 0342 74696D65 		.ascii	"time\000"
 2196      00
 2197              	.LASF58:
 2198 0347 7569705F 		.ascii	"uip_len\000"
 2198      6C656E00 
 2199              	.LASF25:
 2200 034f 6172705F 		.ascii	"arp_hdr\000"
 2200      68647200 
 2201              	.LASF15:
 2202 0357 7531365F 		.ascii	"u16_t\000"
 2202      7400
 2203              	.LASF68:
 2204 035d 6D656D73 		.ascii	"memset\000"
 2204      657400
 2205              	.LASF49:
 2206 0364 7569705F 		.ascii	"uip_arp_out\000"
 2206      6172705F 
 2206      6F757400 
 2207              	.LASF44:
 2208 0370 69706164 		.ascii	"ipaddr\000"
 2208      647200
 2209              	.LASF35:
 2210 0377 64697061 		.ascii	"dipaddr\000"
 2210      64647200 
 2211              	.LASF11:
 2212 037f 75696E74 		.ascii	"uint8_t\000"
 2212      385F7400 
 2213              	.LASF33:
 2214 0387 73697061 		.ascii	"sipaddr\000"
 2214      64647200 
 2215              	.LASF19:
 2216 038f 7569705F 		.ascii	"uip_eth_addr\000"
 2216      6574685F 
 2216      61646472 
 2216      00
 2217              	.LASF45:
 2218 039c 65746861 		.ascii	"ethaddr\000"
 2218      64647200 
 2219              	.LASF31:
 2220 03a4 6F70636F 		.ascii	"opcode\000"
 2220      646500
 2221              		.ident	"GCC: (4.8.2-14ubuntu1+6) 4.8.2"
ARM GAS  /tmp/ccsdTHuA.s 			page 43


DEFINED SYMBOLS
                            *ABS*:0000000000000000 uip_arp.c
     /tmp/ccsdTHuA.s:19     .text.uip_arp_update.constprop.0:0000000000000000 $t
     /tmp/ccsdTHuA.s:24     .text.uip_arp_update.constprop.0:0000000000000000 uip_arp_update.constprop.0
     /tmp/ccsdTHuA.s:790    .bss.arp_table:0000000000000000 .LANCHOR1
     /tmp/ccsdTHuA.s:777    .bss.i:0000000000000000 .LANCHOR0
     /tmp/ccsdTHuA.s:814    .bss.arptime:0000000000000000 .LANCHOR2
     /tmp/ccsdTHuA.s:783    .bss.tmpage:0000000000000000 .LANCHOR3
     /tmp/ccsdTHuA.s:808    .bss.c:0000000000000000 .LANCHOR4
     /tmp/ccsdTHuA.s:231    .text.uip_arp_update.constprop.0:000000000000012c $d
     /tmp/ccsdTHuA.s:237    .text.uip_arp_init:0000000000000000 $t
     /tmp/ccsdTHuA.s:243    .text.uip_arp_init:0000000000000000 uip_arp_init
     /tmp/ccsdTHuA.s:278    .text.uip_arp_timer:0000000000000000 $t
     /tmp/ccsdTHuA.s:284    .text.uip_arp_timer:0000000000000000 uip_arp_timer
     /tmp/ccsdTHuA.s:367    .text.uip_arp_arpin:0000000000000000 $t
     /tmp/ccsdTHuA.s:373    .text.uip_arp_arpin:0000000000000000 uip_arp_arpin
     /tmp/ccsdTHuA.s:520    .text.uip_arp_out:0000000000000000 $t
     /tmp/ccsdTHuA.s:526    .text.uip_arp_out:0000000000000000 uip_arp_out
     /tmp/ccsdTHuA.s:821    .bss.ipaddr:0000000000000000 .LANCHOR6
     /tmp/ccsdTHuA.s:797    .rodata.broadcast_ethaddr:0000000000000000 .LANCHOR5
     /tmp/ccsdTHuA.s:772    .text.uip_arp_out:00000000000001ac $d
     /tmp/ccsdTHuA.s:780    .bss.i:0000000000000000 i
     /tmp/ccsdTHuA.s:781    .bss.i:0000000000000000 $d
     /tmp/ccsdTHuA.s:786    .bss.tmpage:0000000000000000 tmpage
     /tmp/ccsdTHuA.s:787    .bss.tmpage:0000000000000000 $d
     /tmp/ccsdTHuA.s:789    .bss.arp_table:0000000000000000 $d
     /tmp/ccsdTHuA.s:793    .bss.arp_table:0000000000000000 arp_table
     /tmp/ccsdTHuA.s:796    .rodata.broadcast_ethaddr:0000000000000000 $d
     /tmp/ccsdTHuA.s:800    .rodata.broadcast_ethaddr:0000000000000000 broadcast_ethaddr
     /tmp/ccsdTHuA.s:811    .bss.c:0000000000000000 c
     /tmp/ccsdTHuA.s:812    .bss.c:0000000000000000 $d
     /tmp/ccsdTHuA.s:817    .bss.arptime:0000000000000000 arptime
     /tmp/ccsdTHuA.s:818    .bss.arptime:0000000000000000 $d
     /tmp/ccsdTHuA.s:820    .bss.ipaddr:0000000000000000 $d
     /tmp/ccsdTHuA.s:824    .bss.ipaddr:0000000000000000 ipaddr
                     .debug_frame:0000000000000010 $d
     /tmp/ccsdTHuA.s:236    .text.uip_arp_update.constprop.0:0000000000000134 $t

UNDEFINED SYMBOLS
uip_buf
uip_len
uip_hostaddr
uip_ethaddr
uip_netmask
uip_draddr
memset
uip_appdata
