ARM GAS  /tmp/ccbMtfMq.s 			page 1


   1              		.syntax unified
   2              		.cpu cortex-m3
   3              		.fpu softvfp
   4              		.eabi_attribute 20, 1
   5              		.eabi_attribute 21, 1
   6              		.eabi_attribute 23, 3
   7              		.eabi_attribute 24, 1
   8              		.eabi_attribute 25, 1
   9              		.eabi_attribute 26, 1
  10              		.eabi_attribute 30, 2
  11              		.eabi_attribute 34, 1
  12              		.eabi_attribute 18, 4
  13              		.thumb
  14              		.file	"util.c"
  15              		.text
  16              	.Ltext0:
  17              		.cfi_sections	.debug_frame
  18              		.section	.text.strrev,"ax",%progbits
  19              		.align	2
  20              		.p2align 4,,15
  21              		.global	strrev
  22              		.thumb
  23              		.thumb_func
  24              		.type	strrev, %function
  25              	strrev:
  26              	.LFB56:
  27              		.file 1 "util.c"
  28              		.loc 1 31 0
  29              		.cfi_startproc
  30              		@ args = 0, pretend = 0, frame = 0
  31              		@ frame_needed = 0, uses_anonymous_args = 0
  32              	.LVL0:
  33 0000 38B5     		push	{r3, r4, r5, lr}
  34              		.cfi_def_cfa_offset 16
  35              		.cfi_offset 3, -16
  36              		.cfi_offset 4, -12
  37              		.cfi_offset 5, -8
  38              		.cfi_offset 14, -4
  39              		.loc 1 31 0
  40 0002 0546     		mov	r5, r0
  41              		.loc 1 33 0
  42 0004 FFF7FEFF 		bl	strlen
  43              	.LVL1:
  44              		.loc 1 36 0
  45 0008 4408     		lsrs	r4, r0, #1
  46 000a 0BD0     		beq	.L1
  47 000c 2B46     		mov	r3, r5
  48 000e 2844     		add	r0, r0, r5
  49              	.LVL2:
  50 0010 2C44     		add	r4, r4, r5
  51              	.LVL3:
  52              	.L4:
  53              		.loc 1 38 0 discriminator 2
  54 0012 10F8011C 		ldrb	r1, [r0, #-1]	@ zero_extendqisi2
  55              		.loc 1 37 0 discriminator 2
  56 0016 1A78     		ldrb	r2, [r3]	@ zero_extendqisi2
  57              	.LVL4:
ARM GAS  /tmp/ccbMtfMq.s 			page 2


  58              		.loc 1 38 0 discriminator 2
  59 0018 03F8011B 		strb	r1, [r3], #1
  60              	.LVL5:
  61              		.loc 1 36 0 discriminator 2
  62 001c A342     		cmp	r3, r4
  63              		.loc 1 39 0 discriminator 2
  64 001e 00F8012D 		strb	r2, [r0, #-1]!
  65              	.LVL6:
  66              		.loc 1 36 0 discriminator 2
  67 0022 F6D1     		bne	.L4
  68              	.LVL7:
  69              	.L1:
  70 0024 38BD     		pop	{r3, r4, r5, pc}
  71              		.cfi_endproc
  72              	.LFE56:
  73              		.size	strrev, .-strrev
  74 0026 00BFAFF3 		.section	.text.nitoa,"ax",%progbits
  74      0080AFF3 
  74      0080
  75              		.align	2
  76              		.p2align 4,,15
  77              		.global	nitoa
  78              		.thumb
  79              		.thumb_func
  80              		.type	nitoa, %function
  81              	nitoa:
  82              	.LFB57:
  83              		.loc 1 44 0
  84              		.cfi_startproc
  85              		@ args = 0, pretend = 0, frame = 0
  86              		@ frame_needed = 0, uses_anonymous_args = 0
  87              	.LVL8:
  88              		.loc 1 47 0
  89 0000 0139     		subs	r1, r1, #1
  90              	.LVL9:
  91              		.loc 1 44 0
  92 0002 70B5     		push	{r4, r5, r6, lr}
  93              		.cfi_def_cfa_offset 16
  94              		.cfi_offset 4, -16
  95              		.cfi_offset 5, -12
  96              		.cfi_offset 6, -8
  97              		.cfi_offset 14, -4
  98              		.loc 1 47 0
  99 0004 1CD0     		beq	.L13
 100 0006 DAB1     		cbz	r2, .L13
 101              		.loc 1 48 0
 102 0008 4CF6CD46 		movw	r6, #52429
 103 000c CCF6CC46 		movt	r6, 52428
 104              		.loc 1 47 0
 105 0010 0023     		movs	r3, #0
 106 0012 00E0     		b	.L11
 107              	.LVL10:
 108              	.L9:
 109              		.loc 1 47 0 is_stmt 0 discriminator 2
 110 0014 64B1     		cbz	r4, .L14
 111              	.LVL11:
 112              	.L11:
ARM GAS  /tmp/ccbMtfMq.s 			page 3


 113              		.loc 1 48 0 is_stmt 1 discriminator 1
 114 0016 A6FB0254 		umull	r5, r4, r6, r2
 115 001a E408     		lsrs	r4, r4, #3
 116 001c 04EB8405 		add	r5, r4, r4, lsl #2
 117 0020 A2EB4502 		sub	r2, r2, r5, lsl #1
 118              	.LVL12:
 119 0024 3032     		adds	r2, r2, #48
 120 0026 C254     		strb	r2, [r0, r3]
 121              		.loc 1 47 0 discriminator 1
 122 0028 0133     		adds	r3, r3, #1
 123              	.LVL13:
 124 002a 8B42     		cmp	r3, r1
 125              		.loc 1 49 0 discriminator 1
 126 002c 2246     		mov	r2, r4
 127              	.LVL14:
 128              		.loc 1 47 0 discriminator 1
 129 002e F1D1     		bne	.L9
 130              	.L14:
 131 0030 0133     		adds	r3, r3, #1
 132              	.LVL15:
 133 0032 1C46     		mov	r4, r3
 134              	.LVL16:
 135              	.L8:
 136              		.loc 1 51 0
 137 0034 0022     		movs	r2, #0
 138              	.LVL17:
 139 0036 C254     		strb	r2, [r0, r3]
 140              		.loc 1 52 0
 141 0038 FFF7FEFF 		bl	strrev
 142              	.LVL18:
 143              		.loc 1 54 0
 144 003c 2046     		mov	r0, r4
 145 003e 70BD     		pop	{r4, r5, r6, pc}
 146              	.LVL19:
 147              	.L13:
 148              		.loc 1 47 0
 149 0040 0124     		movs	r4, #1
 150 0042 2346     		mov	r3, r4
 151 0044 F6E7     		b	.L8
 152              		.cfi_endproc
 153              	.LFE57:
 154              		.size	nitoa, .-nitoa
 155 0046 00BFAFF3 		.section	.text.senddbgmsg,"ax",%progbits
 155      0080AFF3 
 155      0080
 156              		.align	2
 157              		.p2align 4,,15
 158              		.global	senddbgmsg
 159              		.thumb
 160              		.thumb_func
 161              		.type	senddbgmsg, %function
 162              	senddbgmsg:
 163              	.LFB58:
 164              		.loc 1 58 0
 165              		.cfi_startproc
 166              		@ args = 4, pretend = 16, frame = 104
 167              		@ frame_needed = 0, uses_anonymous_args = 1
ARM GAS  /tmp/ccbMtfMq.s 			page 4


 168              	.LVL20:
 169 0000 0FB4     		push	{r0, r1, r2, r3}
 170              		.cfi_def_cfa_offset 16
 171              		.cfi_offset 0, -16
 172              		.cfi_offset 1, -12
 173              		.cfi_offset 2, -8
 174              		.cfi_offset 3, -4
 175 0002 00B5     		push	{lr}
 176              		.cfi_def_cfa_offset 20
 177              		.cfi_offset 14, -20
 178 0004 9BB0     		sub	sp, sp, #108
 179              		.cfi_def_cfa_offset 128
 180              		.loc 1 58 0
 181 0006 1CAB     		add	r3, sp, #112
 182 0008 53F8041B 		ldr	r1, [r3], #4
 183              		.loc 1 63 0
 184 000c 01A8     		add	r0, sp, #4
 185 000e 1A46     		mov	r2, r3
 186              		.loc 1 62 0
 187 0010 0093     		str	r3, [sp]
 188              		.loc 1 63 0
 189 0012 FFF7FEFF 		bl	vsprintf
 190              	.LVL21:
 191              		.loc 1 65 0
 192 0016 40F20000 		movw	r0, #:lower16:uartMtx
 193 001a C0F20000 		movt	r0, #:upper16:uartMtx
 194 001e FFF7FEFF 		bl	chMtxTryLock
 195              	.LVL22:
 196 0022 60B1     		cbz	r0, .L15
 197              		.loc 1 70 0
 198 0024 01A8     		add	r0, sp, #4
 199 0026 FFF7FEFF 		bl	strlen
 200              	.LVL23:
 201 002a 0146     		mov	r1, r0
 202 002c 40F20000 		movw	r0, #:lower16:UARTD2
 203 0030 01AA     		add	r2, sp, #4
 204 0032 C0F20000 		movt	r0, #:upper16:UARTD2
 205 0036 FFF7FEFF 		bl	uartStartSend
 206              	.LVL24:
 207              		.loc 1 72 0
 208 003a FFF7FEFF 		bl	chMtxUnlock
 209              	.LVL25:
 210              	.L15:
 211              		.loc 1 75 0
 212 003e 1BB0     		add	sp, sp, #108
 213              		@ sp needed
 214 0040 5DF804EB 		ldr	lr, [sp], #4
 215 0044 04B0     		add	sp, sp, #16
 216 0046 7047     		bx	lr
 217              		.cfi_endproc
 218              	.LFE58:
 219              		.size	senddbgmsg, .-senddbgmsg
 220 0048 AFF30080 		.text
 220      AFF30080 
 221              	.Letext0:
 222              		.file 2 "/usr/lib/gcc/arm-none-eabi/4.8.2/include/stddef.h"
 223              		.file 3 "/usr/include/newlib/machine/_default_types.h"
ARM GAS  /tmp/ccbMtfMq.s 			page 5


 224              		.file 4 "/usr/lib/gcc/arm-none-eabi/4.8.2/include/stdarg.h"
 225              		.file 5 "/usr/include/newlib/stdint.h"
 226              		.file 6 "../os/ports/GCC/ARMCMx/chtypes.h"
 227              		.file 7 "../os/kernel/include/chlists.h"
 228              		.file 8 "<built-in>"
 229              		.file 9 "../os/kernel/include/chthreads.h"
 230              		.file 10 "../os/ports/GCC/ARMCMx/chcore_v7m.h"
 231              		.file 11 "../os/kernel/include/chmtx.h"
 232              		.file 12 "../os/hal/platforms/STM32F1xx/stm32f10x.h"
 233              		.file 13 "../os/hal/platforms/STM32F1xx/stm32_dma.h"
 234              		.file 14 "../os/hal/include/uart.h"
 235              		.file 15 "../os/hal/platforms/STM32/USARTv1/uart_lld.h"
 236              		.file 16 "../os/ports/common/ARMCMx/CMSIS/include/core_cm3.h"
 237              		.file 17 "/usr/include/newlib/string.h"
 238              		.file 18 "/usr/include/newlib/stdio.h"
 239              		.section	.debug_info,"",%progbits
 240              	.Ldebug_info0:
 241 0000 4D090000 		.4byte	0x94d
 242 0004 0400     		.2byte	0x4
 243 0006 00000000 		.4byte	.Ldebug_abbrev0
 244 000a 04       		.byte	0x4
 245 000b 01       		.uleb128 0x1
 246 000c 21000000 		.4byte	.LASF121
 247 0010 01       		.byte	0x1
 248 0011 56030000 		.4byte	.LASF122
 249 0015 73040000 		.4byte	.LASF123
 250 0019 00000000 		.4byte	.Ldebug_ranges0+0
 251 001d 00000000 		.4byte	0
 252 0021 00000000 		.4byte	.Ldebug_line0
 253 0025 02       		.uleb128 0x2
 254 0026 06000000 		.4byte	.LASF2
 255 002a 02       		.byte	0x2
 256 002b D4       		.byte	0xd4
 257 002c 30000000 		.4byte	0x30
 258 0030 03       		.uleb128 0x3
 259 0031 04       		.byte	0x4
 260 0032 07       		.byte	0x7
 261 0033 18020000 		.4byte	.LASF0
 262 0037 04       		.uleb128 0x4
 263 0038 04       		.byte	0x4
 264 0039 05       		.byte	0x5
 265 003a 696E7400 		.ascii	"int\000"
 266 003e 03       		.uleb128 0x3
 267 003f 01       		.byte	0x1
 268 0040 06       		.byte	0x6
 269 0041 3A010000 		.4byte	.LASF1
 270 0045 02       		.uleb128 0x2
 271 0046 17000000 		.4byte	.LASF3
 272 004a 03       		.byte	0x3
 273 004b 1C       		.byte	0x1c
 274 004c 50000000 		.4byte	0x50
 275 0050 03       		.uleb128 0x3
 276 0051 01       		.byte	0x1
 277 0052 08       		.byte	0x8
 278 0053 B5030000 		.4byte	.LASF4
 279 0057 03       		.uleb128 0x3
 280 0058 02       		.byte	0x2
ARM GAS  /tmp/ccbMtfMq.s 			page 6


 281 0059 05       		.byte	0x5
 282 005a CD030000 		.4byte	.LASF5
 283 005e 02       		.uleb128 0x2
 284 005f D9040000 		.4byte	.LASF6
 285 0063 03       		.byte	0x3
 286 0064 26       		.byte	0x26
 287 0065 69000000 		.4byte	0x69
 288 0069 03       		.uleb128 0x3
 289 006a 02       		.byte	0x2
 290 006b 07       		.byte	0x7
 291 006c 61020000 		.4byte	.LASF7
 292 0070 02       		.uleb128 0x2
 293 0071 00050000 		.4byte	.LASF8
 294 0075 03       		.byte	0x3
 295 0076 37       		.byte	0x37
 296 0077 7B000000 		.4byte	0x7b
 297 007b 03       		.uleb128 0x3
 298 007c 04       		.byte	0x4
 299 007d 05       		.byte	0x5
 300 007e 73010000 		.4byte	.LASF9
 301 0082 02       		.uleb128 0x2
 302 0083 D3010000 		.4byte	.LASF10
 303 0087 03       		.byte	0x3
 304 0088 38       		.byte	0x38
 305 0089 8D000000 		.4byte	0x8d
 306 008d 03       		.uleb128 0x3
 307 008e 04       		.byte	0x4
 308 008f 07       		.byte	0x7
 309 0090 5C040000 		.4byte	.LASF11
 310 0094 03       		.uleb128 0x3
 311 0095 08       		.byte	0x8
 312 0096 05       		.byte	0x5
 313 0097 8F010000 		.4byte	.LASF12
 314 009b 03       		.uleb128 0x3
 315 009c 08       		.byte	0x8
 316 009d 07       		.byte	0x7
 317 009e E1000000 		.4byte	.LASF13
 318 00a2 03       		.uleb128 0x3
 319 00a3 04       		.byte	0x4
 320 00a4 07       		.byte	0x7
 321 00a5 D2020000 		.4byte	.LASF14
 322 00a9 05       		.uleb128 0x5
 323 00aa 04       		.byte	0x4
 324 00ab 06       		.uleb128 0x6
 325 00ac 04       		.byte	0x4
 326 00ad B1000000 		.4byte	0xb1
 327 00b1 03       		.uleb128 0x3
 328 00b2 01       		.byte	0x1
 329 00b3 08       		.byte	0x8
 330 00b4 6E040000 		.4byte	.LASF15
 331 00b8 06       		.uleb128 0x6
 332 00b9 04       		.byte	0x4
 333 00ba BE000000 		.4byte	0xbe
 334 00be 07       		.uleb128 0x7
 335 00bf B1000000 		.4byte	0xb1
 336 00c3 06       		.uleb128 0x6
 337 00c4 04       		.byte	0x4
ARM GAS  /tmp/ccbMtfMq.s 			page 7


 338 00c5 C9000000 		.4byte	0xc9
 339 00c9 08       		.uleb128 0x8
 340 00ca 02       		.uleb128 0x2
 341 00cb F2020000 		.4byte	.LASF16
 342 00cf 04       		.byte	0x4
 343 00d0 28       		.byte	0x28
 344 00d1 D5000000 		.4byte	0xd5
 345 00d5 09       		.uleb128 0x9
 346 00d6 85010000 		.4byte	.LASF31
 347 00da 04       		.byte	0x4
 348 00db 08       		.byte	0x8
 349 00dc 00       		.byte	0
 350 00dd EC000000 		.4byte	0xec
 351 00e1 0A       		.uleb128 0xa
 352 00e2 28050000 		.4byte	.LASF54
 353 00e6 A9000000 		.4byte	0xa9
 354 00ea 00       		.byte	0
 355 00eb 00       		.byte	0
 356 00ec 02       		.uleb128 0x2
 357 00ed D3000000 		.4byte	.LASF17
 358 00f1 04       		.byte	0x4
 359 00f2 62       		.byte	0x62
 360 00f3 CA000000 		.4byte	0xca
 361 00f7 02       		.uleb128 0x2
 362 00f8 5D050000 		.4byte	.LASF18
 363 00fc 05       		.byte	0x5
 364 00fd 2A       		.byte	0x2a
 365 00fe 45000000 		.4byte	0x45
 366 0102 02       		.uleb128 0x2
 367 0103 9D010000 		.4byte	.LASF19
 368 0107 05       		.byte	0x5
 369 0108 36       		.byte	0x36
 370 0109 5E000000 		.4byte	0x5e
 371 010d 02       		.uleb128 0x2
 372 010e AD030000 		.4byte	.LASF20
 373 0112 05       		.byte	0x5
 374 0113 41       		.byte	0x41
 375 0114 70000000 		.4byte	0x70
 376 0118 02       		.uleb128 0x2
 377 0119 49040000 		.4byte	.LASF21
 378 011d 05       		.byte	0x5
 379 011e 42       		.byte	0x42
 380 011f 82000000 		.4byte	0x82
 381 0123 02       		.uleb128 0x2
 382 0124 20010000 		.4byte	.LASF22
 383 0128 06       		.byte	0x6
 384 0129 2B       		.byte	0x2b
 385 012a 2E010000 		.4byte	0x12e
 386 012e 03       		.uleb128 0x3
 387 012f 01       		.byte	0x1
 388 0130 02       		.byte	0x2
 389 0131 A7030000 		.4byte	.LASF23
 390 0135 02       		.uleb128 0x2
 391 0136 9E020000 		.4byte	.LASF24
 392 013a 06       		.byte	0x6
 393 013b 2C       		.byte	0x2c
 394 013c F7000000 		.4byte	0xf7
ARM GAS  /tmp/ccbMtfMq.s 			page 8


 395 0140 02       		.uleb128 0x2
 396 0141 7C010000 		.4byte	.LASF25
 397 0145 06       		.byte	0x6
 398 0146 2D       		.byte	0x2d
 399 0147 F7000000 		.4byte	0xf7
 400 014b 02       		.uleb128 0x2
 401 014c 5B010000 		.4byte	.LASF26
 402 0150 06       		.byte	0x6
 403 0151 2F       		.byte	0x2f
 404 0152 F7000000 		.4byte	0xf7
 405 0156 02       		.uleb128 0x2
 406 0157 9F030000 		.4byte	.LASF27
 407 015b 06       		.byte	0x6
 408 015c 30       		.byte	0x30
 409 015d 18010000 		.4byte	0x118
 410 0161 02       		.uleb128 0x2
 411 0162 8A020000 		.4byte	.LASF28
 412 0166 06       		.byte	0x6
 413 0167 31       		.byte	0x31
 414 0168 0D010000 		.4byte	0x10d
 415 016c 02       		.uleb128 0x2
 416 016d B2020000 		.4byte	.LASF29
 417 0171 06       		.byte	0x6
 418 0172 33       		.byte	0x33
 419 0173 18010000 		.4byte	0x118
 420 0177 02       		.uleb128 0x2
 421 0178 F1010000 		.4byte	.LASF30
 422 017c 07       		.byte	0x7
 423 017d 2A       		.byte	0x2a
 424 017e 82010000 		.4byte	0x182
 425 0182 09       		.uleb128 0x9
 426 0183 F1010000 		.4byte	.LASF30
 427 0187 34       		.byte	0x34
 428 0188 09       		.byte	0x9
 429 0189 5E       		.byte	0x5e
 430 018a 37020000 		.4byte	0x237
 431 018e 0B       		.uleb128 0xb
 432 018f FB030000 		.4byte	.LASF32
 433 0193 09       		.byte	0x9
 434 0194 5F       		.byte	0x5f
 435 0195 58020000 		.4byte	0x258
 436 0199 00       		.byte	0
 437 019a 0B       		.uleb128 0xb
 438 019b 71030000 		.4byte	.LASF33
 439 019f 09       		.byte	0x9
 440 01a0 61       		.byte	0x61
 441 01a1 58020000 		.4byte	0x258
 442 01a5 04       		.byte	0x4
 443 01a6 0B       		.uleb128 0xb
 444 01a7 27010000 		.4byte	.LASF34
 445 01ab 09       		.byte	0x9
 446 01ac 63       		.byte	0x63
 447 01ad 56010000 		.4byte	0x156
 448 01b1 08       		.byte	0x8
 449 01b2 0B       		.uleb128 0xb
 450 01b3 97050000 		.4byte	.LASF35
 451 01b7 09       		.byte	0x9
ARM GAS  /tmp/ccbMtfMq.s 			page 9


 452 01b8 64       		.byte	0x64
 453 01b9 10030000 		.4byte	0x310
 454 01bd 0C       		.byte	0xc
 455 01be 0B       		.uleb128 0xb
 456 01bf D7030000 		.4byte	.LASF36
 457 01c3 09       		.byte	0x9
 458 01c4 79       		.byte	0x79
 459 01c5 40010000 		.4byte	0x140
 460 01c9 10       		.byte	0x10
 461 01ca 0B       		.uleb128 0xb
 462 01cb 0E040000 		.4byte	.LASF37
 463 01cf 09       		.byte	0x9
 464 01d0 7D       		.byte	0x7d
 465 01d1 35010000 		.4byte	0x135
 466 01d5 11       		.byte	0x11
 467 01d6 0B       		.uleb128 0xb
 468 01d7 EA030000 		.4byte	.LASF38
 469 01db 09       		.byte	0x9
 470 01dc 88       		.byte	0x88
 471 01dd 4B010000 		.4byte	0x14b
 472 01e1 12       		.byte	0x12
 473 01e2 0C       		.uleb128 0xc
 474 01e3 705F7500 		.ascii	"p_u\000"
 475 01e7 09       		.byte	0x9
 476 01e8 B4       		.byte	0xb4
 477 01e9 78030000 		.4byte	0x378
 478 01ed 14       		.byte	0x14
 479 01ee 0B       		.uleb128 0xb
 480 01ef 9D050000 		.4byte	.LASF39
 481 01f3 09       		.byte	0x9
 482 01f4 B9       		.byte	0xb9
 483 01f5 7E020000 		.4byte	0x27e
 484 01f9 18       		.byte	0x18
 485 01fa 0B       		.uleb128 0xb
 486 01fb 31020000 		.4byte	.LASF40
 487 01ff 09       		.byte	0x9
 488 0200 BF       		.byte	0xbf
 489 0201 5E020000 		.4byte	0x25e
 490 0205 1C       		.byte	0x1c
 491 0206 0B       		.uleb128 0xb
 492 0207 7A050000 		.4byte	.LASF41
 493 020b 09       		.byte	0x9
 494 020c C3       		.byte	0xc3
 495 020d 61010000 		.4byte	0x161
 496 0211 24       		.byte	0x24
 497 0212 0B       		.uleb128 0xb
 498 0213 2F040000 		.4byte	.LASF42
 499 0217 09       		.byte	0x9
 500 0218 C9       		.byte	0xc9
 501 0219 6C010000 		.4byte	0x16c
 502 021d 28       		.byte	0x28
 503 021e 0B       		.uleb128 0xb
 504 021f C3030000 		.4byte	.LASF43
 505 0223 09       		.byte	0x9
 506 0224 D0       		.byte	0xd0
 507 0225 AD030000 		.4byte	0x3ad
 508 0229 2C       		.byte	0x2c
ARM GAS  /tmp/ccbMtfMq.s 			page 10


 509 022a 0B       		.uleb128 0xb
 510 022b F5040000 		.4byte	.LASF44
 511 022f 09       		.byte	0x9
 512 0230 D4       		.byte	0xd4
 513 0231 56010000 		.4byte	0x156
 514 0235 30       		.byte	0x30
 515 0236 00       		.byte	0
 516 0237 0D       		.uleb128 0xd
 517 0238 08       		.byte	0x8
 518 0239 07       		.byte	0x7
 519 023a 61       		.byte	0x61
 520 023b 58020000 		.4byte	0x258
 521 023f 0B       		.uleb128 0xb
 522 0240 FB030000 		.4byte	.LASF32
 523 0244 07       		.byte	0x7
 524 0245 62       		.byte	0x62
 525 0246 58020000 		.4byte	0x258
 526 024a 00       		.byte	0
 527 024b 0B       		.uleb128 0xb
 528 024c 71030000 		.4byte	.LASF33
 529 0250 07       		.byte	0x7
 530 0251 64       		.byte	0x64
 531 0252 58020000 		.4byte	0x258
 532 0256 04       		.byte	0x4
 533 0257 00       		.byte	0
 534 0258 06       		.uleb128 0x6
 535 0259 04       		.byte	0x4
 536 025a 77010000 		.4byte	0x177
 537 025e 02       		.uleb128 0x2
 538 025f 16030000 		.4byte	.LASF45
 539 0263 07       		.byte	0x7
 540 0264 66       		.byte	0x66
 541 0265 37020000 		.4byte	0x237
 542 0269 0D       		.uleb128 0xd
 543 026a 04       		.byte	0x4
 544 026b 07       		.byte	0x7
 545 026c 6B       		.byte	0x6b
 546 026d 7E020000 		.4byte	0x27e
 547 0271 0B       		.uleb128 0xb
 548 0272 FB030000 		.4byte	.LASF32
 549 0276 07       		.byte	0x7
 550 0277 6D       		.byte	0x6d
 551 0278 58020000 		.4byte	0x258
 552 027c 00       		.byte	0
 553 027d 00       		.byte	0
 554 027e 02       		.uleb128 0x2
 555 027f A6020000 		.4byte	.LASF46
 556 0283 07       		.byte	0x7
 557 0284 70       		.byte	0x70
 558 0285 69020000 		.4byte	0x269
 559 0289 02       		.uleb128 0x2
 560 028a DE010000 		.4byte	.LASF47
 561 028e 0A       		.byte	0xa
 562 028f E5       		.byte	0xe5
 563 0290 A9000000 		.4byte	0xa9
 564 0294 0E       		.uleb128 0xe
 565 0295 3E050000 		.4byte	.LASF48
ARM GAS  /tmp/ccbMtfMq.s 			page 11


 566 0299 24       		.byte	0x24
 567 029a 0A       		.byte	0xa
 568 029b 0C01     		.2byte	0x10c
 569 029d 10030000 		.4byte	0x310
 570 02a1 0F       		.uleb128 0xf
 571 02a2 723400   		.ascii	"r4\000"
 572 02a5 0A       		.byte	0xa
 573 02a6 1F01     		.2byte	0x11f
 574 02a8 89020000 		.4byte	0x289
 575 02ac 00       		.byte	0
 576 02ad 0F       		.uleb128 0xf
 577 02ae 723500   		.ascii	"r5\000"
 578 02b1 0A       		.byte	0xa
 579 02b2 2001     		.2byte	0x120
 580 02b4 89020000 		.4byte	0x289
 581 02b8 04       		.byte	0x4
 582 02b9 0F       		.uleb128 0xf
 583 02ba 723600   		.ascii	"r6\000"
 584 02bd 0A       		.byte	0xa
 585 02be 2101     		.2byte	0x121
 586 02c0 89020000 		.4byte	0x289
 587 02c4 08       		.byte	0x8
 588 02c5 0F       		.uleb128 0xf
 589 02c6 723700   		.ascii	"r7\000"
 590 02c9 0A       		.byte	0xa
 591 02ca 2201     		.2byte	0x122
 592 02cc 89020000 		.4byte	0x289
 593 02d0 0C       		.byte	0xc
 594 02d1 0F       		.uleb128 0xf
 595 02d2 723800   		.ascii	"r8\000"
 596 02d5 0A       		.byte	0xa
 597 02d6 2301     		.2byte	0x123
 598 02d8 89020000 		.4byte	0x289
 599 02dc 10       		.byte	0x10
 600 02dd 0F       		.uleb128 0xf
 601 02de 723900   		.ascii	"r9\000"
 602 02e1 0A       		.byte	0xa
 603 02e2 2401     		.2byte	0x124
 604 02e4 89020000 		.4byte	0x289
 605 02e8 14       		.byte	0x14
 606 02e9 0F       		.uleb128 0xf
 607 02ea 72313000 		.ascii	"r10\000"
 608 02ee 0A       		.byte	0xa
 609 02ef 2501     		.2byte	0x125
 610 02f1 89020000 		.4byte	0x289
 611 02f5 18       		.byte	0x18
 612 02f6 0F       		.uleb128 0xf
 613 02f7 72313100 		.ascii	"r11\000"
 614 02fb 0A       		.byte	0xa
 615 02fc 2601     		.2byte	0x126
 616 02fe 89020000 		.4byte	0x289
 617 0302 1C       		.byte	0x1c
 618 0303 0F       		.uleb128 0xf
 619 0304 6C7200   		.ascii	"lr\000"
 620 0307 0A       		.byte	0xa
 621 0308 2701     		.2byte	0x127
 622 030a 89020000 		.4byte	0x289
ARM GAS  /tmp/ccbMtfMq.s 			page 12


 623 030e 20       		.byte	0x20
 624 030f 00       		.byte	0
 625 0310 0E       		.uleb128 0xe
 626 0311 2D050000 		.4byte	.LASF49
 627 0315 04       		.byte	0x4
 628 0316 0A       		.byte	0xa
 629 0317 3101     		.2byte	0x131
 630 0319 2B030000 		.4byte	0x32b
 631 031d 0F       		.uleb128 0xf
 632 031e 72313300 		.ascii	"r13\000"
 633 0322 0A       		.byte	0xa
 634 0323 3201     		.2byte	0x132
 635 0325 2B030000 		.4byte	0x32b
 636 0329 00       		.byte	0
 637 032a 00       		.byte	0
 638 032b 06       		.uleb128 0x6
 639 032c 04       		.byte	0x4
 640 032d 94020000 		.4byte	0x294
 641 0331 10       		.uleb128 0x10
 642 0332 18010000 		.4byte	0x118
 643 0336 09       		.uleb128 0x9
 644 0337 EC020000 		.4byte	.LASF50
 645 033b 10       		.byte	0x10
 646 033c 0B       		.byte	0xb
 647 033d 2C       		.byte	0x2c
 648 033e 67030000 		.4byte	0x367
 649 0342 0B       		.uleb128 0xb
 650 0343 53010000 		.4byte	.LASF51
 651 0347 0B       		.byte	0xb
 652 0348 2D       		.byte	0x2d
 653 0349 5E020000 		.4byte	0x25e
 654 034d 00       		.byte	0
 655 034e 0B       		.uleb128 0xb
 656 034f 80050000 		.4byte	.LASF52
 657 0353 0B       		.byte	0xb
 658 0354 2F       		.byte	0x2f
 659 0355 58020000 		.4byte	0x258
 660 0359 08       		.byte	0x8
 661 035a 0B       		.uleb128 0xb
 662 035b EE040000 		.4byte	.LASF53
 663 035f 0B       		.byte	0xb
 664 0360 31       		.byte	0x31
 665 0361 67030000 		.4byte	0x367
 666 0365 0C       		.byte	0xc
 667 0366 00       		.byte	0
 668 0367 06       		.uleb128 0x6
 669 0368 04       		.byte	0x4
 670 0369 36030000 		.4byte	0x336
 671 036d 02       		.uleb128 0x2
 672 036e EC020000 		.4byte	.LASF50
 673 0372 0B       		.byte	0xb
 674 0373 33       		.byte	0x33
 675 0374 36030000 		.4byte	0x336
 676 0378 11       		.uleb128 0x11
 677 0379 04       		.byte	0x4
 678 037a 09       		.byte	0x9
 679 037b 96       		.byte	0x96
ARM GAS  /tmp/ccbMtfMq.s 			page 13


 680 037c AD030000 		.4byte	0x3ad
 681 0380 12       		.uleb128 0x12
 682 0381 4B050000 		.4byte	.LASF55
 683 0385 09       		.byte	0x9
 684 0386 9D       		.byte	0x9d
 685 0387 61010000 		.4byte	0x161
 686 038b 12       		.uleb128 0x12
 687 038c F8000000 		.4byte	.LASF56
 688 0390 09       		.byte	0x9
 689 0391 A4       		.byte	0xa4
 690 0392 61010000 		.4byte	0x161
 691 0396 12       		.uleb128 0x12
 692 0397 6D050000 		.4byte	.LASF57
 693 039b 09       		.byte	0x9
 694 039c AB       		.byte	0xab
 695 039d A9000000 		.4byte	0xa9
 696 03a1 12       		.uleb128 0x12
 697 03a2 F4030000 		.4byte	.LASF58
 698 03a6 09       		.byte	0x9
 699 03a7 B2       		.byte	0xb2
 700 03a8 6C010000 		.4byte	0x16c
 701 03ac 00       		.byte	0
 702 03ad 06       		.uleb128 0x6
 703 03ae 04       		.byte	0x4
 704 03af 6D030000 		.4byte	0x36d
 705 03b3 10       		.uleb128 0x10
 706 03b4 02010000 		.4byte	0x102
 707 03b8 10       		.uleb128 0x10
 708 03b9 0D010000 		.4byte	0x10d
 709 03bd 13       		.uleb128 0x13
 710 03be 10       		.byte	0x10
 711 03bf 0C       		.byte	0xc
 712 03c0 2D03     		.2byte	0x32d
 713 03c2 FB030000 		.4byte	0x3fb
 714 03c6 0F       		.uleb128 0xf
 715 03c7 43435200 		.ascii	"CCR\000"
 716 03cb 0C       		.byte	0xc
 717 03cc 2F03     		.2byte	0x32f
 718 03ce 31030000 		.4byte	0x331
 719 03d2 00       		.byte	0
 720 03d3 14       		.uleb128 0x14
 721 03d4 52050000 		.4byte	.LASF59
 722 03d8 0C       		.byte	0xc
 723 03d9 3003     		.2byte	0x330
 724 03db 31030000 		.4byte	0x331
 725 03df 04       		.byte	0x4
 726 03e0 14       		.uleb128 0x14
 727 03e1 2C020000 		.4byte	.LASF60
 728 03e5 0C       		.byte	0xc
 729 03e6 3103     		.2byte	0x331
 730 03e8 31030000 		.4byte	0x331
 731 03ec 08       		.byte	0x8
 732 03ed 14       		.uleb128 0x14
 733 03ee 58050000 		.4byte	.LASF61
 734 03f2 0C       		.byte	0xc
 735 03f3 3203     		.2byte	0x332
 736 03f5 31030000 		.4byte	0x331
ARM GAS  /tmp/ccbMtfMq.s 			page 14


 737 03f9 0C       		.byte	0xc
 738 03fa 00       		.byte	0
 739 03fb 15       		.uleb128 0x15
 740 03fc 46020000 		.4byte	.LASF62
 741 0400 0C       		.byte	0xc
 742 0401 3303     		.2byte	0x333
 743 0403 BD030000 		.4byte	0x3bd
 744 0407 13       		.uleb128 0x13
 745 0408 1C       		.byte	0x1c
 746 0409 0C       		.byte	0xc
 747 040a E104     		.2byte	0x4e1
 748 040c C5040000 		.4byte	0x4c5
 749 0410 0F       		.uleb128 0xf
 750 0411 535200   		.ascii	"SR\000"
 751 0414 0C       		.byte	0xc
 752 0415 E304     		.2byte	0x4e3
 753 0417 B3030000 		.4byte	0x3b3
 754 041b 00       		.byte	0
 755 041c 14       		.uleb128 0x14
 756 041d 42030000 		.4byte	.LASF63
 757 0421 0C       		.byte	0xc
 758 0422 E404     		.2byte	0x4e4
 759 0424 02010000 		.4byte	0x102
 760 0428 02       		.byte	0x2
 761 0429 0F       		.uleb128 0xf
 762 042a 445200   		.ascii	"DR\000"
 763 042d 0C       		.byte	0xc
 764 042e E504     		.2byte	0x4e5
 765 0430 B3030000 		.4byte	0x3b3
 766 0434 04       		.byte	0x4
 767 0435 14       		.uleb128 0x14
 768 0436 4C030000 		.4byte	.LASF64
 769 043a 0C       		.byte	0xc
 770 043b E604     		.2byte	0x4e6
 771 043d 02010000 		.4byte	0x102
 772 0441 06       		.byte	0x6
 773 0442 0F       		.uleb128 0xf
 774 0443 42525200 		.ascii	"BRR\000"
 775 0447 0C       		.byte	0xc
 776 0448 E704     		.2byte	0x4e7
 777 044a B3030000 		.4byte	0x3b3
 778 044e 08       		.byte	0x8
 779 044f 14       		.uleb128 0x14
 780 0450 25040000 		.4byte	.LASF65
 781 0454 0C       		.byte	0xc
 782 0455 E804     		.2byte	0x4e8
 783 0457 02010000 		.4byte	0x102
 784 045b 0A       		.byte	0xa
 785 045c 0F       		.uleb128 0xf
 786 045d 43523100 		.ascii	"CR1\000"
 787 0461 0C       		.byte	0xc
 788 0462 E904     		.2byte	0x4e9
 789 0464 B3030000 		.4byte	0x3b3
 790 0468 0C       		.byte	0xc
 791 0469 14       		.uleb128 0x14
 792 046a 5D030000 		.4byte	.LASF66
 793 046e 0C       		.byte	0xc
ARM GAS  /tmp/ccbMtfMq.s 			page 15


 794 046f EA04     		.2byte	0x4ea
 795 0471 02010000 		.4byte	0x102
 796 0475 0E       		.byte	0xe
 797 0476 0F       		.uleb128 0xf
 798 0477 43523200 		.ascii	"CR2\000"
 799 047b 0C       		.byte	0xc
 800 047c EB04     		.2byte	0x4eb
 801 047e B3030000 		.4byte	0x3b3
 802 0482 10       		.byte	0x10
 803 0483 14       		.uleb128 0x14
 804 0484 67030000 		.4byte	.LASF67
 805 0488 0C       		.byte	0xc
 806 0489 EC04     		.2byte	0x4ec
 807 048b 02010000 		.4byte	0x102
 808 048f 12       		.byte	0x12
 809 0490 0F       		.uleb128 0xf
 810 0491 43523300 		.ascii	"CR3\000"
 811 0495 0C       		.byte	0xc
 812 0496 ED04     		.2byte	0x4ed
 813 0498 B3030000 		.4byte	0x3b3
 814 049c 14       		.byte	0x14
 815 049d 14       		.uleb128 0x14
 816 049e 3F040000 		.4byte	.LASF68
 817 04a2 0C       		.byte	0xc
 818 04a3 EE04     		.2byte	0x4ee
 819 04a5 02010000 		.4byte	0x102
 820 04a9 16       		.byte	0x16
 821 04aa 14       		.uleb128 0x14
 822 04ab 46010000 		.4byte	.LASF69
 823 04af 0C       		.byte	0xc
 824 04b0 EF04     		.2byte	0x4ef
 825 04b2 B3030000 		.4byte	0x3b3
 826 04b6 18       		.byte	0x18
 827 04b7 14       		.uleb128 0x14
 828 04b8 78030000 		.4byte	.LASF70
 829 04bc 0C       		.byte	0xc
 830 04bd F004     		.2byte	0x4f0
 831 04bf 02010000 		.4byte	0x102
 832 04c3 1A       		.byte	0x1a
 833 04c4 00       		.byte	0
 834 04c5 15       		.uleb128 0x15
 835 04c6 90020000 		.4byte	.LASF71
 836 04ca 0C       		.byte	0xc
 837 04cb F104     		.2byte	0x4f1
 838 04cd 07040000 		.4byte	0x407
 839 04d1 0D       		.uleb128 0xd
 840 04d2 0C       		.byte	0xc
 841 04d3 0D       		.byte	0xd
 842 04d4 C1       		.byte	0xc1
 843 04d5 16050000 		.4byte	0x516
 844 04d9 0B       		.uleb128 0xb
 845 04da 1D040000 		.4byte	.LASF72
 846 04de 0D       		.byte	0xd
 847 04df C2       		.byte	0xc2
 848 04e0 16050000 		.4byte	0x516
 849 04e4 00       		.byte	0
 850 04e5 0B       		.uleb128 0xb
ARM GAS  /tmp/ccbMtfMq.s 			page 16


 851 04e6 3A040000 		.4byte	.LASF73
 852 04ea 0D       		.byte	0xd
 853 04eb C3       		.byte	0xc3
 854 04ec 1C050000 		.4byte	0x51c
 855 04f0 04       		.byte	0x4
 856 04f1 0B       		.uleb128 0xb
 857 04f2 5A020000 		.4byte	.LASF74
 858 04f6 0D       		.byte	0xd
 859 04f7 C4       		.byte	0xc4
 860 04f8 F7000000 		.4byte	0xf7
 861 04fc 08       		.byte	0x8
 862 04fd 0B       		.uleb128 0xb
 863 04fe E7010000 		.4byte	.LASF75
 864 0502 0D       		.byte	0xd
 865 0503 C6       		.byte	0xc6
 866 0504 F7000000 		.4byte	0xf7
 867 0508 09       		.byte	0x9
 868 0509 0B       		.uleb128 0xb
 869 050a 01010000 		.4byte	.LASF76
 870 050e 0D       		.byte	0xd
 871 050f C7       		.byte	0xc7
 872 0510 F7000000 		.4byte	0xf7
 873 0514 0A       		.byte	0xa
 874 0515 00       		.byte	0
 875 0516 06       		.uleb128 0x6
 876 0517 04       		.byte	0x4
 877 0518 FB030000 		.4byte	0x3fb
 878 051c 06       		.uleb128 0x6
 879 051d 04       		.byte	0x4
 880 051e 31030000 		.4byte	0x331
 881 0522 02       		.uleb128 0x2
 882 0523 82030000 		.4byte	.LASF77
 883 0527 0D       		.byte	0xd
 884 0528 C8       		.byte	0xc8
 885 0529 D1040000 		.4byte	0x4d1
 886 052d 06       		.uleb128 0x6
 887 052e 04       		.byte	0x4
 888 052f 33050000 		.4byte	0x533
 889 0533 07       		.uleb128 0x7
 890 0534 22050000 		.4byte	0x522
 891 0538 16       		.uleb128 0x16
 892 0539 01       		.byte	0x1
 893 053a 0E       		.byte	0xe
 894 053b 48       		.byte	0x48
 895 053c 53050000 		.4byte	0x553
 896 0540 17       		.uleb128 0x17
 897 0541 74020000 		.4byte	.LASF78
 898 0545 00       		.sleb128 0
 899 0546 17       		.uleb128 0x17
 900 0547 80020000 		.4byte	.LASF79
 901 054b 01       		.sleb128 1
 902 054c 17       		.uleb128 0x17
 903 054d F8010000 		.4byte	.LASF80
 904 0551 02       		.sleb128 2
 905 0552 00       		.byte	0
 906 0553 02       		.uleb128 0x2
 907 0554 02040000 		.4byte	.LASF81
ARM GAS  /tmp/ccbMtfMq.s 			page 17


 908 0558 0E       		.byte	0xe
 909 0559 4C       		.byte	0x4c
 910 055a 38050000 		.4byte	0x538
 911 055e 16       		.uleb128 0x16
 912 055f 01       		.byte	0x1
 913 0560 0E       		.byte	0xe
 914 0561 51       		.byte	0x51
 915 0562 79050000 		.4byte	0x579
 916 0566 17       		.uleb128 0x17
 917 0567 0A050000 		.4byte	.LASF82
 918 056b 00       		.sleb128 0
 919 056c 17       		.uleb128 0x17
 920 056d 03020000 		.4byte	.LASF83
 921 0571 01       		.sleb128 1
 922 0572 17       		.uleb128 0x17
 923 0573 AE050000 		.4byte	.LASF84
 924 0577 02       		.sleb128 2
 925 0578 00       		.byte	0
 926 0579 02       		.uleb128 0x2
 927 057a 34030000 		.4byte	.LASF85
 928 057e 0E       		.byte	0xe
 929 057f 55       		.byte	0x55
 930 0580 5E050000 		.4byte	0x55e
 931 0584 16       		.uleb128 0x16
 932 0585 01       		.byte	0x1
 933 0586 0E       		.byte	0xe
 934 0587 5A       		.byte	0x5a
 935 0588 9F050000 		.4byte	0x59f
 936 058c 17       		.uleb128 0x17
 937 058d CC040000 		.4byte	.LASF86
 938 0591 00       		.sleb128 0
 939 0592 17       		.uleb128 0x17
 940 0593 88050000 		.4byte	.LASF87
 941 0597 01       		.sleb128 1
 942 0598 17       		.uleb128 0x17
 943 0599 DB020000 		.4byte	.LASF88
 944 059d 02       		.sleb128 2
 945 059e 00       		.byte	0
 946 059f 02       		.uleb128 0x2
 947 05a0 B4010000 		.4byte	.LASF89
 948 05a4 0E       		.byte	0xe
 949 05a5 5E       		.byte	0x5e
 950 05a6 84050000 		.4byte	0x584
 951 05aa 15       		.uleb128 0x15
 952 05ab 0A030000 		.4byte	.LASF90
 953 05af 0F       		.byte	0xf
 954 05b0 FE01     		.2byte	0x1fe
 955 05b2 18010000 		.4byte	0x118
 956 05b6 15       		.uleb128 0x15
 957 05b7 C8010000 		.4byte	.LASF91
 958 05bb 0F       		.byte	0xf
 959 05bc 0302     		.2byte	0x203
 960 05be C2050000 		.4byte	0x5c2
 961 05c2 0E       		.uleb128 0xe
 962 05c3 C8010000 		.4byte	.LASF91
 963 05c7 1C       		.byte	0x1c
 964 05c8 0F       		.byte	0xf
ARM GAS  /tmp/ccbMtfMq.s 			page 18


 965 05c9 4B02     		.2byte	0x24b
 966 05cb 45060000 		.4byte	0x645
 967 05cf 14       		.uleb128 0x14
 968 05d0 65010000 		.4byte	.LASF92
 969 05d4 0F       		.byte	0xf
 970 05d5 4F02     		.2byte	0x24f
 971 05d7 53050000 		.4byte	0x553
 972 05db 00       		.byte	0
 973 05dc 14       		.uleb128 0x14
 974 05dd 6B010000 		.4byte	.LASF93
 975 05e1 0F       		.byte	0xf
 976 05e2 5302     		.2byte	0x253
 977 05e4 79050000 		.4byte	0x579
 978 05e8 01       		.byte	0x1
 979 05e9 14       		.uleb128 0x14
 980 05ea 4B010000 		.4byte	.LASF94
 981 05ee 0F       		.byte	0xf
 982 05ef 5702     		.2byte	0x257
 983 05f1 9F050000 		.4byte	0x59f
 984 05f5 02       		.byte	0x2
 985 05f6 14       		.uleb128 0x14
 986 05f7 C5040000 		.4byte	.LASF95
 987 05fb 0F       		.byte	0xf
 988 05fc 5B02     		.2byte	0x25b
 989 05fe 37070000 		.4byte	0x737
 990 0602 04       		.byte	0x4
 991 0603 14       		.uleb128 0x14
 992 0604 12020000 		.4byte	.LASF96
 993 0608 0F       		.byte	0xf
 994 0609 6302     		.2byte	0x263
 995 060b 42070000 		.4byte	0x742
 996 060f 08       		.byte	0x8
 997 0610 14       		.uleb128 0x14
 998 0611 65050000 		.4byte	.LASF97
 999 0615 0F       		.byte	0xf
 1000 0616 6702     		.2byte	0x267
 1001 0618 18010000 		.4byte	0x118
 1002 061c 0C       		.byte	0xc
 1003 061d 14       		.uleb128 0x14
 1004 061e 00000000 		.4byte	.LASF98
 1005 0622 0F       		.byte	0xf
 1006 0623 6B02     		.2byte	0x26b
 1007 0625 2D050000 		.4byte	0x52d
 1008 0629 10       		.byte	0x10
 1009 062a 14       		.uleb128 0x14
 1010 062b C2010000 		.4byte	.LASF99
 1011 062f 0F       		.byte	0xf
 1012 0630 6F02     		.2byte	0x26f
 1013 0632 2D050000 		.4byte	0x52d
 1014 0636 14       		.byte	0x14
 1015 0637 14       		.uleb128 0x14
 1016 0638 DB000000 		.4byte	.LASF100
 1017 063c 0F       		.byte	0xf
 1018 063d 7302     		.2byte	0x273
 1019 063f B3030000 		.4byte	0x3b3
 1020 0643 18       		.byte	0x18
 1021 0644 00       		.byte	0
ARM GAS  /tmp/ccbMtfMq.s 			page 19


 1022 0645 15       		.uleb128 0x15
 1023 0646 35050000 		.4byte	.LASF101
 1024 064a 0F       		.byte	0xf
 1025 064b 0A02     		.2byte	0x20a
 1026 064d 51060000 		.4byte	0x651
 1027 0651 06       		.uleb128 0x6
 1028 0652 04       		.byte	0x4
 1029 0653 57060000 		.4byte	0x657
 1030 0657 18       		.uleb128 0x18
 1031 0658 62060000 		.4byte	0x662
 1032 065c 19       		.uleb128 0x19
 1033 065d 62060000 		.4byte	0x662
 1034 0661 00       		.byte	0
 1035 0662 06       		.uleb128 0x6
 1036 0663 04       		.byte	0x4
 1037 0664 B6050000 		.4byte	0x5b6
 1038 0668 15       		.uleb128 0x15
 1039 0669 52040000 		.4byte	.LASF102
 1040 066d 0F       		.byte	0xf
 1041 066e 1202     		.2byte	0x212
 1042 0670 74060000 		.4byte	0x674
 1043 0674 06       		.uleb128 0x6
 1044 0675 04       		.byte	0x4
 1045 0676 7A060000 		.4byte	0x67a
 1046 067a 18       		.uleb128 0x18
 1047 067b 8A060000 		.4byte	0x68a
 1048 067f 19       		.uleb128 0x19
 1049 0680 62060000 		.4byte	0x662
 1050 0684 19       		.uleb128 0x19
 1051 0685 02010000 		.4byte	0x102
 1052 0689 00       		.byte	0
 1053 068a 15       		.uleb128 0x15
 1054 068b 3C020000 		.4byte	.LASF103
 1055 068f 0F       		.byte	0xf
 1056 0690 1A02     		.2byte	0x21a
 1057 0692 96060000 		.4byte	0x696
 1058 0696 06       		.uleb128 0x6
 1059 0697 04       		.byte	0x4
 1060 0698 9C060000 		.4byte	0x69c
 1061 069c 18       		.uleb128 0x18
 1062 069d AC060000 		.4byte	0x6ac
 1063 06a1 19       		.uleb128 0x19
 1064 06a2 62060000 		.4byte	0x662
 1065 06a6 19       		.uleb128 0x19
 1066 06a7 AA050000 		.4byte	0x5aa
 1067 06ab 00       		.byte	0
 1068 06ac 13       		.uleb128 0x13
 1069 06ad 20       		.byte	0x20
 1070 06ae 0F       		.byte	0xf
 1071 06af 2002     		.2byte	0x220
 1072 06b1 2B070000 		.4byte	0x72b
 1073 06b5 14       		.uleb128 0x14
 1074 06b6 E4040000 		.4byte	.LASF104
 1075 06ba 0F       		.byte	0xf
 1076 06bb 2402     		.2byte	0x224
 1077 06bd 45060000 		.4byte	0x645
 1078 06c1 00       		.byte	0
ARM GAS  /tmp/ccbMtfMq.s 			page 20


 1079 06c2 14       		.uleb128 0x14
 1080 06c3 95030000 		.4byte	.LASF105
 1081 06c7 0F       		.byte	0xf
 1082 06c8 2802     		.2byte	0x228
 1083 06ca 45060000 		.4byte	0x645
 1084 06ce 04       		.byte	0x4
 1085 06cf 14       		.uleb128 0x14
 1086 06d0 23030000 		.4byte	.LASF106
 1087 06d4 0F       		.byte	0xf
 1088 06d5 2C02     		.2byte	0x22c
 1089 06d7 45060000 		.4byte	0x645
 1090 06db 08       		.byte	0x8
 1091 06dc 14       		.uleb128 0x14
 1092 06dd 0D000000 		.4byte	.LASF107
 1093 06e1 0F       		.byte	0xf
 1094 06e2 3002     		.2byte	0x230
 1095 06e4 68060000 		.4byte	0x668
 1096 06e8 0C       		.byte	0xc
 1097 06e9 14       		.uleb128 0x14
 1098 06ea 01030000 		.4byte	.LASF108
 1099 06ee 0F       		.byte	0xf
 1100 06ef 3402     		.2byte	0x234
 1101 06f1 8A060000 		.4byte	0x68a
 1102 06f5 10       		.byte	0x10
 1103 06f6 14       		.uleb128 0x14
 1104 06f7 74050000 		.4byte	.LASF109
 1105 06fb 0F       		.byte	0xf
 1106 06fc 3902     		.2byte	0x239
 1107 06fe 18010000 		.4byte	0x118
 1108 0702 14       		.byte	0x14
 1109 0703 0F       		.uleb128 0xf
 1110 0704 63723100 		.ascii	"cr1\000"
 1111 0708 0F       		.byte	0xf
 1112 0709 3D02     		.2byte	0x23d
 1113 070b 02010000 		.4byte	0x102
 1114 070f 18       		.byte	0x18
 1115 0710 0F       		.uleb128 0xf
 1116 0711 63723200 		.ascii	"cr2\000"
 1117 0715 0F       		.byte	0xf
 1118 0716 4102     		.2byte	0x241
 1119 0718 02010000 		.4byte	0x102
 1120 071c 1A       		.byte	0x1a
 1121 071d 0F       		.uleb128 0xf
 1122 071e 63723300 		.ascii	"cr3\000"
 1123 0722 0F       		.byte	0xf
 1124 0723 4502     		.2byte	0x245
 1125 0725 02010000 		.4byte	0x102
 1126 0729 1C       		.byte	0x1c
 1127 072a 00       		.byte	0
 1128 072b 15       		.uleb128 0x15
 1129 072c 08010000 		.4byte	.LASF110
 1130 0730 0F       		.byte	0xf
 1131 0731 4602     		.2byte	0x246
 1132 0733 AC060000 		.4byte	0x6ac
 1133 0737 06       		.uleb128 0x6
 1134 0738 04       		.byte	0x4
 1135 0739 3D070000 		.4byte	0x73d
ARM GAS  /tmp/ccbMtfMq.s 			page 21


 1136 073d 07       		.uleb128 0x7
 1137 073e 2B070000 		.4byte	0x72b
 1138 0742 06       		.uleb128 0x6
 1139 0743 04       		.byte	0x4
 1140 0744 C5040000 		.4byte	0x4c5
 1141 0748 1A       		.uleb128 0x1a
 1142 0749 CB020000 		.4byte	.LASF111
 1143 074d 01       		.byte	0x1
 1144 074e 1E       		.byte	0x1e
 1145 074f 00000000 		.4byte	.LFB56
 1146 0753 26000000 		.4byte	.LFE56-.LFB56
 1147 0757 01       		.uleb128 0x1
 1148 0758 9C       		.byte	0x9c
 1149 0759 A8070000 		.4byte	0x7a8
 1150 075d 1B       		.uleb128 0x1b
 1151 075e 73747200 		.ascii	"str\000"
 1152 0762 01       		.byte	0x1
 1153 0763 1E       		.byte	0x1e
 1154 0764 AB000000 		.4byte	0xab
 1155 0768 00000000 		.4byte	.LLST0
 1156 076c 1C       		.uleb128 0x1c
 1157 076d 6900     		.ascii	"i\000"
 1158 076f 01       		.byte	0x1
 1159 0770 20       		.byte	0x20
 1160 0771 30000000 		.4byte	0x30
 1161 0775 1E000000 		.4byte	.LLST1
 1162 0779 1C       		.uleb128 0x1c
 1163 077a 6C656E00 		.ascii	"len\000"
 1164 077e 01       		.byte	0x1
 1165 077f 21       		.byte	0x21
 1166 0780 30000000 		.4byte	0x30
 1167 0784 63000000 		.4byte	.LLST2
 1168 0788 1C       		.uleb128 0x1c
 1169 0789 746D7000 		.ascii	"tmp\000"
 1170 078d 01       		.byte	0x1
 1171 078e 22       		.byte	0x22
 1172 078f B1000000 		.4byte	0xb1
 1173 0793 76000000 		.4byte	.LLST3
 1174 0797 1D       		.uleb128 0x1d
 1175 0798 08000000 		.4byte	.LVL1
 1176 079c E1080000 		.4byte	0x8e1
 1177 07a0 1E       		.uleb128 0x1e
 1178 07a1 01       		.uleb128 0x1
 1179 07a2 50       		.byte	0x50
 1180 07a3 02       		.uleb128 0x2
 1181 07a4 75       		.byte	0x75
 1182 07a5 00       		.sleb128 0
 1183 07a6 00       		.byte	0
 1184 07a7 00       		.byte	0
 1185 07a8 1F       		.uleb128 0x1f
 1186 07a9 45050000 		.4byte	.LASF124
 1187 07ad 01       		.byte	0x1
 1188 07ae 2B       		.byte	0x2b
 1189 07af 37000000 		.4byte	0x37
 1190 07b3 00000000 		.4byte	.LFB57
 1191 07b7 46000000 		.4byte	.LFE57-.LFB57
 1192 07bb 01       		.uleb128 0x1
ARM GAS  /tmp/ccbMtfMq.s 			page 22


 1193 07bc 9C       		.byte	0x9c
 1194 07bd 0D080000 		.4byte	0x80d
 1195 07c1 1B       		.uleb128 0x1b
 1196 07c2 74677400 		.ascii	"tgt\000"
 1197 07c6 01       		.byte	0x1
 1198 07c7 2B       		.byte	0x2b
 1199 07c8 AB000000 		.4byte	0xab
 1200 07cc 95000000 		.4byte	.LLST4
 1201 07d0 1B       		.uleb128 0x1b
 1202 07d1 6D617800 		.ascii	"max\000"
 1203 07d5 01       		.byte	0x1
 1204 07d6 2B       		.byte	0x2b
 1205 07d7 25000000 		.4byte	0x25
 1206 07db C1000000 		.4byte	.LLST5
 1207 07df 1B       		.uleb128 0x1b
 1208 07e0 76616C00 		.ascii	"val\000"
 1209 07e4 01       		.byte	0x1
 1210 07e5 2B       		.byte	0x2b
 1211 07e6 30000000 		.4byte	0x30
 1212 07ea EF000000 		.4byte	.LLST6
 1213 07ee 1C       		.uleb128 0x1c
 1214 07ef 6900     		.ascii	"i\000"
 1215 07f1 01       		.byte	0x1
 1216 07f2 2D       		.byte	0x2d
 1217 07f3 30000000 		.4byte	0x30
 1218 07f7 18010000 		.4byte	.LLST7
 1219 07fb 1D       		.uleb128 0x1d
 1220 07fc 3C000000 		.4byte	.LVL18
 1221 0800 48070000 		.4byte	0x748
 1222 0804 1E       		.uleb128 0x1e
 1223 0805 01       		.uleb128 0x1
 1224 0806 50       		.byte	0x50
 1225 0807 03       		.uleb128 0x3
 1226 0808 F3       		.byte	0xf3
 1227 0809 01       		.uleb128 0x1
 1228 080a 50       		.byte	0x50
 1229 080b 00       		.byte	0
 1230 080c 00       		.byte	0
 1231 080d 1A       		.uleb128 0x1a
 1232 080e DF030000 		.4byte	.LASF112
 1233 0812 01       		.byte	0x1
 1234 0813 39       		.byte	0x39
 1235 0814 00000000 		.4byte	.LFB58
 1236 0818 48000000 		.4byte	.LFE58-.LFB58
 1237 081c 01       		.uleb128 0x1
 1238 081d 9C       		.byte	0x9c
 1239 081e AE080000 		.4byte	0x8ae
 1240 0822 20       		.uleb128 0x20
 1241 0823 16040000 		.4byte	.LASF113
 1242 0827 01       		.byte	0x1
 1243 0828 39       		.byte	0x39
 1244 0829 B8000000 		.4byte	0xb8
 1245 082d 02       		.uleb128 0x2
 1246 082e 91       		.byte	0x91
 1247 082f 70       		.sleb128 -16
 1248 0830 21       		.uleb128 0x21
 1249 0831 22       		.uleb128 0x22
ARM GAS  /tmp/ccbMtfMq.s 			page 23


 1250 0832 2C030000 		.4byte	.LASF114
 1251 0836 01       		.byte	0x1
 1252 0837 3B       		.byte	0x3b
 1253 0838 AE080000 		.4byte	0x8ae
 1254 083c 03       		.uleb128 0x3
 1255 083d 91       		.byte	0x91
 1256 083e 847F     		.sleb128 -124
 1257 0840 23       		.uleb128 0x23
 1258 0841 61726700 		.ascii	"arg\000"
 1259 0845 01       		.byte	0x1
 1260 0846 3C       		.byte	0x3c
 1261 0847 EC000000 		.4byte	0xec
 1262 084b 03       		.uleb128 0x3
 1263 084c 91       		.byte	0x91
 1264 084d 807F     		.sleb128 -128
 1265 084f 24       		.uleb128 0x24
 1266 0850 16000000 		.4byte	.LVL21
 1267 0854 F6080000 		.4byte	0x8f6
 1268 0858 71080000 		.4byte	0x871
 1269 085c 1E       		.uleb128 0x1e
 1270 085d 01       		.uleb128 0x1
 1271 085e 52       		.byte	0x52
 1272 085f 02       		.uleb128 0x2
 1273 0860 91       		.byte	0x91
 1274 0861 54       		.sleb128 -44
 1275 0862 1E       		.uleb128 0x1e
 1276 0863 01       		.uleb128 0x1
 1277 0864 51       		.byte	0x51
 1278 0865 03       		.uleb128 0x3
 1279 0866 91       		.byte	0x91
 1280 0867 50       		.sleb128 -48
 1281 0868 06       		.byte	0x6
 1282 0869 1E       		.uleb128 0x1e
 1283 086a 01       		.uleb128 0x1
 1284 086b 50       		.byte	0x50
 1285 086c 03       		.uleb128 0x3
 1286 086d 91       		.byte	0x91
 1287 086e E47E     		.sleb128 -156
 1288 0870 00       		.byte	0
 1289 0871 25       		.uleb128 0x25
 1290 0872 22000000 		.4byte	.LVL22
 1291 0876 15090000 		.4byte	0x915
 1292 087a 24       		.uleb128 0x24
 1293 087b 2A000000 		.4byte	.LVL23
 1294 087f E1080000 		.4byte	0x8e1
 1295 0883 8F080000 		.4byte	0x88f
 1296 0887 1E       		.uleb128 0x1e
 1297 0888 01       		.uleb128 0x1
 1298 0889 50       		.byte	0x50
 1299 088a 03       		.uleb128 0x3
 1300 088b 91       		.byte	0x91
 1301 088c E47E     		.sleb128 -156
 1302 088e 00       		.byte	0
 1303 088f 24       		.uleb128 0x24
 1304 0890 3A000000 		.4byte	.LVL24
 1305 0894 2A090000 		.4byte	0x92a
 1306 0898 A4080000 		.4byte	0x8a4
ARM GAS  /tmp/ccbMtfMq.s 			page 24


 1307 089c 1E       		.uleb128 0x1e
 1308 089d 01       		.uleb128 0x1
 1309 089e 52       		.byte	0x52
 1310 089f 03       		.uleb128 0x3
 1311 08a0 91       		.byte	0x91
 1312 08a1 E47E     		.sleb128 -156
 1313 08a3 00       		.byte	0
 1314 08a4 25       		.uleb128 0x25
 1315 08a5 3E000000 		.4byte	.LVL25
 1316 08a9 45090000 		.4byte	0x945
 1317 08ad 00       		.byte	0
 1318 08ae 26       		.uleb128 0x26
 1319 08af B1000000 		.4byte	0xb1
 1320 08b3 BE080000 		.4byte	0x8be
 1321 08b7 27       		.uleb128 0x27
 1322 08b8 A2000000 		.4byte	0xa2
 1323 08bc 63       		.byte	0x63
 1324 08bd 00       		.byte	0
 1325 08be 28       		.uleb128 0x28
 1326 08bf 13010000 		.4byte	.LASF115
 1327 08c3 10       		.byte	0x10
 1328 08c4 0706     		.2byte	0x607
 1329 08c6 B8030000 		.4byte	0x3b8
 1330 08ca 28       		.uleb128 0x28
 1331 08cb A7050000 		.4byte	.LASF116
 1332 08cf 0F       		.byte	0xf
 1333 08d0 8302     		.2byte	0x283
 1334 08d2 B6050000 		.4byte	0x5b6
 1335 08d6 29       		.uleb128 0x29
 1336 08d7 17050000 		.4byte	.LASF117
 1337 08db 01       		.byte	0x1
 1338 08dc 1B       		.byte	0x1b
 1339 08dd 6D030000 		.4byte	0x36d
 1340 08e1 2A       		.uleb128 0x2a
 1341 08e2 25020000 		.4byte	.LASF118
 1342 08e6 11       		.byte	0x11
 1343 08e7 21       		.byte	0x21
 1344 08e8 25000000 		.4byte	0x25
 1345 08ec F6080000 		.4byte	0x8f6
 1346 08f0 19       		.uleb128 0x19
 1347 08f1 B8000000 		.4byte	0xb8
 1348 08f5 00       		.byte	0
 1349 08f6 2A       		.uleb128 0x2a
 1350 08f7 1F050000 		.4byte	.LASF119
 1351 08fb 12       		.byte	0x12
 1352 08fc B7       		.byte	0xb7
 1353 08fd 37000000 		.4byte	0x37
 1354 0901 15090000 		.4byte	0x915
 1355 0905 19       		.uleb128 0x19
 1356 0906 AB000000 		.4byte	0xab
 1357 090a 19       		.uleb128 0x19
 1358 090b B8000000 		.4byte	0xb8
 1359 090f 19       		.uleb128 0x19
 1360 0910 CA000000 		.4byte	0xca
 1361 0914 00       		.byte	0
 1362 0915 2A       		.uleb128 0x2a
 1363 0916 BE020000 		.4byte	.LASF120
ARM GAS  /tmp/ccbMtfMq.s 			page 25


 1364 091a 0B       		.byte	0xb
 1365 091b 3B       		.byte	0x3b
 1366 091c 23010000 		.4byte	0x123
 1367 0920 2A090000 		.4byte	0x92a
 1368 0924 19       		.uleb128 0x19
 1369 0925 AD030000 		.4byte	0x3ad
 1370 0929 00       		.byte	0
 1371 092a 2B       		.uleb128 0x2b
 1372 092b A6010000 		.4byte	.LASF125
 1373 092f 0E       		.byte	0xe
 1374 0930 71       		.byte	0x71
 1375 0931 45090000 		.4byte	0x945
 1376 0935 19       		.uleb128 0x19
 1377 0936 62060000 		.4byte	0x662
 1378 093a 19       		.uleb128 0x19
 1379 093b 25000000 		.4byte	0x25
 1380 093f 19       		.uleb128 0x19
 1381 0940 C3000000 		.4byte	0xc3
 1382 0944 00       		.byte	0
 1383 0945 2C       		.uleb128 0x2c
 1384 0946 2E010000 		.4byte	.LASF126
 1385 094a 0B       		.byte	0xb
 1386 094b 3D       		.byte	0x3d
 1387 094c AD030000 		.4byte	0x3ad
 1388 0950 00       		.byte	0
 1389              		.section	.debug_abbrev,"",%progbits
 1390              	.Ldebug_abbrev0:
 1391 0000 01       		.uleb128 0x1
 1392 0001 11       		.uleb128 0x11
 1393 0002 01       		.byte	0x1
 1394 0003 25       		.uleb128 0x25
 1395 0004 0E       		.uleb128 0xe
 1396 0005 13       		.uleb128 0x13
 1397 0006 0B       		.uleb128 0xb
 1398 0007 03       		.uleb128 0x3
 1399 0008 0E       		.uleb128 0xe
 1400 0009 1B       		.uleb128 0x1b
 1401 000a 0E       		.uleb128 0xe
 1402 000b 55       		.uleb128 0x55
 1403 000c 17       		.uleb128 0x17
 1404 000d 11       		.uleb128 0x11
 1405 000e 01       		.uleb128 0x1
 1406 000f 10       		.uleb128 0x10
 1407 0010 17       		.uleb128 0x17
 1408 0011 00       		.byte	0
 1409 0012 00       		.byte	0
 1410 0013 02       		.uleb128 0x2
 1411 0014 16       		.uleb128 0x16
 1412 0015 00       		.byte	0
 1413 0016 03       		.uleb128 0x3
 1414 0017 0E       		.uleb128 0xe
 1415 0018 3A       		.uleb128 0x3a
 1416 0019 0B       		.uleb128 0xb
 1417 001a 3B       		.uleb128 0x3b
 1418 001b 0B       		.uleb128 0xb
 1419 001c 49       		.uleb128 0x49
 1420 001d 13       		.uleb128 0x13
ARM GAS  /tmp/ccbMtfMq.s 			page 26


 1421 001e 00       		.byte	0
 1422 001f 00       		.byte	0
 1423 0020 03       		.uleb128 0x3
 1424 0021 24       		.uleb128 0x24
 1425 0022 00       		.byte	0
 1426 0023 0B       		.uleb128 0xb
 1427 0024 0B       		.uleb128 0xb
 1428 0025 3E       		.uleb128 0x3e
 1429 0026 0B       		.uleb128 0xb
 1430 0027 03       		.uleb128 0x3
 1431 0028 0E       		.uleb128 0xe
 1432 0029 00       		.byte	0
 1433 002a 00       		.byte	0
 1434 002b 04       		.uleb128 0x4
 1435 002c 24       		.uleb128 0x24
 1436 002d 00       		.byte	0
 1437 002e 0B       		.uleb128 0xb
 1438 002f 0B       		.uleb128 0xb
 1439 0030 3E       		.uleb128 0x3e
 1440 0031 0B       		.uleb128 0xb
 1441 0032 03       		.uleb128 0x3
 1442 0033 08       		.uleb128 0x8
 1443 0034 00       		.byte	0
 1444 0035 00       		.byte	0
 1445 0036 05       		.uleb128 0x5
 1446 0037 0F       		.uleb128 0xf
 1447 0038 00       		.byte	0
 1448 0039 0B       		.uleb128 0xb
 1449 003a 0B       		.uleb128 0xb
 1450 003b 00       		.byte	0
 1451 003c 00       		.byte	0
 1452 003d 06       		.uleb128 0x6
 1453 003e 0F       		.uleb128 0xf
 1454 003f 00       		.byte	0
 1455 0040 0B       		.uleb128 0xb
 1456 0041 0B       		.uleb128 0xb
 1457 0042 49       		.uleb128 0x49
 1458 0043 13       		.uleb128 0x13
 1459 0044 00       		.byte	0
 1460 0045 00       		.byte	0
 1461 0046 07       		.uleb128 0x7
 1462 0047 26       		.uleb128 0x26
 1463 0048 00       		.byte	0
 1464 0049 49       		.uleb128 0x49
 1465 004a 13       		.uleb128 0x13
 1466 004b 00       		.byte	0
 1467 004c 00       		.byte	0
 1468 004d 08       		.uleb128 0x8
 1469 004e 26       		.uleb128 0x26
 1470 004f 00       		.byte	0
 1471 0050 00       		.byte	0
 1472 0051 00       		.byte	0
 1473 0052 09       		.uleb128 0x9
 1474 0053 13       		.uleb128 0x13
 1475 0054 01       		.byte	0x1
 1476 0055 03       		.uleb128 0x3
 1477 0056 0E       		.uleb128 0xe
ARM GAS  /tmp/ccbMtfMq.s 			page 27


 1478 0057 0B       		.uleb128 0xb
 1479 0058 0B       		.uleb128 0xb
 1480 0059 3A       		.uleb128 0x3a
 1481 005a 0B       		.uleb128 0xb
 1482 005b 3B       		.uleb128 0x3b
 1483 005c 0B       		.uleb128 0xb
 1484 005d 01       		.uleb128 0x1
 1485 005e 13       		.uleb128 0x13
 1486 005f 00       		.byte	0
 1487 0060 00       		.byte	0
 1488 0061 0A       		.uleb128 0xa
 1489 0062 0D       		.uleb128 0xd
 1490 0063 00       		.byte	0
 1491 0064 03       		.uleb128 0x3
 1492 0065 0E       		.uleb128 0xe
 1493 0066 49       		.uleb128 0x49
 1494 0067 13       		.uleb128 0x13
 1495 0068 38       		.uleb128 0x38
 1496 0069 0B       		.uleb128 0xb
 1497 006a 34       		.uleb128 0x34
 1498 006b 19       		.uleb128 0x19
 1499 006c 00       		.byte	0
 1500 006d 00       		.byte	0
 1501 006e 0B       		.uleb128 0xb
 1502 006f 0D       		.uleb128 0xd
 1503 0070 00       		.byte	0
 1504 0071 03       		.uleb128 0x3
 1505 0072 0E       		.uleb128 0xe
 1506 0073 3A       		.uleb128 0x3a
 1507 0074 0B       		.uleb128 0xb
 1508 0075 3B       		.uleb128 0x3b
 1509 0076 0B       		.uleb128 0xb
 1510 0077 49       		.uleb128 0x49
 1511 0078 13       		.uleb128 0x13
 1512 0079 38       		.uleb128 0x38
 1513 007a 0B       		.uleb128 0xb
 1514 007b 00       		.byte	0
 1515 007c 00       		.byte	0
 1516 007d 0C       		.uleb128 0xc
 1517 007e 0D       		.uleb128 0xd
 1518 007f 00       		.byte	0
 1519 0080 03       		.uleb128 0x3
 1520 0081 08       		.uleb128 0x8
 1521 0082 3A       		.uleb128 0x3a
 1522 0083 0B       		.uleb128 0xb
 1523 0084 3B       		.uleb128 0x3b
 1524 0085 0B       		.uleb128 0xb
 1525 0086 49       		.uleb128 0x49
 1526 0087 13       		.uleb128 0x13
 1527 0088 38       		.uleb128 0x38
 1528 0089 0B       		.uleb128 0xb
 1529 008a 00       		.byte	0
 1530 008b 00       		.byte	0
 1531 008c 0D       		.uleb128 0xd
 1532 008d 13       		.uleb128 0x13
 1533 008e 01       		.byte	0x1
 1534 008f 0B       		.uleb128 0xb
ARM GAS  /tmp/ccbMtfMq.s 			page 28


 1535 0090 0B       		.uleb128 0xb
 1536 0091 3A       		.uleb128 0x3a
 1537 0092 0B       		.uleb128 0xb
 1538 0093 3B       		.uleb128 0x3b
 1539 0094 0B       		.uleb128 0xb
 1540 0095 01       		.uleb128 0x1
 1541 0096 13       		.uleb128 0x13
 1542 0097 00       		.byte	0
 1543 0098 00       		.byte	0
 1544 0099 0E       		.uleb128 0xe
 1545 009a 13       		.uleb128 0x13
 1546 009b 01       		.byte	0x1
 1547 009c 03       		.uleb128 0x3
 1548 009d 0E       		.uleb128 0xe
 1549 009e 0B       		.uleb128 0xb
 1550 009f 0B       		.uleb128 0xb
 1551 00a0 3A       		.uleb128 0x3a
 1552 00a1 0B       		.uleb128 0xb
 1553 00a2 3B       		.uleb128 0x3b
 1554 00a3 05       		.uleb128 0x5
 1555 00a4 01       		.uleb128 0x1
 1556 00a5 13       		.uleb128 0x13
 1557 00a6 00       		.byte	0
 1558 00a7 00       		.byte	0
 1559 00a8 0F       		.uleb128 0xf
 1560 00a9 0D       		.uleb128 0xd
 1561 00aa 00       		.byte	0
 1562 00ab 03       		.uleb128 0x3
 1563 00ac 08       		.uleb128 0x8
 1564 00ad 3A       		.uleb128 0x3a
 1565 00ae 0B       		.uleb128 0xb
 1566 00af 3B       		.uleb128 0x3b
 1567 00b0 05       		.uleb128 0x5
 1568 00b1 49       		.uleb128 0x49
 1569 00b2 13       		.uleb128 0x13
 1570 00b3 38       		.uleb128 0x38
 1571 00b4 0B       		.uleb128 0xb
 1572 00b5 00       		.byte	0
 1573 00b6 00       		.byte	0
 1574 00b7 10       		.uleb128 0x10
 1575 00b8 35       		.uleb128 0x35
 1576 00b9 00       		.byte	0
 1577 00ba 49       		.uleb128 0x49
 1578 00bb 13       		.uleb128 0x13
 1579 00bc 00       		.byte	0
 1580 00bd 00       		.byte	0
 1581 00be 11       		.uleb128 0x11
 1582 00bf 17       		.uleb128 0x17
 1583 00c0 01       		.byte	0x1
 1584 00c1 0B       		.uleb128 0xb
 1585 00c2 0B       		.uleb128 0xb
 1586 00c3 3A       		.uleb128 0x3a
 1587 00c4 0B       		.uleb128 0xb
 1588 00c5 3B       		.uleb128 0x3b
 1589 00c6 0B       		.uleb128 0xb
 1590 00c7 01       		.uleb128 0x1
 1591 00c8 13       		.uleb128 0x13
ARM GAS  /tmp/ccbMtfMq.s 			page 29


 1592 00c9 00       		.byte	0
 1593 00ca 00       		.byte	0
 1594 00cb 12       		.uleb128 0x12
 1595 00cc 0D       		.uleb128 0xd
 1596 00cd 00       		.byte	0
 1597 00ce 03       		.uleb128 0x3
 1598 00cf 0E       		.uleb128 0xe
 1599 00d0 3A       		.uleb128 0x3a
 1600 00d1 0B       		.uleb128 0xb
 1601 00d2 3B       		.uleb128 0x3b
 1602 00d3 0B       		.uleb128 0xb
 1603 00d4 49       		.uleb128 0x49
 1604 00d5 13       		.uleb128 0x13
 1605 00d6 00       		.byte	0
 1606 00d7 00       		.byte	0
 1607 00d8 13       		.uleb128 0x13
 1608 00d9 13       		.uleb128 0x13
 1609 00da 01       		.byte	0x1
 1610 00db 0B       		.uleb128 0xb
 1611 00dc 0B       		.uleb128 0xb
 1612 00dd 3A       		.uleb128 0x3a
 1613 00de 0B       		.uleb128 0xb
 1614 00df 3B       		.uleb128 0x3b
 1615 00e0 05       		.uleb128 0x5
 1616 00e1 01       		.uleb128 0x1
 1617 00e2 13       		.uleb128 0x13
 1618 00e3 00       		.byte	0
 1619 00e4 00       		.byte	0
 1620 00e5 14       		.uleb128 0x14
 1621 00e6 0D       		.uleb128 0xd
 1622 00e7 00       		.byte	0
 1623 00e8 03       		.uleb128 0x3
 1624 00e9 0E       		.uleb128 0xe
 1625 00ea 3A       		.uleb128 0x3a
 1626 00eb 0B       		.uleb128 0xb
 1627 00ec 3B       		.uleb128 0x3b
 1628 00ed 05       		.uleb128 0x5
 1629 00ee 49       		.uleb128 0x49
 1630 00ef 13       		.uleb128 0x13
 1631 00f0 38       		.uleb128 0x38
 1632 00f1 0B       		.uleb128 0xb
 1633 00f2 00       		.byte	0
 1634 00f3 00       		.byte	0
 1635 00f4 15       		.uleb128 0x15
 1636 00f5 16       		.uleb128 0x16
 1637 00f6 00       		.byte	0
 1638 00f7 03       		.uleb128 0x3
 1639 00f8 0E       		.uleb128 0xe
 1640 00f9 3A       		.uleb128 0x3a
 1641 00fa 0B       		.uleb128 0xb
 1642 00fb 3B       		.uleb128 0x3b
 1643 00fc 05       		.uleb128 0x5
 1644 00fd 49       		.uleb128 0x49
 1645 00fe 13       		.uleb128 0x13
 1646 00ff 00       		.byte	0
 1647 0100 00       		.byte	0
 1648 0101 16       		.uleb128 0x16
ARM GAS  /tmp/ccbMtfMq.s 			page 30


 1649 0102 04       		.uleb128 0x4
 1650 0103 01       		.byte	0x1
 1651 0104 0B       		.uleb128 0xb
 1652 0105 0B       		.uleb128 0xb
 1653 0106 3A       		.uleb128 0x3a
 1654 0107 0B       		.uleb128 0xb
 1655 0108 3B       		.uleb128 0x3b
 1656 0109 0B       		.uleb128 0xb
 1657 010a 01       		.uleb128 0x1
 1658 010b 13       		.uleb128 0x13
 1659 010c 00       		.byte	0
 1660 010d 00       		.byte	0
 1661 010e 17       		.uleb128 0x17
 1662 010f 28       		.uleb128 0x28
 1663 0110 00       		.byte	0
 1664 0111 03       		.uleb128 0x3
 1665 0112 0E       		.uleb128 0xe
 1666 0113 1C       		.uleb128 0x1c
 1667 0114 0D       		.uleb128 0xd
 1668 0115 00       		.byte	0
 1669 0116 00       		.byte	0
 1670 0117 18       		.uleb128 0x18
 1671 0118 15       		.uleb128 0x15
 1672 0119 01       		.byte	0x1
 1673 011a 27       		.uleb128 0x27
 1674 011b 19       		.uleb128 0x19
 1675 011c 01       		.uleb128 0x1
 1676 011d 13       		.uleb128 0x13
 1677 011e 00       		.byte	0
 1678 011f 00       		.byte	0
 1679 0120 19       		.uleb128 0x19
 1680 0121 05       		.uleb128 0x5
 1681 0122 00       		.byte	0
 1682 0123 49       		.uleb128 0x49
 1683 0124 13       		.uleb128 0x13
 1684 0125 00       		.byte	0
 1685 0126 00       		.byte	0
 1686 0127 1A       		.uleb128 0x1a
 1687 0128 2E       		.uleb128 0x2e
 1688 0129 01       		.byte	0x1
 1689 012a 3F       		.uleb128 0x3f
 1690 012b 19       		.uleb128 0x19
 1691 012c 03       		.uleb128 0x3
 1692 012d 0E       		.uleb128 0xe
 1693 012e 3A       		.uleb128 0x3a
 1694 012f 0B       		.uleb128 0xb
 1695 0130 3B       		.uleb128 0x3b
 1696 0131 0B       		.uleb128 0xb
 1697 0132 27       		.uleb128 0x27
 1698 0133 19       		.uleb128 0x19
 1699 0134 11       		.uleb128 0x11
 1700 0135 01       		.uleb128 0x1
 1701 0136 12       		.uleb128 0x12
 1702 0137 06       		.uleb128 0x6
 1703 0138 40       		.uleb128 0x40
 1704 0139 18       		.uleb128 0x18
 1705 013a 9742     		.uleb128 0x2117
ARM GAS  /tmp/ccbMtfMq.s 			page 31


 1706 013c 19       		.uleb128 0x19
 1707 013d 01       		.uleb128 0x1
 1708 013e 13       		.uleb128 0x13
 1709 013f 00       		.byte	0
 1710 0140 00       		.byte	0
 1711 0141 1B       		.uleb128 0x1b
 1712 0142 05       		.uleb128 0x5
 1713 0143 00       		.byte	0
 1714 0144 03       		.uleb128 0x3
 1715 0145 08       		.uleb128 0x8
 1716 0146 3A       		.uleb128 0x3a
 1717 0147 0B       		.uleb128 0xb
 1718 0148 3B       		.uleb128 0x3b
 1719 0149 0B       		.uleb128 0xb
 1720 014a 49       		.uleb128 0x49
 1721 014b 13       		.uleb128 0x13
 1722 014c 02       		.uleb128 0x2
 1723 014d 17       		.uleb128 0x17
 1724 014e 00       		.byte	0
 1725 014f 00       		.byte	0
 1726 0150 1C       		.uleb128 0x1c
 1727 0151 34       		.uleb128 0x34
 1728 0152 00       		.byte	0
 1729 0153 03       		.uleb128 0x3
 1730 0154 08       		.uleb128 0x8
 1731 0155 3A       		.uleb128 0x3a
 1732 0156 0B       		.uleb128 0xb
 1733 0157 3B       		.uleb128 0x3b
 1734 0158 0B       		.uleb128 0xb
 1735 0159 49       		.uleb128 0x49
 1736 015a 13       		.uleb128 0x13
 1737 015b 02       		.uleb128 0x2
 1738 015c 17       		.uleb128 0x17
 1739 015d 00       		.byte	0
 1740 015e 00       		.byte	0
 1741 015f 1D       		.uleb128 0x1d
 1742 0160 898201   		.uleb128 0x4109
 1743 0163 01       		.byte	0x1
 1744 0164 11       		.uleb128 0x11
 1745 0165 01       		.uleb128 0x1
 1746 0166 31       		.uleb128 0x31
 1747 0167 13       		.uleb128 0x13
 1748 0168 00       		.byte	0
 1749 0169 00       		.byte	0
 1750 016a 1E       		.uleb128 0x1e
 1751 016b 8A8201   		.uleb128 0x410a
 1752 016e 00       		.byte	0
 1753 016f 02       		.uleb128 0x2
 1754 0170 18       		.uleb128 0x18
 1755 0171 9142     		.uleb128 0x2111
 1756 0173 18       		.uleb128 0x18
 1757 0174 00       		.byte	0
 1758 0175 00       		.byte	0
 1759 0176 1F       		.uleb128 0x1f
 1760 0177 2E       		.uleb128 0x2e
 1761 0178 01       		.byte	0x1
 1762 0179 3F       		.uleb128 0x3f
ARM GAS  /tmp/ccbMtfMq.s 			page 32


 1763 017a 19       		.uleb128 0x19
 1764 017b 03       		.uleb128 0x3
 1765 017c 0E       		.uleb128 0xe
 1766 017d 3A       		.uleb128 0x3a
 1767 017e 0B       		.uleb128 0xb
 1768 017f 3B       		.uleb128 0x3b
 1769 0180 0B       		.uleb128 0xb
 1770 0181 27       		.uleb128 0x27
 1771 0182 19       		.uleb128 0x19
 1772 0183 49       		.uleb128 0x49
 1773 0184 13       		.uleb128 0x13
 1774 0185 11       		.uleb128 0x11
 1775 0186 01       		.uleb128 0x1
 1776 0187 12       		.uleb128 0x12
 1777 0188 06       		.uleb128 0x6
 1778 0189 40       		.uleb128 0x40
 1779 018a 18       		.uleb128 0x18
 1780 018b 9742     		.uleb128 0x2117
 1781 018d 19       		.uleb128 0x19
 1782 018e 01       		.uleb128 0x1
 1783 018f 13       		.uleb128 0x13
 1784 0190 00       		.byte	0
 1785 0191 00       		.byte	0
 1786 0192 20       		.uleb128 0x20
 1787 0193 05       		.uleb128 0x5
 1788 0194 00       		.byte	0
 1789 0195 03       		.uleb128 0x3
 1790 0196 0E       		.uleb128 0xe
 1791 0197 3A       		.uleb128 0x3a
 1792 0198 0B       		.uleb128 0xb
 1793 0199 3B       		.uleb128 0x3b
 1794 019a 0B       		.uleb128 0xb
 1795 019b 49       		.uleb128 0x49
 1796 019c 13       		.uleb128 0x13
 1797 019d 02       		.uleb128 0x2
 1798 019e 18       		.uleb128 0x18
 1799 019f 00       		.byte	0
 1800 01a0 00       		.byte	0
 1801 01a1 21       		.uleb128 0x21
 1802 01a2 18       		.uleb128 0x18
 1803 01a3 00       		.byte	0
 1804 01a4 00       		.byte	0
 1805 01a5 00       		.byte	0
 1806 01a6 22       		.uleb128 0x22
 1807 01a7 34       		.uleb128 0x34
 1808 01a8 00       		.byte	0
 1809 01a9 03       		.uleb128 0x3
 1810 01aa 0E       		.uleb128 0xe
 1811 01ab 3A       		.uleb128 0x3a
 1812 01ac 0B       		.uleb128 0xb
 1813 01ad 3B       		.uleb128 0x3b
 1814 01ae 0B       		.uleb128 0xb
 1815 01af 49       		.uleb128 0x49
 1816 01b0 13       		.uleb128 0x13
 1817 01b1 02       		.uleb128 0x2
 1818 01b2 18       		.uleb128 0x18
 1819 01b3 00       		.byte	0
ARM GAS  /tmp/ccbMtfMq.s 			page 33


 1820 01b4 00       		.byte	0
 1821 01b5 23       		.uleb128 0x23
 1822 01b6 34       		.uleb128 0x34
 1823 01b7 00       		.byte	0
 1824 01b8 03       		.uleb128 0x3
 1825 01b9 08       		.uleb128 0x8
 1826 01ba 3A       		.uleb128 0x3a
 1827 01bb 0B       		.uleb128 0xb
 1828 01bc 3B       		.uleb128 0x3b
 1829 01bd 0B       		.uleb128 0xb
 1830 01be 49       		.uleb128 0x49
 1831 01bf 13       		.uleb128 0x13
 1832 01c0 02       		.uleb128 0x2
 1833 01c1 18       		.uleb128 0x18
 1834 01c2 00       		.byte	0
 1835 01c3 00       		.byte	0
 1836 01c4 24       		.uleb128 0x24
 1837 01c5 898201   		.uleb128 0x4109
 1838 01c8 01       		.byte	0x1
 1839 01c9 11       		.uleb128 0x11
 1840 01ca 01       		.uleb128 0x1
 1841 01cb 31       		.uleb128 0x31
 1842 01cc 13       		.uleb128 0x13
 1843 01cd 01       		.uleb128 0x1
 1844 01ce 13       		.uleb128 0x13
 1845 01cf 00       		.byte	0
 1846 01d0 00       		.byte	0
 1847 01d1 25       		.uleb128 0x25
 1848 01d2 898201   		.uleb128 0x4109
 1849 01d5 00       		.byte	0
 1850 01d6 11       		.uleb128 0x11
 1851 01d7 01       		.uleb128 0x1
 1852 01d8 31       		.uleb128 0x31
 1853 01d9 13       		.uleb128 0x13
 1854 01da 00       		.byte	0
 1855 01db 00       		.byte	0
 1856 01dc 26       		.uleb128 0x26
 1857 01dd 01       		.uleb128 0x1
 1858 01de 01       		.byte	0x1
 1859 01df 49       		.uleb128 0x49
 1860 01e0 13       		.uleb128 0x13
 1861 01e1 01       		.uleb128 0x1
 1862 01e2 13       		.uleb128 0x13
 1863 01e3 00       		.byte	0
 1864 01e4 00       		.byte	0
 1865 01e5 27       		.uleb128 0x27
 1866 01e6 21       		.uleb128 0x21
 1867 01e7 00       		.byte	0
 1868 01e8 49       		.uleb128 0x49
 1869 01e9 13       		.uleb128 0x13
 1870 01ea 2F       		.uleb128 0x2f
 1871 01eb 0B       		.uleb128 0xb
 1872 01ec 00       		.byte	0
 1873 01ed 00       		.byte	0
 1874 01ee 28       		.uleb128 0x28
 1875 01ef 34       		.uleb128 0x34
 1876 01f0 00       		.byte	0
ARM GAS  /tmp/ccbMtfMq.s 			page 34


 1877 01f1 03       		.uleb128 0x3
 1878 01f2 0E       		.uleb128 0xe
 1879 01f3 3A       		.uleb128 0x3a
 1880 01f4 0B       		.uleb128 0xb
 1881 01f5 3B       		.uleb128 0x3b
 1882 01f6 05       		.uleb128 0x5
 1883 01f7 49       		.uleb128 0x49
 1884 01f8 13       		.uleb128 0x13
 1885 01f9 3F       		.uleb128 0x3f
 1886 01fa 19       		.uleb128 0x19
 1887 01fb 3C       		.uleb128 0x3c
 1888 01fc 19       		.uleb128 0x19
 1889 01fd 00       		.byte	0
 1890 01fe 00       		.byte	0
 1891 01ff 29       		.uleb128 0x29
 1892 0200 34       		.uleb128 0x34
 1893 0201 00       		.byte	0
 1894 0202 03       		.uleb128 0x3
 1895 0203 0E       		.uleb128 0xe
 1896 0204 3A       		.uleb128 0x3a
 1897 0205 0B       		.uleb128 0xb
 1898 0206 3B       		.uleb128 0x3b
 1899 0207 0B       		.uleb128 0xb
 1900 0208 49       		.uleb128 0x49
 1901 0209 13       		.uleb128 0x13
 1902 020a 3F       		.uleb128 0x3f
 1903 020b 19       		.uleb128 0x19
 1904 020c 3C       		.uleb128 0x3c
 1905 020d 19       		.uleb128 0x19
 1906 020e 00       		.byte	0
 1907 020f 00       		.byte	0
 1908 0210 2A       		.uleb128 0x2a
 1909 0211 2E       		.uleb128 0x2e
 1910 0212 01       		.byte	0x1
 1911 0213 3F       		.uleb128 0x3f
 1912 0214 19       		.uleb128 0x19
 1913 0215 03       		.uleb128 0x3
 1914 0216 0E       		.uleb128 0xe
 1915 0217 3A       		.uleb128 0x3a
 1916 0218 0B       		.uleb128 0xb
 1917 0219 3B       		.uleb128 0x3b
 1918 021a 0B       		.uleb128 0xb
 1919 021b 27       		.uleb128 0x27
 1920 021c 19       		.uleb128 0x19
 1921 021d 49       		.uleb128 0x49
 1922 021e 13       		.uleb128 0x13
 1923 021f 3C       		.uleb128 0x3c
 1924 0220 19       		.uleb128 0x19
 1925 0221 01       		.uleb128 0x1
 1926 0222 13       		.uleb128 0x13
 1927 0223 00       		.byte	0
 1928 0224 00       		.byte	0
 1929 0225 2B       		.uleb128 0x2b
 1930 0226 2E       		.uleb128 0x2e
 1931 0227 01       		.byte	0x1
 1932 0228 3F       		.uleb128 0x3f
 1933 0229 19       		.uleb128 0x19
ARM GAS  /tmp/ccbMtfMq.s 			page 35


 1934 022a 03       		.uleb128 0x3
 1935 022b 0E       		.uleb128 0xe
 1936 022c 3A       		.uleb128 0x3a
 1937 022d 0B       		.uleb128 0xb
 1938 022e 3B       		.uleb128 0x3b
 1939 022f 0B       		.uleb128 0xb
 1940 0230 27       		.uleb128 0x27
 1941 0231 19       		.uleb128 0x19
 1942 0232 3C       		.uleb128 0x3c
 1943 0233 19       		.uleb128 0x19
 1944 0234 01       		.uleb128 0x1
 1945 0235 13       		.uleb128 0x13
 1946 0236 00       		.byte	0
 1947 0237 00       		.byte	0
 1948 0238 2C       		.uleb128 0x2c
 1949 0239 2E       		.uleb128 0x2e
 1950 023a 00       		.byte	0
 1951 023b 3F       		.uleb128 0x3f
 1952 023c 19       		.uleb128 0x19
 1953 023d 03       		.uleb128 0x3
 1954 023e 0E       		.uleb128 0xe
 1955 023f 3A       		.uleb128 0x3a
 1956 0240 0B       		.uleb128 0xb
 1957 0241 3B       		.uleb128 0x3b
 1958 0242 0B       		.uleb128 0xb
 1959 0243 27       		.uleb128 0x27
 1960 0244 19       		.uleb128 0x19
 1961 0245 49       		.uleb128 0x49
 1962 0246 13       		.uleb128 0x13
 1963 0247 3C       		.uleb128 0x3c
 1964 0248 19       		.uleb128 0x19
 1965 0249 00       		.byte	0
 1966 024a 00       		.byte	0
 1967 024b 00       		.byte	0
 1968              		.section	.debug_loc,"",%progbits
 1969              	.Ldebug_loc0:
 1970              	.LLST0:
 1971 0000 00000000 		.4byte	.LVL0
 1972 0004 07000000 		.4byte	.LVL1-1
 1973 0008 0100     		.2byte	0x1
 1974 000a 50       		.byte	0x50
 1975 000b 07000000 		.4byte	.LVL1-1
 1976 000f 26000000 		.4byte	.LFE56
 1977 0013 0100     		.2byte	0x1
 1978 0015 55       		.byte	0x55
 1979 0016 00000000 		.4byte	0
 1980 001a 00000000 		.4byte	0
 1981              	.LLST1:
 1982 001e 08000000 		.4byte	.LVL1
 1983 0022 12000000 		.4byte	.LVL3
 1984 0026 0200     		.2byte	0x2
 1985 0028 30       		.byte	0x30
 1986 0029 9F       		.byte	0x9f
 1987 002a 12000000 		.4byte	.LVL3
 1988 002e 1C000000 		.4byte	.LVL5
 1989 0032 0600     		.2byte	0x6
 1990 0034 73       		.byte	0x73
ARM GAS  /tmp/ccbMtfMq.s 			page 36


 1991 0035 00       		.sleb128 0
 1992 0036 75       		.byte	0x75
 1993 0037 00       		.sleb128 0
 1994 0038 1C       		.byte	0x1c
 1995 0039 9F       		.byte	0x9f
 1996 003a 1C000000 		.4byte	.LVL5
 1997 003e 22000000 		.4byte	.LVL6
 1998 0042 0700     		.2byte	0x7
 1999 0044 75       		.byte	0x75
 2000 0045 00       		.sleb128 0
 2001 0046 20       		.byte	0x20
 2002 0047 73       		.byte	0x73
 2003 0048 00       		.sleb128 0
 2004 0049 22       		.byte	0x22
 2005 004a 9F       		.byte	0x9f
 2006 004b 22000000 		.4byte	.LVL6
 2007 004f 24000000 		.4byte	.LVL7
 2008 0053 0600     		.2byte	0x6
 2009 0055 73       		.byte	0x73
 2010 0056 00       		.sleb128 0
 2011 0057 75       		.byte	0x75
 2012 0058 00       		.sleb128 0
 2013 0059 1C       		.byte	0x1c
 2014 005a 9F       		.byte	0x9f
 2015 005b 00000000 		.4byte	0
 2016 005f 00000000 		.4byte	0
 2017              	.LLST2:
 2018 0063 08000000 		.4byte	.LVL1
 2019 0067 10000000 		.4byte	.LVL2
 2020 006b 0100     		.2byte	0x1
 2021 006d 50       		.byte	0x50
 2022 006e 00000000 		.4byte	0
 2023 0072 00000000 		.4byte	0
 2024              	.LLST3:
 2025 0076 18000000 		.4byte	.LVL4
 2026 007a 1C000000 		.4byte	.LVL5
 2027 007e 0200     		.2byte	0x2
 2028 0080 73       		.byte	0x73
 2029 0081 00       		.sleb128 0
 2030 0082 1C000000 		.4byte	.LVL5
 2031 0086 24000000 		.4byte	.LVL7
 2032 008a 0100     		.2byte	0x1
 2033 008c 52       		.byte	0x52
 2034 008d 00000000 		.4byte	0
 2035 0091 00000000 		.4byte	0
 2036              	.LLST4:
 2037 0095 00000000 		.4byte	.LVL8
 2038 0099 3B000000 		.4byte	.LVL18-1
 2039 009d 0100     		.2byte	0x1
 2040 009f 50       		.byte	0x50
 2041 00a0 3B000000 		.4byte	.LVL18-1
 2042 00a4 40000000 		.4byte	.LVL19
 2043 00a8 0400     		.2byte	0x4
 2044 00aa F3       		.byte	0xf3
 2045 00ab 01       		.uleb128 0x1
 2046 00ac 50       		.byte	0x50
 2047 00ad 9F       		.byte	0x9f
ARM GAS  /tmp/ccbMtfMq.s 			page 37


 2048 00ae 40000000 		.4byte	.LVL19
 2049 00b2 46000000 		.4byte	.LFE57
 2050 00b6 0100     		.2byte	0x1
 2051 00b8 50       		.byte	0x50
 2052 00b9 00000000 		.4byte	0
 2053 00bd 00000000 		.4byte	0
 2054              	.LLST5:
 2055 00c1 00000000 		.4byte	.LVL8
 2056 00c5 02000000 		.4byte	.LVL9
 2057 00c9 0100     		.2byte	0x1
 2058 00cb 51       		.byte	0x51
 2059 00cc 02000000 		.4byte	.LVL9
 2060 00d0 3B000000 		.4byte	.LVL18-1
 2061 00d4 0300     		.2byte	0x3
 2062 00d6 71       		.byte	0x71
 2063 00d7 01       		.sleb128 1
 2064 00d8 9F       		.byte	0x9f
 2065 00d9 3B000000 		.4byte	.LVL18-1
 2066 00dd 46000000 		.4byte	.LFE57
 2067 00e1 0400     		.2byte	0x4
 2068 00e3 F3       		.byte	0xf3
 2069 00e4 01       		.uleb128 0x1
 2070 00e5 51       		.byte	0x51
 2071 00e6 9F       		.byte	0x9f
 2072 00e7 00000000 		.4byte	0
 2073 00eb 00000000 		.4byte	0
 2074              	.LLST6:
 2075 00ef 00000000 		.4byte	.LVL8
 2076 00f3 24000000 		.4byte	.LVL12
 2077 00f7 0100     		.2byte	0x1
 2078 00f9 52       		.byte	0x52
 2079 00fa 2E000000 		.4byte	.LVL14
 2080 00fe 36000000 		.4byte	.LVL17
 2081 0102 0100     		.2byte	0x1
 2082 0104 52       		.byte	0x52
 2083 0105 40000000 		.4byte	.LVL19
 2084 0109 46000000 		.4byte	.LFE57
 2085 010d 0100     		.2byte	0x1
 2086 010f 52       		.byte	0x52
 2087 0110 00000000 		.4byte	0
 2088 0114 00000000 		.4byte	0
 2089              	.LLST7:
 2090 0118 00000000 		.4byte	.LVL8
 2091 011c 14000000 		.4byte	.LVL10
 2092 0120 0200     		.2byte	0x2
 2093 0122 30       		.byte	0x30
 2094 0123 9F       		.byte	0x9f
 2095 0124 14000000 		.4byte	.LVL10
 2096 0128 2A000000 		.4byte	.LVL13
 2097 012c 0100     		.2byte	0x1
 2098 012e 53       		.byte	0x53
 2099 012f 2A000000 		.4byte	.LVL13
 2100 0133 2E000000 		.4byte	.LVL14
 2101 0137 0300     		.2byte	0x3
 2102 0139 73       		.byte	0x73
 2103 013a 7F       		.sleb128 -1
 2104 013b 9F       		.byte	0x9f
ARM GAS  /tmp/ccbMtfMq.s 			page 38


 2105 013c 2E000000 		.4byte	.LVL14
 2106 0140 32000000 		.4byte	.LVL15
 2107 0144 0100     		.2byte	0x1
 2108 0146 53       		.byte	0x53
 2109 0147 32000000 		.4byte	.LVL15
 2110 014b 34000000 		.4byte	.LVL16
 2111 014f 0300     		.2byte	0x3
 2112 0151 73       		.byte	0x73
 2113 0152 7F       		.sleb128 -1
 2114 0153 9F       		.byte	0x9f
 2115 0154 40000000 		.4byte	.LVL19
 2116 0158 46000000 		.4byte	.LFE57
 2117 015c 0200     		.2byte	0x2
 2118 015e 30       		.byte	0x30
 2119 015f 9F       		.byte	0x9f
 2120 0160 00000000 		.4byte	0
 2121 0164 00000000 		.4byte	0
 2122              		.section	.debug_aranges,"",%progbits
 2123 0000 2C000000 		.4byte	0x2c
 2124 0004 0200     		.2byte	0x2
 2125 0006 00000000 		.4byte	.Ldebug_info0
 2126 000a 04       		.byte	0x4
 2127 000b 00       		.byte	0
 2128 000c 0000     		.2byte	0
 2129 000e 0000     		.2byte	0
 2130 0010 00000000 		.4byte	.LFB56
 2131 0014 26000000 		.4byte	.LFE56-.LFB56
 2132 0018 00000000 		.4byte	.LFB57
 2133 001c 46000000 		.4byte	.LFE57-.LFB57
 2134 0020 00000000 		.4byte	.LFB58
 2135 0024 48000000 		.4byte	.LFE58-.LFB58
 2136 0028 00000000 		.4byte	0
 2137 002c 00000000 		.4byte	0
 2138              		.section	.debug_ranges,"",%progbits
 2139              	.Ldebug_ranges0:
 2140 0000 00000000 		.4byte	.LFB56
 2141 0004 26000000 		.4byte	.LFE56
 2142 0008 00000000 		.4byte	.LFB57
 2143 000c 46000000 		.4byte	.LFE57
 2144 0010 00000000 		.4byte	.LFB58
 2145 0014 48000000 		.4byte	.LFE58
 2146 0018 00000000 		.4byte	0
 2147 001c 00000000 		.4byte	0
 2148              		.section	.debug_line,"",%progbits
 2149              	.Ldebug_line0:
 2150 0000 83020000 		.section	.debug_str,"MS",%progbits,1
 2150      02000102 
 2150      00000201 
 2150      FB0E0D00 
 2150      01010101 
 2151              	.LASF98:
 2152 0000 646D6172 		.ascii	"dmarx\000"
 2152      7800
 2153              	.LASF2:
 2154 0006 73697A65 		.ascii	"size_t\000"
 2154      5F7400
 2155              	.LASF107:
ARM GAS  /tmp/ccbMtfMq.s 			page 39


 2156 000d 72786368 		.ascii	"rxchar_cb\000"
 2156      61725F63 
 2156      6200
 2157              	.LASF3:
 2158 0017 5F5F7569 		.ascii	"__uint8_t\000"
 2158      6E74385F 
 2158      7400
 2159              	.LASF121:
 2160 0021 474E5520 		.ascii	"GNU C 4.8.2 -mcpu=cortex-m3 -mno-thumb-interwork -m"
 2160      4320342E 
 2160      382E3220 
 2160      2D6D6370 
 2160      753D636F 
 2161 0054 7468756D 		.ascii	"thumb -ggdb -O2 -fomit-frame-pointer -falign-functi"
 2161      62202D67 
 2161      67646220 
 2161      2D4F3220 
 2161      2D666F6D 
 2162 0087 6F6E733D 		.ascii	"ons=16 -ffunction-sections -fdata-sections -fno-com"
 2162      3136202D 
 2162      6666756E 
 2162      6374696F 
 2162      6E2D7365 
 2163 00ba 6D6F6E20 		.ascii	"mon -fno-strict-aliasing\000"
 2163      2D666E6F 
 2163      2D737472 
 2163      6963742D 
 2163      616C6961 
 2164              	.LASF17:
 2165 00d3 76615F6C 		.ascii	"va_list\000"
 2165      69737400 
 2166              	.LASF100:
 2167 00db 72786275 		.ascii	"rxbuf\000"
 2167      6600
 2168              	.LASF13:
 2169 00e1 6C6F6E67 		.ascii	"long long unsigned int\000"
 2169      206C6F6E 
 2169      6720756E 
 2169      7369676E 
 2169      65642069 
 2170              	.LASF56:
 2171 00f8 65786974 		.ascii	"exitcode\000"
 2171      636F6465 
 2171      00
 2172              	.LASF76:
 2173 0101 76656374 		.ascii	"vector\000"
 2173      6F7200
 2174              	.LASF110:
 2175 0108 55415254 		.ascii	"UARTConfig\000"
 2175      436F6E66 
 2175      696700
 2176              	.LASF115:
 2177 0113 49544D5F 		.ascii	"ITM_RxBuffer\000"
 2177      52784275 
 2177      66666572 
 2177      00
 2178              	.LASF22:
ARM GAS  /tmp/ccbMtfMq.s 			page 40


 2179 0120 626F6F6C 		.ascii	"bool_t\000"
 2179      5F7400
 2180              	.LASF34:
 2181 0127 705F7072 		.ascii	"p_prio\000"
 2181      696F00
 2182              	.LASF126:
 2183 012e 63684D74 		.ascii	"chMtxUnlock\000"
 2183      78556E6C 
 2183      6F636B00 
 2184              	.LASF1:
 2185 013a 7369676E 		.ascii	"signed char\000"
 2185      65642063 
 2185      68617200 
 2186              	.LASF69:
 2187 0146 47545052 		.ascii	"GTPR\000"
 2187      00
 2188              	.LASF94:
 2189 014b 72787374 		.ascii	"rxstate\000"
 2189      61746500 
 2190              	.LASF51:
 2191 0153 6D5F7175 		.ascii	"m_queue\000"
 2191      65756500 
 2192              	.LASF26:
 2193 015b 74736C69 		.ascii	"tslices_t\000"
 2193      6365735F 
 2193      7400
 2194              	.LASF92:
 2195 0165 73746174 		.ascii	"state\000"
 2195      6500
 2196              	.LASF93:
 2197 016b 74787374 		.ascii	"txstate\000"
 2197      61746500 
 2198              	.LASF9:
 2199 0173 6C6F6E67 		.ascii	"long int\000"
 2199      20696E74 
 2199      00
 2200              	.LASF25:
 2201 017c 74737461 		.ascii	"tstate_t\000"
 2201      74655F74 
 2201      00
 2202              	.LASF31:
 2203 0185 5F5F7661 		.ascii	"__va_list\000"
 2203      5F6C6973 
 2203      7400
 2204              	.LASF12:
 2205 018f 6C6F6E67 		.ascii	"long long int\000"
 2205      206C6F6E 
 2205      6720696E 
 2205      7400
 2206              	.LASF19:
 2207 019d 75696E74 		.ascii	"uint16_t\000"
 2207      31365F74 
 2207      00
 2208              	.LASF125:
 2209 01a6 75617274 		.ascii	"uartStartSend\000"
 2209      53746172 
 2209      7453656E 
ARM GAS  /tmp/ccbMtfMq.s 			page 41


 2209      6400
 2210              	.LASF89:
 2211 01b4 75617274 		.ascii	"uartrxstate_t\000"
 2211      72787374 
 2211      6174655F 
 2211      7400
 2212              	.LASF99:
 2213 01c2 646D6174 		.ascii	"dmatx\000"
 2213      7800
 2214              	.LASF91:
 2215 01c8 55415254 		.ascii	"UARTDriver\000"
 2215      44726976 
 2215      657200
 2216              	.LASF10:
 2217 01d3 5F5F7569 		.ascii	"__uint32_t\000"
 2217      6E743332 
 2217      5F7400
 2218              	.LASF47:
 2219 01de 72656761 		.ascii	"regarm_t\000"
 2219      726D5F74 
 2219      00
 2220              	.LASF75:
 2221 01e7 73656C66 		.ascii	"selfindex\000"
 2221      696E6465 
 2221      7800
 2222              	.LASF30:
 2223 01f1 54687265 		.ascii	"Thread\000"
 2223      616400
 2224              	.LASF80:
 2225 01f8 55415254 		.ascii	"UART_READY\000"
 2225      5F524541 
 2225      445900
 2226              	.LASF83:
 2227 0203 55415254 		.ascii	"UART_TX_ACTIVE\000"
 2227      5F54585F 
 2227      41435449 
 2227      564500
 2228              	.LASF96:
 2229 0212 75736172 		.ascii	"usart\000"
 2229      7400
 2230              	.LASF0:
 2231 0218 756E7369 		.ascii	"unsigned int\000"
 2231      676E6564 
 2231      20696E74 
 2231      00
 2232              	.LASF118:
 2233 0225 7374726C 		.ascii	"strlen\000"
 2233      656E00
 2234              	.LASF60:
 2235 022c 43504152 		.ascii	"CPAR\000"
 2235      00
 2236              	.LASF40:
 2237 0231 705F6D73 		.ascii	"p_msgqueue\000"
 2237      67717565 
 2237      756500
 2238              	.LASF103:
 2239 023c 75617274 		.ascii	"uartecb_t\000"
ARM GAS  /tmp/ccbMtfMq.s 			page 42


 2239      6563625F 
 2239      7400
 2240              	.LASF62:
 2241 0246 444D415F 		.ascii	"DMA_Channel_TypeDef\000"
 2241      4368616E 
 2241      6E656C5F 
 2241      54797065 
 2241      44656600 
 2242              	.LASF74:
 2243 025a 69736869 		.ascii	"ishift\000"
 2243      667400
 2244              	.LASF7:
 2245 0261 73686F72 		.ascii	"short unsigned int\000"
 2245      7420756E 
 2245      7369676E 
 2245      65642069 
 2245      6E7400
 2246              	.LASF78:
 2247 0274 55415254 		.ascii	"UART_UNINIT\000"
 2247      5F554E49 
 2247      4E495400 
 2248              	.LASF79:
 2249 0280 55415254 		.ascii	"UART_STOP\000"
 2249      5F53544F 
 2249      5000
 2250              	.LASF28:
 2251 028a 6D73675F 		.ascii	"msg_t\000"
 2251      7400
 2252              	.LASF71:
 2253 0290 55534152 		.ascii	"USART_TypeDef\000"
 2253      545F5479 
 2253      70654465 
 2253      6600
 2254              	.LASF24:
 2255 029e 746D6F64 		.ascii	"tmode_t\000"
 2255      655F7400 
 2256              	.LASF46:
 2257 02a6 54687265 		.ascii	"ThreadsList\000"
 2257      6164734C 
 2257      69737400 
 2258              	.LASF29:
 2259 02b2 6576656E 		.ascii	"eventmask_t\000"
 2259      746D6173 
 2259      6B5F7400 
 2260              	.LASF120:
 2261 02be 63684D74 		.ascii	"chMtxTryLock\000"
 2261      78547279 
 2261      4C6F636B 
 2261      00
 2262              	.LASF111:
 2263 02cb 73747272 		.ascii	"strrev\000"
 2263      657600
 2264              	.LASF14:
 2265 02d2 73697A65 		.ascii	"sizetype\000"
 2265      74797065 
 2265      00
 2266              	.LASF88:
ARM GAS  /tmp/ccbMtfMq.s 			page 43


 2267 02db 55415254 		.ascii	"UART_RX_COMPLETE\000"
 2267      5F52585F 
 2267      434F4D50 
 2267      4C455445 
 2267      00
 2268              	.LASF50:
 2269 02ec 4D757465 		.ascii	"Mutex\000"
 2269      7800
 2270              	.LASF16:
 2271 02f2 5F5F676E 		.ascii	"__gnuc_va_list\000"
 2271      75635F76 
 2271      615F6C69 
 2271      737400
 2272              	.LASF108:
 2273 0301 72786572 		.ascii	"rxerr_cb\000"
 2273      725F6362 
 2273      00
 2274              	.LASF90:
 2275 030a 75617274 		.ascii	"uartflags_t\000"
 2275      666C6167 
 2275      735F7400 
 2276              	.LASF45:
 2277 0316 54687265 		.ascii	"ThreadsQueue\000"
 2277      61647351 
 2277      75657565 
 2277      00
 2278              	.LASF106:
 2279 0323 7278656E 		.ascii	"rxend_cb\000"
 2279      645F6362 
 2279      00
 2280              	.LASF114:
 2281 032c 6D657373 		.ascii	"message\000"
 2281      61676500 
 2282              	.LASF85:
 2283 0334 75617274 		.ascii	"uarttxstate_t\000"
 2283      74787374 
 2283      6174655F 
 2283      7400
 2284              	.LASF63:
 2285 0342 52455345 		.ascii	"RESERVED0\000"
 2285      52564544 
 2285      3000
 2286              	.LASF64:
 2287 034c 52455345 		.ascii	"RESERVED1\000"
 2287      52564544 
 2287      3100
 2288              	.LASF122:
 2289 0356 7574696C 		.ascii	"util.c\000"
 2289      2E6300
 2290              	.LASF66:
 2291 035d 52455345 		.ascii	"RESERVED3\000"
 2291      52564544 
 2291      3300
 2292              	.LASF67:
 2293 0367 52455345 		.ascii	"RESERVED4\000"
 2293      52564544 
 2293      3400
ARM GAS  /tmp/ccbMtfMq.s 			page 44


 2294              	.LASF33:
 2295 0371 705F7072 		.ascii	"p_prev\000"
 2295      657600
 2296              	.LASF70:
 2297 0378 52455345 		.ascii	"RESERVED6\000"
 2297      52564544 
 2297      3600
 2298              	.LASF77:
 2299 0382 73746D33 		.ascii	"stm32_dma_stream_t\000"
 2299      325F646D 
 2299      615F7374 
 2299      7265616D 
 2299      5F7400
 2300              	.LASF105:
 2301 0395 7478656E 		.ascii	"txend2_cb\000"
 2301      64325F63 
 2301      6200
 2302              	.LASF27:
 2303 039f 74707269 		.ascii	"tprio_t\000"
 2303      6F5F7400 
 2304              	.LASF23:
 2305 03a7 5F426F6F 		.ascii	"_Bool\000"
 2305      6C00
 2306              	.LASF20:
 2307 03ad 696E7433 		.ascii	"int32_t\000"
 2307      325F7400 
 2308              	.LASF4:
 2309 03b5 756E7369 		.ascii	"unsigned char\000"
 2309      676E6564 
 2309      20636861 
 2309      7200
 2310              	.LASF43:
 2311 03c3 705F6D74 		.ascii	"p_mtxlist\000"
 2311      786C6973 
 2311      7400
 2312              	.LASF5:
 2313 03cd 73686F72 		.ascii	"short int\000"
 2313      7420696E 
 2313      7400
 2314              	.LASF36:
 2315 03d7 705F7374 		.ascii	"p_state\000"
 2315      61746500 
 2316              	.LASF112:
 2317 03df 73656E64 		.ascii	"senddbgmsg\000"
 2317      6462676D 
 2317      736700
 2318              	.LASF38:
 2319 03ea 705F7072 		.ascii	"p_preempt\000"
 2319      65656D70 
 2319      7400
 2320              	.LASF58:
 2321 03f4 65776D61 		.ascii	"ewmask\000"
 2321      736B00
 2322              	.LASF32:
 2323 03fb 705F6E65 		.ascii	"p_next\000"
 2323      787400
 2324              	.LASF81:
ARM GAS  /tmp/ccbMtfMq.s 			page 45


 2325 0402 75617274 		.ascii	"uartstate_t\000"
 2325      73746174 
 2325      655F7400 
 2326              	.LASF37:
 2327 040e 705F666C 		.ascii	"p_flags\000"
 2327      61677300 
 2328              	.LASF113:
 2329 0416 666F726D 		.ascii	"format\000"
 2329      617400
 2330              	.LASF72:
 2331 041d 6368616E 		.ascii	"channel\000"
 2331      6E656C00 
 2332              	.LASF65:
 2333 0425 52455345 		.ascii	"RESERVED2\000"
 2333      52564544 
 2333      3200
 2334              	.LASF42:
 2335 042f 705F6570 		.ascii	"p_epending\000"
 2335      656E6469 
 2335      6E6700
 2336              	.LASF73:
 2337 043a 69666372 		.ascii	"ifcr\000"
 2337      00
 2338              	.LASF68:
 2339 043f 52455345 		.ascii	"RESERVED5\000"
 2339      52564544 
 2339      3500
 2340              	.LASF21:
 2341 0449 75696E74 		.ascii	"uint32_t\000"
 2341      33325F74 
 2341      00
 2342              	.LASF102:
 2343 0452 75617274 		.ascii	"uartccb_t\000"
 2343      6363625F 
 2343      7400
 2344              	.LASF11:
 2345 045c 6C6F6E67 		.ascii	"long unsigned int\000"
 2345      20756E73 
 2345      69676E65 
 2345      6420696E 
 2345      7400
 2346              	.LASF15:
 2347 046e 63686172 		.ascii	"char\000"
 2347      00
 2348              	.LASF123:
 2349 0473 2F686F6D 		.ascii	"/home/dltech/gdrive/Projects/RFM_to_Modbus_TCP/Chib"
 2349      652F646C 
 2349      74656368 
 2349      2F676472 
 2349      6976652F 
 2350 04a6 694F532F 		.ascii	"iOS/F103_ChibiOS_ENC60J28/main\000"
 2350      46313033 
 2350      5F436869 
 2350      62694F53 
 2350      5F454E43 
 2351              	.LASF95:
 2352 04c5 636F6E66 		.ascii	"config\000"
ARM GAS  /tmp/ccbMtfMq.s 			page 46


 2352      696700
 2353              	.LASF86:
 2354 04cc 55415254 		.ascii	"UART_RX_IDLE\000"
 2354      5F52585F 
 2354      49444C45 
 2354      00
 2355              	.LASF6:
 2356 04d9 5F5F7569 		.ascii	"__uint16_t\000"
 2356      6E743136 
 2356      5F7400
 2357              	.LASF104:
 2358 04e4 7478656E 		.ascii	"txend1_cb\000"
 2358      64315F63 
 2358      6200
 2359              	.LASF53:
 2360 04ee 6D5F6E65 		.ascii	"m_next\000"
 2360      787400
 2361              	.LASF44:
 2362 04f5 705F7265 		.ascii	"p_realprio\000"
 2362      616C7072 
 2362      696F00
 2363              	.LASF8:
 2364 0500 5F5F696E 		.ascii	"__int32_t\000"
 2364      7433325F 
 2364      7400
 2365              	.LASF82:
 2366 050a 55415254 		.ascii	"UART_TX_IDLE\000"
 2366      5F54585F 
 2366      49444C45 
 2366      00
 2367              	.LASF117:
 2368 0517 75617274 		.ascii	"uartMtx\000"
 2368      4D747800 
 2369              	.LASF119:
 2370 051f 76737072 		.ascii	"vsprintf\000"
 2370      696E7466 
 2370      00
 2371              	.LASF54:
 2372 0528 5F5F6170 		.ascii	"__ap\000"
 2372      00
 2373              	.LASF49:
 2374 052d 636F6E74 		.ascii	"context\000"
 2374      65787400 
 2375              	.LASF101:
 2376 0535 75617274 		.ascii	"uartcb_t\000"
 2376      63625F74 
 2376      00
 2377              	.LASF48:
 2378 053e 696E7463 		.ascii	"intctx\000"
 2378      747800
 2379              	.LASF124:
 2380 0545 6E69746F 		.ascii	"nitoa\000"
 2380      6100
 2381              	.LASF55:
 2382 054b 7264796D 		.ascii	"rdymsg\000"
 2382      736700
 2383              	.LASF59:
ARM GAS  /tmp/ccbMtfMq.s 			page 47


 2384 0552 434E4454 		.ascii	"CNDTR\000"
 2384      5200
 2385              	.LASF61:
 2386 0558 434D4152 		.ascii	"CMAR\000"
 2386      00
 2387              	.LASF18:
 2388 055d 75696E74 		.ascii	"uint8_t\000"
 2388      385F7400 
 2389              	.LASF97:
 2390 0565 646D616D 		.ascii	"dmamode\000"
 2390      6F646500 
 2391              	.LASF57:
 2392 056d 77746F62 		.ascii	"wtobjp\000"
 2392      6A7000
 2393              	.LASF109:
 2394 0574 73706565 		.ascii	"speed\000"
 2394      6400
 2395              	.LASF41:
 2396 057a 705F6D73 		.ascii	"p_msg\000"
 2396      6700
 2397              	.LASF52:
 2398 0580 6D5F6F77 		.ascii	"m_owner\000"
 2398      6E657200 
 2399              	.LASF87:
 2400 0588 55415254 		.ascii	"UART_RX_ACTIVE\000"
 2400      5F52585F 
 2400      41435449 
 2400      564500
 2401              	.LASF35:
 2402 0597 705F6374 		.ascii	"p_ctx\000"
 2402      7800
 2403              	.LASF39:
 2404 059d 705F7761 		.ascii	"p_waiting\000"
 2404      6974696E 
 2404      6700
 2405              	.LASF116:
 2406 05a7 55415254 		.ascii	"UARTD2\000"
 2406      443200
 2407              	.LASF84:
 2408 05ae 55415254 		.ascii	"UART_TX_COMPLETE\000"
 2408      5F54585F 
 2408      434F4D50 
 2408      4C455445 
 2408      00
 2409              		.ident	"GCC: (4.8.2-14ubuntu1+6) 4.8.2"
ARM GAS  /tmp/ccbMtfMq.s 			page 48


DEFINED SYMBOLS
                            *ABS*:0000000000000000 util.c
     /tmp/ccbMtfMq.s:19     .text.strrev:0000000000000000 $t
     /tmp/ccbMtfMq.s:25     .text.strrev:0000000000000000 strrev
     /tmp/ccbMtfMq.s:75     .text.nitoa:0000000000000000 $t
     /tmp/ccbMtfMq.s:81     .text.nitoa:0000000000000000 nitoa
     /tmp/ccbMtfMq.s:156    .text.senddbgmsg:0000000000000000 $t
     /tmp/ccbMtfMq.s:162    .text.senddbgmsg:0000000000000000 senddbgmsg
                     .debug_frame:0000000000000010 $d

UNDEFINED SYMBOLS
strlen
vsprintf
uartMtx
chMtxTryLock
UARTD2
uartStartSend
chMtxUnlock
