ARM GAS  /tmp/ccmUNype.s 			page 1


   1              		.syntax unified
   2              		.cpu cortex-m3
   3              		.fpu softvfp
   4              		.eabi_attribute 20, 1
   5              		.eabi_attribute 21, 1
   6              		.eabi_attribute 23, 3
   7              		.eabi_attribute 24, 1
   8              		.eabi_attribute 25, 1
   9              		.eabi_attribute 26, 1
  10              		.eabi_attribute 30, 2
  11              		.eabi_attribute 34, 1
  12              		.eabi_attribute 18, 4
  13              		.thumb
  14              		.file	"board.c"
  15              		.text
  16              	.Ltext0:
  17              		.cfi_sections	.debug_frame
  18              		.section	.text.__early_init,"ax",%progbits
  19              		.align	2
  20              		.p2align 4,,15
  21              		.global	__early_init
  22              		.thumb
  23              		.thumb_func
  24              		.type	__early_init, %function
  25              	__early_init:
  26              	.LFB56:
  27              		.file 1 "../conf/board.c"
  28              		.loc 1 41 0
  29              		.cfi_startproc
  30              		@ args = 0, pretend = 0, frame = 0
  31              		@ frame_needed = 0, uses_anonymous_args = 0
  32              		@ link register save eliminated.
  33              		.loc 1 43 0
  34 0000 FFF7FEBF 		b	stm32_clock_init
  35              	.LVL0:
  36              		.cfi_endproc
  37              	.LFE56:
  38              		.size	__early_init, .-__early_init
  39 0004 AFF30080 		.section	.text.boardInit,"ax",%progbits
  39      AFF30080 
  39      AFF30080 
  40              		.align	2
  41              		.p2align 4,,15
  42              		.global	boardInit
  43              		.thumb
  44              		.thumb_func
  45              		.type	boardInit, %function
  46              	boardInit:
  47              	.LFB57:
  48              		.loc 1 49 0
  49              		.cfi_startproc
  50              		@ args = 0, pretend = 0, frame = 0
  51              		@ frame_needed = 0, uses_anonymous_args = 0
  52              		@ link register save eliminated.
  53 0000 7047     		bx	lr
  54              		.cfi_endproc
  55              	.LFE57:
ARM GAS  /tmp/ccmUNype.s 			page 2


  56              		.size	boardInit, .-boardInit
  57              		.global	pal_default_config
  58 0002 00BFAFF3 		.section	.rodata.pal_default_config,"a",%progbits
  58      0080AFF3 
  58      0080AFF3 
  58      0080
  59              		.align	2
  60              		.type	pal_default_config, %object
  61              		.size	pal_default_config, 60
  62              	pal_default_config:
  63 0000 FFFFFFFF 		.word	-1
  64 0004 384BB4B4 		.word	-1263252680
  65 0008 88B88B88 		.word	-2004109176
  66 000c FFFFFFFF 		.word	-1
  67 0010 33848888 		.word	-2004319181
  68 0014 3844B4B4 		.word	-1263254472
  69 0018 FFFCFFFF 		.word	-769
  70 001c 88888888 		.word	-2004318072
  71 0020 88888888 		.word	-2004318072
  72 0024 FFFFFFFF 		.word	-1
  73 0028 88888888 		.word	-2004318072
  74 002c 88888888 		.word	-2004318072
  75 0030 FFFFFFFF 		.word	-1
  76 0034 88888888 		.word	-2004318072
  77 0038 88888888 		.word	-2004318072
  78              		.text
  79              	.Letext0:
  80              		.file 2 "/usr/include/newlib/machine/_default_types.h"
  81              		.file 3 "/usr/include/newlib/stdint.h"
  82              		.file 4 "../os/hal/platforms/STM32/GPIOv1/pal_lld.h"
  83              		.file 5 "../os/ports/common/ARMCMx/CMSIS/include/core_cm3.h"
  84              		.file 6 "../os/hal/platforms/STM32F1xx/hal_lld.h"
  85              		.section	.debug_info,"",%progbits
  86              	.Ldebug_info0:
  87 0000 88010000 		.4byte	0x188
  88 0004 0400     		.2byte	0x4
  89 0006 00000000 		.4byte	.Ldebug_abbrev0
  90 000a 04       		.byte	0x4
  91 000b 01       		.uleb128 0x1
  92 000c 55010000 		.4byte	.LASF24
  93 0010 01       		.byte	0x1
  94 0011 E8000000 		.4byte	.LASF25
  95 0015 1E000000 		.4byte	.LASF26
  96 0019 00000000 		.4byte	.Ldebug_ranges0+0
  97 001d 00000000 		.4byte	0
  98 0021 00000000 		.4byte	.Ldebug_line0
  99 0025 02       		.uleb128 0x2
 100 0026 04       		.byte	0x4
 101 0027 05       		.byte	0x5
 102 0028 696E7400 		.ascii	"int\000"
 103 002c 03       		.uleb128 0x3
 104 002d 04       		.byte	0x4
 105 002e 07       		.byte	0x7
 106 002f 11000000 		.4byte	.LASF0
 107 0033 03       		.uleb128 0x3
 108 0034 01       		.byte	0x1
 109 0035 06       		.byte	0x6
ARM GAS  /tmp/ccmUNype.s 			page 3


 110 0036 5A020000 		.4byte	.LASF1
 111 003a 03       		.uleb128 0x3
 112 003b 01       		.byte	0x1
 113 003c 08       		.byte	0x8
 114 003d 7B000000 		.4byte	.LASF2
 115 0041 03       		.uleb128 0x3
 116 0042 02       		.byte	0x2
 117 0043 05       		.byte	0x5
 118 0044 39020000 		.4byte	.LASF3
 119 0048 03       		.uleb128 0x3
 120 0049 02       		.byte	0x2
 121 004a 07       		.byte	0x7
 122 004b BF000000 		.4byte	.LASF4
 123 004f 04       		.uleb128 0x4
 124 0050 07000000 		.4byte	.LASF6
 125 0054 02       		.byte	0x2
 126 0055 3F       		.byte	0x3f
 127 0056 5A000000 		.4byte	0x5a
 128 005a 03       		.uleb128 0x3
 129 005b 04       		.byte	0x4
 130 005c 05       		.byte	0x5
 131 005d 51020000 		.4byte	.LASF5
 132 0061 04       		.uleb128 0x4
 133 0062 15010000 		.4byte	.LASF7
 134 0066 02       		.byte	0x2
 135 0067 41       		.byte	0x41
 136 0068 6C000000 		.4byte	0x6c
 137 006c 03       		.uleb128 0x3
 138 006d 04       		.byte	0x4
 139 006e 07       		.byte	0x7
 140 006f AD000000 		.4byte	.LASF8
 141 0073 03       		.uleb128 0x3
 142 0074 08       		.byte	0x8
 143 0075 05       		.byte	0x5
 144 0076 2B020000 		.4byte	.LASF9
 145 007a 03       		.uleb128 0x3
 146 007b 08       		.byte	0x8
 147 007c 07       		.byte	0x7
 148 007d 27010000 		.4byte	.LASF10
 149 0081 04       		.uleb128 0x4
 150 0082 1A020000 		.4byte	.LASF11
 151 0086 03       		.byte	0x3
 152 0087 41       		.byte	0x41
 153 0088 4F000000 		.4byte	0x4f
 154 008c 04       		.uleb128 0x4
 155 008d D2000000 		.4byte	.LASF12
 156 0091 03       		.byte	0x3
 157 0092 42       		.byte	0x42
 158 0093 61000000 		.4byte	0x61
 159 0097 03       		.uleb128 0x3
 160 0098 01       		.byte	0x1
 161 0099 02       		.byte	0x2
 162 009a 66020000 		.4byte	.LASF13
 163 009e 03       		.uleb128 0x3
 164 009f 04       		.byte	0x4
 165 00a0 07       		.byte	0x7
 166 00a1 22020000 		.4byte	.LASF14
ARM GAS  /tmp/ccmUNype.s 			page 4


 167 00a5 05       		.uleb128 0x5
 168 00a6 81000000 		.4byte	0x81
 169 00aa 06       		.uleb128 0x6
 170 00ab 0C       		.byte	0xc
 171 00ac 04       		.byte	0x4
 172 00ad 38       		.byte	0x38
 173 00ae D7000000 		.4byte	0xd7
 174 00b2 07       		.uleb128 0x7
 175 00b3 6F647200 		.ascii	"odr\000"
 176 00b7 04       		.byte	0x4
 177 00b8 3A       		.byte	0x3a
 178 00b9 8C000000 		.4byte	0x8c
 179 00bd 00       		.byte	0
 180 00be 07       		.uleb128 0x7
 181 00bf 63726C00 		.ascii	"crl\000"
 182 00c3 04       		.byte	0x4
 183 00c4 3C       		.byte	0x3c
 184 00c5 8C000000 		.4byte	0x8c
 185 00c9 04       		.byte	0x4
 186 00ca 07       		.uleb128 0x7
 187 00cb 63726800 		.ascii	"crh\000"
 188 00cf 04       		.byte	0x4
 189 00d0 3E       		.byte	0x3e
 190 00d1 8C000000 		.4byte	0x8c
 191 00d5 08       		.byte	0x8
 192 00d6 00       		.byte	0
 193 00d7 04       		.uleb128 0x4
 194 00d8 89000000 		.4byte	.LASF15
 195 00dc 04       		.byte	0x4
 196 00dd 3F       		.byte	0x3f
 197 00de AA000000 		.4byte	0xaa
 198 00e2 06       		.uleb128 0x6
 199 00e3 3C       		.byte	0x3c
 200 00e4 04       		.byte	0x4
 201 00e5 48       		.byte	0x48
 202 00e6 27010000 		.4byte	0x127
 203 00ea 08       		.uleb128 0x8
 204 00eb 4A020000 		.4byte	.LASF16
 205 00ef 04       		.byte	0x4
 206 00f0 4A       		.byte	0x4a
 207 00f1 D7000000 		.4byte	0xd7
 208 00f5 00       		.byte	0
 209 00f6 08       		.uleb128 0x8
 210 00f7 20010000 		.4byte	.LASF17
 211 00fb 04       		.byte	0x4
 212 00fc 4C       		.byte	0x4c
 213 00fd D7000000 		.4byte	0xd7
 214 0101 0C       		.byte	0xc
 215 0102 08       		.uleb128 0x8
 216 0103 43020000 		.4byte	.LASF18
 217 0107 04       		.byte	0x4
 218 0108 4E       		.byte	0x4e
 219 0109 D7000000 		.4byte	0xd7
 220 010d 18       		.byte	0x18
 221 010e 08       		.uleb128 0x8
 222 010f 00000000 		.4byte	.LASF19
 223 0113 04       		.byte	0x4
ARM GAS  /tmp/ccmUNype.s 			page 5


 224 0114 50       		.byte	0x50
 225 0115 D7000000 		.4byte	0xd7
 226 0119 24       		.byte	0x24
 227 011a 08       		.uleb128 0x8
 228 011b 74000000 		.4byte	.LASF20
 229 011f 04       		.byte	0x4
 230 0120 53       		.byte	0x53
 231 0121 D7000000 		.4byte	0xd7
 232 0125 30       		.byte	0x30
 233 0126 00       		.byte	0
 234 0127 04       		.uleb128 0x4
 235 0128 F8000000 		.4byte	.LASF21
 236 012c 04       		.byte	0x4
 237 012d 5D       		.byte	0x5d
 238 012e E2000000 		.4byte	0xe2
 239 0132 09       		.uleb128 0x9
 240 0133 48010000 		.4byte	.LASF27
 241 0137 01       		.byte	0x1
 242 0138 29       		.byte	0x29
 243 0139 00000000 		.4byte	.LFB56
 244 013d 04000000 		.4byte	.LFE56-.LFB56
 245 0141 01       		.uleb128 0x1
 246 0142 9C       		.byte	0x9c
 247 0143 51010000 		.4byte	0x151
 248 0147 0A       		.uleb128 0xa
 249 0148 04000000 		.4byte	.LVL0
 250 014c 84010000 		.4byte	0x184
 251 0150 00       		.byte	0
 252 0151 0B       		.uleb128 0xb
 253 0152 3E010000 		.4byte	.LASF28
 254 0156 01       		.byte	0x1
 255 0157 31       		.byte	0x31
 256 0158 00000000 		.4byte	.LFB57
 257 015c 02000000 		.4byte	.LFE57-.LFB57
 258 0160 01       		.uleb128 0x1
 259 0161 9C       		.byte	0x9c
 260 0162 0C       		.uleb128 0xc
 261 0163 DB000000 		.4byte	.LASF22
 262 0167 05       		.byte	0x5
 263 0168 0706     		.2byte	0x607
 264 016a A5000000 		.4byte	0xa5
 265 016e 0D       		.uleb128 0xd
 266 016f 02010000 		.4byte	.LASF23
 267 0173 01       		.byte	0x1
 268 0174 1A       		.byte	0x1a
 269 0175 7F010000 		.4byte	0x17f
 270 0179 05       		.uleb128 0x5
 271 017a 03       		.byte	0x3
 272 017b 00000000 		.4byte	pal_default_config
 273 017f 0E       		.uleb128 0xe
 274 0180 27010000 		.4byte	0x127
 275 0184 0F       		.uleb128 0xf
 276 0185 9C000000 		.4byte	.LASF29
 277 0189 06       		.byte	0x6
 278 018a F8       		.byte	0xf8
 279 018b 00       		.byte	0
 280              		.section	.debug_abbrev,"",%progbits
ARM GAS  /tmp/ccmUNype.s 			page 6


 281              	.Ldebug_abbrev0:
 282 0000 01       		.uleb128 0x1
 283 0001 11       		.uleb128 0x11
 284 0002 01       		.byte	0x1
 285 0003 25       		.uleb128 0x25
 286 0004 0E       		.uleb128 0xe
 287 0005 13       		.uleb128 0x13
 288 0006 0B       		.uleb128 0xb
 289 0007 03       		.uleb128 0x3
 290 0008 0E       		.uleb128 0xe
 291 0009 1B       		.uleb128 0x1b
 292 000a 0E       		.uleb128 0xe
 293 000b 55       		.uleb128 0x55
 294 000c 17       		.uleb128 0x17
 295 000d 11       		.uleb128 0x11
 296 000e 01       		.uleb128 0x1
 297 000f 10       		.uleb128 0x10
 298 0010 17       		.uleb128 0x17
 299 0011 00       		.byte	0
 300 0012 00       		.byte	0
 301 0013 02       		.uleb128 0x2
 302 0014 24       		.uleb128 0x24
 303 0015 00       		.byte	0
 304 0016 0B       		.uleb128 0xb
 305 0017 0B       		.uleb128 0xb
 306 0018 3E       		.uleb128 0x3e
 307 0019 0B       		.uleb128 0xb
 308 001a 03       		.uleb128 0x3
 309 001b 08       		.uleb128 0x8
 310 001c 00       		.byte	0
 311 001d 00       		.byte	0
 312 001e 03       		.uleb128 0x3
 313 001f 24       		.uleb128 0x24
 314 0020 00       		.byte	0
 315 0021 0B       		.uleb128 0xb
 316 0022 0B       		.uleb128 0xb
 317 0023 3E       		.uleb128 0x3e
 318 0024 0B       		.uleb128 0xb
 319 0025 03       		.uleb128 0x3
 320 0026 0E       		.uleb128 0xe
 321 0027 00       		.byte	0
 322 0028 00       		.byte	0
 323 0029 04       		.uleb128 0x4
 324 002a 16       		.uleb128 0x16
 325 002b 00       		.byte	0
 326 002c 03       		.uleb128 0x3
 327 002d 0E       		.uleb128 0xe
 328 002e 3A       		.uleb128 0x3a
 329 002f 0B       		.uleb128 0xb
 330 0030 3B       		.uleb128 0x3b
 331 0031 0B       		.uleb128 0xb
 332 0032 49       		.uleb128 0x49
 333 0033 13       		.uleb128 0x13
 334 0034 00       		.byte	0
 335 0035 00       		.byte	0
 336 0036 05       		.uleb128 0x5
 337 0037 35       		.uleb128 0x35
ARM GAS  /tmp/ccmUNype.s 			page 7


 338 0038 00       		.byte	0
 339 0039 49       		.uleb128 0x49
 340 003a 13       		.uleb128 0x13
 341 003b 00       		.byte	0
 342 003c 00       		.byte	0
 343 003d 06       		.uleb128 0x6
 344 003e 13       		.uleb128 0x13
 345 003f 01       		.byte	0x1
 346 0040 0B       		.uleb128 0xb
 347 0041 0B       		.uleb128 0xb
 348 0042 3A       		.uleb128 0x3a
 349 0043 0B       		.uleb128 0xb
 350 0044 3B       		.uleb128 0x3b
 351 0045 0B       		.uleb128 0xb
 352 0046 01       		.uleb128 0x1
 353 0047 13       		.uleb128 0x13
 354 0048 00       		.byte	0
 355 0049 00       		.byte	0
 356 004a 07       		.uleb128 0x7
 357 004b 0D       		.uleb128 0xd
 358 004c 00       		.byte	0
 359 004d 03       		.uleb128 0x3
 360 004e 08       		.uleb128 0x8
 361 004f 3A       		.uleb128 0x3a
 362 0050 0B       		.uleb128 0xb
 363 0051 3B       		.uleb128 0x3b
 364 0052 0B       		.uleb128 0xb
 365 0053 49       		.uleb128 0x49
 366 0054 13       		.uleb128 0x13
 367 0055 38       		.uleb128 0x38
 368 0056 0B       		.uleb128 0xb
 369 0057 00       		.byte	0
 370 0058 00       		.byte	0
 371 0059 08       		.uleb128 0x8
 372 005a 0D       		.uleb128 0xd
 373 005b 00       		.byte	0
 374 005c 03       		.uleb128 0x3
 375 005d 0E       		.uleb128 0xe
 376 005e 3A       		.uleb128 0x3a
 377 005f 0B       		.uleb128 0xb
 378 0060 3B       		.uleb128 0x3b
 379 0061 0B       		.uleb128 0xb
 380 0062 49       		.uleb128 0x49
 381 0063 13       		.uleb128 0x13
 382 0064 38       		.uleb128 0x38
 383 0065 0B       		.uleb128 0xb
 384 0066 00       		.byte	0
 385 0067 00       		.byte	0
 386 0068 09       		.uleb128 0x9
 387 0069 2E       		.uleb128 0x2e
 388 006a 01       		.byte	0x1
 389 006b 3F       		.uleb128 0x3f
 390 006c 19       		.uleb128 0x19
 391 006d 03       		.uleb128 0x3
 392 006e 0E       		.uleb128 0xe
 393 006f 3A       		.uleb128 0x3a
 394 0070 0B       		.uleb128 0xb
ARM GAS  /tmp/ccmUNype.s 			page 8


 395 0071 3B       		.uleb128 0x3b
 396 0072 0B       		.uleb128 0xb
 397 0073 27       		.uleb128 0x27
 398 0074 19       		.uleb128 0x19
 399 0075 11       		.uleb128 0x11
 400 0076 01       		.uleb128 0x1
 401 0077 12       		.uleb128 0x12
 402 0078 06       		.uleb128 0x6
 403 0079 40       		.uleb128 0x40
 404 007a 18       		.uleb128 0x18
 405 007b 9742     		.uleb128 0x2117
 406 007d 19       		.uleb128 0x19
 407 007e 01       		.uleb128 0x1
 408 007f 13       		.uleb128 0x13
 409 0080 00       		.byte	0
 410 0081 00       		.byte	0
 411 0082 0A       		.uleb128 0xa
 412 0083 898201   		.uleb128 0x4109
 413 0086 00       		.byte	0
 414 0087 11       		.uleb128 0x11
 415 0088 01       		.uleb128 0x1
 416 0089 9542     		.uleb128 0x2115
 417 008b 19       		.uleb128 0x19
 418 008c 31       		.uleb128 0x31
 419 008d 13       		.uleb128 0x13
 420 008e 00       		.byte	0
 421 008f 00       		.byte	0
 422 0090 0B       		.uleb128 0xb
 423 0091 2E       		.uleb128 0x2e
 424 0092 00       		.byte	0
 425 0093 3F       		.uleb128 0x3f
 426 0094 19       		.uleb128 0x19
 427 0095 03       		.uleb128 0x3
 428 0096 0E       		.uleb128 0xe
 429 0097 3A       		.uleb128 0x3a
 430 0098 0B       		.uleb128 0xb
 431 0099 3B       		.uleb128 0x3b
 432 009a 0B       		.uleb128 0xb
 433 009b 27       		.uleb128 0x27
 434 009c 19       		.uleb128 0x19
 435 009d 11       		.uleb128 0x11
 436 009e 01       		.uleb128 0x1
 437 009f 12       		.uleb128 0x12
 438 00a0 06       		.uleb128 0x6
 439 00a1 40       		.uleb128 0x40
 440 00a2 18       		.uleb128 0x18
 441 00a3 9742     		.uleb128 0x2117
 442 00a5 19       		.uleb128 0x19
 443 00a6 00       		.byte	0
 444 00a7 00       		.byte	0
 445 00a8 0C       		.uleb128 0xc
 446 00a9 34       		.uleb128 0x34
 447 00aa 00       		.byte	0
 448 00ab 03       		.uleb128 0x3
 449 00ac 0E       		.uleb128 0xe
 450 00ad 3A       		.uleb128 0x3a
 451 00ae 0B       		.uleb128 0xb
ARM GAS  /tmp/ccmUNype.s 			page 9


 452 00af 3B       		.uleb128 0x3b
 453 00b0 05       		.uleb128 0x5
 454 00b1 49       		.uleb128 0x49
 455 00b2 13       		.uleb128 0x13
 456 00b3 3F       		.uleb128 0x3f
 457 00b4 19       		.uleb128 0x19
 458 00b5 3C       		.uleb128 0x3c
 459 00b6 19       		.uleb128 0x19
 460 00b7 00       		.byte	0
 461 00b8 00       		.byte	0
 462 00b9 0D       		.uleb128 0xd
 463 00ba 34       		.uleb128 0x34
 464 00bb 00       		.byte	0
 465 00bc 03       		.uleb128 0x3
 466 00bd 0E       		.uleb128 0xe
 467 00be 3A       		.uleb128 0x3a
 468 00bf 0B       		.uleb128 0xb
 469 00c0 3B       		.uleb128 0x3b
 470 00c1 0B       		.uleb128 0xb
 471 00c2 49       		.uleb128 0x49
 472 00c3 13       		.uleb128 0x13
 473 00c4 3F       		.uleb128 0x3f
 474 00c5 19       		.uleb128 0x19
 475 00c6 02       		.uleb128 0x2
 476 00c7 18       		.uleb128 0x18
 477 00c8 00       		.byte	0
 478 00c9 00       		.byte	0
 479 00ca 0E       		.uleb128 0xe
 480 00cb 26       		.uleb128 0x26
 481 00cc 00       		.byte	0
 482 00cd 49       		.uleb128 0x49
 483 00ce 13       		.uleb128 0x13
 484 00cf 00       		.byte	0
 485 00d0 00       		.byte	0
 486 00d1 0F       		.uleb128 0xf
 487 00d2 2E       		.uleb128 0x2e
 488 00d3 00       		.byte	0
 489 00d4 3F       		.uleb128 0x3f
 490 00d5 19       		.uleb128 0x19
 491 00d6 03       		.uleb128 0x3
 492 00d7 0E       		.uleb128 0xe
 493 00d8 3A       		.uleb128 0x3a
 494 00d9 0B       		.uleb128 0xb
 495 00da 3B       		.uleb128 0x3b
 496 00db 0B       		.uleb128 0xb
 497 00dc 27       		.uleb128 0x27
 498 00dd 19       		.uleb128 0x19
 499 00de 3C       		.uleb128 0x3c
 500 00df 19       		.uleb128 0x19
 501 00e0 00       		.byte	0
 502 00e1 00       		.byte	0
 503 00e2 00       		.byte	0
 504              		.section	.debug_aranges,"",%progbits
 505 0000 24000000 		.4byte	0x24
 506 0004 0200     		.2byte	0x2
 507 0006 00000000 		.4byte	.Ldebug_info0
 508 000a 04       		.byte	0x4
ARM GAS  /tmp/ccmUNype.s 			page 10


 509 000b 00       		.byte	0
 510 000c 0000     		.2byte	0
 511 000e 0000     		.2byte	0
 512 0010 00000000 		.4byte	.LFB56
 513 0014 04000000 		.4byte	.LFE56-.LFB56
 514 0018 00000000 		.4byte	.LFB57
 515 001c 02000000 		.4byte	.LFE57-.LFB57
 516 0020 00000000 		.4byte	0
 517 0024 00000000 		.4byte	0
 518              		.section	.debug_ranges,"",%progbits
 519              	.Ldebug_ranges0:
 520 0000 00000000 		.4byte	.LFB56
 521 0004 04000000 		.4byte	.LFE56
 522 0008 00000000 		.4byte	.LFB57
 523 000c 02000000 		.4byte	.LFE57
 524 0010 00000000 		.4byte	0
 525 0014 00000000 		.4byte	0
 526              		.section	.debug_line,"",%progbits
 527              	.Ldebug_line0:
 528 0000 2A010000 		.section	.debug_str,"MS",%progbits,1
 528      02000501 
 528      00000201 
 528      FB0E0D00 
 528      01010101 
 529              	.LASF19:
 530 0000 50444461 		.ascii	"PDData\000"
 530      746100
 531              	.LASF6:
 532 0007 5F5F696E 		.ascii	"__int32_t\000"
 532      7433325F 
 532      7400
 533              	.LASF0:
 534 0011 756E7369 		.ascii	"unsigned int\000"
 534      676E6564 
 534      20696E74 
 534      00
 535              	.LASF26:
 536 001e 2F686F6D 		.ascii	"/home/dltech-deb/gdrive/Projects/RFM_to_Modbus_TCP/"
 536      652F646C 
 536      74656368 
 536      2D646562 
 536      2F676472 
 537 0051 43686962 		.ascii	"ChibiOS/F103_ChibiOS_ENC60J28/main\000"
 537      694F532F 
 537      46313033 
 537      5F436869 
 537      62694F53 
 538              	.LASF20:
 539 0074 50454461 		.ascii	"PEData\000"
 539      746100
 540              	.LASF2:
 541 007b 756E7369 		.ascii	"unsigned char\000"
 541      676E6564 
 541      20636861 
 541      7200
 542              	.LASF15:
 543 0089 73746D33 		.ascii	"stm32_gpio_setup_t\000"
ARM GAS  /tmp/ccmUNype.s 			page 11


 543      325F6770 
 543      696F5F73 
 543      65747570 
 543      5F7400
 544              	.LASF29:
 545 009c 73746D33 		.ascii	"stm32_clock_init\000"
 545      325F636C 
 545      6F636B5F 
 545      696E6974 
 545      00
 546              	.LASF8:
 547 00ad 6C6F6E67 		.ascii	"long unsigned int\000"
 547      20756E73 
 547      69676E65 
 547      6420696E 
 547      7400
 548              	.LASF4:
 549 00bf 73686F72 		.ascii	"short unsigned int\000"
 549      7420756E 
 549      7369676E 
 549      65642069 
 549      6E7400
 550              	.LASF12:
 551 00d2 75696E74 		.ascii	"uint32_t\000"
 551      33325F74 
 551      00
 552              	.LASF22:
 553 00db 49544D5F 		.ascii	"ITM_RxBuffer\000"
 553      52784275 
 553      66666572 
 553      00
 554              	.LASF25:
 555 00e8 2E2E2F63 		.ascii	"../conf/board.c\000"
 555      6F6E662F 
 555      626F6172 
 555      642E6300 
 556              	.LASF21:
 557 00f8 50414C43 		.ascii	"PALConfig\000"
 557      6F6E6669 
 557      6700
 558              	.LASF23:
 559 0102 70616C5F 		.ascii	"pal_default_config\000"
 559      64656661 
 559      756C745F 
 559      636F6E66 
 559      696700
 560              	.LASF7:
 561 0115 5F5F7569 		.ascii	"__uint32_t\000"
 561      6E743332 
 561      5F7400
 562              	.LASF17:
 563 0120 50424461 		.ascii	"PBData\000"
 563      746100
 564              	.LASF10:
 565 0127 6C6F6E67 		.ascii	"long long unsigned int\000"
 565      206C6F6E 
 565      6720756E 
ARM GAS  /tmp/ccmUNype.s 			page 12


 565      7369676E 
 565      65642069 
 566              	.LASF28:
 567 013e 626F6172 		.ascii	"boardInit\000"
 567      64496E69 
 567      7400
 568              	.LASF27:
 569 0148 5F5F6561 		.ascii	"__early_init\000"
 569      726C795F 
 569      696E6974 
 569      00
 570              	.LASF24:
 571 0155 474E5520 		.ascii	"GNU C 4.8.4 20141219 (release) -mcpu=cortex-m3 -mno"
 571      4320342E 
 571      382E3420 
 571      32303134 
 571      31323139 
 572 0188 2D746875 		.ascii	"-thumb-interwork -mthumb -ggdb -O2 -fomit-frame-poi"
 572      6D622D69 
 572      6E746572 
 572      776F726B 
 572      202D6D74 
 573 01bb 6E746572 		.ascii	"nter -falign-functions=16 -ffunction-sections -fdat"
 573      202D6661 
 573      6C69676E 
 573      2D66756E 
 573      6374696F 
 574 01ee 612D7365 		.ascii	"a-sections -fno-common -fno-strict-aliasing\000"
 574      6374696F 
 574      6E73202D 
 574      666E6F2D 
 574      636F6D6D 
 575              	.LASF11:
 576 021a 696E7433 		.ascii	"int32_t\000"
 576      325F7400 
 577              	.LASF14:
 578 0222 73697A65 		.ascii	"sizetype\000"
 578      74797065 
 578      00
 579              	.LASF9:
 580 022b 6C6F6E67 		.ascii	"long long int\000"
 580      206C6F6E 
 580      6720696E 
 580      7400
 581              	.LASF3:
 582 0239 73686F72 		.ascii	"short int\000"
 582      7420696E 
 582      7400
 583              	.LASF18:
 584 0243 50434461 		.ascii	"PCData\000"
 584      746100
 585              	.LASF16:
 586 024a 50414461 		.ascii	"PAData\000"
 586      746100
 587              	.LASF5:
 588 0251 6C6F6E67 		.ascii	"long int\000"
 588      20696E74 
ARM GAS  /tmp/ccmUNype.s 			page 13


 588      00
 589              	.LASF1:
 590 025a 7369676E 		.ascii	"signed char\000"
 590      65642063 
 590      68617200 
 591              	.LASF13:
 592 0266 5F426F6F 		.ascii	"_Bool\000"
 592      6C00
 593              		.ident	"GCC: (4.8.4-1+11-1) 4.8.4 20141219 (release)"
ARM GAS  /tmp/ccmUNype.s 			page 14


DEFINED SYMBOLS
                            *ABS*:0000000000000000 board.c
     /tmp/ccmUNype.s:19     .text.__early_init:0000000000000000 $t
     /tmp/ccmUNype.s:25     .text.__early_init:0000000000000000 __early_init
     /tmp/ccmUNype.s:40     .text.boardInit:0000000000000000 $t
     /tmp/ccmUNype.s:46     .text.boardInit:0000000000000000 boardInit
     /tmp/ccmUNype.s:62     .rodata.pal_default_config:0000000000000000 pal_default_config
     /tmp/ccmUNype.s:59     .rodata.pal_default_config:0000000000000000 $d
                     .debug_frame:0000000000000010 $d

UNDEFINED SYMBOLS
stm32_clock_init
