ARM GAS  /tmp/cc1XkgiR.s 			page 1


   1              		.syntax unified
   2              		.cpu cortex-m3
   3              		.fpu softvfp
   4              		.eabi_attribute 20, 1
   5              		.eabi_attribute 21, 1
   6              		.eabi_attribute 23, 3
   7              		.eabi_attribute 24, 1
   8              		.eabi_attribute 25, 1
   9              		.eabi_attribute 26, 1
  10              		.eabi_attribute 30, 2
  11              		.eabi_attribute 34, 1
  12              		.eabi_attribute 18, 4
  13              		.thumb
  14              		.file	"chcore.c"
  15              		.text
  16              	.Ltext0:
  17              		.cfi_sections	.debug_frame
  18              		.section	.text.port_halt,"ax",%progbits
  19              		.align	2
  20              		.p2align 4,,15
  21              		.weak	port_halt
  22              		.thumb
  23              		.thumb_func
  24              		.type	port_halt, %function
  25              	port_halt:
  26              	.LFB0:
  27              		.file 1 "../os/ports/GCC/ARMCMx/chcore.c"
  28              		.loc 1 46 0
  29              		.cfi_startproc
  30              		@ args = 0, pretend = 0, frame = 0
  31              		@ frame_needed = 0, uses_anonymous_args = 0
  32              		@ link register save eliminated.
  33              		.loc 1 48 0
  34              	@ 48 "../os/ports/GCC/ARMCMx/chcore.c" 1
  35 0000 72B6     		cpsid   i
  36              	@ 0 "" 2
  37              		.thumb
  38              	.L2:
  39 0002 FEE7     		b	.L2
  40              		.cfi_endproc
  41              	.LFE0:
  42              		.size	port_halt, .-port_halt
  43 0004 AFF30080 		.text
  43      AFF30080 
  43      AFF30080 
  44              	.Letext0:
  45              		.section	.debug_info,"",%progbits
  46              	.Ldebug_info0:
  47 0000 87000000 		.4byte	0x87
  48 0004 0400     		.2byte	0x4
  49 0006 00000000 		.4byte	.Ldebug_abbrev0
  50 000a 04       		.byte	0x4
  51 000b 01       		.uleb128 0x1
  52 000c 1B000000 		.4byte	.LASF11
  53 0010 01       		.byte	0x1
  54 0011 45010000 		.4byte	.LASF12
  55 0015 82010000 		.4byte	.LASF13
ARM GAS  /tmp/cc1XkgiR.s 			page 2


  56 0019 00000000 		.4byte	.Ldebug_ranges0+0
  57 001d 00000000 		.4byte	0
  58 0021 00000000 		.4byte	.Ldebug_line0
  59 0025 02       		.uleb128 0x2
  60 0026 04       		.byte	0x4
  61 0027 05       		.byte	0x5
  62 0028 696E7400 		.ascii	"int\000"
  63 002c 03       		.uleb128 0x3
  64 002d 04       		.byte	0x4
  65 002e 07       		.byte	0x7
  66 002f 0E000000 		.4byte	.LASF0
  67 0033 03       		.uleb128 0x3
  68 0034 01       		.byte	0x1
  69 0035 06       		.byte	0x6
  70 0036 39010000 		.4byte	.LASF1
  71 003a 03       		.uleb128 0x3
  72 003b 01       		.byte	0x1
  73 003c 08       		.byte	0x8
  74 003d 09010000 		.4byte	.LASF2
  75 0041 03       		.uleb128 0x3
  76 0042 02       		.byte	0x2
  77 0043 05       		.byte	0x5
  78 0044 6F010000 		.4byte	.LASF3
  79 0048 03       		.uleb128 0x3
  80 0049 02       		.byte	0x2
  81 004a 07       		.byte	0x7
  82 004b 26010000 		.4byte	.LASF4
  83 004f 03       		.uleb128 0x3
  84 0050 04       		.byte	0x4
  85 0051 05       		.byte	0x5
  86 0052 17010000 		.4byte	.LASF5
  87 0056 03       		.uleb128 0x3
  88 0057 04       		.byte	0x4
  89 0058 07       		.byte	0x7
  90 0059 E0000000 		.4byte	.LASF6
  91 005d 03       		.uleb128 0x3
  92 005e 08       		.byte	0x8
  93 005f 05       		.byte	0x5
  94 0060 00000000 		.4byte	.LASF7
  95 0064 03       		.uleb128 0x3
  96 0065 08       		.byte	0x8
  97 0066 07       		.byte	0x7
  98 0067 F2000000 		.4byte	.LASF8
  99 006b 03       		.uleb128 0x3
 100 006c 01       		.byte	0x1
 101 006d 02       		.byte	0x2
 102 006e 20010000 		.4byte	.LASF9
 103 0072 03       		.uleb128 0x3
 104 0073 04       		.byte	0x4
 105 0074 07       		.byte	0x7
 106 0075 79010000 		.4byte	.LASF10
 107 0079 04       		.uleb128 0x4
 108 007a 65010000 		.4byte	.LASF14
 109 007e 01       		.byte	0x1
 110 007f 2E       		.byte	0x2e
 111 0080 00000000 		.4byte	.LFB0
 112 0084 04000000 		.4byte	.LFE0-.LFB0
ARM GAS  /tmp/cc1XkgiR.s 			page 3


 113 0088 01       		.uleb128 0x1
 114 0089 9C       		.byte	0x9c
 115 008a 00       		.byte	0
 116              		.section	.debug_abbrev,"",%progbits
 117              	.Ldebug_abbrev0:
 118 0000 01       		.uleb128 0x1
 119 0001 11       		.uleb128 0x11
 120 0002 01       		.byte	0x1
 121 0003 25       		.uleb128 0x25
 122 0004 0E       		.uleb128 0xe
 123 0005 13       		.uleb128 0x13
 124 0006 0B       		.uleb128 0xb
 125 0007 03       		.uleb128 0x3
 126 0008 0E       		.uleb128 0xe
 127 0009 1B       		.uleb128 0x1b
 128 000a 0E       		.uleb128 0xe
 129 000b 55       		.uleb128 0x55
 130 000c 17       		.uleb128 0x17
 131 000d 11       		.uleb128 0x11
 132 000e 01       		.uleb128 0x1
 133 000f 10       		.uleb128 0x10
 134 0010 17       		.uleb128 0x17
 135 0011 00       		.byte	0
 136 0012 00       		.byte	0
 137 0013 02       		.uleb128 0x2
 138 0014 24       		.uleb128 0x24
 139 0015 00       		.byte	0
 140 0016 0B       		.uleb128 0xb
 141 0017 0B       		.uleb128 0xb
 142 0018 3E       		.uleb128 0x3e
 143 0019 0B       		.uleb128 0xb
 144 001a 03       		.uleb128 0x3
 145 001b 08       		.uleb128 0x8
 146 001c 00       		.byte	0
 147 001d 00       		.byte	0
 148 001e 03       		.uleb128 0x3
 149 001f 24       		.uleb128 0x24
 150 0020 00       		.byte	0
 151 0021 0B       		.uleb128 0xb
 152 0022 0B       		.uleb128 0xb
 153 0023 3E       		.uleb128 0x3e
 154 0024 0B       		.uleb128 0xb
 155 0025 03       		.uleb128 0x3
 156 0026 0E       		.uleb128 0xe
 157 0027 00       		.byte	0
 158 0028 00       		.byte	0
 159 0029 04       		.uleb128 0x4
 160 002a 2E       		.uleb128 0x2e
 161 002b 00       		.byte	0
 162 002c 3F       		.uleb128 0x3f
 163 002d 19       		.uleb128 0x19
 164 002e 03       		.uleb128 0x3
 165 002f 0E       		.uleb128 0xe
 166 0030 3A       		.uleb128 0x3a
 167 0031 0B       		.uleb128 0xb
 168 0032 3B       		.uleb128 0x3b
 169 0033 0B       		.uleb128 0xb
ARM GAS  /tmp/cc1XkgiR.s 			page 4


 170 0034 27       		.uleb128 0x27
 171 0035 19       		.uleb128 0x19
 172 0036 11       		.uleb128 0x11
 173 0037 01       		.uleb128 0x1
 174 0038 12       		.uleb128 0x12
 175 0039 06       		.uleb128 0x6
 176 003a 40       		.uleb128 0x40
 177 003b 18       		.uleb128 0x18
 178 003c 9742     		.uleb128 0x2117
 179 003e 19       		.uleb128 0x19
 180 003f 00       		.byte	0
 181 0040 00       		.byte	0
 182 0041 00       		.byte	0
 183              		.section	.debug_aranges,"",%progbits
 184 0000 1C000000 		.4byte	0x1c
 185 0004 0200     		.2byte	0x2
 186 0006 00000000 		.4byte	.Ldebug_info0
 187 000a 04       		.byte	0x4
 188 000b 00       		.byte	0
 189 000c 0000     		.2byte	0
 190 000e 0000     		.2byte	0
 191 0010 00000000 		.4byte	.LFB0
 192 0014 04000000 		.4byte	.LFE0-.LFB0
 193 0018 00000000 		.4byte	0
 194 001c 00000000 		.4byte	0
 195              		.section	.debug_ranges,"",%progbits
 196              	.Ldebug_ranges0:
 197 0000 00000000 		.4byte	.LFB0
 198 0004 04000000 		.4byte	.LFE0
 199 0008 00000000 		.4byte	0
 200 000c 00000000 		.4byte	0
 201              		.section	.debug_line,"",%progbits
 202              	.Ldebug_line0:
 203 0000 4C000000 		.section	.debug_str,"MS",%progbits,1
 203      02003600 
 203      00000201 
 203      FB0E0D00 
 203      01010101 
 204              	.LASF7:
 205 0000 6C6F6E67 		.ascii	"long long int\000"
 205      206C6F6E 
 205      6720696E 
 205      7400
 206              	.LASF0:
 207 000e 756E7369 		.ascii	"unsigned int\000"
 207      676E6564 
 207      20696E74 
 207      00
 208              	.LASF11:
 209 001b 474E5520 		.ascii	"GNU C 4.8.4 20141219 (release) -mcpu=cortex-m3 -mno"
 209      4320342E 
 209      382E3420 
 209      32303134 
 209      31323139 
 210 004e 2D746875 		.ascii	"-thumb-interwork -mthumb -ggdb -O2 -fomit-frame-poi"
 210      6D622D69 
 210      6E746572 
ARM GAS  /tmp/cc1XkgiR.s 			page 5


 210      776F726B 
 210      202D6D74 
 211 0081 6E746572 		.ascii	"nter -falign-functions=16 -ffunction-sections -fdat"
 211      202D6661 
 211      6C69676E 
 211      2D66756E 
 211      6374696F 
 212 00b4 612D7365 		.ascii	"a-sections -fno-common -fno-strict-aliasing\000"
 212      6374696F 
 212      6E73202D 
 212      666E6F2D 
 212      636F6D6D 
 213              	.LASF6:
 214 00e0 6C6F6E67 		.ascii	"long unsigned int\000"
 214      20756E73 
 214      69676E65 
 214      6420696E 
 214      7400
 215              	.LASF8:
 216 00f2 6C6F6E67 		.ascii	"long long unsigned int\000"
 216      206C6F6E 
 216      6720756E 
 216      7369676E 
 216      65642069 
 217              	.LASF2:
 218 0109 756E7369 		.ascii	"unsigned char\000"
 218      676E6564 
 218      20636861 
 218      7200
 219              	.LASF5:
 220 0117 6C6F6E67 		.ascii	"long int\000"
 220      20696E74 
 220      00
 221              	.LASF9:
 222 0120 5F426F6F 		.ascii	"_Bool\000"
 222      6C00
 223              	.LASF4:
 224 0126 73686F72 		.ascii	"short unsigned int\000"
 224      7420756E 
 224      7369676E 
 224      65642069 
 224      6E7400
 225              	.LASF1:
 226 0139 7369676E 		.ascii	"signed char\000"
 226      65642063 
 226      68617200 
 227              	.LASF12:
 228 0145 2E2E2F6F 		.ascii	"../os/ports/GCC/ARMCMx/chcore.c\000"
 228      732F706F 
 228      7274732F 
 228      4743432F 
 228      41524D43 
 229              	.LASF14:
 230 0165 706F7274 		.ascii	"port_halt\000"
 230      5F68616C 
 230      7400
 231              	.LASF3:
ARM GAS  /tmp/cc1XkgiR.s 			page 6


 232 016f 73686F72 		.ascii	"short int\000"
 232      7420696E 
 232      7400
 233              	.LASF10:
 234 0179 73697A65 		.ascii	"sizetype\000"
 234      74797065 
 234      00
 235              	.LASF13:
 236 0182 2F686F6D 		.ascii	"/home/dltech-deb/gdrive/Projects/RFM_to_Modbus_TCP/"
 236      652F646C 
 236      74656368 
 236      2D646562 
 236      2F676472 
 237 01b5 43686962 		.ascii	"ChibiOS/F103_ChibiOS_ENC60J28/main\000"
 237      694F532F 
 237      46313033 
 237      5F436869 
 237      62694F53 
 238              		.ident	"GCC: (4.8.4-1+11-1) 4.8.4 20141219 (release)"
ARM GAS  /tmp/cc1XkgiR.s 			page 7


DEFINED SYMBOLS
                            *ABS*:0000000000000000 chcore.c
     /tmp/cc1XkgiR.s:19     .text.port_halt:0000000000000000 $t
     /tmp/cc1XkgiR.s:25     .text.port_halt:0000000000000000 port_halt
                     .debug_frame:0000000000000010 $d

NO UNDEFINED SYMBOLS
