ARM GAS  /tmp/cc9dVgqC.s 			page 1


   1              		.syntax unified
   2              		.cpu cortex-m3
   3              		.fpu softvfp
   4              		.eabi_attribute 20, 1
   5              		.eabi_attribute 21, 1
   6              		.eabi_attribute 23, 3
   7              		.eabi_attribute 24, 1
   8              		.eabi_attribute 25, 1
   9              		.eabi_attribute 26, 1
  10              		.eabi_attribute 30, 2
  11              		.eabi_attribute 34, 1
  12              		.eabi_attribute 18, 4
  13              		.thumb
  14              		.file	"chcond.c"
  15              		.text
  16              	.Ltext0:
  17              		.cfi_sections	.debug_frame
  18              		.section	.text.chCondInit,"ax",%progbits
  19              		.align	2
  20              		.p2align 4,,15
  21              		.global	chCondInit
  22              		.thumb
  23              		.thumb_func
  24              		.type	chCondInit, %function
  25              	chCondInit:
  26              	.LFB0:
  27              		.file 1 "../os/kernel/src/chcond.c"
  28              		.loc 1 59 0
  29              		.cfi_startproc
  30              		@ args = 0, pretend = 0, frame = 0
  31              		@ frame_needed = 0, uses_anonymous_args = 0
  32              		@ link register save eliminated.
  33              	.LVL0:
  34              		.loc 1 63 0
  35 0000 4060     		str	r0, [r0, #4]
  36 0002 0060     		str	r0, [r0]
  37 0004 7047     		bx	lr
  38              		.cfi_endproc
  39              	.LFE0:
  40              		.size	chCondInit, .-chCondInit
  41 0006 00BFAFF3 		.section	.text.chCondSignal,"ax",%progbits
  41      0080AFF3 
  41      0080
  42              		.align	2
  43              		.p2align 4,,15
  44              		.global	chCondSignal
  45              		.thumb
  46              		.thumb_func
  47              		.type	chCondSignal, %function
  48              	chCondSignal:
  49              	.LFB1:
  50              		.loc 1 73 0
  51              		.cfi_startproc
  52              		@ args = 0, pretend = 0, frame = 0
  53              		@ frame_needed = 0, uses_anonymous_args = 0
  54              	.LVL1:
  55 0000 08B5     		push	{r3, lr}
ARM GAS  /tmp/cc9dVgqC.s 			page 2


  56              		.cfi_def_cfa_offset 8
  57              		.cfi_offset 3, -8
  58              		.cfi_offset 14, -4
  59              		.loc 1 77 0
  60              	@ 77 "../os/kernel/src/chcond.c" 1
  61 0002 FFF7FEFF 		bl      _port_lock
  62              	@ 0 "" 2
  63              		.loc 1 78 0
  64              		.thumb
  65 0006 0368     		ldr	r3, [r0]
  66 0008 8342     		cmp	r3, r0
  67 000a 04D0     		beq	.L3
  68              		.loc 1 79 0
  69 000c FFF7FEFF 		bl	fifo_remove
  70              	.LVL2:
  71 0010 0021     		movs	r1, #0
  72 0012 FFF7FEFF 		bl	chSchWakeupS
  73              	.LVL3:
  74              	.L3:
  75              		.loc 1 80 0
  76              	@ 80 "../os/kernel/src/chcond.c" 1
  77 0016 FFF7FEFF 		bl      _port_unlock
  78              	@ 0 "" 2
  79              		.thumb
  80 001a 08BD     		pop	{r3, pc}
  81              		.cfi_endproc
  82              	.LFE1:
  83              		.size	chCondSignal, .-chCondSignal
  84 001c AFF30080 		.section	.text.chCondSignalI,"ax",%progbits
  85              		.align	2
  86              		.p2align 4,,15
  87              		.global	chCondSignalI
  88              		.thumb
  89              		.thumb_func
  90              		.type	chCondSignalI, %function
  91              	chCondSignalI:
  92              	.LFB2:
  93              		.loc 1 94 0
  94              		.cfi_startproc
  95              		@ args = 0, pretend = 0, frame = 0
  96              		@ frame_needed = 0, uses_anonymous_args = 0
  97              	.LVL4:
  98 0000 08B5     		push	{r3, lr}
  99              		.cfi_def_cfa_offset 8
 100              		.cfi_offset 3, -8
 101              		.cfi_offset 14, -4
 102              		.loc 1 99 0
 103 0002 0368     		ldr	r3, [r0]
 104 0004 8342     		cmp	r3, r0
 105 0006 05D0     		beq	.L5
 106              		.loc 1 100 0
 107 0008 FFF7FEFF 		bl	fifo_remove
 108              	.LVL5:
 109 000c FFF7FEFF 		bl	chSchReadyI
 110              	.LVL6:
 111 0010 0023     		movs	r3, #0
 112 0012 4361     		str	r3, [r0, #20]
ARM GAS  /tmp/cc9dVgqC.s 			page 3


 113              	.L5:
 114 0014 08BD     		pop	{r3, pc}
 115              		.cfi_endproc
 116              	.LFE2:
 117              		.size	chCondSignalI, .-chCondSignalI
 118 0016 00BFAFF3 		.section	.text.chCondBroadcastI,"ax",%progbits
 118      0080AFF3 
 118      0080
 119              		.align	2
 120              		.p2align 4,,15
 121              		.global	chCondBroadcastI
 122              		.thumb
 123              		.thumb_func
 124              		.type	chCondBroadcastI, %function
 125              	chCondBroadcastI:
 126              	.LFB4:
 127              		.loc 1 129 0
 128              		.cfi_startproc
 129              		@ args = 0, pretend = 0, frame = 0
 130              		@ frame_needed = 0, uses_anonymous_args = 0
 131              	.LVL7:
 132 0000 38B5     		push	{r3, r4, r5, lr}
 133              		.cfi_def_cfa_offset 16
 134              		.cfi_offset 3, -16
 135              		.cfi_offset 4, -12
 136              		.cfi_offset 5, -8
 137              		.cfi_offset 14, -4
 138              		.loc 1 137 0
 139 0002 0368     		ldr	r3, [r0]
 140              		.loc 1 129 0
 141 0004 0446     		mov	r4, r0
 142              		.loc 1 137 0
 143 0006 8342     		cmp	r3, r0
 144 0008 0AD0     		beq	.L7
 145              		.loc 1 138 0
 146 000a 6FF00105 		mvn	r5, #1
 147              	.LVL8:
 148              	.L10:
 149 000e 2046     		mov	r0, r4
 150 0010 FFF7FEFF 		bl	fifo_remove
 151              	.LVL9:
 152 0014 FFF7FEFF 		bl	chSchReadyI
 153              	.LVL10:
 154 0018 4561     		str	r5, [r0, #20]
 155              		.loc 1 137 0
 156 001a 2368     		ldr	r3, [r4]
 157 001c A342     		cmp	r3, r4
 158 001e F6D1     		bne	.L10
 159              	.L7:
 160 0020 38BD     		pop	{r3, r4, r5, pc}
 161              		.cfi_endproc
 162              	.LFE4:
 163              		.size	chCondBroadcastI, .-chCondBroadcastI
 164 0022 00BFAFF3 		.section	.text.chCondBroadcast,"ax",%progbits
 164      0080AFF3 
 164      0080AFF3 
 164      0080
ARM GAS  /tmp/cc9dVgqC.s 			page 4


 165              		.align	2
 166              		.p2align 4,,15
 167              		.global	chCondBroadcast
 168              		.thumb
 169              		.thumb_func
 170              		.type	chCondBroadcast, %function
 171              	chCondBroadcast:
 172              	.LFB3:
 173              		.loc 1 110 0
 174              		.cfi_startproc
 175              		@ args = 0, pretend = 0, frame = 0
 176              		@ frame_needed = 0, uses_anonymous_args = 0
 177              	.LVL11:
 178 0000 08B5     		push	{r3, lr}
 179              		.cfi_def_cfa_offset 8
 180              		.cfi_offset 3, -8
 181              		.cfi_offset 14, -4
 182              		.loc 1 112 0
 183              	@ 112 "../os/kernel/src/chcond.c" 1
 184 0002 FFF7FEFF 		bl      _port_lock
 185              	@ 0 "" 2
 186              		.loc 1 113 0
 187              		.thumb
 188 0006 FFF7FEFF 		bl	chCondBroadcastI
 189              	.LVL12:
 190              		.loc 1 114 0
 191 000a FFF7FEFF 		bl	chSchRescheduleS
 192              	.LVL13:
 193              		.loc 1 115 0
 194              	@ 115 "../os/kernel/src/chcond.c" 1
 195 000e FFF7FEFF 		bl      _port_unlock
 196              	@ 0 "" 2
 197              		.thumb
 198 0012 08BD     		pop	{r3, pc}
 199              		.cfi_endproc
 200              	.LFE3:
 201              		.size	chCondBroadcast, .-chCondBroadcast
 202 0014 AFF30080 		.section	.text.chCondWaitS,"ax",%progbits
 202      AFF30080 
 202      AFF30080 
 203              		.align	2
 204              		.p2align 4,,15
 205              		.global	chCondWaitS
 206              		.thumb
 207              		.thumb_func
 208              		.type	chCondWaitS, %function
 209              	chCondWaitS:
 210              	.LFB6:
 211              		.loc 1 184 0
 212              		.cfi_startproc
 213              		@ args = 0, pretend = 0, frame = 0
 214              		@ frame_needed = 0, uses_anonymous_args = 0
 215              	.LVL14:
 216 0000 70B5     		push	{r4, r5, r6, lr}
 217              		.cfi_def_cfa_offset 16
 218              		.cfi_offset 4, -16
 219              		.cfi_offset 5, -12
ARM GAS  /tmp/cc9dVgqC.s 			page 5


 220              		.cfi_offset 6, -8
 221              		.cfi_offset 14, -4
 222              		.loc 1 185 0
 223 0002 0A4B     		ldr	r3, .L13
 224              		.loc 1 184 0
 225 0004 0546     		mov	r5, r0
 226              		.loc 1 185 0
 227 0006 1C69     		ldr	r4, [r3, #16]
 228              	.LVL15:
 229              		.loc 1 195 0
 230 0008 FFF7FEFF 		bl	chMtxUnlockS
 231              	.LVL16:
 232              		.loc 1 197 0
 233 000c 2946     		mov	r1, r5
 234              		.loc 1 195 0
 235 000e 0646     		mov	r6, r0
 236              	.LVL17:
 237              		.loc 1 196 0
 238 0010 6561     		str	r5, [r4, #20]
 239              		.loc 1 197 0
 240 0012 2046     		mov	r0, r4
 241              	.LVL18:
 242 0014 FFF7FEFF 		bl	prio_insert
 243              	.LVL19:
 244              		.loc 1 198 0
 245 0018 0520     		movs	r0, #5
 246 001a FFF7FEFF 		bl	chSchGoSleepS
 247              	.LVL20:
 248              		.loc 1 199 0
 249 001e 6469     		ldr	r4, [r4, #20]
 250              	.LVL21:
 251              		.loc 1 200 0
 252 0020 3046     		mov	r0, r6
 253 0022 FFF7FEFF 		bl	chMtxLockS
 254              	.LVL22:
 255              		.loc 1 202 0
 256 0026 2046     		mov	r0, r4
 257 0028 70BD     		pop	{r4, r5, r6, pc}
 258              	.LVL23:
 259              	.L14:
 260 002a 00BF     		.align	2
 261              	.L13:
 262 002c 00000000 		.word	rlist
 263              		.cfi_endproc
 264              	.LFE6:
 265              		.size	chCondWaitS, .-chCondWaitS
 266              		.section	.text.chCondWait,"ax",%progbits
 267              		.align	2
 268              		.p2align 4,,15
 269              		.global	chCondWait
 270              		.thumb
 271              		.thumb_func
 272              		.type	chCondWait, %function
 273              	chCondWait:
 274              	.LFB5:
 275              		.loc 1 158 0
 276              		.cfi_startproc
ARM GAS  /tmp/cc9dVgqC.s 			page 6


 277              		@ args = 0, pretend = 0, frame = 0
 278              		@ frame_needed = 0, uses_anonymous_args = 0
 279              	.LVL24:
 280 0000 08B5     		push	{r3, lr}
 281              		.cfi_def_cfa_offset 8
 282              		.cfi_offset 3, -8
 283              		.cfi_offset 14, -4
 284              		.loc 1 161 0
 285              	@ 161 "../os/kernel/src/chcond.c" 1
 286 0002 FFF7FEFF 		bl      _port_lock
 287              	@ 0 "" 2
 288              		.loc 1 162 0
 289              		.thumb
 290 0006 FFF7FEFF 		bl	chCondWaitS
 291              	.LVL25:
 292              		.loc 1 163 0
 293              	@ 163 "../os/kernel/src/chcond.c" 1
 294 000a FFF7FEFF 		bl      _port_unlock
 295              	@ 0 "" 2
 296              		.loc 1 165 0
 297              		.thumb
 298 000e 08BD     		pop	{r3, pc}
 299              		.cfi_endproc
 300              	.LFE5:
 301              		.size	chCondWait, .-chCondWait
 302              		.section	.text.chCondWaitTimeoutS,"ax",%progbits
 303              		.align	2
 304              		.p2align 4,,15
 305              		.global	chCondWaitTimeoutS
 306              		.thumb
 307              		.thumb_func
 308              		.type	chCondWaitTimeoutS, %function
 309              	chCondWaitTimeoutS:
 310              	.LFB8:
 311              		.loc 1 270 0
 312              		.cfi_startproc
 313              		@ args = 0, pretend = 0, frame = 0
 314              		@ frame_needed = 0, uses_anonymous_args = 0
 315              	.LVL26:
 316 0000 70B5     		push	{r4, r5, r6, lr}
 317              		.cfi_def_cfa_offset 16
 318              		.cfi_offset 4, -16
 319              		.cfi_offset 5, -12
 320              		.cfi_offset 6, -8
 321              		.cfi_offset 14, -4
 322              		.loc 1 270 0
 323 0002 0446     		mov	r4, r0
 324 0004 0D46     		mov	r5, r1
 325              		.loc 1 280 0
 326 0006 FFF7FEFF 		bl	chMtxUnlockS
 327              	.LVL27:
 328              		.loc 1 281 0
 329 000a 094B     		ldr	r3, .L21
 330              		.loc 1 280 0
 331 000c 0646     		mov	r6, r0
 332              	.LVL28:
 333              		.loc 1 281 0
ARM GAS  /tmp/cc9dVgqC.s 			page 7


 334 000e 1869     		ldr	r0, [r3, #16]
 335              	.LVL29:
 336              		.loc 1 282 0
 337 0010 2146     		mov	r1, r4
 338              		.loc 1 281 0
 339 0012 4461     		str	r4, [r0, #20]
 340              		.loc 1 282 0
 341 0014 FFF7FEFF 		bl	prio_insert
 342              	.LVL30:
 343              		.loc 1 283 0
 344 0018 2946     		mov	r1, r5
 345 001a 0520     		movs	r0, #5
 346 001c FFF7FEFF 		bl	chSchGoSleepTimeoutS
 347              	.LVL31:
 348              		.loc 1 284 0
 349 0020 431C     		adds	r3, r0, #1
 350              		.loc 1 283 0
 351 0022 0446     		mov	r4, r0
 352              	.LVL32:
 353              		.loc 1 284 0
 354 0024 02D0     		beq	.L17
 355              		.loc 1 285 0
 356 0026 3046     		mov	r0, r6
 357              	.LVL33:
 358 0028 FFF7FEFF 		bl	chMtxLockS
 359              	.LVL34:
 360              	.L17:
 361              		.loc 1 287 0
 362 002c 2046     		mov	r0, r4
 363 002e 70BD     		pop	{r4, r5, r6, pc}
 364              	.LVL35:
 365              	.L22:
 366              		.align	2
 367              	.L21:
 368 0030 00000000 		.word	rlist
 369              		.cfi_endproc
 370              	.LFE8:
 371              		.size	chCondWaitTimeoutS, .-chCondWaitTimeoutS
 372 0034 AFF30080 		.section	.text.chCondWaitTimeout,"ax",%progbits
 372      AFF30080 
 372      AFF30080 
 373              		.align	2
 374              		.p2align 4,,15
 375              		.global	chCondWaitTimeout
 376              		.thumb
 377              		.thumb_func
 378              		.type	chCondWaitTimeout, %function
 379              	chCondWaitTimeout:
 380              	.LFB7:
 381              		.loc 1 233 0
 382              		.cfi_startproc
 383              		@ args = 0, pretend = 0, frame = 0
 384              		@ frame_needed = 0, uses_anonymous_args = 0
 385              	.LVL36:
 386 0000 08B5     		push	{r3, lr}
 387              		.cfi_def_cfa_offset 8
 388              		.cfi_offset 3, -8
ARM GAS  /tmp/cc9dVgqC.s 			page 8


 389              		.cfi_offset 14, -4
 390              		.loc 1 236 0
 391              	@ 236 "../os/kernel/src/chcond.c" 1
 392 0002 FFF7FEFF 		bl      _port_lock
 393              	@ 0 "" 2
 394              		.loc 1 237 0
 395              		.thumb
 396 0006 FFF7FEFF 		bl	chCondWaitTimeoutS
 397              	.LVL37:
 398              		.loc 1 238 0
 399              	@ 238 "../os/kernel/src/chcond.c" 1
 400 000a FFF7FEFF 		bl      _port_unlock
 401              	@ 0 "" 2
 402              		.loc 1 240 0
 403              		.thumb
 404 000e 08BD     		pop	{r3, pc}
 405              		.cfi_endproc
 406              	.LFE7:
 407              		.size	chCondWaitTimeout, .-chCondWaitTimeout
 408              		.text
 409              	.Letext0:
 410              		.file 2 "/usr/include/newlib/machine/_default_types.h"
 411              		.file 3 "/usr/include/newlib/stdint.h"
 412              		.file 4 "../os/ports/GCC/ARMCMx/chtypes.h"
 413              		.file 5 "../os/kernel/include/chlists.h"
 414              		.file 6 "../os/kernel/include/chthreads.h"
 415              		.file 7 "../os/ports/GCC/ARMCMx/chcore_v7m.h"
 416              		.file 8 "../os/kernel/include/chschd.h"
 417              		.file 9 "../os/kernel/include/chmtx.h"
 418              		.file 10 "../os/kernel/include/chcond.h"
 419              		.section	.debug_info,"",%progbits
 420              	.Ldebug_info0:
 421 0000 67070000 		.4byte	0x767
 422 0004 0400     		.2byte	0x4
 423 0006 00000000 		.4byte	.Ldebug_abbrev0
 424 000a 04       		.byte	0x4
 425 000b 01       		.uleb128 0x1
 426 000c 2D020000 		.4byte	.LASF75
 427 0010 01       		.byte	0x1
 428 0011 5A000000 		.4byte	.LASF76
 429 0015 11010000 		.4byte	.LASF77
 430 0019 00000000 		.4byte	.Ldebug_ranges0+0
 431 001d 00000000 		.4byte	0
 432 0021 00000000 		.4byte	.Ldebug_line0
 433 0025 02       		.uleb128 0x2
 434 0026 04       		.byte	0x4
 435 0027 05       		.byte	0x5
 436 0028 696E7400 		.ascii	"int\000"
 437 002c 03       		.uleb128 0x3
 438 002d 04       		.byte	0x4
 439 002e 07       		.byte	0x7
 440 002f 04010000 		.4byte	.LASF0
 441 0033 03       		.uleb128 0x3
 442 0034 01       		.byte	0x1
 443 0035 06       		.byte	0x6
 444 0036 82000000 		.4byte	.LASF1
 445 003a 04       		.uleb128 0x4
ARM GAS  /tmp/cc9dVgqC.s 			page 9


 446 003b 18000000 		.4byte	.LASF5
 447 003f 02       		.byte	0x2
 448 0040 1D       		.byte	0x1d
 449 0041 45000000 		.4byte	0x45
 450 0045 03       		.uleb128 0x3
 451 0046 01       		.byte	0x1
 452 0047 08       		.byte	0x8
 453 0048 0E030000 		.4byte	.LASF2
 454 004c 03       		.uleb128 0x3
 455 004d 02       		.byte	0x2
 456 004e 05       		.byte	0x5
 457 004f 26030000 		.4byte	.LASF3
 458 0053 03       		.uleb128 0x3
 459 0054 02       		.byte	0x2
 460 0055 07       		.byte	0x7
 461 0056 79010000 		.4byte	.LASF4
 462 005a 04       		.uleb128 0x4
 463 005b CC030000 		.4byte	.LASF6
 464 005f 02       		.byte	0x2
 465 0060 3F       		.byte	0x3f
 466 0061 65000000 		.4byte	0x65
 467 0065 03       		.uleb128 0x3
 468 0066 04       		.byte	0x4
 469 0067 05       		.byte	0x5
 470 0068 A8000000 		.4byte	.LASF7
 471 006c 04       		.uleb128 0x4
 472 006d D6000000 		.4byte	.LASF8
 473 0071 02       		.byte	0x2
 474 0072 41       		.byte	0x41
 475 0073 77000000 		.4byte	0x77
 476 0077 03       		.uleb128 0x3
 477 0078 04       		.byte	0x4
 478 0079 07       		.byte	0x7
 479 007a 67010000 		.4byte	.LASF9
 480 007e 03       		.uleb128 0x3
 481 007f 08       		.byte	0x8
 482 0080 05       		.byte	0x5
 483 0081 74000000 		.4byte	.LASF10
 484 0085 03       		.uleb128 0x3
 485 0086 08       		.byte	0x8
 486 0087 07       		.byte	0x7
 487 0088 22000000 		.4byte	.LASF11
 488 008c 04       		.uleb128 0x4
 489 008d 18040000 		.4byte	.LASF12
 490 0091 03       		.byte	0x3
 491 0092 2A       		.byte	0x2a
 492 0093 3A000000 		.4byte	0x3a
 493 0097 04       		.uleb128 0x4
 494 0098 06030000 		.4byte	.LASF13
 495 009c 03       		.byte	0x3
 496 009d 41       		.byte	0x41
 497 009e 5A000000 		.4byte	0x5a
 498 00a2 04       		.uleb128 0x4
 499 00a3 87030000 		.4byte	.LASF14
 500 00a7 03       		.byte	0x3
 501 00a8 42       		.byte	0x42
 502 00a9 6C000000 		.4byte	0x6c
ARM GAS  /tmp/cc9dVgqC.s 			page 10


 503 00ad 03       		.uleb128 0x3
 504 00ae 01       		.byte	0x1
 505 00af 02       		.byte	0x2
 506 00b0 00030000 		.4byte	.LASF15
 507 00b4 04       		.uleb128 0x4
 508 00b5 9E010000 		.4byte	.LASF16
 509 00b9 04       		.byte	0x4
 510 00ba 2C       		.byte	0x2c
 511 00bb 8C000000 		.4byte	0x8c
 512 00bf 04       		.uleb128 0x4
 513 00c0 B1000000 		.4byte	.LASF17
 514 00c4 04       		.byte	0x4
 515 00c5 2D       		.byte	0x2d
 516 00c6 8C000000 		.4byte	0x8c
 517 00ca 04       		.uleb128 0x4
 518 00cb 96000000 		.4byte	.LASF18
 519 00cf 04       		.byte	0x4
 520 00d0 2F       		.byte	0x2f
 521 00d1 8C000000 		.4byte	0x8c
 522 00d5 04       		.uleb128 0x4
 523 00d6 25020000 		.4byte	.LASF19
 524 00da 04       		.byte	0x4
 525 00db 30       		.byte	0x30
 526 00dc A2000000 		.4byte	0xa2
 527 00e0 04       		.uleb128 0x4
 528 00e1 8C010000 		.4byte	.LASF20
 529 00e5 04       		.byte	0x4
 530 00e6 31       		.byte	0x31
 531 00e7 97000000 		.4byte	0x97
 532 00eb 04       		.uleb128 0x4
 533 00ec B2010000 		.4byte	.LASF21
 534 00f0 04       		.byte	0x4
 535 00f1 33       		.byte	0x33
 536 00f2 A2000000 		.4byte	0xa2
 537 00f6 04       		.uleb128 0x4
 538 00f7 B7030000 		.4byte	.LASF22
 539 00fb 04       		.byte	0x4
 540 00fc 35       		.byte	0x35
 541 00fd A2000000 		.4byte	0xa2
 542 0101 04       		.uleb128 0x4
 543 0102 5F030000 		.4byte	.LASF23
 544 0106 05       		.byte	0x5
 545 0107 2A       		.byte	0x2a
 546 0108 0C010000 		.4byte	0x10c
 547 010c 05       		.uleb128 0x5
 548 010d 5F030000 		.4byte	.LASF23
 549 0111 34       		.byte	0x34
 550 0112 06       		.byte	0x6
 551 0113 5E       		.byte	0x5e
 552 0114 C1010000 		.4byte	0x1c1
 553 0118 06       		.uleb128 0x6
 554 0119 50030000 		.4byte	.LASF24
 555 011d 06       		.byte	0x6
 556 011e 5F       		.byte	0x5f
 557 011f E2010000 		.4byte	0x1e2
 558 0123 00       		.byte	0
 559 0124 06       		.uleb128 0x6
ARM GAS  /tmp/cc9dVgqC.s 			page 11


 560 0125 1E020000 		.4byte	.LASF25
 561 0129 06       		.byte	0x6
 562 012a 61       		.byte	0x61
 563 012b E2010000 		.4byte	0x1e2
 564 012f 04       		.byte	0x4
 565 0130 06       		.uleb128 0x6
 566 0131 53000000 		.4byte	.LASF26
 567 0135 06       		.byte	0x6
 568 0136 63       		.byte	0x63
 569 0137 D5000000 		.4byte	0xd5
 570 013b 08       		.byte	0x8
 571 013c 06       		.uleb128 0x6
 572 013d 56040000 		.4byte	.LASF27
 573 0141 06       		.byte	0x6
 574 0142 64       		.byte	0x64
 575 0143 9C020000 		.4byte	0x29c
 576 0147 0C       		.byte	0xc
 577 0148 06       		.uleb128 0x6
 578 0149 30030000 		.4byte	.LASF28
 579 014d 06       		.byte	0x6
 580 014e 79       		.byte	0x79
 581 014f BF000000 		.4byte	0xbf
 582 0153 10       		.byte	0x10
 583 0154 06       		.uleb128 0x6
 584 0155 57030000 		.4byte	.LASF29
 585 0159 06       		.byte	0x6
 586 015a 7D       		.byte	0x7d
 587 015b B4000000 		.4byte	0xb4
 588 015f 11       		.byte	0x11
 589 0160 06       		.uleb128 0x6
 590 0161 38030000 		.4byte	.LASF30
 591 0165 06       		.byte	0x6
 592 0166 88       		.byte	0x88
 593 0167 CA000000 		.4byte	0xca
 594 016b 12       		.byte	0x12
 595 016c 07       		.uleb128 0x7
 596 016d 705F7500 		.ascii	"p_u\000"
 597 0171 06       		.byte	0x6
 598 0172 B4       		.byte	0xb4
 599 0173 6E030000 		.4byte	0x36e
 600 0177 14       		.byte	0x14
 601 0178 06       		.uleb128 0x6
 602 0179 5C040000 		.4byte	.LASF31
 603 017d 06       		.byte	0x6
 604 017e B9       		.byte	0xb9
 605 017f 08020000 		.4byte	0x208
 606 0183 18       		.byte	0x18
 607 0184 06       		.uleb128 0x6
 608 0185 F0030000 		.4byte	.LASF32
 609 0189 06       		.byte	0x6
 610 018a BF       		.byte	0xbf
 611 018b E8010000 		.4byte	0x1e8
 612 018f 1C       		.byte	0x1c
 613 0190 06       		.uleb128 0x6
 614 0191 00000000 		.4byte	.LASF33
 615 0195 06       		.byte	0x6
 616 0196 C3       		.byte	0xc3
ARM GAS  /tmp/cc9dVgqC.s 			page 12


 617 0197 E0000000 		.4byte	0xe0
 618 019b 24       		.byte	0x24
 619 019c 06       		.uleb128 0x6
 620 019d 7C030000 		.4byte	.LASF34
 621 01a1 06       		.byte	0x6
 622 01a2 C9       		.byte	0xc9
 623 01a3 EB000000 		.4byte	0xeb
 624 01a7 28       		.byte	0x28
 625 01a8 06       		.uleb128 0x6
 626 01a9 1C030000 		.4byte	.LASF35
 627 01ad 06       		.byte	0x6
 628 01ae D0       		.byte	0xd0
 629 01af A3030000 		.4byte	0x3a3
 630 01b3 2C       		.byte	0x2c
 631 01b4 06       		.uleb128 0x6
 632 01b5 C1030000 		.4byte	.LASF36
 633 01b9 06       		.byte	0x6
 634 01ba D4       		.byte	0xd4
 635 01bb D5000000 		.4byte	0xd5
 636 01bf 30       		.byte	0x30
 637 01c0 00       		.byte	0
 638 01c1 08       		.uleb128 0x8
 639 01c2 08       		.byte	0x8
 640 01c3 05       		.byte	0x5
 641 01c4 61       		.byte	0x61
 642 01c5 E2010000 		.4byte	0x1e2
 643 01c9 06       		.uleb128 0x6
 644 01ca 50030000 		.4byte	.LASF24
 645 01ce 05       		.byte	0x5
 646 01cf 62       		.byte	0x62
 647 01d0 E2010000 		.4byte	0x1e2
 648 01d4 00       		.byte	0
 649 01d5 06       		.uleb128 0x6
 650 01d6 1E020000 		.4byte	.LASF25
 651 01da 05       		.byte	0x5
 652 01db 64       		.byte	0x64
 653 01dc E2010000 		.4byte	0x1e2
 654 01e0 04       		.byte	0x4
 655 01e1 00       		.byte	0
 656 01e2 09       		.uleb128 0x9
 657 01e3 04       		.byte	0x4
 658 01e4 01010000 		.4byte	0x101
 659 01e8 04       		.uleb128 0x4
 660 01e9 F2010000 		.4byte	.LASF37
 661 01ed 05       		.byte	0x5
 662 01ee 66       		.byte	0x66
 663 01ef C1010000 		.4byte	0x1c1
 664 01f3 08       		.uleb128 0x8
 665 01f4 04       		.byte	0x4
 666 01f5 05       		.byte	0x5
 667 01f6 6B       		.byte	0x6b
 668 01f7 08020000 		.4byte	0x208
 669 01fb 06       		.uleb128 0x6
 670 01fc 50030000 		.4byte	.LASF24
 671 0200 05       		.byte	0x5
 672 0201 6D       		.byte	0x6d
 673 0202 E2010000 		.4byte	0x1e2
ARM GAS  /tmp/cc9dVgqC.s 			page 13


 674 0206 00       		.byte	0
 675 0207 00       		.byte	0
 676 0208 04       		.uleb128 0x4
 677 0209 A6010000 		.4byte	.LASF38
 678 020d 05       		.byte	0x5
 679 020e 70       		.byte	0x70
 680 020f F3010000 		.4byte	0x1f3
 681 0213 04       		.uleb128 0x4
 682 0214 E1000000 		.4byte	.LASF39
 683 0218 07       		.byte	0x7
 684 0219 E5       		.byte	0xe5
 685 021a 1E020000 		.4byte	0x21e
 686 021e 0A       		.uleb128 0xa
 687 021f 04       		.byte	0x4
 688 0220 0B       		.uleb128 0xb
 689 0221 E9030000 		.4byte	.LASF40
 690 0225 24       		.byte	0x24
 691 0226 07       		.byte	0x7
 692 0227 0C01     		.2byte	0x10c
 693 0229 9C020000 		.4byte	0x29c
 694 022d 0C       		.uleb128 0xc
 695 022e 723400   		.ascii	"r4\000"
 696 0231 07       		.byte	0x7
 697 0232 1F01     		.2byte	0x11f
 698 0234 13020000 		.4byte	0x213
 699 0238 00       		.byte	0
 700 0239 0C       		.uleb128 0xc
 701 023a 723500   		.ascii	"r5\000"
 702 023d 07       		.byte	0x7
 703 023e 2001     		.2byte	0x120
 704 0240 13020000 		.4byte	0x213
 705 0244 04       		.byte	0x4
 706 0245 0C       		.uleb128 0xc
 707 0246 723600   		.ascii	"r6\000"
 708 0249 07       		.byte	0x7
 709 024a 2101     		.2byte	0x121
 710 024c 13020000 		.4byte	0x213
 711 0250 08       		.byte	0x8
 712 0251 0C       		.uleb128 0xc
 713 0252 723700   		.ascii	"r7\000"
 714 0255 07       		.byte	0x7
 715 0256 2201     		.2byte	0x122
 716 0258 13020000 		.4byte	0x213
 717 025c 0C       		.byte	0xc
 718 025d 0C       		.uleb128 0xc
 719 025e 723800   		.ascii	"r8\000"
 720 0261 07       		.byte	0x7
 721 0262 2301     		.2byte	0x123
 722 0264 13020000 		.4byte	0x213
 723 0268 10       		.byte	0x10
 724 0269 0C       		.uleb128 0xc
 725 026a 723900   		.ascii	"r9\000"
 726 026d 07       		.byte	0x7
 727 026e 2401     		.2byte	0x124
 728 0270 13020000 		.4byte	0x213
 729 0274 14       		.byte	0x14
 730 0275 0C       		.uleb128 0xc
ARM GAS  /tmp/cc9dVgqC.s 			page 14


 731 0276 72313000 		.ascii	"r10\000"
 732 027a 07       		.byte	0x7
 733 027b 2501     		.2byte	0x125
 734 027d 13020000 		.4byte	0x213
 735 0281 18       		.byte	0x18
 736 0282 0C       		.uleb128 0xc
 737 0283 72313100 		.ascii	"r11\000"
 738 0287 07       		.byte	0x7
 739 0288 2601     		.2byte	0x126
 740 028a 13020000 		.4byte	0x213
 741 028e 1C       		.byte	0x1c
 742 028f 0C       		.uleb128 0xc
 743 0290 6C7200   		.ascii	"lr\000"
 744 0293 07       		.byte	0x7
 745 0294 2701     		.2byte	0x127
 746 0296 13020000 		.4byte	0x213
 747 029a 20       		.byte	0x20
 748 029b 00       		.byte	0
 749 029c 0B       		.uleb128 0xb
 750 029d E1030000 		.4byte	.LASF41
 751 02a1 04       		.byte	0x4
 752 02a2 07       		.byte	0x7
 753 02a3 3101     		.2byte	0x131
 754 02a5 B7020000 		.4byte	0x2b7
 755 02a9 0C       		.uleb128 0xc
 756 02aa 72313300 		.ascii	"r13\000"
 757 02ae 07       		.byte	0x7
 758 02af 3201     		.2byte	0x132
 759 02b1 B7020000 		.4byte	0x2b7
 760 02b5 00       		.byte	0
 761 02b6 00       		.byte	0
 762 02b7 09       		.uleb128 0x9
 763 02b8 04       		.byte	0x4
 764 02b9 20020000 		.4byte	0x220
 765 02bd 03       		.uleb128 0x3
 766 02be 04       		.byte	0x4
 767 02bf 07       		.byte	0x7
 768 02c0 C4010000 		.4byte	.LASF42
 769 02c4 08       		.uleb128 0x8
 770 02c5 14       		.byte	0x14
 771 02c6 08       		.byte	0x8
 772 02c7 5E       		.byte	0x5e
 773 02c8 FD020000 		.4byte	0x2fd
 774 02cc 06       		.uleb128 0x6
 775 02cd 90030000 		.4byte	.LASF43
 776 02d1 08       		.byte	0x8
 777 02d2 5F       		.byte	0x5f
 778 02d3 E8010000 		.4byte	0x1e8
 779 02d7 00       		.byte	0
 780 02d8 06       		.uleb128 0x6
 781 02d9 42030000 		.4byte	.LASF44
 782 02dd 08       		.byte	0x8
 783 02de 60       		.byte	0x60
 784 02df D5000000 		.4byte	0xd5
 785 02e3 08       		.byte	0x8
 786 02e4 06       		.uleb128 0x6
 787 02e5 EC010000 		.4byte	.LASF45
ARM GAS  /tmp/cc9dVgqC.s 			page 15


 788 02e9 08       		.byte	0x8
 789 02ea 62       		.byte	0x62
 790 02eb 9C020000 		.4byte	0x29c
 791 02ef 0C       		.byte	0xc
 792 02f0 06       		.uleb128 0x6
 793 02f1 04020000 		.4byte	.LASF46
 794 02f5 08       		.byte	0x8
 795 02f6 69       		.byte	0x69
 796 02f7 E2010000 		.4byte	0x1e2
 797 02fb 10       		.byte	0x10
 798 02fc 00       		.byte	0
 799 02fd 04       		.uleb128 0x4
 800 02fe 08040000 		.4byte	.LASF47
 801 0302 08       		.byte	0x8
 802 0303 6B       		.byte	0x6b
 803 0304 C4020000 		.4byte	0x2c4
 804 0308 05       		.uleb128 0x5
 805 0309 BE010000 		.4byte	.LASF48
 806 030d 10       		.byte	0x10
 807 030e 09       		.byte	0x9
 808 030f 2C       		.byte	0x2c
 809 0310 39030000 		.4byte	0x339
 810 0314 06       		.uleb128 0x6
 811 0315 8E000000 		.4byte	.LASF49
 812 0319 09       		.byte	0x9
 813 031a 2D       		.byte	0x2d
 814 031b E8010000 		.4byte	0x1e8
 815 031f 00       		.byte	0
 816 0320 06       		.uleb128 0x6
 817 0321 4E040000 		.4byte	.LASF50
 818 0325 09       		.byte	0x9
 819 0326 2F       		.byte	0x2f
 820 0327 E2010000 		.4byte	0x1e2
 821 032b 08       		.byte	0x8
 822 032c 06       		.uleb128 0x6
 823 032d B0030000 		.4byte	.LASF51
 824 0331 09       		.byte	0x9
 825 0332 31       		.byte	0x31
 826 0333 39030000 		.4byte	0x339
 827 0337 0C       		.byte	0xc
 828 0338 00       		.byte	0
 829 0339 09       		.uleb128 0x9
 830 033a 04       		.byte	0x4
 831 033b 08030000 		.4byte	0x308
 832 033f 04       		.uleb128 0x4
 833 0340 BE010000 		.4byte	.LASF48
 834 0344 09       		.byte	0x9
 835 0345 33       		.byte	0x33
 836 0346 08030000 		.4byte	0x308
 837 034a 05       		.uleb128 0x5
 838 034b A0000000 		.4byte	.LASF52
 839 034f 08       		.byte	0x8
 840 0350 0A       		.byte	0xa
 841 0351 36       		.byte	0x36
 842 0352 63030000 		.4byte	0x363
 843 0356 06       		.uleb128 0x6
 844 0357 66030000 		.4byte	.LASF53
ARM GAS  /tmp/cc9dVgqC.s 			page 16


 845 035b 0A       		.byte	0xa
 846 035c 37       		.byte	0x37
 847 035d E8010000 		.4byte	0x1e8
 848 0361 00       		.byte	0
 849 0362 00       		.byte	0
 850 0363 04       		.uleb128 0x4
 851 0364 A0000000 		.4byte	.LASF52
 852 0368 0A       		.byte	0xa
 853 0369 38       		.byte	0x38
 854 036a 4A030000 		.4byte	0x34a
 855 036e 0D       		.uleb128 0xd
 856 036f 04       		.byte	0x4
 857 0370 06       		.byte	0x6
 858 0371 96       		.byte	0x96
 859 0372 A3030000 		.4byte	0x3a3
 860 0376 0E       		.uleb128 0xe
 861 0377 11000000 		.4byte	.LASF54
 862 037b 06       		.byte	0x6
 863 037c 9D       		.byte	0x9d
 864 037d E0000000 		.4byte	0xe0
 865 0381 0E       		.uleb128 0xe
 866 0382 39000000 		.4byte	.LASF55
 867 0386 06       		.byte	0x6
 868 0387 A4       		.byte	0xa4
 869 0388 E0000000 		.4byte	0xe0
 870 038c 0E       		.uleb128 0xe
 871 038d 20040000 		.4byte	.LASF56
 872 0391 06       		.byte	0x6
 873 0392 AB       		.byte	0xab
 874 0393 1E020000 		.4byte	0x21e
 875 0397 0E       		.uleb128 0xe
 876 0398 49030000 		.4byte	.LASF57
 877 039c 06       		.byte	0x6
 878 039d B2       		.byte	0xb2
 879 039e EB000000 		.4byte	0xeb
 880 03a2 00       		.byte	0
 881 03a3 09       		.uleb128 0x9
 882 03a4 04       		.byte	0x4
 883 03a5 3F030000 		.4byte	0x33f
 884 03a9 0F       		.uleb128 0xf
 885 03aa 06000000 		.4byte	.LASF58
 886 03ae 01       		.byte	0x1
 887 03af 3B       		.byte	0x3b
 888 03b0 00000000 		.4byte	.LFB0
 889 03b4 06000000 		.4byte	.LFE0-.LFB0
 890 03b8 01       		.uleb128 0x1
 891 03b9 9C       		.byte	0x9c
 892 03ba CB030000 		.4byte	0x3cb
 893 03be 10       		.uleb128 0x10
 894 03bf 637000   		.ascii	"cp\000"
 895 03c2 01       		.byte	0x1
 896 03c3 3B       		.byte	0x3b
 897 03c4 CB030000 		.4byte	0x3cb
 898 03c8 01       		.uleb128 0x1
 899 03c9 50       		.byte	0x50
 900 03ca 00       		.byte	0
 901 03cb 09       		.uleb128 0x9
ARM GAS  /tmp/cc9dVgqC.s 			page 17


 902 03cc 04       		.byte	0x4
 903 03cd 63030000 		.4byte	0x363
 904 03d1 0F       		.uleb128 0xf
 905 03d2 EA000000 		.4byte	.LASF59
 906 03d6 01       		.byte	0x1
 907 03d7 49       		.byte	0x49
 908 03d8 00000000 		.4byte	.LFB1
 909 03dc 1C000000 		.4byte	.LFE1-.LFB1
 910 03e0 01       		.uleb128 0x1
 911 03e1 9C       		.byte	0x9c
 912 03e2 19040000 		.4byte	0x419
 913 03e6 11       		.uleb128 0x11
 914 03e7 637000   		.ascii	"cp\000"
 915 03ea 01       		.byte	0x1
 916 03eb 49       		.byte	0x49
 917 03ec CB030000 		.4byte	0x3cb
 918 03f0 00000000 		.4byte	.LLST0
 919 03f4 12       		.uleb128 0x12
 920 03f5 10000000 		.4byte	.LVL2
 921 03f9 C4060000 		.4byte	0x6c4
 922 03fd 09040000 		.4byte	0x409
 923 0401 13       		.uleb128 0x13
 924 0402 01       		.uleb128 0x1
 925 0403 50       		.byte	0x50
 926 0404 03       		.uleb128 0x3
 927 0405 F3       		.byte	0xf3
 928 0406 01       		.uleb128 0x1
 929 0407 50       		.byte	0x50
 930 0408 00       		.byte	0
 931 0409 14       		.uleb128 0x14
 932 040a 16000000 		.4byte	.LVL3
 933 040e DF060000 		.4byte	0x6df
 934 0412 13       		.uleb128 0x13
 935 0413 01       		.uleb128 0x1
 936 0414 51       		.byte	0x51
 937 0415 01       		.uleb128 0x1
 938 0416 30       		.byte	0x30
 939 0417 00       		.byte	0
 940 0418 00       		.byte	0
 941 0419 0F       		.uleb128 0xf
 942 041a F2020000 		.4byte	.LASF60
 943 041e 01       		.byte	0x1
 944 041f 5E       		.byte	0x5e
 945 0420 00000000 		.4byte	.LFB2
 946 0424 16000000 		.4byte	.LFE2-.LFB2
 947 0428 01       		.uleb128 0x1
 948 0429 9C       		.byte	0x9c
 949 042a 5B040000 		.4byte	0x45b
 950 042e 11       		.uleb128 0x11
 951 042f 637000   		.ascii	"cp\000"
 952 0432 01       		.byte	0x1
 953 0433 5E       		.byte	0x5e
 954 0434 CB030000 		.4byte	0x3cb
 955 0438 21000000 		.4byte	.LLST1
 956 043c 12       		.uleb128 0x12
 957 043d 0C000000 		.4byte	.LVL5
 958 0441 C4060000 		.4byte	0x6c4
ARM GAS  /tmp/cc9dVgqC.s 			page 18


 959 0445 51040000 		.4byte	0x451
 960 0449 13       		.uleb128 0x13
 961 044a 01       		.uleb128 0x1
 962 044b 50       		.byte	0x50
 963 044c 03       		.uleb128 0x3
 964 044d F3       		.byte	0xf3
 965 044e 01       		.uleb128 0x1
 966 044f 50       		.byte	0x50
 967 0450 00       		.byte	0
 968 0451 15       		.uleb128 0x15
 969 0452 10000000 		.4byte	.LVL6
 970 0456 F5060000 		.4byte	0x6f5
 971 045a 00       		.byte	0
 972 045b 0F       		.uleb128 0xf
 973 045c 42000000 		.4byte	.LASF61
 974 0460 01       		.byte	0x1
 975 0461 81       		.byte	0x81
 976 0462 00000000 		.4byte	.LFB4
 977 0466 22000000 		.4byte	.LFE4-.LFB4
 978 046a 01       		.uleb128 0x1
 979 046b 9C       		.byte	0x9c
 980 046c 9C040000 		.4byte	0x49c
 981 0470 11       		.uleb128 0x11
 982 0471 637000   		.ascii	"cp\000"
 983 0474 01       		.byte	0x1
 984 0475 81       		.byte	0x81
 985 0476 CB030000 		.4byte	0x3cb
 986 047a 42000000 		.4byte	.LLST2
 987 047e 12       		.uleb128 0x12
 988 047f 14000000 		.4byte	.LVL9
 989 0483 C4060000 		.4byte	0x6c4
 990 0487 92040000 		.4byte	0x492
 991 048b 13       		.uleb128 0x13
 992 048c 01       		.uleb128 0x1
 993 048d 50       		.byte	0x50
 994 048e 02       		.uleb128 0x2
 995 048f 74       		.byte	0x74
 996 0490 00       		.sleb128 0
 997 0491 00       		.byte	0
 998 0492 15       		.uleb128 0x15
 999 0493 18000000 		.4byte	.LVL10
 1000 0497 F5060000 		.4byte	0x6f5
 1001 049b 00       		.byte	0
 1002 049c 0F       		.uleb128 0xf
 1003 049d 0E020000 		.4byte	.LASF62
 1004 04a1 01       		.byte	0x1
 1005 04a2 6E       		.byte	0x6e
 1006 04a3 00000000 		.4byte	.LFB3
 1007 04a7 14000000 		.4byte	.LFE3-.LFB3
 1008 04ab 01       		.uleb128 0x1
 1009 04ac 9C       		.byte	0x9c
 1010 04ad DE040000 		.4byte	0x4de
 1011 04b1 11       		.uleb128 0x11
 1012 04b2 637000   		.ascii	"cp\000"
 1013 04b5 01       		.byte	0x1
 1014 04b6 6E       		.byte	0x6e
 1015 04b7 CB030000 		.4byte	0x3cb
ARM GAS  /tmp/cc9dVgqC.s 			page 19


 1016 04bb 60000000 		.4byte	.LLST3
 1017 04bf 12       		.uleb128 0x12
 1018 04c0 0A000000 		.4byte	.LVL12
 1019 04c4 5B040000 		.4byte	0x45b
 1020 04c8 D4040000 		.4byte	0x4d4
 1021 04cc 13       		.uleb128 0x13
 1022 04cd 01       		.uleb128 0x1
 1023 04ce 50       		.byte	0x50
 1024 04cf 03       		.uleb128 0x3
 1025 04d0 F3       		.byte	0xf3
 1026 04d1 01       		.uleb128 0x1
 1027 04d2 50       		.byte	0x50
 1028 04d3 00       		.byte	0
 1029 04d4 15       		.uleb128 0x15
 1030 04d5 0E000000 		.4byte	.LVL13
 1031 04d9 0A070000 		.4byte	0x70a
 1032 04dd 00       		.byte	0
 1033 04de 16       		.uleb128 0x16
 1034 04df A4030000 		.4byte	.LASF63
 1035 04e3 01       		.byte	0x1
 1036 04e4 B8       		.byte	0xb8
 1037 04e5 E0000000 		.4byte	0xe0
 1038 04e9 00000000 		.4byte	.LFB6
 1039 04ed 30000000 		.4byte	.LFE6-.LFB6
 1040 04f1 01       		.uleb128 0x1
 1041 04f2 9C       		.byte	0x9c
 1042 04f3 78050000 		.4byte	0x578
 1043 04f7 11       		.uleb128 0x11
 1044 04f8 637000   		.ascii	"cp\000"
 1045 04fb 01       		.byte	0x1
 1046 04fc B8       		.byte	0xb8
 1047 04fd CB030000 		.4byte	0x3cb
 1048 0501 81000000 		.4byte	.LLST4
 1049 0505 17       		.uleb128 0x17
 1050 0506 63747000 		.ascii	"ctp\000"
 1051 050a 01       		.byte	0x1
 1052 050b B9       		.byte	0xb9
 1053 050c E2010000 		.4byte	0x1e2
 1054 0510 AD000000 		.4byte	.LLST5
 1055 0514 17       		.uleb128 0x17
 1056 0515 6D7000   		.ascii	"mp\000"
 1057 0518 01       		.byte	0x1
 1058 0519 BA       		.byte	0xba
 1059 051a A3030000 		.4byte	0x3a3
 1060 051e C0000000 		.4byte	.LLST6
 1061 0522 17       		.uleb128 0x17
 1062 0523 6D736700 		.ascii	"msg\000"
 1063 0527 01       		.byte	0x1
 1064 0528 BB       		.byte	0xbb
 1065 0529 E0000000 		.4byte	0xe0
 1066 052d DE000000 		.4byte	.LLST7
 1067 0531 15       		.uleb128 0x15
 1068 0532 0C000000 		.4byte	.LVL16
 1069 0536 11070000 		.4byte	0x711
 1070 053a 12       		.uleb128 0x12
 1071 053b 18000000 		.4byte	.LVL19
 1072 053f 1C070000 		.4byte	0x71c
ARM GAS  /tmp/cc9dVgqC.s 			page 20


 1073 0543 54050000 		.4byte	0x554
 1074 0547 13       		.uleb128 0x13
 1075 0548 01       		.uleb128 0x1
 1076 0549 51       		.byte	0x51
 1077 054a 02       		.uleb128 0x2
 1078 054b 75       		.byte	0x75
 1079 054c 00       		.sleb128 0
 1080 054d 13       		.uleb128 0x13
 1081 054e 01       		.uleb128 0x1
 1082 054f 50       		.byte	0x50
 1083 0550 02       		.uleb128 0x2
 1084 0551 74       		.byte	0x74
 1085 0552 00       		.sleb128 0
 1086 0553 00       		.byte	0
 1087 0554 12       		.uleb128 0x12
 1088 0555 1E000000 		.4byte	.LVL20
 1089 0559 32070000 		.4byte	0x732
 1090 055d 67050000 		.4byte	0x567
 1091 0561 13       		.uleb128 0x13
 1092 0562 01       		.uleb128 0x1
 1093 0563 50       		.byte	0x50
 1094 0564 01       		.uleb128 0x1
 1095 0565 35       		.byte	0x35
 1096 0566 00       		.byte	0
 1097 0567 14       		.uleb128 0x14
 1098 0568 26000000 		.4byte	.LVL22
 1099 056c 43070000 		.4byte	0x743
 1100 0570 13       		.uleb128 0x13
 1101 0571 01       		.uleb128 0x1
 1102 0572 50       		.byte	0x50
 1103 0573 02       		.uleb128 0x2
 1104 0574 76       		.byte	0x76
 1105 0575 00       		.sleb128 0
 1106 0576 00       		.byte	0
 1107 0577 00       		.byte	0
 1108 0578 16       		.uleb128 0x16
 1109 0579 D6030000 		.4byte	.LASF64
 1110 057d 01       		.byte	0x1
 1111 057e 9E       		.byte	0x9e
 1112 057f E0000000 		.4byte	0xe0
 1113 0583 00000000 		.4byte	.LFB5
 1114 0587 10000000 		.4byte	.LFE5-.LFB5
 1115 058b 01       		.uleb128 0x1
 1116 058c 9C       		.byte	0x9c
 1117 058d BE050000 		.4byte	0x5be
 1118 0591 11       		.uleb128 0x11
 1119 0592 637000   		.ascii	"cp\000"
 1120 0595 01       		.byte	0x1
 1121 0596 9E       		.byte	0x9e
 1122 0597 CB030000 		.4byte	0x3cb
 1123 059b FC000000 		.4byte	.LLST8
 1124 059f 18       		.uleb128 0x18
 1125 05a0 6D736700 		.ascii	"msg\000"
 1126 05a4 01       		.byte	0x1
 1127 05a5 9F       		.byte	0x9f
 1128 05a6 E0000000 		.4byte	0xe0
 1129 05aa 01       		.uleb128 0x1
ARM GAS  /tmp/cc9dVgqC.s 			page 21


 1130 05ab 50       		.byte	0x50
 1131 05ac 14       		.uleb128 0x14
 1132 05ad 0A000000 		.4byte	.LVL25
 1133 05b1 DE040000 		.4byte	0x4de
 1134 05b5 13       		.uleb128 0x13
 1135 05b6 01       		.uleb128 0x1
 1136 05b7 50       		.byte	0x50
 1137 05b8 03       		.uleb128 0x3
 1138 05b9 F3       		.byte	0xf3
 1139 05ba 01       		.uleb128 0x1
 1140 05bb 50       		.byte	0x50
 1141 05bc 00       		.byte	0
 1142 05bd 00       		.byte	0
 1143 05be 19       		.uleb128 0x19
 1144 05bf CD010000 		.4byte	.LASF65
 1145 05c3 01       		.byte	0x1
 1146 05c4 0E01     		.2byte	0x10e
 1147 05c6 E0000000 		.4byte	0xe0
 1148 05ca 00000000 		.4byte	.LFB8
 1149 05ce 34000000 		.4byte	.LFE8-.LFB8
 1150 05d2 01       		.uleb128 0x1
 1151 05d3 9C       		.byte	0x9c
 1152 05d4 5D060000 		.4byte	0x65d
 1153 05d8 1A       		.uleb128 0x1a
 1154 05d9 637000   		.ascii	"cp\000"
 1155 05dc 01       		.byte	0x1
 1156 05dd 0E01     		.2byte	0x10e
 1157 05df CB030000 		.4byte	0x3cb
 1158 05e3 1D010000 		.4byte	.LLST9
 1159 05e7 1B       		.uleb128 0x1b
 1160 05e8 FF010000 		.4byte	.LASF66
 1161 05ec 01       		.byte	0x1
 1162 05ed 0E01     		.2byte	0x10e
 1163 05ef F6000000 		.4byte	0xf6
 1164 05f3 49010000 		.4byte	.LLST10
 1165 05f7 1C       		.uleb128 0x1c
 1166 05f8 6D7000   		.ascii	"mp\000"
 1167 05fb 01       		.byte	0x1
 1168 05fc 0F01     		.2byte	0x10f
 1169 05fe A3030000 		.4byte	0x3a3
 1170 0602 75010000 		.4byte	.LLST11
 1171 0606 1C       		.uleb128 0x1c
 1172 0607 6D736700 		.ascii	"msg\000"
 1173 060b 01       		.byte	0x1
 1174 060c 1001     		.2byte	0x110
 1175 060e E0000000 		.4byte	0xe0
 1176 0612 93010000 		.4byte	.LLST12
 1177 0616 15       		.uleb128 0x15
 1178 0617 0A000000 		.4byte	.LVL27
 1179 061b 11070000 		.4byte	0x711
 1180 061f 12       		.uleb128 0x12
 1181 0620 18000000 		.4byte	.LVL30
 1182 0624 1C070000 		.4byte	0x71c
 1183 0628 33060000 		.4byte	0x633
 1184 062c 13       		.uleb128 0x13
 1185 062d 01       		.uleb128 0x1
 1186 062e 51       		.byte	0x51
ARM GAS  /tmp/cc9dVgqC.s 			page 22


 1187 062f 02       		.uleb128 0x2
 1188 0630 74       		.byte	0x74
 1189 0631 00       		.sleb128 0
 1190 0632 00       		.byte	0
 1191 0633 12       		.uleb128 0x12
 1192 0634 20000000 		.4byte	.LVL31
 1193 0638 54070000 		.4byte	0x754
 1194 063c 4C060000 		.4byte	0x64c
 1195 0640 13       		.uleb128 0x13
 1196 0641 01       		.uleb128 0x1
 1197 0642 51       		.byte	0x51
 1198 0643 02       		.uleb128 0x2
 1199 0644 75       		.byte	0x75
 1200 0645 00       		.sleb128 0
 1201 0646 13       		.uleb128 0x13
 1202 0647 01       		.uleb128 0x1
 1203 0648 50       		.byte	0x50
 1204 0649 01       		.uleb128 0x1
 1205 064a 35       		.byte	0x35
 1206 064b 00       		.byte	0
 1207 064c 14       		.uleb128 0x14
 1208 064d 2C000000 		.4byte	.LVL34
 1209 0651 43070000 		.4byte	0x743
 1210 0655 13       		.uleb128 0x13
 1211 0656 01       		.uleb128 0x1
 1212 0657 50       		.byte	0x50
 1213 0658 02       		.uleb128 0x2
 1214 0659 76       		.byte	0x76
 1215 065a 00       		.sleb128 0
 1216 065b 00       		.byte	0
 1217 065c 00       		.byte	0
 1218 065d 16       		.uleb128 0x16
 1219 065e 27040000 		.4byte	.LASF67
 1220 0662 01       		.byte	0x1
 1221 0663 E9       		.byte	0xe9
 1222 0664 E0000000 		.4byte	0xe0
 1223 0668 00000000 		.4byte	.LFB7
 1224 066c 10000000 		.4byte	.LFE7-.LFB7
 1225 0670 01       		.uleb128 0x1
 1226 0671 9C       		.byte	0x9c
 1227 0672 B9060000 		.4byte	0x6b9
 1228 0676 11       		.uleb128 0x11
 1229 0677 637000   		.ascii	"cp\000"
 1230 067a 01       		.byte	0x1
 1231 067b E9       		.byte	0xe9
 1232 067c CB030000 		.4byte	0x3cb
 1233 0680 BC010000 		.4byte	.LLST13
 1234 0684 1D       		.uleb128 0x1d
 1235 0685 FF010000 		.4byte	.LASF66
 1236 0689 01       		.byte	0x1
 1237 068a E9       		.byte	0xe9
 1238 068b F6000000 		.4byte	0xf6
 1239 068f DD010000 		.4byte	.LLST14
 1240 0693 18       		.uleb128 0x18
 1241 0694 6D736700 		.ascii	"msg\000"
 1242 0698 01       		.byte	0x1
 1243 0699 EA       		.byte	0xea
ARM GAS  /tmp/cc9dVgqC.s 			page 23


 1244 069a E0000000 		.4byte	0xe0
 1245 069e 01       		.uleb128 0x1
 1246 069f 50       		.byte	0x50
 1247 06a0 14       		.uleb128 0x14
 1248 06a1 0A000000 		.4byte	.LVL37
 1249 06a5 BE050000 		.4byte	0x5be
 1250 06a9 13       		.uleb128 0x13
 1251 06aa 01       		.uleb128 0x1
 1252 06ab 51       		.byte	0x51
 1253 06ac 03       		.uleb128 0x3
 1254 06ad F3       		.byte	0xf3
 1255 06ae 01       		.uleb128 0x1
 1256 06af 51       		.byte	0x51
 1257 06b0 13       		.uleb128 0x13
 1258 06b1 01       		.uleb128 0x1
 1259 06b2 50       		.byte	0x50
 1260 06b3 03       		.uleb128 0x3
 1261 06b4 F3       		.byte	0xf3
 1262 06b5 01       		.uleb128 0x1
 1263 06b6 50       		.byte	0x50
 1264 06b7 00       		.byte	0
 1265 06b8 00       		.byte	0
 1266 06b9 1E       		.uleb128 0x1e
 1267 06ba 12040000 		.4byte	.LASF78
 1268 06be 08       		.byte	0x8
 1269 06bf 6F       		.byte	0x6f
 1270 06c0 FD020000 		.4byte	0x2fd
 1271 06c4 1F       		.uleb128 0x1f
 1272 06c5 E0010000 		.4byte	.LASF68
 1273 06c9 05       		.byte	0x5
 1274 06ca 79       		.byte	0x79
 1275 06cb E2010000 		.4byte	0x1e2
 1276 06cf D9060000 		.4byte	0x6d9
 1277 06d3 20       		.uleb128 0x20
 1278 06d4 D9060000 		.4byte	0x6d9
 1279 06d8 00       		.byte	0
 1280 06d9 09       		.uleb128 0x9
 1281 06da 04       		.byte	0x4
 1282 06db E8010000 		.4byte	0x1e8
 1283 06df 21       		.uleb128 0x21
 1284 06e0 FB030000 		.4byte	.LASF70
 1285 06e4 08       		.byte	0x8
 1286 06e5 99       		.byte	0x99
 1287 06e6 F5060000 		.4byte	0x6f5
 1288 06ea 20       		.uleb128 0x20
 1289 06eb E2010000 		.4byte	0x1e2
 1290 06ef 20       		.uleb128 0x20
 1291 06f0 E0000000 		.4byte	0xe0
 1292 06f4 00       		.byte	0
 1293 06f5 1F       		.uleb128 0x1f
 1294 06f6 98030000 		.4byte	.LASF69
 1295 06fa 08       		.byte	0x8
 1296 06fb 90       		.byte	0x90
 1297 06fc E2010000 		.4byte	0x1e2
 1298 0700 0A070000 		.4byte	0x70a
 1299 0704 20       		.uleb128 0x20
 1300 0705 E2010000 		.4byte	0x1e2
ARM GAS  /tmp/cc9dVgqC.s 			page 24


 1301 0709 00       		.byte	0
 1302 070a 22       		.uleb128 0x22
 1303 070b C5000000 		.4byte	.LASF79
 1304 070f 08       		.byte	0x8
 1305 0710 9C       		.byte	0x9c
 1306 0711 23       		.uleb128 0x23
 1307 0712 F7000000 		.4byte	.LASF80
 1308 0716 09       		.byte	0x9
 1309 0717 3E       		.byte	0x3e
 1310 0718 A3030000 		.4byte	0x3a3
 1311 071c 21       		.uleb128 0x21
 1312 071d 92010000 		.4byte	.LASF71
 1313 0721 05       		.byte	0x5
 1314 0722 77       		.byte	0x77
 1315 0723 32070000 		.4byte	0x732
 1316 0727 20       		.uleb128 0x20
 1317 0728 E2010000 		.4byte	0x1e2
 1318 072c 20       		.uleb128 0x20
 1319 072d D9060000 		.4byte	0x6d9
 1320 0731 00       		.byte	0
 1321 0732 21       		.uleb128 0x21
 1322 0733 6E030000 		.4byte	.LASF72
 1323 0737 08       		.byte	0x8
 1324 0738 93       		.byte	0x93
 1325 0739 43070000 		.4byte	0x743
 1326 073d 20       		.uleb128 0x20
 1327 073e BF000000 		.4byte	0xbf
 1328 0742 00       		.byte	0
 1329 0743 21       		.uleb128 0x21
 1330 0744 BA000000 		.4byte	.LASF73
 1331 0748 09       		.byte	0x9
 1332 0749 3A       		.byte	0x3a
 1333 074a 54070000 		.4byte	0x754
 1334 074e 20       		.uleb128 0x20
 1335 074f A3030000 		.4byte	0x3a3
 1336 0753 00       		.byte	0
 1337 0754 24       		.uleb128 0x24
 1338 0755 39040000 		.4byte	.LASF74
 1339 0759 08       		.byte	0x8
 1340 075a 96       		.byte	0x96
 1341 075b E0000000 		.4byte	0xe0
 1342 075f 20       		.uleb128 0x20
 1343 0760 BF000000 		.4byte	0xbf
 1344 0764 20       		.uleb128 0x20
 1345 0765 F6000000 		.4byte	0xf6
 1346 0769 00       		.byte	0
 1347 076a 00       		.byte	0
 1348              		.section	.debug_abbrev,"",%progbits
 1349              	.Ldebug_abbrev0:
 1350 0000 01       		.uleb128 0x1
 1351 0001 11       		.uleb128 0x11
 1352 0002 01       		.byte	0x1
 1353 0003 25       		.uleb128 0x25
 1354 0004 0E       		.uleb128 0xe
 1355 0005 13       		.uleb128 0x13
 1356 0006 0B       		.uleb128 0xb
 1357 0007 03       		.uleb128 0x3
ARM GAS  /tmp/cc9dVgqC.s 			page 25


 1358 0008 0E       		.uleb128 0xe
 1359 0009 1B       		.uleb128 0x1b
 1360 000a 0E       		.uleb128 0xe
 1361 000b 55       		.uleb128 0x55
 1362 000c 17       		.uleb128 0x17
 1363 000d 11       		.uleb128 0x11
 1364 000e 01       		.uleb128 0x1
 1365 000f 10       		.uleb128 0x10
 1366 0010 17       		.uleb128 0x17
 1367 0011 00       		.byte	0
 1368 0012 00       		.byte	0
 1369 0013 02       		.uleb128 0x2
 1370 0014 24       		.uleb128 0x24
 1371 0015 00       		.byte	0
 1372 0016 0B       		.uleb128 0xb
 1373 0017 0B       		.uleb128 0xb
 1374 0018 3E       		.uleb128 0x3e
 1375 0019 0B       		.uleb128 0xb
 1376 001a 03       		.uleb128 0x3
 1377 001b 08       		.uleb128 0x8
 1378 001c 00       		.byte	0
 1379 001d 00       		.byte	0
 1380 001e 03       		.uleb128 0x3
 1381 001f 24       		.uleb128 0x24
 1382 0020 00       		.byte	0
 1383 0021 0B       		.uleb128 0xb
 1384 0022 0B       		.uleb128 0xb
 1385 0023 3E       		.uleb128 0x3e
 1386 0024 0B       		.uleb128 0xb
 1387 0025 03       		.uleb128 0x3
 1388 0026 0E       		.uleb128 0xe
 1389 0027 00       		.byte	0
 1390 0028 00       		.byte	0
 1391 0029 04       		.uleb128 0x4
 1392 002a 16       		.uleb128 0x16
 1393 002b 00       		.byte	0
 1394 002c 03       		.uleb128 0x3
 1395 002d 0E       		.uleb128 0xe
 1396 002e 3A       		.uleb128 0x3a
 1397 002f 0B       		.uleb128 0xb
 1398 0030 3B       		.uleb128 0x3b
 1399 0031 0B       		.uleb128 0xb
 1400 0032 49       		.uleb128 0x49
 1401 0033 13       		.uleb128 0x13
 1402 0034 00       		.byte	0
 1403 0035 00       		.byte	0
 1404 0036 05       		.uleb128 0x5
 1405 0037 13       		.uleb128 0x13
 1406 0038 01       		.byte	0x1
 1407 0039 03       		.uleb128 0x3
 1408 003a 0E       		.uleb128 0xe
 1409 003b 0B       		.uleb128 0xb
 1410 003c 0B       		.uleb128 0xb
 1411 003d 3A       		.uleb128 0x3a
 1412 003e 0B       		.uleb128 0xb
 1413 003f 3B       		.uleb128 0x3b
 1414 0040 0B       		.uleb128 0xb
ARM GAS  /tmp/cc9dVgqC.s 			page 26


 1415 0041 01       		.uleb128 0x1
 1416 0042 13       		.uleb128 0x13
 1417 0043 00       		.byte	0
 1418 0044 00       		.byte	0
 1419 0045 06       		.uleb128 0x6
 1420 0046 0D       		.uleb128 0xd
 1421 0047 00       		.byte	0
 1422 0048 03       		.uleb128 0x3
 1423 0049 0E       		.uleb128 0xe
 1424 004a 3A       		.uleb128 0x3a
 1425 004b 0B       		.uleb128 0xb
 1426 004c 3B       		.uleb128 0x3b
 1427 004d 0B       		.uleb128 0xb
 1428 004e 49       		.uleb128 0x49
 1429 004f 13       		.uleb128 0x13
 1430 0050 38       		.uleb128 0x38
 1431 0051 0B       		.uleb128 0xb
 1432 0052 00       		.byte	0
 1433 0053 00       		.byte	0
 1434 0054 07       		.uleb128 0x7
 1435 0055 0D       		.uleb128 0xd
 1436 0056 00       		.byte	0
 1437 0057 03       		.uleb128 0x3
 1438 0058 08       		.uleb128 0x8
 1439 0059 3A       		.uleb128 0x3a
 1440 005a 0B       		.uleb128 0xb
 1441 005b 3B       		.uleb128 0x3b
 1442 005c 0B       		.uleb128 0xb
 1443 005d 49       		.uleb128 0x49
 1444 005e 13       		.uleb128 0x13
 1445 005f 38       		.uleb128 0x38
 1446 0060 0B       		.uleb128 0xb
 1447 0061 00       		.byte	0
 1448 0062 00       		.byte	0
 1449 0063 08       		.uleb128 0x8
 1450 0064 13       		.uleb128 0x13
 1451 0065 01       		.byte	0x1
 1452 0066 0B       		.uleb128 0xb
 1453 0067 0B       		.uleb128 0xb
 1454 0068 3A       		.uleb128 0x3a
 1455 0069 0B       		.uleb128 0xb
 1456 006a 3B       		.uleb128 0x3b
 1457 006b 0B       		.uleb128 0xb
 1458 006c 01       		.uleb128 0x1
 1459 006d 13       		.uleb128 0x13
 1460 006e 00       		.byte	0
 1461 006f 00       		.byte	0
 1462 0070 09       		.uleb128 0x9
 1463 0071 0F       		.uleb128 0xf
 1464 0072 00       		.byte	0
 1465 0073 0B       		.uleb128 0xb
 1466 0074 0B       		.uleb128 0xb
 1467 0075 49       		.uleb128 0x49
 1468 0076 13       		.uleb128 0x13
 1469 0077 00       		.byte	0
 1470 0078 00       		.byte	0
 1471 0079 0A       		.uleb128 0xa
ARM GAS  /tmp/cc9dVgqC.s 			page 27


 1472 007a 0F       		.uleb128 0xf
 1473 007b 00       		.byte	0
 1474 007c 0B       		.uleb128 0xb
 1475 007d 0B       		.uleb128 0xb
 1476 007e 00       		.byte	0
 1477 007f 00       		.byte	0
 1478 0080 0B       		.uleb128 0xb
 1479 0081 13       		.uleb128 0x13
 1480 0082 01       		.byte	0x1
 1481 0083 03       		.uleb128 0x3
 1482 0084 0E       		.uleb128 0xe
 1483 0085 0B       		.uleb128 0xb
 1484 0086 0B       		.uleb128 0xb
 1485 0087 3A       		.uleb128 0x3a
 1486 0088 0B       		.uleb128 0xb
 1487 0089 3B       		.uleb128 0x3b
 1488 008a 05       		.uleb128 0x5
 1489 008b 01       		.uleb128 0x1
 1490 008c 13       		.uleb128 0x13
 1491 008d 00       		.byte	0
 1492 008e 00       		.byte	0
 1493 008f 0C       		.uleb128 0xc
 1494 0090 0D       		.uleb128 0xd
 1495 0091 00       		.byte	0
 1496 0092 03       		.uleb128 0x3
 1497 0093 08       		.uleb128 0x8
 1498 0094 3A       		.uleb128 0x3a
 1499 0095 0B       		.uleb128 0xb
 1500 0096 3B       		.uleb128 0x3b
 1501 0097 05       		.uleb128 0x5
 1502 0098 49       		.uleb128 0x49
 1503 0099 13       		.uleb128 0x13
 1504 009a 38       		.uleb128 0x38
 1505 009b 0B       		.uleb128 0xb
 1506 009c 00       		.byte	0
 1507 009d 00       		.byte	0
 1508 009e 0D       		.uleb128 0xd
 1509 009f 17       		.uleb128 0x17
 1510 00a0 01       		.byte	0x1
 1511 00a1 0B       		.uleb128 0xb
 1512 00a2 0B       		.uleb128 0xb
 1513 00a3 3A       		.uleb128 0x3a
 1514 00a4 0B       		.uleb128 0xb
 1515 00a5 3B       		.uleb128 0x3b
 1516 00a6 0B       		.uleb128 0xb
 1517 00a7 01       		.uleb128 0x1
 1518 00a8 13       		.uleb128 0x13
 1519 00a9 00       		.byte	0
 1520 00aa 00       		.byte	0
 1521 00ab 0E       		.uleb128 0xe
 1522 00ac 0D       		.uleb128 0xd
 1523 00ad 00       		.byte	0
 1524 00ae 03       		.uleb128 0x3
 1525 00af 0E       		.uleb128 0xe
 1526 00b0 3A       		.uleb128 0x3a
 1527 00b1 0B       		.uleb128 0xb
 1528 00b2 3B       		.uleb128 0x3b
ARM GAS  /tmp/cc9dVgqC.s 			page 28


 1529 00b3 0B       		.uleb128 0xb
 1530 00b4 49       		.uleb128 0x49
 1531 00b5 13       		.uleb128 0x13
 1532 00b6 00       		.byte	0
 1533 00b7 00       		.byte	0
 1534 00b8 0F       		.uleb128 0xf
 1535 00b9 2E       		.uleb128 0x2e
 1536 00ba 01       		.byte	0x1
 1537 00bb 3F       		.uleb128 0x3f
 1538 00bc 19       		.uleb128 0x19
 1539 00bd 03       		.uleb128 0x3
 1540 00be 0E       		.uleb128 0xe
 1541 00bf 3A       		.uleb128 0x3a
 1542 00c0 0B       		.uleb128 0xb
 1543 00c1 3B       		.uleb128 0x3b
 1544 00c2 0B       		.uleb128 0xb
 1545 00c3 27       		.uleb128 0x27
 1546 00c4 19       		.uleb128 0x19
 1547 00c5 11       		.uleb128 0x11
 1548 00c6 01       		.uleb128 0x1
 1549 00c7 12       		.uleb128 0x12
 1550 00c8 06       		.uleb128 0x6
 1551 00c9 40       		.uleb128 0x40
 1552 00ca 18       		.uleb128 0x18
 1553 00cb 9742     		.uleb128 0x2117
 1554 00cd 19       		.uleb128 0x19
 1555 00ce 01       		.uleb128 0x1
 1556 00cf 13       		.uleb128 0x13
 1557 00d0 00       		.byte	0
 1558 00d1 00       		.byte	0
 1559 00d2 10       		.uleb128 0x10
 1560 00d3 05       		.uleb128 0x5
 1561 00d4 00       		.byte	0
 1562 00d5 03       		.uleb128 0x3
 1563 00d6 08       		.uleb128 0x8
 1564 00d7 3A       		.uleb128 0x3a
 1565 00d8 0B       		.uleb128 0xb
 1566 00d9 3B       		.uleb128 0x3b
 1567 00da 0B       		.uleb128 0xb
 1568 00db 49       		.uleb128 0x49
 1569 00dc 13       		.uleb128 0x13
 1570 00dd 02       		.uleb128 0x2
 1571 00de 18       		.uleb128 0x18
 1572 00df 00       		.byte	0
 1573 00e0 00       		.byte	0
 1574 00e1 11       		.uleb128 0x11
 1575 00e2 05       		.uleb128 0x5
 1576 00e3 00       		.byte	0
 1577 00e4 03       		.uleb128 0x3
 1578 00e5 08       		.uleb128 0x8
 1579 00e6 3A       		.uleb128 0x3a
 1580 00e7 0B       		.uleb128 0xb
 1581 00e8 3B       		.uleb128 0x3b
 1582 00e9 0B       		.uleb128 0xb
 1583 00ea 49       		.uleb128 0x49
 1584 00eb 13       		.uleb128 0x13
 1585 00ec 02       		.uleb128 0x2
ARM GAS  /tmp/cc9dVgqC.s 			page 29


 1586 00ed 17       		.uleb128 0x17
 1587 00ee 00       		.byte	0
 1588 00ef 00       		.byte	0
 1589 00f0 12       		.uleb128 0x12
 1590 00f1 898201   		.uleb128 0x4109
 1591 00f4 01       		.byte	0x1
 1592 00f5 11       		.uleb128 0x11
 1593 00f6 01       		.uleb128 0x1
 1594 00f7 31       		.uleb128 0x31
 1595 00f8 13       		.uleb128 0x13
 1596 00f9 01       		.uleb128 0x1
 1597 00fa 13       		.uleb128 0x13
 1598 00fb 00       		.byte	0
 1599 00fc 00       		.byte	0
 1600 00fd 13       		.uleb128 0x13
 1601 00fe 8A8201   		.uleb128 0x410a
 1602 0101 00       		.byte	0
 1603 0102 02       		.uleb128 0x2
 1604 0103 18       		.uleb128 0x18
 1605 0104 9142     		.uleb128 0x2111
 1606 0106 18       		.uleb128 0x18
 1607 0107 00       		.byte	0
 1608 0108 00       		.byte	0
 1609 0109 14       		.uleb128 0x14
 1610 010a 898201   		.uleb128 0x4109
 1611 010d 01       		.byte	0x1
 1612 010e 11       		.uleb128 0x11
 1613 010f 01       		.uleb128 0x1
 1614 0110 31       		.uleb128 0x31
 1615 0111 13       		.uleb128 0x13
 1616 0112 00       		.byte	0
 1617 0113 00       		.byte	0
 1618 0114 15       		.uleb128 0x15
 1619 0115 898201   		.uleb128 0x4109
 1620 0118 00       		.byte	0
 1621 0119 11       		.uleb128 0x11
 1622 011a 01       		.uleb128 0x1
 1623 011b 31       		.uleb128 0x31
 1624 011c 13       		.uleb128 0x13
 1625 011d 00       		.byte	0
 1626 011e 00       		.byte	0
 1627 011f 16       		.uleb128 0x16
 1628 0120 2E       		.uleb128 0x2e
 1629 0121 01       		.byte	0x1
 1630 0122 3F       		.uleb128 0x3f
 1631 0123 19       		.uleb128 0x19
 1632 0124 03       		.uleb128 0x3
 1633 0125 0E       		.uleb128 0xe
 1634 0126 3A       		.uleb128 0x3a
 1635 0127 0B       		.uleb128 0xb
 1636 0128 3B       		.uleb128 0x3b
 1637 0129 0B       		.uleb128 0xb
 1638 012a 27       		.uleb128 0x27
 1639 012b 19       		.uleb128 0x19
 1640 012c 49       		.uleb128 0x49
 1641 012d 13       		.uleb128 0x13
 1642 012e 11       		.uleb128 0x11
ARM GAS  /tmp/cc9dVgqC.s 			page 30


 1643 012f 01       		.uleb128 0x1
 1644 0130 12       		.uleb128 0x12
 1645 0131 06       		.uleb128 0x6
 1646 0132 40       		.uleb128 0x40
 1647 0133 18       		.uleb128 0x18
 1648 0134 9742     		.uleb128 0x2117
 1649 0136 19       		.uleb128 0x19
 1650 0137 01       		.uleb128 0x1
 1651 0138 13       		.uleb128 0x13
 1652 0139 00       		.byte	0
 1653 013a 00       		.byte	0
 1654 013b 17       		.uleb128 0x17
 1655 013c 34       		.uleb128 0x34
 1656 013d 00       		.byte	0
 1657 013e 03       		.uleb128 0x3
 1658 013f 08       		.uleb128 0x8
 1659 0140 3A       		.uleb128 0x3a
 1660 0141 0B       		.uleb128 0xb
 1661 0142 3B       		.uleb128 0x3b
 1662 0143 0B       		.uleb128 0xb
 1663 0144 49       		.uleb128 0x49
 1664 0145 13       		.uleb128 0x13
 1665 0146 02       		.uleb128 0x2
 1666 0147 17       		.uleb128 0x17
 1667 0148 00       		.byte	0
 1668 0149 00       		.byte	0
 1669 014a 18       		.uleb128 0x18
 1670 014b 34       		.uleb128 0x34
 1671 014c 00       		.byte	0
 1672 014d 03       		.uleb128 0x3
 1673 014e 08       		.uleb128 0x8
 1674 014f 3A       		.uleb128 0x3a
 1675 0150 0B       		.uleb128 0xb
 1676 0151 3B       		.uleb128 0x3b
 1677 0152 0B       		.uleb128 0xb
 1678 0153 49       		.uleb128 0x49
 1679 0154 13       		.uleb128 0x13
 1680 0155 02       		.uleb128 0x2
 1681 0156 18       		.uleb128 0x18
 1682 0157 00       		.byte	0
 1683 0158 00       		.byte	0
 1684 0159 19       		.uleb128 0x19
 1685 015a 2E       		.uleb128 0x2e
 1686 015b 01       		.byte	0x1
 1687 015c 3F       		.uleb128 0x3f
 1688 015d 19       		.uleb128 0x19
 1689 015e 03       		.uleb128 0x3
 1690 015f 0E       		.uleb128 0xe
 1691 0160 3A       		.uleb128 0x3a
 1692 0161 0B       		.uleb128 0xb
 1693 0162 3B       		.uleb128 0x3b
 1694 0163 05       		.uleb128 0x5
 1695 0164 27       		.uleb128 0x27
 1696 0165 19       		.uleb128 0x19
 1697 0166 49       		.uleb128 0x49
 1698 0167 13       		.uleb128 0x13
 1699 0168 11       		.uleb128 0x11
ARM GAS  /tmp/cc9dVgqC.s 			page 31


 1700 0169 01       		.uleb128 0x1
 1701 016a 12       		.uleb128 0x12
 1702 016b 06       		.uleb128 0x6
 1703 016c 40       		.uleb128 0x40
 1704 016d 18       		.uleb128 0x18
 1705 016e 9742     		.uleb128 0x2117
 1706 0170 19       		.uleb128 0x19
 1707 0171 01       		.uleb128 0x1
 1708 0172 13       		.uleb128 0x13
 1709 0173 00       		.byte	0
 1710 0174 00       		.byte	0
 1711 0175 1A       		.uleb128 0x1a
 1712 0176 05       		.uleb128 0x5
 1713 0177 00       		.byte	0
 1714 0178 03       		.uleb128 0x3
 1715 0179 08       		.uleb128 0x8
 1716 017a 3A       		.uleb128 0x3a
 1717 017b 0B       		.uleb128 0xb
 1718 017c 3B       		.uleb128 0x3b
 1719 017d 05       		.uleb128 0x5
 1720 017e 49       		.uleb128 0x49
 1721 017f 13       		.uleb128 0x13
 1722 0180 02       		.uleb128 0x2
 1723 0181 17       		.uleb128 0x17
 1724 0182 00       		.byte	0
 1725 0183 00       		.byte	0
 1726 0184 1B       		.uleb128 0x1b
 1727 0185 05       		.uleb128 0x5
 1728 0186 00       		.byte	0
 1729 0187 03       		.uleb128 0x3
 1730 0188 0E       		.uleb128 0xe
 1731 0189 3A       		.uleb128 0x3a
 1732 018a 0B       		.uleb128 0xb
 1733 018b 3B       		.uleb128 0x3b
 1734 018c 05       		.uleb128 0x5
 1735 018d 49       		.uleb128 0x49
 1736 018e 13       		.uleb128 0x13
 1737 018f 02       		.uleb128 0x2
 1738 0190 17       		.uleb128 0x17
 1739 0191 00       		.byte	0
 1740 0192 00       		.byte	0
 1741 0193 1C       		.uleb128 0x1c
 1742 0194 34       		.uleb128 0x34
 1743 0195 00       		.byte	0
 1744 0196 03       		.uleb128 0x3
 1745 0197 08       		.uleb128 0x8
 1746 0198 3A       		.uleb128 0x3a
 1747 0199 0B       		.uleb128 0xb
 1748 019a 3B       		.uleb128 0x3b
 1749 019b 05       		.uleb128 0x5
 1750 019c 49       		.uleb128 0x49
 1751 019d 13       		.uleb128 0x13
 1752 019e 02       		.uleb128 0x2
 1753 019f 17       		.uleb128 0x17
 1754 01a0 00       		.byte	0
 1755 01a1 00       		.byte	0
 1756 01a2 1D       		.uleb128 0x1d
ARM GAS  /tmp/cc9dVgqC.s 			page 32


 1757 01a3 05       		.uleb128 0x5
 1758 01a4 00       		.byte	0
 1759 01a5 03       		.uleb128 0x3
 1760 01a6 0E       		.uleb128 0xe
 1761 01a7 3A       		.uleb128 0x3a
 1762 01a8 0B       		.uleb128 0xb
 1763 01a9 3B       		.uleb128 0x3b
 1764 01aa 0B       		.uleb128 0xb
 1765 01ab 49       		.uleb128 0x49
 1766 01ac 13       		.uleb128 0x13
 1767 01ad 02       		.uleb128 0x2
 1768 01ae 17       		.uleb128 0x17
 1769 01af 00       		.byte	0
 1770 01b0 00       		.byte	0
 1771 01b1 1E       		.uleb128 0x1e
 1772 01b2 34       		.uleb128 0x34
 1773 01b3 00       		.byte	0
 1774 01b4 03       		.uleb128 0x3
 1775 01b5 0E       		.uleb128 0xe
 1776 01b6 3A       		.uleb128 0x3a
 1777 01b7 0B       		.uleb128 0xb
 1778 01b8 3B       		.uleb128 0x3b
 1779 01b9 0B       		.uleb128 0xb
 1780 01ba 49       		.uleb128 0x49
 1781 01bb 13       		.uleb128 0x13
 1782 01bc 3F       		.uleb128 0x3f
 1783 01bd 19       		.uleb128 0x19
 1784 01be 3C       		.uleb128 0x3c
 1785 01bf 19       		.uleb128 0x19
 1786 01c0 00       		.byte	0
 1787 01c1 00       		.byte	0
 1788 01c2 1F       		.uleb128 0x1f
 1789 01c3 2E       		.uleb128 0x2e
 1790 01c4 01       		.byte	0x1
 1791 01c5 3F       		.uleb128 0x3f
 1792 01c6 19       		.uleb128 0x19
 1793 01c7 03       		.uleb128 0x3
 1794 01c8 0E       		.uleb128 0xe
 1795 01c9 3A       		.uleb128 0x3a
 1796 01ca 0B       		.uleb128 0xb
 1797 01cb 3B       		.uleb128 0x3b
 1798 01cc 0B       		.uleb128 0xb
 1799 01cd 27       		.uleb128 0x27
 1800 01ce 19       		.uleb128 0x19
 1801 01cf 49       		.uleb128 0x49
 1802 01d0 13       		.uleb128 0x13
 1803 01d1 3C       		.uleb128 0x3c
 1804 01d2 19       		.uleb128 0x19
 1805 01d3 01       		.uleb128 0x1
 1806 01d4 13       		.uleb128 0x13
 1807 01d5 00       		.byte	0
 1808 01d6 00       		.byte	0
 1809 01d7 20       		.uleb128 0x20
 1810 01d8 05       		.uleb128 0x5
 1811 01d9 00       		.byte	0
 1812 01da 49       		.uleb128 0x49
 1813 01db 13       		.uleb128 0x13
ARM GAS  /tmp/cc9dVgqC.s 			page 33


 1814 01dc 00       		.byte	0
 1815 01dd 00       		.byte	0
 1816 01de 21       		.uleb128 0x21
 1817 01df 2E       		.uleb128 0x2e
 1818 01e0 01       		.byte	0x1
 1819 01e1 3F       		.uleb128 0x3f
 1820 01e2 19       		.uleb128 0x19
 1821 01e3 03       		.uleb128 0x3
 1822 01e4 0E       		.uleb128 0xe
 1823 01e5 3A       		.uleb128 0x3a
 1824 01e6 0B       		.uleb128 0xb
 1825 01e7 3B       		.uleb128 0x3b
 1826 01e8 0B       		.uleb128 0xb
 1827 01e9 27       		.uleb128 0x27
 1828 01ea 19       		.uleb128 0x19
 1829 01eb 3C       		.uleb128 0x3c
 1830 01ec 19       		.uleb128 0x19
 1831 01ed 01       		.uleb128 0x1
 1832 01ee 13       		.uleb128 0x13
 1833 01ef 00       		.byte	0
 1834 01f0 00       		.byte	0
 1835 01f1 22       		.uleb128 0x22
 1836 01f2 2E       		.uleb128 0x2e
 1837 01f3 00       		.byte	0
 1838 01f4 3F       		.uleb128 0x3f
 1839 01f5 19       		.uleb128 0x19
 1840 01f6 03       		.uleb128 0x3
 1841 01f7 0E       		.uleb128 0xe
 1842 01f8 3A       		.uleb128 0x3a
 1843 01f9 0B       		.uleb128 0xb
 1844 01fa 3B       		.uleb128 0x3b
 1845 01fb 0B       		.uleb128 0xb
 1846 01fc 27       		.uleb128 0x27
 1847 01fd 19       		.uleb128 0x19
 1848 01fe 3C       		.uleb128 0x3c
 1849 01ff 19       		.uleb128 0x19
 1850 0200 00       		.byte	0
 1851 0201 00       		.byte	0
 1852 0202 23       		.uleb128 0x23
 1853 0203 2E       		.uleb128 0x2e
 1854 0204 00       		.byte	0
 1855 0205 3F       		.uleb128 0x3f
 1856 0206 19       		.uleb128 0x19
 1857 0207 03       		.uleb128 0x3
 1858 0208 0E       		.uleb128 0xe
 1859 0209 3A       		.uleb128 0x3a
 1860 020a 0B       		.uleb128 0xb
 1861 020b 3B       		.uleb128 0x3b
 1862 020c 0B       		.uleb128 0xb
 1863 020d 27       		.uleb128 0x27
 1864 020e 19       		.uleb128 0x19
 1865 020f 49       		.uleb128 0x49
 1866 0210 13       		.uleb128 0x13
 1867 0211 3C       		.uleb128 0x3c
 1868 0212 19       		.uleb128 0x19
 1869 0213 00       		.byte	0
 1870 0214 00       		.byte	0
ARM GAS  /tmp/cc9dVgqC.s 			page 34


 1871 0215 24       		.uleb128 0x24
 1872 0216 2E       		.uleb128 0x2e
 1873 0217 01       		.byte	0x1
 1874 0218 3F       		.uleb128 0x3f
 1875 0219 19       		.uleb128 0x19
 1876 021a 03       		.uleb128 0x3
 1877 021b 0E       		.uleb128 0xe
 1878 021c 3A       		.uleb128 0x3a
 1879 021d 0B       		.uleb128 0xb
 1880 021e 3B       		.uleb128 0x3b
 1881 021f 0B       		.uleb128 0xb
 1882 0220 27       		.uleb128 0x27
 1883 0221 19       		.uleb128 0x19
 1884 0222 49       		.uleb128 0x49
 1885 0223 13       		.uleb128 0x13
 1886 0224 3C       		.uleb128 0x3c
 1887 0225 19       		.uleb128 0x19
 1888 0226 00       		.byte	0
 1889 0227 00       		.byte	0
 1890 0228 00       		.byte	0
 1891              		.section	.debug_loc,"",%progbits
 1892              	.Ldebug_loc0:
 1893              	.LLST0:
 1894 0000 00000000 		.4byte	.LVL1
 1895 0004 0F000000 		.4byte	.LVL2-1
 1896 0008 0100     		.2byte	0x1
 1897 000a 50       		.byte	0x50
 1898 000b 0F000000 		.4byte	.LVL2-1
 1899 000f 1C000000 		.4byte	.LFE1
 1900 0013 0400     		.2byte	0x4
 1901 0015 F3       		.byte	0xf3
 1902 0016 01       		.uleb128 0x1
 1903 0017 50       		.byte	0x50
 1904 0018 9F       		.byte	0x9f
 1905 0019 00000000 		.4byte	0
 1906 001d 00000000 		.4byte	0
 1907              	.LLST1:
 1908 0021 00000000 		.4byte	.LVL4
 1909 0025 0B000000 		.4byte	.LVL5-1
 1910 0029 0100     		.2byte	0x1
 1911 002b 50       		.byte	0x50
 1912 002c 0B000000 		.4byte	.LVL5-1
 1913 0030 16000000 		.4byte	.LFE2
 1914 0034 0400     		.2byte	0x4
 1915 0036 F3       		.byte	0xf3
 1916 0037 01       		.uleb128 0x1
 1917 0038 50       		.byte	0x50
 1918 0039 9F       		.byte	0x9f
 1919 003a 00000000 		.4byte	0
 1920 003e 00000000 		.4byte	0
 1921              	.LLST2:
 1922 0042 00000000 		.4byte	.LVL7
 1923 0046 0E000000 		.4byte	.LVL8
 1924 004a 0100     		.2byte	0x1
 1925 004c 50       		.byte	0x50
 1926 004d 0E000000 		.4byte	.LVL8
 1927 0051 22000000 		.4byte	.LFE4
ARM GAS  /tmp/cc9dVgqC.s 			page 35


 1928 0055 0100     		.2byte	0x1
 1929 0057 54       		.byte	0x54
 1930 0058 00000000 		.4byte	0
 1931 005c 00000000 		.4byte	0
 1932              	.LLST3:
 1933 0060 00000000 		.4byte	.LVL11
 1934 0064 09000000 		.4byte	.LVL12-1
 1935 0068 0100     		.2byte	0x1
 1936 006a 50       		.byte	0x50
 1937 006b 09000000 		.4byte	.LVL12-1
 1938 006f 14000000 		.4byte	.LFE3
 1939 0073 0400     		.2byte	0x4
 1940 0075 F3       		.byte	0xf3
 1941 0076 01       		.uleb128 0x1
 1942 0077 50       		.byte	0x50
 1943 0078 9F       		.byte	0x9f
 1944 0079 00000000 		.4byte	0
 1945 007d 00000000 		.4byte	0
 1946              	.LLST4:
 1947 0081 00000000 		.4byte	.LVL14
 1948 0085 0B000000 		.4byte	.LVL16-1
 1949 0089 0100     		.2byte	0x1
 1950 008b 50       		.byte	0x50
 1951 008c 0B000000 		.4byte	.LVL16-1
 1952 0090 2A000000 		.4byte	.LVL23
 1953 0094 0100     		.2byte	0x1
 1954 0096 55       		.byte	0x55
 1955 0097 2A000000 		.4byte	.LVL23
 1956 009b 30000000 		.4byte	.LFE6
 1957 009f 0400     		.2byte	0x4
 1958 00a1 F3       		.byte	0xf3
 1959 00a2 01       		.uleb128 0x1
 1960 00a3 50       		.byte	0x50
 1961 00a4 9F       		.byte	0x9f
 1962 00a5 00000000 		.4byte	0
 1963 00a9 00000000 		.4byte	0
 1964              	.LLST5:
 1965 00ad 08000000 		.4byte	.LVL15
 1966 00b1 20000000 		.4byte	.LVL21
 1967 00b5 0100     		.2byte	0x1
 1968 00b7 54       		.byte	0x54
 1969 00b8 00000000 		.4byte	0
 1970 00bc 00000000 		.4byte	0
 1971              	.LLST6:
 1972 00c0 10000000 		.4byte	.LVL17
 1973 00c4 14000000 		.4byte	.LVL18
 1974 00c8 0100     		.2byte	0x1
 1975 00ca 50       		.byte	0x50
 1976 00cb 14000000 		.4byte	.LVL18
 1977 00cf 2A000000 		.4byte	.LVL23
 1978 00d3 0100     		.2byte	0x1
 1979 00d5 56       		.byte	0x56
 1980 00d6 00000000 		.4byte	0
 1981 00da 00000000 		.4byte	0
 1982              	.LLST7:
 1983 00de 20000000 		.4byte	.LVL21
 1984 00e2 2A000000 		.4byte	.LVL23
ARM GAS  /tmp/cc9dVgqC.s 			page 36


 1985 00e6 0100     		.2byte	0x1
 1986 00e8 54       		.byte	0x54
 1987 00e9 2A000000 		.4byte	.LVL23
 1988 00ed 30000000 		.4byte	.LFE6
 1989 00f1 0100     		.2byte	0x1
 1990 00f3 50       		.byte	0x50
 1991 00f4 00000000 		.4byte	0
 1992 00f8 00000000 		.4byte	0
 1993              	.LLST8:
 1994 00fc 00000000 		.4byte	.LVL24
 1995 0100 09000000 		.4byte	.LVL25-1
 1996 0104 0100     		.2byte	0x1
 1997 0106 50       		.byte	0x50
 1998 0107 09000000 		.4byte	.LVL25-1
 1999 010b 10000000 		.4byte	.LFE5
 2000 010f 0400     		.2byte	0x4
 2001 0111 F3       		.byte	0xf3
 2002 0112 01       		.uleb128 0x1
 2003 0113 50       		.byte	0x50
 2004 0114 9F       		.byte	0x9f
 2005 0115 00000000 		.4byte	0
 2006 0119 00000000 		.4byte	0
 2007              	.LLST9:
 2008 011d 00000000 		.4byte	.LVL26
 2009 0121 09000000 		.4byte	.LVL27-1
 2010 0125 0100     		.2byte	0x1
 2011 0127 50       		.byte	0x50
 2012 0128 09000000 		.4byte	.LVL27-1
 2013 012c 24000000 		.4byte	.LVL32
 2014 0130 0100     		.2byte	0x1
 2015 0132 54       		.byte	0x54
 2016 0133 24000000 		.4byte	.LVL32
 2017 0137 34000000 		.4byte	.LFE8
 2018 013b 0400     		.2byte	0x4
 2019 013d F3       		.byte	0xf3
 2020 013e 01       		.uleb128 0x1
 2021 013f 50       		.byte	0x50
 2022 0140 9F       		.byte	0x9f
 2023 0141 00000000 		.4byte	0
 2024 0145 00000000 		.4byte	0
 2025              	.LLST10:
 2026 0149 00000000 		.4byte	.LVL26
 2027 014d 09000000 		.4byte	.LVL27-1
 2028 0151 0100     		.2byte	0x1
 2029 0153 51       		.byte	0x51
 2030 0154 09000000 		.4byte	.LVL27-1
 2031 0158 30000000 		.4byte	.LVL35
 2032 015c 0100     		.2byte	0x1
 2033 015e 55       		.byte	0x55
 2034 015f 30000000 		.4byte	.LVL35
 2035 0163 34000000 		.4byte	.LFE8
 2036 0167 0400     		.2byte	0x4
 2037 0169 F3       		.byte	0xf3
 2038 016a 01       		.uleb128 0x1
 2039 016b 51       		.byte	0x51
 2040 016c 9F       		.byte	0x9f
 2041 016d 00000000 		.4byte	0
ARM GAS  /tmp/cc9dVgqC.s 			page 37


 2042 0171 00000000 		.4byte	0
 2043              	.LLST11:
 2044 0175 0E000000 		.4byte	.LVL28
 2045 0179 10000000 		.4byte	.LVL29
 2046 017d 0100     		.2byte	0x1
 2047 017f 50       		.byte	0x50
 2048 0180 10000000 		.4byte	.LVL29
 2049 0184 30000000 		.4byte	.LVL35
 2050 0188 0100     		.2byte	0x1
 2051 018a 56       		.byte	0x56
 2052 018b 00000000 		.4byte	0
 2053 018f 00000000 		.4byte	0
 2054              	.LLST12:
 2055 0193 24000000 		.4byte	.LVL32
 2056 0197 28000000 		.4byte	.LVL33
 2057 019b 0100     		.2byte	0x1
 2058 019d 50       		.byte	0x50
 2059 019e 28000000 		.4byte	.LVL33
 2060 01a2 30000000 		.4byte	.LVL35
 2061 01a6 0100     		.2byte	0x1
 2062 01a8 54       		.byte	0x54
 2063 01a9 30000000 		.4byte	.LVL35
 2064 01ad 34000000 		.4byte	.LFE8
 2065 01b1 0100     		.2byte	0x1
 2066 01b3 50       		.byte	0x50
 2067 01b4 00000000 		.4byte	0
 2068 01b8 00000000 		.4byte	0
 2069              	.LLST13:
 2070 01bc 00000000 		.4byte	.LVL36
 2071 01c0 09000000 		.4byte	.LVL37-1
 2072 01c4 0100     		.2byte	0x1
 2073 01c6 50       		.byte	0x50
 2074 01c7 09000000 		.4byte	.LVL37-1
 2075 01cb 10000000 		.4byte	.LFE7
 2076 01cf 0400     		.2byte	0x4
 2077 01d1 F3       		.byte	0xf3
 2078 01d2 01       		.uleb128 0x1
 2079 01d3 50       		.byte	0x50
 2080 01d4 9F       		.byte	0x9f
 2081 01d5 00000000 		.4byte	0
 2082 01d9 00000000 		.4byte	0
 2083              	.LLST14:
 2084 01dd 00000000 		.4byte	.LVL36
 2085 01e1 09000000 		.4byte	.LVL37-1
 2086 01e5 0100     		.2byte	0x1
 2087 01e7 51       		.byte	0x51
 2088 01e8 09000000 		.4byte	.LVL37-1
 2089 01ec 10000000 		.4byte	.LFE7
 2090 01f0 0400     		.2byte	0x4
 2091 01f2 F3       		.byte	0xf3
 2092 01f3 01       		.uleb128 0x1
 2093 01f4 51       		.byte	0x51
 2094 01f5 9F       		.byte	0x9f
 2095 01f6 00000000 		.4byte	0
 2096 01fa 00000000 		.4byte	0
 2097              		.section	.debug_aranges,"",%progbits
 2098 0000 5C000000 		.4byte	0x5c
ARM GAS  /tmp/cc9dVgqC.s 			page 38


 2099 0004 0200     		.2byte	0x2
 2100 0006 00000000 		.4byte	.Ldebug_info0
 2101 000a 04       		.byte	0x4
 2102 000b 00       		.byte	0
 2103 000c 0000     		.2byte	0
 2104 000e 0000     		.2byte	0
 2105 0010 00000000 		.4byte	.LFB0
 2106 0014 06000000 		.4byte	.LFE0-.LFB0
 2107 0018 00000000 		.4byte	.LFB1
 2108 001c 1C000000 		.4byte	.LFE1-.LFB1
 2109 0020 00000000 		.4byte	.LFB2
 2110 0024 16000000 		.4byte	.LFE2-.LFB2
 2111 0028 00000000 		.4byte	.LFB4
 2112 002c 22000000 		.4byte	.LFE4-.LFB4
 2113 0030 00000000 		.4byte	.LFB3
 2114 0034 14000000 		.4byte	.LFE3-.LFB3
 2115 0038 00000000 		.4byte	.LFB6
 2116 003c 30000000 		.4byte	.LFE6-.LFB6
 2117 0040 00000000 		.4byte	.LFB5
 2118 0044 10000000 		.4byte	.LFE5-.LFB5
 2119 0048 00000000 		.4byte	.LFB8
 2120 004c 34000000 		.4byte	.LFE8-.LFB8
 2121 0050 00000000 		.4byte	.LFB7
 2122 0054 10000000 		.4byte	.LFE7-.LFB7
 2123 0058 00000000 		.4byte	0
 2124 005c 00000000 		.4byte	0
 2125              		.section	.debug_ranges,"",%progbits
 2126              	.Ldebug_ranges0:
 2127 0000 00000000 		.4byte	.LFB0
 2128 0004 06000000 		.4byte	.LFE0
 2129 0008 00000000 		.4byte	.LFB1
 2130 000c 1C000000 		.4byte	.LFE1
 2131 0010 00000000 		.4byte	.LFB2
 2132 0014 16000000 		.4byte	.LFE2
 2133 0018 00000000 		.4byte	.LFB4
 2134 001c 22000000 		.4byte	.LFE4
 2135 0020 00000000 		.4byte	.LFB3
 2136 0024 14000000 		.4byte	.LFE3
 2137 0028 00000000 		.4byte	.LFB6
 2138 002c 30000000 		.4byte	.LFE6
 2139 0030 00000000 		.4byte	.LFB5
 2140 0034 10000000 		.4byte	.LFE5
 2141 0038 00000000 		.4byte	.LFB8
 2142 003c 34000000 		.4byte	.LFE8
 2143 0040 00000000 		.4byte	.LFB7
 2144 0044 10000000 		.4byte	.LFE7
 2145 0048 00000000 		.4byte	0
 2146 004c 00000000 		.4byte	0
 2147              		.section	.debug_line,"",%progbits
 2148              	.Ldebug_line0:
 2149 0000 D5010000 		.section	.debug_str,"MS",%progbits,1
 2149      02000801 
 2149      00000201 
 2149      FB0E0D00 
 2149      01010101 
 2150              	.LASF33:
 2151 0000 705F6D73 		.ascii	"p_msg\000"
ARM GAS  /tmp/cc9dVgqC.s 			page 39


 2151      6700
 2152              	.LASF58:
 2153 0006 6368436F 		.ascii	"chCondInit\000"
 2153      6E64496E 
 2153      697400
 2154              	.LASF54:
 2155 0011 7264796D 		.ascii	"rdymsg\000"
 2155      736700
 2156              	.LASF5:
 2157 0018 5F5F7569 		.ascii	"__uint8_t\000"
 2157      6E74385F 
 2157      7400
 2158              	.LASF11:
 2159 0022 6C6F6E67 		.ascii	"long long unsigned int\000"
 2159      206C6F6E 
 2159      6720756E 
 2159      7369676E 
 2159      65642069 
 2160              	.LASF55:
 2161 0039 65786974 		.ascii	"exitcode\000"
 2161      636F6465 
 2161      00
 2162              	.LASF61:
 2163 0042 6368436F 		.ascii	"chCondBroadcastI\000"
 2163      6E644272 
 2163      6F616463 
 2163      61737449 
 2163      00
 2164              	.LASF26:
 2165 0053 705F7072 		.ascii	"p_prio\000"
 2165      696F00
 2166              	.LASF76:
 2167 005a 2E2E2F6F 		.ascii	"../os/kernel/src/chcond.c\000"
 2167      732F6B65 
 2167      726E656C 
 2167      2F737263 
 2167      2F636863 
 2168              	.LASF10:
 2169 0074 6C6F6E67 		.ascii	"long long int\000"
 2169      206C6F6E 
 2169      6720696E 
 2169      7400
 2170              	.LASF1:
 2171 0082 7369676E 		.ascii	"signed char\000"
 2171      65642063 
 2171      68617200 
 2172              	.LASF49:
 2173 008e 6D5F7175 		.ascii	"m_queue\000"
 2173      65756500 
 2174              	.LASF18:
 2175 0096 74736C69 		.ascii	"tslices_t\000"
 2175      6365735F 
 2175      7400
 2176              	.LASF52:
 2177 00a0 436F6E64 		.ascii	"CondVar\000"
 2177      56617200 
 2178              	.LASF7:
ARM GAS  /tmp/cc9dVgqC.s 			page 40


 2179 00a8 6C6F6E67 		.ascii	"long int\000"
 2179      20696E74 
 2179      00
 2180              	.LASF17:
 2181 00b1 74737461 		.ascii	"tstate_t\000"
 2181      74655F74 
 2181      00
 2182              	.LASF73:
 2183 00ba 63684D74 		.ascii	"chMtxLockS\000"
 2183      784C6F63 
 2183      6B5300
 2184              	.LASF79:
 2185 00c5 63685363 		.ascii	"chSchRescheduleS\000"
 2185      68526573 
 2185      63686564 
 2185      756C6553 
 2185      00
 2186              	.LASF8:
 2187 00d6 5F5F7569 		.ascii	"__uint32_t\000"
 2187      6E743332 
 2187      5F7400
 2188              	.LASF39:
 2189 00e1 72656761 		.ascii	"regarm_t\000"
 2189      726D5F74 
 2189      00
 2190              	.LASF59:
 2191 00ea 6368436F 		.ascii	"chCondSignal\000"
 2191      6E645369 
 2191      676E616C 
 2191      00
 2192              	.LASF80:
 2193 00f7 63684D74 		.ascii	"chMtxUnlockS\000"
 2193      78556E6C 
 2193      6F636B53 
 2193      00
 2194              	.LASF0:
 2195 0104 756E7369 		.ascii	"unsigned int\000"
 2195      676E6564 
 2195      20696E74 
 2195      00
 2196              	.LASF77:
 2197 0111 2F686F6D 		.ascii	"/home/dltech-deb/gdrive/Projects/RFM_to_Modbus_TCP/"
 2197      652F646C 
 2197      74656368 
 2197      2D646562 
 2197      2F676472 
 2198 0144 43686962 		.ascii	"ChibiOS/F103_ChibiOS_ENC60J28/main\000"
 2198      694F532F 
 2198      46313033 
 2198      5F436869 
 2198      62694F53 
 2199              	.LASF9:
 2200 0167 6C6F6E67 		.ascii	"long unsigned int\000"
 2200      20756E73 
 2200      69676E65 
 2200      6420696E 
 2200      7400
ARM GAS  /tmp/cc9dVgqC.s 			page 41


 2201              	.LASF4:
 2202 0179 73686F72 		.ascii	"short unsigned int\000"
 2202      7420756E 
 2202      7369676E 
 2202      65642069 
 2202      6E7400
 2203              	.LASF20:
 2204 018c 6D73675F 		.ascii	"msg_t\000"
 2204      7400
 2205              	.LASF71:
 2206 0192 7072696F 		.ascii	"prio_insert\000"
 2206      5F696E73 
 2206      65727400 
 2207              	.LASF16:
 2208 019e 746D6F64 		.ascii	"tmode_t\000"
 2208      655F7400 
 2209              	.LASF38:
 2210 01a6 54687265 		.ascii	"ThreadsList\000"
 2210      6164734C 
 2210      69737400 
 2211              	.LASF21:
 2212 01b2 6576656E 		.ascii	"eventmask_t\000"
 2212      746D6173 
 2212      6B5F7400 
 2213              	.LASF48:
 2214 01be 4D757465 		.ascii	"Mutex\000"
 2214      7800
 2215              	.LASF42:
 2216 01c4 73697A65 		.ascii	"sizetype\000"
 2216      74797065 
 2216      00
 2217              	.LASF65:
 2218 01cd 6368436F 		.ascii	"chCondWaitTimeoutS\000"
 2218      6E645761 
 2218      69745469 
 2218      6D656F75 
 2218      745300
 2219              	.LASF68:
 2220 01e0 6669666F 		.ascii	"fifo_remove\000"
 2220      5F72656D 
 2220      6F766500 
 2221              	.LASF45:
 2222 01ec 725F6374 		.ascii	"r_ctx\000"
 2222      7800
 2223              	.LASF37:
 2224 01f2 54687265 		.ascii	"ThreadsQueue\000"
 2224      61647351 
 2224      75657565 
 2224      00
 2225              	.LASF66:
 2226 01ff 74696D65 		.ascii	"time\000"
 2226      00
 2227              	.LASF46:
 2228 0204 725F6375 		.ascii	"r_current\000"
 2228      7272656E 
 2228      7400
 2229              	.LASF62:
ARM GAS  /tmp/cc9dVgqC.s 			page 42


 2230 020e 6368436F 		.ascii	"chCondBroadcast\000"
 2230      6E644272 
 2230      6F616463 
 2230      61737400 
 2231              	.LASF25:
 2232 021e 705F7072 		.ascii	"p_prev\000"
 2232      657600
 2233              	.LASF19:
 2234 0225 74707269 		.ascii	"tprio_t\000"
 2234      6F5F7400 
 2235              	.LASF75:
 2236 022d 474E5520 		.ascii	"GNU C 4.8.4 20141219 (release) -mcpu=cortex-m3 -mno"
 2236      4320342E 
 2236      382E3420 
 2236      32303134 
 2236      31323139 
 2237 0260 2D746875 		.ascii	"-thumb-interwork -mthumb -ggdb -O2 -fomit-frame-poi"
 2237      6D622D69 
 2237      6E746572 
 2237      776F726B 
 2237      202D6D74 
 2238 0293 6E746572 		.ascii	"nter -falign-functions=16 -ffunction-sections -fdat"
 2238      202D6661 
 2238      6C69676E 
 2238      2D66756E 
 2238      6374696F 
 2239 02c6 612D7365 		.ascii	"a-sections -fno-common -fno-strict-aliasing\000"
 2239      6374696F 
 2239      6E73202D 
 2239      666E6F2D 
 2239      636F6D6D 
 2240              	.LASF60:
 2241 02f2 6368436F 		.ascii	"chCondSignalI\000"
 2241      6E645369 
 2241      676E616C 
 2241      4900
 2242              	.LASF15:
 2243 0300 5F426F6F 		.ascii	"_Bool\000"
 2243      6C00
 2244              	.LASF13:
 2245 0306 696E7433 		.ascii	"int32_t\000"
 2245      325F7400 
 2246              	.LASF2:
 2247 030e 756E7369 		.ascii	"unsigned char\000"
 2247      676E6564 
 2247      20636861 
 2247      7200
 2248              	.LASF35:
 2249 031c 705F6D74 		.ascii	"p_mtxlist\000"
 2249      786C6973 
 2249      7400
 2250              	.LASF3:
 2251 0326 73686F72 		.ascii	"short int\000"
 2251      7420696E 
 2251      7400
 2252              	.LASF28:
 2253 0330 705F7374 		.ascii	"p_state\000"
ARM GAS  /tmp/cc9dVgqC.s 			page 43


 2253      61746500 
 2254              	.LASF30:
 2255 0338 705F7072 		.ascii	"p_preempt\000"
 2255      65656D70 
 2255      7400
 2256              	.LASF44:
 2257 0342 725F7072 		.ascii	"r_prio\000"
 2257      696F00
 2258              	.LASF57:
 2259 0349 65776D61 		.ascii	"ewmask\000"
 2259      736B00
 2260              	.LASF24:
 2261 0350 705F6E65 		.ascii	"p_next\000"
 2261      787400
 2262              	.LASF29:
 2263 0357 705F666C 		.ascii	"p_flags\000"
 2263      61677300 
 2264              	.LASF23:
 2265 035f 54687265 		.ascii	"Thread\000"
 2265      616400
 2266              	.LASF53:
 2267 0366 635F7175 		.ascii	"c_queue\000"
 2267      65756500 
 2268              	.LASF72:
 2269 036e 63685363 		.ascii	"chSchGoSleepS\000"
 2269      68476F53 
 2269      6C656570 
 2269      5300
 2270              	.LASF34:
 2271 037c 705F6570 		.ascii	"p_epending\000"
 2271      656E6469 
 2271      6E6700
 2272              	.LASF14:
 2273 0387 75696E74 		.ascii	"uint32_t\000"
 2273      33325F74 
 2273      00
 2274              	.LASF43:
 2275 0390 725F7175 		.ascii	"r_queue\000"
 2275      65756500 
 2276              	.LASF69:
 2277 0398 63685363 		.ascii	"chSchReadyI\000"
 2277      68526561 
 2277      64794900 
 2278              	.LASF63:
 2279 03a4 6368436F 		.ascii	"chCondWaitS\000"
 2279      6E645761 
 2279      69745300 
 2280              	.LASF51:
 2281 03b0 6D5F6E65 		.ascii	"m_next\000"
 2281      787400
 2282              	.LASF22:
 2283 03b7 73797374 		.ascii	"systime_t\000"
 2283      696D655F 
 2283      7400
 2284              	.LASF36:
 2285 03c1 705F7265 		.ascii	"p_realprio\000"
 2285      616C7072 
ARM GAS  /tmp/cc9dVgqC.s 			page 44


 2285      696F00
 2286              	.LASF6:
 2287 03cc 5F5F696E 		.ascii	"__int32_t\000"
 2287      7433325F 
 2287      7400
 2288              	.LASF64:
 2289 03d6 6368436F 		.ascii	"chCondWait\000"
 2289      6E645761 
 2289      697400
 2290              	.LASF41:
 2291 03e1 636F6E74 		.ascii	"context\000"
 2291      65787400 
 2292              	.LASF40:
 2293 03e9 696E7463 		.ascii	"intctx\000"
 2293      747800
 2294              	.LASF32:
 2295 03f0 705F6D73 		.ascii	"p_msgqueue\000"
 2295      67717565 
 2295      756500
 2296              	.LASF70:
 2297 03fb 63685363 		.ascii	"chSchWakeupS\000"
 2297      6857616B 
 2297      65757053 
 2297      00
 2298              	.LASF47:
 2299 0408 52656164 		.ascii	"ReadyList\000"
 2299      794C6973 
 2299      7400
 2300              	.LASF78:
 2301 0412 726C6973 		.ascii	"rlist\000"
 2301      7400
 2302              	.LASF12:
 2303 0418 75696E74 		.ascii	"uint8_t\000"
 2303      385F7400 
 2304              	.LASF56:
 2305 0420 77746F62 		.ascii	"wtobjp\000"
 2305      6A7000
 2306              	.LASF67:
 2307 0427 6368436F 		.ascii	"chCondWaitTimeout\000"
 2307      6E645761 
 2307      69745469 
 2307      6D656F75 
 2307      7400
 2308              	.LASF74:
 2309 0439 63685363 		.ascii	"chSchGoSleepTimeoutS\000"
 2309      68476F53 
 2309      6C656570 
 2309      54696D65 
 2309      6F757453 
 2310              	.LASF50:
 2311 044e 6D5F6F77 		.ascii	"m_owner\000"
 2311      6E657200 
 2312              	.LASF27:
 2313 0456 705F6374 		.ascii	"p_ctx\000"
 2313      7800
 2314              	.LASF31:
 2315 045c 705F7761 		.ascii	"p_waiting\000"
ARM GAS  /tmp/cc9dVgqC.s 			page 45


 2315      6974696E 
 2315      6700
 2316              		.ident	"GCC: (4.8.4-1+11-1) 4.8.4 20141219 (release)"
ARM GAS  /tmp/cc9dVgqC.s 			page 46


DEFINED SYMBOLS
                            *ABS*:0000000000000000 chcond.c
     /tmp/cc9dVgqC.s:19     .text.chCondInit:0000000000000000 $t
     /tmp/cc9dVgqC.s:25     .text.chCondInit:0000000000000000 chCondInit
     /tmp/cc9dVgqC.s:42     .text.chCondSignal:0000000000000000 $t
     /tmp/cc9dVgqC.s:48     .text.chCondSignal:0000000000000000 chCondSignal
     /tmp/cc9dVgqC.s:85     .text.chCondSignalI:0000000000000000 $t
     /tmp/cc9dVgqC.s:91     .text.chCondSignalI:0000000000000000 chCondSignalI
     /tmp/cc9dVgqC.s:119    .text.chCondBroadcastI:0000000000000000 $t
     /tmp/cc9dVgqC.s:125    .text.chCondBroadcastI:0000000000000000 chCondBroadcastI
     /tmp/cc9dVgqC.s:165    .text.chCondBroadcast:0000000000000000 $t
     /tmp/cc9dVgqC.s:171    .text.chCondBroadcast:0000000000000000 chCondBroadcast
     /tmp/cc9dVgqC.s:203    .text.chCondWaitS:0000000000000000 $t
     /tmp/cc9dVgqC.s:209    .text.chCondWaitS:0000000000000000 chCondWaitS
     /tmp/cc9dVgqC.s:262    .text.chCondWaitS:000000000000002c $d
     /tmp/cc9dVgqC.s:267    .text.chCondWait:0000000000000000 $t
     /tmp/cc9dVgqC.s:273    .text.chCondWait:0000000000000000 chCondWait
     /tmp/cc9dVgqC.s:303    .text.chCondWaitTimeoutS:0000000000000000 $t
     /tmp/cc9dVgqC.s:309    .text.chCondWaitTimeoutS:0000000000000000 chCondWaitTimeoutS
     /tmp/cc9dVgqC.s:368    .text.chCondWaitTimeoutS:0000000000000030 $d
     /tmp/cc9dVgqC.s:373    .text.chCondWaitTimeout:0000000000000000 $t
     /tmp/cc9dVgqC.s:379    .text.chCondWaitTimeout:0000000000000000 chCondWaitTimeout
                     .debug_frame:0000000000000010 $d
     /tmp/cc9dVgqC.s:372    .text.chCondWaitTimeoutS:0000000000000034 $t

UNDEFINED SYMBOLS
_port_lock
fifo_remove
chSchWakeupS
_port_unlock
chSchReadyI
chSchRescheduleS
chMtxUnlockS
prio_insert
chSchGoSleepS
chMtxLockS
rlist
chSchGoSleepTimeoutS
