ARM GAS  /tmp/ccMKAURV.s 			page 1


   1              		.syntax unified
   2              		.cpu cortex-m3
   3              		.fpu softvfp
   4              		.eabi_attribute 20, 1
   5              		.eabi_attribute 21, 1
   6              		.eabi_attribute 23, 3
   7              		.eabi_attribute 24, 1
   8              		.eabi_attribute 25, 1
   9              		.eabi_attribute 26, 1
  10              		.eabi_attribute 30, 2
  11              		.eabi_attribute 34, 1
  12              		.eabi_attribute 18, 4
  13              		.thumb
  14              		.file	"chlists.c"
  15              		.text
  16              	.Ltext0:
  17              		.cfi_sections	.debug_frame
  18              		.section	.text.prio_insert,"ax",%progbits
  19              		.align	2
  20              		.p2align 4,,15
  21              		.global	prio_insert
  22              		.thumb
  23              		.thumb_func
  24              		.type	prio_insert, %function
  25              	prio_insert:
  26              	.LFB0:
  27              		.file 1 "../os/kernel/src/chlists.c"
  28              		.loc 1 51 0
  29              		.cfi_startproc
  30              		@ args = 0, pretend = 0, frame = 0
  31              		@ frame_needed = 0, uses_anonymous_args = 0
  32              		@ link register save eliminated.
  33              	.LVL0:
  34 0000 10B4     		push	{r4}
  35              		.cfi_def_cfa_offset 4
  36              		.cfi_offset 4, -4
  37              		.loc 1 54 0
  38 0002 0B46     		mov	r3, r1
  39 0004 03E0     		b	.L4
  40              	.LVL1:
  41              	.L2:
  42              		.loc 1 59 0 discriminator 1
  43 0006 9C68     		ldr	r4, [r3, #8]
  44 0008 8268     		ldr	r2, [r0, #8]
  45 000a 9442     		cmp	r4, r2
  46 000c 02D3     		bcc	.L3
  47              	.L4:
  48              		.loc 1 57 0 discriminator 1
  49 000e 1B68     		ldr	r3, [r3]
  50              	.LVL2:
  51              		.loc 1 59 0 discriminator 1
  52 0010 8B42     		cmp	r3, r1
  53 0012 F8D1     		bne	.L2
  54              	.L3:
  55              		.loc 1 61 0
  56 0014 0360     		str	r3, [r0]
  57              		.loc 1 62 0
ARM GAS  /tmp/ccMKAURV.s 			page 2


  58 0016 5A68     		ldr	r2, [r3, #4]
  59 0018 4260     		str	r2, [r0, #4]
  60              		.loc 1 63 0
  61 001a 5860     		str	r0, [r3, #4]
  62 001c 1060     		str	r0, [r2]
  63              		.loc 1 64 0
  64 001e 5DF8044B 		ldr	r4, [sp], #4
  65 0022 7047     		bx	lr
  66              		.cfi_endproc
  67              	.LFE0:
  68              		.size	prio_insert, .-prio_insert
  69 0024 AFF30080 		.section	.text.queue_insert,"ax",%progbits
  69      AFF30080 
  69      AFF30080 
  70              		.align	2
  71              		.p2align 4,,15
  72              		.global	queue_insert
  73              		.thumb
  74              		.thumb_func
  75              		.type	queue_insert, %function
  76              	queue_insert:
  77              	.LFB1:
  78              		.loc 1 74 0
  79              		.cfi_startproc
  80              		@ args = 0, pretend = 0, frame = 0
  81              		@ frame_needed = 0, uses_anonymous_args = 0
  82              		@ link register save eliminated.
  83              	.LVL3:
  84              		.loc 1 76 0
  85 0000 0160     		str	r1, [r0]
  86              		.loc 1 77 0
  87 0002 4B68     		ldr	r3, [r1, #4]
  88 0004 4360     		str	r3, [r0, #4]
  89              		.loc 1 78 0
  90 0006 4860     		str	r0, [r1, #4]
  91 0008 1860     		str	r0, [r3]
  92 000a 7047     		bx	lr
  93              		.cfi_endproc
  94              	.LFE1:
  95              		.size	queue_insert, .-queue_insert
  96 000c AFF30080 		.section	.text.fifo_remove,"ax",%progbits
  97              		.align	2
  98              		.p2align 4,,15
  99              		.global	fifo_remove
 100              		.thumb
 101              		.thumb_func
 102              		.type	fifo_remove, %function
 103              	fifo_remove:
 104              	.LFB2:
 105              		.loc 1 91 0
 106              		.cfi_startproc
 107              		@ args = 0, pretend = 0, frame = 0
 108              		@ frame_needed = 0, uses_anonymous_args = 0
 109              		@ link register save eliminated.
 110              	.LVL4:
 111              		.loc 1 91 0
 112 0000 0346     		mov	r3, r0
ARM GAS  /tmp/ccMKAURV.s 			page 3


 113              		.loc 1 92 0
 114 0002 0068     		ldr	r0, [r0]
 115              	.LVL5:
 116              		.loc 1 94 0
 117 0004 0268     		ldr	r2, [r0]
 118 0006 1A60     		str	r2, [r3]
 119 0008 5360     		str	r3, [r2, #4]
 120              		.loc 1 96 0
 121 000a 7047     		bx	lr
 122              		.cfi_endproc
 123              	.LFE2:
 124              		.size	fifo_remove, .-fifo_remove
 125 000c AFF30080 		.section	.text.lifo_remove,"ax",%progbits
 126              		.align	2
 127              		.p2align 4,,15
 128              		.global	lifo_remove
 129              		.thumb
 130              		.thumb_func
 131              		.type	lifo_remove, %function
 132              	lifo_remove:
 133              	.LFB3:
 134              		.loc 1 108 0
 135              		.cfi_startproc
 136              		@ args = 0, pretend = 0, frame = 0
 137              		@ frame_needed = 0, uses_anonymous_args = 0
 138              		@ link register save eliminated.
 139              	.LVL6:
 140              		.loc 1 108 0
 141 0000 0346     		mov	r3, r0
 142              		.loc 1 109 0
 143 0002 4068     		ldr	r0, [r0, #4]
 144              	.LVL7:
 145              		.loc 1 111 0
 146 0004 4268     		ldr	r2, [r0, #4]
 147 0006 5A60     		str	r2, [r3, #4]
 148 0008 1360     		str	r3, [r2]
 149              		.loc 1 113 0
 150 000a 7047     		bx	lr
 151              		.cfi_endproc
 152              	.LFE3:
 153              		.size	lifo_remove, .-lifo_remove
 154 000c AFF30080 		.section	.text.dequeue,"ax",%progbits
 155              		.align	2
 156              		.p2align 4,,15
 157              		.global	dequeue
 158              		.thumb
 159              		.thumb_func
 160              		.type	dequeue, %function
 161              	dequeue:
 162              	.LFB4:
 163              		.loc 1 125 0
 164              		.cfi_startproc
 165              		@ args = 0, pretend = 0, frame = 0
 166              		@ frame_needed = 0, uses_anonymous_args = 0
 167              		@ link register save eliminated.
 168              	.LVL8:
 169              		.loc 1 127 0
ARM GAS  /tmp/ccMKAURV.s 			page 4


 170 0000 90E80600 		ldmia	r0, {r1, r2}
 171 0004 1160     		str	r1, [r2]
 172              		.loc 1 128 0
 173 0006 90E80C00 		ldmia	r0, {r2, r3}
 174 000a 5360     		str	r3, [r2, #4]
 175              		.loc 1 130 0
 176 000c 7047     		bx	lr
 177              		.cfi_endproc
 178              	.LFE4:
 179              		.size	dequeue, .-dequeue
 180 000e 00BF     		.section	.text.list_insert,"ax",%progbits
 181              		.align	2
 182              		.p2align 4,,15
 183              		.global	list_insert
 184              		.thumb
 185              		.thumb_func
 186              		.type	list_insert, %function
 187              	list_insert:
 188              	.LFB5:
 189              		.loc 1 140 0
 190              		.cfi_startproc
 191              		@ args = 0, pretend = 0, frame = 0
 192              		@ frame_needed = 0, uses_anonymous_args = 0
 193              		@ link register save eliminated.
 194              	.LVL9:
 195              		.loc 1 142 0
 196 0000 0B68     		ldr	r3, [r1]
 197 0002 0360     		str	r3, [r0]
 198              		.loc 1 143 0
 199 0004 0860     		str	r0, [r1]
 200 0006 7047     		bx	lr
 201              		.cfi_endproc
 202              	.LFE5:
 203              		.size	list_insert, .-list_insert
 204 0008 AFF30080 		.section	.text.list_remove,"ax",%progbits
 204      AFF30080 
 205              		.align	2
 206              		.p2align 4,,15
 207              		.global	list_remove
 208              		.thumb
 209              		.thumb_func
 210              		.type	list_remove, %function
 211              	list_remove:
 212              	.LFB6:
 213              		.loc 1 155 0
 214              		.cfi_startproc
 215              		@ args = 0, pretend = 0, frame = 0
 216              		@ frame_needed = 0, uses_anonymous_args = 0
 217              		@ link register save eliminated.
 218              	.LVL10:
 219              		.loc 1 155 0
 220 0000 0346     		mov	r3, r0
 221              		.loc 1 157 0
 222 0002 0068     		ldr	r0, [r0]
 223              	.LVL11:
 224              		.loc 1 158 0
 225 0004 0268     		ldr	r2, [r0]
ARM GAS  /tmp/ccMKAURV.s 			page 5


 226 0006 1A60     		str	r2, [r3]
 227              		.loc 1 160 0
 228 0008 7047     		bx	lr
 229              		.cfi_endproc
 230              	.LFE6:
 231              		.size	list_remove, .-list_remove
 232 000a 00BFAFF3 		.text
 232      0080
 233              	.Letext0:
 234              		.file 2 "/usr/include/newlib/machine/_default_types.h"
 235              		.file 3 "/usr/include/newlib/stdint.h"
 236              		.file 4 "../os/ports/GCC/ARMCMx/chtypes.h"
 237              		.file 5 "../os/kernel/include/chlists.h"
 238              		.file 6 "../os/kernel/include/chthreads.h"
 239              		.file 7 "../os/ports/GCC/ARMCMx/chcore_v7m.h"
 240              		.file 8 "../os/kernel/include/chmtx.h"
 241              		.section	.debug_info,"",%progbits
 242              	.Ldebug_info0:
 243 0000 9B040000 		.4byte	0x49b
 244 0004 0400     		.2byte	0x4
 245 0006 00000000 		.4byte	.Ldebug_abbrev0
 246 000a 04       		.byte	0x4
 247 000b 01       		.uleb128 0x1
 248 000c AE010000 		.4byte	.LASF57
 249 0010 01       		.byte	0x1
 250 0011 37030000 		.4byte	.LASF58
 251 0015 B6000000 		.4byte	.LASF59
 252 0019 00000000 		.4byte	.Ldebug_ranges0+0
 253 001d 00000000 		.4byte	0
 254 0021 00000000 		.4byte	.Ldebug_line0
 255 0025 02       		.uleb128 0x2
 256 0026 04       		.byte	0x4
 257 0027 05       		.byte	0x5
 258 0028 696E7400 		.ascii	"int\000"
 259 002c 03       		.uleb128 0x3
 260 002d 04       		.byte	0x4
 261 002e 07       		.byte	0x7
 262 002f A9000000 		.4byte	.LASF0
 263 0033 03       		.uleb128 0x3
 264 0034 01       		.byte	0x1
 265 0035 06       		.byte	0x6
 266 0036 59000000 		.4byte	.LASF1
 267 003a 04       		.uleb128 0x4
 268 003b 1A000000 		.4byte	.LASF5
 269 003f 02       		.byte	0x2
 270 0040 1D       		.byte	0x1d
 271 0041 45000000 		.4byte	0x45
 272 0045 03       		.uleb128 0x3
 273 0046 01       		.byte	0x1
 274 0047 08       		.byte	0x8
 275 0048 81020000 		.4byte	.LASF2
 276 004c 03       		.uleb128 0x3
 277 004d 02       		.byte	0x2
 278 004e 05       		.byte	0x5
 279 004f 99020000 		.4byte	.LASF3
 280 0053 03       		.uleb128 0x3
 281 0054 02       		.byte	0x2
ARM GAS  /tmp/ccMKAURV.s 			page 6


 282 0055 07       		.byte	0x7
 283 0056 1E010000 		.4byte	.LASF4
 284 005a 04       		.uleb128 0x4
 285 005b F8020000 		.4byte	.LASF6
 286 005f 02       		.byte	0x2
 287 0060 3F       		.byte	0x3f
 288 0061 65000000 		.4byte	0x65
 289 0065 03       		.uleb128 0x3
 290 0066 04       		.byte	0x4
 291 0067 05       		.byte	0x5
 292 0068 77000000 		.4byte	.LASF7
 293 006c 04       		.uleb128 0x4
 294 006d 95000000 		.4byte	.LASF8
 295 0071 02       		.byte	0x2
 296 0072 41       		.byte	0x41
 297 0073 77000000 		.4byte	0x77
 298 0077 03       		.uleb128 0x3
 299 0078 04       		.byte	0x4
 300 0079 07       		.byte	0x7
 301 007a 0C010000 		.4byte	.LASF9
 302 007e 03       		.uleb128 0x3
 303 007f 08       		.byte	0x8
 304 0080 05       		.byte	0x5
 305 0081 4B000000 		.4byte	.LASF10
 306 0085 03       		.uleb128 0x3
 307 0086 08       		.byte	0x8
 308 0087 07       		.byte	0x7
 309 0088 24000000 		.4byte	.LASF11
 310 008c 04       		.uleb128 0x4
 311 008d 28030000 		.4byte	.LASF12
 312 0091 03       		.byte	0x3
 313 0092 2A       		.byte	0x2a
 314 0093 3A000000 		.4byte	0x3a
 315 0097 04       		.uleb128 0x4
 316 0098 79020000 		.4byte	.LASF13
 317 009c 03       		.byte	0x3
 318 009d 41       		.byte	0x41
 319 009e 5A000000 		.4byte	0x5a
 320 00a2 04       		.uleb128 0x4
 321 00a3 DD020000 		.4byte	.LASF14
 322 00a7 03       		.byte	0x3
 323 00a8 42       		.byte	0x42
 324 00a9 6C000000 		.4byte	0x6c
 325 00ad 03       		.uleb128 0x3
 326 00ae 01       		.byte	0x1
 327 00af 02       		.byte	0x2
 328 00b0 73020000 		.4byte	.LASF15
 329 00b4 04       		.uleb128 0x4
 330 00b5 43010000 		.4byte	.LASF16
 331 00b9 04       		.byte	0x4
 332 00ba 2C       		.byte	0x2c
 333 00bb 8C000000 		.4byte	0x8c
 334 00bf 04       		.uleb128 0x4
 335 00c0 80000000 		.4byte	.LASF17
 336 00c4 04       		.byte	0x4
 337 00c5 2D       		.byte	0x2d
 338 00c6 8C000000 		.4byte	0x8c
ARM GAS  /tmp/ccMKAURV.s 			page 7


 339 00ca 04       		.uleb128 0x4
 340 00cb 6D000000 		.4byte	.LASF18
 341 00cf 04       		.byte	0x4
 342 00d0 2F       		.byte	0x2f
 343 00d1 8C000000 		.4byte	0x8c
 344 00d5 04       		.uleb128 0x4
 345 00d6 A6010000 		.4byte	.LASF19
 346 00da 04       		.byte	0x4
 347 00db 30       		.byte	0x30
 348 00dc A2000000 		.4byte	0xa2
 349 00e0 04       		.uleb128 0x4
 350 00e1 31010000 		.4byte	.LASF20
 351 00e5 04       		.byte	0x4
 352 00e6 31       		.byte	0x31
 353 00e7 97000000 		.4byte	0x97
 354 00eb 04       		.uleb128 0x4
 355 00ec 57010000 		.4byte	.LASF21
 356 00f0 04       		.byte	0x4
 357 00f1 33       		.byte	0x33
 358 00f2 A2000000 		.4byte	0xa2
 359 00f6 04       		.uleb128 0x4
 360 00f7 CB020000 		.4byte	.LASF22
 361 00fb 05       		.byte	0x5
 362 00fc 2A       		.byte	0x2a
 363 00fd 01010000 		.4byte	0x101
 364 0101 05       		.uleb128 0x5
 365 0102 CB020000 		.4byte	.LASF22
 366 0106 34       		.byte	0x34
 367 0107 06       		.byte	0x6
 368 0108 5E       		.byte	0x5e
 369 0109 B6010000 		.4byte	0x1b6
 370 010d 06       		.uleb128 0x6
 371 010e BC020000 		.4byte	.LASF23
 372 0112 06       		.byte	0x6
 373 0113 5F       		.byte	0x5f
 374 0114 D7010000 		.4byte	0x1d7
 375 0118 00       		.byte	0
 376 0119 06       		.uleb128 0x6
 377 011a 9F010000 		.4byte	.LASF24
 378 011e 06       		.byte	0x6
 379 011f 61       		.byte	0x61
 380 0120 D7010000 		.4byte	0x1d7
 381 0124 04       		.byte	0x4
 382 0125 06       		.uleb128 0x6
 383 0126 44000000 		.4byte	.LASF25
 384 012a 06       		.byte	0x6
 385 012b 63       		.byte	0x63
 386 012c D5000000 		.4byte	0xd5
 387 0130 08       		.byte	0x8
 388 0131 06       		.uleb128 0x6
 389 0132 5A030000 		.4byte	.LASF26
 390 0136 06       		.byte	0x6
 391 0137 64       		.byte	0x64
 392 0138 91020000 		.4byte	0x291
 393 013c 0C       		.byte	0xc
 394 013d 06       		.uleb128 0x6
 395 013e A3020000 		.4byte	.LASF27
ARM GAS  /tmp/ccMKAURV.s 			page 8


 396 0142 06       		.byte	0x6
 397 0143 79       		.byte	0x79
 398 0144 BF000000 		.4byte	0xbf
 399 0148 10       		.byte	0x10
 400 0149 06       		.uleb128 0x6
 401 014a C3020000 		.4byte	.LASF28
 402 014e 06       		.byte	0x6
 403 014f 7D       		.byte	0x7d
 404 0150 B4000000 		.4byte	0xb4
 405 0154 11       		.byte	0x11
 406 0155 06       		.uleb128 0x6
 407 0156 AB020000 		.4byte	.LASF29
 408 015a 06       		.byte	0x6
 409 015b 88       		.byte	0x88
 410 015c CA000000 		.4byte	0xca
 411 0160 12       		.byte	0x12
 412 0161 07       		.uleb128 0x7
 413 0162 705F7500 		.ascii	"p_u\000"
 414 0166 06       		.byte	0x6
 415 0167 B4       		.byte	0xb4
 416 0168 FB020000 		.4byte	0x2fb
 417 016c 14       		.byte	0x14
 418 016d 06       		.uleb128 0x6
 419 016e 60030000 		.4byte	.LASF30
 420 0172 06       		.byte	0x6
 421 0173 B9       		.byte	0xb9
 422 0174 FD010000 		.4byte	0x1fd
 423 0178 18       		.byte	0x18
 424 0179 06       		.uleb128 0x6
 425 017a 1D030000 		.4byte	.LASF31
 426 017e 06       		.byte	0x6
 427 017f BF       		.byte	0xbf
 428 0180 DD010000 		.4byte	0x1dd
 429 0184 1C       		.byte	0x1c
 430 0185 06       		.uleb128 0x6
 431 0186 00000000 		.4byte	.LASF32
 432 018a 06       		.byte	0x6
 433 018b C3       		.byte	0xc3
 434 018c E0000000 		.4byte	0xe0
 435 0190 24       		.byte	0x24
 436 0191 06       		.uleb128 0x6
 437 0192 D2020000 		.4byte	.LASF33
 438 0196 06       		.byte	0x6
 439 0197 C9       		.byte	0xc9
 440 0198 EB000000 		.4byte	0xeb
 441 019c 28       		.byte	0x28
 442 019d 06       		.uleb128 0x6
 443 019e 8F020000 		.4byte	.LASF34
 444 01a2 06       		.byte	0x6
 445 01a3 D0       		.byte	0xd0
 446 01a4 30030000 		.4byte	0x330
 447 01a8 2C       		.byte	0x2c
 448 01a9 06       		.uleb128 0x6
 449 01aa ED020000 		.4byte	.LASF35
 450 01ae 06       		.byte	0x6
 451 01af D4       		.byte	0xd4
 452 01b0 D5000000 		.4byte	0xd5
ARM GAS  /tmp/ccMKAURV.s 			page 9


 453 01b4 30       		.byte	0x30
 454 01b5 00       		.byte	0
 455 01b6 08       		.uleb128 0x8
 456 01b7 08       		.byte	0x8
 457 01b8 05       		.byte	0x5
 458 01b9 61       		.byte	0x61
 459 01ba D7010000 		.4byte	0x1d7
 460 01be 06       		.uleb128 0x6
 461 01bf BC020000 		.4byte	.LASF23
 462 01c3 05       		.byte	0x5
 463 01c4 62       		.byte	0x62
 464 01c5 D7010000 		.4byte	0x1d7
 465 01c9 00       		.byte	0
 466 01ca 06       		.uleb128 0x6
 467 01cb 9F010000 		.4byte	.LASF24
 468 01cf 05       		.byte	0x5
 469 01d0 64       		.byte	0x64
 470 01d1 D7010000 		.4byte	0x1d7
 471 01d5 04       		.byte	0x4
 472 01d6 00       		.byte	0
 473 01d7 09       		.uleb128 0x9
 474 01d8 04       		.byte	0x4
 475 01d9 F6000000 		.4byte	0xf6
 476 01dd 04       		.uleb128 0x4
 477 01de 7E010000 		.4byte	.LASF36
 478 01e2 05       		.byte	0x5
 479 01e3 66       		.byte	0x66
 480 01e4 B6010000 		.4byte	0x1b6
 481 01e8 08       		.uleb128 0x8
 482 01e9 04       		.byte	0x4
 483 01ea 05       		.byte	0x5
 484 01eb 6B       		.byte	0x6b
 485 01ec FD010000 		.4byte	0x1fd
 486 01f0 06       		.uleb128 0x6
 487 01f1 BC020000 		.4byte	.LASF23
 488 01f5 05       		.byte	0x5
 489 01f6 6D       		.byte	0x6d
 490 01f7 D7010000 		.4byte	0x1d7
 491 01fb 00       		.byte	0
 492 01fc 00       		.byte	0
 493 01fd 04       		.uleb128 0x4
 494 01fe 4B010000 		.4byte	.LASF37
 495 0202 05       		.byte	0x5
 496 0203 70       		.byte	0x70
 497 0204 E8010000 		.4byte	0x1e8
 498 0208 04       		.uleb128 0x4
 499 0209 A0000000 		.4byte	.LASF38
 500 020d 07       		.byte	0x7
 501 020e E5       		.byte	0xe5
 502 020f 13020000 		.4byte	0x213
 503 0213 0A       		.uleb128 0xa
 504 0214 04       		.byte	0x4
 505 0215 0B       		.uleb128 0xb
 506 0216 16030000 		.4byte	.LASF39
 507 021a 24       		.byte	0x24
 508 021b 07       		.byte	0x7
 509 021c 0C01     		.2byte	0x10c
ARM GAS  /tmp/ccMKAURV.s 			page 10


 510 021e 91020000 		.4byte	0x291
 511 0222 0C       		.uleb128 0xc
 512 0223 723400   		.ascii	"r4\000"
 513 0226 07       		.byte	0x7
 514 0227 1F01     		.2byte	0x11f
 515 0229 08020000 		.4byte	0x208
 516 022d 00       		.byte	0
 517 022e 0C       		.uleb128 0xc
 518 022f 723500   		.ascii	"r5\000"
 519 0232 07       		.byte	0x7
 520 0233 2001     		.2byte	0x120
 521 0235 08020000 		.4byte	0x208
 522 0239 04       		.byte	0x4
 523 023a 0C       		.uleb128 0xc
 524 023b 723600   		.ascii	"r6\000"
 525 023e 07       		.byte	0x7
 526 023f 2101     		.2byte	0x121
 527 0241 08020000 		.4byte	0x208
 528 0245 08       		.byte	0x8
 529 0246 0C       		.uleb128 0xc
 530 0247 723700   		.ascii	"r7\000"
 531 024a 07       		.byte	0x7
 532 024b 2201     		.2byte	0x122
 533 024d 08020000 		.4byte	0x208
 534 0251 0C       		.byte	0xc
 535 0252 0C       		.uleb128 0xc
 536 0253 723800   		.ascii	"r8\000"
 537 0256 07       		.byte	0x7
 538 0257 2301     		.2byte	0x123
 539 0259 08020000 		.4byte	0x208
 540 025d 10       		.byte	0x10
 541 025e 0C       		.uleb128 0xc
 542 025f 723900   		.ascii	"r9\000"
 543 0262 07       		.byte	0x7
 544 0263 2401     		.2byte	0x124
 545 0265 08020000 		.4byte	0x208
 546 0269 14       		.byte	0x14
 547 026a 0C       		.uleb128 0xc
 548 026b 72313000 		.ascii	"r10\000"
 549 026f 07       		.byte	0x7
 550 0270 2501     		.2byte	0x125
 551 0272 08020000 		.4byte	0x208
 552 0276 18       		.byte	0x18
 553 0277 0C       		.uleb128 0xc
 554 0278 72313100 		.ascii	"r11\000"
 555 027c 07       		.byte	0x7
 556 027d 2601     		.2byte	0x126
 557 027f 08020000 		.4byte	0x208
 558 0283 1C       		.byte	0x1c
 559 0284 0C       		.uleb128 0xc
 560 0285 6C7200   		.ascii	"lr\000"
 561 0288 07       		.byte	0x7
 562 0289 2701     		.2byte	0x127
 563 028b 08020000 		.4byte	0x208
 564 028f 20       		.byte	0x20
 565 0290 00       		.byte	0
 566 0291 0B       		.uleb128 0xb
ARM GAS  /tmp/ccMKAURV.s 			page 11


 567 0292 02030000 		.4byte	.LASF40
 568 0296 04       		.byte	0x4
 569 0297 07       		.byte	0x7
 570 0298 3101     		.2byte	0x131
 571 029a AC020000 		.4byte	0x2ac
 572 029e 0C       		.uleb128 0xc
 573 029f 72313300 		.ascii	"r13\000"
 574 02a3 07       		.byte	0x7
 575 02a4 3201     		.2byte	0x132
 576 02a6 AC020000 		.4byte	0x2ac
 577 02aa 00       		.byte	0
 578 02ab 00       		.byte	0
 579 02ac 09       		.uleb128 0x9
 580 02ad 04       		.byte	0x4
 581 02ae 15020000 		.4byte	0x215
 582 02b2 03       		.uleb128 0x3
 583 02b3 04       		.byte	0x4
 584 02b4 07       		.byte	0x7
 585 02b5 69010000 		.4byte	.LASF41
 586 02b9 05       		.uleb128 0x5
 587 02ba 63010000 		.4byte	.LASF42
 588 02be 10       		.byte	0x10
 589 02bf 08       		.byte	0x8
 590 02c0 2C       		.byte	0x2c
 591 02c1 EA020000 		.4byte	0x2ea
 592 02c5 06       		.uleb128 0x6
 593 02c6 65000000 		.4byte	.LASF43
 594 02ca 08       		.byte	0x8
 595 02cb 2D       		.byte	0x2d
 596 02cc DD010000 		.4byte	0x1dd
 597 02d0 00       		.byte	0
 598 02d1 06       		.uleb128 0x6
 599 02d2 52030000 		.4byte	.LASF44
 600 02d6 08       		.byte	0x8
 601 02d7 2F       		.byte	0x2f
 602 02d8 D7010000 		.4byte	0x1d7
 603 02dc 08       		.byte	0x8
 604 02dd 06       		.uleb128 0x6
 605 02de E6020000 		.4byte	.LASF45
 606 02e2 08       		.byte	0x8
 607 02e3 31       		.byte	0x31
 608 02e4 EA020000 		.4byte	0x2ea
 609 02e8 0C       		.byte	0xc
 610 02e9 00       		.byte	0
 611 02ea 09       		.uleb128 0x9
 612 02eb 04       		.byte	0x4
 613 02ec B9020000 		.4byte	0x2b9
 614 02f0 04       		.uleb128 0x4
 615 02f1 63010000 		.4byte	.LASF42
 616 02f5 08       		.byte	0x8
 617 02f6 33       		.byte	0x33
 618 02f7 B9020000 		.4byte	0x2b9
 619 02fb 0D       		.uleb128 0xd
 620 02fc 04       		.byte	0x4
 621 02fd 06       		.byte	0x6
 622 02fe 96       		.byte	0x96
 623 02ff 30030000 		.4byte	0x330
ARM GAS  /tmp/ccMKAURV.s 			page 12


 624 0303 0E       		.uleb128 0xe
 625 0304 13000000 		.4byte	.LASF46
 626 0308 06       		.byte	0x6
 627 0309 9D       		.byte	0x9d
 628 030a E0000000 		.4byte	0xe0
 629 030e 0E       		.uleb128 0xe
 630 030f 3B000000 		.4byte	.LASF47
 631 0313 06       		.byte	0x6
 632 0314 A4       		.byte	0xa4
 633 0315 E0000000 		.4byte	0xe0
 634 0319 0E       		.uleb128 0xe
 635 031a 30030000 		.4byte	.LASF48
 636 031e 06       		.byte	0x6
 637 031f AB       		.byte	0xab
 638 0320 13020000 		.4byte	0x213
 639 0324 0E       		.uleb128 0xe
 640 0325 B5020000 		.4byte	.LASF49
 641 0329 06       		.byte	0x6
 642 032a B2       		.byte	0xb2
 643 032b EB000000 		.4byte	0xeb
 644 032f 00       		.byte	0
 645 0330 09       		.uleb128 0x9
 646 0331 04       		.byte	0x4
 647 0332 F0020000 		.4byte	0x2f0
 648 0336 0F       		.uleb128 0xf
 649 0337 37010000 		.4byte	.LASF50
 650 033b 01       		.byte	0x1
 651 033c 33       		.byte	0x33
 652 033d 00000000 		.4byte	.LFB0
 653 0341 24000000 		.4byte	.LFE0-.LFB0
 654 0345 01       		.uleb128 0x1
 655 0346 9C       		.byte	0x9c
 656 0347 73030000 		.4byte	0x373
 657 034b 10       		.uleb128 0x10
 658 034c 747000   		.ascii	"tp\000"
 659 034f 01       		.byte	0x1
 660 0350 33       		.byte	0x33
 661 0351 D7010000 		.4byte	0x1d7
 662 0355 01       		.uleb128 0x1
 663 0356 50       		.byte	0x50
 664 0357 10       		.uleb128 0x10
 665 0358 74717000 		.ascii	"tqp\000"
 666 035c 01       		.byte	0x1
 667 035d 33       		.byte	0x33
 668 035e 73030000 		.4byte	0x373
 669 0362 01       		.uleb128 0x1
 670 0363 51       		.byte	0x51
 671 0364 11       		.uleb128 0x11
 672 0365 637000   		.ascii	"cp\000"
 673 0368 01       		.byte	0x1
 674 0369 36       		.byte	0x36
 675 036a D7010000 		.4byte	0x1d7
 676 036e 00000000 		.4byte	.LLST0
 677 0372 00       		.byte	0
 678 0373 09       		.uleb128 0x9
 679 0374 04       		.byte	0x4
 680 0375 DD010000 		.4byte	0x1dd
ARM GAS  /tmp/ccMKAURV.s 			page 13


 681 0379 0F       		.uleb128 0xf
 682 037a 06000000 		.4byte	.LASF51
 683 037e 01       		.byte	0x1
 684 037f 4A       		.byte	0x4a
 685 0380 00000000 		.4byte	.LFB1
 686 0384 0C000000 		.4byte	.LFE1-.LFB1
 687 0388 01       		.uleb128 0x1
 688 0389 9C       		.byte	0x9c
 689 038a A8030000 		.4byte	0x3a8
 690 038e 10       		.uleb128 0x10
 691 038f 747000   		.ascii	"tp\000"
 692 0392 01       		.byte	0x1
 693 0393 4A       		.byte	0x4a
 694 0394 D7010000 		.4byte	0x1d7
 695 0398 01       		.uleb128 0x1
 696 0399 50       		.byte	0x50
 697 039a 10       		.uleb128 0x10
 698 039b 74717000 		.ascii	"tqp\000"
 699 039f 01       		.byte	0x1
 700 03a0 4A       		.byte	0x4a
 701 03a1 73030000 		.4byte	0x373
 702 03a5 01       		.uleb128 0x1
 703 03a6 51       		.byte	0x51
 704 03a7 00       		.byte	0
 705 03a8 12       		.uleb128 0x12
 706 03a9 72010000 		.4byte	.LASF52
 707 03ad 01       		.byte	0x1
 708 03ae 5B       		.byte	0x5b
 709 03af D7010000 		.4byte	0x1d7
 710 03b3 00000000 		.4byte	.LFB2
 711 03b7 0C000000 		.4byte	.LFE2-.LFB2
 712 03bb 01       		.uleb128 0x1
 713 03bc 9C       		.byte	0x9c
 714 03bd DD030000 		.4byte	0x3dd
 715 03c1 13       		.uleb128 0x13
 716 03c2 74717000 		.ascii	"tqp\000"
 717 03c6 01       		.byte	0x1
 718 03c7 5B       		.byte	0x5b
 719 03c8 73030000 		.4byte	0x373
 720 03cc 1E000000 		.4byte	.LLST1
 721 03d0 14       		.uleb128 0x14
 722 03d1 747000   		.ascii	"tp\000"
 723 03d4 01       		.byte	0x1
 724 03d5 5C       		.byte	0x5c
 725 03d6 D7010000 		.4byte	0x1d7
 726 03da 01       		.uleb128 0x1
 727 03db 50       		.byte	0x50
 728 03dc 00       		.byte	0
 729 03dd 12       		.uleb128 0x12
 730 03de 0A030000 		.4byte	.LASF53
 731 03e2 01       		.byte	0x1
 732 03e3 6C       		.byte	0x6c
 733 03e4 D7010000 		.4byte	0x1d7
 734 03e8 00000000 		.4byte	.LFB3
 735 03ec 0C000000 		.4byte	.LFE3-.LFB3
 736 03f0 01       		.uleb128 0x1
 737 03f1 9C       		.byte	0x9c
ARM GAS  /tmp/ccMKAURV.s 			page 14


 738 03f2 12040000 		.4byte	0x412
 739 03f6 13       		.uleb128 0x13
 740 03f7 74717000 		.ascii	"tqp\000"
 741 03fb 01       		.byte	0x1
 742 03fc 6C       		.byte	0x6c
 743 03fd 73030000 		.4byte	0x373
 744 0401 3C000000 		.4byte	.LLST2
 745 0405 14       		.uleb128 0x14
 746 0406 747000   		.ascii	"tp\000"
 747 0409 01       		.byte	0x1
 748 040a 6D       		.byte	0x6d
 749 040b D7010000 		.4byte	0x1d7
 750 040f 01       		.uleb128 0x1
 751 0410 50       		.byte	0x50
 752 0411 00       		.byte	0
 753 0412 12       		.uleb128 0x12
 754 0413 8B010000 		.4byte	.LASF54
 755 0417 01       		.byte	0x1
 756 0418 7D       		.byte	0x7d
 757 0419 D7010000 		.4byte	0x1d7
 758 041d 00000000 		.4byte	.LFB4
 759 0421 0E000000 		.4byte	.LFE4-.LFB4
 760 0425 01       		.uleb128 0x1
 761 0426 9C       		.byte	0x9c
 762 0427 38040000 		.4byte	0x438
 763 042b 10       		.uleb128 0x10
 764 042c 747000   		.ascii	"tp\000"
 765 042f 01       		.byte	0x1
 766 0430 7D       		.byte	0x7d
 767 0431 D7010000 		.4byte	0x1d7
 768 0435 01       		.uleb128 0x1
 769 0436 50       		.byte	0x50
 770 0437 00       		.byte	0
 771 0438 0F       		.uleb128 0xf
 772 0439 93010000 		.4byte	.LASF55
 773 043d 01       		.byte	0x1
 774 043e 8C       		.byte	0x8c
 775 043f 00000000 		.4byte	.LFB5
 776 0443 08000000 		.4byte	.LFE5-.LFB5
 777 0447 01       		.uleb128 0x1
 778 0448 9C       		.byte	0x9c
 779 0449 67040000 		.4byte	0x467
 780 044d 10       		.uleb128 0x10
 781 044e 747000   		.ascii	"tp\000"
 782 0451 01       		.byte	0x1
 783 0452 8C       		.byte	0x8c
 784 0453 D7010000 		.4byte	0x1d7
 785 0457 01       		.uleb128 0x1
 786 0458 50       		.byte	0x50
 787 0459 10       		.uleb128 0x10
 788 045a 746C7000 		.ascii	"tlp\000"
 789 045e 01       		.byte	0x1
 790 045f 8C       		.byte	0x8c
 791 0460 67040000 		.4byte	0x467
 792 0464 01       		.uleb128 0x1
 793 0465 51       		.byte	0x51
 794 0466 00       		.byte	0
ARM GAS  /tmp/ccMKAURV.s 			page 15


 795 0467 09       		.uleb128 0x9
 796 0468 04       		.byte	0x4
 797 0469 FD010000 		.4byte	0x1fd
 798 046d 15       		.uleb128 0x15
 799 046e 89000000 		.4byte	.LASF56
 800 0472 01       		.byte	0x1
 801 0473 9B       		.byte	0x9b
 802 0474 D7010000 		.4byte	0x1d7
 803 0478 00000000 		.4byte	.LFB6
 804 047c 0A000000 		.4byte	.LFE6-.LFB6
 805 0480 01       		.uleb128 0x1
 806 0481 9C       		.byte	0x9c
 807 0482 13       		.uleb128 0x13
 808 0483 746C7000 		.ascii	"tlp\000"
 809 0487 01       		.byte	0x1
 810 0488 9B       		.byte	0x9b
 811 0489 67040000 		.4byte	0x467
 812 048d 5A000000 		.4byte	.LLST3
 813 0491 14       		.uleb128 0x14
 814 0492 747000   		.ascii	"tp\000"
 815 0495 01       		.byte	0x1
 816 0496 9D       		.byte	0x9d
 817 0497 D7010000 		.4byte	0x1d7
 818 049b 01       		.uleb128 0x1
 819 049c 50       		.byte	0x50
 820 049d 00       		.byte	0
 821 049e 00       		.byte	0
 822              		.section	.debug_abbrev,"",%progbits
 823              	.Ldebug_abbrev0:
 824 0000 01       		.uleb128 0x1
 825 0001 11       		.uleb128 0x11
 826 0002 01       		.byte	0x1
 827 0003 25       		.uleb128 0x25
 828 0004 0E       		.uleb128 0xe
 829 0005 13       		.uleb128 0x13
 830 0006 0B       		.uleb128 0xb
 831 0007 03       		.uleb128 0x3
 832 0008 0E       		.uleb128 0xe
 833 0009 1B       		.uleb128 0x1b
 834 000a 0E       		.uleb128 0xe
 835 000b 55       		.uleb128 0x55
 836 000c 17       		.uleb128 0x17
 837 000d 11       		.uleb128 0x11
 838 000e 01       		.uleb128 0x1
 839 000f 10       		.uleb128 0x10
 840 0010 17       		.uleb128 0x17
 841 0011 00       		.byte	0
 842 0012 00       		.byte	0
 843 0013 02       		.uleb128 0x2
 844 0014 24       		.uleb128 0x24
 845 0015 00       		.byte	0
 846 0016 0B       		.uleb128 0xb
 847 0017 0B       		.uleb128 0xb
 848 0018 3E       		.uleb128 0x3e
 849 0019 0B       		.uleb128 0xb
 850 001a 03       		.uleb128 0x3
 851 001b 08       		.uleb128 0x8
ARM GAS  /tmp/ccMKAURV.s 			page 16


 852 001c 00       		.byte	0
 853 001d 00       		.byte	0
 854 001e 03       		.uleb128 0x3
 855 001f 24       		.uleb128 0x24
 856 0020 00       		.byte	0
 857 0021 0B       		.uleb128 0xb
 858 0022 0B       		.uleb128 0xb
 859 0023 3E       		.uleb128 0x3e
 860 0024 0B       		.uleb128 0xb
 861 0025 03       		.uleb128 0x3
 862 0026 0E       		.uleb128 0xe
 863 0027 00       		.byte	0
 864 0028 00       		.byte	0
 865 0029 04       		.uleb128 0x4
 866 002a 16       		.uleb128 0x16
 867 002b 00       		.byte	0
 868 002c 03       		.uleb128 0x3
 869 002d 0E       		.uleb128 0xe
 870 002e 3A       		.uleb128 0x3a
 871 002f 0B       		.uleb128 0xb
 872 0030 3B       		.uleb128 0x3b
 873 0031 0B       		.uleb128 0xb
 874 0032 49       		.uleb128 0x49
 875 0033 13       		.uleb128 0x13
 876 0034 00       		.byte	0
 877 0035 00       		.byte	0
 878 0036 05       		.uleb128 0x5
 879 0037 13       		.uleb128 0x13
 880 0038 01       		.byte	0x1
 881 0039 03       		.uleb128 0x3
 882 003a 0E       		.uleb128 0xe
 883 003b 0B       		.uleb128 0xb
 884 003c 0B       		.uleb128 0xb
 885 003d 3A       		.uleb128 0x3a
 886 003e 0B       		.uleb128 0xb
 887 003f 3B       		.uleb128 0x3b
 888 0040 0B       		.uleb128 0xb
 889 0041 01       		.uleb128 0x1
 890 0042 13       		.uleb128 0x13
 891 0043 00       		.byte	0
 892 0044 00       		.byte	0
 893 0045 06       		.uleb128 0x6
 894 0046 0D       		.uleb128 0xd
 895 0047 00       		.byte	0
 896 0048 03       		.uleb128 0x3
 897 0049 0E       		.uleb128 0xe
 898 004a 3A       		.uleb128 0x3a
 899 004b 0B       		.uleb128 0xb
 900 004c 3B       		.uleb128 0x3b
 901 004d 0B       		.uleb128 0xb
 902 004e 49       		.uleb128 0x49
 903 004f 13       		.uleb128 0x13
 904 0050 38       		.uleb128 0x38
 905 0051 0B       		.uleb128 0xb
 906 0052 00       		.byte	0
 907 0053 00       		.byte	0
 908 0054 07       		.uleb128 0x7
ARM GAS  /tmp/ccMKAURV.s 			page 17


 909 0055 0D       		.uleb128 0xd
 910 0056 00       		.byte	0
 911 0057 03       		.uleb128 0x3
 912 0058 08       		.uleb128 0x8
 913 0059 3A       		.uleb128 0x3a
 914 005a 0B       		.uleb128 0xb
 915 005b 3B       		.uleb128 0x3b
 916 005c 0B       		.uleb128 0xb
 917 005d 49       		.uleb128 0x49
 918 005e 13       		.uleb128 0x13
 919 005f 38       		.uleb128 0x38
 920 0060 0B       		.uleb128 0xb
 921 0061 00       		.byte	0
 922 0062 00       		.byte	0
 923 0063 08       		.uleb128 0x8
 924 0064 13       		.uleb128 0x13
 925 0065 01       		.byte	0x1
 926 0066 0B       		.uleb128 0xb
 927 0067 0B       		.uleb128 0xb
 928 0068 3A       		.uleb128 0x3a
 929 0069 0B       		.uleb128 0xb
 930 006a 3B       		.uleb128 0x3b
 931 006b 0B       		.uleb128 0xb
 932 006c 01       		.uleb128 0x1
 933 006d 13       		.uleb128 0x13
 934 006e 00       		.byte	0
 935 006f 00       		.byte	0
 936 0070 09       		.uleb128 0x9
 937 0071 0F       		.uleb128 0xf
 938 0072 00       		.byte	0
 939 0073 0B       		.uleb128 0xb
 940 0074 0B       		.uleb128 0xb
 941 0075 49       		.uleb128 0x49
 942 0076 13       		.uleb128 0x13
 943 0077 00       		.byte	0
 944 0078 00       		.byte	0
 945 0079 0A       		.uleb128 0xa
 946 007a 0F       		.uleb128 0xf
 947 007b 00       		.byte	0
 948 007c 0B       		.uleb128 0xb
 949 007d 0B       		.uleb128 0xb
 950 007e 00       		.byte	0
 951 007f 00       		.byte	0
 952 0080 0B       		.uleb128 0xb
 953 0081 13       		.uleb128 0x13
 954 0082 01       		.byte	0x1
 955 0083 03       		.uleb128 0x3
 956 0084 0E       		.uleb128 0xe
 957 0085 0B       		.uleb128 0xb
 958 0086 0B       		.uleb128 0xb
 959 0087 3A       		.uleb128 0x3a
 960 0088 0B       		.uleb128 0xb
 961 0089 3B       		.uleb128 0x3b
 962 008a 05       		.uleb128 0x5
 963 008b 01       		.uleb128 0x1
 964 008c 13       		.uleb128 0x13
 965 008d 00       		.byte	0
ARM GAS  /tmp/ccMKAURV.s 			page 18


 966 008e 00       		.byte	0
 967 008f 0C       		.uleb128 0xc
 968 0090 0D       		.uleb128 0xd
 969 0091 00       		.byte	0
 970 0092 03       		.uleb128 0x3
 971 0093 08       		.uleb128 0x8
 972 0094 3A       		.uleb128 0x3a
 973 0095 0B       		.uleb128 0xb
 974 0096 3B       		.uleb128 0x3b
 975 0097 05       		.uleb128 0x5
 976 0098 49       		.uleb128 0x49
 977 0099 13       		.uleb128 0x13
 978 009a 38       		.uleb128 0x38
 979 009b 0B       		.uleb128 0xb
 980 009c 00       		.byte	0
 981 009d 00       		.byte	0
 982 009e 0D       		.uleb128 0xd
 983 009f 17       		.uleb128 0x17
 984 00a0 01       		.byte	0x1
 985 00a1 0B       		.uleb128 0xb
 986 00a2 0B       		.uleb128 0xb
 987 00a3 3A       		.uleb128 0x3a
 988 00a4 0B       		.uleb128 0xb
 989 00a5 3B       		.uleb128 0x3b
 990 00a6 0B       		.uleb128 0xb
 991 00a7 01       		.uleb128 0x1
 992 00a8 13       		.uleb128 0x13
 993 00a9 00       		.byte	0
 994 00aa 00       		.byte	0
 995 00ab 0E       		.uleb128 0xe
 996 00ac 0D       		.uleb128 0xd
 997 00ad 00       		.byte	0
 998 00ae 03       		.uleb128 0x3
 999 00af 0E       		.uleb128 0xe
 1000 00b0 3A       		.uleb128 0x3a
 1001 00b1 0B       		.uleb128 0xb
 1002 00b2 3B       		.uleb128 0x3b
 1003 00b3 0B       		.uleb128 0xb
 1004 00b4 49       		.uleb128 0x49
 1005 00b5 13       		.uleb128 0x13
 1006 00b6 00       		.byte	0
 1007 00b7 00       		.byte	0
 1008 00b8 0F       		.uleb128 0xf
 1009 00b9 2E       		.uleb128 0x2e
 1010 00ba 01       		.byte	0x1
 1011 00bb 3F       		.uleb128 0x3f
 1012 00bc 19       		.uleb128 0x19
 1013 00bd 03       		.uleb128 0x3
 1014 00be 0E       		.uleb128 0xe
 1015 00bf 3A       		.uleb128 0x3a
 1016 00c0 0B       		.uleb128 0xb
 1017 00c1 3B       		.uleb128 0x3b
 1018 00c2 0B       		.uleb128 0xb
 1019 00c3 27       		.uleb128 0x27
 1020 00c4 19       		.uleb128 0x19
 1021 00c5 11       		.uleb128 0x11
 1022 00c6 01       		.uleb128 0x1
ARM GAS  /tmp/ccMKAURV.s 			page 19


 1023 00c7 12       		.uleb128 0x12
 1024 00c8 06       		.uleb128 0x6
 1025 00c9 40       		.uleb128 0x40
 1026 00ca 18       		.uleb128 0x18
 1027 00cb 9742     		.uleb128 0x2117
 1028 00cd 19       		.uleb128 0x19
 1029 00ce 01       		.uleb128 0x1
 1030 00cf 13       		.uleb128 0x13
 1031 00d0 00       		.byte	0
 1032 00d1 00       		.byte	0
 1033 00d2 10       		.uleb128 0x10
 1034 00d3 05       		.uleb128 0x5
 1035 00d4 00       		.byte	0
 1036 00d5 03       		.uleb128 0x3
 1037 00d6 08       		.uleb128 0x8
 1038 00d7 3A       		.uleb128 0x3a
 1039 00d8 0B       		.uleb128 0xb
 1040 00d9 3B       		.uleb128 0x3b
 1041 00da 0B       		.uleb128 0xb
 1042 00db 49       		.uleb128 0x49
 1043 00dc 13       		.uleb128 0x13
 1044 00dd 02       		.uleb128 0x2
 1045 00de 18       		.uleb128 0x18
 1046 00df 00       		.byte	0
 1047 00e0 00       		.byte	0
 1048 00e1 11       		.uleb128 0x11
 1049 00e2 34       		.uleb128 0x34
 1050 00e3 00       		.byte	0
 1051 00e4 03       		.uleb128 0x3
 1052 00e5 08       		.uleb128 0x8
 1053 00e6 3A       		.uleb128 0x3a
 1054 00e7 0B       		.uleb128 0xb
 1055 00e8 3B       		.uleb128 0x3b
 1056 00e9 0B       		.uleb128 0xb
 1057 00ea 49       		.uleb128 0x49
 1058 00eb 13       		.uleb128 0x13
 1059 00ec 02       		.uleb128 0x2
 1060 00ed 17       		.uleb128 0x17
 1061 00ee 00       		.byte	0
 1062 00ef 00       		.byte	0
 1063 00f0 12       		.uleb128 0x12
 1064 00f1 2E       		.uleb128 0x2e
 1065 00f2 01       		.byte	0x1
 1066 00f3 3F       		.uleb128 0x3f
 1067 00f4 19       		.uleb128 0x19
 1068 00f5 03       		.uleb128 0x3
 1069 00f6 0E       		.uleb128 0xe
 1070 00f7 3A       		.uleb128 0x3a
 1071 00f8 0B       		.uleb128 0xb
 1072 00f9 3B       		.uleb128 0x3b
 1073 00fa 0B       		.uleb128 0xb
 1074 00fb 27       		.uleb128 0x27
 1075 00fc 19       		.uleb128 0x19
 1076 00fd 49       		.uleb128 0x49
 1077 00fe 13       		.uleb128 0x13
 1078 00ff 11       		.uleb128 0x11
 1079 0100 01       		.uleb128 0x1
ARM GAS  /tmp/ccMKAURV.s 			page 20


 1080 0101 12       		.uleb128 0x12
 1081 0102 06       		.uleb128 0x6
 1082 0103 40       		.uleb128 0x40
 1083 0104 18       		.uleb128 0x18
 1084 0105 9742     		.uleb128 0x2117
 1085 0107 19       		.uleb128 0x19
 1086 0108 01       		.uleb128 0x1
 1087 0109 13       		.uleb128 0x13
 1088 010a 00       		.byte	0
 1089 010b 00       		.byte	0
 1090 010c 13       		.uleb128 0x13
 1091 010d 05       		.uleb128 0x5
 1092 010e 00       		.byte	0
 1093 010f 03       		.uleb128 0x3
 1094 0110 08       		.uleb128 0x8
 1095 0111 3A       		.uleb128 0x3a
 1096 0112 0B       		.uleb128 0xb
 1097 0113 3B       		.uleb128 0x3b
 1098 0114 0B       		.uleb128 0xb
 1099 0115 49       		.uleb128 0x49
 1100 0116 13       		.uleb128 0x13
 1101 0117 02       		.uleb128 0x2
 1102 0118 17       		.uleb128 0x17
 1103 0119 00       		.byte	0
 1104 011a 00       		.byte	0
 1105 011b 14       		.uleb128 0x14
 1106 011c 34       		.uleb128 0x34
 1107 011d 00       		.byte	0
 1108 011e 03       		.uleb128 0x3
 1109 011f 08       		.uleb128 0x8
 1110 0120 3A       		.uleb128 0x3a
 1111 0121 0B       		.uleb128 0xb
 1112 0122 3B       		.uleb128 0x3b
 1113 0123 0B       		.uleb128 0xb
 1114 0124 49       		.uleb128 0x49
 1115 0125 13       		.uleb128 0x13
 1116 0126 02       		.uleb128 0x2
 1117 0127 18       		.uleb128 0x18
 1118 0128 00       		.byte	0
 1119 0129 00       		.byte	0
 1120 012a 15       		.uleb128 0x15
 1121 012b 2E       		.uleb128 0x2e
 1122 012c 01       		.byte	0x1
 1123 012d 3F       		.uleb128 0x3f
 1124 012e 19       		.uleb128 0x19
 1125 012f 03       		.uleb128 0x3
 1126 0130 0E       		.uleb128 0xe
 1127 0131 3A       		.uleb128 0x3a
 1128 0132 0B       		.uleb128 0xb
 1129 0133 3B       		.uleb128 0x3b
 1130 0134 0B       		.uleb128 0xb
 1131 0135 27       		.uleb128 0x27
 1132 0136 19       		.uleb128 0x19
 1133 0137 49       		.uleb128 0x49
 1134 0138 13       		.uleb128 0x13
 1135 0139 11       		.uleb128 0x11
 1136 013a 01       		.uleb128 0x1
ARM GAS  /tmp/ccMKAURV.s 			page 21


 1137 013b 12       		.uleb128 0x12
 1138 013c 06       		.uleb128 0x6
 1139 013d 40       		.uleb128 0x40
 1140 013e 18       		.uleb128 0x18
 1141 013f 9742     		.uleb128 0x2117
 1142 0141 19       		.uleb128 0x19
 1143 0142 00       		.byte	0
 1144 0143 00       		.byte	0
 1145 0144 00       		.byte	0
 1146              		.section	.debug_loc,"",%progbits
 1147              	.Ldebug_loc0:
 1148              	.LLST0:
 1149 0000 00000000 		.4byte	.LVL0
 1150 0004 06000000 		.4byte	.LVL1
 1151 0008 0100     		.2byte	0x1
 1152 000a 51       		.byte	0x51
 1153 000b 06000000 		.4byte	.LVL1
 1154 000f 24000000 		.4byte	.LFE0
 1155 0013 0100     		.2byte	0x1
 1156 0015 53       		.byte	0x53
 1157 0016 00000000 		.4byte	0
 1158 001a 00000000 		.4byte	0
 1159              	.LLST1:
 1160 001e 00000000 		.4byte	.LVL4
 1161 0022 04000000 		.4byte	.LVL5
 1162 0026 0100     		.2byte	0x1
 1163 0028 50       		.byte	0x50
 1164 0029 04000000 		.4byte	.LVL5
 1165 002d 0C000000 		.4byte	.LFE2
 1166 0031 0100     		.2byte	0x1
 1167 0033 53       		.byte	0x53
 1168 0034 00000000 		.4byte	0
 1169 0038 00000000 		.4byte	0
 1170              	.LLST2:
 1171 003c 00000000 		.4byte	.LVL6
 1172 0040 04000000 		.4byte	.LVL7
 1173 0044 0100     		.2byte	0x1
 1174 0046 50       		.byte	0x50
 1175 0047 04000000 		.4byte	.LVL7
 1176 004b 0C000000 		.4byte	.LFE3
 1177 004f 0100     		.2byte	0x1
 1178 0051 53       		.byte	0x53
 1179 0052 00000000 		.4byte	0
 1180 0056 00000000 		.4byte	0
 1181              	.LLST3:
 1182 005a 00000000 		.4byte	.LVL10
 1183 005e 04000000 		.4byte	.LVL11
 1184 0062 0100     		.2byte	0x1
 1185 0064 50       		.byte	0x50
 1186 0065 04000000 		.4byte	.LVL11
 1187 0069 0A000000 		.4byte	.LFE6
 1188 006d 0100     		.2byte	0x1
 1189 006f 53       		.byte	0x53
 1190 0070 00000000 		.4byte	0
 1191 0074 00000000 		.4byte	0
 1192              		.section	.debug_aranges,"",%progbits
 1193 0000 4C000000 		.4byte	0x4c
ARM GAS  /tmp/ccMKAURV.s 			page 22


 1194 0004 0200     		.2byte	0x2
 1195 0006 00000000 		.4byte	.Ldebug_info0
 1196 000a 04       		.byte	0x4
 1197 000b 00       		.byte	0
 1198 000c 0000     		.2byte	0
 1199 000e 0000     		.2byte	0
 1200 0010 00000000 		.4byte	.LFB0
 1201 0014 24000000 		.4byte	.LFE0-.LFB0
 1202 0018 00000000 		.4byte	.LFB1
 1203 001c 0C000000 		.4byte	.LFE1-.LFB1
 1204 0020 00000000 		.4byte	.LFB2
 1205 0024 0C000000 		.4byte	.LFE2-.LFB2
 1206 0028 00000000 		.4byte	.LFB3
 1207 002c 0C000000 		.4byte	.LFE3-.LFB3
 1208 0030 00000000 		.4byte	.LFB4
 1209 0034 0E000000 		.4byte	.LFE4-.LFB4
 1210 0038 00000000 		.4byte	.LFB5
 1211 003c 08000000 		.4byte	.LFE5-.LFB5
 1212 0040 00000000 		.4byte	.LFB6
 1213 0044 0A000000 		.4byte	.LFE6-.LFB6
 1214 0048 00000000 		.4byte	0
 1215 004c 00000000 		.4byte	0
 1216              		.section	.debug_ranges,"",%progbits
 1217              	.Ldebug_ranges0:
 1218 0000 00000000 		.4byte	.LFB0
 1219 0004 24000000 		.4byte	.LFE0
 1220 0008 00000000 		.4byte	.LFB1
 1221 000c 0C000000 		.4byte	.LFE1
 1222 0010 00000000 		.4byte	.LFB2
 1223 0014 0C000000 		.4byte	.LFE2
 1224 0018 00000000 		.4byte	.LFB3
 1225 001c 0C000000 		.4byte	.LFE3
 1226 0020 00000000 		.4byte	.LFB4
 1227 0024 0E000000 		.4byte	.LFE4
 1228 0028 00000000 		.4byte	.LFB5
 1229 002c 08000000 		.4byte	.LFE5
 1230 0030 00000000 		.4byte	.LFB6
 1231 0034 0A000000 		.4byte	.LFE6
 1232 0038 00000000 		.4byte	0
 1233 003c 00000000 		.4byte	0
 1234              		.section	.debug_line,"",%progbits
 1235              	.Ldebug_line0:
 1236 0000 8E010000 		.section	.debug_str,"MS",%progbits,1
 1236      0200F100 
 1236      00000201 
 1236      FB0E0D00 
 1236      01010101 
 1237              	.LASF32:
 1238 0000 705F6D73 		.ascii	"p_msg\000"
 1238      6700
 1239              	.LASF51:
 1240 0006 71756575 		.ascii	"queue_insert\000"
 1240      655F696E 
 1240      73657274 
 1240      00
 1241              	.LASF46:
 1242 0013 7264796D 		.ascii	"rdymsg\000"
ARM GAS  /tmp/ccMKAURV.s 			page 23


 1242      736700
 1243              	.LASF5:
 1244 001a 5F5F7569 		.ascii	"__uint8_t\000"
 1244      6E74385F 
 1244      7400
 1245              	.LASF11:
 1246 0024 6C6F6E67 		.ascii	"long long unsigned int\000"
 1246      206C6F6E 
 1246      6720756E 
 1246      7369676E 
 1246      65642069 
 1247              	.LASF47:
 1248 003b 65786974 		.ascii	"exitcode\000"
 1248      636F6465 
 1248      00
 1249              	.LASF25:
 1250 0044 705F7072 		.ascii	"p_prio\000"
 1250      696F00
 1251              	.LASF10:
 1252 004b 6C6F6E67 		.ascii	"long long int\000"
 1252      206C6F6E 
 1252      6720696E 
 1252      7400
 1253              	.LASF1:
 1254 0059 7369676E 		.ascii	"signed char\000"
 1254      65642063 
 1254      68617200 
 1255              	.LASF43:
 1256 0065 6D5F7175 		.ascii	"m_queue\000"
 1256      65756500 
 1257              	.LASF18:
 1258 006d 74736C69 		.ascii	"tslices_t\000"
 1258      6365735F 
 1258      7400
 1259              	.LASF7:
 1260 0077 6C6F6E67 		.ascii	"long int\000"
 1260      20696E74 
 1260      00
 1261              	.LASF17:
 1262 0080 74737461 		.ascii	"tstate_t\000"
 1262      74655F74 
 1262      00
 1263              	.LASF56:
 1264 0089 6C697374 		.ascii	"list_remove\000"
 1264      5F72656D 
 1264      6F766500 
 1265              	.LASF8:
 1266 0095 5F5F7569 		.ascii	"__uint32_t\000"
 1266      6E743332 
 1266      5F7400
 1267              	.LASF38:
 1268 00a0 72656761 		.ascii	"regarm_t\000"
 1268      726D5F74 
 1268      00
 1269              	.LASF0:
 1270 00a9 756E7369 		.ascii	"unsigned int\000"
 1270      676E6564 
ARM GAS  /tmp/ccMKAURV.s 			page 24


 1270      20696E74 
 1270      00
 1271              	.LASF59:
 1272 00b6 2F686F6D 		.ascii	"/home/dltech-deb/gdrive/Projects/RFM_to_Modbus_TCP/"
 1272      652F646C 
 1272      74656368 
 1272      2D646562 
 1272      2F676472 
 1273 00e9 43686962 		.ascii	"ChibiOS/F103_ChibiOS_ENC60J28/main\000"
 1273      694F532F 
 1273      46313033 
 1273      5F436869 
 1273      62694F53 
 1274              	.LASF9:
 1275 010c 6C6F6E67 		.ascii	"long unsigned int\000"
 1275      20756E73 
 1275      69676E65 
 1275      6420696E 
 1275      7400
 1276              	.LASF4:
 1277 011e 73686F72 		.ascii	"short unsigned int\000"
 1277      7420756E 
 1277      7369676E 
 1277      65642069 
 1277      6E7400
 1278              	.LASF20:
 1279 0131 6D73675F 		.ascii	"msg_t\000"
 1279      7400
 1280              	.LASF50:
 1281 0137 7072696F 		.ascii	"prio_insert\000"
 1281      5F696E73 
 1281      65727400 
 1282              	.LASF16:
 1283 0143 746D6F64 		.ascii	"tmode_t\000"
 1283      655F7400 
 1284              	.LASF37:
 1285 014b 54687265 		.ascii	"ThreadsList\000"
 1285      6164734C 
 1285      69737400 
 1286              	.LASF21:
 1287 0157 6576656E 		.ascii	"eventmask_t\000"
 1287      746D6173 
 1287      6B5F7400 
 1288              	.LASF42:
 1289 0163 4D757465 		.ascii	"Mutex\000"
 1289      7800
 1290              	.LASF41:
 1291 0169 73697A65 		.ascii	"sizetype\000"
 1291      74797065 
 1291      00
 1292              	.LASF52:
 1293 0172 6669666F 		.ascii	"fifo_remove\000"
 1293      5F72656D 
 1293      6F766500 
 1294              	.LASF36:
 1295 017e 54687265 		.ascii	"ThreadsQueue\000"
 1295      61647351 
ARM GAS  /tmp/ccMKAURV.s 			page 25


 1295      75657565 
 1295      00
 1296              	.LASF54:
 1297 018b 64657175 		.ascii	"dequeue\000"
 1297      65756500 
 1298              	.LASF55:
 1299 0193 6C697374 		.ascii	"list_insert\000"
 1299      5F696E73 
 1299      65727400 
 1300              	.LASF24:
 1301 019f 705F7072 		.ascii	"p_prev\000"
 1301      657600
 1302              	.LASF19:
 1303 01a6 74707269 		.ascii	"tprio_t\000"
 1303      6F5F7400 
 1304              	.LASF57:
 1305 01ae 474E5520 		.ascii	"GNU C 4.8.4 20141219 (release) -mcpu=cortex-m3 -mno"
 1305      4320342E 
 1305      382E3420 
 1305      32303134 
 1305      31323139 
 1306 01e1 2D746875 		.ascii	"-thumb-interwork -mthumb -ggdb -O2 -fomit-frame-poi"
 1306      6D622D69 
 1306      6E746572 
 1306      776F726B 
 1306      202D6D74 
 1307 0214 6E746572 		.ascii	"nter -falign-functions=16 -ffunction-sections -fdat"
 1307      202D6661 
 1307      6C69676E 
 1307      2D66756E 
 1307      6374696F 
 1308 0247 612D7365 		.ascii	"a-sections -fno-common -fno-strict-aliasing\000"
 1308      6374696F 
 1308      6E73202D 
 1308      666E6F2D 
 1308      636F6D6D 
 1309              	.LASF15:
 1310 0273 5F426F6F 		.ascii	"_Bool\000"
 1310      6C00
 1311              	.LASF13:
 1312 0279 696E7433 		.ascii	"int32_t\000"
 1312      325F7400 
 1313              	.LASF2:
 1314 0281 756E7369 		.ascii	"unsigned char\000"
 1314      676E6564 
 1314      20636861 
 1314      7200
 1315              	.LASF34:
 1316 028f 705F6D74 		.ascii	"p_mtxlist\000"
 1316      786C6973 
 1316      7400
 1317              	.LASF3:
 1318 0299 73686F72 		.ascii	"short int\000"
 1318      7420696E 
 1318      7400
 1319              	.LASF27:
 1320 02a3 705F7374 		.ascii	"p_state\000"
ARM GAS  /tmp/ccMKAURV.s 			page 26


 1320      61746500 
 1321              	.LASF29:
 1322 02ab 705F7072 		.ascii	"p_preempt\000"
 1322      65656D70 
 1322      7400
 1323              	.LASF49:
 1324 02b5 65776D61 		.ascii	"ewmask\000"
 1324      736B00
 1325              	.LASF23:
 1326 02bc 705F6E65 		.ascii	"p_next\000"
 1326      787400
 1327              	.LASF28:
 1328 02c3 705F666C 		.ascii	"p_flags\000"
 1328      61677300 
 1329              	.LASF22:
 1330 02cb 54687265 		.ascii	"Thread\000"
 1330      616400
 1331              	.LASF33:
 1332 02d2 705F6570 		.ascii	"p_epending\000"
 1332      656E6469 
 1332      6E6700
 1333              	.LASF14:
 1334 02dd 75696E74 		.ascii	"uint32_t\000"
 1334      33325F74 
 1334      00
 1335              	.LASF45:
 1336 02e6 6D5F6E65 		.ascii	"m_next\000"
 1336      787400
 1337              	.LASF35:
 1338 02ed 705F7265 		.ascii	"p_realprio\000"
 1338      616C7072 
 1338      696F00
 1339              	.LASF6:
 1340 02f8 5F5F696E 		.ascii	"__int32_t\000"
 1340      7433325F 
 1340      7400
 1341              	.LASF40:
 1342 0302 636F6E74 		.ascii	"context\000"
 1342      65787400 
 1343              	.LASF53:
 1344 030a 6C69666F 		.ascii	"lifo_remove\000"
 1344      5F72656D 
 1344      6F766500 
 1345              	.LASF39:
 1346 0316 696E7463 		.ascii	"intctx\000"
 1346      747800
 1347              	.LASF31:
 1348 031d 705F6D73 		.ascii	"p_msgqueue\000"
 1348      67717565 
 1348      756500
 1349              	.LASF12:
 1350 0328 75696E74 		.ascii	"uint8_t\000"
 1350      385F7400 
 1351              	.LASF48:
 1352 0330 77746F62 		.ascii	"wtobjp\000"
 1352      6A7000
 1353              	.LASF58:
ARM GAS  /tmp/ccMKAURV.s 			page 27


 1354 0337 2E2E2F6F 		.ascii	"../os/kernel/src/chlists.c\000"
 1354      732F6B65 
 1354      726E656C 
 1354      2F737263 
 1354      2F63686C 
 1355              	.LASF44:
 1356 0352 6D5F6F77 		.ascii	"m_owner\000"
 1356      6E657200 
 1357              	.LASF26:
 1358 035a 705F6374 		.ascii	"p_ctx\000"
 1358      7800
 1359              	.LASF30:
 1360 0360 705F7761 		.ascii	"p_waiting\000"
 1360      6974696E 
 1360      6700
 1361              		.ident	"GCC: (4.8.4-1+11-1) 4.8.4 20141219 (release)"
ARM GAS  /tmp/ccMKAURV.s 			page 28


DEFINED SYMBOLS
                            *ABS*:0000000000000000 chlists.c
     /tmp/ccMKAURV.s:19     .text.prio_insert:0000000000000000 $t
     /tmp/ccMKAURV.s:25     .text.prio_insert:0000000000000000 prio_insert
     /tmp/ccMKAURV.s:70     .text.queue_insert:0000000000000000 $t
     /tmp/ccMKAURV.s:76     .text.queue_insert:0000000000000000 queue_insert
     /tmp/ccMKAURV.s:97     .text.fifo_remove:0000000000000000 $t
     /tmp/ccMKAURV.s:103    .text.fifo_remove:0000000000000000 fifo_remove
     /tmp/ccMKAURV.s:126    .text.lifo_remove:0000000000000000 $t
     /tmp/ccMKAURV.s:132    .text.lifo_remove:0000000000000000 lifo_remove
     /tmp/ccMKAURV.s:155    .text.dequeue:0000000000000000 $t
     /tmp/ccMKAURV.s:161    .text.dequeue:0000000000000000 dequeue
     /tmp/ccMKAURV.s:181    .text.list_insert:0000000000000000 $t
     /tmp/ccMKAURV.s:187    .text.list_insert:0000000000000000 list_insert
     /tmp/ccMKAURV.s:205    .text.list_remove:0000000000000000 $t
     /tmp/ccMKAURV.s:211    .text.list_remove:0000000000000000 list_remove
                     .debug_frame:0000000000000010 $d

NO UNDEFINED SYMBOLS
