ARM GAS  /tmp/ccBydNau.s 			page 1


   1              		.syntax unified
   2              		.cpu cortex-m3
   3              		.fpu softvfp
   4              		.eabi_attribute 20, 1
   5              		.eabi_attribute 21, 1
   6              		.eabi_attribute 23, 3
   7              		.eabi_attribute 24, 1
   8              		.eabi_attribute 25, 1
   9              		.eabi_attribute 26, 1
  10              		.eabi_attribute 30, 2
  11              		.eabi_attribute 34, 1
  12              		.eabi_attribute 18, 4
  13              		.thumb
  14              		.file	"chmtx.c"
  15              		.text
  16              	.Ltext0:
  17              		.cfi_sections	.debug_frame
  18              		.section	.text.chMtxInit,"ax",%progbits
  19              		.align	2
  20              		.p2align 4,,15
  21              		.global	chMtxInit
  22              		.thumb
  23              		.thumb_func
  24              		.type	chMtxInit, %function
  25              	chMtxInit:
  26              	.LFB0:
  27              		.file 1 "../os/kernel/src/chmtx.c"
  28              		.loc 1 86 0
  29              		.cfi_startproc
  30              		@ args = 0, pretend = 0, frame = 0
  31              		@ frame_needed = 0, uses_anonymous_args = 0
  32              		@ link register save eliminated.
  33              	.LVL0:
  34              		.loc 1 91 0
  35 0000 0023     		movs	r3, #0
  36              		.loc 1 90 0
  37 0002 4060     		str	r0, [r0, #4]
  38 0004 0060     		str	r0, [r0]
  39              		.loc 1 91 0
  40 0006 8360     		str	r3, [r0, #8]
  41 0008 7047     		bx	lr
  42              		.cfi_endproc
  43              	.LFE0:
  44              		.size	chMtxInit, .-chMtxInit
  45 000a 00BFAFF3 		.section	.text.chMtxLockS,"ax",%progbits
  45      0080
  46              		.align	2
  47              		.p2align 4,,15
  48              		.global	chMtxLockS
  49              		.thumb
  50              		.thumb_func
  51              		.type	chMtxLockS, %function
  52              	chMtxLockS:
  53              	.LFB2:
  54              		.loc 1 121 0
  55              		.cfi_startproc
  56              		@ args = 0, pretend = 0, frame = 0
ARM GAS  /tmp/ccBydNau.s 			page 2


  57              		@ frame_needed = 0, uses_anonymous_args = 0
  58              	.LVL1:
  59 0000 70B5     		push	{r4, r5, r6, lr}
  60              		.cfi_def_cfa_offset 16
  61              		.cfi_offset 4, -16
  62              		.cfi_offset 5, -12
  63              		.cfi_offset 6, -8
  64              		.cfi_offset 14, -4
  65              		.loc 1 122 0
  66 0002 1C4B     		ldr	r3, .L13
  67              		.loc 1 128 0
  68 0004 8468     		ldr	r4, [r0, #8]
  69              		.loc 1 121 0
  70 0006 0646     		mov	r6, r0
  71              		.loc 1 122 0
  72 0008 1D69     		ldr	r5, [r3, #16]
  73              	.LVL2:
  74              		.loc 1 128 0
  75 000a 74B3     		cbz	r4, .L3
  76              	.LVL3:
  77              	.LBB4:
  78              		.loc 1 135 0 discriminator 1
  79 000c AA68     		ldr	r2, [r5, #8]
  80 000e A368     		ldr	r3, [r4, #8]
  81 0010 9342     		cmp	r3, r2
  82 0012 06D2     		bcs	.L5
  83              	.LVL4:
  84              	.L10:
  85              		.loc 1 139 0
  86 0014 237C     		ldrb	r3, [r4, #16]	@ zero_extendqisi2
  87              		.loc 1 137 0
  88 0016 A260     		str	r2, [r4, #8]
  89              		.loc 1 139 0
  90 0018 042B     		cmp	r3, #4
  91 001a 19D0     		beq	.L6
  92 001c 052B     		cmp	r3, #5
  93 001e 10D0     		beq	.L7
  94 0020 4BB1     		cbz	r3, .L12
  95              	.L5:
  96              		.loc 1 173 0
  97 0022 2846     		mov	r0, r5
  98 0024 3146     		mov	r1, r6
  99 0026 FFF7FEFF 		bl	prio_insert
 100              	.LVL5:
 101              		.loc 1 174 0
 102 002a 6E61     		str	r6, [r5, #20]
 103              		.loc 1 175 0
 104 002c 0420     		movs	r0, #4
 105              	.LBE4:
 106              		.loc 1 187 0
 107 002e BDE87040 		pop	{r4, r5, r6, lr}
 108              	.LVL6:
 109              	.LBB5:
 110              		.loc 1 175 0
 111 0032 FFF7FEBF 		b	chSchGoSleepS
 112              	.LVL7:
 113              	.L12:
ARM GAS  /tmp/ccBydNau.s 			page 3


 114              		.loc 1 167 0
 115 0036 2046     		mov	r0, r4
 116 0038 FFF7FEFF 		bl	dequeue
 117              	.LVL8:
 118 003c FFF7FEFF 		bl	chSchReadyI
 119              	.LVL9:
 120              		.loc 1 168 0
 121 0040 EFE7     		b	.L5
 122              	.L7:
 123              		.loc 1 158 0
 124 0042 2046     		mov	r0, r4
 125 0044 FFF7FEFF 		bl	dequeue
 126              	.LVL10:
 127 0048 6169     		ldr	r1, [r4, #20]
 128 004a FFF7FEFF 		bl	prio_insert
 129              	.LVL11:
 130              		.loc 1 159 0
 131 004e E8E7     		b	.L5
 132              	.L6:
 133              		.loc 1 142 0
 134 0050 2046     		mov	r0, r4
 135 0052 FFF7FEFF 		bl	dequeue
 136              	.LVL12:
 137 0056 6169     		ldr	r1, [r4, #20]
 138 0058 FFF7FEFF 		bl	prio_insert
 139              	.LVL13:
 140              		.loc 1 143 0
 141 005c 6369     		ldr	r3, [r4, #20]
 142              		.loc 1 135 0
 143 005e AA68     		ldr	r2, [r5, #8]
 144              		.loc 1 143 0
 145 0060 9C68     		ldr	r4, [r3, #8]
 146              	.LVL14:
 147              		.loc 1 135 0
 148 0062 A368     		ldr	r3, [r4, #8]
 149 0064 9342     		cmp	r3, r2
 150 0066 D5D3     		bcc	.L10
 151 0068 DBE7     		b	.L5
 152              	.LVL15:
 153              	.L3:
 154              	.LBE5:
 155              		.loc 1 183 0
 156 006a 8560     		str	r5, [r0, #8]
 157              		.loc 1 184 0
 158 006c EB6A     		ldr	r3, [r5, #44]
 159 006e C360     		str	r3, [r0, #12]
 160              		.loc 1 185 0
 161 0070 E862     		str	r0, [r5, #44]
 162 0072 70BD     		pop	{r4, r5, r6, pc}
 163              	.LVL16:
 164              	.L14:
 165              		.align	2
 166              	.L13:
 167 0074 00000000 		.word	rlist
 168              		.cfi_endproc
 169              	.LFE2:
 170              		.size	chMtxLockS, .-chMtxLockS
ARM GAS  /tmp/ccBydNau.s 			page 4


 171 0078 AFF30080 		.section	.text.chMtxLock,"ax",%progbits
 171      AFF30080 
 172              		.align	2
 173              		.p2align 4,,15
 174              		.global	chMtxLock
 175              		.thumb
 176              		.thumb_func
 177              		.type	chMtxLock, %function
 178              	chMtxLock:
 179              	.LFB1:
 180              		.loc 1 103 0
 181              		.cfi_startproc
 182              		@ args = 0, pretend = 0, frame = 0
 183              		@ frame_needed = 0, uses_anonymous_args = 0
 184              	.LVL17:
 185 0000 08B5     		push	{r3, lr}
 186              		.cfi_def_cfa_offset 8
 187              		.cfi_offset 3, -8
 188              		.cfi_offset 14, -4
 189              		.loc 1 105 0
 190              	@ 105 "../os/kernel/src/chmtx.c" 1
 191 0002 FFF7FEFF 		bl      _port_lock
 192              	@ 0 "" 2
 193              		.loc 1 107 0
 194              		.thumb
 195 0006 FFF7FEFF 		bl	chMtxLockS
 196              	.LVL18:
 197              		.loc 1 109 0
 198              	@ 109 "../os/kernel/src/chmtx.c" 1
 199 000a FFF7FEFF 		bl      _port_unlock
 200              	@ 0 "" 2
 201              		.thumb
 202 000e 08BD     		pop	{r3, pc}
 203              		.cfi_endproc
 204              	.LFE1:
 205              		.size	chMtxLock, .-chMtxLock
 206              		.section	.text.chMtxTryLock,"ax",%progbits
 207              		.align	2
 208              		.p2align 4,,15
 209              		.global	chMtxTryLock
 210              		.thumb
 211              		.thumb_func
 212              		.type	chMtxTryLock, %function
 213              	chMtxTryLock:
 214              	.LFB3:
 215              		.loc 1 206 0
 216              		.cfi_startproc
 217              		@ args = 0, pretend = 0, frame = 0
 218              		@ frame_needed = 0, uses_anonymous_args = 0
 219              	.LVL19:
 220 0000 00B5     		push	{lr}
 221              		.cfi_def_cfa_offset 4
 222              		.cfi_offset 14, -4
 223              		.loc 1 206 0
 224 0002 0246     		mov	r2, r0
 225              		.loc 1 209 0
 226              	@ 209 "../os/kernel/src/chmtx.c" 1
ARM GAS  /tmp/ccBydNau.s 			page 5


 227 0004 FFF7FEFF 		bl      _port_lock
 228              	@ 0 "" 2
 229              	.LVL20:
 230              		.thumb
 231              	.LBB6:
 232              	.LBB7:
 233              		.loc 1 239 0
 234 0008 8368     		ldr	r3, [r0, #8]
 235 000a 23B1     		cbz	r3, .L19
 236              		.loc 1 240 0
 237 000c 0020     		movs	r0, #0
 238              	.LVL21:
 239              	.LBE7:
 240              	.LBE6:
 241              		.loc 1 213 0
 242              	@ 213 "../os/kernel/src/chmtx.c" 1
 243 000e FFF7FEFF 		bl      _port_unlock
 244              	@ 0 "" 2
 245              		.loc 1 215 0
 246              		.thumb
 247 0012 5DF804FB 		ldr	pc, [sp], #4
 248              	.LVL22:
 249              	.L19:
 250              	.LBB9:
 251              	.LBB8:
 252              		.loc 1 241 0
 253 0016 064B     		ldr	r3, .L20
 254              		.loc 1 244 0
 255 0018 0120     		movs	r0, #1
 256              	.LVL23:
 257              		.loc 1 241 0
 258 001a 1969     		ldr	r1, [r3, #16]
 259 001c 9160     		str	r1, [r2, #8]
 260              		.loc 1 242 0
 261 001e 1969     		ldr	r1, [r3, #16]
 262 0020 C96A     		ldr	r1, [r1, #44]
 263 0022 D160     		str	r1, [r2, #12]
 264              		.loc 1 243 0
 265 0024 1B69     		ldr	r3, [r3, #16]
 266 0026 DA62     		str	r2, [r3, #44]
 267              	.LBE8:
 268              	.LBE9:
 269              		.loc 1 213 0
 270              	@ 213 "../os/kernel/src/chmtx.c" 1
 271 0028 FFF7FEFF 		bl      _port_unlock
 272              	@ 0 "" 2
 273              		.loc 1 215 0
 274              		.thumb
 275 002c 5DF804FB 		ldr	pc, [sp], #4
 276              	.L21:
 277              		.align	2
 278              	.L20:
 279 0030 00000000 		.word	rlist
 280              		.cfi_endproc
 281              	.LFE3:
 282              		.size	chMtxTryLock, .-chMtxTryLock
 283 0034 AFF30080 		.section	.text.chMtxTryLockS,"ax",%progbits
ARM GAS  /tmp/ccBydNau.s 			page 6


 283      AFF30080 
 283      AFF30080 
 284              		.align	2
 285              		.p2align 4,,15
 286              		.global	chMtxTryLockS
 287              		.thumb
 288              		.thumb_func
 289              		.type	chMtxTryLockS, %function
 290              	chMtxTryLockS:
 291              	.LFB4:
 292              		.loc 1 234 0
 293              		.cfi_startproc
 294              		@ args = 0, pretend = 0, frame = 0
 295              		@ frame_needed = 0, uses_anonymous_args = 0
 296              		@ link register save eliminated.
 297              	.LVL24:
 298              		.loc 1 239 0
 299 0000 8268     		ldr	r2, [r0, #8]
 300              		.loc 1 234 0
 301 0002 0346     		mov	r3, r0
 302              		.loc 1 239 0
 303 0004 0AB1     		cbz	r2, .L25
 304              		.loc 1 240 0
 305 0006 0020     		movs	r0, #0
 306              	.LVL25:
 307              		.loc 1 245 0
 308 0008 7047     		bx	lr
 309              	.LVL26:
 310              	.L25:
 311              		.loc 1 241 0
 312 000a 054A     		ldr	r2, .L26
 313              		.loc 1 244 0
 314 000c 0120     		movs	r0, #1
 315              	.LVL27:
 316              		.loc 1 241 0
 317 000e 1169     		ldr	r1, [r2, #16]
 318 0010 9960     		str	r1, [r3, #8]
 319              		.loc 1 242 0
 320 0012 1169     		ldr	r1, [r2, #16]
 321 0014 C96A     		ldr	r1, [r1, #44]
 322 0016 D960     		str	r1, [r3, #12]
 323              		.loc 1 243 0
 324 0018 1269     		ldr	r2, [r2, #16]
 325 001a D362     		str	r3, [r2, #44]
 326              		.loc 1 244 0
 327 001c 7047     		bx	lr
 328              	.L27:
 329 001e 00BF     		.align	2
 330              	.L26:
 331 0020 00000000 		.word	rlist
 332              		.cfi_endproc
 333              	.LFE4:
 334              		.size	chMtxTryLockS, .-chMtxTryLockS
 335 0024 AFF30080 		.section	.text.chMtxUnlock,"ax",%progbits
 335      AFF30080 
 335      AFF30080 
 336              		.align	2
ARM GAS  /tmp/ccBydNau.s 			page 7


 337              		.p2align 4,,15
 338              		.global	chMtxUnlock
 339              		.thumb
 340              		.thumb_func
 341              		.type	chMtxUnlock, %function
 342              	chMtxUnlock:
 343              	.LFB5:
 344              		.loc 1 257 0
 345              		.cfi_startproc
 346              		@ args = 0, pretend = 0, frame = 0
 347              		@ frame_needed = 0, uses_anonymous_args = 0
 348 0000 10B5     		push	{r4, lr}
 349              		.cfi_def_cfa_offset 8
 350              		.cfi_offset 4, -8
 351              		.cfi_offset 14, -4
 352              		.loc 1 258 0
 353 0002 154B     		ldr	r3, .L40
 354 0004 1869     		ldr	r0, [r3, #16]
 355              	.LVL28:
 356              		.loc 1 261 0
 357              	@ 261 "../os/kernel/src/chmtx.c" 1
 358 0006 FFF7FEFF 		bl      _port_lock
 359              	@ 0 "" 2
 360              		.loc 1 270 0
 361              		.thumb
 362 000a C46A     		ldr	r4, [r0, #44]
 363              	.LVL29:
 364              		.loc 1 271 0
 365 000c E368     		ldr	r3, [r4, #12]
 366 000e C362     		str	r3, [r0, #44]
 367              		.loc 1 273 0
 368 0010 2268     		ldr	r2, [r4]
 369 0012 A242     		cmp	r2, r4
 370 0014 1AD0     		beq	.L29
 371              	.LBB10:
 372              		.loc 1 278 0
 373 0016 016B     		ldr	r1, [r0, #48]
 374              	.LVL30:
 375              		.loc 1 280 0
 376 0018 4BB1     		cbz	r3, .L30
 377              	.L32:
 378              		.loc 1 284 0
 379 001a 1A68     		ldr	r2, [r3]
 380 001c 9A42     		cmp	r2, r3
 381 001e 03D0     		beq	.L31
 382              		.loc 1 284 0 is_stmt 0 discriminator 1
 383 0020 9268     		ldr	r2, [r2, #8]
 384 0022 9142     		cmp	r1, r2
 385 0024 38BF     		it	cc
 386 0026 1146     		movcc	r1, r2
 387              	.LVL31:
 388              	.L31:
 389              		.loc 1 286 0 is_stmt 1
 390 0028 DB68     		ldr	r3, [r3, #12]
 391              	.LVL32:
 392              		.loc 1 280 0
 393 002a 002B     		cmp	r3, #0
ARM GAS  /tmp/ccBydNau.s 			page 8


 394 002c F5D1     		bne	.L32
 395              	.L30:
 396              		.loc 1 290 0
 397 002e 8160     		str	r1, [r0, #8]
 398              		.loc 1 293 0
 399 0030 2046     		mov	r0, r4
 400              	.LVL33:
 401 0032 FFF7FEFF 		bl	fifo_remove
 402              	.LVL34:
 403              		.loc 1 294 0
 404 0036 A060     		str	r0, [r4, #8]
 405              		.loc 1 295 0
 406 0038 C26A     		ldr	r2, [r0, #44]
 407              		.loc 1 297 0
 408 003a 0021     		movs	r1, #0
 409              		.loc 1 295 0
 410 003c E260     		str	r2, [r4, #12]
 411              		.loc 1 296 0
 412 003e C462     		str	r4, [r0, #44]
 413              		.loc 1 297 0
 414 0040 FFF7FEFF 		bl	chSchWakeupS
 415              	.LVL35:
 416              	.LBE10:
 417              		.loc 1 301 0
 418              	@ 301 "../os/kernel/src/chmtx.c" 1
 419 0044 FFF7FEFF 		bl      _port_unlock
 420              	@ 0 "" 2
 421              		.loc 1 303 0
 422              		.thumb
 423 0048 2046     		mov	r0, r4
 424 004a 10BD     		pop	{r4, pc}
 425              	.LVL36:
 426              	.L29:
 427              		.loc 1 300 0
 428 004c 0023     		movs	r3, #0
 429 004e A360     		str	r3, [r4, #8]
 430              		.loc 1 301 0
 431              	@ 301 "../os/kernel/src/chmtx.c" 1
 432 0050 FFF7FEFF 		bl      _port_unlock
 433              	@ 0 "" 2
 434              		.loc 1 303 0
 435              		.thumb
 436 0054 2046     		mov	r0, r4
 437              	.LVL37:
 438 0056 10BD     		pop	{r4, pc}
 439              	.LVL38:
 440              	.L41:
 441              		.align	2
 442              	.L40:
 443 0058 00000000 		.word	rlist
 444              		.cfi_endproc
 445              	.LFE5:
 446              		.size	chMtxUnlock, .-chMtxUnlock
 447 005c AFF30080 		.section	.text.chMtxUnlockS,"ax",%progbits
 448              		.align	2
 449              		.p2align 4,,15
 450              		.global	chMtxUnlockS
ARM GAS  /tmp/ccBydNau.s 			page 9


 451              		.thumb
 452              		.thumb_func
 453              		.type	chMtxUnlockS, %function
 454              	chMtxUnlockS:
 455              	.LFB6:
 456              		.loc 1 317 0
 457              		.cfi_startproc
 458              		@ args = 0, pretend = 0, frame = 0
 459              		@ frame_needed = 0, uses_anonymous_args = 0
 460 0000 10B5     		push	{r4, lr}
 461              		.cfi_def_cfa_offset 8
 462              		.cfi_offset 4, -8
 463              		.cfi_offset 14, -4
 464              		.loc 1 318 0
 465 0002 124B     		ldr	r3, .L54
 466 0004 1869     		ldr	r0, [r3, #16]
 467              	.LVL39:
 468              		.loc 1 331 0
 469 0006 C46A     		ldr	r4, [r0, #44]
 470              	.LVL40:
 471              		.loc 1 332 0
 472 0008 E368     		ldr	r3, [r4, #12]
 473 000a C362     		str	r3, [r0, #44]
 474              		.loc 1 334 0
 475 000c 2268     		ldr	r2, [r4]
 476 000e A242     		cmp	r2, r4
 477 0010 17D0     		beq	.L43
 478              	.LBB11:
 479              		.loc 1 339 0
 480 0012 016B     		ldr	r1, [r0, #48]
 481              	.LVL41:
 482              		.loc 1 341 0
 483 0014 4BB1     		cbz	r3, .L44
 484              	.L46:
 485              		.loc 1 345 0
 486 0016 1A68     		ldr	r2, [r3]
 487 0018 9A42     		cmp	r2, r3
 488 001a 03D0     		beq	.L45
 489              		.loc 1 345 0 is_stmt 0 discriminator 1
 490 001c 9268     		ldr	r2, [r2, #8]
 491 001e 9142     		cmp	r1, r2
 492 0020 38BF     		it	cc
 493 0022 1146     		movcc	r1, r2
 494              	.LVL42:
 495              	.L45:
 496              		.loc 1 347 0 is_stmt 1
 497 0024 DB68     		ldr	r3, [r3, #12]
 498              	.LVL43:
 499              		.loc 1 341 0
 500 0026 002B     		cmp	r3, #0
 501 0028 F5D1     		bne	.L46
 502              	.L44:
 503              		.loc 1 349 0
 504 002a 8160     		str	r1, [r0, #8]
 505              		.loc 1 352 0
 506 002c 2046     		mov	r0, r4
 507              	.LVL44:
ARM GAS  /tmp/ccBydNau.s 			page 10


 508 002e FFF7FEFF 		bl	fifo_remove
 509              	.LVL45:
 510              		.loc 1 353 0
 511 0032 A060     		str	r0, [r4, #8]
 512              		.loc 1 354 0
 513 0034 C26A     		ldr	r2, [r0, #44]
 514 0036 E260     		str	r2, [r4, #12]
 515              		.loc 1 355 0
 516 0038 C462     		str	r4, [r0, #44]
 517              		.loc 1 356 0
 518 003a FFF7FEFF 		bl	chSchReadyI
 519              	.LVL46:
 520              	.LBE11:
 521              		.loc 1 361 0
 522 003e 2046     		mov	r0, r4
 523 0040 10BD     		pop	{r4, pc}
 524              	.LVL47:
 525              	.L43:
 526              		.loc 1 359 0
 527 0042 0023     		movs	r3, #0
 528 0044 A360     		str	r3, [r4, #8]
 529              		.loc 1 361 0
 530 0046 2046     		mov	r0, r4
 531              	.LVL48:
 532 0048 10BD     		pop	{r4, pc}
 533              	.LVL49:
 534              	.L55:
 535 004a 00BF     		.align	2
 536              	.L54:
 537 004c 00000000 		.word	rlist
 538              		.cfi_endproc
 539              	.LFE6:
 540              		.size	chMtxUnlockS, .-chMtxUnlockS
 541              		.section	.text.chMtxUnlockAll,"ax",%progbits
 542              		.align	2
 543              		.p2align 4,,15
 544              		.global	chMtxUnlockAll
 545              		.thumb
 546              		.thumb_func
 547              		.type	chMtxUnlockAll, %function
 548              	chMtxUnlockAll:
 549              	.LFB7:
 550              		.loc 1 374 0
 551              		.cfi_startproc
 552              		@ args = 0, pretend = 0, frame = 0
 553              		@ frame_needed = 0, uses_anonymous_args = 0
 554 0000 70B5     		push	{r4, r5, r6, lr}
 555              		.cfi_def_cfa_offset 16
 556              		.cfi_offset 4, -16
 557              		.cfi_offset 5, -12
 558              		.cfi_offset 6, -8
 559              		.cfi_offset 14, -4
 560              		.loc 1 375 0
 561 0002 114B     		ldr	r3, .L67
 562 0004 1D69     		ldr	r5, [r3, #16]
 563              	.LVL50:
 564              		.loc 1 377 0
ARM GAS  /tmp/ccBydNau.s 			page 11


 565              	@ 377 "../os/kernel/src/chmtx.c" 1
 566 0006 FFF7FEFF 		bl      _port_lock
 567              	@ 0 "" 2
 568              		.loc 1 378 0
 569              		.thumb
 570 000a EC6A     		ldr	r4, [r5, #44]
 571 000c CCB1     		cbz	r4, .L57
 572              	.LBB12:
 573              		.loc 1 390 0
 574 000e 0026     		movs	r6, #0
 575 0010 09E0     		b	.L61
 576              	.LVL51:
 577              	.L66:
 578              	.LBB13:
 579              		.loc 1 383 0
 580 0012 FFF7FEFF 		bl	fifo_remove
 581              	.LVL52:
 582              		.loc 1 384 0
 583 0016 A060     		str	r0, [r4, #8]
 584              		.loc 1 385 0
 585 0018 C26A     		ldr	r2, [r0, #44]
 586 001a E260     		str	r2, [r4, #12]
 587              		.loc 1 386 0
 588 001c C462     		str	r4, [r0, #44]
 589              		.loc 1 387 0
 590 001e FFF7FEFF 		bl	chSchReadyI
 591              	.LVL53:
 592              	.LBE13:
 593              	.LBE12:
 594              		.loc 1 391 0
 595 0022 EC6A     		ldr	r4, [r5, #44]
 596              	.LVL54:
 597 0024 4CB1     		cbz	r4, .L65
 598              	.L61:
 599              	.LVL55:
 600              	.LBB15:
 601              		.loc 1 381 0
 602 0026 E368     		ldr	r3, [r4, #12]
 603              	.LBB14:
 604              		.loc 1 383 0
 605 0028 2046     		mov	r0, r4
 606              	.LBE14:
 607              		.loc 1 381 0
 608 002a EB62     		str	r3, [r5, #44]
 609              		.loc 1 382 0
 610 002c 2368     		ldr	r3, [r4]
 611 002e A342     		cmp	r3, r4
 612 0030 EFD1     		bne	.L66
 613              		.loc 1 390 0
 614 0032 A660     		str	r6, [r4, #8]
 615              	.LBE15:
 616              		.loc 1 391 0
 617 0034 EC6A     		ldr	r4, [r5, #44]
 618              	.LVL56:
 619 0036 002C     		cmp	r4, #0
 620 0038 F5D1     		bne	.L61
 621              	.LVL57:
ARM GAS  /tmp/ccBydNau.s 			page 12


 622              	.L65:
 623              		.loc 1 392 0
 624 003a 2B6B     		ldr	r3, [r5, #48]
 625 003c AB60     		str	r3, [r5, #8]
 626              		.loc 1 393 0
 627 003e FFF7FEFF 		bl	chSchRescheduleS
 628              	.LVL58:
 629              	.L57:
 630              		.loc 1 395 0
 631              	@ 395 "../os/kernel/src/chmtx.c" 1
 632 0042 FFF7FEFF 		bl      _port_unlock
 633              	@ 0 "" 2
 634              		.thumb
 635 0046 70BD     		pop	{r4, r5, r6, pc}
 636              	.LVL59:
 637              	.L68:
 638              		.align	2
 639              	.L67:
 640 0048 00000000 		.word	rlist
 641              		.cfi_endproc
 642              	.LFE7:
 643              		.size	chMtxUnlockAll, .-chMtxUnlockAll
 644 004c AFF30080 		.text
 645              	.Letext0:
 646              		.file 2 "/usr/include/newlib/machine/_default_types.h"
 647              		.file 3 "/usr/include/newlib/stdint.h"
 648              		.file 4 "../os/ports/GCC/ARMCMx/chtypes.h"
 649              		.file 5 "../os/kernel/include/chlists.h"
 650              		.file 6 "../os/kernel/include/chthreads.h"
 651              		.file 7 "../os/ports/GCC/ARMCMx/chcore_v7m.h"
 652              		.file 8 "../os/kernel/include/chschd.h"
 653              		.file 9 "../os/kernel/include/chmtx.h"
 654              		.section	.debug_info,"",%progbits
 655              	.Ldebug_info0:
 656 0000 51070000 		.4byte	0x751
 657 0004 0400     		.2byte	0x4
 658 0006 00000000 		.4byte	.Ldebug_abbrev0
 659 000a 04       		.byte	0x4
 660 000b 01       		.uleb128 0x1
 661 000c 11020000 		.4byte	.LASF71
 662 0010 01       		.byte	0x1
 663 0011 96030000 		.4byte	.LASF72
 664 0015 E7000000 		.4byte	.LASF73
 665 0019 60000000 		.4byte	.Ldebug_ranges0+0x60
 666 001d 00000000 		.4byte	0
 667 0021 00000000 		.4byte	.Ldebug_line0
 668 0025 02       		.uleb128 0x2
 669 0026 04       		.byte	0x4
 670 0027 05       		.byte	0x5
 671 0028 696E7400 		.ascii	"int\000"
 672 002c 03       		.uleb128 0x3
 673 002d 04       		.byte	0x4
 674 002e 07       		.byte	0x7
 675 002f DA000000 		.4byte	.LASF0
 676 0033 03       		.uleb128 0x3
 677 0034 01       		.byte	0x1
 678 0035 06       		.byte	0x6
ARM GAS  /tmp/ccBydNau.s 			page 13


 679 0036 58000000 		.4byte	.LASF1
 680 003a 04       		.uleb128 0x4
 681 003b 0D000000 		.4byte	.LASF5
 682 003f 02       		.byte	0x2
 683 0040 1D       		.byte	0x1d
 684 0041 45000000 		.4byte	0x45
 685 0045 03       		.uleb128 0x3
 686 0046 01       		.byte	0x1
 687 0047 08       		.byte	0x8
 688 0048 E4020000 		.4byte	.LASF2
 689 004c 03       		.uleb128 0x3
 690 004d 02       		.byte	0x2
 691 004e 05       		.byte	0x5
 692 004f FC020000 		.4byte	.LASF3
 693 0053 03       		.uleb128 0x3
 694 0054 02       		.byte	0x2
 695 0055 07       		.byte	0x7
 696 0056 4F010000 		.4byte	.LASF4
 697 005a 04       		.uleb128 0x4
 698 005b 84030000 		.4byte	.LASF6
 699 005f 02       		.byte	0x2
 700 0060 3F       		.byte	0x3f
 701 0061 65000000 		.4byte	0x65
 702 0065 03       		.uleb128 0x3
 703 0066 04       		.byte	0x4
 704 0067 05       		.byte	0x5
 705 0068 7D000000 		.4byte	.LASF7
 706 006c 04       		.uleb128 0x4
 707 006d B9000000 		.4byte	.LASF8
 708 0071 02       		.byte	0x2
 709 0072 41       		.byte	0x41
 710 0073 77000000 		.4byte	0x77
 711 0077 03       		.uleb128 0x3
 712 0078 04       		.byte	0x4
 713 0079 07       		.byte	0x7
 714 007a 3D010000 		.4byte	.LASF9
 715 007e 03       		.uleb128 0x3
 716 007f 08       		.byte	0x8
 717 0080 05       		.byte	0x5
 718 0081 4A000000 		.4byte	.LASF10
 719 0085 03       		.uleb128 0x3
 720 0086 08       		.byte	0x8
 721 0087 07       		.byte	0x7
 722 0088 17000000 		.4byte	.LASF11
 723 008c 04       		.uleb128 0x4
 724 008d E8030000 		.4byte	.LASF12
 725 0091 03       		.byte	0x3
 726 0092 2A       		.byte	0x2a
 727 0093 3A000000 		.4byte	0x3a
 728 0097 04       		.uleb128 0x4
 729 0098 DC020000 		.4byte	.LASF13
 730 009c 03       		.byte	0x3
 731 009d 41       		.byte	0x41
 732 009e 5A000000 		.4byte	0x5a
 733 00a2 04       		.uleb128 0x4
 734 00a3 55030000 		.4byte	.LASF14
 735 00a7 03       		.byte	0x3
ARM GAS  /tmp/ccBydNau.s 			page 14


 736 00a8 42       		.byte	0x42
 737 00a9 6C000000 		.4byte	0x6c
 738 00ad 04       		.uleb128 0x4
 739 00ae 64000000 		.4byte	.LASF15
 740 00b2 04       		.byte	0x4
 741 00b3 2B       		.byte	0x2b
 742 00b4 B8000000 		.4byte	0xb8
 743 00b8 03       		.uleb128 0x3
 744 00b9 01       		.byte	0x1
 745 00ba 02       		.byte	0x2
 746 00bb D6020000 		.4byte	.LASF16
 747 00bf 04       		.uleb128 0x4
 748 00c0 8B010000 		.4byte	.LASF17
 749 00c4 04       		.byte	0x4
 750 00c5 2C       		.byte	0x2c
 751 00c6 8C000000 		.4byte	0x8c
 752 00ca 04       		.uleb128 0x4
 753 00cb 86000000 		.4byte	.LASF18
 754 00cf 04       		.byte	0x4
 755 00d0 2D       		.byte	0x2d
 756 00d1 8C000000 		.4byte	0x8c
 757 00d5 04       		.uleb128 0x4
 758 00d6 73000000 		.4byte	.LASF19
 759 00da 04       		.byte	0x4
 760 00db 2F       		.byte	0x2f
 761 00dc 8C000000 		.4byte	0x8c
 762 00e0 04       		.uleb128 0x4
 763 00e1 09020000 		.4byte	.LASF20
 764 00e5 04       		.byte	0x4
 765 00e6 30       		.byte	0x30
 766 00e7 A2000000 		.4byte	0xa2
 767 00eb 04       		.uleb128 0x4
 768 00ec 62010000 		.4byte	.LASF21
 769 00f0 04       		.byte	0x4
 770 00f1 31       		.byte	0x31
 771 00f2 97000000 		.4byte	0x97
 772 00f6 04       		.uleb128 0x4
 773 00f7 9F010000 		.4byte	.LASF22
 774 00fb 04       		.byte	0x4
 775 00fc 33       		.byte	0x33
 776 00fd A2000000 		.4byte	0xa2
 777 0101 04       		.uleb128 0x4
 778 0102 35030000 		.4byte	.LASF23
 779 0106 05       		.byte	0x5
 780 0107 2A       		.byte	0x2a
 781 0108 0C010000 		.4byte	0x10c
 782 010c 05       		.uleb128 0x5
 783 010d 35030000 		.4byte	.LASF23
 784 0111 34       		.byte	0x34
 785 0112 06       		.byte	0x6
 786 0113 5E       		.byte	0x5e
 787 0114 C1010000 		.4byte	0x1c1
 788 0118 06       		.uleb128 0x6
 789 0119 26030000 		.4byte	.LASF24
 790 011d 06       		.byte	0x6
 791 011e 5F       		.byte	0x5f
 792 011f E2010000 		.4byte	0x1e2
ARM GAS  /tmp/ccBydNau.s 			page 15


 793 0123 00       		.byte	0
 794 0124 06       		.uleb128 0x6
 795 0125 02020000 		.4byte	.LASF25
 796 0129 06       		.byte	0x6
 797 012a 61       		.byte	0x61
 798 012b E2010000 		.4byte	0x1e2
 799 012f 04       		.byte	0x4
 800 0130 06       		.uleb128 0x6
 801 0131 43000000 		.4byte	.LASF26
 802 0135 06       		.byte	0x6
 803 0136 63       		.byte	0x63
 804 0137 E0000000 		.4byte	0xe0
 805 013b 08       		.byte	0x8
 806 013c 06       		.uleb128 0x6
 807 013d FF030000 		.4byte	.LASF27
 808 0141 06       		.byte	0x6
 809 0142 64       		.byte	0x64
 810 0143 9C020000 		.4byte	0x29c
 811 0147 0C       		.byte	0xc
 812 0148 06       		.uleb128 0x6
 813 0149 06030000 		.4byte	.LASF28
 814 014d 06       		.byte	0x6
 815 014e 79       		.byte	0x79
 816 014f CA000000 		.4byte	0xca
 817 0153 10       		.byte	0x10
 818 0154 06       		.uleb128 0x6
 819 0155 2D030000 		.4byte	.LASF29
 820 0159 06       		.byte	0x6
 821 015a 7D       		.byte	0x7d
 822 015b BF000000 		.4byte	0xbf
 823 015f 11       		.byte	0x11
 824 0160 06       		.uleb128 0x6
 825 0161 0E030000 		.4byte	.LASF30
 826 0165 06       		.byte	0x6
 827 0166 88       		.byte	0x88
 828 0167 D5000000 		.4byte	0xd5
 829 016b 12       		.byte	0x12
 830 016c 07       		.uleb128 0x7
 831 016d 705F7500 		.ascii	"p_u\000"
 832 0171 06       		.byte	0x6
 833 0172 B4       		.byte	0xb4
 834 0173 4A030000 		.4byte	0x34a
 835 0177 14       		.byte	0x14
 836 0178 06       		.uleb128 0x6
 837 0179 05040000 		.4byte	.LASF31
 838 017d 06       		.byte	0x6
 839 017e B9       		.byte	0xb9
 840 017f 08020000 		.4byte	0x208
 841 0183 18       		.byte	0x18
 842 0184 06       		.uleb128 0x6
 843 0185 B6030000 		.4byte	.LASF32
 844 0189 06       		.byte	0x6
 845 018a BF       		.byte	0xbf
 846 018b E8010000 		.4byte	0x1e8
 847 018f 1C       		.byte	0x1c
 848 0190 06       		.uleb128 0x6
 849 0191 00000000 		.4byte	.LASF33
ARM GAS  /tmp/ccBydNau.s 			page 16


 850 0195 06       		.byte	0x6
 851 0196 C3       		.byte	0xc3
 852 0197 EB000000 		.4byte	0xeb
 853 019b 24       		.byte	0x24
 854 019c 06       		.uleb128 0x6
 855 019d 4A030000 		.4byte	.LASF34
 856 01a1 06       		.byte	0x6
 857 01a2 C9       		.byte	0xc9
 858 01a3 F6000000 		.4byte	0xf6
 859 01a7 28       		.byte	0x28
 860 01a8 06       		.uleb128 0x6
 861 01a9 F2020000 		.4byte	.LASF35
 862 01ad 06       		.byte	0x6
 863 01ae D0       		.byte	0xd0
 864 01af 7F030000 		.4byte	0x37f
 865 01b3 2C       		.byte	0x2c
 866 01b4 06       		.uleb128 0x6
 867 01b5 79030000 		.4byte	.LASF36
 868 01b9 06       		.byte	0x6
 869 01ba D4       		.byte	0xd4
 870 01bb E0000000 		.4byte	0xe0
 871 01bf 30       		.byte	0x30
 872 01c0 00       		.byte	0
 873 01c1 08       		.uleb128 0x8
 874 01c2 08       		.byte	0x8
 875 01c3 05       		.byte	0x5
 876 01c4 61       		.byte	0x61
 877 01c5 E2010000 		.4byte	0x1e2
 878 01c9 06       		.uleb128 0x6
 879 01ca 26030000 		.4byte	.LASF24
 880 01ce 05       		.byte	0x5
 881 01cf 62       		.byte	0x62
 882 01d0 E2010000 		.4byte	0x1e2
 883 01d4 00       		.byte	0
 884 01d5 06       		.uleb128 0x6
 885 01d6 02020000 		.4byte	.LASF25
 886 01da 05       		.byte	0x5
 887 01db 64       		.byte	0x64
 888 01dc E2010000 		.4byte	0x1e2
 889 01e0 04       		.byte	0x4
 890 01e1 00       		.byte	0
 891 01e2 09       		.uleb128 0x9
 892 01e3 04       		.byte	0x4
 893 01e4 01010000 		.4byte	0x101
 894 01e8 04       		.uleb128 0x4
 895 01e9 E3010000 		.4byte	.LASF37
 896 01ed 05       		.byte	0x5
 897 01ee 66       		.byte	0x66
 898 01ef C1010000 		.4byte	0x1c1
 899 01f3 08       		.uleb128 0x8
 900 01f4 04       		.byte	0x4
 901 01f5 05       		.byte	0x5
 902 01f6 6B       		.byte	0x6b
 903 01f7 08020000 		.4byte	0x208
 904 01fb 06       		.uleb128 0x6
 905 01fc 26030000 		.4byte	.LASF24
 906 0200 05       		.byte	0x5
ARM GAS  /tmp/ccBydNau.s 			page 17


 907 0201 6D       		.byte	0x6d
 908 0202 E2010000 		.4byte	0x1e2
 909 0206 00       		.byte	0
 910 0207 00       		.byte	0
 911 0208 04       		.uleb128 0x4
 912 0209 93010000 		.4byte	.LASF38
 913 020d 05       		.byte	0x5
 914 020e 70       		.byte	0x70
 915 020f F3010000 		.4byte	0x1f3
 916 0213 04       		.uleb128 0x4
 917 0214 C4000000 		.4byte	.LASF39
 918 0218 07       		.byte	0x7
 919 0219 E5       		.byte	0xe5
 920 021a 1E020000 		.4byte	0x21e
 921 021e 0A       		.uleb128 0xa
 922 021f 04       		.byte	0x4
 923 0220 0B       		.uleb128 0xb
 924 0221 AF030000 		.4byte	.LASF40
 925 0225 24       		.byte	0x24
 926 0226 07       		.byte	0x7
 927 0227 0C01     		.2byte	0x10c
 928 0229 9C020000 		.4byte	0x29c
 929 022d 0C       		.uleb128 0xc
 930 022e 723400   		.ascii	"r4\000"
 931 0231 07       		.byte	0x7
 932 0232 1F01     		.2byte	0x11f
 933 0234 13020000 		.4byte	0x213
 934 0238 00       		.byte	0
 935 0239 0C       		.uleb128 0xc
 936 023a 723500   		.ascii	"r5\000"
 937 023d 07       		.byte	0x7
 938 023e 2001     		.2byte	0x120
 939 0240 13020000 		.4byte	0x213
 940 0244 04       		.byte	0x4
 941 0245 0C       		.uleb128 0xc
 942 0246 723600   		.ascii	"r6\000"
 943 0249 07       		.byte	0x7
 944 024a 2101     		.2byte	0x121
 945 024c 13020000 		.4byte	0x213
 946 0250 08       		.byte	0x8
 947 0251 0C       		.uleb128 0xc
 948 0252 723700   		.ascii	"r7\000"
 949 0255 07       		.byte	0x7
 950 0256 2201     		.2byte	0x122
 951 0258 13020000 		.4byte	0x213
 952 025c 0C       		.byte	0xc
 953 025d 0C       		.uleb128 0xc
 954 025e 723800   		.ascii	"r8\000"
 955 0261 07       		.byte	0x7
 956 0262 2301     		.2byte	0x123
 957 0264 13020000 		.4byte	0x213
 958 0268 10       		.byte	0x10
 959 0269 0C       		.uleb128 0xc
 960 026a 723900   		.ascii	"r9\000"
 961 026d 07       		.byte	0x7
 962 026e 2401     		.2byte	0x124
 963 0270 13020000 		.4byte	0x213
ARM GAS  /tmp/ccBydNau.s 			page 18


 964 0274 14       		.byte	0x14
 965 0275 0C       		.uleb128 0xc
 966 0276 72313000 		.ascii	"r10\000"
 967 027a 07       		.byte	0x7
 968 027b 2501     		.2byte	0x125
 969 027d 13020000 		.4byte	0x213
 970 0281 18       		.byte	0x18
 971 0282 0C       		.uleb128 0xc
 972 0283 72313100 		.ascii	"r11\000"
 973 0287 07       		.byte	0x7
 974 0288 2601     		.2byte	0x126
 975 028a 13020000 		.4byte	0x213
 976 028e 1C       		.byte	0x1c
 977 028f 0C       		.uleb128 0xc
 978 0290 6C7200   		.ascii	"lr\000"
 979 0293 07       		.byte	0x7
 980 0294 2701     		.2byte	0x127
 981 0296 13020000 		.4byte	0x213
 982 029a 20       		.byte	0x20
 983 029b 00       		.byte	0
 984 029c 0B       		.uleb128 0xb
 985 029d 8E030000 		.4byte	.LASF41
 986 02a1 04       		.byte	0x4
 987 02a2 07       		.byte	0x7
 988 02a3 3101     		.2byte	0x131
 989 02a5 B7020000 		.4byte	0x2b7
 990 02a9 0C       		.uleb128 0xc
 991 02aa 72313300 		.ascii	"r13\000"
 992 02ae 07       		.byte	0x7
 993 02af 3201     		.2byte	0x132
 994 02b1 B7020000 		.4byte	0x2b7
 995 02b5 00       		.byte	0
 996 02b6 00       		.byte	0
 997 02b7 09       		.uleb128 0x9
 998 02b8 04       		.byte	0x4
 999 02b9 20020000 		.4byte	0x220
 1000 02bd 03       		.uleb128 0x3
 1001 02be 04       		.byte	0x4
 1002 02bf 07       		.byte	0x7
 1003 02c0 BE010000 		.4byte	.LASF42
 1004 02c4 08       		.uleb128 0x8
 1005 02c5 14       		.byte	0x14
 1006 02c6 08       		.byte	0x8
 1007 02c7 5E       		.byte	0x5e
 1008 02c8 FD020000 		.4byte	0x2fd
 1009 02cc 06       		.uleb128 0x6
 1010 02cd 5E030000 		.4byte	.LASF43
 1011 02d1 08       		.byte	0x8
 1012 02d2 5F       		.byte	0x5f
 1013 02d3 E8010000 		.4byte	0x1e8
 1014 02d7 00       		.byte	0
 1015 02d8 06       		.uleb128 0x6
 1016 02d9 18030000 		.4byte	.LASF44
 1017 02dd 08       		.byte	0x8
 1018 02de 60       		.byte	0x60
 1019 02df E0000000 		.4byte	0xe0
 1020 02e3 08       		.byte	0x8
ARM GAS  /tmp/ccBydNau.s 			page 19


 1021 02e4 06       		.uleb128 0x6
 1022 02e5 DD010000 		.4byte	.LASF45
 1023 02e9 08       		.byte	0x8
 1024 02ea 62       		.byte	0x62
 1025 02eb 9C020000 		.4byte	0x29c
 1026 02ef 0C       		.byte	0xc
 1027 02f0 06       		.uleb128 0x6
 1028 02f1 F8010000 		.4byte	.LASF46
 1029 02f5 08       		.byte	0x8
 1030 02f6 69       		.byte	0x69
 1031 02f7 E2010000 		.4byte	0x1e2
 1032 02fb 10       		.byte	0x10
 1033 02fc 00       		.byte	0
 1034 02fd 04       		.uleb128 0x4
 1035 02fe D8030000 		.4byte	.LASF47
 1036 0302 08       		.byte	0x8
 1037 0303 6B       		.byte	0x6b
 1038 0304 C4020000 		.4byte	0x2c4
 1039 0308 05       		.uleb128 0x5
 1040 0309 B8010000 		.4byte	.LASF48
 1041 030d 10       		.byte	0x10
 1042 030e 09       		.byte	0x9
 1043 030f 2C       		.byte	0x2c
 1044 0310 39030000 		.4byte	0x339
 1045 0314 06       		.uleb128 0x6
 1046 0315 6B000000 		.4byte	.LASF49
 1047 0319 09       		.byte	0x9
 1048 031a 2D       		.byte	0x2d
 1049 031b E8010000 		.4byte	0x1e8
 1050 031f 00       		.byte	0
 1051 0320 06       		.uleb128 0x6
 1052 0321 F7030000 		.4byte	.LASF50
 1053 0325 09       		.byte	0x9
 1054 0326 2F       		.byte	0x2f
 1055 0327 E2010000 		.4byte	0x1e2
 1056 032b 08       		.byte	0x8
 1057 032c 06       		.uleb128 0x6
 1058 032d 72030000 		.4byte	.LASF51
 1059 0331 09       		.byte	0x9
 1060 0332 31       		.byte	0x31
 1061 0333 39030000 		.4byte	0x339
 1062 0337 0C       		.byte	0xc
 1063 0338 00       		.byte	0
 1064 0339 09       		.uleb128 0x9
 1065 033a 04       		.byte	0x4
 1066 033b 08030000 		.4byte	0x308
 1067 033f 04       		.uleb128 0x4
 1068 0340 B8010000 		.4byte	.LASF48
 1069 0344 09       		.byte	0x9
 1070 0345 33       		.byte	0x33
 1071 0346 08030000 		.4byte	0x308
 1072 034a 0D       		.uleb128 0xd
 1073 034b 04       		.byte	0x4
 1074 034c 06       		.byte	0x6
 1075 034d 96       		.byte	0x96
 1076 034e 7F030000 		.4byte	0x37f
 1077 0352 0E       		.uleb128 0xe
ARM GAS  /tmp/ccBydNau.s 			page 20


 1078 0353 06000000 		.4byte	.LASF52
 1079 0357 06       		.byte	0x6
 1080 0358 9D       		.byte	0x9d
 1081 0359 EB000000 		.4byte	0xeb
 1082 035d 0E       		.uleb128 0xe
 1083 035e 2E000000 		.4byte	.LASF53
 1084 0362 06       		.byte	0x6
 1085 0363 A4       		.byte	0xa4
 1086 0364 EB000000 		.4byte	0xeb
 1087 0368 0E       		.uleb128 0xe
 1088 0369 F0030000 		.4byte	.LASF54
 1089 036d 06       		.byte	0x6
 1090 036e AB       		.byte	0xab
 1091 036f 1E020000 		.4byte	0x21e
 1092 0373 0E       		.uleb128 0xe
 1093 0374 1F030000 		.4byte	.LASF55
 1094 0378 06       		.byte	0x6
 1095 0379 B2       		.byte	0xb2
 1096 037a F6000000 		.4byte	0xf6
 1097 037e 00       		.byte	0
 1098 037f 09       		.uleb128 0x9
 1099 0380 04       		.byte	0x4
 1100 0381 3F030000 		.4byte	0x33f
 1101 0385 0F       		.uleb128 0xf
 1102 0386 9A000000 		.4byte	.LASF66
 1103 038a 01       		.byte	0x1
 1104 038b EA       		.byte	0xea
 1105 038c AD000000 		.4byte	0xad
 1106 0390 01       		.byte	0x1
 1107 0391 A0030000 		.4byte	0x3a0
 1108 0395 10       		.uleb128 0x10
 1109 0396 6D7000   		.ascii	"mp\000"
 1110 0399 01       		.byte	0x1
 1111 039a EA       		.byte	0xea
 1112 039b 7F030000 		.4byte	0x37f
 1113 039f 00       		.byte	0
 1114 03a0 11       		.uleb128 0x11
 1115 03a1 CE030000 		.4byte	.LASF56
 1116 03a5 01       		.byte	0x1
 1117 03a6 56       		.byte	0x56
 1118 03a7 00000000 		.4byte	.LFB0
 1119 03ab 0A000000 		.4byte	.LFE0-.LFB0
 1120 03af 01       		.uleb128 0x1
 1121 03b0 9C       		.byte	0x9c
 1122 03b1 C2030000 		.4byte	0x3c2
 1123 03b5 12       		.uleb128 0x12
 1124 03b6 6D7000   		.ascii	"mp\000"
 1125 03b9 01       		.byte	0x1
 1126 03ba 56       		.byte	0x56
 1127 03bb 7F030000 		.4byte	0x37f
 1128 03bf 01       		.uleb128 0x1
 1129 03c0 50       		.byte	0x50
 1130 03c1 00       		.byte	0
 1131 03c2 11       		.uleb128 0x11
 1132 03c3 8F000000 		.4byte	.LASF57
 1133 03c7 01       		.byte	0x1
 1134 03c8 79       		.byte	0x79
ARM GAS  /tmp/ccBydNau.s 			page 21


 1135 03c9 00000000 		.4byte	.LFB2
 1136 03cd 78000000 		.4byte	.LFE2-.LFB2
 1137 03d1 01       		.uleb128 0x1
 1138 03d2 9C       		.byte	0x9c
 1139 03d3 8D040000 		.4byte	0x48d
 1140 03d7 13       		.uleb128 0x13
 1141 03d8 6D7000   		.ascii	"mp\000"
 1142 03db 01       		.byte	0x1
 1143 03dc 79       		.byte	0x79
 1144 03dd 7F030000 		.4byte	0x37f
 1145 03e1 00000000 		.4byte	.LLST0
 1146 03e5 14       		.uleb128 0x14
 1147 03e6 63747000 		.ascii	"ctp\000"
 1148 03ea 01       		.byte	0x1
 1149 03eb 7A       		.byte	0x7a
 1150 03ec E2010000 		.4byte	0x1e2
 1151 03f0 42000000 		.4byte	.LLST1
 1152 03f4 15       		.uleb128 0x15
 1153 03f5 00000000 		.4byte	.Ldebug_ranges0+0
 1154 03f9 14       		.uleb128 0x14
 1155 03fa 747000   		.ascii	"tp\000"
 1156 03fd 01       		.byte	0x1
 1157 03fe 84       		.byte	0x84
 1158 03ff E2010000 		.4byte	0x1e2
 1159 0403 60000000 		.4byte	.LLST2
 1160 0407 16       		.uleb128 0x16
 1161 0408 2A000000 		.4byte	.LVL5
 1162 040c CB060000 		.4byte	0x6cb
 1163 0410 21040000 		.4byte	0x421
 1164 0414 17       		.uleb128 0x17
 1165 0415 01       		.uleb128 0x1
 1166 0416 51       		.byte	0x51
 1167 0417 02       		.uleb128 0x2
 1168 0418 76       		.byte	0x76
 1169 0419 00       		.sleb128 0
 1170 041a 17       		.uleb128 0x17
 1171 041b 01       		.uleb128 0x1
 1172 041c 50       		.byte	0x50
 1173 041d 02       		.uleb128 0x2
 1174 041e 75       		.byte	0x75
 1175 041f 00       		.sleb128 0
 1176 0420 00       		.byte	0
 1177 0421 18       		.uleb128 0x18
 1178 0422 36000000 		.4byte	.LVL7
 1179 0426 E7060000 		.4byte	0x6e7
 1180 042a 34040000 		.4byte	0x434
 1181 042e 17       		.uleb128 0x17
 1182 042f 01       		.uleb128 0x1
 1183 0430 50       		.byte	0x50
 1184 0431 01       		.uleb128 0x1
 1185 0432 34       		.byte	0x34
 1186 0433 00       		.byte	0
 1187 0434 16       		.uleb128 0x16
 1188 0435 3C000000 		.4byte	.LVL8
 1189 0439 F8060000 		.4byte	0x6f8
 1190 043d 48040000 		.4byte	0x448
 1191 0441 17       		.uleb128 0x17
ARM GAS  /tmp/ccBydNau.s 			page 22


 1192 0442 01       		.uleb128 0x1
 1193 0443 50       		.byte	0x50
 1194 0444 02       		.uleb128 0x2
 1195 0445 74       		.byte	0x74
 1196 0446 00       		.sleb128 0
 1197 0447 00       		.byte	0
 1198 0448 19       		.uleb128 0x19
 1199 0449 40000000 		.4byte	.LVL9
 1200 044d 0D070000 		.4byte	0x70d
 1201 0451 16       		.uleb128 0x16
 1202 0452 48000000 		.4byte	.LVL10
 1203 0456 F8060000 		.4byte	0x6f8
 1204 045a 65040000 		.4byte	0x465
 1205 045e 17       		.uleb128 0x17
 1206 045f 01       		.uleb128 0x1
 1207 0460 50       		.byte	0x50
 1208 0461 02       		.uleb128 0x2
 1209 0462 74       		.byte	0x74
 1210 0463 00       		.sleb128 0
 1211 0464 00       		.byte	0
 1212 0465 19       		.uleb128 0x19
 1213 0466 4E000000 		.4byte	.LVL11
 1214 046a CB060000 		.4byte	0x6cb
 1215 046e 16       		.uleb128 0x16
 1216 046f 56000000 		.4byte	.LVL12
 1217 0473 F8060000 		.4byte	0x6f8
 1218 0477 82040000 		.4byte	0x482
 1219 047b 17       		.uleb128 0x17
 1220 047c 01       		.uleb128 0x1
 1221 047d 50       		.byte	0x50
 1222 047e 02       		.uleb128 0x2
 1223 047f 74       		.byte	0x74
 1224 0480 00       		.sleb128 0
 1225 0481 00       		.byte	0
 1226 0482 19       		.uleb128 0x19
 1227 0483 5C000000 		.4byte	.LVL13
 1228 0487 CB060000 		.4byte	0x6cb
 1229 048b 00       		.byte	0
 1230 048c 00       		.byte	0
 1231 048d 11       		.uleb128 0x11
 1232 048e C7010000 		.4byte	.LASF58
 1233 0492 01       		.byte	0x1
 1234 0493 67       		.byte	0x67
 1235 0494 00000000 		.4byte	.LFB1
 1236 0498 10000000 		.4byte	.LFE1-.LFB1
 1237 049c 01       		.uleb128 0x1
 1238 049d 9C       		.byte	0x9c
 1239 049e C2040000 		.4byte	0x4c2
 1240 04a2 13       		.uleb128 0x13
 1241 04a3 6D7000   		.ascii	"mp\000"
 1242 04a6 01       		.byte	0x1
 1243 04a7 67       		.byte	0x67
 1244 04a8 7F030000 		.4byte	0x37f
 1245 04ac 7E000000 		.4byte	.LLST3
 1246 04b0 1A       		.uleb128 0x1a
 1247 04b1 0A000000 		.4byte	.LVL18
 1248 04b5 C2030000 		.4byte	0x3c2
ARM GAS  /tmp/ccBydNau.s 			page 23


 1249 04b9 17       		.uleb128 0x17
 1250 04ba 01       		.uleb128 0x1
 1251 04bb 50       		.byte	0x50
 1252 04bc 03       		.uleb128 0x3
 1253 04bd F3       		.byte	0xf3
 1254 04be 01       		.uleb128 0x1
 1255 04bf 50       		.byte	0x50
 1256 04c0 00       		.byte	0
 1257 04c1 00       		.byte	0
 1258 04c2 1B       		.uleb128 0x1b
 1259 04c3 AB010000 		.4byte	.LASF59
 1260 04c7 01       		.byte	0x1
 1261 04c8 CE       		.byte	0xce
 1262 04c9 AD000000 		.4byte	0xad
 1263 04cd 00000000 		.4byte	.LFB3
 1264 04d1 34000000 		.4byte	.LFE3-.LFB3
 1265 04d5 01       		.uleb128 0x1
 1266 04d6 9C       		.byte	0x9c
 1267 04d7 0C050000 		.4byte	0x50c
 1268 04db 13       		.uleb128 0x13
 1269 04dc 6D7000   		.ascii	"mp\000"
 1270 04df 01       		.byte	0x1
 1271 04e0 CE       		.byte	0xce
 1272 04e1 7F030000 		.4byte	0x37f
 1273 04e5 9F000000 		.4byte	.LLST4
 1274 04e9 1C       		.uleb128 0x1c
 1275 04ea 6200     		.ascii	"b\000"
 1276 04ec 01       		.byte	0x1
 1277 04ed CF       		.byte	0xcf
 1278 04ee AD000000 		.4byte	0xad
 1279 04f2 1D       		.uleb128 0x1d
 1280 04f3 85030000 		.4byte	0x385
 1281 04f7 08000000 		.4byte	.LBB6
 1282 04fb 18000000 		.4byte	.Ldebug_ranges0+0x18
 1283 04ff 01       		.byte	0x1
 1284 0500 D3       		.byte	0xd3
 1285 0501 1E       		.uleb128 0x1e
 1286 0502 95030000 		.4byte	0x395
 1287 0506 D3000000 		.4byte	.LLST5
 1288 050a 00       		.byte	0
 1289 050b 00       		.byte	0
 1290 050c 1F       		.uleb128 0x1f
 1291 050d 85030000 		.4byte	0x385
 1292 0511 00000000 		.4byte	.LFB4
 1293 0515 24000000 		.4byte	.LFE4-.LFB4
 1294 0519 01       		.uleb128 0x1
 1295 051a 9C       		.byte	0x9c
 1296 051b 29050000 		.4byte	0x529
 1297 051f 1E       		.uleb128 0x1e
 1298 0520 95030000 		.4byte	0x395
 1299 0524 07010000 		.4byte	.LLST6
 1300 0528 00       		.byte	0
 1301 0529 20       		.uleb128 0x20
 1302 052a 37000000 		.4byte	.LASF60
 1303 052e 01       		.byte	0x1
 1304 052f 0101     		.2byte	0x101
 1305 0531 7F030000 		.4byte	0x37f
ARM GAS  /tmp/ccBydNau.s 			page 24


 1306 0535 00000000 		.4byte	.LFB5
 1307 0539 5C000000 		.4byte	.LFE5-.LFB5
 1308 053d 01       		.uleb128 0x1
 1309 053e 9C       		.byte	0x9c
 1310 053f BF050000 		.4byte	0x5bf
 1311 0543 21       		.uleb128 0x21
 1312 0544 63747000 		.ascii	"ctp\000"
 1313 0548 01       		.byte	0x1
 1314 0549 0201     		.2byte	0x102
 1315 054b E2010000 		.4byte	0x1e2
 1316 054f 3B010000 		.4byte	.LLST7
 1317 0553 21       		.uleb128 0x21
 1318 0554 756D7000 		.ascii	"ump\000"
 1319 0558 01       		.byte	0x1
 1320 0559 0301     		.2byte	0x103
 1321 055b 7F030000 		.4byte	0x37f
 1322 055f 59010000 		.4byte	.LLST8
 1323 0563 21       		.uleb128 0x21
 1324 0564 6D7000   		.ascii	"mp\000"
 1325 0567 01       		.byte	0x1
 1326 0568 0301     		.2byte	0x103
 1327 056a 7F030000 		.4byte	0x37f
 1328 056e 77010000 		.4byte	.LLST9
 1329 0572 22       		.uleb128 0x22
 1330 0573 16000000 		.4byte	.LBB10
 1331 0577 2E000000 		.4byte	.LBE10-.LBB10
 1332 057b 21       		.uleb128 0x21
 1333 057c 747000   		.ascii	"tp\000"
 1334 057f 01       		.byte	0x1
 1335 0580 1201     		.2byte	0x112
 1336 0582 E2010000 		.4byte	0x1e2
 1337 0586 8A010000 		.4byte	.LLST10
 1338 058a 23       		.uleb128 0x23
 1339 058b 83010000 		.4byte	.LASF61
 1340 058f 01       		.byte	0x1
 1341 0590 1601     		.2byte	0x116
 1342 0592 E0000000 		.4byte	0xe0
 1343 0596 9D010000 		.4byte	.LLST11
 1344 059a 16       		.uleb128 0x16
 1345 059b 36000000 		.4byte	.LVL34
 1346 059f 22070000 		.4byte	0x722
 1347 05a3 AE050000 		.4byte	0x5ae
 1348 05a7 17       		.uleb128 0x17
 1349 05a8 01       		.uleb128 0x1
 1350 05a9 50       		.byte	0x50
 1351 05aa 02       		.uleb128 0x2
 1352 05ab 74       		.byte	0x74
 1353 05ac 00       		.sleb128 0
 1354 05ad 00       		.byte	0
 1355 05ae 1A       		.uleb128 0x1a
 1356 05af 44000000 		.4byte	.LVL35
 1357 05b3 37070000 		.4byte	0x737
 1358 05b7 17       		.uleb128 0x17
 1359 05b8 01       		.uleb128 0x1
 1360 05b9 51       		.byte	0x51
 1361 05ba 01       		.uleb128 0x1
 1362 05bb 30       		.byte	0x30
ARM GAS  /tmp/ccBydNau.s 			page 25


 1363 05bc 00       		.byte	0
 1364 05bd 00       		.byte	0
 1365 05be 00       		.byte	0
 1366 05bf 20       		.uleb128 0x20
 1367 05c0 CD000000 		.4byte	.LASF62
 1368 05c4 01       		.byte	0x1
 1369 05c5 3D01     		.2byte	0x13d
 1370 05c7 7F030000 		.4byte	0x37f
 1371 05cb 00000000 		.4byte	.LFB6
 1372 05cf 50000000 		.4byte	.LFE6-.LFB6
 1373 05d3 01       		.uleb128 0x1
 1374 05d4 9C       		.byte	0x9c
 1375 05d5 4F060000 		.4byte	0x64f
 1376 05d9 21       		.uleb128 0x21
 1377 05da 63747000 		.ascii	"ctp\000"
 1378 05de 01       		.byte	0x1
 1379 05df 3E01     		.2byte	0x13e
 1380 05e1 E2010000 		.4byte	0x1e2
 1381 05e5 B0010000 		.4byte	.LLST12
 1382 05e9 21       		.uleb128 0x21
 1383 05ea 756D7000 		.ascii	"ump\000"
 1384 05ee 01       		.byte	0x1
 1385 05ef 3F01     		.2byte	0x13f
 1386 05f1 7F030000 		.4byte	0x37f
 1387 05f5 CE010000 		.4byte	.LLST13
 1388 05f9 21       		.uleb128 0x21
 1389 05fa 6D7000   		.ascii	"mp\000"
 1390 05fd 01       		.byte	0x1
 1391 05fe 3F01     		.2byte	0x13f
 1392 0600 7F030000 		.4byte	0x37f
 1393 0604 EC010000 		.4byte	.LLST14
 1394 0608 22       		.uleb128 0x22
 1395 0609 12000000 		.4byte	.LBB11
 1396 060d 2C000000 		.4byte	.LBE11-.LBB11
 1397 0611 21       		.uleb128 0x21
 1398 0612 747000   		.ascii	"tp\000"
 1399 0615 01       		.byte	0x1
 1400 0616 4F01     		.2byte	0x14f
 1401 0618 E2010000 		.4byte	0x1e2
 1402 061c FF010000 		.4byte	.LLST15
 1403 0620 23       		.uleb128 0x23
 1404 0621 83010000 		.4byte	.LASF61
 1405 0625 01       		.byte	0x1
 1406 0626 5301     		.2byte	0x153
 1407 0628 E0000000 		.4byte	0xe0
 1408 062c 12020000 		.4byte	.LLST16
 1409 0630 16       		.uleb128 0x16
 1410 0631 32000000 		.4byte	.LVL45
 1411 0635 22070000 		.4byte	0x722
 1412 0639 44060000 		.4byte	0x644
 1413 063d 17       		.uleb128 0x17
 1414 063e 01       		.uleb128 0x1
 1415 063f 50       		.byte	0x50
 1416 0640 02       		.uleb128 0x2
 1417 0641 74       		.byte	0x74
 1418 0642 00       		.sleb128 0
 1419 0643 00       		.byte	0
ARM GAS  /tmp/ccBydNau.s 			page 26


 1420 0644 19       		.uleb128 0x19
 1421 0645 3E000000 		.4byte	.LVL46
 1422 0649 0D070000 		.4byte	0x70d
 1423 064d 00       		.byte	0
 1424 064e 00       		.byte	0
 1425 064f 24       		.uleb128 0x24
 1426 0650 74010000 		.4byte	.LASF63
 1427 0654 01       		.byte	0x1
 1428 0655 7601     		.2byte	0x176
 1429 0657 00000000 		.4byte	.LFB7
 1430 065b 4C000000 		.4byte	.LFE7-.LFB7
 1431 065f 01       		.uleb128 0x1
 1432 0660 9C       		.byte	0x9c
 1433 0661 C0060000 		.4byte	0x6c0
 1434 0665 21       		.uleb128 0x21
 1435 0666 63747000 		.ascii	"ctp\000"
 1436 066a 01       		.byte	0x1
 1437 066b 7701     		.2byte	0x177
 1438 066d E2010000 		.4byte	0x1e2
 1439 0671 25020000 		.4byte	.LLST17
 1440 0675 25       		.uleb128 0x25
 1441 0676 30000000 		.4byte	.Ldebug_ranges0+0x30
 1442 067a B6060000 		.4byte	0x6b6
 1443 067e 21       		.uleb128 0x21
 1444 067f 756D7000 		.ascii	"ump\000"
 1445 0683 01       		.byte	0x1
 1446 0684 7C01     		.2byte	0x17c
 1447 0686 7F030000 		.4byte	0x37f
 1448 068a 38020000 		.4byte	.LLST18
 1449 068e 15       		.uleb128 0x15
 1450 068f 48000000 		.4byte	.Ldebug_ranges0+0x48
 1451 0693 21       		.uleb128 0x21
 1452 0694 747000   		.ascii	"tp\000"
 1453 0697 01       		.byte	0x1
 1454 0698 7F01     		.2byte	0x17f
 1455 069a E2010000 		.4byte	0x1e2
 1456 069e 6C020000 		.4byte	.LLST19
 1457 06a2 19       		.uleb128 0x19
 1458 06a3 16000000 		.4byte	.LVL52
 1459 06a7 22070000 		.4byte	0x722
 1460 06ab 19       		.uleb128 0x19
 1461 06ac 22000000 		.4byte	.LVL53
 1462 06b0 0D070000 		.4byte	0x70d
 1463 06b4 00       		.byte	0
 1464 06b5 00       		.byte	0
 1465 06b6 19       		.uleb128 0x19
 1466 06b7 42000000 		.4byte	.LVL58
 1467 06bb 4D070000 		.4byte	0x74d
 1468 06bf 00       		.byte	0
 1469 06c0 26       		.uleb128 0x26
 1470 06c1 E2030000 		.4byte	.LASF74
 1471 06c5 08       		.byte	0x8
 1472 06c6 6F       		.byte	0x6f
 1473 06c7 FD020000 		.4byte	0x2fd
 1474 06cb 27       		.uleb128 0x27
 1475 06cc 68010000 		.4byte	.LASF64
 1476 06d0 05       		.byte	0x5
ARM GAS  /tmp/ccBydNau.s 			page 27


 1477 06d1 77       		.byte	0x77
 1478 06d2 E1060000 		.4byte	0x6e1
 1479 06d6 28       		.uleb128 0x28
 1480 06d7 E2010000 		.4byte	0x1e2
 1481 06db 28       		.uleb128 0x28
 1482 06dc E1060000 		.4byte	0x6e1
 1483 06e0 00       		.byte	0
 1484 06e1 09       		.uleb128 0x9
 1485 06e2 04       		.byte	0x4
 1486 06e3 E8010000 		.4byte	0x1e8
 1487 06e7 27       		.uleb128 0x27
 1488 06e8 3C030000 		.4byte	.LASF65
 1489 06ec 08       		.byte	0x8
 1490 06ed 93       		.byte	0x93
 1491 06ee F8060000 		.4byte	0x6f8
 1492 06f2 28       		.uleb128 0x28
 1493 06f3 CA000000 		.4byte	0xca
 1494 06f7 00       		.byte	0
 1495 06f8 29       		.uleb128 0x29
 1496 06f9 F0010000 		.4byte	.LASF67
 1497 06fd 05       		.byte	0x5
 1498 06fe 7B       		.byte	0x7b
 1499 06ff E2010000 		.4byte	0x1e2
 1500 0703 0D070000 		.4byte	0x70d
 1501 0707 28       		.uleb128 0x28
 1502 0708 E2010000 		.4byte	0x1e2
 1503 070c 00       		.byte	0
 1504 070d 29       		.uleb128 0x29
 1505 070e 66030000 		.4byte	.LASF68
 1506 0712 08       		.byte	0x8
 1507 0713 90       		.byte	0x90
 1508 0714 E2010000 		.4byte	0x1e2
 1509 0718 22070000 		.4byte	0x722
 1510 071c 28       		.uleb128 0x28
 1511 071d E2010000 		.4byte	0x1e2
 1512 0721 00       		.byte	0
 1513 0722 29       		.uleb128 0x29
 1514 0723 D1010000 		.4byte	.LASF69
 1515 0727 05       		.byte	0x5
 1516 0728 79       		.byte	0x79
 1517 0729 E2010000 		.4byte	0x1e2
 1518 072d 37070000 		.4byte	0x737
 1519 0731 28       		.uleb128 0x28
 1520 0732 E1060000 		.4byte	0x6e1
 1521 0736 00       		.byte	0
 1522 0737 27       		.uleb128 0x27
 1523 0738 C1030000 		.4byte	.LASF70
 1524 073c 08       		.byte	0x8
 1525 073d 99       		.byte	0x99
 1526 073e 4D070000 		.4byte	0x74d
 1527 0742 28       		.uleb128 0x28
 1528 0743 E2010000 		.4byte	0x1e2
 1529 0747 28       		.uleb128 0x28
 1530 0748 EB000000 		.4byte	0xeb
 1531 074c 00       		.byte	0
 1532 074d 2A       		.uleb128 0x2a
 1533 074e A8000000 		.4byte	.LASF75
ARM GAS  /tmp/ccBydNau.s 			page 28


 1534 0752 08       		.byte	0x8
 1535 0753 9C       		.byte	0x9c
 1536 0754 00       		.byte	0
 1537              		.section	.debug_abbrev,"",%progbits
 1538              	.Ldebug_abbrev0:
 1539 0000 01       		.uleb128 0x1
 1540 0001 11       		.uleb128 0x11
 1541 0002 01       		.byte	0x1
 1542 0003 25       		.uleb128 0x25
 1543 0004 0E       		.uleb128 0xe
 1544 0005 13       		.uleb128 0x13
 1545 0006 0B       		.uleb128 0xb
 1546 0007 03       		.uleb128 0x3
 1547 0008 0E       		.uleb128 0xe
 1548 0009 1B       		.uleb128 0x1b
 1549 000a 0E       		.uleb128 0xe
 1550 000b 55       		.uleb128 0x55
 1551 000c 17       		.uleb128 0x17
 1552 000d 11       		.uleb128 0x11
 1553 000e 01       		.uleb128 0x1
 1554 000f 10       		.uleb128 0x10
 1555 0010 17       		.uleb128 0x17
 1556 0011 00       		.byte	0
 1557 0012 00       		.byte	0
 1558 0013 02       		.uleb128 0x2
 1559 0014 24       		.uleb128 0x24
 1560 0015 00       		.byte	0
 1561 0016 0B       		.uleb128 0xb
 1562 0017 0B       		.uleb128 0xb
 1563 0018 3E       		.uleb128 0x3e
 1564 0019 0B       		.uleb128 0xb
 1565 001a 03       		.uleb128 0x3
 1566 001b 08       		.uleb128 0x8
 1567 001c 00       		.byte	0
 1568 001d 00       		.byte	0
 1569 001e 03       		.uleb128 0x3
 1570 001f 24       		.uleb128 0x24
 1571 0020 00       		.byte	0
 1572 0021 0B       		.uleb128 0xb
 1573 0022 0B       		.uleb128 0xb
 1574 0023 3E       		.uleb128 0x3e
 1575 0024 0B       		.uleb128 0xb
 1576 0025 03       		.uleb128 0x3
 1577 0026 0E       		.uleb128 0xe
 1578 0027 00       		.byte	0
 1579 0028 00       		.byte	0
 1580 0029 04       		.uleb128 0x4
 1581 002a 16       		.uleb128 0x16
 1582 002b 00       		.byte	0
 1583 002c 03       		.uleb128 0x3
 1584 002d 0E       		.uleb128 0xe
 1585 002e 3A       		.uleb128 0x3a
 1586 002f 0B       		.uleb128 0xb
 1587 0030 3B       		.uleb128 0x3b
 1588 0031 0B       		.uleb128 0xb
 1589 0032 49       		.uleb128 0x49
 1590 0033 13       		.uleb128 0x13
ARM GAS  /tmp/ccBydNau.s 			page 29


 1591 0034 00       		.byte	0
 1592 0035 00       		.byte	0
 1593 0036 05       		.uleb128 0x5
 1594 0037 13       		.uleb128 0x13
 1595 0038 01       		.byte	0x1
 1596 0039 03       		.uleb128 0x3
 1597 003a 0E       		.uleb128 0xe
 1598 003b 0B       		.uleb128 0xb
 1599 003c 0B       		.uleb128 0xb
 1600 003d 3A       		.uleb128 0x3a
 1601 003e 0B       		.uleb128 0xb
 1602 003f 3B       		.uleb128 0x3b
 1603 0040 0B       		.uleb128 0xb
 1604 0041 01       		.uleb128 0x1
 1605 0042 13       		.uleb128 0x13
 1606 0043 00       		.byte	0
 1607 0044 00       		.byte	0
 1608 0045 06       		.uleb128 0x6
 1609 0046 0D       		.uleb128 0xd
 1610 0047 00       		.byte	0
 1611 0048 03       		.uleb128 0x3
 1612 0049 0E       		.uleb128 0xe
 1613 004a 3A       		.uleb128 0x3a
 1614 004b 0B       		.uleb128 0xb
 1615 004c 3B       		.uleb128 0x3b
 1616 004d 0B       		.uleb128 0xb
 1617 004e 49       		.uleb128 0x49
 1618 004f 13       		.uleb128 0x13
 1619 0050 38       		.uleb128 0x38
 1620 0051 0B       		.uleb128 0xb
 1621 0052 00       		.byte	0
 1622 0053 00       		.byte	0
 1623 0054 07       		.uleb128 0x7
 1624 0055 0D       		.uleb128 0xd
 1625 0056 00       		.byte	0
 1626 0057 03       		.uleb128 0x3
 1627 0058 08       		.uleb128 0x8
 1628 0059 3A       		.uleb128 0x3a
 1629 005a 0B       		.uleb128 0xb
 1630 005b 3B       		.uleb128 0x3b
 1631 005c 0B       		.uleb128 0xb
 1632 005d 49       		.uleb128 0x49
 1633 005e 13       		.uleb128 0x13
 1634 005f 38       		.uleb128 0x38
 1635 0060 0B       		.uleb128 0xb
 1636 0061 00       		.byte	0
 1637 0062 00       		.byte	0
 1638 0063 08       		.uleb128 0x8
 1639 0064 13       		.uleb128 0x13
 1640 0065 01       		.byte	0x1
 1641 0066 0B       		.uleb128 0xb
 1642 0067 0B       		.uleb128 0xb
 1643 0068 3A       		.uleb128 0x3a
 1644 0069 0B       		.uleb128 0xb
 1645 006a 3B       		.uleb128 0x3b
 1646 006b 0B       		.uleb128 0xb
 1647 006c 01       		.uleb128 0x1
ARM GAS  /tmp/ccBydNau.s 			page 30


 1648 006d 13       		.uleb128 0x13
 1649 006e 00       		.byte	0
 1650 006f 00       		.byte	0
 1651 0070 09       		.uleb128 0x9
 1652 0071 0F       		.uleb128 0xf
 1653 0072 00       		.byte	0
 1654 0073 0B       		.uleb128 0xb
 1655 0074 0B       		.uleb128 0xb
 1656 0075 49       		.uleb128 0x49
 1657 0076 13       		.uleb128 0x13
 1658 0077 00       		.byte	0
 1659 0078 00       		.byte	0
 1660 0079 0A       		.uleb128 0xa
 1661 007a 0F       		.uleb128 0xf
 1662 007b 00       		.byte	0
 1663 007c 0B       		.uleb128 0xb
 1664 007d 0B       		.uleb128 0xb
 1665 007e 00       		.byte	0
 1666 007f 00       		.byte	0
 1667 0080 0B       		.uleb128 0xb
 1668 0081 13       		.uleb128 0x13
 1669 0082 01       		.byte	0x1
 1670 0083 03       		.uleb128 0x3
 1671 0084 0E       		.uleb128 0xe
 1672 0085 0B       		.uleb128 0xb
 1673 0086 0B       		.uleb128 0xb
 1674 0087 3A       		.uleb128 0x3a
 1675 0088 0B       		.uleb128 0xb
 1676 0089 3B       		.uleb128 0x3b
 1677 008a 05       		.uleb128 0x5
 1678 008b 01       		.uleb128 0x1
 1679 008c 13       		.uleb128 0x13
 1680 008d 00       		.byte	0
 1681 008e 00       		.byte	0
 1682 008f 0C       		.uleb128 0xc
 1683 0090 0D       		.uleb128 0xd
 1684 0091 00       		.byte	0
 1685 0092 03       		.uleb128 0x3
 1686 0093 08       		.uleb128 0x8
 1687 0094 3A       		.uleb128 0x3a
 1688 0095 0B       		.uleb128 0xb
 1689 0096 3B       		.uleb128 0x3b
 1690 0097 05       		.uleb128 0x5
 1691 0098 49       		.uleb128 0x49
 1692 0099 13       		.uleb128 0x13
 1693 009a 38       		.uleb128 0x38
 1694 009b 0B       		.uleb128 0xb
 1695 009c 00       		.byte	0
 1696 009d 00       		.byte	0
 1697 009e 0D       		.uleb128 0xd
 1698 009f 17       		.uleb128 0x17
 1699 00a0 01       		.byte	0x1
 1700 00a1 0B       		.uleb128 0xb
 1701 00a2 0B       		.uleb128 0xb
 1702 00a3 3A       		.uleb128 0x3a
 1703 00a4 0B       		.uleb128 0xb
 1704 00a5 3B       		.uleb128 0x3b
ARM GAS  /tmp/ccBydNau.s 			page 31


 1705 00a6 0B       		.uleb128 0xb
 1706 00a7 01       		.uleb128 0x1
 1707 00a8 13       		.uleb128 0x13
 1708 00a9 00       		.byte	0
 1709 00aa 00       		.byte	0
 1710 00ab 0E       		.uleb128 0xe
 1711 00ac 0D       		.uleb128 0xd
 1712 00ad 00       		.byte	0
 1713 00ae 03       		.uleb128 0x3
 1714 00af 0E       		.uleb128 0xe
 1715 00b0 3A       		.uleb128 0x3a
 1716 00b1 0B       		.uleb128 0xb
 1717 00b2 3B       		.uleb128 0x3b
 1718 00b3 0B       		.uleb128 0xb
 1719 00b4 49       		.uleb128 0x49
 1720 00b5 13       		.uleb128 0x13
 1721 00b6 00       		.byte	0
 1722 00b7 00       		.byte	0
 1723 00b8 0F       		.uleb128 0xf
 1724 00b9 2E       		.uleb128 0x2e
 1725 00ba 01       		.byte	0x1
 1726 00bb 3F       		.uleb128 0x3f
 1727 00bc 19       		.uleb128 0x19
 1728 00bd 03       		.uleb128 0x3
 1729 00be 0E       		.uleb128 0xe
 1730 00bf 3A       		.uleb128 0x3a
 1731 00c0 0B       		.uleb128 0xb
 1732 00c1 3B       		.uleb128 0x3b
 1733 00c2 0B       		.uleb128 0xb
 1734 00c3 27       		.uleb128 0x27
 1735 00c4 19       		.uleb128 0x19
 1736 00c5 49       		.uleb128 0x49
 1737 00c6 13       		.uleb128 0x13
 1738 00c7 20       		.uleb128 0x20
 1739 00c8 0B       		.uleb128 0xb
 1740 00c9 01       		.uleb128 0x1
 1741 00ca 13       		.uleb128 0x13
 1742 00cb 00       		.byte	0
 1743 00cc 00       		.byte	0
 1744 00cd 10       		.uleb128 0x10
 1745 00ce 05       		.uleb128 0x5
 1746 00cf 00       		.byte	0
 1747 00d0 03       		.uleb128 0x3
 1748 00d1 08       		.uleb128 0x8
 1749 00d2 3A       		.uleb128 0x3a
 1750 00d3 0B       		.uleb128 0xb
 1751 00d4 3B       		.uleb128 0x3b
 1752 00d5 0B       		.uleb128 0xb
 1753 00d6 49       		.uleb128 0x49
 1754 00d7 13       		.uleb128 0x13
 1755 00d8 00       		.byte	0
 1756 00d9 00       		.byte	0
 1757 00da 11       		.uleb128 0x11
 1758 00db 2E       		.uleb128 0x2e
 1759 00dc 01       		.byte	0x1
 1760 00dd 3F       		.uleb128 0x3f
 1761 00de 19       		.uleb128 0x19
ARM GAS  /tmp/ccBydNau.s 			page 32


 1762 00df 03       		.uleb128 0x3
 1763 00e0 0E       		.uleb128 0xe
 1764 00e1 3A       		.uleb128 0x3a
 1765 00e2 0B       		.uleb128 0xb
 1766 00e3 3B       		.uleb128 0x3b
 1767 00e4 0B       		.uleb128 0xb
 1768 00e5 27       		.uleb128 0x27
 1769 00e6 19       		.uleb128 0x19
 1770 00e7 11       		.uleb128 0x11
 1771 00e8 01       		.uleb128 0x1
 1772 00e9 12       		.uleb128 0x12
 1773 00ea 06       		.uleb128 0x6
 1774 00eb 40       		.uleb128 0x40
 1775 00ec 18       		.uleb128 0x18
 1776 00ed 9742     		.uleb128 0x2117
 1777 00ef 19       		.uleb128 0x19
 1778 00f0 01       		.uleb128 0x1
 1779 00f1 13       		.uleb128 0x13
 1780 00f2 00       		.byte	0
 1781 00f3 00       		.byte	0
 1782 00f4 12       		.uleb128 0x12
 1783 00f5 05       		.uleb128 0x5
 1784 00f6 00       		.byte	0
 1785 00f7 03       		.uleb128 0x3
 1786 00f8 08       		.uleb128 0x8
 1787 00f9 3A       		.uleb128 0x3a
 1788 00fa 0B       		.uleb128 0xb
 1789 00fb 3B       		.uleb128 0x3b
 1790 00fc 0B       		.uleb128 0xb
 1791 00fd 49       		.uleb128 0x49
 1792 00fe 13       		.uleb128 0x13
 1793 00ff 02       		.uleb128 0x2
 1794 0100 18       		.uleb128 0x18
 1795 0101 00       		.byte	0
 1796 0102 00       		.byte	0
 1797 0103 13       		.uleb128 0x13
 1798 0104 05       		.uleb128 0x5
 1799 0105 00       		.byte	0
 1800 0106 03       		.uleb128 0x3
 1801 0107 08       		.uleb128 0x8
 1802 0108 3A       		.uleb128 0x3a
 1803 0109 0B       		.uleb128 0xb
 1804 010a 3B       		.uleb128 0x3b
 1805 010b 0B       		.uleb128 0xb
 1806 010c 49       		.uleb128 0x49
 1807 010d 13       		.uleb128 0x13
 1808 010e 02       		.uleb128 0x2
 1809 010f 17       		.uleb128 0x17
 1810 0110 00       		.byte	0
 1811 0111 00       		.byte	0
 1812 0112 14       		.uleb128 0x14
 1813 0113 34       		.uleb128 0x34
 1814 0114 00       		.byte	0
 1815 0115 03       		.uleb128 0x3
 1816 0116 08       		.uleb128 0x8
 1817 0117 3A       		.uleb128 0x3a
 1818 0118 0B       		.uleb128 0xb
ARM GAS  /tmp/ccBydNau.s 			page 33


 1819 0119 3B       		.uleb128 0x3b
 1820 011a 0B       		.uleb128 0xb
 1821 011b 49       		.uleb128 0x49
 1822 011c 13       		.uleb128 0x13
 1823 011d 02       		.uleb128 0x2
 1824 011e 17       		.uleb128 0x17
 1825 011f 00       		.byte	0
 1826 0120 00       		.byte	0
 1827 0121 15       		.uleb128 0x15
 1828 0122 0B       		.uleb128 0xb
 1829 0123 01       		.byte	0x1
 1830 0124 55       		.uleb128 0x55
 1831 0125 17       		.uleb128 0x17
 1832 0126 00       		.byte	0
 1833 0127 00       		.byte	0
 1834 0128 16       		.uleb128 0x16
 1835 0129 898201   		.uleb128 0x4109
 1836 012c 01       		.byte	0x1
 1837 012d 11       		.uleb128 0x11
 1838 012e 01       		.uleb128 0x1
 1839 012f 31       		.uleb128 0x31
 1840 0130 13       		.uleb128 0x13
 1841 0131 01       		.uleb128 0x1
 1842 0132 13       		.uleb128 0x13
 1843 0133 00       		.byte	0
 1844 0134 00       		.byte	0
 1845 0135 17       		.uleb128 0x17
 1846 0136 8A8201   		.uleb128 0x410a
 1847 0139 00       		.byte	0
 1848 013a 02       		.uleb128 0x2
 1849 013b 18       		.uleb128 0x18
 1850 013c 9142     		.uleb128 0x2111
 1851 013e 18       		.uleb128 0x18
 1852 013f 00       		.byte	0
 1853 0140 00       		.byte	0
 1854 0141 18       		.uleb128 0x18
 1855 0142 898201   		.uleb128 0x4109
 1856 0145 01       		.byte	0x1
 1857 0146 11       		.uleb128 0x11
 1858 0147 01       		.uleb128 0x1
 1859 0148 9542     		.uleb128 0x2115
 1860 014a 19       		.uleb128 0x19
 1861 014b 31       		.uleb128 0x31
 1862 014c 13       		.uleb128 0x13
 1863 014d 01       		.uleb128 0x1
 1864 014e 13       		.uleb128 0x13
 1865 014f 00       		.byte	0
 1866 0150 00       		.byte	0
 1867 0151 19       		.uleb128 0x19
 1868 0152 898201   		.uleb128 0x4109
 1869 0155 00       		.byte	0
 1870 0156 11       		.uleb128 0x11
 1871 0157 01       		.uleb128 0x1
 1872 0158 31       		.uleb128 0x31
 1873 0159 13       		.uleb128 0x13
 1874 015a 00       		.byte	0
 1875 015b 00       		.byte	0
ARM GAS  /tmp/ccBydNau.s 			page 34


 1876 015c 1A       		.uleb128 0x1a
 1877 015d 898201   		.uleb128 0x4109
 1878 0160 01       		.byte	0x1
 1879 0161 11       		.uleb128 0x11
 1880 0162 01       		.uleb128 0x1
 1881 0163 31       		.uleb128 0x31
 1882 0164 13       		.uleb128 0x13
 1883 0165 00       		.byte	0
 1884 0166 00       		.byte	0
 1885 0167 1B       		.uleb128 0x1b
 1886 0168 2E       		.uleb128 0x2e
 1887 0169 01       		.byte	0x1
 1888 016a 3F       		.uleb128 0x3f
 1889 016b 19       		.uleb128 0x19
 1890 016c 03       		.uleb128 0x3
 1891 016d 0E       		.uleb128 0xe
 1892 016e 3A       		.uleb128 0x3a
 1893 016f 0B       		.uleb128 0xb
 1894 0170 3B       		.uleb128 0x3b
 1895 0171 0B       		.uleb128 0xb
 1896 0172 27       		.uleb128 0x27
 1897 0173 19       		.uleb128 0x19
 1898 0174 49       		.uleb128 0x49
 1899 0175 13       		.uleb128 0x13
 1900 0176 11       		.uleb128 0x11
 1901 0177 01       		.uleb128 0x1
 1902 0178 12       		.uleb128 0x12
 1903 0179 06       		.uleb128 0x6
 1904 017a 40       		.uleb128 0x40
 1905 017b 18       		.uleb128 0x18
 1906 017c 9742     		.uleb128 0x2117
 1907 017e 19       		.uleb128 0x19
 1908 017f 01       		.uleb128 0x1
 1909 0180 13       		.uleb128 0x13
 1910 0181 00       		.byte	0
 1911 0182 00       		.byte	0
 1912 0183 1C       		.uleb128 0x1c
 1913 0184 34       		.uleb128 0x34
 1914 0185 00       		.byte	0
 1915 0186 03       		.uleb128 0x3
 1916 0187 08       		.uleb128 0x8
 1917 0188 3A       		.uleb128 0x3a
 1918 0189 0B       		.uleb128 0xb
 1919 018a 3B       		.uleb128 0x3b
 1920 018b 0B       		.uleb128 0xb
 1921 018c 49       		.uleb128 0x49
 1922 018d 13       		.uleb128 0x13
 1923 018e 00       		.byte	0
 1924 018f 00       		.byte	0
 1925 0190 1D       		.uleb128 0x1d
 1926 0191 1D       		.uleb128 0x1d
 1927 0192 01       		.byte	0x1
 1928 0193 31       		.uleb128 0x31
 1929 0194 13       		.uleb128 0x13
 1930 0195 52       		.uleb128 0x52
 1931 0196 01       		.uleb128 0x1
 1932 0197 55       		.uleb128 0x55
ARM GAS  /tmp/ccBydNau.s 			page 35


 1933 0198 17       		.uleb128 0x17
 1934 0199 58       		.uleb128 0x58
 1935 019a 0B       		.uleb128 0xb
 1936 019b 59       		.uleb128 0x59
 1937 019c 0B       		.uleb128 0xb
 1938 019d 00       		.byte	0
 1939 019e 00       		.byte	0
 1940 019f 1E       		.uleb128 0x1e
 1941 01a0 05       		.uleb128 0x5
 1942 01a1 00       		.byte	0
 1943 01a2 31       		.uleb128 0x31
 1944 01a3 13       		.uleb128 0x13
 1945 01a4 02       		.uleb128 0x2
 1946 01a5 17       		.uleb128 0x17
 1947 01a6 00       		.byte	0
 1948 01a7 00       		.byte	0
 1949 01a8 1F       		.uleb128 0x1f
 1950 01a9 2E       		.uleb128 0x2e
 1951 01aa 01       		.byte	0x1
 1952 01ab 31       		.uleb128 0x31
 1953 01ac 13       		.uleb128 0x13
 1954 01ad 11       		.uleb128 0x11
 1955 01ae 01       		.uleb128 0x1
 1956 01af 12       		.uleb128 0x12
 1957 01b0 06       		.uleb128 0x6
 1958 01b1 40       		.uleb128 0x40
 1959 01b2 18       		.uleb128 0x18
 1960 01b3 9742     		.uleb128 0x2117
 1961 01b5 19       		.uleb128 0x19
 1962 01b6 01       		.uleb128 0x1
 1963 01b7 13       		.uleb128 0x13
 1964 01b8 00       		.byte	0
 1965 01b9 00       		.byte	0
 1966 01ba 20       		.uleb128 0x20
 1967 01bb 2E       		.uleb128 0x2e
 1968 01bc 01       		.byte	0x1
 1969 01bd 3F       		.uleb128 0x3f
 1970 01be 19       		.uleb128 0x19
 1971 01bf 03       		.uleb128 0x3
 1972 01c0 0E       		.uleb128 0xe
 1973 01c1 3A       		.uleb128 0x3a
 1974 01c2 0B       		.uleb128 0xb
 1975 01c3 3B       		.uleb128 0x3b
 1976 01c4 05       		.uleb128 0x5
 1977 01c5 27       		.uleb128 0x27
 1978 01c6 19       		.uleb128 0x19
 1979 01c7 49       		.uleb128 0x49
 1980 01c8 13       		.uleb128 0x13
 1981 01c9 11       		.uleb128 0x11
 1982 01ca 01       		.uleb128 0x1
 1983 01cb 12       		.uleb128 0x12
 1984 01cc 06       		.uleb128 0x6
 1985 01cd 40       		.uleb128 0x40
 1986 01ce 18       		.uleb128 0x18
 1987 01cf 9742     		.uleb128 0x2117
 1988 01d1 19       		.uleb128 0x19
 1989 01d2 01       		.uleb128 0x1
ARM GAS  /tmp/ccBydNau.s 			page 36


 1990 01d3 13       		.uleb128 0x13
 1991 01d4 00       		.byte	0
 1992 01d5 00       		.byte	0
 1993 01d6 21       		.uleb128 0x21
 1994 01d7 34       		.uleb128 0x34
 1995 01d8 00       		.byte	0
 1996 01d9 03       		.uleb128 0x3
 1997 01da 08       		.uleb128 0x8
 1998 01db 3A       		.uleb128 0x3a
 1999 01dc 0B       		.uleb128 0xb
 2000 01dd 3B       		.uleb128 0x3b
 2001 01de 05       		.uleb128 0x5
 2002 01df 49       		.uleb128 0x49
 2003 01e0 13       		.uleb128 0x13
 2004 01e1 02       		.uleb128 0x2
 2005 01e2 17       		.uleb128 0x17
 2006 01e3 00       		.byte	0
 2007 01e4 00       		.byte	0
 2008 01e5 22       		.uleb128 0x22
 2009 01e6 0B       		.uleb128 0xb
 2010 01e7 01       		.byte	0x1
 2011 01e8 11       		.uleb128 0x11
 2012 01e9 01       		.uleb128 0x1
 2013 01ea 12       		.uleb128 0x12
 2014 01eb 06       		.uleb128 0x6
 2015 01ec 00       		.byte	0
 2016 01ed 00       		.byte	0
 2017 01ee 23       		.uleb128 0x23
 2018 01ef 34       		.uleb128 0x34
 2019 01f0 00       		.byte	0
 2020 01f1 03       		.uleb128 0x3
 2021 01f2 0E       		.uleb128 0xe
 2022 01f3 3A       		.uleb128 0x3a
 2023 01f4 0B       		.uleb128 0xb
 2024 01f5 3B       		.uleb128 0x3b
 2025 01f6 05       		.uleb128 0x5
 2026 01f7 49       		.uleb128 0x49
 2027 01f8 13       		.uleb128 0x13
 2028 01f9 02       		.uleb128 0x2
 2029 01fa 17       		.uleb128 0x17
 2030 01fb 00       		.byte	0
 2031 01fc 00       		.byte	0
 2032 01fd 24       		.uleb128 0x24
 2033 01fe 2E       		.uleb128 0x2e
 2034 01ff 01       		.byte	0x1
 2035 0200 3F       		.uleb128 0x3f
 2036 0201 19       		.uleb128 0x19
 2037 0202 03       		.uleb128 0x3
 2038 0203 0E       		.uleb128 0xe
 2039 0204 3A       		.uleb128 0x3a
 2040 0205 0B       		.uleb128 0xb
 2041 0206 3B       		.uleb128 0x3b
 2042 0207 05       		.uleb128 0x5
 2043 0208 27       		.uleb128 0x27
 2044 0209 19       		.uleb128 0x19
 2045 020a 11       		.uleb128 0x11
 2046 020b 01       		.uleb128 0x1
ARM GAS  /tmp/ccBydNau.s 			page 37


 2047 020c 12       		.uleb128 0x12
 2048 020d 06       		.uleb128 0x6
 2049 020e 40       		.uleb128 0x40
 2050 020f 18       		.uleb128 0x18
 2051 0210 9742     		.uleb128 0x2117
 2052 0212 19       		.uleb128 0x19
 2053 0213 01       		.uleb128 0x1
 2054 0214 13       		.uleb128 0x13
 2055 0215 00       		.byte	0
 2056 0216 00       		.byte	0
 2057 0217 25       		.uleb128 0x25
 2058 0218 0B       		.uleb128 0xb
 2059 0219 01       		.byte	0x1
 2060 021a 55       		.uleb128 0x55
 2061 021b 17       		.uleb128 0x17
 2062 021c 01       		.uleb128 0x1
 2063 021d 13       		.uleb128 0x13
 2064 021e 00       		.byte	0
 2065 021f 00       		.byte	0
 2066 0220 26       		.uleb128 0x26
 2067 0221 34       		.uleb128 0x34
 2068 0222 00       		.byte	0
 2069 0223 03       		.uleb128 0x3
 2070 0224 0E       		.uleb128 0xe
 2071 0225 3A       		.uleb128 0x3a
 2072 0226 0B       		.uleb128 0xb
 2073 0227 3B       		.uleb128 0x3b
 2074 0228 0B       		.uleb128 0xb
 2075 0229 49       		.uleb128 0x49
 2076 022a 13       		.uleb128 0x13
 2077 022b 3F       		.uleb128 0x3f
 2078 022c 19       		.uleb128 0x19
 2079 022d 3C       		.uleb128 0x3c
 2080 022e 19       		.uleb128 0x19
 2081 022f 00       		.byte	0
 2082 0230 00       		.byte	0
 2083 0231 27       		.uleb128 0x27
 2084 0232 2E       		.uleb128 0x2e
 2085 0233 01       		.byte	0x1
 2086 0234 3F       		.uleb128 0x3f
 2087 0235 19       		.uleb128 0x19
 2088 0236 03       		.uleb128 0x3
 2089 0237 0E       		.uleb128 0xe
 2090 0238 3A       		.uleb128 0x3a
 2091 0239 0B       		.uleb128 0xb
 2092 023a 3B       		.uleb128 0x3b
 2093 023b 0B       		.uleb128 0xb
 2094 023c 27       		.uleb128 0x27
 2095 023d 19       		.uleb128 0x19
 2096 023e 3C       		.uleb128 0x3c
 2097 023f 19       		.uleb128 0x19
 2098 0240 01       		.uleb128 0x1
 2099 0241 13       		.uleb128 0x13
 2100 0242 00       		.byte	0
 2101 0243 00       		.byte	0
 2102 0244 28       		.uleb128 0x28
 2103 0245 05       		.uleb128 0x5
ARM GAS  /tmp/ccBydNau.s 			page 38


 2104 0246 00       		.byte	0
 2105 0247 49       		.uleb128 0x49
 2106 0248 13       		.uleb128 0x13
 2107 0249 00       		.byte	0
 2108 024a 00       		.byte	0
 2109 024b 29       		.uleb128 0x29
 2110 024c 2E       		.uleb128 0x2e
 2111 024d 01       		.byte	0x1
 2112 024e 3F       		.uleb128 0x3f
 2113 024f 19       		.uleb128 0x19
 2114 0250 03       		.uleb128 0x3
 2115 0251 0E       		.uleb128 0xe
 2116 0252 3A       		.uleb128 0x3a
 2117 0253 0B       		.uleb128 0xb
 2118 0254 3B       		.uleb128 0x3b
 2119 0255 0B       		.uleb128 0xb
 2120 0256 27       		.uleb128 0x27
 2121 0257 19       		.uleb128 0x19
 2122 0258 49       		.uleb128 0x49
 2123 0259 13       		.uleb128 0x13
 2124 025a 3C       		.uleb128 0x3c
 2125 025b 19       		.uleb128 0x19
 2126 025c 01       		.uleb128 0x1
 2127 025d 13       		.uleb128 0x13
 2128 025e 00       		.byte	0
 2129 025f 00       		.byte	0
 2130 0260 2A       		.uleb128 0x2a
 2131 0261 2E       		.uleb128 0x2e
 2132 0262 00       		.byte	0
 2133 0263 3F       		.uleb128 0x3f
 2134 0264 19       		.uleb128 0x19
 2135 0265 03       		.uleb128 0x3
 2136 0266 0E       		.uleb128 0xe
 2137 0267 3A       		.uleb128 0x3a
 2138 0268 0B       		.uleb128 0xb
 2139 0269 3B       		.uleb128 0x3b
 2140 026a 0B       		.uleb128 0xb
 2141 026b 27       		.uleb128 0x27
 2142 026c 19       		.uleb128 0x19
 2143 026d 3C       		.uleb128 0x3c
 2144 026e 19       		.uleb128 0x19
 2145 026f 00       		.byte	0
 2146 0270 00       		.byte	0
 2147 0271 00       		.byte	0
 2148              		.section	.debug_loc,"",%progbits
 2149              	.Ldebug_loc0:
 2150              	.LLST0:
 2151 0000 00000000 		.4byte	.LVL1
 2152 0004 14000000 		.4byte	.LVL4
 2153 0008 0100     		.2byte	0x1
 2154 000a 50       		.byte	0x50
 2155 000b 14000000 		.4byte	.LVL4
 2156 000f 32000000 		.4byte	.LVL6
 2157 0013 0100     		.2byte	0x1
 2158 0015 56       		.byte	0x56
 2159 0016 32000000 		.4byte	.LVL6
 2160 001a 36000000 		.4byte	.LVL7
ARM GAS  /tmp/ccBydNau.s 			page 39


 2161 001e 0400     		.2byte	0x4
 2162 0020 F3       		.byte	0xf3
 2163 0021 01       		.uleb128 0x1
 2164 0022 50       		.byte	0x50
 2165 0023 9F       		.byte	0x9f
 2166 0024 36000000 		.4byte	.LVL7
 2167 0028 6A000000 		.4byte	.LVL15
 2168 002c 0100     		.2byte	0x1
 2169 002e 56       		.byte	0x56
 2170 002f 6A000000 		.4byte	.LVL15
 2171 0033 78000000 		.4byte	.LFE2
 2172 0037 0100     		.2byte	0x1
 2173 0039 50       		.byte	0x50
 2174 003a 00000000 		.4byte	0
 2175 003e 00000000 		.4byte	0
 2176              	.LLST1:
 2177 0042 0A000000 		.4byte	.LVL2
 2178 0046 32000000 		.4byte	.LVL6
 2179 004a 0100     		.2byte	0x1
 2180 004c 55       		.byte	0x55
 2181 004d 36000000 		.4byte	.LVL7
 2182 0051 74000000 		.4byte	.LVL16
 2183 0055 0100     		.2byte	0x1
 2184 0057 55       		.byte	0x55
 2185 0058 00000000 		.4byte	0
 2186 005c 00000000 		.4byte	0
 2187              	.LLST2:
 2188 0060 0C000000 		.4byte	.LVL3
 2189 0064 32000000 		.4byte	.LVL6
 2190 0068 0100     		.2byte	0x1
 2191 006a 54       		.byte	0x54
 2192 006b 36000000 		.4byte	.LVL7
 2193 006f 6A000000 		.4byte	.LVL15
 2194 0073 0100     		.2byte	0x1
 2195 0075 54       		.byte	0x54
 2196 0076 00000000 		.4byte	0
 2197 007a 00000000 		.4byte	0
 2198              	.LLST3:
 2199 007e 00000000 		.4byte	.LVL17
 2200 0082 09000000 		.4byte	.LVL18-1
 2201 0086 0100     		.2byte	0x1
 2202 0088 50       		.byte	0x50
 2203 0089 09000000 		.4byte	.LVL18-1
 2204 008d 10000000 		.4byte	.LFE1
 2205 0091 0400     		.2byte	0x4
 2206 0093 F3       		.byte	0xf3
 2207 0094 01       		.uleb128 0x1
 2208 0095 50       		.byte	0x50
 2209 0096 9F       		.byte	0x9f
 2210 0097 00000000 		.4byte	0
 2211 009b 00000000 		.4byte	0
 2212              	.LLST4:
 2213 009f 00000000 		.4byte	.LVL19
 2214 00a3 0E000000 		.4byte	.LVL21
 2215 00a7 0100     		.2byte	0x1
 2216 00a9 50       		.byte	0x50
 2217 00aa 0E000000 		.4byte	.LVL21
ARM GAS  /tmp/ccBydNau.s 			page 40


 2218 00ae 16000000 		.4byte	.LVL22
 2219 00b2 0100     		.2byte	0x1
 2220 00b4 52       		.byte	0x52
 2221 00b5 16000000 		.4byte	.LVL22
 2222 00b9 1A000000 		.4byte	.LVL23
 2223 00bd 0100     		.2byte	0x1
 2224 00bf 50       		.byte	0x50
 2225 00c0 1A000000 		.4byte	.LVL23
 2226 00c4 34000000 		.4byte	.LFE3
 2227 00c8 0100     		.2byte	0x1
 2228 00ca 52       		.byte	0x52
 2229 00cb 00000000 		.4byte	0
 2230 00cf 00000000 		.4byte	0
 2231              	.LLST5:
 2232 00d3 08000000 		.4byte	.LVL20
 2233 00d7 0E000000 		.4byte	.LVL21
 2234 00db 0100     		.2byte	0x1
 2235 00dd 50       		.byte	0x50
 2236 00de 0E000000 		.4byte	.LVL21
 2237 00e2 16000000 		.4byte	.LVL22
 2238 00e6 0100     		.2byte	0x1
 2239 00e8 52       		.byte	0x52
 2240 00e9 16000000 		.4byte	.LVL22
 2241 00ed 1A000000 		.4byte	.LVL23
 2242 00f1 0100     		.2byte	0x1
 2243 00f3 50       		.byte	0x50
 2244 00f4 1A000000 		.4byte	.LVL23
 2245 00f8 34000000 		.4byte	.LFE3
 2246 00fc 0100     		.2byte	0x1
 2247 00fe 52       		.byte	0x52
 2248 00ff 00000000 		.4byte	0
 2249 0103 00000000 		.4byte	0
 2250              	.LLST6:
 2251 0107 00000000 		.4byte	.LVL24
 2252 010b 08000000 		.4byte	.LVL25
 2253 010f 0100     		.2byte	0x1
 2254 0111 50       		.byte	0x50
 2255 0112 08000000 		.4byte	.LVL25
 2256 0116 0A000000 		.4byte	.LVL26
 2257 011a 0100     		.2byte	0x1
 2258 011c 53       		.byte	0x53
 2259 011d 0A000000 		.4byte	.LVL26
 2260 0121 0E000000 		.4byte	.LVL27
 2261 0125 0100     		.2byte	0x1
 2262 0127 50       		.byte	0x50
 2263 0128 0E000000 		.4byte	.LVL27
 2264 012c 24000000 		.4byte	.LFE4
 2265 0130 0100     		.2byte	0x1
 2266 0132 53       		.byte	0x53
 2267 0133 00000000 		.4byte	0
 2268 0137 00000000 		.4byte	0
 2269              	.LLST7:
 2270 013b 06000000 		.4byte	.LVL28
 2271 013f 32000000 		.4byte	.LVL33
 2272 0143 0100     		.2byte	0x1
 2273 0145 50       		.byte	0x50
 2274 0146 4C000000 		.4byte	.LVL36
ARM GAS  /tmp/ccBydNau.s 			page 41


 2275 014a 56000000 		.4byte	.LVL37
 2276 014e 0100     		.2byte	0x1
 2277 0150 50       		.byte	0x50
 2278 0151 00000000 		.4byte	0
 2279 0155 00000000 		.4byte	0
 2280              	.LLST8:
 2281 0159 0C000000 		.4byte	.LVL29
 2282 015d 58000000 		.4byte	.LVL38
 2283 0161 0100     		.2byte	0x1
 2284 0163 54       		.byte	0x54
 2285 0164 58000000 		.4byte	.LVL38
 2286 0168 5C000000 		.4byte	.LFE5
 2287 016c 0100     		.2byte	0x1
 2288 016e 50       		.byte	0x50
 2289 016f 00000000 		.4byte	0
 2290 0173 00000000 		.4byte	0
 2291              	.LLST9:
 2292 0177 18000000 		.4byte	.LVL30
 2293 017b 35000000 		.4byte	.LVL34-1
 2294 017f 0100     		.2byte	0x1
 2295 0181 53       		.byte	0x53
 2296 0182 00000000 		.4byte	0
 2297 0186 00000000 		.4byte	0
 2298              	.LLST10:
 2299 018a 36000000 		.4byte	.LVL34
 2300 018e 43000000 		.4byte	.LVL35-1
 2301 0192 0100     		.2byte	0x1
 2302 0194 50       		.byte	0x50
 2303 0195 00000000 		.4byte	0
 2304 0199 00000000 		.4byte	0
 2305              	.LLST11:
 2306 019d 18000000 		.4byte	.LVL30
 2307 01a1 35000000 		.4byte	.LVL34-1
 2308 01a5 0100     		.2byte	0x1
 2309 01a7 51       		.byte	0x51
 2310 01a8 00000000 		.4byte	0
 2311 01ac 00000000 		.4byte	0
 2312              	.LLST12:
 2313 01b0 06000000 		.4byte	.LVL39
 2314 01b4 2E000000 		.4byte	.LVL44
 2315 01b8 0100     		.2byte	0x1
 2316 01ba 50       		.byte	0x50
 2317 01bb 42000000 		.4byte	.LVL47
 2318 01bf 48000000 		.4byte	.LVL48
 2319 01c3 0100     		.2byte	0x1
 2320 01c5 50       		.byte	0x50
 2321 01c6 00000000 		.4byte	0
 2322 01ca 00000000 		.4byte	0
 2323              	.LLST13:
 2324 01ce 08000000 		.4byte	.LVL40
 2325 01d2 4A000000 		.4byte	.LVL49
 2326 01d6 0100     		.2byte	0x1
 2327 01d8 54       		.byte	0x54
 2328 01d9 4A000000 		.4byte	.LVL49
 2329 01dd 50000000 		.4byte	.LFE6
 2330 01e1 0100     		.2byte	0x1
 2331 01e3 50       		.byte	0x50
ARM GAS  /tmp/ccBydNau.s 			page 42


 2332 01e4 00000000 		.4byte	0
 2333 01e8 00000000 		.4byte	0
 2334              	.LLST14:
 2335 01ec 14000000 		.4byte	.LVL41
 2336 01f0 31000000 		.4byte	.LVL45-1
 2337 01f4 0100     		.2byte	0x1
 2338 01f6 53       		.byte	0x53
 2339 01f7 00000000 		.4byte	0
 2340 01fb 00000000 		.4byte	0
 2341              	.LLST15:
 2342 01ff 32000000 		.4byte	.LVL45
 2343 0203 3D000000 		.4byte	.LVL46-1
 2344 0207 0100     		.2byte	0x1
 2345 0209 50       		.byte	0x50
 2346 020a 00000000 		.4byte	0
 2347 020e 00000000 		.4byte	0
 2348              	.LLST16:
 2349 0212 14000000 		.4byte	.LVL41
 2350 0216 31000000 		.4byte	.LVL45-1
 2351 021a 0100     		.2byte	0x1
 2352 021c 51       		.byte	0x51
 2353 021d 00000000 		.4byte	0
 2354 0221 00000000 		.4byte	0
 2355              	.LLST17:
 2356 0225 06000000 		.4byte	.LVL50
 2357 0229 48000000 		.4byte	.LVL59
 2358 022d 0100     		.2byte	0x1
 2359 022f 55       		.byte	0x55
 2360 0230 00000000 		.4byte	0
 2361 0234 00000000 		.4byte	0
 2362              	.LLST18:
 2363 0238 12000000 		.4byte	.LVL51
 2364 023c 15000000 		.4byte	.LVL52-1
 2365 0240 0100     		.2byte	0x1
 2366 0242 50       		.byte	0x50
 2367 0243 15000000 		.4byte	.LVL52-1
 2368 0247 24000000 		.4byte	.LVL54
 2369 024b 0100     		.2byte	0x1
 2370 024d 54       		.byte	0x54
 2371 024e 26000000 		.4byte	.LVL55
 2372 0252 36000000 		.4byte	.LVL56
 2373 0256 0100     		.2byte	0x1
 2374 0258 54       		.byte	0x54
 2375 0259 36000000 		.4byte	.LVL56
 2376 025d 3A000000 		.4byte	.LVL57
 2377 0261 0100     		.2byte	0x1
 2378 0263 50       		.byte	0x50
 2379 0264 00000000 		.4byte	0
 2380 0268 00000000 		.4byte	0
 2381              	.LLST19:
 2382 026c 16000000 		.4byte	.LVL52
 2383 0270 21000000 		.4byte	.LVL53-1
 2384 0274 0100     		.2byte	0x1
 2385 0276 50       		.byte	0x50
 2386 0277 00000000 		.4byte	0
 2387 027b 00000000 		.4byte	0
 2388              		.section	.debug_aranges,"",%progbits
ARM GAS  /tmp/ccBydNau.s 			page 43


 2389 0000 54000000 		.4byte	0x54
 2390 0004 0200     		.2byte	0x2
 2391 0006 00000000 		.4byte	.Ldebug_info0
 2392 000a 04       		.byte	0x4
 2393 000b 00       		.byte	0
 2394 000c 0000     		.2byte	0
 2395 000e 0000     		.2byte	0
 2396 0010 00000000 		.4byte	.LFB0
 2397 0014 0A000000 		.4byte	.LFE0-.LFB0
 2398 0018 00000000 		.4byte	.LFB2
 2399 001c 78000000 		.4byte	.LFE2-.LFB2
 2400 0020 00000000 		.4byte	.LFB1
 2401 0024 10000000 		.4byte	.LFE1-.LFB1
 2402 0028 00000000 		.4byte	.LFB3
 2403 002c 34000000 		.4byte	.LFE3-.LFB3
 2404 0030 00000000 		.4byte	.LFB4
 2405 0034 24000000 		.4byte	.LFE4-.LFB4
 2406 0038 00000000 		.4byte	.LFB5
 2407 003c 5C000000 		.4byte	.LFE5-.LFB5
 2408 0040 00000000 		.4byte	.LFB6
 2409 0044 50000000 		.4byte	.LFE6-.LFB6
 2410 0048 00000000 		.4byte	.LFB7
 2411 004c 4C000000 		.4byte	.LFE7-.LFB7
 2412 0050 00000000 		.4byte	0
 2413 0054 00000000 		.4byte	0
 2414              		.section	.debug_ranges,"",%progbits
 2415              	.Ldebug_ranges0:
 2416 0000 0C000000 		.4byte	.LBB4
 2417 0004 2E000000 		.4byte	.LBE4
 2418 0008 32000000 		.4byte	.LBB5
 2419 000c 6A000000 		.4byte	.LBE5
 2420 0010 00000000 		.4byte	0
 2421 0014 00000000 		.4byte	0
 2422 0018 08000000 		.4byte	.LBB6
 2423 001c 0E000000 		.4byte	.LBE6
 2424 0020 16000000 		.4byte	.LBB9
 2425 0024 28000000 		.4byte	.LBE9
 2426 0028 00000000 		.4byte	0
 2427 002c 00000000 		.4byte	0
 2428 0030 0E000000 		.4byte	.LBB12
 2429 0034 22000000 		.4byte	.LBE12
 2430 0038 26000000 		.4byte	.LBB15
 2431 003c 34000000 		.4byte	.LBE15
 2432 0040 00000000 		.4byte	0
 2433 0044 00000000 		.4byte	0
 2434 0048 12000000 		.4byte	.LBB13
 2435 004c 22000000 		.4byte	.LBE13
 2436 0050 28000000 		.4byte	.LBB14
 2437 0054 2A000000 		.4byte	.LBE14
 2438 0058 00000000 		.4byte	0
 2439 005c 00000000 		.4byte	0
 2440 0060 00000000 		.4byte	.LFB0
 2441 0064 0A000000 		.4byte	.LFE0
 2442 0068 00000000 		.4byte	.LFB2
 2443 006c 78000000 		.4byte	.LFE2
 2444 0070 00000000 		.4byte	.LFB1
 2445 0074 10000000 		.4byte	.LFE1
ARM GAS  /tmp/ccBydNau.s 			page 44


 2446 0078 00000000 		.4byte	.LFB3
 2447 007c 34000000 		.4byte	.LFE3
 2448 0080 00000000 		.4byte	.LFB4
 2449 0084 24000000 		.4byte	.LFE4
 2450 0088 00000000 		.4byte	.LFB5
 2451 008c 5C000000 		.4byte	.LFE5
 2452 0090 00000000 		.4byte	.LFB6
 2453 0094 50000000 		.4byte	.LFE6
 2454 0098 00000000 		.4byte	.LFB7
 2455 009c 4C000000 		.4byte	.LFE7
 2456 00a0 00000000 		.4byte	0
 2457 00a4 00000000 		.4byte	0
 2458              		.section	.debug_line,"",%progbits
 2459              	.Ldebug_line0:
 2460 0000 33020000 		.section	.debug_str,"MS",%progbits,1
 2460      0200FB00 
 2460      00000201 
 2460      FB0E0D00 
 2460      01010101 
 2461              	.LASF33:
 2462 0000 705F6D73 		.ascii	"p_msg\000"
 2462      6700
 2463              	.LASF52:
 2464 0006 7264796D 		.ascii	"rdymsg\000"
 2464      736700
 2465              	.LASF5:
 2466 000d 5F5F7569 		.ascii	"__uint8_t\000"
 2466      6E74385F 
 2466      7400
 2467              	.LASF11:
 2468 0017 6C6F6E67 		.ascii	"long long unsigned int\000"
 2468      206C6F6E 
 2468      6720756E 
 2468      7369676E 
 2468      65642069 
 2469              	.LASF53:
 2470 002e 65786974 		.ascii	"exitcode\000"
 2470      636F6465 
 2470      00
 2471              	.LASF60:
 2472 0037 63684D74 		.ascii	"chMtxUnlock\000"
 2472      78556E6C 
 2472      6F636B00 
 2473              	.LASF26:
 2474 0043 705F7072 		.ascii	"p_prio\000"
 2474      696F00
 2475              	.LASF10:
 2476 004a 6C6F6E67 		.ascii	"long long int\000"
 2476      206C6F6E 
 2476      6720696E 
 2476      7400
 2477              	.LASF1:
 2478 0058 7369676E 		.ascii	"signed char\000"
 2478      65642063 
 2478      68617200 
 2479              	.LASF15:
 2480 0064 626F6F6C 		.ascii	"bool_t\000"
ARM GAS  /tmp/ccBydNau.s 			page 45


 2480      5F7400
 2481              	.LASF49:
 2482 006b 6D5F7175 		.ascii	"m_queue\000"
 2482      65756500 
 2483              	.LASF19:
 2484 0073 74736C69 		.ascii	"tslices_t\000"
 2484      6365735F 
 2484      7400
 2485              	.LASF7:
 2486 007d 6C6F6E67 		.ascii	"long int\000"
 2486      20696E74 
 2486      00
 2487              	.LASF18:
 2488 0086 74737461 		.ascii	"tstate_t\000"
 2488      74655F74 
 2488      00
 2489              	.LASF57:
 2490 008f 63684D74 		.ascii	"chMtxLockS\000"
 2490      784C6F63 
 2490      6B5300
 2491              	.LASF66:
 2492 009a 63684D74 		.ascii	"chMtxTryLockS\000"
 2492      78547279 
 2492      4C6F636B 
 2492      5300
 2493              	.LASF75:
 2494 00a8 63685363 		.ascii	"chSchRescheduleS\000"
 2494      68526573 
 2494      63686564 
 2494      756C6553 
 2494      00
 2495              	.LASF8:
 2496 00b9 5F5F7569 		.ascii	"__uint32_t\000"
 2496      6E743332 
 2496      5F7400
 2497              	.LASF39:
 2498 00c4 72656761 		.ascii	"regarm_t\000"
 2498      726D5F74 
 2498      00
 2499              	.LASF62:
 2500 00cd 63684D74 		.ascii	"chMtxUnlockS\000"
 2500      78556E6C 
 2500      6F636B53 
 2500      00
 2501              	.LASF0:
 2502 00da 756E7369 		.ascii	"unsigned int\000"
 2502      676E6564 
 2502      20696E74 
 2502      00
 2503              	.LASF73:
 2504 00e7 2F686F6D 		.ascii	"/home/dltech-deb/gdrive/Projects/RFM_to_Modbus_TCP/"
 2504      652F646C 
 2504      74656368 
 2504      2D646562 
 2504      2F676472 
 2505 011a 43686962 		.ascii	"ChibiOS/F103_ChibiOS_ENC60J28/main\000"
 2505      694F532F 
ARM GAS  /tmp/ccBydNau.s 			page 46


 2505      46313033 
 2505      5F436869 
 2505      62694F53 
 2506              	.LASF9:
 2507 013d 6C6F6E67 		.ascii	"long unsigned int\000"
 2507      20756E73 
 2507      69676E65 
 2507      6420696E 
 2507      7400
 2508              	.LASF4:
 2509 014f 73686F72 		.ascii	"short unsigned int\000"
 2509      7420756E 
 2509      7369676E 
 2509      65642069 
 2509      6E7400
 2510              	.LASF21:
 2511 0162 6D73675F 		.ascii	"msg_t\000"
 2511      7400
 2512              	.LASF64:
 2513 0168 7072696F 		.ascii	"prio_insert\000"
 2513      5F696E73 
 2513      65727400 
 2514              	.LASF63:
 2515 0174 63684D74 		.ascii	"chMtxUnlockAll\000"
 2515      78556E6C 
 2515      6F636B41 
 2515      6C6C00
 2516              	.LASF61:
 2517 0183 6E657770 		.ascii	"newprio\000"
 2517      72696F00 
 2518              	.LASF17:
 2519 018b 746D6F64 		.ascii	"tmode_t\000"
 2519      655F7400 
 2520              	.LASF38:
 2521 0193 54687265 		.ascii	"ThreadsList\000"
 2521      6164734C 
 2521      69737400 
 2522              	.LASF22:
 2523 019f 6576656E 		.ascii	"eventmask_t\000"
 2523      746D6173 
 2523      6B5F7400 
 2524              	.LASF59:
 2525 01ab 63684D74 		.ascii	"chMtxTryLock\000"
 2525      78547279 
 2525      4C6F636B 
 2525      00
 2526              	.LASF48:
 2527 01b8 4D757465 		.ascii	"Mutex\000"
 2527      7800
 2528              	.LASF42:
 2529 01be 73697A65 		.ascii	"sizetype\000"
 2529      74797065 
 2529      00
 2530              	.LASF58:
 2531 01c7 63684D74 		.ascii	"chMtxLock\000"
 2531      784C6F63 
 2531      6B00
ARM GAS  /tmp/ccBydNau.s 			page 47


 2532              	.LASF69:
 2533 01d1 6669666F 		.ascii	"fifo_remove\000"
 2533      5F72656D 
 2533      6F766500 
 2534              	.LASF45:
 2535 01dd 725F6374 		.ascii	"r_ctx\000"
 2535      7800
 2536              	.LASF37:
 2537 01e3 54687265 		.ascii	"ThreadsQueue\000"
 2537      61647351 
 2537      75657565 
 2537      00
 2538              	.LASF67:
 2539 01f0 64657175 		.ascii	"dequeue\000"
 2539      65756500 
 2540              	.LASF46:
 2541 01f8 725F6375 		.ascii	"r_current\000"
 2541      7272656E 
 2541      7400
 2542              	.LASF25:
 2543 0202 705F7072 		.ascii	"p_prev\000"
 2543      657600
 2544              	.LASF20:
 2545 0209 74707269 		.ascii	"tprio_t\000"
 2545      6F5F7400 
 2546              	.LASF71:
 2547 0211 474E5520 		.ascii	"GNU C 4.8.4 20141219 (release) -mcpu=cortex-m3 -mno"
 2547      4320342E 
 2547      382E3420 
 2547      32303134 
 2547      31323139 
 2548 0244 2D746875 		.ascii	"-thumb-interwork -mthumb -ggdb -O2 -fomit-frame-poi"
 2548      6D622D69 
 2548      6E746572 
 2548      776F726B 
 2548      202D6D74 
 2549 0277 6E746572 		.ascii	"nter -falign-functions=16 -ffunction-sections -fdat"
 2549      202D6661 
 2549      6C69676E 
 2549      2D66756E 
 2549      6374696F 
 2550 02aa 612D7365 		.ascii	"a-sections -fno-common -fno-strict-aliasing\000"
 2550      6374696F 
 2550      6E73202D 
 2550      666E6F2D 
 2550      636F6D6D 
 2551              	.LASF16:
 2552 02d6 5F426F6F 		.ascii	"_Bool\000"
 2552      6C00
 2553              	.LASF13:
 2554 02dc 696E7433 		.ascii	"int32_t\000"
 2554      325F7400 
 2555              	.LASF2:
 2556 02e4 756E7369 		.ascii	"unsigned char\000"
 2556      676E6564 
 2556      20636861 
 2556      7200
ARM GAS  /tmp/ccBydNau.s 			page 48


 2557              	.LASF35:
 2558 02f2 705F6D74 		.ascii	"p_mtxlist\000"
 2558      786C6973 
 2558      7400
 2559              	.LASF3:
 2560 02fc 73686F72 		.ascii	"short int\000"
 2560      7420696E 
 2560      7400
 2561              	.LASF28:
 2562 0306 705F7374 		.ascii	"p_state\000"
 2562      61746500 
 2563              	.LASF30:
 2564 030e 705F7072 		.ascii	"p_preempt\000"
 2564      65656D70 
 2564      7400
 2565              	.LASF44:
 2566 0318 725F7072 		.ascii	"r_prio\000"
 2566      696F00
 2567              	.LASF55:
 2568 031f 65776D61 		.ascii	"ewmask\000"
 2568      736B00
 2569              	.LASF24:
 2570 0326 705F6E65 		.ascii	"p_next\000"
 2570      787400
 2571              	.LASF29:
 2572 032d 705F666C 		.ascii	"p_flags\000"
 2572      61677300 
 2573              	.LASF23:
 2574 0335 54687265 		.ascii	"Thread\000"
 2574      616400
 2575              	.LASF65:
 2576 033c 63685363 		.ascii	"chSchGoSleepS\000"
 2576      68476F53 
 2576      6C656570 
 2576      5300
 2577              	.LASF34:
 2578 034a 705F6570 		.ascii	"p_epending\000"
 2578      656E6469 
 2578      6E6700
 2579              	.LASF14:
 2580 0355 75696E74 		.ascii	"uint32_t\000"
 2580      33325F74 
 2580      00
 2581              	.LASF43:
 2582 035e 725F7175 		.ascii	"r_queue\000"
 2582      65756500 
 2583              	.LASF68:
 2584 0366 63685363 		.ascii	"chSchReadyI\000"
 2584      68526561 
 2584      64794900 
 2585              	.LASF51:
 2586 0372 6D5F6E65 		.ascii	"m_next\000"
 2586      787400
 2587              	.LASF36:
 2588 0379 705F7265 		.ascii	"p_realprio\000"
 2588      616C7072 
 2588      696F00
ARM GAS  /tmp/ccBydNau.s 			page 49


 2589              	.LASF6:
 2590 0384 5F5F696E 		.ascii	"__int32_t\000"
 2590      7433325F 
 2590      7400
 2591              	.LASF41:
 2592 038e 636F6E74 		.ascii	"context\000"
 2592      65787400 
 2593              	.LASF72:
 2594 0396 2E2E2F6F 		.ascii	"../os/kernel/src/chmtx.c\000"
 2594      732F6B65 
 2594      726E656C 
 2594      2F737263 
 2594      2F63686D 
 2595              	.LASF40:
 2596 03af 696E7463 		.ascii	"intctx\000"
 2596      747800
 2597              	.LASF32:
 2598 03b6 705F6D73 		.ascii	"p_msgqueue\000"
 2598      67717565 
 2598      756500
 2599              	.LASF70:
 2600 03c1 63685363 		.ascii	"chSchWakeupS\000"
 2600      6857616B 
 2600      65757053 
 2600      00
 2601              	.LASF56:
 2602 03ce 63684D74 		.ascii	"chMtxInit\000"
 2602      78496E69 
 2602      7400
 2603              	.LASF47:
 2604 03d8 52656164 		.ascii	"ReadyList\000"
 2604      794C6973 
 2604      7400
 2605              	.LASF74:
 2606 03e2 726C6973 		.ascii	"rlist\000"
 2606      7400
 2607              	.LASF12:
 2608 03e8 75696E74 		.ascii	"uint8_t\000"
 2608      385F7400 
 2609              	.LASF54:
 2610 03f0 77746F62 		.ascii	"wtobjp\000"
 2610      6A7000
 2611              	.LASF50:
 2612 03f7 6D5F6F77 		.ascii	"m_owner\000"
 2612      6E657200 
 2613              	.LASF27:
 2614 03ff 705F6374 		.ascii	"p_ctx\000"
 2614      7800
 2615              	.LASF31:
 2616 0405 705F7761 		.ascii	"p_waiting\000"
 2616      6974696E 
 2616      6700
 2617              		.ident	"GCC: (4.8.4-1+11-1) 4.8.4 20141219 (release)"
ARM GAS  /tmp/ccBydNau.s 			page 50


DEFINED SYMBOLS
                            *ABS*:0000000000000000 chmtx.c
     /tmp/ccBydNau.s:19     .text.chMtxInit:0000000000000000 $t
     /tmp/ccBydNau.s:25     .text.chMtxInit:0000000000000000 chMtxInit
     /tmp/ccBydNau.s:46     .text.chMtxLockS:0000000000000000 $t
     /tmp/ccBydNau.s:52     .text.chMtxLockS:0000000000000000 chMtxLockS
     /tmp/ccBydNau.s:167    .text.chMtxLockS:0000000000000074 $d
     /tmp/ccBydNau.s:172    .text.chMtxLock:0000000000000000 $t
     /tmp/ccBydNau.s:178    .text.chMtxLock:0000000000000000 chMtxLock
     /tmp/ccBydNau.s:207    .text.chMtxTryLock:0000000000000000 $t
     /tmp/ccBydNau.s:213    .text.chMtxTryLock:0000000000000000 chMtxTryLock
     /tmp/ccBydNau.s:279    .text.chMtxTryLock:0000000000000030 $d
     /tmp/ccBydNau.s:284    .text.chMtxTryLockS:0000000000000000 $t
     /tmp/ccBydNau.s:290    .text.chMtxTryLockS:0000000000000000 chMtxTryLockS
     /tmp/ccBydNau.s:331    .text.chMtxTryLockS:0000000000000020 $d
     /tmp/ccBydNau.s:336    .text.chMtxUnlock:0000000000000000 $t
     /tmp/ccBydNau.s:342    .text.chMtxUnlock:0000000000000000 chMtxUnlock
     /tmp/ccBydNau.s:443    .text.chMtxUnlock:0000000000000058 $d
     /tmp/ccBydNau.s:448    .text.chMtxUnlockS:0000000000000000 $t
     /tmp/ccBydNau.s:454    .text.chMtxUnlockS:0000000000000000 chMtxUnlockS
     /tmp/ccBydNau.s:537    .text.chMtxUnlockS:000000000000004c $d
     /tmp/ccBydNau.s:542    .text.chMtxUnlockAll:0000000000000000 $t
     /tmp/ccBydNau.s:548    .text.chMtxUnlockAll:0000000000000000 chMtxUnlockAll
     /tmp/ccBydNau.s:640    .text.chMtxUnlockAll:0000000000000048 $d
                     .debug_frame:0000000000000010 $d
     /tmp/ccBydNau.s:171    .text.chMtxLockS:0000000000000078 $t
     /tmp/ccBydNau.s:283    .text.chMtxTryLock:0000000000000034 $t
     /tmp/ccBydNau.s:335    .text.chMtxTryLockS:0000000000000024 $t
     /tmp/ccBydNau.s:447    .text.chMtxUnlock:000000000000005c $t
     /tmp/ccBydNau.s:644    .text.chMtxUnlockAll:000000000000004c $t

UNDEFINED SYMBOLS
prio_insert
chSchGoSleepS
dequeue
chSchReadyI
rlist
_port_lock
_port_unlock
fifo_remove
chSchWakeupS
chSchRescheduleS
