ARM GAS  /tmp/ccENdww2.s 			page 1


   1              		.syntax unified
   2              		.cpu cortex-m3
   3              		.fpu softvfp
   4              		.eabi_attribute 20, 1
   5              		.eabi_attribute 21, 1
   6              		.eabi_attribute 23, 3
   7              		.eabi_attribute 24, 1
   8              		.eabi_attribute 25, 1
   9              		.eabi_attribute 26, 1
  10              		.eabi_attribute 30, 2
  11              		.eabi_attribute 34, 1
  12              		.eabi_attribute 18, 4
  13              		.thumb
  14              		.file	"chvt.c"
  15              		.text
  16              	.Ltext0:
  17              		.cfi_sections	.debug_frame
  18              		.section	.text._vt_init,"ax",%progbits
  19              		.align	2
  20              		.p2align 4,,15
  21              		.global	_vt_init
  22              		.thumb
  23              		.thumb_func
  24              		.type	_vt_init, %function
  25              	_vt_init:
  26              	.LFB0:
  27              		.file 1 "../os/kernel/src/chvt.c"
  28              		.loc 1 50 0
  29              		.cfi_startproc
  30              		@ args = 0, pretend = 0, frame = 0
  31              		@ frame_needed = 0, uses_anonymous_args = 0
  32              		@ link register save eliminated.
  33              		.loc 1 52 0
  34 0000 044B     		ldr	r3, .L2
  35              		.loc 1 53 0
  36 0002 4FF0FF31 		mov	r1, #-1
  37              		.loc 1 54 0
  38 0006 0022     		movs	r2, #0
  39              		.loc 1 52 0
  40 0008 5B60     		str	r3, [r3, #4]
  41 000a 1B60     		str	r3, [r3]
  42              		.loc 1 53 0
  43 000c 9960     		str	r1, [r3, #8]
  44              		.loc 1 54 0
  45 000e DA60     		str	r2, [r3, #12]
  46 0010 7047     		bx	lr
  47              	.L3:
  48 0012 00BF     		.align	2
  49              	.L2:
  50 0014 00000000 		.word	.LANCHOR0
  51              		.cfi_endproc
  52              	.LFE0:
  53              		.size	_vt_init, .-_vt_init
  54 0018 AFF30080 		.section	.text.chVTSetI,"ax",%progbits
  54      AFF30080 
  55              		.align	2
  56              		.p2align 4,,15
ARM GAS  /tmp/ccENdww2.s 			page 2


  57              		.global	chVTSetI
  58              		.thumb
  59              		.thumb_func
  60              		.type	chVTSetI, %function
  61              	chVTSetI:
  62              	.LFB1:
  63              		.loc 1 76 0
  64              		.cfi_startproc
  65              		@ args = 0, pretend = 0, frame = 0
  66              		@ frame_needed = 0, uses_anonymous_args = 0
  67              		@ link register save eliminated.
  68              	.LVL0:
  69 0000 30B4     		push	{r4, r5}
  70              		.cfi_def_cfa_offset 8
  71              		.cfi_offset 4, -8
  72              		.cfi_offset 5, -4
  73              		.loc 1 85 0
  74 0002 0C4D     		ldr	r5, .L9
  75              		.loc 1 83 0
  76 0004 0361     		str	r3, [r0, #16]
  77              		.loc 1 85 0
  78 0006 2C68     		ldr	r4, [r5]
  79              	.LVL1:
  80              		.loc 1 84 0
  81 0008 C260     		str	r2, [r0, #12]
  82              		.loc 1 86 0
  83 000a A368     		ldr	r3, [r4, #8]
  84              	.LVL2:
  85 000c 9942     		cmp	r1, r3
  86 000e 04D9     		bls	.L5
  87              	.L6:
  88              		.loc 1 88 0
  89 0010 2468     		ldr	r4, [r4]
  90              	.LVL3:
  91              		.loc 1 87 0
  92 0012 C91A     		subs	r1, r1, r3
  93              	.LVL4:
  94              		.loc 1 86 0
  95 0014 A368     		ldr	r3, [r4, #8]
  96 0016 8B42     		cmp	r3, r1
  97 0018 FAD3     		bcc	.L6
  98              	.L5:
  99              		.loc 1 91 0
 100 001a 0460     		str	r4, [r0]
 101 001c 6368     		ldr	r3, [r4, #4]
 102              		.loc 1 94 0
 103 001e AC42     		cmp	r4, r5
 104              		.loc 1 91 0
 105 0020 4360     		str	r3, [r0, #4]
 106              		.loc 1 92 0
 107 0022 6060     		str	r0, [r4, #4]
 108              	.LVL5:
 109 0024 1860     		str	r0, [r3]
 110              		.loc 1 93 0
 111 0026 8160     		str	r1, [r0, #8]
 112              		.loc 1 94 0
 113 0028 02D0     		beq	.L4
ARM GAS  /tmp/ccENdww2.s 			page 3


 114              		.loc 1 95 0
 115 002a A368     		ldr	r3, [r4, #8]
 116 002c 591A     		subs	r1, r3, r1
 117              	.LVL6:
 118 002e A160     		str	r1, [r4, #8]
 119              	.LVL7:
 120              	.L4:
 121              		.loc 1 96 0
 122 0030 30BC     		pop	{r4, r5}
 123              	.LVL8:
 124 0032 7047     		bx	lr
 125              	.L10:
 126              		.align	2
 127              	.L9:
 128 0034 00000000 		.word	.LANCHOR0
 129              		.cfi_endproc
 130              	.LFE1:
 131              		.size	chVTSetI, .-chVTSetI
 132 0038 AFF30080 		.section	.text.chVTResetI,"ax",%progbits
 132      AFF30080 
 133              		.align	2
 134              		.p2align 4,,15
 135              		.global	chVTResetI
 136              		.thumb
 137              		.thumb_func
 138              		.type	chVTResetI, %function
 139              	chVTResetI:
 140              	.LFB2:
 141              		.loc 1 106 0
 142              		.cfi_startproc
 143              		@ args = 0, pretend = 0, frame = 0
 144              		@ frame_needed = 0, uses_anonymous_args = 0
 145              		@ link register save eliminated.
 146              	.LVL9:
 147              		.loc 1 114 0
 148 0000 0368     		ldr	r3, [r0]
 149 0002 084A     		ldr	r2, .L13
 150 0004 9342     		cmp	r3, r2
 151 0006 04D0     		beq	.L12
 152              		.loc 1 115 0
 153 0008 9968     		ldr	r1, [r3, #8]
 154 000a 8268     		ldr	r2, [r0, #8]
 155 000c 0A44     		add	r2, r2, r1
 156 000e 9A60     		str	r2, [r3, #8]
 157 0010 0368     		ldr	r3, [r0]
 158              	.L12:
 159              		.loc 1 116 0
 160 0012 4268     		ldr	r2, [r0, #4]
 161              		.loc 1 118 0
 162 0014 0021     		movs	r1, #0
 163              		.loc 1 116 0
 164 0016 1360     		str	r3, [r2]
 165              		.loc 1 117 0
 166 0018 0368     		ldr	r3, [r0]
 167 001a 4268     		ldr	r2, [r0, #4]
 168 001c 5A60     		str	r2, [r3, #4]
 169              		.loc 1 118 0
ARM GAS  /tmp/ccENdww2.s 			page 4


 170 001e C160     		str	r1, [r0, #12]
 171 0020 7047     		bx	lr
 172              	.L14:
 173 0022 00BF     		.align	2
 174              	.L13:
 175 0024 00000000 		.word	.LANCHOR0
 176              		.cfi_endproc
 177              	.LFE2:
 178              		.size	chVTResetI, .-chVTResetI
 179              		.global	vtlist
 180 0028 AFF30080 		.section	.bss.vtlist,"aw",%nobits
 180      AFF30080 
 181              		.align	2
 182              		.set	.LANCHOR0,. + 0
 183              		.type	vtlist, %object
 184              		.size	vtlist, 16
 185              	vtlist:
 186 0000 00000000 		.space	16
 186      00000000 
 186      00000000 
 186      00000000 
 187              		.text
 188              	.Letext0:
 189              		.file 2 "/usr/include/newlib/machine/_default_types.h"
 190              		.file 3 "/usr/include/newlib/stdint.h"
 191              		.file 4 "../os/ports/GCC/ARMCMx/chtypes.h"
 192              		.file 5 "../os/kernel/include/chvt.h"
 193              		.section	.debug_info,"",%progbits
 194              	.Ldebug_info0:
 195 0000 F8010000 		.4byte	0x1f8
 196 0004 0400     		.2byte	0x4
 197 0006 00000000 		.4byte	.Ldebug_abbrev0
 198 000a 04       		.byte	0x4
 199 000b 01       		.uleb128 0x1
 200 000c 13000000 		.4byte	.LASF27
 201 0010 01       		.byte	0x1
 202 0011 5C010000 		.4byte	.LASF28
 203 0015 D8000000 		.4byte	.LASF29
 204 0019 00000000 		.4byte	.Ldebug_ranges0+0
 205 001d 00000000 		.4byte	0
 206 0021 00000000 		.4byte	.Ldebug_line0
 207 0025 02       		.uleb128 0x2
 208 0026 04       		.byte	0x4
 209 0027 05       		.byte	0x5
 210 0028 696E7400 		.ascii	"int\000"
 211 002c 03       		.uleb128 0x3
 212 002d 04       		.byte	0x4
 213 002e 07       		.byte	0x7
 214 002f A3010000 		.4byte	.LASF0
 215 0033 03       		.uleb128 0x3
 216 0034 01       		.byte	0x1
 217 0035 06       		.byte	0x6
 218 0036 37020000 		.4byte	.LASF1
 219 003a 03       		.uleb128 0x3
 220 003b 01       		.byte	0x1
 221 003c 08       		.byte	0x8
 222 003d 81010000 		.4byte	.LASF2
ARM GAS  /tmp/ccENdww2.s 			page 5


 223 0041 03       		.uleb128 0x3
 224 0042 02       		.byte	0x2
 225 0043 05       		.byte	0x5
 226 0044 13020000 		.4byte	.LASF3
 227 0048 03       		.uleb128 0x3
 228 0049 02       		.byte	0x2
 229 004a 07       		.byte	0x7
 230 004b 49010000 		.4byte	.LASF4
 231 004f 03       		.uleb128 0x3
 232 0050 04       		.byte	0x4
 233 0051 05       		.byte	0x5
 234 0052 2E020000 		.4byte	.LASF5
 235 0056 04       		.uleb128 0x4
 236 0057 98010000 		.4byte	.LASF9
 237 005b 02       		.byte	0x2
 238 005c 41       		.byte	0x41
 239 005d 61000000 		.4byte	0x61
 240 0061 03       		.uleb128 0x3
 241 0062 04       		.byte	0x4
 242 0063 07       		.byte	0x7
 243 0064 37010000 		.4byte	.LASF6
 244 0068 03       		.uleb128 0x3
 245 0069 08       		.byte	0x8
 246 006a 05       		.byte	0x5
 247 006b EF010000 		.4byte	.LASF7
 248 006f 03       		.uleb128 0x3
 249 0070 08       		.byte	0x8
 250 0071 07       		.byte	0x7
 251 0072 B0010000 		.4byte	.LASF8
 252 0076 04       		.uleb128 0x4
 253 0077 25020000 		.4byte	.LASF10
 254 007b 03       		.byte	0x3
 255 007c 42       		.byte	0x42
 256 007d 56000000 		.4byte	0x56
 257 0081 03       		.uleb128 0x3
 258 0082 01       		.byte	0x1
 259 0083 02       		.byte	0x2
 260 0084 5D020000 		.4byte	.LASF11
 261 0088 04       		.uleb128 0x4
 262 0089 09000000 		.4byte	.LASF12
 263 008d 04       		.byte	0x4
 264 008e 35       		.byte	0x35
 265 008f 76000000 		.4byte	0x76
 266 0093 05       		.uleb128 0x5
 267 0094 04       		.byte	0x4
 268 0095 03       		.uleb128 0x3
 269 0096 04       		.byte	0x4
 270 0097 07       		.byte	0x7
 271 0098 DB010000 		.4byte	.LASF13
 272 009c 04       		.uleb128 0x4
 273 009d 2E010000 		.4byte	.LASF14
 274 00a1 05       		.byte	0x5
 275 00a2 58       		.byte	0x58
 276 00a3 A7000000 		.4byte	0xa7
 277 00a7 06       		.uleb128 0x6
 278 00a8 04       		.byte	0x4
 279 00a9 AD000000 		.4byte	0xad
ARM GAS  /tmp/ccENdww2.s 			page 6


 280 00ad 07       		.uleb128 0x7
 281 00ae B8000000 		.4byte	0xb8
 282 00b2 08       		.uleb128 0x8
 283 00b3 93000000 		.4byte	0x93
 284 00b7 00       		.byte	0
 285 00b8 04       		.uleb128 0x4
 286 00b9 74010000 		.4byte	.LASF15
 287 00bd 05       		.byte	0x5
 288 00be 5D       		.byte	0x5d
 289 00bf C3000000 		.4byte	0xc3
 290 00c3 09       		.uleb128 0x9
 291 00c4 74010000 		.4byte	.LASF15
 292 00c8 14       		.byte	0x14
 293 00c9 05       		.byte	0x5
 294 00ca 64       		.byte	0x64
 295 00cb 0C010000 		.4byte	0x10c
 296 00cf 0A       		.uleb128 0xa
 297 00d0 4A020000 		.4byte	.LASF16
 298 00d4 05       		.byte	0x5
 299 00d5 65       		.byte	0x65
 300 00d6 0C010000 		.4byte	0x10c
 301 00da 00       		.byte	0
 302 00db 0A       		.uleb128 0xa
 303 00dc 1D020000 		.4byte	.LASF17
 304 00e0 05       		.byte	0x5
 305 00e1 67       		.byte	0x67
 306 00e2 0C010000 		.4byte	0x10c
 307 00e6 04       		.byte	0x4
 308 00e7 0A       		.uleb128 0xa
 309 00e8 D3010000 		.4byte	.LASF18
 310 00ec 05       		.byte	0x5
 311 00ed 69       		.byte	0x69
 312 00ee 88000000 		.4byte	0x88
 313 00f2 08       		.byte	0x8
 314 00f3 0A       		.uleb128 0xa
 315 00f4 FD010000 		.4byte	.LASF19
 316 00f8 05       		.byte	0x5
 317 00f9 6A       		.byte	0x6a
 318 00fa 9C000000 		.4byte	0x9c
 319 00fe 0C       		.byte	0xc
 320 00ff 0A       		.uleb128 0xa
 321 0100 0C020000 		.4byte	.LASF20
 322 0104 05       		.byte	0x5
 323 0105 6C       		.byte	0x6c
 324 0106 93000000 		.4byte	0x93
 325 010a 10       		.byte	0x10
 326 010b 00       		.byte	0
 327 010c 06       		.uleb128 0x6
 328 010d 04       		.byte	0x4
 329 010e B8000000 		.4byte	0xb8
 330 0112 0B       		.uleb128 0xb
 331 0113 10       		.byte	0x10
 332 0114 05       		.byte	0x5
 333 0115 76       		.byte	0x76
 334 0116 4B010000 		.4byte	0x14b
 335 011a 0A       		.uleb128 0xa
 336 011b 4A020000 		.4byte	.LASF16
ARM GAS  /tmp/ccENdww2.s 			page 7


 337 011f 05       		.byte	0x5
 338 0120 77       		.byte	0x77
 339 0121 0C010000 		.4byte	0x10c
 340 0125 00       		.byte	0
 341 0126 0A       		.uleb128 0xa
 342 0127 1D020000 		.4byte	.LASF17
 343 012b 05       		.byte	0x5
 344 012c 79       		.byte	0x79
 345 012d 0C010000 		.4byte	0x10c
 346 0131 04       		.byte	0x4
 347 0132 0A       		.uleb128 0xa
 348 0133 D3010000 		.4byte	.LASF18
 349 0137 05       		.byte	0x5
 350 0138 7B       		.byte	0x7b
 351 0139 88000000 		.4byte	0x88
 352 013d 08       		.byte	0x8
 353 013e 0A       		.uleb128 0xa
 354 013f E4010000 		.4byte	.LASF21
 355 0143 05       		.byte	0x5
 356 0144 7C       		.byte	0x7c
 357 0145 4B010000 		.4byte	0x14b
 358 0149 0C       		.byte	0xc
 359 014a 00       		.byte	0
 360 014b 0C       		.uleb128 0xc
 361 014c 88000000 		.4byte	0x88
 362 0150 04       		.uleb128 0x4
 363 0151 43020000 		.4byte	.LASF22
 364 0155 05       		.byte	0x5
 365 0156 7D       		.byte	0x7d
 366 0157 12010000 		.4byte	0x112
 367 015b 0D       		.uleb128 0xd
 368 015c 8F010000 		.4byte	.LASF30
 369 0160 01       		.byte	0x1
 370 0161 32       		.byte	0x32
 371 0162 00000000 		.4byte	.LFB0
 372 0166 18000000 		.4byte	.LFE0-.LFB0
 373 016a 01       		.uleb128 0x1
 374 016b 9C       		.byte	0x9c
 375 016c 0E       		.uleb128 0xe
 376 016d 00000000 		.4byte	.LASF25
 377 0171 01       		.byte	0x1
 378 0172 4C       		.byte	0x4c
 379 0173 00000000 		.4byte	.LFB1
 380 0177 38000000 		.4byte	.LFE1-.LFB1
 381 017b 01       		.uleb128 0x1
 382 017c 9C       		.byte	0x9c
 383 017d C7010000 		.4byte	0x1c7
 384 0181 0F       		.uleb128 0xf
 385 0182 76747000 		.ascii	"vtp\000"
 386 0186 01       		.byte	0x1
 387 0187 4C       		.byte	0x4c
 388 0188 0C010000 		.4byte	0x10c
 389 018c 01       		.uleb128 0x1
 390 018d 50       		.byte	0x50
 391 018e 10       		.uleb128 0x10
 392 018f CE010000 		.4byte	.LASF23
 393 0193 01       		.byte	0x1
ARM GAS  /tmp/ccENdww2.s 			page 8


 394 0194 4C       		.byte	0x4c
 395 0195 88000000 		.4byte	0x88
 396 0199 00000000 		.4byte	.LLST0
 397 019d 11       		.uleb128 0x11
 398 019e 05020000 		.4byte	.LASF24
 399 01a2 01       		.byte	0x1
 400 01a3 4C       		.byte	0x4c
 401 01a4 9C000000 		.4byte	0x9c
 402 01a8 01       		.uleb128 0x1
 403 01a9 52       		.byte	0x52
 404 01aa 12       		.uleb128 0x12
 405 01ab 70617200 		.ascii	"par\000"
 406 01af 01       		.byte	0x1
 407 01b0 4C       		.byte	0x4c
 408 01b1 93000000 		.4byte	0x93
 409 01b5 2A000000 		.4byte	.LLST1
 410 01b9 13       		.uleb128 0x13
 411 01ba 7000     		.ascii	"p\000"
 412 01bc 01       		.byte	0x1
 413 01bd 4D       		.byte	0x4d
 414 01be 0C010000 		.4byte	0x10c
 415 01c2 57000000 		.4byte	.LLST2
 416 01c6 00       		.byte	0
 417 01c7 0E       		.uleb128 0xe
 418 01c8 52020000 		.4byte	.LASF26
 419 01cc 01       		.byte	0x1
 420 01cd 6A       		.byte	0x6a
 421 01ce 00000000 		.4byte	.LFB2
 422 01d2 28000000 		.4byte	.LFE2-.LFB2
 423 01d6 01       		.uleb128 0x1
 424 01d7 9C       		.byte	0x9c
 425 01d8 EA010000 		.4byte	0x1ea
 426 01dc 0F       		.uleb128 0xf
 427 01dd 76747000 		.ascii	"vtp\000"
 428 01e1 01       		.byte	0x1
 429 01e2 6A       		.byte	0x6a
 430 01e3 0C010000 		.4byte	0x10c
 431 01e7 01       		.uleb128 0x1
 432 01e8 50       		.byte	0x50
 433 01e9 00       		.byte	0
 434 01ea 14       		.uleb128 0x14
 435 01eb C7010000 		.4byte	.LASF31
 436 01ef 01       		.byte	0x1
 437 01f0 2A       		.byte	0x2a
 438 01f1 50010000 		.4byte	0x150
 439 01f5 05       		.uleb128 0x5
 440 01f6 03       		.byte	0x3
 441 01f7 00000000 		.4byte	vtlist
 442 01fb 00       		.byte	0
 443              		.section	.debug_abbrev,"",%progbits
 444              	.Ldebug_abbrev0:
 445 0000 01       		.uleb128 0x1
 446 0001 11       		.uleb128 0x11
 447 0002 01       		.byte	0x1
 448 0003 25       		.uleb128 0x25
 449 0004 0E       		.uleb128 0xe
 450 0005 13       		.uleb128 0x13
ARM GAS  /tmp/ccENdww2.s 			page 9


 451 0006 0B       		.uleb128 0xb
 452 0007 03       		.uleb128 0x3
 453 0008 0E       		.uleb128 0xe
 454 0009 1B       		.uleb128 0x1b
 455 000a 0E       		.uleb128 0xe
 456 000b 55       		.uleb128 0x55
 457 000c 17       		.uleb128 0x17
 458 000d 11       		.uleb128 0x11
 459 000e 01       		.uleb128 0x1
 460 000f 10       		.uleb128 0x10
 461 0010 17       		.uleb128 0x17
 462 0011 00       		.byte	0
 463 0012 00       		.byte	0
 464 0013 02       		.uleb128 0x2
 465 0014 24       		.uleb128 0x24
 466 0015 00       		.byte	0
 467 0016 0B       		.uleb128 0xb
 468 0017 0B       		.uleb128 0xb
 469 0018 3E       		.uleb128 0x3e
 470 0019 0B       		.uleb128 0xb
 471 001a 03       		.uleb128 0x3
 472 001b 08       		.uleb128 0x8
 473 001c 00       		.byte	0
 474 001d 00       		.byte	0
 475 001e 03       		.uleb128 0x3
 476 001f 24       		.uleb128 0x24
 477 0020 00       		.byte	0
 478 0021 0B       		.uleb128 0xb
 479 0022 0B       		.uleb128 0xb
 480 0023 3E       		.uleb128 0x3e
 481 0024 0B       		.uleb128 0xb
 482 0025 03       		.uleb128 0x3
 483 0026 0E       		.uleb128 0xe
 484 0027 00       		.byte	0
 485 0028 00       		.byte	0
 486 0029 04       		.uleb128 0x4
 487 002a 16       		.uleb128 0x16
 488 002b 00       		.byte	0
 489 002c 03       		.uleb128 0x3
 490 002d 0E       		.uleb128 0xe
 491 002e 3A       		.uleb128 0x3a
 492 002f 0B       		.uleb128 0xb
 493 0030 3B       		.uleb128 0x3b
 494 0031 0B       		.uleb128 0xb
 495 0032 49       		.uleb128 0x49
 496 0033 13       		.uleb128 0x13
 497 0034 00       		.byte	0
 498 0035 00       		.byte	0
 499 0036 05       		.uleb128 0x5
 500 0037 0F       		.uleb128 0xf
 501 0038 00       		.byte	0
 502 0039 0B       		.uleb128 0xb
 503 003a 0B       		.uleb128 0xb
 504 003b 00       		.byte	0
 505 003c 00       		.byte	0
 506 003d 06       		.uleb128 0x6
 507 003e 0F       		.uleb128 0xf
ARM GAS  /tmp/ccENdww2.s 			page 10


 508 003f 00       		.byte	0
 509 0040 0B       		.uleb128 0xb
 510 0041 0B       		.uleb128 0xb
 511 0042 49       		.uleb128 0x49
 512 0043 13       		.uleb128 0x13
 513 0044 00       		.byte	0
 514 0045 00       		.byte	0
 515 0046 07       		.uleb128 0x7
 516 0047 15       		.uleb128 0x15
 517 0048 01       		.byte	0x1
 518 0049 27       		.uleb128 0x27
 519 004a 19       		.uleb128 0x19
 520 004b 01       		.uleb128 0x1
 521 004c 13       		.uleb128 0x13
 522 004d 00       		.byte	0
 523 004e 00       		.byte	0
 524 004f 08       		.uleb128 0x8
 525 0050 05       		.uleb128 0x5
 526 0051 00       		.byte	0
 527 0052 49       		.uleb128 0x49
 528 0053 13       		.uleb128 0x13
 529 0054 00       		.byte	0
 530 0055 00       		.byte	0
 531 0056 09       		.uleb128 0x9
 532 0057 13       		.uleb128 0x13
 533 0058 01       		.byte	0x1
 534 0059 03       		.uleb128 0x3
 535 005a 0E       		.uleb128 0xe
 536 005b 0B       		.uleb128 0xb
 537 005c 0B       		.uleb128 0xb
 538 005d 3A       		.uleb128 0x3a
 539 005e 0B       		.uleb128 0xb
 540 005f 3B       		.uleb128 0x3b
 541 0060 0B       		.uleb128 0xb
 542 0061 01       		.uleb128 0x1
 543 0062 13       		.uleb128 0x13
 544 0063 00       		.byte	0
 545 0064 00       		.byte	0
 546 0065 0A       		.uleb128 0xa
 547 0066 0D       		.uleb128 0xd
 548 0067 00       		.byte	0
 549 0068 03       		.uleb128 0x3
 550 0069 0E       		.uleb128 0xe
 551 006a 3A       		.uleb128 0x3a
 552 006b 0B       		.uleb128 0xb
 553 006c 3B       		.uleb128 0x3b
 554 006d 0B       		.uleb128 0xb
 555 006e 49       		.uleb128 0x49
 556 006f 13       		.uleb128 0x13
 557 0070 38       		.uleb128 0x38
 558 0071 0B       		.uleb128 0xb
 559 0072 00       		.byte	0
 560 0073 00       		.byte	0
 561 0074 0B       		.uleb128 0xb
 562 0075 13       		.uleb128 0x13
 563 0076 01       		.byte	0x1
 564 0077 0B       		.uleb128 0xb
ARM GAS  /tmp/ccENdww2.s 			page 11


 565 0078 0B       		.uleb128 0xb
 566 0079 3A       		.uleb128 0x3a
 567 007a 0B       		.uleb128 0xb
 568 007b 3B       		.uleb128 0x3b
 569 007c 0B       		.uleb128 0xb
 570 007d 01       		.uleb128 0x1
 571 007e 13       		.uleb128 0x13
 572 007f 00       		.byte	0
 573 0080 00       		.byte	0
 574 0081 0C       		.uleb128 0xc
 575 0082 35       		.uleb128 0x35
 576 0083 00       		.byte	0
 577 0084 49       		.uleb128 0x49
 578 0085 13       		.uleb128 0x13
 579 0086 00       		.byte	0
 580 0087 00       		.byte	0
 581 0088 0D       		.uleb128 0xd
 582 0089 2E       		.uleb128 0x2e
 583 008a 00       		.byte	0
 584 008b 3F       		.uleb128 0x3f
 585 008c 19       		.uleb128 0x19
 586 008d 03       		.uleb128 0x3
 587 008e 0E       		.uleb128 0xe
 588 008f 3A       		.uleb128 0x3a
 589 0090 0B       		.uleb128 0xb
 590 0091 3B       		.uleb128 0x3b
 591 0092 0B       		.uleb128 0xb
 592 0093 27       		.uleb128 0x27
 593 0094 19       		.uleb128 0x19
 594 0095 11       		.uleb128 0x11
 595 0096 01       		.uleb128 0x1
 596 0097 12       		.uleb128 0x12
 597 0098 06       		.uleb128 0x6
 598 0099 40       		.uleb128 0x40
 599 009a 18       		.uleb128 0x18
 600 009b 9742     		.uleb128 0x2117
 601 009d 19       		.uleb128 0x19
 602 009e 00       		.byte	0
 603 009f 00       		.byte	0
 604 00a0 0E       		.uleb128 0xe
 605 00a1 2E       		.uleb128 0x2e
 606 00a2 01       		.byte	0x1
 607 00a3 3F       		.uleb128 0x3f
 608 00a4 19       		.uleb128 0x19
 609 00a5 03       		.uleb128 0x3
 610 00a6 0E       		.uleb128 0xe
 611 00a7 3A       		.uleb128 0x3a
 612 00a8 0B       		.uleb128 0xb
 613 00a9 3B       		.uleb128 0x3b
 614 00aa 0B       		.uleb128 0xb
 615 00ab 27       		.uleb128 0x27
 616 00ac 19       		.uleb128 0x19
 617 00ad 11       		.uleb128 0x11
 618 00ae 01       		.uleb128 0x1
 619 00af 12       		.uleb128 0x12
 620 00b0 06       		.uleb128 0x6
 621 00b1 40       		.uleb128 0x40
ARM GAS  /tmp/ccENdww2.s 			page 12


 622 00b2 18       		.uleb128 0x18
 623 00b3 9742     		.uleb128 0x2117
 624 00b5 19       		.uleb128 0x19
 625 00b6 01       		.uleb128 0x1
 626 00b7 13       		.uleb128 0x13
 627 00b8 00       		.byte	0
 628 00b9 00       		.byte	0
 629 00ba 0F       		.uleb128 0xf
 630 00bb 05       		.uleb128 0x5
 631 00bc 00       		.byte	0
 632 00bd 03       		.uleb128 0x3
 633 00be 08       		.uleb128 0x8
 634 00bf 3A       		.uleb128 0x3a
 635 00c0 0B       		.uleb128 0xb
 636 00c1 3B       		.uleb128 0x3b
 637 00c2 0B       		.uleb128 0xb
 638 00c3 49       		.uleb128 0x49
 639 00c4 13       		.uleb128 0x13
 640 00c5 02       		.uleb128 0x2
 641 00c6 18       		.uleb128 0x18
 642 00c7 00       		.byte	0
 643 00c8 00       		.byte	0
 644 00c9 10       		.uleb128 0x10
 645 00ca 05       		.uleb128 0x5
 646 00cb 00       		.byte	0
 647 00cc 03       		.uleb128 0x3
 648 00cd 0E       		.uleb128 0xe
 649 00ce 3A       		.uleb128 0x3a
 650 00cf 0B       		.uleb128 0xb
 651 00d0 3B       		.uleb128 0x3b
 652 00d1 0B       		.uleb128 0xb
 653 00d2 49       		.uleb128 0x49
 654 00d3 13       		.uleb128 0x13
 655 00d4 02       		.uleb128 0x2
 656 00d5 17       		.uleb128 0x17
 657 00d6 00       		.byte	0
 658 00d7 00       		.byte	0
 659 00d8 11       		.uleb128 0x11
 660 00d9 05       		.uleb128 0x5
 661 00da 00       		.byte	0
 662 00db 03       		.uleb128 0x3
 663 00dc 0E       		.uleb128 0xe
 664 00dd 3A       		.uleb128 0x3a
 665 00de 0B       		.uleb128 0xb
 666 00df 3B       		.uleb128 0x3b
 667 00e0 0B       		.uleb128 0xb
 668 00e1 49       		.uleb128 0x49
 669 00e2 13       		.uleb128 0x13
 670 00e3 02       		.uleb128 0x2
 671 00e4 18       		.uleb128 0x18
 672 00e5 00       		.byte	0
 673 00e6 00       		.byte	0
 674 00e7 12       		.uleb128 0x12
 675 00e8 05       		.uleb128 0x5
 676 00e9 00       		.byte	0
 677 00ea 03       		.uleb128 0x3
 678 00eb 08       		.uleb128 0x8
ARM GAS  /tmp/ccENdww2.s 			page 13


 679 00ec 3A       		.uleb128 0x3a
 680 00ed 0B       		.uleb128 0xb
 681 00ee 3B       		.uleb128 0x3b
 682 00ef 0B       		.uleb128 0xb
 683 00f0 49       		.uleb128 0x49
 684 00f1 13       		.uleb128 0x13
 685 00f2 02       		.uleb128 0x2
 686 00f3 17       		.uleb128 0x17
 687 00f4 00       		.byte	0
 688 00f5 00       		.byte	0
 689 00f6 13       		.uleb128 0x13
 690 00f7 34       		.uleb128 0x34
 691 00f8 00       		.byte	0
 692 00f9 03       		.uleb128 0x3
 693 00fa 08       		.uleb128 0x8
 694 00fb 3A       		.uleb128 0x3a
 695 00fc 0B       		.uleb128 0xb
 696 00fd 3B       		.uleb128 0x3b
 697 00fe 0B       		.uleb128 0xb
 698 00ff 49       		.uleb128 0x49
 699 0100 13       		.uleb128 0x13
 700 0101 02       		.uleb128 0x2
 701 0102 17       		.uleb128 0x17
 702 0103 00       		.byte	0
 703 0104 00       		.byte	0
 704 0105 14       		.uleb128 0x14
 705 0106 34       		.uleb128 0x34
 706 0107 00       		.byte	0
 707 0108 03       		.uleb128 0x3
 708 0109 0E       		.uleb128 0xe
 709 010a 3A       		.uleb128 0x3a
 710 010b 0B       		.uleb128 0xb
 711 010c 3B       		.uleb128 0x3b
 712 010d 0B       		.uleb128 0xb
 713 010e 49       		.uleb128 0x49
 714 010f 13       		.uleb128 0x13
 715 0110 3F       		.uleb128 0x3f
 716 0111 19       		.uleb128 0x19
 717 0112 02       		.uleb128 0x2
 718 0113 18       		.uleb128 0x18
 719 0114 00       		.byte	0
 720 0115 00       		.byte	0
 721 0116 00       		.byte	0
 722              		.section	.debug_loc,"",%progbits
 723              	.Ldebug_loc0:
 724              	.LLST0:
 725 0000 00000000 		.4byte	.LVL0
 726 0004 14000000 		.4byte	.LVL4
 727 0008 0100     		.2byte	0x1
 728 000a 51       		.byte	0x51
 729 000b 14000000 		.4byte	.LVL4
 730 000f 2E000000 		.4byte	.LVL6
 731 0013 0100     		.2byte	0x1
 732 0015 51       		.byte	0x51
 733 0016 2E000000 		.4byte	.LVL6
 734 001a 30000000 		.4byte	.LVL7
 735 001e 0200     		.2byte	0x2
ARM GAS  /tmp/ccENdww2.s 			page 14


 736 0020 70       		.byte	0x70
 737 0021 08       		.sleb128 8
 738 0022 00000000 		.4byte	0
 739 0026 00000000 		.4byte	0
 740              	.LLST1:
 741 002a 00000000 		.4byte	.LVL0
 742 002e 0C000000 		.4byte	.LVL2
 743 0032 0100     		.2byte	0x1
 744 0034 53       		.byte	0x53
 745 0035 0C000000 		.4byte	.LVL2
 746 0039 24000000 		.4byte	.LVL5
 747 003d 0200     		.2byte	0x2
 748 003f 70       		.byte	0x70
 749 0040 10       		.sleb128 16
 750 0041 24000000 		.4byte	.LVL5
 751 0045 38000000 		.4byte	.LFE1
 752 0049 0400     		.2byte	0x4
 753 004b F3       		.byte	0xf3
 754 004c 01       		.uleb128 0x1
 755 004d 53       		.byte	0x53
 756 004e 9F       		.byte	0x9f
 757 004f 00000000 		.4byte	0
 758 0053 00000000 		.4byte	0
 759              	.LLST2:
 760 0057 08000000 		.4byte	.LVL1
 761 005b 12000000 		.4byte	.LVL3
 762 005f 0100     		.2byte	0x1
 763 0061 54       		.byte	0x54
 764 0062 14000000 		.4byte	.LVL4
 765 0066 32000000 		.4byte	.LVL8
 766 006a 0100     		.2byte	0x1
 767 006c 54       		.byte	0x54
 768 006d 00000000 		.4byte	0
 769 0071 00000000 		.4byte	0
 770              		.section	.debug_aranges,"",%progbits
 771 0000 2C000000 		.4byte	0x2c
 772 0004 0200     		.2byte	0x2
 773 0006 00000000 		.4byte	.Ldebug_info0
 774 000a 04       		.byte	0x4
 775 000b 00       		.byte	0
 776 000c 0000     		.2byte	0
 777 000e 0000     		.2byte	0
 778 0010 00000000 		.4byte	.LFB0
 779 0014 18000000 		.4byte	.LFE0-.LFB0
 780 0018 00000000 		.4byte	.LFB1
 781 001c 38000000 		.4byte	.LFE1-.LFB1
 782 0020 00000000 		.4byte	.LFB2
 783 0024 28000000 		.4byte	.LFE2-.LFB2
 784 0028 00000000 		.4byte	0
 785 002c 00000000 		.4byte	0
 786              		.section	.debug_ranges,"",%progbits
 787              	.Ldebug_ranges0:
 788 0000 00000000 		.4byte	.LFB0
 789 0004 18000000 		.4byte	.LFE0
 790 0008 00000000 		.4byte	.LFB1
 791 000c 38000000 		.4byte	.LFE1
 792 0010 00000000 		.4byte	.LFB2
ARM GAS  /tmp/ccENdww2.s 			page 15


 793 0014 28000000 		.4byte	.LFE2
 794 0018 00000000 		.4byte	0
 795 001c 00000000 		.4byte	0
 796              		.section	.debug_line,"",%progbits
 797              	.Ldebug_line0:
 798 0000 15010000 		.section	.debug_str,"MS",%progbits,1
 798      0200C100 
 798      00000201 
 798      FB0E0D00 
 798      01010101 
 799              	.LASF25:
 800 0000 63685654 		.ascii	"chVTSetI\000"
 800      53657449 
 800      00
 801              	.LASF12:
 802 0009 73797374 		.ascii	"systime_t\000"
 802      696D655F 
 802      7400
 803              	.LASF27:
 804 0013 474E5520 		.ascii	"GNU C 4.8.4 20141219 (release) -mcpu=cortex-m3 -mno"
 804      4320342E 
 804      382E3420 
 804      32303134 
 804      31323139 
 805 0046 2D746875 		.ascii	"-thumb-interwork -mthumb -ggdb -O2 -fomit-frame-poi"
 805      6D622D69 
 805      6E746572 
 805      776F726B 
 805      202D6D74 
 806 0079 6E746572 		.ascii	"nter -falign-functions=16 -ffunction-sections -fdat"
 806      202D6661 
 806      6C69676E 
 806      2D66756E 
 806      6374696F 
 807 00ac 612D7365 		.ascii	"a-sections -fno-common -fno-strict-aliasing\000"
 807      6374696F 
 807      6E73202D 
 807      666E6F2D 
 807      636F6D6D 
 808              	.LASF29:
 809 00d8 2F686F6D 		.ascii	"/home/dltech-deb/gdrive/Projects/RFM_to_Modbus_TCP/"
 809      652F646C 
 809      74656368 
 809      2D646562 
 809      2F676472 
 810 010b 43686962 		.ascii	"ChibiOS/F103_ChibiOS_ENC60J28/main\000"
 810      694F532F 
 810      46313033 
 810      5F436869 
 810      62694F53 
 811              	.LASF14:
 812 012e 76746675 		.ascii	"vtfunc_t\000"
 812      6E635F74 
 812      00
 813              	.LASF6:
 814 0137 6C6F6E67 		.ascii	"long unsigned int\000"
 814      20756E73 
ARM GAS  /tmp/ccENdww2.s 			page 16


 814      69676E65 
 814      6420696E 
 814      7400
 815              	.LASF4:
 816 0149 73686F72 		.ascii	"short unsigned int\000"
 816      7420756E 
 816      7369676E 
 816      65642069 
 816      6E7400
 817              	.LASF28:
 818 015c 2E2E2F6F 		.ascii	"../os/kernel/src/chvt.c\000"
 818      732F6B65 
 818      726E656C 
 818      2F737263 
 818      2F636876 
 819              	.LASF15:
 820 0174 56697274 		.ascii	"VirtualTimer\000"
 820      75616C54 
 820      696D6572 
 820      00
 821              	.LASF2:
 822 0181 756E7369 		.ascii	"unsigned char\000"
 822      676E6564 
 822      20636861 
 822      7200
 823              	.LASF30:
 824 018f 5F76745F 		.ascii	"_vt_init\000"
 824      696E6974 
 824      00
 825              	.LASF9:
 826 0198 5F5F7569 		.ascii	"__uint32_t\000"
 826      6E743332 
 826      5F7400
 827              	.LASF0:
 828 01a3 756E7369 		.ascii	"unsigned int\000"
 828      676E6564 
 828      20696E74 
 828      00
 829              	.LASF8:
 830 01b0 6C6F6E67 		.ascii	"long long unsigned int\000"
 830      206C6F6E 
 830      6720756E 
 830      7369676E 
 830      65642069 
 831              	.LASF31:
 832 01c7 76746C69 		.ascii	"vtlist\000"
 832      737400
 833              	.LASF23:
 834 01ce 74696D65 		.ascii	"time\000"
 834      00
 835              	.LASF18:
 836 01d3 76745F74 		.ascii	"vt_time\000"
 836      696D6500 
 837              	.LASF13:
 838 01db 73697A65 		.ascii	"sizetype\000"
 838      74797065 
 838      00
ARM GAS  /tmp/ccENdww2.s 			page 17


 839              	.LASF21:
 840 01e4 76745F73 		.ascii	"vt_systime\000"
 840      79737469 
 840      6D6500
 841              	.LASF7:
 842 01ef 6C6F6E67 		.ascii	"long long int\000"
 842      206C6F6E 
 842      6720696E 
 842      7400
 843              	.LASF19:
 844 01fd 76745F66 		.ascii	"vt_func\000"
 844      756E6300 
 845              	.LASF24:
 846 0205 76746675 		.ascii	"vtfunc\000"
 846      6E6300
 847              	.LASF20:
 848 020c 76745F70 		.ascii	"vt_par\000"
 848      617200
 849              	.LASF3:
 850 0213 73686F72 		.ascii	"short int\000"
 850      7420696E 
 850      7400
 851              	.LASF17:
 852 021d 76745F70 		.ascii	"vt_prev\000"
 852      72657600 
 853              	.LASF10:
 854 0225 75696E74 		.ascii	"uint32_t\000"
 854      33325F74 
 854      00
 855              	.LASF5:
 856 022e 6C6F6E67 		.ascii	"long int\000"
 856      20696E74 
 856      00
 857              	.LASF1:
 858 0237 7369676E 		.ascii	"signed char\000"
 858      65642063 
 858      68617200 
 859              	.LASF22:
 860 0243 56544C69 		.ascii	"VTList\000"
 860      737400
 861              	.LASF16:
 862 024a 76745F6E 		.ascii	"vt_next\000"
 862      65787400 
 863              	.LASF26:
 864 0252 63685654 		.ascii	"chVTResetI\000"
 864      52657365 
 864      744900
 865              	.LASF11:
 866 025d 5F426F6F 		.ascii	"_Bool\000"
 866      6C00
 867              		.ident	"GCC: (4.8.4-1+11-1) 4.8.4 20141219 (release)"
ARM GAS  /tmp/ccENdww2.s 			page 18


DEFINED SYMBOLS
                            *ABS*:0000000000000000 chvt.c
     /tmp/ccENdww2.s:19     .text._vt_init:0000000000000000 $t
     /tmp/ccENdww2.s:25     .text._vt_init:0000000000000000 _vt_init
     /tmp/ccENdww2.s:50     .text._vt_init:0000000000000014 $d
     /tmp/ccENdww2.s:55     .text.chVTSetI:0000000000000000 $t
     /tmp/ccENdww2.s:61     .text.chVTSetI:0000000000000000 chVTSetI
     /tmp/ccENdww2.s:128    .text.chVTSetI:0000000000000034 $d
     /tmp/ccENdww2.s:133    .text.chVTResetI:0000000000000000 $t
     /tmp/ccENdww2.s:139    .text.chVTResetI:0000000000000000 chVTResetI
     /tmp/ccENdww2.s:175    .text.chVTResetI:0000000000000024 $d
     /tmp/ccENdww2.s:185    .bss.vtlist:0000000000000000 vtlist
     /tmp/ccENdww2.s:181    .bss.vtlist:0000000000000000 $d
                     .debug_frame:0000000000000010 $d
     /tmp/ccENdww2.s:54     .text._vt_init:0000000000000018 $t
     /tmp/ccENdww2.s:132    .text.chVTSetI:0000000000000038 $t
     /tmp/ccENdww2.s:180    .text.chVTResetI:0000000000000028 $t

NO UNDEFINED SYMBOLS
