ARM GAS  /tmp/cckxwCVJ.s 			page 1


   1              		.syntax unified
   2              		.cpu cortex-m3
   3              		.fpu softvfp
   4              		.eabi_attribute 20, 1
   5              		.eabi_attribute 21, 1
   6              		.eabi_attribute 23, 3
   7              		.eabi_attribute 24, 1
   8              		.eabi_attribute 25, 1
   9              		.eabi_attribute 26, 1
  10              		.eabi_attribute 30, 2
  11              		.eabi_attribute 34, 1
  12              		.eabi_attribute 18, 4
  13              		.thumb
  14              		.file	"crt0.c"
  15              		.text
  16              	.Ltext0:
  17              		.cfi_sections	.debug_frame
  18              		.section	.text.__early_init,"ax",%progbits
  19              		.align	2
  20              		.p2align 4,,15
  21              		.weak	__early_init
  22              		.thumb
  23              		.thumb_func
  24              		.type	__early_init, %function
  25              	__early_init:
  26              	.LFB0:
  27              		.file 1 "../os/ports/GCC/ARMCMx/crt0.c"
  28              		.loc 1 234 0
  29              		.cfi_startproc
  30              		@ args = 0, pretend = 0, frame = 0
  31              		@ frame_needed = 0, uses_anonymous_args = 0
  32              		@ link register save eliminated.
  33 0000 7047     		bx	lr
  34              		.cfi_endproc
  35              	.LFE0:
  36              		.size	__early_init, .-__early_init
  37 0002 00BFAFF3 		.section	.text.__late_init,"ax",%progbits
  37      0080AFF3 
  37      0080AFF3 
  37      0080
  38              		.align	2
  39              		.p2align 4,,15
  40              		.weak	__late_init
  41              		.thumb
  42              		.thumb_func
  43              		.type	__late_init, %function
  44              	__late_init:
  45              	.LFB1:
  46              		.loc 1 246 0
  47              		.cfi_startproc
  48              		@ args = 0, pretend = 0, frame = 0
  49              		@ frame_needed = 0, uses_anonymous_args = 0
  50              		@ link register save eliminated.
  51 0000 7047     		bx	lr
  52              		.cfi_endproc
  53              	.LFE1:
  54              		.size	__late_init, .-__late_init
ARM GAS  /tmp/cckxwCVJ.s 			page 2


  55 0002 00BFAFF3 		.section	.text._default_exit,"ax",%progbits
  55      0080AFF3 
  55      0080AFF3 
  55      0080
  56              		.align	2
  57              		.p2align 4,,15
  58              		.weak	_default_exit
  59              		.thumb
  60              		.thumb_func
  61              		.type	_default_exit, %function
  62              	_default_exit:
  63              	.LFB2:
  64              		.loc 1 257 0
  65              		.cfi_startproc
  66              		@ Naked Function: prologue and epilogue provided by programmer.
  67              		@ args = 0, pretend = 0, frame = 0
  68              		@ frame_needed = 0, uses_anonymous_args = 0
  69              	.L4:
  70 0000 FEE7     		b	.L4
  71              		.cfi_endproc
  72              	.LFE2:
  73              		.size	_default_exit, .-_default_exit
  74 0002 00BFAFF3 		.section	.text.ResetHandler,"ax",%progbits
  74      0080AFF3 
  74      0080AFF3 
  74      0080
  75              		.align	2
  76              		.p2align 4,,15
  77              		.global	ResetHandler
  78              		.thumb
  79              		.thumb_func
  80              		.type	ResetHandler, %function
  81              	ResetHandler:
  82              	.LFB3:
  83              		.loc 1 268 0
  84              		.cfi_startproc
  85              		@ Naked Function: prologue and epilogue provided by programmer.
  86              		@ args = 0, pretend = 0, frame = 0
  87              		@ frame_needed = 0, uses_anonymous_args = 0
  88              		.loc 1 274 0
  89              	@ 274 "../os/ports/GCC/ARMCMx/crt0.c" 1
  90 0000 72B6     		cpsid   i
  91              	@ 0 "" 2
  92              		.loc 1 275 0
  93              		.thumb
  94 0002 3048     		ldr	r0, .L27
  95              	.LVL0:
  96              		.loc 1 276 0
  97              	@ 276 "../os/ports/GCC/ARMCMx/crt0.c" 1
  98 0004 80F30988 		msr     PSP, r0
  99              	@ 0 "" 2
 100              	.LVL1:
 101              		.loc 1 296 0
 102              		.thumb
 103 0008 0223     		movs	r3, #2
 104              	@ 296 "../os/ports/GCC/ARMCMx/crt0.c" 1
 105 000a 83F31488 		msr     CONTROL, r3
ARM GAS  /tmp/cckxwCVJ.s 			page 3


 106              	@ 0 "" 2
 107              		.loc 1 297 0
 108              	@ 297 "../os/ports/GCC/ARMCMx/crt0.c" 1
 109 000e BFF36F8F 		isb
 110              	@ 0 "" 2
 111              	.LVL2:
 112              		.thumb
 113              	.LBB2:
 114              		.loc 1 301 0
 115 0012 2D4B     		ldr	r3, .L27+4
 116 0014 2D4A     		ldr	r2, .L27+8
 117 0016 9342     		cmp	r3, r2
 118 0018 0BD2     		bcs	.L9
 119 001a D943     		mvns	r1, r3
 120 001c 1144     		add	r1, r1, r2
 121 001e 21F00301 		bic	r1, r1, #3
 122 0022 1944     		add	r1, r1, r3
 123 0024 4FF05532 		mov	r2, #1431655765
 124 0028 043B     		subs	r3, r3, #4
 125              	.LVL3:
 126              	.L10:
 127              		.loc 1 301 0 is_stmt 0 discriminator 2
 128 002a 43F8042F 		str	r2, [r3, #4]!
 129              	.LVL4:
 130 002e 8B42     		cmp	r3, r1
 131 0030 FBD1     		bne	.L10
 132              	.LVL5:
 133              	.L9:
 134              	.LBE2:
 135              	.LBB3:
 136              		.loc 1 304 0 is_stmt 1
 137 0032 274B     		ldr	r3, .L27+12
 138 0034 8342     		cmp	r3, r0
 139 0036 0CD2     		bcs	.L8
 140 0038 2649     		ldr	r1, .L27+16
 141 003a 1A1D     		adds	r2, r3, #4
 142 003c 891A     		subs	r1, r1, r2
 143 003e 21F00301 		bic	r1, r1, #3
 144 0042 1944     		add	r1, r1, r3
 145 0044 4FF05532 		mov	r2, #1431655765
 146 0048 043B     		subs	r3, r3, #4
 147              	.LVL6:
 148              	.L13:
 149              		.loc 1 304 0 is_stmt 0 discriminator 2
 150 004a 43F8042F 		str	r2, [r3, #4]!
 151              	.LVL7:
 152 004e 8B42     		cmp	r3, r1
 153 0050 FBD1     		bne	.L13
 154              	.LVL8:
 155              	.L8:
 156              	.LBE3:
 157              		.loc 1 310 0 is_stmt 1
 158 0052 FFF7FEFF 		bl	__early_init
 159              	.LVL9:
 160              	.LBB4:
 161              		.loc 1 319 0
 162 0056 2049     		ldr	r1, .L27+20
ARM GAS  /tmp/cckxwCVJ.s 			page 4


 163 0058 204B     		ldr	r3, .L27+24
 164 005a 9942     		cmp	r1, r3
 165 005c 0BD2     		bcs	.L12
 166 005e C843     		mvns	r0, r1
 167 0060 1844     		add	r0, r0, r3
 168 0062 20F00300 		bic	r0, r0, #3
 169 0066 1E4C     		ldr	r4, .L27+28
 170 0068 0430     		adds	r0, r0, #4
 171 006a 0023     		movs	r3, #0
 172              	.LVL10:
 173              	.L16:
 174              		.loc 1 320 0
 175 006c E258     		ldr	r2, [r4, r3]
 176 006e CA50     		str	r2, [r1, r3]
 177 0070 0433     		adds	r3, r3, #4
 178              	.LVL11:
 179              		.loc 1 319 0
 180 0072 8342     		cmp	r3, r0
 181 0074 FAD1     		bne	.L16
 182              	.LVL12:
 183              	.L12:
 184              	.LBE4:
 185              	.LBB5:
 186              		.loc 1 326 0
 187 0076 1B4B     		ldr	r3, .L27+32
 188 0078 1B4A     		ldr	r2, .L27+36
 189 007a 9342     		cmp	r3, r2
 190 007c 0AD2     		bcs	.L15
 191 007e D943     		mvns	r1, r3
 192 0080 1144     		add	r1, r1, r2
 193 0082 21F00301 		bic	r1, r1, #3
 194 0086 1944     		add	r1, r1, r3
 195 0088 0022     		movs	r2, #0
 196 008a 043B     		subs	r3, r3, #4
 197              	.LVL13:
 198              	.L19:
 199              		.loc 1 326 0 is_stmt 0 discriminator 2
 200 008c 43F8042F 		str	r2, [r3, #4]!
 201              	.LVL14:
 202 0090 8B42     		cmp	r3, r1
 203 0092 FBD1     		bne	.L19
 204              	.LVL15:
 205              	.L15:
 206              	.LBE5:
 207              	.LBB6:
 208              		.loc 1 336 0 is_stmt 1
 209 0094 154D     		ldr	r5, .L27+40
 210 0096 164C     		ldr	r4, .L27+44
 211              	.LBE6:
 212              		.loc 1 330 0
 213 0098 FFF7FEFF 		bl	__late_init
 214              	.LVL16:
 215              	.LBB7:
 216              		.loc 1 336 0
 217 009c AC42     		cmp	r4, r5
 218 009e 04D2     		bcs	.L18
 219              	.LVL17:
ARM GAS  /tmp/cckxwCVJ.s 			page 5


 220              	.L22:
 221              		.loc 1 337 0
 222 00a0 54F8043B 		ldr	r3, [r4], #4
 223              	.LVL18:
 224 00a4 9847     		blx	r3
 225              	.LVL19:
 226              		.loc 1 336 0
 227 00a6 AC42     		cmp	r4, r5
 228 00a8 FAD3     		bcc	.L22
 229              	.LVL20:
 230              	.L18:
 231              	.LBE7:
 232              	.LBB8:
 233              		.loc 1 350 0
 234 00aa 124D     		ldr	r5, .L27+48
 235 00ac 124C     		ldr	r4, .L27+52
 236              	.LBE8:
 237              		.loc 1 344 0
 238 00ae FFF7FEFF 		bl	main
 239              	.LVL21:
 240              	.LBB9:
 241              		.loc 1 350 0
 242 00b2 AC42     		cmp	r4, r5
 243 00b4 04D2     		bcs	.L21
 244              	.LVL22:
 245              	.L23:
 246              		.loc 1 351 0
 247 00b6 54F8043B 		ldr	r3, [r4], #4
 248              	.LVL23:
 249 00ba 9847     		blx	r3
 250              	.LVL24:
 251              		.loc 1 350 0
 252 00bc AC42     		cmp	r4, r5
 253 00be FAD3     		bcc	.L23
 254              	.LVL25:
 255              	.L21:
 256              	.LBE9:
 257              		.loc 1 358 0
 258 00c0 FFF7FEFF 		bl	_default_exit
 259              	.LVL26:
 260              		.loc 1 359 0
 261              	.L28:
 262              		.align	2
 263              	.L27:
 264 00c4 00000000 		.word	__process_stack_end__
 265 00c8 00000000 		.word	__main_stack_base__
 266 00cc 00000000 		.word	__main_stack_end__
 267 00d0 00000000 		.word	__process_stack_base__
 268 00d4 03000000 		.word	__process_stack_end__+3
 269 00d8 00000000 		.word	_data
 270 00dc 00000000 		.word	_edata
 271 00e0 00000000 		.word	_textdata
 272 00e4 00000000 		.word	_bss_start
 273 00e8 00000000 		.word	_bss_end
 274 00ec 00000000 		.word	__init_array_end
 275 00f0 00000000 		.word	__init_array_start
 276 00f4 00000000 		.word	__fini_array_end
ARM GAS  /tmp/cckxwCVJ.s 			page 6


 277 00f8 00000000 		.word	__fini_array_start
 278              		.cfi_endproc
 279              	.LFE3:
 280              		.size	ResetHandler, .-ResetHandler
 281 00fc AFF30080 		.text
 282              	.Letext0:
 283              		.file 2 "/usr/include/newlib/machine/_default_types.h"
 284              		.file 3 "/usr/include/newlib/stdint.h"
 285              		.section	.debug_info,"",%progbits
 286              	.Ldebug_info0:
 287 0000 AB020000 		.4byte	0x2ab
 288 0004 0400     		.2byte	0x4
 289 0006 00000000 		.4byte	.Ldebug_abbrev0
 290 000a 04       		.byte	0x4
 291 000b 01       		.uleb128 0x1
 292 000c 94010000 		.4byte	.LASF31
 293 0010 01       		.byte	0x1
 294 0011 69010000 		.4byte	.LASF32
 295 0015 54000000 		.4byte	.LASF33
 296 0019 30000000 		.4byte	.Ldebug_ranges0+0x30
 297 001d 00000000 		.4byte	0
 298 0021 00000000 		.4byte	.Ldebug_line0
 299 0025 02       		.uleb128 0x2
 300 0026 01       		.byte	0x1
 301 0027 06       		.byte	0x6
 302 0028 AC020000 		.4byte	.LASF0
 303 002c 03       		.uleb128 0x3
 304 002d 0B000000 		.4byte	.LASF5
 305 0031 02       		.byte	0x2
 306 0032 1D       		.byte	0x1d
 307 0033 37000000 		.4byte	0x37
 308 0037 02       		.uleb128 0x2
 309 0038 01       		.byte	0x1
 310 0039 08       		.byte	0x8
 311 003a AA000000 		.4byte	.LASF1
 312 003e 02       		.uleb128 0x2
 313 003f 02       		.byte	0x2
 314 0040 05       		.byte	0x5
 315 0041 82020000 		.4byte	.LASF2
 316 0045 02       		.uleb128 0x2
 317 0046 02       		.byte	0x2
 318 0047 07       		.byte	0x7
 319 0048 E3000000 		.4byte	.LASF3
 320 004c 02       		.uleb128 0x2
 321 004d 04       		.byte	0x4
 322 004e 05       		.byte	0x5
 323 004f 9D020000 		.4byte	.LASF4
 324 0053 03       		.uleb128 0x3
 325 0054 23010000 		.4byte	.LASF6
 326 0058 02       		.byte	0x2
 327 0059 41       		.byte	0x41
 328 005a 5E000000 		.4byte	0x5e
 329 005e 02       		.uleb128 0x2
 330 005f 04       		.byte	0x4
 331 0060 07       		.byte	0x7
 332 0061 C4000000 		.4byte	.LASF7
 333 0065 02       		.uleb128 0x2
ARM GAS  /tmp/cckxwCVJ.s 			page 7


 334 0066 08       		.byte	0x8
 335 0067 05       		.byte	0x5
 336 0068 59020000 		.4byte	.LASF8
 337 006c 02       		.uleb128 0x2
 338 006d 08       		.byte	0x8
 339 006e 07       		.byte	0x7
 340 006f 40010000 		.4byte	.LASF9
 341 0073 04       		.uleb128 0x4
 342 0074 04       		.byte	0x4
 343 0075 05       		.byte	0x5
 344 0076 696E7400 		.ascii	"int\000"
 345 007a 02       		.uleb128 0x2
 346 007b 04       		.byte	0x4
 347 007c 07       		.byte	0x7
 348 007d 33010000 		.4byte	.LASF10
 349 0081 03       		.uleb128 0x3
 350 0082 57010000 		.4byte	.LASF11
 351 0086 03       		.byte	0x3
 352 0087 2A       		.byte	0x2a
 353 0088 2C000000 		.4byte	0x2c
 354 008c 03       		.uleb128 0x3
 355 008d 94020000 		.4byte	.LASF12
 356 0091 03       		.byte	0x3
 357 0092 42       		.byte	0x42
 358 0093 53000000 		.4byte	0x53
 359 0097 03       		.uleb128 0x3
 360 0098 8C020000 		.4byte	.LASF13
 361 009c 01       		.byte	0x1
 362 009d 34       		.byte	0x34
 363 009e A2000000 		.4byte	0xa2
 364 00a2 05       		.uleb128 0x5
 365 00a3 04       		.byte	0x4
 366 00a4 A8000000 		.4byte	0xa8
 367 00a8 06       		.uleb128 0x6
 368 00a9 03       		.uleb128 0x3
 369 00aa 3D000000 		.4byte	.LASF14
 370 00ae 01       		.byte	0x1
 371 00af 35       		.byte	0x35
 372 00b0 B4000000 		.4byte	0xb4
 373 00b4 05       		.uleb128 0x5
 374 00b5 04       		.byte	0x4
 375 00b6 97000000 		.4byte	0x97
 376 00ba 07       		.uleb128 0x7
 377 00bb 87010000 		.4byte	.LASF15
 378 00bf 01       		.byte	0x1
 379 00c0 EA       		.byte	0xea
 380 00c1 00000000 		.4byte	.LFB0
 381 00c5 02000000 		.4byte	.LFE0-.LFB0
 382 00c9 01       		.uleb128 0x1
 383 00ca 9C       		.byte	0x9c
 384 00cb 07       		.uleb128 0x7
 385 00cc B8000000 		.4byte	.LASF16
 386 00d0 01       		.byte	0x1
 387 00d1 F6       		.byte	0xf6
 388 00d2 00000000 		.4byte	.LFB1
 389 00d6 02000000 		.4byte	.LFE1-.LFB1
 390 00da 01       		.uleb128 0x1
ARM GAS  /tmp/cckxwCVJ.s 			page 8


 391 00db 9C       		.byte	0x9c
 392 00dc 08       		.uleb128 0x8
 393 00dd 46000000 		.4byte	.LASF17
 394 00e1 01       		.byte	0x1
 395 00e2 0101     		.2byte	0x101
 396 00e4 00000000 		.4byte	.LFB2
 397 00e8 02000000 		.4byte	.LFE2-.LFB2
 398 00ec 01       		.uleb128 0x1
 399 00ed 9C       		.byte	0x9c
 400 00ee 09       		.uleb128 0x9
 401 00ef D6000000 		.4byte	.LASF34
 402 00f3 01       		.byte	0x1
 403 00f4 0C01     		.2byte	0x10c
 404 00f6 00000000 		.4byte	.LFB3
 405 00fa FC000000 		.4byte	.LFE3-.LFB3
 406 00fe 01       		.uleb128 0x1
 407 00ff 9C       		.byte	0x9c
 408 0100 12020000 		.4byte	0x212
 409 0104 0A       		.uleb128 0xa
 410 0105 70737000 		.ascii	"psp\000"
 411 0109 01       		.byte	0x1
 412 010a 0D01     		.2byte	0x10d
 413 010c 8C000000 		.4byte	0x8c
 414 0110 0B       		.uleb128 0xb
 415 0111 72656700 		.ascii	"reg\000"
 416 0115 01       		.byte	0x1
 417 0116 0D01     		.2byte	0x10d
 418 0118 8C000000 		.4byte	0x8c
 419 011c 02       		.byte	0x2
 420 011d 0C       		.uleb128 0xc
 421 011e 12000000 		.4byte	.LBB2
 422 0122 20000000 		.4byte	.LBE2-.LBB2
 423 0126 45010000 		.4byte	0x145
 424 012a 0D       		.uleb128 0xd
 425 012b 703100   		.ascii	"p1\000"
 426 012e 01       		.byte	0x1
 427 012f 2D01     		.2byte	0x12d
 428 0131 12020000 		.4byte	0x212
 429 0135 00000000 		.4byte	.LLST0
 430 0139 0A       		.uleb128 0xa
 431 013a 703200   		.ascii	"p2\000"
 432 013d 01       		.byte	0x1
 433 013e 2D01     		.2byte	0x12d
 434 0140 12020000 		.4byte	0x212
 435 0144 00       		.byte	0
 436 0145 0C       		.uleb128 0xc
 437 0146 32000000 		.4byte	.LBB3
 438 014a 20000000 		.4byte	.LBE3-.LBB3
 439 014e 6D010000 		.4byte	0x16d
 440 0152 0D       		.uleb128 0xd
 441 0153 703100   		.ascii	"p1\000"
 442 0156 01       		.byte	0x1
 443 0157 3001     		.2byte	0x130
 444 0159 12020000 		.4byte	0x212
 445 015d 22000000 		.4byte	.LLST1
 446 0161 0A       		.uleb128 0xa
 447 0162 703200   		.ascii	"p2\000"
ARM GAS  /tmp/cckxwCVJ.s 			page 9


 448 0165 01       		.byte	0x1
 449 0166 3001     		.2byte	0x130
 450 0168 12020000 		.4byte	0x212
 451 016c 00       		.byte	0
 452 016d 0C       		.uleb128 0xc
 453 016e 56000000 		.4byte	.LBB4
 454 0172 20000000 		.4byte	.LBE4-.LBB4
 455 0176 91010000 		.4byte	0x191
 456 017a 0A       		.uleb128 0xa
 457 017b 747000   		.ascii	"tp\000"
 458 017e 01       		.byte	0x1
 459 017f 3B01     		.2byte	0x13b
 460 0181 12020000 		.4byte	0x212
 461 0185 0A       		.uleb128 0xa
 462 0186 647000   		.ascii	"dp\000"
 463 0189 01       		.byte	0x1
 464 018a 3B01     		.2byte	0x13b
 465 018c 12020000 		.4byte	0x212
 466 0190 00       		.byte	0
 467 0191 0C       		.uleb128 0xc
 468 0192 76000000 		.4byte	.LBB5
 469 0196 1E000000 		.4byte	.LBE5-.LBB5
 470 019a B9010000 		.4byte	0x1b9
 471 019e 0D       		.uleb128 0xd
 472 019f 703100   		.ascii	"p1\000"
 473 01a2 01       		.byte	0x1
 474 01a3 4601     		.2byte	0x146
 475 01a5 12020000 		.4byte	0x212
 476 01a9 44000000 		.4byte	.LLST2
 477 01ad 0A       		.uleb128 0xa
 478 01ae 703200   		.ascii	"p2\000"
 479 01b1 01       		.byte	0x1
 480 01b2 4601     		.2byte	0x146
 481 01b4 12020000 		.4byte	0x212
 482 01b8 00       		.byte	0
 483 01b9 0E       		.uleb128 0xe
 484 01ba 00000000 		.4byte	.Ldebug_ranges0+0
 485 01be D3010000 		.4byte	0x1d3
 486 01c2 0D       		.uleb128 0xd
 487 01c3 66707000 		.ascii	"fpp\000"
 488 01c7 01       		.byte	0x1
 489 01c8 4F01     		.2byte	0x14f
 490 01ca A9000000 		.4byte	0xa9
 491 01ce 66000000 		.4byte	.LLST3
 492 01d2 00       		.byte	0
 493 01d3 0E       		.uleb128 0xe
 494 01d4 18000000 		.4byte	.Ldebug_ranges0+0x18
 495 01d8 ED010000 		.4byte	0x1ed
 496 01dc 0D       		.uleb128 0xd
 497 01dd 66707000 		.ascii	"fpp\000"
 498 01e1 01       		.byte	0x1
 499 01e2 5D01     		.2byte	0x15d
 500 01e4 A9000000 		.4byte	0xa9
 501 01e8 91000000 		.4byte	.LLST4
 502 01ec 00       		.byte	0
 503 01ed 0F       		.uleb128 0xf
 504 01ee 56000000 		.4byte	.LVL9
ARM GAS  /tmp/cckxwCVJ.s 			page 10


 505 01f2 BA000000 		.4byte	0xba
 506 01f6 0F       		.uleb128 0xf
 507 01f7 9C000000 		.4byte	.LVL16
 508 01fb CB000000 		.4byte	0xcb
 509 01ff 0F       		.uleb128 0xf
 510 0200 B2000000 		.4byte	.LVL21
 511 0204 A7020000 		.4byte	0x2a7
 512 0208 0F       		.uleb128 0xf
 513 0209 C4000000 		.4byte	.LVL26
 514 020d DC000000 		.4byte	0xdc
 515 0211 00       		.byte	0
 516 0212 05       		.uleb128 0x5
 517 0213 04       		.byte	0x4
 518 0214 8C000000 		.4byte	0x8c
 519 0218 10       		.uleb128 0x10
 520 0219 6E020000 		.4byte	.LASF18
 521 021d 01       		.byte	0x1
 522 021e 8B       		.byte	0x8b
 523 021f 8C000000 		.4byte	0x8c
 524 0223 10       		.uleb128 0x10
 525 0224 E1020000 		.4byte	.LASF19
 526 0228 01       		.byte	0x1
 527 0229 93       		.byte	0x93
 528 022a 8C000000 		.4byte	0x8c
 529 022e 10       		.uleb128 0x10
 530 022f 26000000 		.4byte	.LASF20
 531 0233 01       		.byte	0x1
 532 0234 9A       		.byte	0x9a
 533 0235 8C000000 		.4byte	0x8c
 534 0239 10       		.uleb128 0x10
 535 023a B8020000 		.4byte	.LASF21
 536 023e 01       		.byte	0x1
 537 023f A1       		.byte	0xa1
 538 0240 8C000000 		.4byte	0x8c
 539 0244 10       		.uleb128 0x10
 540 0245 5F010000 		.4byte	.LASF22
 541 0249 01       		.byte	0x1
 542 024a A7       		.byte	0xa7
 543 024b 8C000000 		.4byte	0x8c
 544 024f 10       		.uleb128 0x10
 545 0250 A6020000 		.4byte	.LASF23
 546 0254 01       		.byte	0x1
 547 0255 AD       		.byte	0xad
 548 0256 8C000000 		.4byte	0x8c
 549 025a 10       		.uleb128 0x10
 550 025b 67020000 		.4byte	.LASF24
 551 025f 01       		.byte	0x1
 552 0260 B3       		.byte	0xb3
 553 0261 8C000000 		.4byte	0x8c
 554 0265 10       		.uleb128 0x10
 555 0266 00000000 		.4byte	.LASF25
 556 026a 01       		.byte	0x1
 557 026b B9       		.byte	0xb9
 558 026c 8C000000 		.4byte	0x8c
 559 0270 10       		.uleb128 0x10
 560 0271 09010000 		.4byte	.LASF26
 561 0275 01       		.byte	0x1
ARM GAS  /tmp/cckxwCVJ.s 			page 11


 562 0276 BF       		.byte	0xbf
 563 0277 8C000000 		.4byte	0x8c
 564 027b 10       		.uleb128 0x10
 565 027c CE020000 		.4byte	.LASF27
 566 0280 01       		.byte	0x1
 567 0281 C5       		.byte	0xc5
 568 0282 97000000 		.4byte	0x97
 569 0286 10       		.uleb128 0x10
 570 0287 12010000 		.4byte	.LASF28
 571 028b 01       		.byte	0x1
 572 028c CB       		.byte	0xcb
 573 028d 97000000 		.4byte	0x97
 574 0291 10       		.uleb128 0x10
 575 0292 F6000000 		.4byte	.LASF29
 576 0296 01       		.byte	0x1
 577 0297 D1       		.byte	0xd1
 578 0298 97000000 		.4byte	0x97
 579 029c 10       		.uleb128 0x10
 580 029d 15000000 		.4byte	.LASF30
 581 02a1 01       		.byte	0x1
 582 02a2 D7       		.byte	0xd7
 583 02a3 97000000 		.4byte	0x97
 584 02a7 11       		.uleb128 0x11
 585 02a8 2E010000 		.4byte	.LASF35
 586 02ac 01       		.byte	0x1
 587 02ad DE       		.byte	0xde
 588 02ae 00       		.byte	0
 589              		.section	.debug_abbrev,"",%progbits
 590              	.Ldebug_abbrev0:
 591 0000 01       		.uleb128 0x1
 592 0001 11       		.uleb128 0x11
 593 0002 01       		.byte	0x1
 594 0003 25       		.uleb128 0x25
 595 0004 0E       		.uleb128 0xe
 596 0005 13       		.uleb128 0x13
 597 0006 0B       		.uleb128 0xb
 598 0007 03       		.uleb128 0x3
 599 0008 0E       		.uleb128 0xe
 600 0009 1B       		.uleb128 0x1b
 601 000a 0E       		.uleb128 0xe
 602 000b 55       		.uleb128 0x55
 603 000c 17       		.uleb128 0x17
 604 000d 11       		.uleb128 0x11
 605 000e 01       		.uleb128 0x1
 606 000f 10       		.uleb128 0x10
 607 0010 17       		.uleb128 0x17
 608 0011 00       		.byte	0
 609 0012 00       		.byte	0
 610 0013 02       		.uleb128 0x2
 611 0014 24       		.uleb128 0x24
 612 0015 00       		.byte	0
 613 0016 0B       		.uleb128 0xb
 614 0017 0B       		.uleb128 0xb
 615 0018 3E       		.uleb128 0x3e
 616 0019 0B       		.uleb128 0xb
 617 001a 03       		.uleb128 0x3
 618 001b 0E       		.uleb128 0xe
ARM GAS  /tmp/cckxwCVJ.s 			page 12


 619 001c 00       		.byte	0
 620 001d 00       		.byte	0
 621 001e 03       		.uleb128 0x3
 622 001f 16       		.uleb128 0x16
 623 0020 00       		.byte	0
 624 0021 03       		.uleb128 0x3
 625 0022 0E       		.uleb128 0xe
 626 0023 3A       		.uleb128 0x3a
 627 0024 0B       		.uleb128 0xb
 628 0025 3B       		.uleb128 0x3b
 629 0026 0B       		.uleb128 0xb
 630 0027 49       		.uleb128 0x49
 631 0028 13       		.uleb128 0x13
 632 0029 00       		.byte	0
 633 002a 00       		.byte	0
 634 002b 04       		.uleb128 0x4
 635 002c 24       		.uleb128 0x24
 636 002d 00       		.byte	0
 637 002e 0B       		.uleb128 0xb
 638 002f 0B       		.uleb128 0xb
 639 0030 3E       		.uleb128 0x3e
 640 0031 0B       		.uleb128 0xb
 641 0032 03       		.uleb128 0x3
 642 0033 08       		.uleb128 0x8
 643 0034 00       		.byte	0
 644 0035 00       		.byte	0
 645 0036 05       		.uleb128 0x5
 646 0037 0F       		.uleb128 0xf
 647 0038 00       		.byte	0
 648 0039 0B       		.uleb128 0xb
 649 003a 0B       		.uleb128 0xb
 650 003b 49       		.uleb128 0x49
 651 003c 13       		.uleb128 0x13
 652 003d 00       		.byte	0
 653 003e 00       		.byte	0
 654 003f 06       		.uleb128 0x6
 655 0040 15       		.uleb128 0x15
 656 0041 00       		.byte	0
 657 0042 27       		.uleb128 0x27
 658 0043 19       		.uleb128 0x19
 659 0044 00       		.byte	0
 660 0045 00       		.byte	0
 661 0046 07       		.uleb128 0x7
 662 0047 2E       		.uleb128 0x2e
 663 0048 00       		.byte	0
 664 0049 3F       		.uleb128 0x3f
 665 004a 19       		.uleb128 0x19
 666 004b 03       		.uleb128 0x3
 667 004c 0E       		.uleb128 0xe
 668 004d 3A       		.uleb128 0x3a
 669 004e 0B       		.uleb128 0xb
 670 004f 3B       		.uleb128 0x3b
 671 0050 0B       		.uleb128 0xb
 672 0051 27       		.uleb128 0x27
 673 0052 19       		.uleb128 0x19
 674 0053 11       		.uleb128 0x11
 675 0054 01       		.uleb128 0x1
ARM GAS  /tmp/cckxwCVJ.s 			page 13


 676 0055 12       		.uleb128 0x12
 677 0056 06       		.uleb128 0x6
 678 0057 40       		.uleb128 0x40
 679 0058 18       		.uleb128 0x18
 680 0059 9742     		.uleb128 0x2117
 681 005b 19       		.uleb128 0x19
 682 005c 00       		.byte	0
 683 005d 00       		.byte	0
 684 005e 08       		.uleb128 0x8
 685 005f 2E       		.uleb128 0x2e
 686 0060 00       		.byte	0
 687 0061 3F       		.uleb128 0x3f
 688 0062 19       		.uleb128 0x19
 689 0063 03       		.uleb128 0x3
 690 0064 0E       		.uleb128 0xe
 691 0065 3A       		.uleb128 0x3a
 692 0066 0B       		.uleb128 0xb
 693 0067 3B       		.uleb128 0x3b
 694 0068 05       		.uleb128 0x5
 695 0069 27       		.uleb128 0x27
 696 006a 19       		.uleb128 0x19
 697 006b 11       		.uleb128 0x11
 698 006c 01       		.uleb128 0x1
 699 006d 12       		.uleb128 0x12
 700 006e 06       		.uleb128 0x6
 701 006f 40       		.uleb128 0x40
 702 0070 18       		.uleb128 0x18
 703 0071 9742     		.uleb128 0x2117
 704 0073 19       		.uleb128 0x19
 705 0074 00       		.byte	0
 706 0075 00       		.byte	0
 707 0076 09       		.uleb128 0x9
 708 0077 2E       		.uleb128 0x2e
 709 0078 01       		.byte	0x1
 710 0079 3F       		.uleb128 0x3f
 711 007a 19       		.uleb128 0x19
 712 007b 03       		.uleb128 0x3
 713 007c 0E       		.uleb128 0xe
 714 007d 3A       		.uleb128 0x3a
 715 007e 0B       		.uleb128 0xb
 716 007f 3B       		.uleb128 0x3b
 717 0080 05       		.uleb128 0x5
 718 0081 27       		.uleb128 0x27
 719 0082 19       		.uleb128 0x19
 720 0083 11       		.uleb128 0x11
 721 0084 01       		.uleb128 0x1
 722 0085 12       		.uleb128 0x12
 723 0086 06       		.uleb128 0x6
 724 0087 40       		.uleb128 0x40
 725 0088 18       		.uleb128 0x18
 726 0089 9642     		.uleb128 0x2116
 727 008b 19       		.uleb128 0x19
 728 008c 01       		.uleb128 0x1
 729 008d 13       		.uleb128 0x13
 730 008e 00       		.byte	0
 731 008f 00       		.byte	0
 732 0090 0A       		.uleb128 0xa
ARM GAS  /tmp/cckxwCVJ.s 			page 14


 733 0091 34       		.uleb128 0x34
 734 0092 00       		.byte	0
 735 0093 03       		.uleb128 0x3
 736 0094 08       		.uleb128 0x8
 737 0095 3A       		.uleb128 0x3a
 738 0096 0B       		.uleb128 0xb
 739 0097 3B       		.uleb128 0x3b
 740 0098 05       		.uleb128 0x5
 741 0099 49       		.uleb128 0x49
 742 009a 13       		.uleb128 0x13
 743 009b 00       		.byte	0
 744 009c 00       		.byte	0
 745 009d 0B       		.uleb128 0xb
 746 009e 34       		.uleb128 0x34
 747 009f 00       		.byte	0
 748 00a0 03       		.uleb128 0x3
 749 00a1 08       		.uleb128 0x8
 750 00a2 3A       		.uleb128 0x3a
 751 00a3 0B       		.uleb128 0xb
 752 00a4 3B       		.uleb128 0x3b
 753 00a5 05       		.uleb128 0x5
 754 00a6 49       		.uleb128 0x49
 755 00a7 13       		.uleb128 0x13
 756 00a8 1C       		.uleb128 0x1c
 757 00a9 0B       		.uleb128 0xb
 758 00aa 00       		.byte	0
 759 00ab 00       		.byte	0
 760 00ac 0C       		.uleb128 0xc
 761 00ad 0B       		.uleb128 0xb
 762 00ae 01       		.byte	0x1
 763 00af 11       		.uleb128 0x11
 764 00b0 01       		.uleb128 0x1
 765 00b1 12       		.uleb128 0x12
 766 00b2 06       		.uleb128 0x6
 767 00b3 01       		.uleb128 0x1
 768 00b4 13       		.uleb128 0x13
 769 00b5 00       		.byte	0
 770 00b6 00       		.byte	0
 771 00b7 0D       		.uleb128 0xd
 772 00b8 34       		.uleb128 0x34
 773 00b9 00       		.byte	0
 774 00ba 03       		.uleb128 0x3
 775 00bb 08       		.uleb128 0x8
 776 00bc 3A       		.uleb128 0x3a
 777 00bd 0B       		.uleb128 0xb
 778 00be 3B       		.uleb128 0x3b
 779 00bf 05       		.uleb128 0x5
 780 00c0 49       		.uleb128 0x49
 781 00c1 13       		.uleb128 0x13
 782 00c2 02       		.uleb128 0x2
 783 00c3 17       		.uleb128 0x17
 784 00c4 00       		.byte	0
 785 00c5 00       		.byte	0
 786 00c6 0E       		.uleb128 0xe
 787 00c7 0B       		.uleb128 0xb
 788 00c8 01       		.byte	0x1
 789 00c9 55       		.uleb128 0x55
ARM GAS  /tmp/cckxwCVJ.s 			page 15


 790 00ca 17       		.uleb128 0x17
 791 00cb 01       		.uleb128 0x1
 792 00cc 13       		.uleb128 0x13
 793 00cd 00       		.byte	0
 794 00ce 00       		.byte	0
 795 00cf 0F       		.uleb128 0xf
 796 00d0 898201   		.uleb128 0x4109
 797 00d3 00       		.byte	0
 798 00d4 11       		.uleb128 0x11
 799 00d5 01       		.uleb128 0x1
 800 00d6 31       		.uleb128 0x31
 801 00d7 13       		.uleb128 0x13
 802 00d8 00       		.byte	0
 803 00d9 00       		.byte	0
 804 00da 10       		.uleb128 0x10
 805 00db 34       		.uleb128 0x34
 806 00dc 00       		.byte	0
 807 00dd 03       		.uleb128 0x3
 808 00de 0E       		.uleb128 0xe
 809 00df 3A       		.uleb128 0x3a
 810 00e0 0B       		.uleb128 0xb
 811 00e1 3B       		.uleb128 0x3b
 812 00e2 0B       		.uleb128 0xb
 813 00e3 49       		.uleb128 0x49
 814 00e4 13       		.uleb128 0x13
 815 00e5 3F       		.uleb128 0x3f
 816 00e6 19       		.uleb128 0x19
 817 00e7 3C       		.uleb128 0x3c
 818 00e8 19       		.uleb128 0x19
 819 00e9 00       		.byte	0
 820 00ea 00       		.byte	0
 821 00eb 11       		.uleb128 0x11
 822 00ec 2E       		.uleb128 0x2e
 823 00ed 00       		.byte	0
 824 00ee 3F       		.uleb128 0x3f
 825 00ef 19       		.uleb128 0x19
 826 00f0 03       		.uleb128 0x3
 827 00f1 0E       		.uleb128 0xe
 828 00f2 3A       		.uleb128 0x3a
 829 00f3 0B       		.uleb128 0xb
 830 00f4 3B       		.uleb128 0x3b
 831 00f5 0B       		.uleb128 0xb
 832 00f6 27       		.uleb128 0x27
 833 00f7 19       		.uleb128 0x19
 834 00f8 3C       		.uleb128 0x3c
 835 00f9 19       		.uleb128 0x19
 836 00fa 00       		.byte	0
 837 00fb 00       		.byte	0
 838 00fc 00       		.byte	0
 839              		.section	.debug_loc,"",%progbits
 840              	.Ldebug_loc0:
 841              	.LLST0:
 842 0000 2A000000 		.4byte	.LVL3
 843 0004 2E000000 		.4byte	.LVL4
 844 0008 0300     		.2byte	0x3
 845 000a 73       		.byte	0x73
 846 000b 08       		.sleb128 8
ARM GAS  /tmp/cckxwCVJ.s 			page 16


 847 000c 9F       		.byte	0x9f
 848 000d 2E000000 		.4byte	.LVL4
 849 0011 32000000 		.4byte	.LVL5
 850 0015 0300     		.2byte	0x3
 851 0017 73       		.byte	0x73
 852 0018 04       		.sleb128 4
 853 0019 9F       		.byte	0x9f
 854 001a 00000000 		.4byte	0
 855 001e 00000000 		.4byte	0
 856              	.LLST1:
 857 0022 4A000000 		.4byte	.LVL6
 858 0026 4E000000 		.4byte	.LVL7
 859 002a 0300     		.2byte	0x3
 860 002c 73       		.byte	0x73
 861 002d 08       		.sleb128 8
 862 002e 9F       		.byte	0x9f
 863 002f 4E000000 		.4byte	.LVL7
 864 0033 52000000 		.4byte	.LVL8
 865 0037 0300     		.2byte	0x3
 866 0039 73       		.byte	0x73
 867 003a 04       		.sleb128 4
 868 003b 9F       		.byte	0x9f
 869 003c 00000000 		.4byte	0
 870 0040 00000000 		.4byte	0
 871              	.LLST2:
 872 0044 8C000000 		.4byte	.LVL13
 873 0048 90000000 		.4byte	.LVL14
 874 004c 0300     		.2byte	0x3
 875 004e 73       		.byte	0x73
 876 004f 08       		.sleb128 8
 877 0050 9F       		.byte	0x9f
 878 0051 90000000 		.4byte	.LVL14
 879 0055 94000000 		.4byte	.LVL15
 880 0059 0300     		.2byte	0x3
 881 005b 73       		.byte	0x73
 882 005c 04       		.sleb128 4
 883 005d 9F       		.byte	0x9f
 884 005e 00000000 		.4byte	0
 885 0062 00000000 		.4byte	0
 886              	.LLST3:
 887 0066 A0000000 		.4byte	.LVL17
 888 006a A4000000 		.4byte	.LVL18
 889 006e 0100     		.2byte	0x1
 890 0070 54       		.byte	0x54
 891 0071 A4000000 		.4byte	.LVL18
 892 0075 A6000000 		.4byte	.LVL19
 893 0079 0300     		.2byte	0x3
 894 007b 74       		.byte	0x74
 895 007c 7C       		.sleb128 -4
 896 007d 9F       		.byte	0x9f
 897 007e A6000000 		.4byte	.LVL19
 898 0082 AA000000 		.4byte	.LVL20
 899 0086 0100     		.2byte	0x1
 900 0088 54       		.byte	0x54
 901 0089 00000000 		.4byte	0
 902 008d 00000000 		.4byte	0
 903              	.LLST4:
ARM GAS  /tmp/cckxwCVJ.s 			page 17


 904 0091 B6000000 		.4byte	.LVL22
 905 0095 BA000000 		.4byte	.LVL23
 906 0099 0100     		.2byte	0x1
 907 009b 54       		.byte	0x54
 908 009c BA000000 		.4byte	.LVL23
 909 00a0 BC000000 		.4byte	.LVL24
 910 00a4 0300     		.2byte	0x3
 911 00a6 74       		.byte	0x74
 912 00a7 7C       		.sleb128 -4
 913 00a8 9F       		.byte	0x9f
 914 00a9 BC000000 		.4byte	.LVL24
 915 00ad C0000000 		.4byte	.LVL25
 916 00b1 0100     		.2byte	0x1
 917 00b3 54       		.byte	0x54
 918 00b4 00000000 		.4byte	0
 919 00b8 00000000 		.4byte	0
 920              		.section	.debug_aranges,"",%progbits
 921 0000 34000000 		.4byte	0x34
 922 0004 0200     		.2byte	0x2
 923 0006 00000000 		.4byte	.Ldebug_info0
 924 000a 04       		.byte	0x4
 925 000b 00       		.byte	0
 926 000c 0000     		.2byte	0
 927 000e 0000     		.2byte	0
 928 0010 00000000 		.4byte	.LFB0
 929 0014 02000000 		.4byte	.LFE0-.LFB0
 930 0018 00000000 		.4byte	.LFB1
 931 001c 02000000 		.4byte	.LFE1-.LFB1
 932 0020 00000000 		.4byte	.LFB2
 933 0024 02000000 		.4byte	.LFE2-.LFB2
 934 0028 00000000 		.4byte	.LFB3
 935 002c FC000000 		.4byte	.LFE3-.LFB3
 936 0030 00000000 		.4byte	0
 937 0034 00000000 		.4byte	0
 938              		.section	.debug_ranges,"",%progbits
 939              	.Ldebug_ranges0:
 940 0000 94000000 		.4byte	.LBB6
 941 0004 98000000 		.4byte	.LBE6
 942 0008 9C000000 		.4byte	.LBB7
 943 000c AA000000 		.4byte	.LBE7
 944 0010 00000000 		.4byte	0
 945 0014 00000000 		.4byte	0
 946 0018 AA000000 		.4byte	.LBB8
 947 001c AE000000 		.4byte	.LBE8
 948 0020 B2000000 		.4byte	.LBB9
 949 0024 C0000000 		.4byte	.LBE9
 950 0028 00000000 		.4byte	0
 951 002c 00000000 		.4byte	0
 952 0030 00000000 		.4byte	.LFB0
 953 0034 02000000 		.4byte	.LFE0
 954 0038 00000000 		.4byte	.LFB1
 955 003c 02000000 		.4byte	.LFE1
 956 0040 00000000 		.4byte	.LFB2
 957 0044 02000000 		.4byte	.LFE2
 958 0048 00000000 		.4byte	.LFB3
 959 004c FC000000 		.4byte	.LFE3
 960 0050 00000000 		.4byte	0
ARM GAS  /tmp/cckxwCVJ.s 			page 18


 961 0054 00000000 		.4byte	0
 962              		.section	.debug_line,"",%progbits
 963              	.Ldebug_line0:
 964 0000 02010000 		.section	.debug_str,"MS",%progbits,1
 964      02008400 
 964      00000201 
 964      FB0E0D00 
 964      01010101 
 965              	.LASF25:
 966 0000 5F627373 		.ascii	"_bss_start\000"
 966      5F737461 
 966      727400
 967              	.LASF5:
 968 000b 5F5F7569 		.ascii	"__uint8_t\000"
 968      6E74385F 
 968      7400
 969              	.LASF30:
 970 0015 5F5F6669 		.ascii	"__fini_array_end\000"
 970      6E695F61 
 970      72726179 
 970      5F656E64 
 970      00
 971              	.LASF20:
 972 0026 5F5F7072 		.ascii	"__process_stack_base__\000"
 972      6F636573 
 972      735F7374 
 972      61636B5F 
 972      62617365 
 973              	.LASF14:
 974 003d 66756E63 		.ascii	"funcpp_t\000"
 974      70705F74 
 974      00
 975              	.LASF17:
 976 0046 5F646566 		.ascii	"_default_exit\000"
 976      61756C74 
 976      5F657869 
 976      7400
 977              	.LASF33:
 978 0054 2F686F6D 		.ascii	"/home/dltech-deb/gdrive/Projects/RFM_to_Modbus_TCP/"
 978      652F646C 
 978      74656368 
 978      2D646562 
 978      2F676472 
 979 0087 43686962 		.ascii	"ChibiOS/F103_ChibiOS_ENC60J28/main\000"
 979      694F532F 
 979      46313033 
 979      5F436869 
 979      62694F53 
 980              	.LASF1:
 981 00aa 756E7369 		.ascii	"unsigned char\000"
 981      676E6564 
 981      20636861 
 981      7200
 982              	.LASF16:
 983 00b8 5F5F6C61 		.ascii	"__late_init\000"
 983      74655F69 
 983      6E697400 
ARM GAS  /tmp/cckxwCVJ.s 			page 19


 984              	.LASF7:
 985 00c4 6C6F6E67 		.ascii	"long unsigned int\000"
 985      20756E73 
 985      69676E65 
 985      6420696E 
 985      7400
 986              	.LASF34:
 987 00d6 52657365 		.ascii	"ResetHandler\000"
 987      7448616E 
 987      646C6572 
 987      00
 988              	.LASF3:
 989 00e3 73686F72 		.ascii	"short unsigned int\000"
 989      7420756E 
 989      7369676E 
 989      65642069 
 989      6E7400
 990              	.LASF29:
 991 00f6 5F5F6669 		.ascii	"__fini_array_start\000"
 991      6E695F61 
 991      72726179 
 991      5F737461 
 991      727400
 992              	.LASF26:
 993 0109 5F627373 		.ascii	"_bss_end\000"
 993      5F656E64 
 993      00
 994              	.LASF28:
 995 0112 5F5F696E 		.ascii	"__init_array_end\000"
 995      69745F61 
 995      72726179 
 995      5F656E64 
 995      00
 996              	.LASF6:
 997 0123 5F5F7569 		.ascii	"__uint32_t\000"
 997      6E743332 
 997      5F7400
 998              	.LASF35:
 999 012e 6D61696E 		.ascii	"main\000"
 999      00
 1000              	.LASF10:
 1001 0133 756E7369 		.ascii	"unsigned int\000"
 1001      676E6564 
 1001      20696E74 
 1001      00
 1002              	.LASF9:
 1003 0140 6C6F6E67 		.ascii	"long long unsigned int\000"
 1003      206C6F6E 
 1003      6720756E 
 1003      7369676E 
 1003      65642069 
 1004              	.LASF11:
 1005 0157 75696E74 		.ascii	"uint8_t\000"
 1005      385F7400 
 1006              	.LASF22:
 1007 015f 5F746578 		.ascii	"_textdata\000"
 1007      74646174 
ARM GAS  /tmp/cckxwCVJ.s 			page 20


 1007      6100
 1008              	.LASF32:
 1009 0169 2E2E2F6F 		.ascii	"../os/ports/GCC/ARMCMx/crt0.c\000"
 1009      732F706F 
 1009      7274732F 
 1009      4743432F 
 1009      41524D43 
 1010              	.LASF15:
 1011 0187 5F5F6561 		.ascii	"__early_init\000"
 1011      726C795F 
 1011      696E6974 
 1011      00
 1012              	.LASF31:
 1013 0194 474E5520 		.ascii	"GNU C 4.8.4 20141219 (release) -mcpu=cortex-m3 -mno"
 1013      4320342E 
 1013      382E3420 
 1013      32303134 
 1013      31323139 
 1014 01c7 2D746875 		.ascii	"-thumb-interwork -mthumb -ggdb -O2 -fomit-frame-poi"
 1014      6D622D69 
 1014      6E746572 
 1014      776F726B 
 1014      202D6D74 
 1015 01fa 6E746572 		.ascii	"nter -falign-functions=16 -ffunction-sections -fdat"
 1015      202D6661 
 1015      6C69676E 
 1015      2D66756E 
 1015      6374696F 
 1016 022d 612D7365 		.ascii	"a-sections -fno-common -fno-strict-aliasing\000"
 1016      6374696F 
 1016      6E73202D 
 1016      666E6F2D 
 1016      636F6D6D 
 1017              	.LASF8:
 1018 0259 6C6F6E67 		.ascii	"long long int\000"
 1018      206C6F6E 
 1018      6720696E 
 1018      7400
 1019              	.LASF24:
 1020 0267 5F656461 		.ascii	"_edata\000"
 1020      746100
 1021              	.LASF18:
 1022 026e 5F5F6D61 		.ascii	"__main_stack_base__\000"
 1022      696E5F73 
 1022      7461636B 
 1022      5F626173 
 1022      655F5F00 
 1023              	.LASF2:
 1024 0282 73686F72 		.ascii	"short int\000"
 1024      7420696E 
 1024      7400
 1025              	.LASF13:
 1026 028c 66756E63 		.ascii	"funcp_t\000"
 1026      705F7400 
 1027              	.LASF12:
 1028 0294 75696E74 		.ascii	"uint32_t\000"
 1028      33325F74 
ARM GAS  /tmp/cckxwCVJ.s 			page 21


 1028      00
 1029              	.LASF4:
 1030 029d 6C6F6E67 		.ascii	"long int\000"
 1030      20696E74 
 1030      00
 1031              	.LASF23:
 1032 02a6 5F646174 		.ascii	"_data\000"
 1032      6100
 1033              	.LASF0:
 1034 02ac 7369676E 		.ascii	"signed char\000"
 1034      65642063 
 1034      68617200 
 1035              	.LASF21:
 1036 02b8 5F5F7072 		.ascii	"__process_stack_end__\000"
 1036      6F636573 
 1036      735F7374 
 1036      61636B5F 
 1036      656E645F 
 1037              	.LASF27:
 1038 02ce 5F5F696E 		.ascii	"__init_array_start\000"
 1038      69745F61 
 1038      72726179 
 1038      5F737461 
 1038      727400
 1039              	.LASF19:
 1040 02e1 5F5F6D61 		.ascii	"__main_stack_end__\000"
 1040      696E5F73 
 1040      7461636B 
 1040      5F656E64 
 1040      5F5F00
 1041              		.ident	"GCC: (4.8.4-1+11-1) 4.8.4 20141219 (release)"
ARM GAS  /tmp/cckxwCVJ.s 			page 22


DEFINED SYMBOLS
                            *ABS*:0000000000000000 crt0.c
     /tmp/cckxwCVJ.s:19     .text.__early_init:0000000000000000 $t
     /tmp/cckxwCVJ.s:25     .text.__early_init:0000000000000000 __early_init
     /tmp/cckxwCVJ.s:38     .text.__late_init:0000000000000000 $t
     /tmp/cckxwCVJ.s:44     .text.__late_init:0000000000000000 __late_init
     /tmp/cckxwCVJ.s:56     .text._default_exit:0000000000000000 $t
     /tmp/cckxwCVJ.s:62     .text._default_exit:0000000000000000 _default_exit
     /tmp/cckxwCVJ.s:75     .text.ResetHandler:0000000000000000 $t
     /tmp/cckxwCVJ.s:81     .text.ResetHandler:0000000000000000 ResetHandler
     /tmp/cckxwCVJ.s:264    .text.ResetHandler:00000000000000c4 $d
                     .debug_frame:0000000000000010 $d
     /tmp/cckxwCVJ.s:281    .text.ResetHandler:00000000000000fc $t

UNDEFINED SYMBOLS
main
__process_stack_end__
__main_stack_base__
__main_stack_end__
__process_stack_base__
_data
_edata
_textdata
_bss_start
_bss_end
__init_array_end
__init_array_start
__fini_array_end
__fini_array_start
