ARM GAS  /tmp/ccijEFlw.s 			page 1


   1              		.syntax unified
   2              		.cpu cortex-m3
   3              		.fpu softvfp
   4              		.eabi_attribute 20, 1
   5              		.eabi_attribute 21, 1
   6              		.eabi_attribute 23, 3
   7              		.eabi_attribute 24, 1
   8              		.eabi_attribute 25, 1
   9              		.eabi_attribute 26, 1
  10              		.eabi_attribute 30, 2
  11              		.eabi_attribute 34, 1
  12              		.eabi_attribute 18, 4
  13              		.thumb
  14              		.file	"ext.c"
  15              		.text
  16              	.Ltext0:
  17              		.cfi_sections	.debug_frame
  18              		.section	.text.extInit,"ax",%progbits
  19              		.align	2
  20              		.p2align 4,,15
  21              		.global	extInit
  22              		.thumb
  23              		.thumb_func
  24              		.type	extInit, %function
  25              	extInit:
  26              	.LFB56:
  27              		.file 1 "../os/hal/src/ext.c"
  28              		.loc 1 68 0
  29              		.cfi_startproc
  30              		@ args = 0, pretend = 0, frame = 0
  31              		@ frame_needed = 0, uses_anonymous_args = 0
  32              		@ link register save eliminated.
  33              		.loc 1 70 0
  34 0000 FFF7FEBF 		b	ext_lld_init
  35              	.LVL0:
  36              		.cfi_endproc
  37              	.LFE56:
  38              		.size	extInit, .-extInit
  39 0004 AFF30080 		.section	.text.extObjectInit,"ax",%progbits
  39      AFF30080 
  39      AFF30080 
  40              		.align	2
  41              		.p2align 4,,15
  42              		.global	extObjectInit
  43              		.thumb
  44              		.thumb_func
  45              		.type	extObjectInit, %function
  46              	extObjectInit:
  47              	.LFB57:
  48              		.loc 1 80 0
  49              		.cfi_startproc
  50              		@ args = 0, pretend = 0, frame = 0
  51              		@ frame_needed = 0, uses_anonymous_args = 0
  52              		@ link register save eliminated.
  53              	.LVL1:
  54              		.loc 1 82 0
  55 0000 0122     		movs	r2, #1
ARM GAS  /tmp/ccijEFlw.s 			page 2


  56              		.loc 1 83 0
  57 0002 0023     		movs	r3, #0
  58              		.loc 1 82 0
  59 0004 0270     		strb	r2, [r0]
  60              		.loc 1 83 0
  61 0006 4360     		str	r3, [r0, #4]
  62 0008 7047     		bx	lr
  63              		.cfi_endproc
  64              	.LFE57:
  65              		.size	extObjectInit, .-extObjectInit
  66 000a 00BFAFF3 		.section	.text.extStart,"ax",%progbits
  66      0080
  67              		.align	2
  68              		.p2align 4,,15
  69              		.global	extStart
  70              		.thumb
  71              		.thumb_func
  72              		.type	extStart, %function
  73              	extStart:
  74              	.LFB58:
  75              		.loc 1 96 0
  76              		.cfi_startproc
  77              		@ args = 0, pretend = 0, frame = 0
  78              		@ frame_needed = 0, uses_anonymous_args = 0
  79              	.LVL2:
  80 0000 10B5     		push	{r4, lr}
  81              		.cfi_def_cfa_offset 8
  82              		.cfi_offset 4, -8
  83              		.cfi_offset 14, -4
  84              		.loc 1 96 0
  85 0002 0446     		mov	r4, r0
  86              		.loc 1 100 0
  87              	@ 100 "../os/hal/src/ext.c" 1
  88 0004 FFF7FEFF 		bl      _port_lock
  89              	@ 0 "" 2
  90              		.loc 1 103 0
  91              		.thumb
  92 0008 4160     		str	r1, [r0, #4]
  93              		.loc 1 104 0
  94 000a FFF7FEFF 		bl	ext_lld_start
  95              	.LVL3:
  96              		.loc 1 105 0
  97 000e 0223     		movs	r3, #2
  98 0010 2370     		strb	r3, [r4]
  99              		.loc 1 106 0
 100              	@ 106 "../os/hal/src/ext.c" 1
 101 0012 FFF7FEFF 		bl      _port_unlock
 102              	@ 0 "" 2
 103              		.thumb
 104 0016 10BD     		pop	{r4, pc}
 105              		.cfi_endproc
 106              	.LFE58:
 107              		.size	extStart, .-extStart
 108 0018 AFF30080 		.section	.text.extStop,"ax",%progbits
 108      AFF30080 
 109              		.align	2
 110              		.p2align 4,,15
ARM GAS  /tmp/ccijEFlw.s 			page 3


 111              		.global	extStop
 112              		.thumb
 113              		.thumb_func
 114              		.type	extStop, %function
 115              	extStop:
 116              	.LFB59:
 117              		.loc 1 116 0
 118              		.cfi_startproc
 119              		@ args = 0, pretend = 0, frame = 0
 120              		@ frame_needed = 0, uses_anonymous_args = 0
 121              	.LVL4:
 122 0000 10B5     		push	{r4, lr}
 123              		.cfi_def_cfa_offset 8
 124              		.cfi_offset 4, -8
 125              		.cfi_offset 14, -4
 126              		.loc 1 116 0
 127 0002 0446     		mov	r4, r0
 128              		.loc 1 120 0
 129              	@ 120 "../os/hal/src/ext.c" 1
 130 0004 FFF7FEFF 		bl      _port_lock
 131              	@ 0 "" 2
 132              		.loc 1 123 0
 133              		.thumb
 134 0008 FFF7FEFF 		bl	ext_lld_stop
 135              	.LVL5:
 136              		.loc 1 124 0
 137 000c 0123     		movs	r3, #1
 138 000e 2370     		strb	r3, [r4]
 139              		.loc 1 125 0
 140              	@ 125 "../os/hal/src/ext.c" 1
 141 0010 FFF7FEFF 		bl      _port_unlock
 142              	@ 0 "" 2
 143              		.thumb
 144 0014 10BD     		pop	{r4, pc}
 145              		.cfi_endproc
 146              	.LFE59:
 147              		.size	extStop, .-extStop
 148 0016 00BFAFF3 		.section	.text.extChannelEnable,"ax",%progbits
 148      0080AFF3 
 148      0080
 149              		.align	2
 150              		.p2align 4,,15
 151              		.global	extChannelEnable
 152              		.thumb
 153              		.thumb_func
 154              		.type	extChannelEnable, %function
 155              	extChannelEnable:
 156              	.LFB60:
 157              		.loc 1 137 0
 158              		.cfi_startproc
 159              		@ args = 0, pretend = 0, frame = 0
 160              		@ frame_needed = 0, uses_anonymous_args = 0
 161              	.LVL6:
 162 0000 08B5     		push	{r3, lr}
 163              		.cfi_def_cfa_offset 8
 164              		.cfi_offset 3, -8
 165              		.cfi_offset 14, -4
ARM GAS  /tmp/ccijEFlw.s 			page 4


 166              		.loc 1 142 0
 167              	@ 142 "../os/hal/src/ext.c" 1
 168 0002 FFF7FEFF 		bl      _port_lock
 169              	@ 0 "" 2
 170              		.loc 1 147 0
 171              		.thumb
 172 0006 FFF7FEFF 		bl	ext_lld_channel_enable
 173              	.LVL7:
 174              		.loc 1 148 0
 175              	@ 148 "../os/hal/src/ext.c" 1
 176 000a FFF7FEFF 		bl      _port_unlock
 177              	@ 0 "" 2
 178              		.thumb
 179 000e 08BD     		pop	{r3, pc}
 180              		.cfi_endproc
 181              	.LFE60:
 182              		.size	extChannelEnable, .-extChannelEnable
 183              		.section	.text.extChannelDisable,"ax",%progbits
 184              		.align	2
 185              		.p2align 4,,15
 186              		.global	extChannelDisable
 187              		.thumb
 188              		.thumb_func
 189              		.type	extChannelDisable, %function
 190              	extChannelDisable:
 191              	.LFB61:
 192              		.loc 1 160 0
 193              		.cfi_startproc
 194              		@ args = 0, pretend = 0, frame = 0
 195              		@ frame_needed = 0, uses_anonymous_args = 0
 196              	.LVL8:
 197 0000 08B5     		push	{r3, lr}
 198              		.cfi_def_cfa_offset 8
 199              		.cfi_offset 3, -8
 200              		.cfi_offset 14, -4
 201              		.loc 1 165 0
 202              	@ 165 "../os/hal/src/ext.c" 1
 203 0002 FFF7FEFF 		bl      _port_lock
 204              	@ 0 "" 2
 205              		.loc 1 170 0
 206              		.thumb
 207 0006 FFF7FEFF 		bl	ext_lld_channel_disable
 208              	.LVL9:
 209              		.loc 1 171 0
 210              	@ 171 "../os/hal/src/ext.c" 1
 211 000a FFF7FEFF 		bl      _port_unlock
 212              	@ 0 "" 2
 213              		.thumb
 214 000e 08BD     		pop	{r3, pc}
 215              		.cfi_endproc
 216              	.LFE61:
 217              		.size	extChannelDisable, .-extChannelDisable
 218              		.section	.text.extSetChannelModeI,"ax",%progbits
 219              		.align	2
 220              		.p2align 4,,15
 221              		.global	extSetChannelModeI
 222              		.thumb
ARM GAS  /tmp/ccijEFlw.s 			page 5


 223              		.thumb_func
 224              		.type	extSetChannelModeI, %function
 225              	extSetChannelModeI:
 226              	.LFB62:
 227              		.loc 1 193 0
 228              		.cfi_startproc
 229              		@ args = 0, pretend = 0, frame = 0
 230              		@ frame_needed = 0, uses_anonymous_args = 0
 231              		@ link register save eliminated.
 232              	.LVL10:
 233 0000 30B4     		push	{r4, r5}
 234              		.cfi_def_cfa_offset 8
 235              		.cfi_offset 4, -8
 236              		.cfi_offset 5, -4
 237              		.loc 1 204 0
 238 0002 4568     		ldr	r5, [r0, #4]
 239              		.loc 1 193 0
 240 0004 0446     		mov	r4, r0
 241              		.loc 1 208 0
 242 0006 05EBC105 		add	r5, r5, r1, lsl #3
 243              		.loc 1 193 0
 244 000a 0B46     		mov	r3, r1
 245              	.LVL11:
 246              		.loc 1 208 0
 247 000c 92E80300 		ldmia	r2, {r0, r1}
 248              	.LVL12:
 249 0010 85E80300 		stmia	r5, {r0, r1}
 250              		.loc 1 209 0
 251 0014 2046     		mov	r0, r4
 252 0016 1946     		mov	r1, r3
 253              		.loc 1 210 0
 254 0018 30BC     		pop	{r4, r5}
 255              	.LVL13:
 256              		.loc 1 209 0
 257 001a FFF7FEBF 		b	ext_lld_channel_enable
 258              	.LVL14:
 259              		.cfi_endproc
 260              	.LFE62:
 261              		.size	extSetChannelModeI, .-extSetChannelModeI
 262 001e 00BF     		.text
 263              	.Letext0:
 264              		.file 2 "/usr/include/newlib/machine/_default_types.h"
 265              		.file 3 "/usr/include/newlib/stdint.h"
 266              		.file 4 "../os/hal/include/ext.h"
 267              		.file 5 "../os/hal/platforms/STM32/ext_lld.h"
 268              		.file 6 "../os/ports/common/ARMCMx/CMSIS/include/core_cm3.h"
 269              		.section	.debug_info,"",%progbits
 270              	.Ldebug_info0:
 271 0000 BC030000 		.4byte	0x3bc
 272 0004 0400     		.2byte	0x4
 273 0006 00000000 		.4byte	.Ldebug_abbrev0
 274 000a 04       		.byte	0x4
 275 000b 01       		.uleb128 0x1
 276 000c 65020000 		.4byte	.LASF41
 277 0010 01       		.byte	0x1
 278 0011 EF010000 		.4byte	.LASF42
 279 0015 66000000 		.4byte	.LASF43
ARM GAS  /tmp/ccijEFlw.s 			page 6


 280 0019 00000000 		.4byte	.Ldebug_ranges0+0
 281 001d 00000000 		.4byte	0
 282 0021 00000000 		.4byte	.Ldebug_line0
 283 0025 02       		.uleb128 0x2
 284 0026 04       		.byte	0x4
 285 0027 05       		.byte	0x5
 286 0028 696E7400 		.ascii	"int\000"
 287 002c 03       		.uleb128 0x3
 288 002d 04       		.byte	0x4
 289 002e 07       		.byte	0x7
 290 002f 7B010000 		.4byte	.LASF0
 291 0033 03       		.uleb128 0x3
 292 0034 01       		.byte	0x1
 293 0035 06       		.byte	0x6
 294 0036 47020000 		.4byte	.LASF1
 295 003a 03       		.uleb128 0x3
 296 003b 01       		.byte	0x1
 297 003c 08       		.byte	0x8
 298 003d 01010000 		.4byte	.LASF2
 299 0041 03       		.uleb128 0x3
 300 0042 02       		.byte	0x2
 301 0043 05       		.byte	0x5
 302 0044 1D020000 		.4byte	.LASF3
 303 0048 03       		.uleb128 0x3
 304 0049 02       		.byte	0x2
 305 004a 07       		.byte	0x7
 306 004b 27010000 		.4byte	.LASF4
 307 004f 04       		.uleb128 0x4
 308 0050 4C000000 		.4byte	.LASF6
 309 0054 02       		.byte	0x2
 310 0055 3F       		.byte	0x3f
 311 0056 5A000000 		.4byte	0x5a
 312 005a 03       		.uleb128 0x3
 313 005b 04       		.byte	0x4
 314 005c 05       		.byte	0x5
 315 005d 3E020000 		.4byte	.LASF5
 316 0061 04       		.uleb128 0x4
 317 0062 4E010000 		.4byte	.LASF7
 318 0066 02       		.byte	0x2
 319 0067 41       		.byte	0x41
 320 0068 6C000000 		.4byte	0x6c
 321 006c 03       		.uleb128 0x3
 322 006d 04       		.byte	0x4
 323 006e 07       		.byte	0x7
 324 006f 15010000 		.4byte	.LASF8
 325 0073 03       		.uleb128 0x3
 326 0074 08       		.byte	0x8
 327 0075 05       		.byte	0x5
 328 0076 E1010000 		.4byte	.LASF9
 329 007a 03       		.uleb128 0x3
 330 007b 08       		.byte	0x8
 331 007c 07       		.byte	0x7
 332 007d EA000000 		.4byte	.LASF10
 333 0081 04       		.uleb128 0x4
 334 0082 D0010000 		.4byte	.LASF11
 335 0086 03       		.byte	0x3
 336 0087 41       		.byte	0x41
ARM GAS  /tmp/ccijEFlw.s 			page 7


 337 0088 4F000000 		.4byte	0x4f
 338 008c 04       		.uleb128 0x4
 339 008d 35020000 		.4byte	.LASF12
 340 0091 03       		.byte	0x3
 341 0092 42       		.byte	0x42
 342 0093 61000000 		.4byte	0x61
 343 0097 03       		.uleb128 0x3
 344 0098 01       		.byte	0x1
 345 0099 02       		.byte	0x2
 346 009a 2A030000 		.4byte	.LASF13
 347 009e 03       		.uleb128 0x3
 348 009f 04       		.byte	0x4
 349 00a0 07       		.byte	0x7
 350 00a1 D8010000 		.4byte	.LASF14
 351 00a5 05       		.uleb128 0x5
 352 00a6 81000000 		.4byte	0x81
 353 00aa 06       		.uleb128 0x6
 354 00ab 01       		.byte	0x1
 355 00ac 04       		.byte	0x4
 356 00ad 4A       		.byte	0x4a
 357 00ae C5000000 		.4byte	0xc5
 358 00b2 07       		.uleb128 0x7
 359 00b3 41000000 		.4byte	.LASF15
 360 00b7 00       		.sleb128 0
 361 00b8 07       		.uleb128 0x7
 362 00b9 3E030000 		.4byte	.LASF16
 363 00bd 01       		.sleb128 1
 364 00be 07       		.uleb128 0x7
 365 00bf 70010000 		.4byte	.LASF17
 366 00c3 02       		.sleb128 2
 367 00c4 00       		.byte	0
 368 00c5 04       		.uleb128 0x4
 369 00c6 25000000 		.4byte	.LASF18
 370 00ca 04       		.byte	0x4
 371 00cb 4E       		.byte	0x4e
 372 00cc AA000000 		.4byte	0xaa
 373 00d0 04       		.uleb128 0x4
 374 00d1 00000000 		.4byte	.LASF19
 375 00d5 04       		.byte	0x4
 376 00d6 53       		.byte	0x53
 377 00d7 DB000000 		.4byte	0xdb
 378 00db 08       		.uleb128 0x8
 379 00dc 00000000 		.4byte	.LASF19
 380 00e0 08       		.byte	0x8
 381 00e1 05       		.byte	0x5
 382 00e2 71       		.byte	0x71
 383 00e3 00010000 		.4byte	0x100
 384 00e7 09       		.uleb128 0x9
 385 00e8 1F000000 		.4byte	.LASF20
 386 00ec 05       		.byte	0x5
 387 00ed 75       		.byte	0x75
 388 00ee C5000000 		.4byte	0xc5
 389 00f2 00       		.byte	0
 390 00f3 09       		.uleb128 0x9
 391 00f4 47010000 		.4byte	.LASF21
 392 00f8 05       		.byte	0x5
 393 00f9 79       		.byte	0x79
ARM GAS  /tmp/ccijEFlw.s 			page 8


 394 00fa 8D010000 		.4byte	0x18d
 395 00fe 04       		.byte	0x4
 396 00ff 00       		.byte	0
 397 0100 04       		.uleb128 0x4
 398 0101 BC000000 		.4byte	.LASF22
 399 0105 05       		.byte	0x5
 400 0106 47       		.byte	0x47
 401 0107 8C000000 		.4byte	0x8c
 402 010b 04       		.uleb128 0x4
 403 010c 97010000 		.4byte	.LASF23
 404 0110 05       		.byte	0x5
 405 0111 4F       		.byte	0x4f
 406 0112 16010000 		.4byte	0x116
 407 0116 0A       		.uleb128 0xa
 408 0117 04       		.byte	0x4
 409 0118 1C010000 		.4byte	0x11c
 410 011c 0B       		.uleb128 0xb
 411 011d 2C010000 		.4byte	0x12c
 412 0121 0C       		.uleb128 0xc
 413 0122 2C010000 		.4byte	0x12c
 414 0126 0C       		.uleb128 0xc
 415 0127 00010000 		.4byte	0x100
 416 012b 00       		.byte	0
 417 012c 0A       		.uleb128 0xa
 418 012d 04       		.byte	0x4
 419 012e D0000000 		.4byte	0xd0
 420 0132 0D       		.uleb128 0xd
 421 0133 08       		.byte	0x8
 422 0134 05       		.byte	0x5
 423 0135 54       		.byte	0x54
 424 0136 52010000 		.4byte	0x152
 425 013a 09       		.uleb128 0x9
 426 013b A5010000 		.4byte	.LASF24
 427 013f 05       		.byte	0x5
 428 0140 58       		.byte	0x58
 429 0141 8C000000 		.4byte	0x8c
 430 0145 00       		.byte	0
 431 0146 0E       		.uleb128 0xe
 432 0147 636200   		.ascii	"cb\000"
 433 014a 05       		.byte	0x5
 434 014b 5F       		.byte	0x5f
 435 014c 0B010000 		.4byte	0x10b
 436 0150 04       		.byte	0x4
 437 0151 00       		.byte	0
 438 0152 04       		.uleb128 0x4
 439 0153 30000000 		.4byte	.LASF25
 440 0157 05       		.byte	0x5
 441 0158 60       		.byte	0x60
 442 0159 32010000 		.4byte	0x132
 443 015d 0D       		.uleb128 0xd
 444 015e 98       		.byte	0x98
 445 015f 05       		.byte	0x5
 446 0160 66       		.byte	0x66
 447 0161 72010000 		.4byte	0x172
 448 0165 09       		.uleb128 0x9
 449 0166 03020000 		.4byte	.LASF26
 450 016a 05       		.byte	0x5
ARM GAS  /tmp/ccijEFlw.s 			page 9


 451 016b 6A       		.byte	0x6a
 452 016c 72010000 		.4byte	0x172
 453 0170 00       		.byte	0
 454 0171 00       		.byte	0
 455 0172 0F       		.uleb128 0xf
 456 0173 52010000 		.4byte	0x152
 457 0177 82010000 		.4byte	0x182
 458 017b 10       		.uleb128 0x10
 459 017c 9E000000 		.4byte	0x9e
 460 0180 12       		.byte	0x12
 461 0181 00       		.byte	0
 462 0182 04       		.uleb128 0x4
 463 0183 8D010000 		.4byte	.LASF27
 464 0187 05       		.byte	0x5
 465 0188 6C       		.byte	0x6c
 466 0189 5D010000 		.4byte	0x15d
 467 018d 0A       		.uleb128 0xa
 468 018e 04       		.byte	0x4
 469 018f 93010000 		.4byte	0x193
 470 0193 11       		.uleb128 0x11
 471 0194 82010000 		.4byte	0x182
 472 0198 12       		.uleb128 0x12
 473 0199 5E000000 		.4byte	.LASF28
 474 019d 01       		.byte	0x1
 475 019e 44       		.byte	0x44
 476 019f 00000000 		.4byte	.LFB56
 477 01a3 04000000 		.4byte	.LFE56-.LFB56
 478 01a7 01       		.uleb128 0x1
 479 01a8 9C       		.byte	0x9c
 480 01a9 B7010000 		.4byte	0x1b7
 481 01ad 13       		.uleb128 0x13
 482 01ae 04000000 		.4byte	.LVL0
 483 01b2 6E030000 		.4byte	0x36e
 484 01b6 00       		.byte	0
 485 01b7 12       		.uleb128 0x12
 486 01b8 27020000 		.4byte	.LASF29
 487 01bc 01       		.byte	0x1
 488 01bd 50       		.byte	0x50
 489 01be 00000000 		.4byte	.LFB57
 490 01c2 0A000000 		.4byte	.LFE57-.LFB57
 491 01c6 01       		.uleb128 0x1
 492 01c7 9C       		.byte	0x9c
 493 01c8 DA010000 		.4byte	0x1da
 494 01cc 14       		.uleb128 0x14
 495 01cd 88010000 		.4byte	.LASF31
 496 01d1 01       		.byte	0x1
 497 01d2 50       		.byte	0x50
 498 01d3 2C010000 		.4byte	0x12c
 499 01d7 01       		.uleb128 0x1
 500 01d8 50       		.byte	0x50
 501 01d9 00       		.byte	0
 502 01da 12       		.uleb128 0x12
 503 01db C9000000 		.4byte	.LASF30
 504 01df 01       		.byte	0x1
 505 01e0 60       		.byte	0x60
 506 01e1 00000000 		.4byte	.LFB58
 507 01e5 18000000 		.4byte	.LFE58-.LFB58
ARM GAS  /tmp/ccijEFlw.s 			page 10


 508 01e9 01       		.uleb128 0x1
 509 01ea 9C       		.byte	0x9c
 510 01eb 1E020000 		.4byte	0x21e
 511 01ef 15       		.uleb128 0x15
 512 01f0 88010000 		.4byte	.LASF31
 513 01f4 01       		.byte	0x1
 514 01f5 60       		.byte	0x60
 515 01f6 2C010000 		.4byte	0x12c
 516 01fa 00000000 		.4byte	.LLST0
 517 01fe 15       		.uleb128 0x15
 518 01ff 47010000 		.4byte	.LASF21
 519 0203 01       		.byte	0x1
 520 0204 60       		.byte	0x60
 521 0205 8D010000 		.4byte	0x18d
 522 0209 1E000000 		.4byte	.LLST1
 523 020d 16       		.uleb128 0x16
 524 020e 0E000000 		.4byte	.LVL3
 525 0212 75030000 		.4byte	0x375
 526 0216 17       		.uleb128 0x17
 527 0217 01       		.uleb128 0x1
 528 0218 50       		.byte	0x50
 529 0219 02       		.uleb128 0x2
 530 021a 74       		.byte	0x74
 531 021b 00       		.sleb128 0
 532 021c 00       		.byte	0
 533 021d 00       		.byte	0
 534 021e 12       		.uleb128 0x12
 535 021f 56000000 		.4byte	.LASF32
 536 0223 01       		.byte	0x1
 537 0224 74       		.byte	0x74
 538 0225 00000000 		.4byte	.LFB59
 539 0229 16000000 		.4byte	.LFE59-.LFB59
 540 022d 01       		.uleb128 0x1
 541 022e 9C       		.byte	0x9c
 542 022f 53020000 		.4byte	0x253
 543 0233 15       		.uleb128 0x15
 544 0234 88010000 		.4byte	.LASF31
 545 0238 01       		.byte	0x1
 546 0239 74       		.byte	0x74
 547 023a 2C010000 		.4byte	0x12c
 548 023e 3F000000 		.4byte	.LLST2
 549 0242 16       		.uleb128 0x16
 550 0243 0C000000 		.4byte	.LVL5
 551 0247 86030000 		.4byte	0x386
 552 024b 17       		.uleb128 0x17
 553 024c 01       		.uleb128 0x1
 554 024d 50       		.byte	0x50
 555 024e 02       		.uleb128 0x2
 556 024f 74       		.byte	0x74
 557 0250 00       		.sleb128 0
 558 0251 00       		.byte	0
 559 0252 00       		.byte	0
 560 0253 12       		.uleb128 0x12
 561 0254 0C020000 		.4byte	.LASF33
 562 0258 01       		.byte	0x1
 563 0259 89       		.byte	0x89
 564 025a 00000000 		.4byte	.LFB60
ARM GAS  /tmp/ccijEFlw.s 			page 11


 565 025e 10000000 		.4byte	.LFE60-.LFB60
 566 0262 01       		.uleb128 0x1
 567 0263 9C       		.byte	0x9c
 568 0264 9F020000 		.4byte	0x29f
 569 0268 15       		.uleb128 0x15
 570 0269 88010000 		.4byte	.LASF31
 571 026d 01       		.byte	0x1
 572 026e 89       		.byte	0x89
 573 026f 2C010000 		.4byte	0x12c
 574 0273 5D000000 		.4byte	.LLST3
 575 0277 15       		.uleb128 0x15
 576 0278 0A000000 		.4byte	.LASF34
 577 027c 01       		.byte	0x1
 578 027d 89       		.byte	0x89
 579 027e 00010000 		.4byte	0x100
 580 0282 7E000000 		.4byte	.LLST4
 581 0286 16       		.uleb128 0x16
 582 0287 0A000000 		.4byte	.LVL7
 583 028b 97030000 		.4byte	0x397
 584 028f 17       		.uleb128 0x17
 585 0290 01       		.uleb128 0x1
 586 0291 51       		.byte	0x51
 587 0292 03       		.uleb128 0x3
 588 0293 F3       		.byte	0xf3
 589 0294 01       		.uleb128 0x1
 590 0295 51       		.byte	0x51
 591 0296 17       		.uleb128 0x17
 592 0297 01       		.uleb128 0x1
 593 0298 50       		.byte	0x50
 594 0299 03       		.uleb128 0x3
 595 029a F3       		.byte	0xf3
 596 029b 01       		.uleb128 0x1
 597 029c 50       		.byte	0x50
 598 029d 00       		.byte	0
 599 029e 00       		.byte	0
 600 029f 12       		.uleb128 0x12
 601 02a0 53020000 		.4byte	.LASF35
 602 02a4 01       		.byte	0x1
 603 02a5 A0       		.byte	0xa0
 604 02a6 00000000 		.4byte	.LFB61
 605 02aa 10000000 		.4byte	.LFE61-.LFB61
 606 02ae 01       		.uleb128 0x1
 607 02af 9C       		.byte	0x9c
 608 02b0 EB020000 		.4byte	0x2eb
 609 02b4 15       		.uleb128 0x15
 610 02b5 88010000 		.4byte	.LASF31
 611 02b9 01       		.byte	0x1
 612 02ba A0       		.byte	0xa0
 613 02bb 2C010000 		.4byte	0x12c
 614 02bf 9F000000 		.4byte	.LLST5
 615 02c3 15       		.uleb128 0x15
 616 02c4 0A000000 		.4byte	.LASF34
 617 02c8 01       		.byte	0x1
 618 02c9 A0       		.byte	0xa0
 619 02ca 00010000 		.4byte	0x100
 620 02ce C0000000 		.4byte	.LLST6
 621 02d2 16       		.uleb128 0x16
ARM GAS  /tmp/ccijEFlw.s 			page 12


 622 02d3 0A000000 		.4byte	.LVL9
 623 02d7 AD030000 		.4byte	0x3ad
 624 02db 17       		.uleb128 0x17
 625 02dc 01       		.uleb128 0x1
 626 02dd 51       		.byte	0x51
 627 02de 03       		.uleb128 0x3
 628 02df F3       		.byte	0xf3
 629 02e0 01       		.uleb128 0x1
 630 02e1 51       		.byte	0x51
 631 02e2 17       		.uleb128 0x17
 632 02e3 01       		.uleb128 0x1
 633 02e4 50       		.byte	0x50
 634 02e5 03       		.uleb128 0x3
 635 02e6 F3       		.byte	0xf3
 636 02e7 01       		.uleb128 0x1
 637 02e8 50       		.byte	0x50
 638 02e9 00       		.byte	0
 639 02ea 00       		.byte	0
 640 02eb 12       		.uleb128 0x12
 641 02ec B7010000 		.4byte	.LASF36
 642 02f0 01       		.byte	0x1
 643 02f1 BF       		.byte	0xbf
 644 02f2 00000000 		.4byte	.LFB62
 645 02f6 1E000000 		.4byte	.LFE62-.LFB62
 646 02fa 01       		.uleb128 0x1
 647 02fb 9C       		.byte	0x9c
 648 02fc 51030000 		.4byte	0x351
 649 0300 15       		.uleb128 0x15
 650 0301 88010000 		.4byte	.LASF31
 651 0305 01       		.byte	0x1
 652 0306 BF       		.byte	0xbf
 653 0307 2C010000 		.4byte	0x12c
 654 030b E1000000 		.4byte	.LLST7
 655 030f 15       		.uleb128 0x15
 656 0310 0A000000 		.4byte	.LASF34
 657 0314 01       		.byte	0x1
 658 0315 C0       		.byte	0xc0
 659 0316 00010000 		.4byte	0x100
 660 031a 18010000 		.4byte	.LLST8
 661 031e 15       		.uleb128 0x15
 662 031f 0F010000 		.4byte	.LASF37
 663 0323 01       		.byte	0x1
 664 0324 C1       		.byte	0xc1
 665 0325 51030000 		.4byte	0x351
 666 0329 44010000 		.4byte	.LLST9
 667 032d 18       		.uleb128 0x18
 668 032e CA010000 		.4byte	.LASF44
 669 0332 01       		.byte	0x1
 670 0333 C2       		.byte	0xc2
 671 0334 5C030000 		.4byte	0x35c
 672 0338 19       		.uleb128 0x19
 673 0339 1E000000 		.4byte	.LVL14
 674 033d 97030000 		.4byte	0x397
 675 0341 17       		.uleb128 0x17
 676 0342 01       		.uleb128 0x1
 677 0343 51       		.byte	0x51
 678 0344 03       		.uleb128 0x3
ARM GAS  /tmp/ccijEFlw.s 			page 13


 679 0345 F3       		.byte	0xf3
 680 0346 01       		.uleb128 0x1
 681 0347 51       		.byte	0x51
 682 0348 17       		.uleb128 0x17
 683 0349 01       		.uleb128 0x1
 684 034a 50       		.byte	0x50
 685 034b 03       		.uleb128 0x3
 686 034c F3       		.byte	0xf3
 687 034d 01       		.uleb128 0x1
 688 034e 50       		.byte	0x50
 689 034f 00       		.byte	0
 690 0350 00       		.byte	0
 691 0351 0A       		.uleb128 0xa
 692 0352 04       		.byte	0x4
 693 0353 57030000 		.4byte	0x357
 694 0357 11       		.uleb128 0x11
 695 0358 52010000 		.4byte	0x152
 696 035c 0A       		.uleb128 0xa
 697 035d 04       		.byte	0x4
 698 035e 52010000 		.4byte	0x152
 699 0362 1A       		.uleb128 0x1a
 700 0363 3A010000 		.4byte	.LASF45
 701 0367 06       		.byte	0x6
 702 0368 0706     		.2byte	0x607
 703 036a A5000000 		.4byte	0xa5
 704 036e 1B       		.uleb128 0x1b
 705 036f 12000000 		.4byte	.LASF46
 706 0373 05       		.byte	0x5
 707 0374 8C       		.byte	0x8c
 708 0375 1C       		.uleb128 0x1c
 709 0376 30030000 		.4byte	.LASF38
 710 037a 05       		.byte	0x5
 711 037b 8D       		.byte	0x8d
 712 037c 86030000 		.4byte	0x386
 713 0380 0C       		.uleb128 0xc
 714 0381 2C010000 		.4byte	0x12c
 715 0385 00       		.byte	0
 716 0386 1C       		.uleb128 0x1c
 717 0387 AA010000 		.4byte	.LASF39
 718 038b 05       		.byte	0x5
 719 038c 8E       		.byte	0x8e
 720 038d 97030000 		.4byte	0x397
 721 0391 0C       		.uleb128 0xc
 722 0392 2C010000 		.4byte	0x12c
 723 0396 00       		.byte	0
 724 0397 1C       		.uleb128 0x1c
 725 0398 59010000 		.4byte	.LASF40
 726 039c 05       		.byte	0x5
 727 039d 8F       		.byte	0x8f
 728 039e AD030000 		.4byte	0x3ad
 729 03a2 0C       		.uleb128 0xc
 730 03a3 2C010000 		.4byte	0x12c
 731 03a7 0C       		.uleb128 0xc
 732 03a8 00010000 		.4byte	0x100
 733 03ac 00       		.byte	0
 734 03ad 1D       		.uleb128 0x1d
 735 03ae D2000000 		.4byte	.LASF47
ARM GAS  /tmp/ccijEFlw.s 			page 14


 736 03b2 05       		.byte	0x5
 737 03b3 90       		.byte	0x90
 738 03b4 0C       		.uleb128 0xc
 739 03b5 2C010000 		.4byte	0x12c
 740 03b9 0C       		.uleb128 0xc
 741 03ba 00010000 		.4byte	0x100
 742 03be 00       		.byte	0
 743 03bf 00       		.byte	0
 744              		.section	.debug_abbrev,"",%progbits
 745              	.Ldebug_abbrev0:
 746 0000 01       		.uleb128 0x1
 747 0001 11       		.uleb128 0x11
 748 0002 01       		.byte	0x1
 749 0003 25       		.uleb128 0x25
 750 0004 0E       		.uleb128 0xe
 751 0005 13       		.uleb128 0x13
 752 0006 0B       		.uleb128 0xb
 753 0007 03       		.uleb128 0x3
 754 0008 0E       		.uleb128 0xe
 755 0009 1B       		.uleb128 0x1b
 756 000a 0E       		.uleb128 0xe
 757 000b 55       		.uleb128 0x55
 758 000c 17       		.uleb128 0x17
 759 000d 11       		.uleb128 0x11
 760 000e 01       		.uleb128 0x1
 761 000f 10       		.uleb128 0x10
 762 0010 17       		.uleb128 0x17
 763 0011 00       		.byte	0
 764 0012 00       		.byte	0
 765 0013 02       		.uleb128 0x2
 766 0014 24       		.uleb128 0x24
 767 0015 00       		.byte	0
 768 0016 0B       		.uleb128 0xb
 769 0017 0B       		.uleb128 0xb
 770 0018 3E       		.uleb128 0x3e
 771 0019 0B       		.uleb128 0xb
 772 001a 03       		.uleb128 0x3
 773 001b 08       		.uleb128 0x8
 774 001c 00       		.byte	0
 775 001d 00       		.byte	0
 776 001e 03       		.uleb128 0x3
 777 001f 24       		.uleb128 0x24
 778 0020 00       		.byte	0
 779 0021 0B       		.uleb128 0xb
 780 0022 0B       		.uleb128 0xb
 781 0023 3E       		.uleb128 0x3e
 782 0024 0B       		.uleb128 0xb
 783 0025 03       		.uleb128 0x3
 784 0026 0E       		.uleb128 0xe
 785 0027 00       		.byte	0
 786 0028 00       		.byte	0
 787 0029 04       		.uleb128 0x4
 788 002a 16       		.uleb128 0x16
 789 002b 00       		.byte	0
 790 002c 03       		.uleb128 0x3
 791 002d 0E       		.uleb128 0xe
 792 002e 3A       		.uleb128 0x3a
ARM GAS  /tmp/ccijEFlw.s 			page 15


 793 002f 0B       		.uleb128 0xb
 794 0030 3B       		.uleb128 0x3b
 795 0031 0B       		.uleb128 0xb
 796 0032 49       		.uleb128 0x49
 797 0033 13       		.uleb128 0x13
 798 0034 00       		.byte	0
 799 0035 00       		.byte	0
 800 0036 05       		.uleb128 0x5
 801 0037 35       		.uleb128 0x35
 802 0038 00       		.byte	0
 803 0039 49       		.uleb128 0x49
 804 003a 13       		.uleb128 0x13
 805 003b 00       		.byte	0
 806 003c 00       		.byte	0
 807 003d 06       		.uleb128 0x6
 808 003e 04       		.uleb128 0x4
 809 003f 01       		.byte	0x1
 810 0040 0B       		.uleb128 0xb
 811 0041 0B       		.uleb128 0xb
 812 0042 3A       		.uleb128 0x3a
 813 0043 0B       		.uleb128 0xb
 814 0044 3B       		.uleb128 0x3b
 815 0045 0B       		.uleb128 0xb
 816 0046 01       		.uleb128 0x1
 817 0047 13       		.uleb128 0x13
 818 0048 00       		.byte	0
 819 0049 00       		.byte	0
 820 004a 07       		.uleb128 0x7
 821 004b 28       		.uleb128 0x28
 822 004c 00       		.byte	0
 823 004d 03       		.uleb128 0x3
 824 004e 0E       		.uleb128 0xe
 825 004f 1C       		.uleb128 0x1c
 826 0050 0D       		.uleb128 0xd
 827 0051 00       		.byte	0
 828 0052 00       		.byte	0
 829 0053 08       		.uleb128 0x8
 830 0054 13       		.uleb128 0x13
 831 0055 01       		.byte	0x1
 832 0056 03       		.uleb128 0x3
 833 0057 0E       		.uleb128 0xe
 834 0058 0B       		.uleb128 0xb
 835 0059 0B       		.uleb128 0xb
 836 005a 3A       		.uleb128 0x3a
 837 005b 0B       		.uleb128 0xb
 838 005c 3B       		.uleb128 0x3b
 839 005d 0B       		.uleb128 0xb
 840 005e 01       		.uleb128 0x1
 841 005f 13       		.uleb128 0x13
 842 0060 00       		.byte	0
 843 0061 00       		.byte	0
 844 0062 09       		.uleb128 0x9
 845 0063 0D       		.uleb128 0xd
 846 0064 00       		.byte	0
 847 0065 03       		.uleb128 0x3
 848 0066 0E       		.uleb128 0xe
 849 0067 3A       		.uleb128 0x3a
ARM GAS  /tmp/ccijEFlw.s 			page 16


 850 0068 0B       		.uleb128 0xb
 851 0069 3B       		.uleb128 0x3b
 852 006a 0B       		.uleb128 0xb
 853 006b 49       		.uleb128 0x49
 854 006c 13       		.uleb128 0x13
 855 006d 38       		.uleb128 0x38
 856 006e 0B       		.uleb128 0xb
 857 006f 00       		.byte	0
 858 0070 00       		.byte	0
 859 0071 0A       		.uleb128 0xa
 860 0072 0F       		.uleb128 0xf
 861 0073 00       		.byte	0
 862 0074 0B       		.uleb128 0xb
 863 0075 0B       		.uleb128 0xb
 864 0076 49       		.uleb128 0x49
 865 0077 13       		.uleb128 0x13
 866 0078 00       		.byte	0
 867 0079 00       		.byte	0
 868 007a 0B       		.uleb128 0xb
 869 007b 15       		.uleb128 0x15
 870 007c 01       		.byte	0x1
 871 007d 27       		.uleb128 0x27
 872 007e 19       		.uleb128 0x19
 873 007f 01       		.uleb128 0x1
 874 0080 13       		.uleb128 0x13
 875 0081 00       		.byte	0
 876 0082 00       		.byte	0
 877 0083 0C       		.uleb128 0xc
 878 0084 05       		.uleb128 0x5
 879 0085 00       		.byte	0
 880 0086 49       		.uleb128 0x49
 881 0087 13       		.uleb128 0x13
 882 0088 00       		.byte	0
 883 0089 00       		.byte	0
 884 008a 0D       		.uleb128 0xd
 885 008b 13       		.uleb128 0x13
 886 008c 01       		.byte	0x1
 887 008d 0B       		.uleb128 0xb
 888 008e 0B       		.uleb128 0xb
 889 008f 3A       		.uleb128 0x3a
 890 0090 0B       		.uleb128 0xb
 891 0091 3B       		.uleb128 0x3b
 892 0092 0B       		.uleb128 0xb
 893 0093 01       		.uleb128 0x1
 894 0094 13       		.uleb128 0x13
 895 0095 00       		.byte	0
 896 0096 00       		.byte	0
 897 0097 0E       		.uleb128 0xe
 898 0098 0D       		.uleb128 0xd
 899 0099 00       		.byte	0
 900 009a 03       		.uleb128 0x3
 901 009b 08       		.uleb128 0x8
 902 009c 3A       		.uleb128 0x3a
 903 009d 0B       		.uleb128 0xb
 904 009e 3B       		.uleb128 0x3b
 905 009f 0B       		.uleb128 0xb
 906 00a0 49       		.uleb128 0x49
ARM GAS  /tmp/ccijEFlw.s 			page 17


 907 00a1 13       		.uleb128 0x13
 908 00a2 38       		.uleb128 0x38
 909 00a3 0B       		.uleb128 0xb
 910 00a4 00       		.byte	0
 911 00a5 00       		.byte	0
 912 00a6 0F       		.uleb128 0xf
 913 00a7 01       		.uleb128 0x1
 914 00a8 01       		.byte	0x1
 915 00a9 49       		.uleb128 0x49
 916 00aa 13       		.uleb128 0x13
 917 00ab 01       		.uleb128 0x1
 918 00ac 13       		.uleb128 0x13
 919 00ad 00       		.byte	0
 920 00ae 00       		.byte	0
 921 00af 10       		.uleb128 0x10
 922 00b0 21       		.uleb128 0x21
 923 00b1 00       		.byte	0
 924 00b2 49       		.uleb128 0x49
 925 00b3 13       		.uleb128 0x13
 926 00b4 2F       		.uleb128 0x2f
 927 00b5 0B       		.uleb128 0xb
 928 00b6 00       		.byte	0
 929 00b7 00       		.byte	0
 930 00b8 11       		.uleb128 0x11
 931 00b9 26       		.uleb128 0x26
 932 00ba 00       		.byte	0
 933 00bb 49       		.uleb128 0x49
 934 00bc 13       		.uleb128 0x13
 935 00bd 00       		.byte	0
 936 00be 00       		.byte	0
 937 00bf 12       		.uleb128 0x12
 938 00c0 2E       		.uleb128 0x2e
 939 00c1 01       		.byte	0x1
 940 00c2 3F       		.uleb128 0x3f
 941 00c3 19       		.uleb128 0x19
 942 00c4 03       		.uleb128 0x3
 943 00c5 0E       		.uleb128 0xe
 944 00c6 3A       		.uleb128 0x3a
 945 00c7 0B       		.uleb128 0xb
 946 00c8 3B       		.uleb128 0x3b
 947 00c9 0B       		.uleb128 0xb
 948 00ca 27       		.uleb128 0x27
 949 00cb 19       		.uleb128 0x19
 950 00cc 11       		.uleb128 0x11
 951 00cd 01       		.uleb128 0x1
 952 00ce 12       		.uleb128 0x12
 953 00cf 06       		.uleb128 0x6
 954 00d0 40       		.uleb128 0x40
 955 00d1 18       		.uleb128 0x18
 956 00d2 9742     		.uleb128 0x2117
 957 00d4 19       		.uleb128 0x19
 958 00d5 01       		.uleb128 0x1
 959 00d6 13       		.uleb128 0x13
 960 00d7 00       		.byte	0
 961 00d8 00       		.byte	0
 962 00d9 13       		.uleb128 0x13
 963 00da 898201   		.uleb128 0x4109
ARM GAS  /tmp/ccijEFlw.s 			page 18


 964 00dd 00       		.byte	0
 965 00de 11       		.uleb128 0x11
 966 00df 01       		.uleb128 0x1
 967 00e0 9542     		.uleb128 0x2115
 968 00e2 19       		.uleb128 0x19
 969 00e3 31       		.uleb128 0x31
 970 00e4 13       		.uleb128 0x13
 971 00e5 00       		.byte	0
 972 00e6 00       		.byte	0
 973 00e7 14       		.uleb128 0x14
 974 00e8 05       		.uleb128 0x5
 975 00e9 00       		.byte	0
 976 00ea 03       		.uleb128 0x3
 977 00eb 0E       		.uleb128 0xe
 978 00ec 3A       		.uleb128 0x3a
 979 00ed 0B       		.uleb128 0xb
 980 00ee 3B       		.uleb128 0x3b
 981 00ef 0B       		.uleb128 0xb
 982 00f0 49       		.uleb128 0x49
 983 00f1 13       		.uleb128 0x13
 984 00f2 02       		.uleb128 0x2
 985 00f3 18       		.uleb128 0x18
 986 00f4 00       		.byte	0
 987 00f5 00       		.byte	0
 988 00f6 15       		.uleb128 0x15
 989 00f7 05       		.uleb128 0x5
 990 00f8 00       		.byte	0
 991 00f9 03       		.uleb128 0x3
 992 00fa 0E       		.uleb128 0xe
 993 00fb 3A       		.uleb128 0x3a
 994 00fc 0B       		.uleb128 0xb
 995 00fd 3B       		.uleb128 0x3b
 996 00fe 0B       		.uleb128 0xb
 997 00ff 49       		.uleb128 0x49
 998 0100 13       		.uleb128 0x13
 999 0101 02       		.uleb128 0x2
 1000 0102 17       		.uleb128 0x17
 1001 0103 00       		.byte	0
 1002 0104 00       		.byte	0
 1003 0105 16       		.uleb128 0x16
 1004 0106 898201   		.uleb128 0x4109
 1005 0109 01       		.byte	0x1
 1006 010a 11       		.uleb128 0x11
 1007 010b 01       		.uleb128 0x1
 1008 010c 31       		.uleb128 0x31
 1009 010d 13       		.uleb128 0x13
 1010 010e 00       		.byte	0
 1011 010f 00       		.byte	0
 1012 0110 17       		.uleb128 0x17
 1013 0111 8A8201   		.uleb128 0x410a
 1014 0114 00       		.byte	0
 1015 0115 02       		.uleb128 0x2
 1016 0116 18       		.uleb128 0x18
 1017 0117 9142     		.uleb128 0x2111
 1018 0119 18       		.uleb128 0x18
 1019 011a 00       		.byte	0
 1020 011b 00       		.byte	0
ARM GAS  /tmp/ccijEFlw.s 			page 19


 1021 011c 18       		.uleb128 0x18
 1022 011d 34       		.uleb128 0x34
 1023 011e 00       		.byte	0
 1024 011f 03       		.uleb128 0x3
 1025 0120 0E       		.uleb128 0xe
 1026 0121 3A       		.uleb128 0x3a
 1027 0122 0B       		.uleb128 0xb
 1028 0123 3B       		.uleb128 0x3b
 1029 0124 0B       		.uleb128 0xb
 1030 0125 49       		.uleb128 0x49
 1031 0126 13       		.uleb128 0x13
 1032 0127 00       		.byte	0
 1033 0128 00       		.byte	0
 1034 0129 19       		.uleb128 0x19
 1035 012a 898201   		.uleb128 0x4109
 1036 012d 01       		.byte	0x1
 1037 012e 11       		.uleb128 0x11
 1038 012f 01       		.uleb128 0x1
 1039 0130 9542     		.uleb128 0x2115
 1040 0132 19       		.uleb128 0x19
 1041 0133 31       		.uleb128 0x31
 1042 0134 13       		.uleb128 0x13
 1043 0135 00       		.byte	0
 1044 0136 00       		.byte	0
 1045 0137 1A       		.uleb128 0x1a
 1046 0138 34       		.uleb128 0x34
 1047 0139 00       		.byte	0
 1048 013a 03       		.uleb128 0x3
 1049 013b 0E       		.uleb128 0xe
 1050 013c 3A       		.uleb128 0x3a
 1051 013d 0B       		.uleb128 0xb
 1052 013e 3B       		.uleb128 0x3b
 1053 013f 05       		.uleb128 0x5
 1054 0140 49       		.uleb128 0x49
 1055 0141 13       		.uleb128 0x13
 1056 0142 3F       		.uleb128 0x3f
 1057 0143 19       		.uleb128 0x19
 1058 0144 3C       		.uleb128 0x3c
 1059 0145 19       		.uleb128 0x19
 1060 0146 00       		.byte	0
 1061 0147 00       		.byte	0
 1062 0148 1B       		.uleb128 0x1b
 1063 0149 2E       		.uleb128 0x2e
 1064 014a 00       		.byte	0
 1065 014b 3F       		.uleb128 0x3f
 1066 014c 19       		.uleb128 0x19
 1067 014d 03       		.uleb128 0x3
 1068 014e 0E       		.uleb128 0xe
 1069 014f 3A       		.uleb128 0x3a
 1070 0150 0B       		.uleb128 0xb
 1071 0151 3B       		.uleb128 0x3b
 1072 0152 0B       		.uleb128 0xb
 1073 0153 27       		.uleb128 0x27
 1074 0154 19       		.uleb128 0x19
 1075 0155 3C       		.uleb128 0x3c
 1076 0156 19       		.uleb128 0x19
 1077 0157 00       		.byte	0
ARM GAS  /tmp/ccijEFlw.s 			page 20


 1078 0158 00       		.byte	0
 1079 0159 1C       		.uleb128 0x1c
 1080 015a 2E       		.uleb128 0x2e
 1081 015b 01       		.byte	0x1
 1082 015c 3F       		.uleb128 0x3f
 1083 015d 19       		.uleb128 0x19
 1084 015e 03       		.uleb128 0x3
 1085 015f 0E       		.uleb128 0xe
 1086 0160 3A       		.uleb128 0x3a
 1087 0161 0B       		.uleb128 0xb
 1088 0162 3B       		.uleb128 0x3b
 1089 0163 0B       		.uleb128 0xb
 1090 0164 27       		.uleb128 0x27
 1091 0165 19       		.uleb128 0x19
 1092 0166 3C       		.uleb128 0x3c
 1093 0167 19       		.uleb128 0x19
 1094 0168 01       		.uleb128 0x1
 1095 0169 13       		.uleb128 0x13
 1096 016a 00       		.byte	0
 1097 016b 00       		.byte	0
 1098 016c 1D       		.uleb128 0x1d
 1099 016d 2E       		.uleb128 0x2e
 1100 016e 01       		.byte	0x1
 1101 016f 3F       		.uleb128 0x3f
 1102 0170 19       		.uleb128 0x19
 1103 0171 03       		.uleb128 0x3
 1104 0172 0E       		.uleb128 0xe
 1105 0173 3A       		.uleb128 0x3a
 1106 0174 0B       		.uleb128 0xb
 1107 0175 3B       		.uleb128 0x3b
 1108 0176 0B       		.uleb128 0xb
 1109 0177 27       		.uleb128 0x27
 1110 0178 19       		.uleb128 0x19
 1111 0179 3C       		.uleb128 0x3c
 1112 017a 19       		.uleb128 0x19
 1113 017b 00       		.byte	0
 1114 017c 00       		.byte	0
 1115 017d 00       		.byte	0
 1116              		.section	.debug_loc,"",%progbits
 1117              	.Ldebug_loc0:
 1118              	.LLST0:
 1119 0000 00000000 		.4byte	.LVL2
 1120 0004 0D000000 		.4byte	.LVL3-1
 1121 0008 0100     		.2byte	0x1
 1122 000a 50       		.byte	0x50
 1123 000b 0D000000 		.4byte	.LVL3-1
 1124 000f 18000000 		.4byte	.LFE58
 1125 0013 0100     		.2byte	0x1
 1126 0015 54       		.byte	0x54
 1127 0016 00000000 		.4byte	0
 1128 001a 00000000 		.4byte	0
 1129              	.LLST1:
 1130 001e 00000000 		.4byte	.LVL2
 1131 0022 0D000000 		.4byte	.LVL3-1
 1132 0026 0100     		.2byte	0x1
 1133 0028 51       		.byte	0x51
 1134 0029 0D000000 		.4byte	.LVL3-1
ARM GAS  /tmp/ccijEFlw.s 			page 21


 1135 002d 18000000 		.4byte	.LFE58
 1136 0031 0400     		.2byte	0x4
 1137 0033 F3       		.byte	0xf3
 1138 0034 01       		.uleb128 0x1
 1139 0035 51       		.byte	0x51
 1140 0036 9F       		.byte	0x9f
 1141 0037 00000000 		.4byte	0
 1142 003b 00000000 		.4byte	0
 1143              	.LLST2:
 1144 003f 00000000 		.4byte	.LVL4
 1145 0043 0B000000 		.4byte	.LVL5-1
 1146 0047 0100     		.2byte	0x1
 1147 0049 50       		.byte	0x50
 1148 004a 0B000000 		.4byte	.LVL5-1
 1149 004e 16000000 		.4byte	.LFE59
 1150 0052 0100     		.2byte	0x1
 1151 0054 54       		.byte	0x54
 1152 0055 00000000 		.4byte	0
 1153 0059 00000000 		.4byte	0
 1154              	.LLST3:
 1155 005d 00000000 		.4byte	.LVL6
 1156 0061 09000000 		.4byte	.LVL7-1
 1157 0065 0100     		.2byte	0x1
 1158 0067 50       		.byte	0x50
 1159 0068 09000000 		.4byte	.LVL7-1
 1160 006c 10000000 		.4byte	.LFE60
 1161 0070 0400     		.2byte	0x4
 1162 0072 F3       		.byte	0xf3
 1163 0073 01       		.uleb128 0x1
 1164 0074 50       		.byte	0x50
 1165 0075 9F       		.byte	0x9f
 1166 0076 00000000 		.4byte	0
 1167 007a 00000000 		.4byte	0
 1168              	.LLST4:
 1169 007e 00000000 		.4byte	.LVL6
 1170 0082 09000000 		.4byte	.LVL7-1
 1171 0086 0100     		.2byte	0x1
 1172 0088 51       		.byte	0x51
 1173 0089 09000000 		.4byte	.LVL7-1
 1174 008d 10000000 		.4byte	.LFE60
 1175 0091 0400     		.2byte	0x4
 1176 0093 F3       		.byte	0xf3
 1177 0094 01       		.uleb128 0x1
 1178 0095 51       		.byte	0x51
 1179 0096 9F       		.byte	0x9f
 1180 0097 00000000 		.4byte	0
 1181 009b 00000000 		.4byte	0
 1182              	.LLST5:
 1183 009f 00000000 		.4byte	.LVL8
 1184 00a3 09000000 		.4byte	.LVL9-1
 1185 00a7 0100     		.2byte	0x1
 1186 00a9 50       		.byte	0x50
 1187 00aa 09000000 		.4byte	.LVL9-1
 1188 00ae 10000000 		.4byte	.LFE61
 1189 00b2 0400     		.2byte	0x4
 1190 00b4 F3       		.byte	0xf3
 1191 00b5 01       		.uleb128 0x1
ARM GAS  /tmp/ccijEFlw.s 			page 22


 1192 00b6 50       		.byte	0x50
 1193 00b7 9F       		.byte	0x9f
 1194 00b8 00000000 		.4byte	0
 1195 00bc 00000000 		.4byte	0
 1196              	.LLST6:
 1197 00c0 00000000 		.4byte	.LVL8
 1198 00c4 09000000 		.4byte	.LVL9-1
 1199 00c8 0100     		.2byte	0x1
 1200 00ca 51       		.byte	0x51
 1201 00cb 09000000 		.4byte	.LVL9-1
 1202 00cf 10000000 		.4byte	.LFE61
 1203 00d3 0400     		.2byte	0x4
 1204 00d5 F3       		.byte	0xf3
 1205 00d6 01       		.uleb128 0x1
 1206 00d7 51       		.byte	0x51
 1207 00d8 9F       		.byte	0x9f
 1208 00d9 00000000 		.4byte	0
 1209 00dd 00000000 		.4byte	0
 1210              	.LLST7:
 1211 00e1 00000000 		.4byte	.LVL10
 1212 00e5 10000000 		.4byte	.LVL12
 1213 00e9 0100     		.2byte	0x1
 1214 00eb 50       		.byte	0x50
 1215 00ec 10000000 		.4byte	.LVL12
 1216 00f0 1A000000 		.4byte	.LVL13
 1217 00f4 0100     		.2byte	0x1
 1218 00f6 54       		.byte	0x54
 1219 00f7 1A000000 		.4byte	.LVL13
 1220 00fb 1D000000 		.4byte	.LVL14-1
 1221 00ff 0100     		.2byte	0x1
 1222 0101 50       		.byte	0x50
 1223 0102 1D000000 		.4byte	.LVL14-1
 1224 0106 1E000000 		.4byte	.LFE62
 1225 010a 0400     		.2byte	0x4
 1226 010c F3       		.byte	0xf3
 1227 010d 01       		.uleb128 0x1
 1228 010e 50       		.byte	0x50
 1229 010f 9F       		.byte	0x9f
 1230 0110 00000000 		.4byte	0
 1231 0114 00000000 		.4byte	0
 1232              	.LLST8:
 1233 0118 00000000 		.4byte	.LVL10
 1234 011c 10000000 		.4byte	.LVL12
 1235 0120 0100     		.2byte	0x1
 1236 0122 51       		.byte	0x51
 1237 0123 10000000 		.4byte	.LVL12
 1238 0127 1D000000 		.4byte	.LVL14-1
 1239 012b 0100     		.2byte	0x1
 1240 012d 53       		.byte	0x53
 1241 012e 1D000000 		.4byte	.LVL14-1
 1242 0132 1E000000 		.4byte	.LFE62
 1243 0136 0400     		.2byte	0x4
 1244 0138 F3       		.byte	0xf3
 1245 0139 01       		.uleb128 0x1
 1246 013a 51       		.byte	0x51
 1247 013b 9F       		.byte	0x9f
 1248 013c 00000000 		.4byte	0
ARM GAS  /tmp/ccijEFlw.s 			page 23


 1249 0140 00000000 		.4byte	0
 1250              	.LLST9:
 1251 0144 00000000 		.4byte	.LVL10
 1252 0148 1D000000 		.4byte	.LVL14-1
 1253 014c 0100     		.2byte	0x1
 1254 014e 52       		.byte	0x52
 1255 014f 1D000000 		.4byte	.LVL14-1
 1256 0153 1E000000 		.4byte	.LFE62
 1257 0157 0400     		.2byte	0x4
 1258 0159 F3       		.byte	0xf3
 1259 015a 01       		.uleb128 0x1
 1260 015b 52       		.byte	0x52
 1261 015c 9F       		.byte	0x9f
 1262 015d 00000000 		.4byte	0
 1263 0161 00000000 		.4byte	0
 1264              		.section	.debug_aranges,"",%progbits
 1265 0000 4C000000 		.4byte	0x4c
 1266 0004 0200     		.2byte	0x2
 1267 0006 00000000 		.4byte	.Ldebug_info0
 1268 000a 04       		.byte	0x4
 1269 000b 00       		.byte	0
 1270 000c 0000     		.2byte	0
 1271 000e 0000     		.2byte	0
 1272 0010 00000000 		.4byte	.LFB56
 1273 0014 04000000 		.4byte	.LFE56-.LFB56
 1274 0018 00000000 		.4byte	.LFB57
 1275 001c 0A000000 		.4byte	.LFE57-.LFB57
 1276 0020 00000000 		.4byte	.LFB58
 1277 0024 18000000 		.4byte	.LFE58-.LFB58
 1278 0028 00000000 		.4byte	.LFB59
 1279 002c 16000000 		.4byte	.LFE59-.LFB59
 1280 0030 00000000 		.4byte	.LFB60
 1281 0034 10000000 		.4byte	.LFE60-.LFB60
 1282 0038 00000000 		.4byte	.LFB61
 1283 003c 10000000 		.4byte	.LFE61-.LFB61
 1284 0040 00000000 		.4byte	.LFB62
 1285 0044 1E000000 		.4byte	.LFE62-.LFB62
 1286 0048 00000000 		.4byte	0
 1287 004c 00000000 		.4byte	0
 1288              		.section	.debug_ranges,"",%progbits
 1289              	.Ldebug_ranges0:
 1290 0000 00000000 		.4byte	.LFB56
 1291 0004 04000000 		.4byte	.LFE56
 1292 0008 00000000 		.4byte	.LFB57
 1293 000c 0A000000 		.4byte	.LFE57
 1294 0010 00000000 		.4byte	.LFB58
 1295 0014 18000000 		.4byte	.LFE58
 1296 0018 00000000 		.4byte	.LFB59
 1297 001c 16000000 		.4byte	.LFE59
 1298 0020 00000000 		.4byte	.LFB60
 1299 0024 10000000 		.4byte	.LFE60
 1300 0028 00000000 		.4byte	.LFB61
 1301 002c 10000000 		.4byte	.LFE61
 1302 0030 00000000 		.4byte	.LFB62
 1303 0034 1E000000 		.4byte	.LFE62
 1304 0038 00000000 		.4byte	0
 1305 003c 00000000 		.4byte	0
ARM GAS  /tmp/ccijEFlw.s 			page 24


 1306              		.section	.debug_line,"",%progbits
 1307              	.Ldebug_line0:
 1308 0000 90010000 		.section	.debug_str,"MS",%progbits,1
 1308      0200F200 
 1308      00000201 
 1308      FB0E0D00 
 1308      01010101 
 1309              	.LASF19:
 1310 0000 45585444 		.ascii	"EXTDriver\000"
 1310      72697665 
 1310      7200
 1311              	.LASF34:
 1312 000a 6368616E 		.ascii	"channel\000"
 1312      6E656C00 
 1313              	.LASF46:
 1314 0012 6578745F 		.ascii	"ext_lld_init\000"
 1314      6C6C645F 
 1314      696E6974 
 1314      00
 1315              	.LASF20:
 1316 001f 73746174 		.ascii	"state\000"
 1316      6500
 1317              	.LASF18:
 1318 0025 65787473 		.ascii	"extstate_t\000"
 1318      74617465 
 1318      5F7400
 1319              	.LASF25:
 1320 0030 45585443 		.ascii	"EXTChannelConfig\000"
 1320      68616E6E 
 1320      656C436F 
 1320      6E666967 
 1320      00
 1321              	.LASF15:
 1322 0041 4558545F 		.ascii	"EXT_UNINIT\000"
 1322      554E494E 
 1322      495400
 1323              	.LASF6:
 1324 004c 5F5F696E 		.ascii	"__int32_t\000"
 1324      7433325F 
 1324      7400
 1325              	.LASF32:
 1326 0056 65787453 		.ascii	"extStop\000"
 1326      746F7000 
 1327              	.LASF28:
 1328 005e 65787449 		.ascii	"extInit\000"
 1328      6E697400 
 1329              	.LASF43:
 1330 0066 2F686F6D 		.ascii	"/home/dltech-deb/gdrive/Projects/RFM_to_Modbus_TCP/"
 1330      652F646C 
 1330      74656368 
 1330      2D646562 
 1330      2F676472 
 1331 0099 43686962 		.ascii	"ChibiOS/F103_ChibiOS_ENC60J28/main\000"
 1331      694F532F 
 1331      46313033 
 1331      5F436869 
 1331      62694F53 
ARM GAS  /tmp/ccijEFlw.s 			page 25


 1332              	.LASF22:
 1333 00bc 65787063 		.ascii	"expchannel_t\000"
 1333      68616E6E 
 1333      656C5F74 
 1333      00
 1334              	.LASF30:
 1335 00c9 65787453 		.ascii	"extStart\000"
 1335      74617274 
 1335      00
 1336              	.LASF47:
 1337 00d2 6578745F 		.ascii	"ext_lld_channel_disable\000"
 1337      6C6C645F 
 1337      6368616E 
 1337      6E656C5F 
 1337      64697361 
 1338              	.LASF10:
 1339 00ea 6C6F6E67 		.ascii	"long long unsigned int\000"
 1339      206C6F6E 
 1339      6720756E 
 1339      7369676E 
 1339      65642069 
 1340              	.LASF2:
 1341 0101 756E7369 		.ascii	"unsigned char\000"
 1341      676E6564 
 1341      20636861 
 1341      7200
 1342              	.LASF37:
 1343 010f 65787463 		.ascii	"extcp\000"
 1343      7000
 1344              	.LASF8:
 1345 0115 6C6F6E67 		.ascii	"long unsigned int\000"
 1345      20756E73 
 1345      69676E65 
 1345      6420696E 
 1345      7400
 1346              	.LASF4:
 1347 0127 73686F72 		.ascii	"short unsigned int\000"
 1347      7420756E 
 1347      7369676E 
 1347      65642069 
 1347      6E7400
 1348              	.LASF45:
 1349 013a 49544D5F 		.ascii	"ITM_RxBuffer\000"
 1349      52784275 
 1349      66666572 
 1349      00
 1350              	.LASF21:
 1351 0147 636F6E66 		.ascii	"config\000"
 1351      696700
 1352              	.LASF7:
 1353 014e 5F5F7569 		.ascii	"__uint32_t\000"
 1353      6E743332 
 1353      5F7400
 1354              	.LASF40:
 1355 0159 6578745F 		.ascii	"ext_lld_channel_enable\000"
 1355      6C6C645F 
 1355      6368616E 
ARM GAS  /tmp/ccijEFlw.s 			page 26


 1355      6E656C5F 
 1355      656E6162 
 1356              	.LASF17:
 1357 0170 4558545F 		.ascii	"EXT_ACTIVE\000"
 1357      41435449 
 1357      564500
 1358              	.LASF0:
 1359 017b 756E7369 		.ascii	"unsigned int\000"
 1359      676E6564 
 1359      20696E74 
 1359      00
 1360              	.LASF31:
 1361 0188 65787470 		.ascii	"extp\000"
 1361      00
 1362              	.LASF27:
 1363 018d 45585443 		.ascii	"EXTConfig\000"
 1363      6F6E6669 
 1363      6700
 1364              	.LASF23:
 1365 0197 65787463 		.ascii	"extcallback_t\000"
 1365      616C6C62 
 1365      61636B5F 
 1365      7400
 1366              	.LASF24:
 1367 01a5 6D6F6465 		.ascii	"mode\000"
 1367      00
 1368              	.LASF39:
 1369 01aa 6578745F 		.ascii	"ext_lld_stop\000"
 1369      6C6C645F 
 1369      73746F70 
 1369      00
 1370              	.LASF36:
 1371 01b7 65787453 		.ascii	"extSetChannelModeI\000"
 1371      65744368 
 1371      616E6E65 
 1371      6C4D6F64 
 1371      654900
 1372              	.LASF44:
 1373 01ca 6F6C6463 		.ascii	"oldcp\000"
 1373      7000
 1374              	.LASF11:
 1375 01d0 696E7433 		.ascii	"int32_t\000"
 1375      325F7400 
 1376              	.LASF14:
 1377 01d8 73697A65 		.ascii	"sizetype\000"
 1377      74797065 
 1377      00
 1378              	.LASF9:
 1379 01e1 6C6F6E67 		.ascii	"long long int\000"
 1379      206C6F6E 
 1379      6720696E 
 1379      7400
 1380              	.LASF42:
 1381 01ef 2E2E2F6F 		.ascii	"../os/hal/src/ext.c\000"
 1381      732F6861 
 1381      6C2F7372 
 1381      632F6578 
ARM GAS  /tmp/ccijEFlw.s 			page 27


 1381      742E6300 
 1382              	.LASF26:
 1383 0203 6368616E 		.ascii	"channels\000"
 1383      6E656C73 
 1383      00
 1384              	.LASF33:
 1385 020c 65787443 		.ascii	"extChannelEnable\000"
 1385      68616E6E 
 1385      656C456E 
 1385      61626C65 
 1385      00
 1386              	.LASF3:
 1387 021d 73686F72 		.ascii	"short int\000"
 1387      7420696E 
 1387      7400
 1388              	.LASF29:
 1389 0227 6578744F 		.ascii	"extObjectInit\000"
 1389      626A6563 
 1389      74496E69 
 1389      7400
 1390              	.LASF12:
 1391 0235 75696E74 		.ascii	"uint32_t\000"
 1391      33325F74 
 1391      00
 1392              	.LASF5:
 1393 023e 6C6F6E67 		.ascii	"long int\000"
 1393      20696E74 
 1393      00
 1394              	.LASF1:
 1395 0247 7369676E 		.ascii	"signed char\000"
 1395      65642063 
 1395      68617200 
 1396              	.LASF35:
 1397 0253 65787443 		.ascii	"extChannelDisable\000"
 1397      68616E6E 
 1397      656C4469 
 1397      7361626C 
 1397      6500
 1398              	.LASF41:
 1399 0265 474E5520 		.ascii	"GNU C 4.8.4 20141219 (release) -mcpu=cortex-m3 -mno"
 1399      4320342E 
 1399      382E3420 
 1399      32303134 
 1399      31323139 
 1400 0298 2D746875 		.ascii	"-thumb-interwork -mthumb -ggdb -O2 -fomit-frame-poi"
 1400      6D622D69 
 1400      6E746572 
 1400      776F726B 
 1400      202D6D74 
 1401 02cb 6E746572 		.ascii	"nter -falign-functions=16 -ffunction-sections -fdat"
 1401      202D6661 
 1401      6C69676E 
 1401      2D66756E 
 1401      6374696F 
 1402 02fe 612D7365 		.ascii	"a-sections -fno-common -fno-strict-aliasing\000"
 1402      6374696F 
 1402      6E73202D 
ARM GAS  /tmp/ccijEFlw.s 			page 28


 1402      666E6F2D 
 1402      636F6D6D 
 1403              	.LASF13:
 1404 032a 5F426F6F 		.ascii	"_Bool\000"
 1404      6C00
 1405              	.LASF38:
 1406 0330 6578745F 		.ascii	"ext_lld_start\000"
 1406      6C6C645F 
 1406      73746172 
 1406      7400
 1407              	.LASF16:
 1408 033e 4558545F 		.ascii	"EXT_STOP\000"
 1408      53544F50 
 1408      00
 1409              		.ident	"GCC: (4.8.4-1+11-1) 4.8.4 20141219 (release)"
ARM GAS  /tmp/ccijEFlw.s 			page 29


DEFINED SYMBOLS
                            *ABS*:0000000000000000 ext.c
     /tmp/ccijEFlw.s:19     .text.extInit:0000000000000000 $t
     /tmp/ccijEFlw.s:25     .text.extInit:0000000000000000 extInit
     /tmp/ccijEFlw.s:40     .text.extObjectInit:0000000000000000 $t
     /tmp/ccijEFlw.s:46     .text.extObjectInit:0000000000000000 extObjectInit
     /tmp/ccijEFlw.s:67     .text.extStart:0000000000000000 $t
     /tmp/ccijEFlw.s:73     .text.extStart:0000000000000000 extStart
     /tmp/ccijEFlw.s:109    .text.extStop:0000000000000000 $t
     /tmp/ccijEFlw.s:115    .text.extStop:0000000000000000 extStop
     /tmp/ccijEFlw.s:149    .text.extChannelEnable:0000000000000000 $t
     /tmp/ccijEFlw.s:155    .text.extChannelEnable:0000000000000000 extChannelEnable
     /tmp/ccijEFlw.s:184    .text.extChannelDisable:0000000000000000 $t
     /tmp/ccijEFlw.s:190    .text.extChannelDisable:0000000000000000 extChannelDisable
     /tmp/ccijEFlw.s:219    .text.extSetChannelModeI:0000000000000000 $t
     /tmp/ccijEFlw.s:225    .text.extSetChannelModeI:0000000000000000 extSetChannelModeI
                     .debug_frame:0000000000000010 $d

UNDEFINED SYMBOLS
ext_lld_init
_port_lock
ext_lld_start
_port_unlock
ext_lld_stop
ext_lld_channel_enable
ext_lld_channel_disable
