ARM GAS  /tmp/ccYVmQBc.s 			page 1


   1              		.syntax unified
   2              		.cpu cortex-m3
   3              		.fpu softvfp
   4              		.eabi_attribute 20, 1
   5              		.eabi_attribute 21, 1
   6              		.eabi_attribute 23, 3
   7              		.eabi_attribute 24, 1
   8              		.eabi_attribute 25, 1
   9              		.eabi_attribute 26, 1
  10              		.eabi_attribute 30, 2
  11              		.eabi_attribute 34, 1
  12              		.eabi_attribute 18, 4
  13              		.thumb
  14              		.file	"hal.c"
  15              		.text
  16              	.Ltext0:
  17              		.cfi_sections	.debug_frame
  18              		.section	.text.halInit,"ax",%progbits
  19              		.align	2
  20              		.p2align 4,,15
  21              		.global	halInit
  22              		.thumb
  23              		.thumb_func
  24              		.type	halInit, %function
  25              	halInit:
  26              	.LFB56:
  27              		.file 1 "../os/hal/src/hal.c"
  28              		.loc 1 68 0
  29              		.cfi_startproc
  30              		@ args = 0, pretend = 0, frame = 0
  31              		@ frame_needed = 0, uses_anonymous_args = 0
  32 0000 08B5     		push	{r3, lr}
  33              		.cfi_def_cfa_offset 8
  34              		.cfi_offset 3, -8
  35              		.cfi_offset 14, -4
  36              		.loc 1 70 0
  37 0002 FFF7FEFF 		bl	hal_lld_init
  38              	.LVL0:
  39              		.loc 1 73 0
  40 0006 FFF7FEFF 		bl	tmInit
  41              	.LVL1:
  42              		.loc 1 76 0
  43 000a 0648     		ldr	r0, .L2
  44 000c FFF7FEFF 		bl	_pal_lld_init
  45              	.LVL2:
  46              		.loc 1 85 0
  47 0010 FFF7FEFF 		bl	extInit
  48              	.LVL3:
  49              		.loc 1 109 0
  50 0014 FFF7FEFF 		bl	spiInit
  51              	.LVL4:
  52              		.loc 1 112 0
  53 0018 FFF7FEFF 		bl	uartInit
  54              	.LVL5:
  55              		.loc 1 128 0
  56 001c BDE80840 		pop	{r3, lr}
  57              		.loc 1 127 0
ARM GAS  /tmp/ccYVmQBc.s 			page 2


  58 0020 FFF7FEBF 		b	boardInit
  59              	.LVL6:
  60              	.L3:
  61              		.align	2
  62              	.L2:
  63 0024 00000000 		.word	pal_default_config
  64              		.cfi_endproc
  65              	.LFE56:
  66              		.size	halInit, .-halInit
  67 0028 AFF30080 		.section	.text.halIsCounterWithin,"ax",%progbits
  67      AFF30080 
  68              		.align	2
  69              		.p2align 4,,15
  70              		.global	halIsCounterWithin
  71              		.thumb
  72              		.thumb_func
  73              		.type	halIsCounterWithin, %function
  74              	halIsCounterWithin:
  75              	.LFB57:
  76              		.loc 1 174 0
  77              		.cfi_startproc
  78              		@ args = 0, pretend = 0, frame = 0
  79              		@ frame_needed = 0, uses_anonymous_args = 0
  80              		@ link register save eliminated.
  81              	.LVL7:
  82              		.loc 1 175 0
  83 0000 084B     		ldr	r3, .L13
  84              		.loc 1 177 0
  85 0002 8142     		cmp	r1, r0
  86              		.loc 1 175 0
  87 0004 5B68     		ldr	r3, [r3, #4]
  88              	.LVL8:
  89              		.loc 1 177 0
  90 0006 06D9     		bls	.L5
  91              		.loc 1 177 0 is_stmt 0 discriminator 1
  92 0008 8342     		cmp	r3, r0
  93 000a 08D3     		bcc	.L9
  94              	.L11:
  95 000c 8B42     		cmp	r3, r1
  96 000e 2CBF     		ite	cs
  97 0010 0020     		movcs	r0, #0
  98              	.LVL9:
  99 0012 0120     		movcc	r0, #1
 100 0014 7047     		bx	lr
 101              	.LVL10:
 102              	.L5:
 103              		.loc 1 178 0 is_stmt 1
 104 0016 8342     		cmp	r3, r0
 105 0018 F8D3     		bcc	.L11
 106 001a 0120     		movs	r0, #1
 107              	.LVL11:
 108              		.loc 1 179 0
 109 001c 7047     		bx	lr
 110              	.LVL12:
 111              	.L9:
 112 001e 0020     		movs	r0, #0
 113              	.LVL13:
ARM GAS  /tmp/ccYVmQBc.s 			page 3


 114 0020 7047     		bx	lr
 115              	.L14:
 116 0022 00BF     		.align	2
 117              	.L13:
 118 0024 001000E0 		.word	-536866816
 119              		.cfi_endproc
 120              	.LFE57:
 121              		.size	halIsCounterWithin, .-halIsCounterWithin
 122 0028 AFF30080 		.section	.text.halPolledDelay,"ax",%progbits
 122      AFF30080 
 123              		.align	2
 124              		.p2align 4,,15
 125              		.global	halPolledDelay
 126              		.thumb
 127              		.thumb_func
 128              		.type	halPolledDelay, %function
 129              	halPolledDelay:
 130              	.LFB58:
 131              		.loc 1 193 0
 132              		.cfi_startproc
 133              		@ args = 0, pretend = 0, frame = 0
 134              		@ frame_needed = 0, uses_anonymous_args = 0
 135              		@ link register save eliminated.
 136              	.LVL14:
 137              		.loc 1 194 0
 138 0000 0C49     		ldr	r1, .L26
 139 0002 4A68     		ldr	r2, [r1, #4]
 140              	.LVL15:
 141              		.loc 1 195 0
 142 0004 1044     		add	r0, r0, r2
 143              	.LVL16:
 144              	.L21:
 145              	.LBB4:
 146              	.LBB5:
 147              		.loc 1 177 0 discriminator 1
 148 0006 8242     		cmp	r2, r0
 149              		.loc 1 175 0 discriminator 1
 150 0008 4B68     		ldr	r3, [r1, #4]
 151              	.LVL17:
 152              		.loc 1 177 0 discriminator 1
 153 000a 0CD2     		bcs	.L16
 154              		.loc 1 177 0 is_stmt 0
 155 000c 9A42     		cmp	r2, r3
 156 000e 03D9     		bls	.L24
 157 0010 0023     		movs	r3, #0
 158              	.LVL18:
 159              	.LBE5:
 160              	.LBE4:
 161              		.loc 1 196 0 is_stmt 1
 162 0012 002B     		cmp	r3, #0
 163 0014 F7D1     		bne	.L21
 164              	.L25:
 165              		.loc 1 198 0
 166 0016 7047     		bx	lr
 167              	.LVL19:
 168              	.L24:
 169 0018 9842     		cmp	r0, r3
ARM GAS  /tmp/ccYVmQBc.s 			page 4


 170 001a 94BF     		ite	ls
 171 001c 0023     		movls	r3, #0
 172              	.LVL20:
 173 001e 0123     		movhi	r3, #1
 174              		.loc 1 196 0
 175 0020 002B     		cmp	r3, #0
 176 0022 F0D1     		bne	.L21
 177 0024 F7E7     		b	.L25
 178              	.LVL21:
 179              	.L16:
 180              	.LBB7:
 181              	.LBB6:
 182              		.loc 1 178 0
 183 0026 9A42     		cmp	r2, r3
 184 0028 F6D8     		bhi	.L24
 185 002a 0123     		movs	r3, #1
 186              	.LVL22:
 187              	.LBE6:
 188              	.LBE7:
 189              		.loc 1 196 0
 190 002c 002B     		cmp	r3, #0
 191 002e EAD1     		bne	.L21
 192 0030 F1E7     		b	.L25
 193              	.L27:
 194 0032 00BF     		.align	2
 195              	.L26:
 196 0034 001000E0 		.word	-536866816
 197              		.cfi_endproc
 198              	.LFE58:
 199              		.size	halPolledDelay, .-halPolledDelay
 200 0038 AFF30080 		.text
 200      AFF30080 
 201              	.Letext0:
 202              		.file 2 "/usr/include/newlib/machine/_default_types.h"
 203              		.file 3 "/usr/include/newlib/stdint.h"
 204              		.file 4 "../os/ports/GCC/ARMCMx/chtypes.h"
 205              		.file 5 "../os/ports/common/ARMCMx/nvic.h"
 206              		.file 6 "../os/hal/platforms/STM32F1xx/hal_lld.h"
 207              		.file 7 "../os/hal/platforms/STM32/GPIOv1/pal_lld.h"
 208              		.file 8 "../os/ports/common/ARMCMx/CMSIS/include/core_cm3.h"
 209              		.file 9 "../os/hal/include/tm.h"
 210              		.file 10 "../os/hal/include/ext.h"
 211              		.file 11 "../os/hal/include/spi.h"
 212              		.file 12 "../os/hal/include/uart.h"
 213              		.file 13 "../conf/board.h"
 214              		.section	.debug_info,"",%progbits
 215              	.Ldebug_info0:
 216 0000 51030000 		.4byte	0x351
 217 0004 0400     		.2byte	0x4
 218 0006 00000000 		.4byte	.Ldebug_abbrev0
 219 000a 04       		.byte	0x4
 220 000b 01       		.uleb128 0x1
 221 000c B7010000 		.4byte	.LASF46
 222 0010 01       		.byte	0x1
 223 0011 8D020000 		.4byte	.LASF47
 224 0015 56000000 		.4byte	.LASF48
 225 0019 18000000 		.4byte	.Ldebug_ranges0+0x18
ARM GAS  /tmp/ccYVmQBc.s 			page 5


 226 001d 00000000 		.4byte	0
 227 0021 00000000 		.4byte	.Ldebug_line0
 228 0025 02       		.uleb128 0x2
 229 0026 04       		.byte	0x4
 230 0027 05       		.byte	0x5
 231 0028 696E7400 		.ascii	"int\000"
 232 002c 03       		.uleb128 0x3
 233 002d 04       		.byte	0x4
 234 002e 07       		.byte	0x7
 235 002f 3A000000 		.4byte	.LASF0
 236 0033 03       		.uleb128 0x3
 237 0034 01       		.byte	0x1
 238 0035 06       		.byte	0x6
 239 0036 FB020000 		.4byte	.LASF1
 240 003a 03       		.uleb128 0x3
 241 003b 01       		.byte	0x1
 242 003c 08       		.byte	0x8
 243 003d D4000000 		.4byte	.LASF2
 244 0041 03       		.uleb128 0x3
 245 0042 02       		.byte	0x2
 246 0043 05       		.byte	0x5
 247 0044 D0020000 		.4byte	.LASF3
 248 0048 03       		.uleb128 0x3
 249 0049 02       		.byte	0x2
 250 004a 07       		.byte	0x7
 251 004b 15010000 		.4byte	.LASF4
 252 004f 04       		.uleb128 0x4
 253 0050 2A000000 		.4byte	.LASF6
 254 0054 02       		.byte	0x2
 255 0055 3F       		.byte	0x3f
 256 0056 5A000000 		.4byte	0x5a
 257 005a 03       		.uleb128 0x3
 258 005b 04       		.byte	0x4
 259 005c 05       		.byte	0x5
 260 005d F2020000 		.4byte	.LASF5
 261 0061 04       		.uleb128 0x4
 262 0062 61010000 		.4byte	.LASF7
 263 0066 02       		.byte	0x2
 264 0067 41       		.byte	0x41
 265 0068 6C000000 		.4byte	0x6c
 266 006c 03       		.uleb128 0x3
 267 006d 04       		.byte	0x4
 268 006e 07       		.byte	0x7
 269 006f 03010000 		.4byte	.LASF8
 270 0073 03       		.uleb128 0x3
 271 0074 08       		.byte	0x8
 272 0075 05       		.byte	0x5
 273 0076 A1020000 		.4byte	.LASF9
 274 007a 03       		.uleb128 0x3
 275 007b 08       		.byte	0x8
 276 007c 07       		.byte	0x7
 277 007d 0D030000 		.4byte	.LASF10
 278 0081 04       		.uleb128 0x4
 279 0082 7C020000 		.4byte	.LASF11
 280 0086 03       		.byte	0x3
 281 0087 41       		.byte	0x41
 282 0088 4F000000 		.4byte	0x4f
ARM GAS  /tmp/ccYVmQBc.s 			page 6


 283 008c 04       		.uleb128 0x4
 284 008d E9020000 		.4byte	.LASF12
 285 0091 03       		.byte	0x3
 286 0092 42       		.byte	0x42
 287 0093 61000000 		.4byte	0x61
 288 0097 04       		.uleb128 0x4
 289 0098 47000000 		.4byte	.LASF13
 290 009c 04       		.byte	0x4
 291 009d 2B       		.byte	0x2b
 292 009e A2000000 		.4byte	0xa2
 293 00a2 03       		.uleb128 0x3
 294 00a3 01       		.byte	0x1
 295 00a4 02       		.byte	0x2
 296 00a5 07030000 		.4byte	.LASF14
 297 00a9 04       		.uleb128 0x4
 298 00aa B5000000 		.4byte	.LASF15
 299 00ae 05       		.byte	0x5
 300 00af 3A       		.byte	0x3a
 301 00b0 B4000000 		.4byte	0xb4
 302 00b4 05       		.uleb128 0x5
 303 00b5 8C000000 		.4byte	0x8c
 304 00b9 03       		.uleb128 0x3
 305 00ba 04       		.byte	0x4
 306 00bb 07       		.byte	0x7
 307 00bc 84020000 		.4byte	.LASF16
 308 00c0 06       		.uleb128 0x6
 309 00c1 20       		.byte	0x20
 310 00c2 05       		.byte	0x5
 311 00c3 0601     		.2byte	0x106
 312 00c5 32010000 		.4byte	0x132
 313 00c9 07       		.uleb128 0x7
 314 00ca 9F010000 		.4byte	.LASF17
 315 00ce 05       		.byte	0x5
 316 00cf 0701     		.2byte	0x107
 317 00d1 A9000000 		.4byte	0xa9
 318 00d5 00       		.byte	0
 319 00d6 07       		.uleb128 0x7
 320 00d7 73010000 		.4byte	.LASF18
 321 00db 05       		.byte	0x5
 322 00dc 0801     		.2byte	0x108
 323 00de A9000000 		.4byte	0xa9
 324 00e2 04       		.byte	0x4
 325 00e3 07       		.uleb128 0x7
 326 00e4 28010000 		.4byte	.LASF19
 327 00e8 05       		.byte	0x5
 328 00e9 0901     		.2byte	0x109
 329 00eb A9000000 		.4byte	0xa9
 330 00ef 08       		.byte	0x8
 331 00f0 07       		.uleb128 0x7
 332 00f1 BC020000 		.4byte	.LASF20
 333 00f5 05       		.byte	0x5
 334 00f6 0A01     		.2byte	0x10a
 335 00f8 A9000000 		.4byte	0xa9
 336 00fc 0C       		.byte	0xc
 337 00fd 07       		.uleb128 0x7
 338 00fe AC000000 		.4byte	.LASF21
 339 0102 05       		.byte	0x5
ARM GAS  /tmp/ccYVmQBc.s 			page 7


 340 0103 0B01     		.2byte	0x10b
 341 0105 A9000000 		.4byte	0xa9
 342 0109 10       		.byte	0x10
 343 010a 07       		.uleb128 0x7
 344 010b 6C010000 		.4byte	.LASF22
 345 010f 05       		.byte	0x5
 346 0110 0C01     		.2byte	0x10c
 347 0112 A9000000 		.4byte	0xa9
 348 0116 14       		.byte	0x14
 349 0117 07       		.uleb128 0x7
 350 0118 3C010000 		.4byte	.LASF23
 351 011c 05       		.byte	0x5
 352 011d 0D01     		.2byte	0x10d
 353 011f A9000000 		.4byte	0xa9
 354 0123 18       		.byte	0x18
 355 0124 07       		.uleb128 0x7
 356 0125 B7020000 		.4byte	.LASF24
 357 0129 05       		.byte	0x5
 358 012a 0E01     		.2byte	0x10e
 359 012c A9000000 		.4byte	0xa9
 360 0130 1C       		.byte	0x1c
 361 0131 00       		.byte	0
 362 0132 08       		.uleb128 0x8
 363 0133 E1020000 		.4byte	.LASF25
 364 0137 05       		.byte	0x5
 365 0138 0F01     		.2byte	0x10f
 366 013a C0000000 		.4byte	0xc0
 367 013e 05       		.uleb128 0x5
 368 013f 81000000 		.4byte	0x81
 369 0143 04       		.uleb128 0x4
 370 0144 81010000 		.4byte	.LASF26
 371 0148 06       		.byte	0x6
 372 0149 CE       		.byte	0xce
 373 014a 8C000000 		.4byte	0x8c
 374 014e 09       		.uleb128 0x9
 375 014f 0C       		.byte	0xc
 376 0150 07       		.byte	0x7
 377 0151 38       		.byte	0x38
 378 0152 7B010000 		.4byte	0x17b
 379 0156 0A       		.uleb128 0xa
 380 0157 6F647200 		.ascii	"odr\000"
 381 015b 07       		.byte	0x7
 382 015c 3A       		.byte	0x3a
 383 015d 8C000000 		.4byte	0x8c
 384 0161 00       		.byte	0
 385 0162 0A       		.uleb128 0xa
 386 0163 63726C00 		.ascii	"crl\000"
 387 0167 07       		.byte	0x7
 388 0168 3C       		.byte	0x3c
 389 0169 8C000000 		.4byte	0x8c
 390 016d 04       		.byte	0x4
 391 016e 0A       		.uleb128 0xa
 392 016f 63726800 		.ascii	"crh\000"
 393 0173 07       		.byte	0x7
 394 0174 3E       		.byte	0x3e
 395 0175 8C000000 		.4byte	0x8c
 396 0179 08       		.byte	0x8
ARM GAS  /tmp/ccYVmQBc.s 			page 8


 397 017a 00       		.byte	0
 398 017b 04       		.uleb128 0x4
 399 017c E2000000 		.4byte	.LASF27
 400 0180 07       		.byte	0x7
 401 0181 3F       		.byte	0x3f
 402 0182 4E010000 		.4byte	0x14e
 403 0186 09       		.uleb128 0x9
 404 0187 3C       		.byte	0x3c
 405 0188 07       		.byte	0x7
 406 0189 48       		.byte	0x48
 407 018a CB010000 		.4byte	0x1cb
 408 018e 0B       		.uleb128 0xb
 409 018f F5000000 		.4byte	.LASF28
 410 0193 07       		.byte	0x7
 411 0194 4A       		.byte	0x4a
 412 0195 7B010000 		.4byte	0x17b
 413 0199 00       		.byte	0
 414 019a 0B       		.uleb128 0xb
 415 019b 7A010000 		.4byte	.LASF29
 416 019f 07       		.byte	0x7
 417 01a0 4C       		.byte	0x4c
 418 01a1 7B010000 		.4byte	0x17b
 419 01a5 0C       		.byte	0xc
 420 01a6 0B       		.uleb128 0xb
 421 01a7 DA020000 		.4byte	.LASF30
 422 01ab 07       		.byte	0x7
 423 01ac 4E       		.byte	0x4e
 424 01ad 7B010000 		.4byte	0x17b
 425 01b1 18       		.byte	0x18
 426 01b2 0B       		.uleb128 0xb
 427 01b3 15000000 		.4byte	.LASF31
 428 01b7 07       		.byte	0x7
 429 01b8 50       		.byte	0x50
 430 01b9 7B010000 		.4byte	0x17b
 431 01bd 24       		.byte	0x24
 432 01be 0B       		.uleb128 0xb
 433 01bf CD000000 		.4byte	.LASF32
 434 01c3 07       		.byte	0x7
 435 01c4 53       		.byte	0x53
 436 01c5 7B010000 		.4byte	0x17b
 437 01c9 30       		.byte	0x30
 438 01ca 00       		.byte	0
 439 01cb 04       		.uleb128 0x4
 440 01cc 44010000 		.4byte	.LASF33
 441 01d0 07       		.byte	0x7
 442 01d1 5D       		.byte	0x5d
 443 01d2 86010000 		.4byte	0x186
 444 01d6 0C       		.uleb128 0xc
 445 01d7 A4010000 		.4byte	.LASF49
 446 01db 01       		.byte	0x1
 447 01dc AE       		.byte	0xae
 448 01dd 97000000 		.4byte	0x97
 449 01e1 01       		.byte	0x1
 450 01e2 08020000 		.4byte	0x208
 451 01e6 0D       		.uleb128 0xd
 452 01e7 34000000 		.4byte	.LASF34
 453 01eb 01       		.byte	0x1
ARM GAS  /tmp/ccYVmQBc.s 			page 9


 454 01ec AE       		.byte	0xae
 455 01ed 43010000 		.4byte	0x143
 456 01f1 0E       		.uleb128 0xe
 457 01f2 656E6400 		.ascii	"end\000"
 458 01f6 01       		.byte	0x1
 459 01f7 AE       		.byte	0xae
 460 01f8 43010000 		.4byte	0x143
 461 01fc 0F       		.uleb128 0xf
 462 01fd 6E6F7700 		.ascii	"now\000"
 463 0201 01       		.byte	0x1
 464 0202 AF       		.byte	0xaf
 465 0203 43010000 		.4byte	0x143
 466 0207 00       		.byte	0
 467 0208 10       		.uleb128 0x10
 468 0209 C5000000 		.4byte	.LASF35
 469 020d 01       		.byte	0x1
 470 020e 44       		.byte	0x44
 471 020f 00000000 		.4byte	.LFB56
 472 0213 28000000 		.4byte	.LFE56-.LFB56
 473 0217 01       		.uleb128 0x1
 474 0218 9C       		.byte	0x9c
 475 0219 5D020000 		.4byte	0x25d
 476 021d 11       		.uleb128 0x11
 477 021e 06000000 		.4byte	.LVL0
 478 0222 11030000 		.4byte	0x311
 479 0226 11       		.uleb128 0x11
 480 0227 0A000000 		.4byte	.LVL1
 481 022b 18030000 		.4byte	0x318
 482 022f 11       		.uleb128 0x11
 483 0230 10000000 		.4byte	.LVL2
 484 0234 1F030000 		.4byte	0x31f
 485 0238 11       		.uleb128 0x11
 486 0239 14000000 		.4byte	.LVL3
 487 023d 37030000 		.4byte	0x337
 488 0241 11       		.uleb128 0x11
 489 0242 18000000 		.4byte	.LVL4
 490 0246 3E030000 		.4byte	0x33e
 491 024a 11       		.uleb128 0x11
 492 024b 1C000000 		.4byte	.LVL5
 493 024f 46030000 		.4byte	0x346
 494 0253 12       		.uleb128 0x12
 495 0254 24000000 		.4byte	.LVL6
 496 0258 4D030000 		.4byte	0x34d
 497 025c 00       		.byte	0
 498 025d 13       		.uleb128 0x13
 499 025e D6010000 		.4byte	0x1d6
 500 0262 00000000 		.4byte	.LFB57
 501 0266 28000000 		.4byte	.LFE57-.LFB57
 502 026a 01       		.uleb128 0x1
 503 026b 9C       		.byte	0x9c
 504 026c 88020000 		.4byte	0x288
 505 0270 14       		.uleb128 0x14
 506 0271 E6010000 		.4byte	0x1e6
 507 0275 00000000 		.4byte	.LLST0
 508 0279 15       		.uleb128 0x15
 509 027a F1010000 		.4byte	0x1f1
 510 027e 01       		.uleb128 0x1
ARM GAS  /tmp/ccYVmQBc.s 			page 10


 511 027f 51       		.byte	0x51
 512 0280 16       		.uleb128 0x16
 513 0281 FC010000 		.4byte	0x1fc
 514 0285 01       		.uleb128 0x1
 515 0286 53       		.byte	0x53
 516 0287 00       		.byte	0
 517 0288 10       		.uleb128 0x10
 518 0289 00000000 		.4byte	.LASF36
 519 028d 01       		.byte	0x1
 520 028e C1       		.byte	0xc1
 521 028f 00000000 		.4byte	.LFB58
 522 0293 38000000 		.4byte	.LFE58-.LFB58
 523 0297 01       		.uleb128 0x1
 524 0298 9C       		.byte	0x9c
 525 0299 F4020000 		.4byte	0x2f4
 526 029d 17       		.uleb128 0x17
 527 029e 0F000000 		.4byte	.LASF50
 528 02a2 01       		.byte	0x1
 529 02a3 C1       		.byte	0xc1
 530 02a4 43010000 		.4byte	0x143
 531 02a8 53000000 		.4byte	.LLST1
 532 02ac 18       		.uleb128 0x18
 533 02ad 34000000 		.4byte	.LASF34
 534 02b1 01       		.byte	0x1
 535 02b2 C2       		.byte	0xc2
 536 02b3 43010000 		.4byte	0x143
 537 02b7 01       		.uleb128 0x1
 538 02b8 52       		.byte	0x52
 539 02b9 18       		.uleb128 0x18
 540 02ba AF020000 		.4byte	.LASF37
 541 02be 01       		.byte	0x1
 542 02bf C3       		.byte	0xc3
 543 02c0 43010000 		.4byte	0x143
 544 02c4 01       		.uleb128 0x1
 545 02c5 50       		.byte	0x50
 546 02c6 19       		.uleb128 0x19
 547 02c7 D6010000 		.4byte	0x1d6
 548 02cb 06000000 		.4byte	.LBB4
 549 02cf 00000000 		.4byte	.Ldebug_ranges0+0
 550 02d3 01       		.byte	0x1
 551 02d4 C4       		.byte	0xc4
 552 02d5 15       		.uleb128 0x15
 553 02d6 F1010000 		.4byte	0x1f1
 554 02da 01       		.uleb128 0x1
 555 02db 50       		.byte	0x50
 556 02dc 15       		.uleb128 0x15
 557 02dd E6010000 		.4byte	0x1e6
 558 02e1 01       		.uleb128 0x1
 559 02e2 52       		.byte	0x52
 560 02e3 1A       		.uleb128 0x1a
 561 02e4 00000000 		.4byte	.Ldebug_ranges0+0
 562 02e8 1B       		.uleb128 0x1b
 563 02e9 FC010000 		.4byte	0x1fc
 564 02ed 74000000 		.4byte	.LLST2
 565 02f1 00       		.byte	0
 566 02f2 00       		.byte	0
 567 02f3 00       		.byte	0
ARM GAS  /tmp/ccYVmQBc.s 			page 11


 568 02f4 1C       		.uleb128 0x1c
 569 02f5 2F010000 		.4byte	.LASF38
 570 02f9 08       		.byte	0x8
 571 02fa 0706     		.2byte	0x607
 572 02fc 3E010000 		.4byte	0x13e
 573 0300 1C       		.uleb128 0x1c
 574 0301 4E010000 		.4byte	.LASF39
 575 0305 07       		.byte	0x7
 576 0306 3D01     		.2byte	0x13d
 577 0308 0C030000 		.4byte	0x30c
 578 030c 1D       		.uleb128 0x1d
 579 030d CB010000 		.4byte	0x1cb
 580 0311 1E       		.uleb128 0x1e
 581 0312 C3020000 		.4byte	.LASF40
 582 0316 06       		.byte	0x6
 583 0317 F7       		.byte	0xf7
 584 0318 1E       		.uleb128 0x1e
 585 0319 FC000000 		.4byte	.LASF41
 586 031d 09       		.byte	0x9
 587 031e 73       		.byte	0x73
 588 031f 1F       		.uleb128 0x1f
 589 0320 1C000000 		.4byte	.LASF51
 590 0324 07       		.byte	0x7
 591 0325 4201     		.2byte	0x142
 592 0327 31030000 		.4byte	0x331
 593 032b 20       		.uleb128 0x20
 594 032c 31030000 		.4byte	0x331
 595 0330 00       		.byte	0
 596 0331 21       		.uleb128 0x21
 597 0332 04       		.byte	0x4
 598 0333 0C030000 		.4byte	0x30c
 599 0337 1E       		.uleb128 0x1e
 600 0338 4E000000 		.4byte	.LASF42
 601 033c 0A       		.byte	0xa
 602 033d 90       		.byte	0x90
 603 033e 22       		.uleb128 0x22
 604 033f BD000000 		.4byte	.LASF43
 605 0343 0B       		.byte	0xb
 606 0344 2E01     		.2byte	0x12e
 607 0346 1E       		.uleb128 0x1e
 608 0347 8C010000 		.4byte	.LASF44
 609 034b 0C       		.byte	0xc
 610 034c 6D       		.byte	0x6d
 611 034d 1E       		.uleb128 0x1e
 612 034e 95010000 		.4byte	.LASF45
 613 0352 0D       		.byte	0xd
 614 0353 A9       		.byte	0xa9
 615 0354 00       		.byte	0
 616              		.section	.debug_abbrev,"",%progbits
 617              	.Ldebug_abbrev0:
 618 0000 01       		.uleb128 0x1
 619 0001 11       		.uleb128 0x11
 620 0002 01       		.byte	0x1
 621 0003 25       		.uleb128 0x25
 622 0004 0E       		.uleb128 0xe
 623 0005 13       		.uleb128 0x13
 624 0006 0B       		.uleb128 0xb
ARM GAS  /tmp/ccYVmQBc.s 			page 12


 625 0007 03       		.uleb128 0x3
 626 0008 0E       		.uleb128 0xe
 627 0009 1B       		.uleb128 0x1b
 628 000a 0E       		.uleb128 0xe
 629 000b 55       		.uleb128 0x55
 630 000c 17       		.uleb128 0x17
 631 000d 11       		.uleb128 0x11
 632 000e 01       		.uleb128 0x1
 633 000f 10       		.uleb128 0x10
 634 0010 17       		.uleb128 0x17
 635 0011 00       		.byte	0
 636 0012 00       		.byte	0
 637 0013 02       		.uleb128 0x2
 638 0014 24       		.uleb128 0x24
 639 0015 00       		.byte	0
 640 0016 0B       		.uleb128 0xb
 641 0017 0B       		.uleb128 0xb
 642 0018 3E       		.uleb128 0x3e
 643 0019 0B       		.uleb128 0xb
 644 001a 03       		.uleb128 0x3
 645 001b 08       		.uleb128 0x8
 646 001c 00       		.byte	0
 647 001d 00       		.byte	0
 648 001e 03       		.uleb128 0x3
 649 001f 24       		.uleb128 0x24
 650 0020 00       		.byte	0
 651 0021 0B       		.uleb128 0xb
 652 0022 0B       		.uleb128 0xb
 653 0023 3E       		.uleb128 0x3e
 654 0024 0B       		.uleb128 0xb
 655 0025 03       		.uleb128 0x3
 656 0026 0E       		.uleb128 0xe
 657 0027 00       		.byte	0
 658 0028 00       		.byte	0
 659 0029 04       		.uleb128 0x4
 660 002a 16       		.uleb128 0x16
 661 002b 00       		.byte	0
 662 002c 03       		.uleb128 0x3
 663 002d 0E       		.uleb128 0xe
 664 002e 3A       		.uleb128 0x3a
 665 002f 0B       		.uleb128 0xb
 666 0030 3B       		.uleb128 0x3b
 667 0031 0B       		.uleb128 0xb
 668 0032 49       		.uleb128 0x49
 669 0033 13       		.uleb128 0x13
 670 0034 00       		.byte	0
 671 0035 00       		.byte	0
 672 0036 05       		.uleb128 0x5
 673 0037 35       		.uleb128 0x35
 674 0038 00       		.byte	0
 675 0039 49       		.uleb128 0x49
 676 003a 13       		.uleb128 0x13
 677 003b 00       		.byte	0
 678 003c 00       		.byte	0
 679 003d 06       		.uleb128 0x6
 680 003e 13       		.uleb128 0x13
 681 003f 01       		.byte	0x1
ARM GAS  /tmp/ccYVmQBc.s 			page 13


 682 0040 0B       		.uleb128 0xb
 683 0041 0B       		.uleb128 0xb
 684 0042 3A       		.uleb128 0x3a
 685 0043 0B       		.uleb128 0xb
 686 0044 3B       		.uleb128 0x3b
 687 0045 05       		.uleb128 0x5
 688 0046 01       		.uleb128 0x1
 689 0047 13       		.uleb128 0x13
 690 0048 00       		.byte	0
 691 0049 00       		.byte	0
 692 004a 07       		.uleb128 0x7
 693 004b 0D       		.uleb128 0xd
 694 004c 00       		.byte	0
 695 004d 03       		.uleb128 0x3
 696 004e 0E       		.uleb128 0xe
 697 004f 3A       		.uleb128 0x3a
 698 0050 0B       		.uleb128 0xb
 699 0051 3B       		.uleb128 0x3b
 700 0052 05       		.uleb128 0x5
 701 0053 49       		.uleb128 0x49
 702 0054 13       		.uleb128 0x13
 703 0055 38       		.uleb128 0x38
 704 0056 0B       		.uleb128 0xb
 705 0057 00       		.byte	0
 706 0058 00       		.byte	0
 707 0059 08       		.uleb128 0x8
 708 005a 16       		.uleb128 0x16
 709 005b 00       		.byte	0
 710 005c 03       		.uleb128 0x3
 711 005d 0E       		.uleb128 0xe
 712 005e 3A       		.uleb128 0x3a
 713 005f 0B       		.uleb128 0xb
 714 0060 3B       		.uleb128 0x3b
 715 0061 05       		.uleb128 0x5
 716 0062 49       		.uleb128 0x49
 717 0063 13       		.uleb128 0x13
 718 0064 00       		.byte	0
 719 0065 00       		.byte	0
 720 0066 09       		.uleb128 0x9
 721 0067 13       		.uleb128 0x13
 722 0068 01       		.byte	0x1
 723 0069 0B       		.uleb128 0xb
 724 006a 0B       		.uleb128 0xb
 725 006b 3A       		.uleb128 0x3a
 726 006c 0B       		.uleb128 0xb
 727 006d 3B       		.uleb128 0x3b
 728 006e 0B       		.uleb128 0xb
 729 006f 01       		.uleb128 0x1
 730 0070 13       		.uleb128 0x13
 731 0071 00       		.byte	0
 732 0072 00       		.byte	0
 733 0073 0A       		.uleb128 0xa
 734 0074 0D       		.uleb128 0xd
 735 0075 00       		.byte	0
 736 0076 03       		.uleb128 0x3
 737 0077 08       		.uleb128 0x8
 738 0078 3A       		.uleb128 0x3a
ARM GAS  /tmp/ccYVmQBc.s 			page 14


 739 0079 0B       		.uleb128 0xb
 740 007a 3B       		.uleb128 0x3b
 741 007b 0B       		.uleb128 0xb
 742 007c 49       		.uleb128 0x49
 743 007d 13       		.uleb128 0x13
 744 007e 38       		.uleb128 0x38
 745 007f 0B       		.uleb128 0xb
 746 0080 00       		.byte	0
 747 0081 00       		.byte	0
 748 0082 0B       		.uleb128 0xb
 749 0083 0D       		.uleb128 0xd
 750 0084 00       		.byte	0
 751 0085 03       		.uleb128 0x3
 752 0086 0E       		.uleb128 0xe
 753 0087 3A       		.uleb128 0x3a
 754 0088 0B       		.uleb128 0xb
 755 0089 3B       		.uleb128 0x3b
 756 008a 0B       		.uleb128 0xb
 757 008b 49       		.uleb128 0x49
 758 008c 13       		.uleb128 0x13
 759 008d 38       		.uleb128 0x38
 760 008e 0B       		.uleb128 0xb
 761 008f 00       		.byte	0
 762 0090 00       		.byte	0
 763 0091 0C       		.uleb128 0xc
 764 0092 2E       		.uleb128 0x2e
 765 0093 01       		.byte	0x1
 766 0094 3F       		.uleb128 0x3f
 767 0095 19       		.uleb128 0x19
 768 0096 03       		.uleb128 0x3
 769 0097 0E       		.uleb128 0xe
 770 0098 3A       		.uleb128 0x3a
 771 0099 0B       		.uleb128 0xb
 772 009a 3B       		.uleb128 0x3b
 773 009b 0B       		.uleb128 0xb
 774 009c 27       		.uleb128 0x27
 775 009d 19       		.uleb128 0x19
 776 009e 49       		.uleb128 0x49
 777 009f 13       		.uleb128 0x13
 778 00a0 20       		.uleb128 0x20
 779 00a1 0B       		.uleb128 0xb
 780 00a2 01       		.uleb128 0x1
 781 00a3 13       		.uleb128 0x13
 782 00a4 00       		.byte	0
 783 00a5 00       		.byte	0
 784 00a6 0D       		.uleb128 0xd
 785 00a7 05       		.uleb128 0x5
 786 00a8 00       		.byte	0
 787 00a9 03       		.uleb128 0x3
 788 00aa 0E       		.uleb128 0xe
 789 00ab 3A       		.uleb128 0x3a
 790 00ac 0B       		.uleb128 0xb
 791 00ad 3B       		.uleb128 0x3b
 792 00ae 0B       		.uleb128 0xb
 793 00af 49       		.uleb128 0x49
 794 00b0 13       		.uleb128 0x13
 795 00b1 00       		.byte	0
ARM GAS  /tmp/ccYVmQBc.s 			page 15


 796 00b2 00       		.byte	0
 797 00b3 0E       		.uleb128 0xe
 798 00b4 05       		.uleb128 0x5
 799 00b5 00       		.byte	0
 800 00b6 03       		.uleb128 0x3
 801 00b7 08       		.uleb128 0x8
 802 00b8 3A       		.uleb128 0x3a
 803 00b9 0B       		.uleb128 0xb
 804 00ba 3B       		.uleb128 0x3b
 805 00bb 0B       		.uleb128 0xb
 806 00bc 49       		.uleb128 0x49
 807 00bd 13       		.uleb128 0x13
 808 00be 00       		.byte	0
 809 00bf 00       		.byte	0
 810 00c0 0F       		.uleb128 0xf
 811 00c1 34       		.uleb128 0x34
 812 00c2 00       		.byte	0
 813 00c3 03       		.uleb128 0x3
 814 00c4 08       		.uleb128 0x8
 815 00c5 3A       		.uleb128 0x3a
 816 00c6 0B       		.uleb128 0xb
 817 00c7 3B       		.uleb128 0x3b
 818 00c8 0B       		.uleb128 0xb
 819 00c9 49       		.uleb128 0x49
 820 00ca 13       		.uleb128 0x13
 821 00cb 00       		.byte	0
 822 00cc 00       		.byte	0
 823 00cd 10       		.uleb128 0x10
 824 00ce 2E       		.uleb128 0x2e
 825 00cf 01       		.byte	0x1
 826 00d0 3F       		.uleb128 0x3f
 827 00d1 19       		.uleb128 0x19
 828 00d2 03       		.uleb128 0x3
 829 00d3 0E       		.uleb128 0xe
 830 00d4 3A       		.uleb128 0x3a
 831 00d5 0B       		.uleb128 0xb
 832 00d6 3B       		.uleb128 0x3b
 833 00d7 0B       		.uleb128 0xb
 834 00d8 27       		.uleb128 0x27
 835 00d9 19       		.uleb128 0x19
 836 00da 11       		.uleb128 0x11
 837 00db 01       		.uleb128 0x1
 838 00dc 12       		.uleb128 0x12
 839 00dd 06       		.uleb128 0x6
 840 00de 40       		.uleb128 0x40
 841 00df 18       		.uleb128 0x18
 842 00e0 9742     		.uleb128 0x2117
 843 00e2 19       		.uleb128 0x19
 844 00e3 01       		.uleb128 0x1
 845 00e4 13       		.uleb128 0x13
 846 00e5 00       		.byte	0
 847 00e6 00       		.byte	0
 848 00e7 11       		.uleb128 0x11
 849 00e8 898201   		.uleb128 0x4109
 850 00eb 00       		.byte	0
 851 00ec 11       		.uleb128 0x11
 852 00ed 01       		.uleb128 0x1
ARM GAS  /tmp/ccYVmQBc.s 			page 16


 853 00ee 31       		.uleb128 0x31
 854 00ef 13       		.uleb128 0x13
 855 00f0 00       		.byte	0
 856 00f1 00       		.byte	0
 857 00f2 12       		.uleb128 0x12
 858 00f3 898201   		.uleb128 0x4109
 859 00f6 00       		.byte	0
 860 00f7 11       		.uleb128 0x11
 861 00f8 01       		.uleb128 0x1
 862 00f9 9542     		.uleb128 0x2115
 863 00fb 19       		.uleb128 0x19
 864 00fc 31       		.uleb128 0x31
 865 00fd 13       		.uleb128 0x13
 866 00fe 00       		.byte	0
 867 00ff 00       		.byte	0
 868 0100 13       		.uleb128 0x13
 869 0101 2E       		.uleb128 0x2e
 870 0102 01       		.byte	0x1
 871 0103 31       		.uleb128 0x31
 872 0104 13       		.uleb128 0x13
 873 0105 11       		.uleb128 0x11
 874 0106 01       		.uleb128 0x1
 875 0107 12       		.uleb128 0x12
 876 0108 06       		.uleb128 0x6
 877 0109 40       		.uleb128 0x40
 878 010a 18       		.uleb128 0x18
 879 010b 9742     		.uleb128 0x2117
 880 010d 19       		.uleb128 0x19
 881 010e 01       		.uleb128 0x1
 882 010f 13       		.uleb128 0x13
 883 0110 00       		.byte	0
 884 0111 00       		.byte	0
 885 0112 14       		.uleb128 0x14
 886 0113 05       		.uleb128 0x5
 887 0114 00       		.byte	0
 888 0115 31       		.uleb128 0x31
 889 0116 13       		.uleb128 0x13
 890 0117 02       		.uleb128 0x2
 891 0118 17       		.uleb128 0x17
 892 0119 00       		.byte	0
 893 011a 00       		.byte	0
 894 011b 15       		.uleb128 0x15
 895 011c 05       		.uleb128 0x5
 896 011d 00       		.byte	0
 897 011e 31       		.uleb128 0x31
 898 011f 13       		.uleb128 0x13
 899 0120 02       		.uleb128 0x2
 900 0121 18       		.uleb128 0x18
 901 0122 00       		.byte	0
 902 0123 00       		.byte	0
 903 0124 16       		.uleb128 0x16
 904 0125 34       		.uleb128 0x34
 905 0126 00       		.byte	0
 906 0127 31       		.uleb128 0x31
 907 0128 13       		.uleb128 0x13
 908 0129 02       		.uleb128 0x2
 909 012a 18       		.uleb128 0x18
ARM GAS  /tmp/ccYVmQBc.s 			page 17


 910 012b 00       		.byte	0
 911 012c 00       		.byte	0
 912 012d 17       		.uleb128 0x17
 913 012e 05       		.uleb128 0x5
 914 012f 00       		.byte	0
 915 0130 03       		.uleb128 0x3
 916 0131 0E       		.uleb128 0xe
 917 0132 3A       		.uleb128 0x3a
 918 0133 0B       		.uleb128 0xb
 919 0134 3B       		.uleb128 0x3b
 920 0135 0B       		.uleb128 0xb
 921 0136 49       		.uleb128 0x49
 922 0137 13       		.uleb128 0x13
 923 0138 02       		.uleb128 0x2
 924 0139 17       		.uleb128 0x17
 925 013a 00       		.byte	0
 926 013b 00       		.byte	0
 927 013c 18       		.uleb128 0x18
 928 013d 34       		.uleb128 0x34
 929 013e 00       		.byte	0
 930 013f 03       		.uleb128 0x3
 931 0140 0E       		.uleb128 0xe
 932 0141 3A       		.uleb128 0x3a
 933 0142 0B       		.uleb128 0xb
 934 0143 3B       		.uleb128 0x3b
 935 0144 0B       		.uleb128 0xb
 936 0145 49       		.uleb128 0x49
 937 0146 13       		.uleb128 0x13
 938 0147 02       		.uleb128 0x2
 939 0148 18       		.uleb128 0x18
 940 0149 00       		.byte	0
 941 014a 00       		.byte	0
 942 014b 19       		.uleb128 0x19
 943 014c 1D       		.uleb128 0x1d
 944 014d 01       		.byte	0x1
 945 014e 31       		.uleb128 0x31
 946 014f 13       		.uleb128 0x13
 947 0150 52       		.uleb128 0x52
 948 0151 01       		.uleb128 0x1
 949 0152 55       		.uleb128 0x55
 950 0153 17       		.uleb128 0x17
 951 0154 58       		.uleb128 0x58
 952 0155 0B       		.uleb128 0xb
 953 0156 59       		.uleb128 0x59
 954 0157 0B       		.uleb128 0xb
 955 0158 00       		.byte	0
 956 0159 00       		.byte	0
 957 015a 1A       		.uleb128 0x1a
 958 015b 0B       		.uleb128 0xb
 959 015c 01       		.byte	0x1
 960 015d 55       		.uleb128 0x55
 961 015e 17       		.uleb128 0x17
 962 015f 00       		.byte	0
 963 0160 00       		.byte	0
 964 0161 1B       		.uleb128 0x1b
 965 0162 34       		.uleb128 0x34
 966 0163 00       		.byte	0
ARM GAS  /tmp/ccYVmQBc.s 			page 18


 967 0164 31       		.uleb128 0x31
 968 0165 13       		.uleb128 0x13
 969 0166 02       		.uleb128 0x2
 970 0167 17       		.uleb128 0x17
 971 0168 00       		.byte	0
 972 0169 00       		.byte	0
 973 016a 1C       		.uleb128 0x1c
 974 016b 34       		.uleb128 0x34
 975 016c 00       		.byte	0
 976 016d 03       		.uleb128 0x3
 977 016e 0E       		.uleb128 0xe
 978 016f 3A       		.uleb128 0x3a
 979 0170 0B       		.uleb128 0xb
 980 0171 3B       		.uleb128 0x3b
 981 0172 05       		.uleb128 0x5
 982 0173 49       		.uleb128 0x49
 983 0174 13       		.uleb128 0x13
 984 0175 3F       		.uleb128 0x3f
 985 0176 19       		.uleb128 0x19
 986 0177 3C       		.uleb128 0x3c
 987 0178 19       		.uleb128 0x19
 988 0179 00       		.byte	0
 989 017a 00       		.byte	0
 990 017b 1D       		.uleb128 0x1d
 991 017c 26       		.uleb128 0x26
 992 017d 00       		.byte	0
 993 017e 49       		.uleb128 0x49
 994 017f 13       		.uleb128 0x13
 995 0180 00       		.byte	0
 996 0181 00       		.byte	0
 997 0182 1E       		.uleb128 0x1e
 998 0183 2E       		.uleb128 0x2e
 999 0184 00       		.byte	0
 1000 0185 3F       		.uleb128 0x3f
 1001 0186 19       		.uleb128 0x19
 1002 0187 03       		.uleb128 0x3
 1003 0188 0E       		.uleb128 0xe
 1004 0189 3A       		.uleb128 0x3a
 1005 018a 0B       		.uleb128 0xb
 1006 018b 3B       		.uleb128 0x3b
 1007 018c 0B       		.uleb128 0xb
 1008 018d 27       		.uleb128 0x27
 1009 018e 19       		.uleb128 0x19
 1010 018f 3C       		.uleb128 0x3c
 1011 0190 19       		.uleb128 0x19
 1012 0191 00       		.byte	0
 1013 0192 00       		.byte	0
 1014 0193 1F       		.uleb128 0x1f
 1015 0194 2E       		.uleb128 0x2e
 1016 0195 01       		.byte	0x1
 1017 0196 3F       		.uleb128 0x3f
 1018 0197 19       		.uleb128 0x19
 1019 0198 03       		.uleb128 0x3
 1020 0199 0E       		.uleb128 0xe
 1021 019a 3A       		.uleb128 0x3a
 1022 019b 0B       		.uleb128 0xb
 1023 019c 3B       		.uleb128 0x3b
ARM GAS  /tmp/ccYVmQBc.s 			page 19


 1024 019d 05       		.uleb128 0x5
 1025 019e 27       		.uleb128 0x27
 1026 019f 19       		.uleb128 0x19
 1027 01a0 3C       		.uleb128 0x3c
 1028 01a1 19       		.uleb128 0x19
 1029 01a2 01       		.uleb128 0x1
 1030 01a3 13       		.uleb128 0x13
 1031 01a4 00       		.byte	0
 1032 01a5 00       		.byte	0
 1033 01a6 20       		.uleb128 0x20
 1034 01a7 05       		.uleb128 0x5
 1035 01a8 00       		.byte	0
 1036 01a9 49       		.uleb128 0x49
 1037 01aa 13       		.uleb128 0x13
 1038 01ab 00       		.byte	0
 1039 01ac 00       		.byte	0
 1040 01ad 21       		.uleb128 0x21
 1041 01ae 0F       		.uleb128 0xf
 1042 01af 00       		.byte	0
 1043 01b0 0B       		.uleb128 0xb
 1044 01b1 0B       		.uleb128 0xb
 1045 01b2 49       		.uleb128 0x49
 1046 01b3 13       		.uleb128 0x13
 1047 01b4 00       		.byte	0
 1048 01b5 00       		.byte	0
 1049 01b6 22       		.uleb128 0x22
 1050 01b7 2E       		.uleb128 0x2e
 1051 01b8 00       		.byte	0
 1052 01b9 3F       		.uleb128 0x3f
 1053 01ba 19       		.uleb128 0x19
 1054 01bb 03       		.uleb128 0x3
 1055 01bc 0E       		.uleb128 0xe
 1056 01bd 3A       		.uleb128 0x3a
 1057 01be 0B       		.uleb128 0xb
 1058 01bf 3B       		.uleb128 0x3b
 1059 01c0 05       		.uleb128 0x5
 1060 01c1 27       		.uleb128 0x27
 1061 01c2 19       		.uleb128 0x19
 1062 01c3 3C       		.uleb128 0x3c
 1063 01c4 19       		.uleb128 0x19
 1064 01c5 00       		.byte	0
 1065 01c6 00       		.byte	0
 1066 01c7 00       		.byte	0
 1067              		.section	.debug_loc,"",%progbits
 1068              	.Ldebug_loc0:
 1069              	.LLST0:
 1070 0000 00000000 		.4byte	.LVL7
 1071 0004 12000000 		.4byte	.LVL9
 1072 0008 0100     		.2byte	0x1
 1073 000a 50       		.byte	0x50
 1074 000b 12000000 		.4byte	.LVL9
 1075 000f 16000000 		.4byte	.LVL10
 1076 0013 0400     		.2byte	0x4
 1077 0015 F3       		.byte	0xf3
 1078 0016 01       		.uleb128 0x1
 1079 0017 50       		.byte	0x50
 1080 0018 9F       		.byte	0x9f
ARM GAS  /tmp/ccYVmQBc.s 			page 20


 1081 0019 16000000 		.4byte	.LVL10
 1082 001d 1C000000 		.4byte	.LVL11
 1083 0021 0100     		.2byte	0x1
 1084 0023 50       		.byte	0x50
 1085 0024 1C000000 		.4byte	.LVL11
 1086 0028 1E000000 		.4byte	.LVL12
 1087 002c 0400     		.2byte	0x4
 1088 002e F3       		.byte	0xf3
 1089 002f 01       		.uleb128 0x1
 1090 0030 50       		.byte	0x50
 1091 0031 9F       		.byte	0x9f
 1092 0032 1E000000 		.4byte	.LVL12
 1093 0036 20000000 		.4byte	.LVL13
 1094 003a 0100     		.2byte	0x1
 1095 003c 50       		.byte	0x50
 1096 003d 20000000 		.4byte	.LVL13
 1097 0041 28000000 		.4byte	.LFE57
 1098 0045 0400     		.2byte	0x4
 1099 0047 F3       		.byte	0xf3
 1100 0048 01       		.uleb128 0x1
 1101 0049 50       		.byte	0x50
 1102 004a 9F       		.byte	0x9f
 1103 004b 00000000 		.4byte	0
 1104 004f 00000000 		.4byte	0
 1105              	.LLST1:
 1106 0053 00000000 		.4byte	.LVL14
 1107 0057 06000000 		.4byte	.LVL16
 1108 005b 0100     		.2byte	0x1
 1109 005d 50       		.byte	0x50
 1110 005e 06000000 		.4byte	.LVL16
 1111 0062 38000000 		.4byte	.LFE58
 1112 0066 0400     		.2byte	0x4
 1113 0068 F3       		.byte	0xf3
 1114 0069 01       		.uleb128 0x1
 1115 006a 50       		.byte	0x50
 1116 006b 9F       		.byte	0x9f
 1117 006c 00000000 		.4byte	0
 1118 0070 00000000 		.4byte	0
 1119              	.LLST2:
 1120 0074 0A000000 		.4byte	.LVL17
 1121 0078 12000000 		.4byte	.LVL18
 1122 007c 0100     		.2byte	0x1
 1123 007e 53       		.byte	0x53
 1124 007f 18000000 		.4byte	.LVL19
 1125 0083 1E000000 		.4byte	.LVL20
 1126 0087 0100     		.2byte	0x1
 1127 0089 53       		.byte	0x53
 1128 008a 26000000 		.4byte	.LVL21
 1129 008e 2C000000 		.4byte	.LVL22
 1130 0092 0100     		.2byte	0x1
 1131 0094 53       		.byte	0x53
 1132 0095 00000000 		.4byte	0
 1133 0099 00000000 		.4byte	0
 1134              		.section	.debug_aranges,"",%progbits
 1135 0000 2C000000 		.4byte	0x2c
 1136 0004 0200     		.2byte	0x2
 1137 0006 00000000 		.4byte	.Ldebug_info0
ARM GAS  /tmp/ccYVmQBc.s 			page 21


 1138 000a 04       		.byte	0x4
 1139 000b 00       		.byte	0
 1140 000c 0000     		.2byte	0
 1141 000e 0000     		.2byte	0
 1142 0010 00000000 		.4byte	.LFB56
 1143 0014 28000000 		.4byte	.LFE56-.LFB56
 1144 0018 00000000 		.4byte	.LFB57
 1145 001c 28000000 		.4byte	.LFE57-.LFB57
 1146 0020 00000000 		.4byte	.LFB58
 1147 0024 38000000 		.4byte	.LFE58-.LFB58
 1148 0028 00000000 		.4byte	0
 1149 002c 00000000 		.4byte	0
 1150              		.section	.debug_ranges,"",%progbits
 1151              	.Ldebug_ranges0:
 1152 0000 06000000 		.4byte	.LBB4
 1153 0004 12000000 		.4byte	.LBE4
 1154 0008 26000000 		.4byte	.LBB7
 1155 000c 2C000000 		.4byte	.LBE7
 1156 0010 00000000 		.4byte	0
 1157 0014 00000000 		.4byte	0
 1158 0018 00000000 		.4byte	.LFB56
 1159 001c 28000000 		.4byte	.LFE56
 1160 0020 00000000 		.4byte	.LFB57
 1161 0024 28000000 		.4byte	.LFE57
 1162 0028 00000000 		.4byte	.LFB58
 1163 002c 38000000 		.4byte	.LFE58
 1164 0030 00000000 		.4byte	0
 1165 0034 00000000 		.4byte	0
 1166              		.section	.debug_line,"",%progbits
 1167              	.Ldebug_line0:
 1168 0000 0C020000 		.section	.debug_str,"MS",%progbits,1
 1168      02009A01 
 1168      00000201 
 1168      FB0E0D00 
 1168      01010101 
 1169              	.LASF36:
 1170 0000 68616C50 		.ascii	"halPolledDelay\000"
 1170      6F6C6C65 
 1170      6444656C 
 1170      617900
 1171              	.LASF50:
 1172 000f 7469636B 		.ascii	"ticks\000"
 1172      7300
 1173              	.LASF31:
 1174 0015 50444461 		.ascii	"PDData\000"
 1174      746100
 1175              	.LASF51:
 1176 001c 5F70616C 		.ascii	"_pal_lld_init\000"
 1176      5F6C6C64 
 1176      5F696E69 
 1176      7400
 1177              	.LASF6:
 1178 002a 5F5F696E 		.ascii	"__int32_t\000"
 1178      7433325F 
 1178      7400
 1179              	.LASF34:
 1180 0034 73746172 		.ascii	"start\000"
ARM GAS  /tmp/ccYVmQBc.s 			page 22


 1180      7400
 1181              	.LASF0:
 1182 003a 756E7369 		.ascii	"unsigned int\000"
 1182      676E6564 
 1182      20696E74 
 1182      00
 1183              	.LASF13:
 1184 0047 626F6F6C 		.ascii	"bool_t\000"
 1184      5F7400
 1185              	.LASF42:
 1186 004e 65787449 		.ascii	"extInit\000"
 1186      6E697400 
 1187              	.LASF48:
 1188 0056 2F686F6D 		.ascii	"/home/dltech-deb/gdrive/Projects/RFM_to_Modbus_TCP/"
 1188      652F646C 
 1188      74656368 
 1188      2D646562 
 1188      2F676472 
 1189 0089 43686962 		.ascii	"ChibiOS/F103_ChibiOS_ENC60J28/main\000"
 1189      694F532F 
 1189      46313033 
 1189      5F436869 
 1189      62694F53 
 1190              	.LASF21:
 1191 00ac 534C4545 		.ascii	"SLEEPCNT\000"
 1191      50434E54 
 1191      00
 1192              	.LASF15:
 1193 00b5 494F5245 		.ascii	"IOREG32\000"
 1193      47333200 
 1194              	.LASF43:
 1195 00bd 73706949 		.ascii	"spiInit\000"
 1195      6E697400 
 1196              	.LASF35:
 1197 00c5 68616C49 		.ascii	"halInit\000"
 1197      6E697400 
 1198              	.LASF32:
 1199 00cd 50454461 		.ascii	"PEData\000"
 1199      746100
 1200              	.LASF2:
 1201 00d4 756E7369 		.ascii	"unsigned char\000"
 1201      676E6564 
 1201      20636861 
 1201      7200
 1202              	.LASF27:
 1203 00e2 73746D33 		.ascii	"stm32_gpio_setup_t\000"
 1203      325F6770 
 1203      696F5F73 
 1203      65747570 
 1203      5F7400
 1204              	.LASF28:
 1205 00f5 50414461 		.ascii	"PAData\000"
 1205      746100
 1206              	.LASF41:
 1207 00fc 746D496E 		.ascii	"tmInit\000"
 1207      697400
 1208              	.LASF8:
ARM GAS  /tmp/ccYVmQBc.s 			page 23


 1209 0103 6C6F6E67 		.ascii	"long unsigned int\000"
 1209      20756E73 
 1209      69676E65 
 1209      6420696E 
 1209      7400
 1210              	.LASF4:
 1211 0115 73686F72 		.ascii	"short unsigned int\000"
 1211      7420756E 
 1211      7369676E 
 1211      65642069 
 1211      6E7400
 1212              	.LASF19:
 1213 0128 43504943 		.ascii	"CPICNT\000"
 1213      4E5400
 1214              	.LASF38:
 1215 012f 49544D5F 		.ascii	"ITM_RxBuffer\000"
 1215      52784275 
 1215      66666572 
 1215      00
 1216              	.LASF23:
 1217 013c 464F4C44 		.ascii	"FOLDCNT\000"
 1217      434E5400 
 1218              	.LASF33:
 1219 0144 50414C43 		.ascii	"PALConfig\000"
 1219      6F6E6669 
 1219      6700
 1220              	.LASF39:
 1221 014e 70616C5F 		.ascii	"pal_default_config\000"
 1221      64656661 
 1221      756C745F 
 1221      636F6E66 
 1221      696700
 1222              	.LASF7:
 1223 0161 5F5F7569 		.ascii	"__uint32_t\000"
 1223      6E743332 
 1223      5F7400
 1224              	.LASF22:
 1225 016c 4C535543 		.ascii	"LSUCNT\000"
 1225      4E5400
 1226              	.LASF18:
 1227 0173 43594343 		.ascii	"CYCCNT\000"
 1227      4E5400
 1228              	.LASF29:
 1229 017a 50424461 		.ascii	"PBData\000"
 1229      746100
 1230              	.LASF26:
 1231 0181 68616C72 		.ascii	"halrtcnt_t\000"
 1231      74636E74 
 1231      5F7400
 1232              	.LASF44:
 1233 018c 75617274 		.ascii	"uartInit\000"
 1233      496E6974 
 1233      00
 1234              	.LASF45:
 1235 0195 626F6172 		.ascii	"boardInit\000"
 1235      64496E69 
 1235      7400
ARM GAS  /tmp/ccYVmQBc.s 			page 24


 1236              	.LASF17:
 1237 019f 4354524C 		.ascii	"CTRL\000"
 1237      00
 1238              	.LASF49:
 1239 01a4 68616C49 		.ascii	"halIsCounterWithin\000"
 1239      73436F75 
 1239      6E746572 
 1239      57697468 
 1239      696E00
 1240              	.LASF46:
 1241 01b7 474E5520 		.ascii	"GNU C 4.8.4 20141219 (release) -mcpu=cortex-m3 -mno"
 1241      4320342E 
 1241      382E3420 
 1241      32303134 
 1241      31323139 
 1242 01ea 2D746875 		.ascii	"-thumb-interwork -mthumb -ggdb -O2 -fomit-frame-poi"
 1242      6D622D69 
 1242      6E746572 
 1242      776F726B 
 1242      202D6D74 
 1243 021d 6E746572 		.ascii	"nter -falign-functions=16 -ffunction-sections -fdat"
 1243      202D6661 
 1243      6C69676E 
 1243      2D66756E 
 1243      6374696F 
 1244 0250 612D7365 		.ascii	"a-sections -fno-common -fno-strict-aliasing\000"
 1244      6374696F 
 1244      6E73202D 
 1244      666E6F2D 
 1244      636F6D6D 
 1245              	.LASF11:
 1246 027c 696E7433 		.ascii	"int32_t\000"
 1246      325F7400 
 1247              	.LASF16:
 1248 0284 73697A65 		.ascii	"sizetype\000"
 1248      74797065 
 1248      00
 1249              	.LASF47:
 1250 028d 2E2E2F6F 		.ascii	"../os/hal/src/hal.c\000"
 1250      732F6861 
 1250      6C2F7372 
 1250      632F6861 
 1250      6C2E6300 
 1251              	.LASF9:
 1252 02a1 6C6F6E67 		.ascii	"long long int\000"
 1252      206C6F6E 
 1252      6720696E 
 1252      7400
 1253              	.LASF37:
 1254 02af 74696D65 		.ascii	"timeout\000"
 1254      6F757400 
 1255              	.LASF24:
 1256 02b7 50435352 		.ascii	"PCSR\000"
 1256      00
 1257              	.LASF20:
 1258 02bc 45584343 		.ascii	"EXCCNT\000"
 1258      4E5400
ARM GAS  /tmp/ccYVmQBc.s 			page 25


 1259              	.LASF40:
 1260 02c3 68616C5F 		.ascii	"hal_lld_init\000"
 1260      6C6C645F 
 1260      696E6974 
 1260      00
 1261              	.LASF3:
 1262 02d0 73686F72 		.ascii	"short int\000"
 1262      7420696E 
 1262      7400
 1263              	.LASF30:
 1264 02da 50434461 		.ascii	"PCData\000"
 1264      746100
 1265              	.LASF25:
 1266 02e1 434D785F 		.ascii	"CMx_DWT\000"
 1266      44575400 
 1267              	.LASF12:
 1268 02e9 75696E74 		.ascii	"uint32_t\000"
 1268      33325F74 
 1268      00
 1269              	.LASF5:
 1270 02f2 6C6F6E67 		.ascii	"long int\000"
 1270      20696E74 
 1270      00
 1271              	.LASF1:
 1272 02fb 7369676E 		.ascii	"signed char\000"
 1272      65642063 
 1272      68617200 
 1273              	.LASF14:
 1274 0307 5F426F6F 		.ascii	"_Bool\000"
 1274      6C00
 1275              	.LASF10:
 1276 030d 6C6F6E67 		.ascii	"long long unsigned int\000"
 1276      206C6F6E 
 1276      6720756E 
 1276      7369676E 
 1276      65642069 
 1277              		.ident	"GCC: (4.8.4-1+11-1) 4.8.4 20141219 (release)"
ARM GAS  /tmp/ccYVmQBc.s 			page 26


DEFINED SYMBOLS
                            *ABS*:0000000000000000 hal.c
     /tmp/ccYVmQBc.s:19     .text.halInit:0000000000000000 $t
     /tmp/ccYVmQBc.s:25     .text.halInit:0000000000000000 halInit
     /tmp/ccYVmQBc.s:63     .text.halInit:0000000000000024 $d
     /tmp/ccYVmQBc.s:68     .text.halIsCounterWithin:0000000000000000 $t
     /tmp/ccYVmQBc.s:74     .text.halIsCounterWithin:0000000000000000 halIsCounterWithin
     /tmp/ccYVmQBc.s:118    .text.halIsCounterWithin:0000000000000024 $d
     /tmp/ccYVmQBc.s:123    .text.halPolledDelay:0000000000000000 $t
     /tmp/ccYVmQBc.s:129    .text.halPolledDelay:0000000000000000 halPolledDelay
     /tmp/ccYVmQBc.s:196    .text.halPolledDelay:0000000000000034 $d
                     .debug_frame:0000000000000010 $d
     /tmp/ccYVmQBc.s:67     .text.halInit:0000000000000028 $t
     /tmp/ccYVmQBc.s:122    .text.halIsCounterWithin:0000000000000028 $t
     /tmp/ccYVmQBc.s:200    .text.halPolledDelay:0000000000000038 $t

UNDEFINED SYMBOLS
hal_lld_init
tmInit
_pal_lld_init
extInit
spiInit
uartInit
boardInit
pal_default_config
