ARM GAS  /tmp/ccR32d1V.s 			page 1


   1              		.syntax unified
   2              		.cpu cortex-m3
   3              		.fpu softvfp
   4              		.eabi_attribute 20, 1
   5              		.eabi_attribute 21, 1
   6              		.eabi_attribute 23, 3
   7              		.eabi_attribute 24, 1
   8              		.eabi_attribute 25, 1
   9              		.eabi_attribute 26, 1
  10              		.eabi_attribute 30, 2
  11              		.eabi_attribute 34, 1
  12              		.eabi_attribute 18, 4
  13              		.thumb
  14              		.file	"mmcsd.c"
  15              		.text
  16              	.Ltext0:
  17              		.cfi_sections	.debug_frame
  18              	.Letext0:
  19              		.file 1 "/usr/include/newlib/machine/_default_types.h"
  20              		.file 2 "/usr/include/newlib/stdint.h"
  21              		.file 3 "../os/ports/common/ARMCMx/CMSIS/include/core_cm3.h"
  22              		.section	.debug_info,"",%progbits
  23              	.Ldebug_info0:
  24 0000 95000000 		.4byte	0x95
  25 0004 0400     		.2byte	0x4
  26 0006 00000000 		.4byte	.Ldebug_abbrev0
  27 000a 04       		.byte	0x4
  28 000b 01       		.uleb128 0x1
  29 000c 97000000 		.4byte	.LASF13
  30 0010 01       		.byte	0x1
  31 0011 CD010000 		.4byte	.LASF14
  32 0015 77010000 		.4byte	.LASF15
  33 0019 00000000 		.4byte	.Ldebug_line0
  34 001d 02       		.uleb128 0x2
  35 001e 04       		.byte	0x4
  36 001f 05       		.byte	0x5
  37 0020 696E7400 		.ascii	"int\000"
  38 0024 03       		.uleb128 0x3
  39 0025 04       		.byte	0x4
  40 0026 07       		.byte	0x7
  41 0027 21000000 		.4byte	.LASF0
  42 002b 03       		.uleb128 0x3
  43 002c 01       		.byte	0x1
  44 002d 06       		.byte	0x6
  45 002e 81000000 		.4byte	.LASF1
  46 0032 03       		.uleb128 0x3
  47 0033 01       		.byte	0x1
  48 0034 08       		.byte	0x8
  49 0035 57000000 		.4byte	.LASF2
  50 0039 03       		.uleb128 0x3
  51 003a 02       		.byte	0x2
  52 003b 05       		.byte	0x5
  53 003c 5C010000 		.4byte	.LASF3
  54 0040 03       		.uleb128 0x3
  55 0041 02       		.byte	0x2
  56 0042 07       		.byte	0x7
  57 0043 0E000000 		.4byte	.LASF4
ARM GAS  /tmp/ccR32d1V.s 			page 2


  58 0047 04       		.uleb128 0x4
  59 0048 8D000000 		.4byte	.LASF9
  60 004c 01       		.byte	0x1
  61 004d 3F       		.byte	0x3f
  62 004e 52000000 		.4byte	0x52
  63 0052 03       		.uleb128 0x3
  64 0053 04       		.byte	0x4
  65 0054 05       		.byte	0x5
  66 0055 65000000 		.4byte	.LASF5
  67 0059 03       		.uleb128 0x3
  68 005a 04       		.byte	0x4
  69 005b 07       		.byte	0x7
  70 005c 2E000000 		.4byte	.LASF6
  71 0060 03       		.uleb128 0x3
  72 0061 08       		.byte	0x8
  73 0062 05       		.byte	0x5
  74 0063 00000000 		.4byte	.LASF7
  75 0067 03       		.uleb128 0x3
  76 0068 08       		.byte	0x8
  77 0069 07       		.byte	0x7
  78 006a 40000000 		.4byte	.LASF8
  79 006e 04       		.uleb128 0x4
  80 006f 66010000 		.4byte	.LASF10
  81 0073 02       		.byte	0x2
  82 0074 41       		.byte	0x41
  83 0075 47000000 		.4byte	0x47
  84 0079 03       		.uleb128 0x3
  85 007a 01       		.byte	0x1
  86 007b 02       		.byte	0x2
  87 007c 6E000000 		.4byte	.LASF11
  88 0080 03       		.uleb128 0x3
  89 0081 04       		.byte	0x4
  90 0082 07       		.byte	0x7
  91 0083 6E010000 		.4byte	.LASF12
  92 0087 05       		.uleb128 0x5
  93 0088 6E000000 		.4byte	0x6e
  94 008c 06       		.uleb128 0x6
  95 008d 74000000 		.4byte	.LASF16
  96 0091 03       		.byte	0x3
  97 0092 0706     		.2byte	0x607
  98 0094 87000000 		.4byte	0x87
  99 0098 00       		.byte	0
 100              		.section	.debug_abbrev,"",%progbits
 101              	.Ldebug_abbrev0:
 102 0000 01       		.uleb128 0x1
 103 0001 11       		.uleb128 0x11
 104 0002 01       		.byte	0x1
 105 0003 25       		.uleb128 0x25
 106 0004 0E       		.uleb128 0xe
 107 0005 13       		.uleb128 0x13
 108 0006 0B       		.uleb128 0xb
 109 0007 03       		.uleb128 0x3
 110 0008 0E       		.uleb128 0xe
 111 0009 1B       		.uleb128 0x1b
 112 000a 0E       		.uleb128 0xe
 113 000b 10       		.uleb128 0x10
 114 000c 17       		.uleb128 0x17
ARM GAS  /tmp/ccR32d1V.s 			page 3


 115 000d 00       		.byte	0
 116 000e 00       		.byte	0
 117 000f 02       		.uleb128 0x2
 118 0010 24       		.uleb128 0x24
 119 0011 00       		.byte	0
 120 0012 0B       		.uleb128 0xb
 121 0013 0B       		.uleb128 0xb
 122 0014 3E       		.uleb128 0x3e
 123 0015 0B       		.uleb128 0xb
 124 0016 03       		.uleb128 0x3
 125 0017 08       		.uleb128 0x8
 126 0018 00       		.byte	0
 127 0019 00       		.byte	0
 128 001a 03       		.uleb128 0x3
 129 001b 24       		.uleb128 0x24
 130 001c 00       		.byte	0
 131 001d 0B       		.uleb128 0xb
 132 001e 0B       		.uleb128 0xb
 133 001f 3E       		.uleb128 0x3e
 134 0020 0B       		.uleb128 0xb
 135 0021 03       		.uleb128 0x3
 136 0022 0E       		.uleb128 0xe
 137 0023 00       		.byte	0
 138 0024 00       		.byte	0
 139 0025 04       		.uleb128 0x4
 140 0026 16       		.uleb128 0x16
 141 0027 00       		.byte	0
 142 0028 03       		.uleb128 0x3
 143 0029 0E       		.uleb128 0xe
 144 002a 3A       		.uleb128 0x3a
 145 002b 0B       		.uleb128 0xb
 146 002c 3B       		.uleb128 0x3b
 147 002d 0B       		.uleb128 0xb
 148 002e 49       		.uleb128 0x49
 149 002f 13       		.uleb128 0x13
 150 0030 00       		.byte	0
 151 0031 00       		.byte	0
 152 0032 05       		.uleb128 0x5
 153 0033 35       		.uleb128 0x35
 154 0034 00       		.byte	0
 155 0035 49       		.uleb128 0x49
 156 0036 13       		.uleb128 0x13
 157 0037 00       		.byte	0
 158 0038 00       		.byte	0
 159 0039 06       		.uleb128 0x6
 160 003a 34       		.uleb128 0x34
 161 003b 00       		.byte	0
 162 003c 03       		.uleb128 0x3
 163 003d 0E       		.uleb128 0xe
 164 003e 3A       		.uleb128 0x3a
 165 003f 0B       		.uleb128 0xb
 166 0040 3B       		.uleb128 0x3b
 167 0041 05       		.uleb128 0x5
 168 0042 49       		.uleb128 0x49
 169 0043 13       		.uleb128 0x13
 170 0044 3F       		.uleb128 0x3f
 171 0045 19       		.uleb128 0x19
ARM GAS  /tmp/ccR32d1V.s 			page 4


 172 0046 3C       		.uleb128 0x3c
 173 0047 19       		.uleb128 0x19
 174 0048 00       		.byte	0
 175 0049 00       		.byte	0
 176 004a 00       		.byte	0
 177              		.section	.debug_aranges,"",%progbits
 178 0000 14000000 		.4byte	0x14
 179 0004 0200     		.2byte	0x2
 180 0006 00000000 		.4byte	.Ldebug_info0
 181 000a 04       		.byte	0x4
 182 000b 00       		.byte	0
 183 000c 0000     		.2byte	0
 184 000e 0000     		.2byte	0
 185 0010 00000000 		.4byte	0
 186 0014 00000000 		.4byte	0
 187              		.section	.debug_line,"",%progbits
 188              	.Ldebug_line0:
 189 0000 9F000000 		.section	.debug_str,"MS",%progbits,1
 189      02009900 
 189      00000201 
 189      FB0E0D00 
 189      01010101 
 190              	.LASF7:
 191 0000 6C6F6E67 		.ascii	"long long int\000"
 191      206C6F6E 
 191      6720696E 
 191      7400
 192              	.LASF4:
 193 000e 73686F72 		.ascii	"short unsigned int\000"
 193      7420756E 
 193      7369676E 
 193      65642069 
 193      6E7400
 194              	.LASF0:
 195 0021 756E7369 		.ascii	"unsigned int\000"
 195      676E6564 
 195      20696E74 
 195      00
 196              	.LASF6:
 197 002e 6C6F6E67 		.ascii	"long unsigned int\000"
 197      20756E73 
 197      69676E65 
 197      6420696E 
 197      7400
 198              	.LASF8:
 199 0040 6C6F6E67 		.ascii	"long long unsigned int\000"
 199      206C6F6E 
 199      6720756E 
 199      7369676E 
 199      65642069 
 200              	.LASF2:
 201 0057 756E7369 		.ascii	"unsigned char\000"
 201      676E6564 
 201      20636861 
 201      7200
 202              	.LASF5:
 203 0065 6C6F6E67 		.ascii	"long int\000"
ARM GAS  /tmp/ccR32d1V.s 			page 5


 203      20696E74 
 203      00
 204              	.LASF11:
 205 006e 5F426F6F 		.ascii	"_Bool\000"
 205      6C00
 206              	.LASF16:
 207 0074 49544D5F 		.ascii	"ITM_RxBuffer\000"
 207      52784275 
 207      66666572 
 207      00
 208              	.LASF1:
 209 0081 7369676E 		.ascii	"signed char\000"
 209      65642063 
 209      68617200 
 210              	.LASF9:
 211 008d 5F5F696E 		.ascii	"__int32_t\000"
 211      7433325F 
 211      7400
 212              	.LASF13:
 213 0097 474E5520 		.ascii	"GNU C 4.8.4 20141219 (release) -mcpu=cortex-m3 -mno"
 213      4320342E 
 213      382E3420 
 213      32303134 
 213      31323139 
 214 00ca 2D746875 		.ascii	"-thumb-interwork -mthumb -ggdb -O2 -fomit-frame-poi"
 214      6D622D69 
 214      6E746572 
 214      776F726B 
 214      202D6D74 
 215 00fd 6E746572 		.ascii	"nter -falign-functions=16 -ffunction-sections -fdat"
 215      202D6661 
 215      6C69676E 
 215      2D66756E 
 215      6374696F 
 216 0130 612D7365 		.ascii	"a-sections -fno-common -fno-strict-aliasing\000"
 216      6374696F 
 216      6E73202D 
 216      666E6F2D 
 216      636F6D6D 
 217              	.LASF3:
 218 015c 73686F72 		.ascii	"short int\000"
 218      7420696E 
 218      7400
 219              	.LASF10:
 220 0166 696E7433 		.ascii	"int32_t\000"
 220      325F7400 
 221              	.LASF12:
 222 016e 73697A65 		.ascii	"sizetype\000"
 222      74797065 
 222      00
 223              	.LASF15:
 224 0177 2F686F6D 		.ascii	"/home/dltech-deb/gdrive/Projects/RFM_to_Modbus_TCP/"
 224      652F646C 
 224      74656368 
 224      2D646562 
 224      2F676472 
 225 01aa 43686962 		.ascii	"ChibiOS/F103_ChibiOS_ENC60J28/main\000"
ARM GAS  /tmp/ccR32d1V.s 			page 6


 225      694F532F 
 225      46313033 
 225      5F436869 
 225      62694F53 
 226              	.LASF14:
 227 01cd 2E2E2F6F 		.ascii	"../os/hal/src/mmcsd.c\000"
 227      732F6861 
 227      6C2F7372 
 227      632F6D6D 
 227      6373642E 
 228              		.ident	"GCC: (4.8.4-1+11-1) 4.8.4 20141219 (release)"
ARM GAS  /tmp/ccR32d1V.s 			page 7


DEFINED SYMBOLS
                            *ABS*:0000000000000000 mmcsd.c

NO UNDEFINED SYMBOLS
