ARM GAS  /tmp/ccYmpWIc.s 			page 1


   1              		.syntax unified
   2              		.cpu cortex-m3
   3              		.fpu softvfp
   4              		.eabi_attribute 20, 1
   5              		.eabi_attribute 21, 1
   6              		.eabi_attribute 23, 3
   7              		.eabi_attribute 24, 1
   8              		.eabi_attribute 25, 1
   9              		.eabi_attribute 26, 1
  10              		.eabi_attribute 30, 2
  11              		.eabi_attribute 34, 1
  12              		.eabi_attribute 18, 4
  13              		.thumb
  14              		.file	"modbus_tcp.c"
  15              		.text
  16              	.Ltext0:
  17              		.cfi_sections	.debug_frame
  18              		.section	.text.modbusInit,"ax",%progbits
  19              		.align	2
  20              		.p2align 4,,15
  21              		.global	modbusInit
  22              		.thumb
  23              		.thumb_func
  24              		.type	modbusInit, %function
  25              	modbusInit:
  26              	.LFB56:
  27              		.file 1 "modbus_tcp.c"
  28              		.loc 1 30 0
  29              		.cfi_startproc
  30              		@ args = 0, pretend = 0, frame = 0
  31              		@ frame_needed = 0, uses_anonymous_args = 0
  32 0000 08B5     		push	{r3, lr}
  33              		.cfi_def_cfa_offset 8
  34              		.cfi_offset 3, -8
  35              		.cfi_offset 14, -4
  36              		.loc 1 31 0
  37 0002 4FF20160 		movw	r0, #62977
  38 0006 FFF7FEFF 		bl	uip_listen
  39              	.LVL0:
  40              		.loc 1 32 0
  41 000a 024B     		ldr	r3, .L2
  42 000c 0222     		movs	r2, #2
  43 000e 1A70     		strb	r2, [r3]
  44 0010 08BD     		pop	{r3, pc}
  45              	.L3:
  46 0012 00BF     		.align	2
  47              	.L2:
  48 0014 00000000 		.word	.LANCHOR0
  49              		.cfi_endproc
  50              	.LFE56:
  51              		.size	modbusInit, .-modbusInit
  52 0018 AFF30080 		.section	.text.isValid,"ax",%progbits
  52      AFF30080 
  53              		.align	2
  54              		.p2align 4,,15
  55              		.global	isValid
  56              		.thumb
ARM GAS  /tmp/ccYmpWIc.s 			page 2


  57              		.thumb_func
  58              		.type	isValid, %function
  59              	isValid:
  60              	.LFB57:
  61              		.loc 1 37 0
  62              		.cfi_startproc
  63              		@ args = 0, pretend = 0, frame = 0
  64              		@ frame_needed = 0, uses_anonymous_args = 0
  65              	.LVL1:
  66              		.loc 1 48 0
  67 0000 0529     		cmp	r1, #5
  68              		.loc 1 37 0
  69 0002 10B5     		push	{r4, lr}
  70              		.cfi_def_cfa_offset 8
  71              		.cfi_offset 4, -8
  72              		.cfi_offset 14, -4
  73              		.loc 1 48 0
  74 0004 14D9     		bls	.L12
  75              		.loc 1 53 0
  76 0006 8378     		ldrb	r3, [r0, #2]	@ zero_extendqisi2
  77 0008 6BB9     		cbnz	r3, .L7
  78              		.loc 1 53 0 is_stmt 0 discriminator 1
  79 000a C478     		ldrb	r4, [r0, #3]	@ zero_extendqisi2
  80 000c 5CB9     		cbnz	r4, .L7
  81              		.loc 1 59 0 is_stmt 1
  82 000e 0279     		ldrb	r2, [r0, #4]	@ zero_extendqisi2
  83 0010 4379     		ldrb	r3, [r0, #5]	@ zero_extendqisi2
  84 0012 0639     		subs	r1, r1, #6
  85              	.LVL2:
  86 0014 03EB0223 		add	r3, r3, r2, lsl #8
  87 0018 8B42     		cmp	r3, r1
  88 001a 13D1     		bne	.L13
  89              		.loc 1 64 0
  90 001c 8379     		ldrb	r3, [r0, #6]	@ zero_extendqisi2
  91 001e F82B     		cmp	r3, #248
  92 0020 0BD8     		bhi	.L14
  93              		.loc 1 69 0
  94 0022 0120     		movs	r0, #1
  95              	.LVL3:
  96              		.loc 1 71 0
  97 0024 10BD     		pop	{r4, pc}
  98              	.LVL4:
  99              	.L7:
 100              		.loc 1 56 0
 101 0026 0A48     		ldr	r0, .L15
 102              	.LVL5:
 103 0028 FFF7FEFF 		bl	senddbgmsg
 104              	.LVL6:
 105              		.loc 1 57 0
 106 002c 0020     		movs	r0, #0
 107 002e 10BD     		pop	{r4, pc}
 108              	.LVL7:
 109              	.L12:
 110              		.loc 1 50 0
 111 0030 0848     		ldr	r0, .L15+4
 112              	.LVL8:
 113 0032 FFF7FEFF 		bl	senddbgmsg
ARM GAS  /tmp/ccYmpWIc.s 			page 3


 114              	.LVL9:
 115              		.loc 1 51 0
 116 0036 0020     		movs	r0, #0
 117 0038 10BD     		pop	{r4, pc}
 118              	.LVL10:
 119              	.L14:
 120              		.loc 1 66 0
 121 003a 0748     		ldr	r0, .L15+8
 122              	.LVL11:
 123 003c FFF7FEFF 		bl	senddbgmsg
 124              	.LVL12:
 125              		.loc 1 67 0
 126 0040 2046     		mov	r0, r4
 127 0042 10BD     		pop	{r4, pc}
 128              	.LVL13:
 129              	.L13:
 130              		.loc 1 61 0
 131 0044 0548     		ldr	r0, .L15+12
 132              	.LVL14:
 133 0046 FFF7FEFF 		bl	senddbgmsg
 134              	.LVL15:
 135              		.loc 1 62 0
 136 004a 2046     		mov	r0, r4
 137 004c 10BD     		pop	{r4, pc}
 138              	.L16:
 139 004e 00BF     		.align	2
 140              	.L15:
 141 0050 10000000 		.word	.LC1
 142 0054 00000000 		.word	.LC0
 143 0058 2C000000 		.word	.LC3
 144 005c 20000000 		.word	.LC2
 145              		.cfi_endproc
 146              	.LFE57:
 147              		.size	isValid, .-isValid
 148              		.section	.text.modbus_tcp_gateway,"ax",%progbits
 149              		.align	2
 150              		.p2align 4,,15
 151              		.global	modbus_tcp_gateway
 152              		.thumb
 153              		.thumb_func
 154              		.type	modbus_tcp_gateway, %function
 155              	modbus_tcp_gateway:
 156              	.LFB58:
 157              		.loc 1 127 0
 158              		.cfi_startproc
 159              		@ args = 0, pretend = 0, frame = 0
 160              		@ frame_needed = 0, uses_anonymous_args = 0
 161 0000 F8B5     		push	{r3, r4, r5, r6, r7, lr}
 162              		.cfi_def_cfa_offset 24
 163              		.cfi_offset 3, -24
 164              		.cfi_offset 4, -20
 165              		.cfi_offset 5, -16
 166              		.cfi_offset 6, -12
 167              		.cfi_offset 7, -8
 168              		.cfi_offset 14, -4
 169              		.loc 1 128 0
 170 0002 284C     		ldr	r4, .L43
ARM GAS  /tmp/ccYmpWIc.s 			page 4


 171 0004 2378     		ldrb	r3, [r4]	@ zero_extendqisi2
 172 0006 13F0420F 		tst	r3, #66
 173 000a 05D0     		beq	.L18
 174              		.loc 1 130 0
 175 000c 264D     		ldr	r5, .L43+4
 176 000e 2A78     		ldrb	r2, [r5]	@ zero_extendqisi2
 177 0010 022A     		cmp	r2, #2
 178 0012 2BD0     		beq	.L19
 179              		.loc 1 130 0 is_stmt 0 discriminator 1
 180 0014 072A     		cmp	r2, #7
 181 0016 29D0     		beq	.L19
 182              	.L18:
 183              		.loc 1 145 0 is_stmt 1
 184 0018 D807     		lsls	r0, r3, #31
 185 001a 03D5     		bpl	.L21
 186              		.loc 1 147 0
 187 001c 224A     		ldr	r2, .L43+4
 188 001e 1278     		ldrb	r2, [r2]	@ zero_extendqisi2
 189 0020 062A     		cmp	r2, #6
 190 0022 2CD0     		beq	.L41
 191              	.L21:
 192              		.loc 1 154 0
 193 0024 13F00C0F 		tst	r3, #12
 194 0028 07D0     		beq	.L22
 195              		.loc 1 156 0
 196 002a 1F4D     		ldr	r5, .L43+4
 197 002c 2B78     		ldrb	r3, [r5]	@ zero_extendqisi2
 198 002e 052B     		cmp	r3, #5
 199 0030 11D0     		beq	.L42
 200              		.loc 1 164 0
 201 0032 1E48     		ldr	r0, .L43+8
 202 0034 FFF7FEFF 		bl	senddbgmsg
 203              	.LVL16:
 204 0038 2378     		ldrb	r3, [r4]	@ zero_extendqisi2
 205              	.L22:
 206              		.loc 1 168 0
 207 003a 9906     		lsls	r1, r3, #26
 208 003c 03D4     		bmi	.L24
 209              		.loc 1 168 0 is_stmt 0 discriminator 1
 210 003e 1A06     		lsls	r2, r3, #24
 211 0040 01D4     		bmi	.L24
 212 0042 DB06     		lsls	r3, r3, #27
 213 0044 06D5     		bpl	.L17
 214              	.L24:
 215              		.loc 1 169 0 is_stmt 1
 216 0046 184C     		ldr	r4, .L43+4
 217 0048 1948     		ldr	r0, .L43+12
 218 004a 2178     		ldrb	r1, [r4]	@ zero_extendqisi2
 219 004c FFF7FEFF 		bl	senddbgmsg
 220              	.LVL17:
 221              		.loc 1 170 0
 222 0050 0223     		movs	r3, #2
 223 0052 2370     		strb	r3, [r4]
 224              	.L17:
 225 0054 F8BD     		pop	{r3, r4, r5, r6, r7, pc}
 226              	.L42:
 227              		.loc 1 158 0
ARM GAS  /tmp/ccYmpWIc.s 			page 5


 228 0056 1748     		ldr	r0, .L43+16
 229 0058 6988     		ldrh	r1, [r5, #2]
 230 005a FFF7FEFF 		bl	uip_send
 231              	.LVL18:
 232              		.loc 1 159 0
 233 005e 0623     		movs	r3, #6
 234              		.loc 1 160 0
 235 0060 1548     		ldr	r0, .L43+20
 236              		.loc 1 159 0
 237 0062 2B70     		strb	r3, [r5]
 238              		.loc 1 160 0
 239 0064 FFF7FEFF 		bl	senddbgmsg
 240              	.LVL19:
 241 0068 2378     		ldrb	r3, [r4]	@ zero_extendqisi2
 242 006a E6E7     		b	.L22
 243              	.L19:
 244              		.loc 1 133 0
 245 006c 134E     		ldr	r6, .L43+24
 246 006e 144F     		ldr	r7, .L43+28
 247 0070 3068     		ldr	r0, [r6]
 248 0072 3978     		ldrb	r1, [r7]	@ zero_extendqisi2
 249 0074 FFF7FEFF 		bl	isValid
 250              	.LVL20:
 251 0078 30B9     		cbnz	r0, .L20
 252              	.L40:
 253 007a 2378     		ldrb	r3, [r4]	@ zero_extendqisi2
 254 007c CCE7     		b	.L18
 255              	.L41:
 256              		.loc 1 150 0
 257 007e 1148     		ldr	r0, .L43+32
 258 0080 FFF7FEFF 		bl	senddbgmsg
 259              	.LVL21:
 260 0084 2378     		ldrb	r3, [r4]	@ zero_extendqisi2
 261 0086 CDE7     		b	.L21
 262              	.L20:
 263              		.loc 1 136 0
 264 0088 3F88     		ldrh	r7, [r7]
 265 008a 3168     		ldr	r1, [r6]
 266 008c 3A46     		mov	r2, r7
 267 008e 0948     		ldr	r0, .L43+16
 268 0090 FFF7FEFF 		bl	memcpy
 269              	.LVL22:
 270              		.loc 1 139 0
 271 0094 0323     		movs	r3, #3
 272              		.loc 1 140 0
 273 0096 0C48     		ldr	r0, .L43+36
 274 0098 0021     		movs	r1, #0
 275              		.loc 1 137 0
 276 009a 6F80     		strh	r7, [r5, #2]	@ movhi
 277              		.loc 1 139 0
 278 009c 2B70     		strb	r3, [r5]
 279              		.loc 1 140 0
 280 009e FFF7FEFF 		bl	chEvtBroadcastFlags
 281              	.LVL23:
 282 00a2 EAE7     		b	.L40
 283              	.L44:
 284              		.align	2
ARM GAS  /tmp/ccYmpWIc.s 			page 6


 285              	.L43:
 286 00a4 00000000 		.word	uip_flags
 287 00a8 00000000 		.word	.LANCHOR0
 288 00ac 54000000 		.word	.LC6
 289 00b0 5C000000 		.word	.LC7
 290 00b4 00000000 		.word	.LANCHOR1
 291 00b8 48000000 		.word	.LC5
 292 00bc 00000000 		.word	uip_appdata
 293 00c0 00000000 		.word	uip_len
 294 00c4 3C000000 		.word	.LC4
 295 00c8 00000000 		.word	send_req_event
 296              		.cfi_endproc
 297              	.LFE58:
 298              		.size	modbus_tcp_gateway, .-modbus_tcp_gateway
 299              		.global	modbusSerialState
 300              		.global	modbusSerialBuffer
 301 00cc AFF30080 		.section	.bss.modbusSerialState,"aw",%nobits
 302              		.align	2
 303              		.set	.LANCHOR0,. + 0
 304              		.type	modbusSerialState, %object
 305              		.size	modbusSerialState, 4
 306              	modbusSerialState:
 307 0000 00000000 		.space	4
 308              		.section	.rodata.str1.4,"aMS",%progbits,1
 309              		.align	2
 310              	.LC0:
 311 0000 6C656E20 		.ascii	"len is null\012\000"
 311      6973206E 
 311      756C6C0A 
 311      00
 312 000d 000000   		.space	3
 313              	.LC1:
 314 0010 70726F74 		.ascii	"prot id is nok\012\000"
 314      20696420 
 314      6973206E 
 314      6F6B0A00 
 315              	.LC2:
 316 0020 6C656E20 		.ascii	"len is nok\012\000"
 316      6973206E 
 316      6F6B0A00 
 317              	.LC3:
 318 002c 756E6974 		.ascii	"unit id is nok\012\000"
 318      20696420 
 318      6973206E 
 318      6F6B0A00 
 319              	.LC4:
 320 003c 6261636B 		.ascii	"back2ready\012\000"
 320      32726561 
 320      64790A00 
 321              	.LC5:
 322 0048 7061636B 		.ascii	"pack sent\012\000"
 322      2073656E 
 322      740A00
 323 0053 00       		.space	1
 324              	.LC6:
 325 0054 706F6C6C 		.ascii	"poll\012\000"
 325      0A00
ARM GAS  /tmp/ccYmpWIc.s 			page 7


 326 005a 0000     		.space	2
 327              	.LC7:
 328 005c 25303164 		.ascii	"%01dcon abort\012\000"
 328      636F6E20 
 328      61626F72 
 328      740A00
 329 006b 00       		.section	.bss.modbusSerialBuffer,"aw",%nobits
 330              		.align	2
 331              		.set	.LANCHOR1,. + 0
 332              		.type	modbusSerialBuffer, %object
 333              		.size	modbusSerialBuffer, 256
 334              	modbusSerialBuffer:
 335 0000 00000000 		.space	256
 335      00000000 
 335      00000000 
 335      00000000 
 335      00000000 
 336              		.text
 337              	.Letext0:
 338              		.file 2 "/usr/include/newlib/machine/_default_types.h"
 339              		.file 3 "/usr/include/newlib/stdint.h"
 340              		.file 4 "modbus_tcp.h"
 341              		.file 5 "./uip-conf.h"
 342              		.file 6 "../os/ports/GCC/ARMCMx/chtypes.h"
 343              		.file 7 "../os/kernel/include/chlists.h"
 344              		.file 8 "../os/kernel/include/chthreads.h"
 345              		.file 9 "../os/ports/GCC/ARMCMx/chcore_v7m.h"
 346              		.file 10 "../os/kernel/include/chmtx.h"
 347              		.file 11 "../os/kernel/include/chevents.h"
 348              		.file 12 "../uip/uip.h"
 349              		.file 13 "../os/ports/common/ARMCMx/CMSIS/include/core_cm3.h"
 350              		.file 14 "util.h"
 351              		.section	.debug_info,"",%progbits
 352              	.Ldebug_info0:
 353 0000 B9060000 		.4byte	0x6b9
 354 0004 0400     		.2byte	0x4
 355 0006 00000000 		.4byte	.Ldebug_abbrev0
 356 000a 04       		.byte	0x4
 357 000b 01       		.uleb128 0x1
 358 000c 60020000 		.4byte	.LASF89
 359 0010 01       		.byte	0x1
 360 0011 B9010000 		.4byte	.LASF90
 361 0015 2D030000 		.4byte	.LASF91
 362 0019 00000000 		.4byte	.Ldebug_ranges0+0
 363 001d 00000000 		.4byte	0
 364 0021 00000000 		.4byte	.Ldebug_line0
 365 0025 02       		.uleb128 0x2
 366 0026 01       		.byte	0x1
 367 0027 06       		.byte	0x6
 368 0028 F6010000 		.4byte	.LASF0
 369 002c 03       		.uleb128 0x3
 370 002d 6E010000 		.4byte	.LASF3
 371 0031 02       		.byte	0x2
 372 0032 1D       		.byte	0x1d
 373 0033 37000000 		.4byte	0x37
 374 0037 02       		.uleb128 0x2
 375 0038 01       		.byte	0x1
ARM GAS  /tmp/ccYmpWIc.s 			page 8


 376 0039 08       		.byte	0x8
 377 003a C6010000 		.4byte	.LASF1
 378 003e 02       		.uleb128 0x2
 379 003f 02       		.byte	0x2
 380 0040 05       		.byte	0x5
 381 0041 34000000 		.4byte	.LASF2
 382 0045 03       		.uleb128 0x3
 383 0046 6C000000 		.4byte	.LASF4
 384 004a 02       		.byte	0x2
 385 004b 2B       		.byte	0x2b
 386 004c 50000000 		.4byte	0x50
 387 0050 02       		.uleb128 0x2
 388 0051 02       		.byte	0x2
 389 0052 07       		.byte	0x7
 390 0053 AF030000 		.4byte	.LASF5
 391 0057 03       		.uleb128 0x3
 392 0058 29040000 		.4byte	.LASF6
 393 005c 02       		.byte	0x2
 394 005d 3F       		.byte	0x3f
 395 005e 62000000 		.4byte	0x62
 396 0062 02       		.uleb128 0x2
 397 0063 04       		.byte	0x4
 398 0064 05       		.byte	0x5
 399 0065 57010000 		.4byte	.LASF7
 400 0069 03       		.uleb128 0x3
 401 006a 77000000 		.4byte	.LASF8
 402 006e 02       		.byte	0x2
 403 006f 41       		.byte	0x41
 404 0070 74000000 		.4byte	0x74
 405 0074 02       		.uleb128 0x2
 406 0075 04       		.byte	0x4
 407 0076 07       		.byte	0x7
 408 0077 3E020000 		.4byte	.LASF9
 409 007b 02       		.uleb128 0x2
 410 007c 08       		.byte	0x8
 411 007d 05       		.byte	0x5
 412 007e 41010000 		.4byte	.LASF10
 413 0082 02       		.uleb128 0x2
 414 0083 08       		.byte	0x8
 415 0084 07       		.byte	0x7
 416 0085 02020000 		.4byte	.LASF11
 417 0089 04       		.uleb128 0x4
 418 008a 04       		.byte	0x4
 419 008b 05       		.byte	0x5
 420 008c 696E7400 		.ascii	"int\000"
 421 0090 02       		.uleb128 0x2
 422 0091 04       		.byte	0x4
 423 0092 07       		.byte	0x7
 424 0093 D5040000 		.4byte	.LASF12
 425 0097 03       		.uleb128 0x3
 426 0098 D6000000 		.4byte	.LASF13
 427 009c 03       		.byte	0x3
 428 009d 2A       		.byte	0x2a
 429 009e 2C000000 		.4byte	0x2c
 430 00a2 03       		.uleb128 0x3
 431 00a3 35020000 		.4byte	.LASF14
 432 00a7 03       		.byte	0x3
ARM GAS  /tmp/ccYmpWIc.s 			page 9


 433 00a8 36       		.byte	0x36
 434 00a9 45000000 		.4byte	0x45
 435 00ad 03       		.uleb128 0x3
 436 00ae 9F030000 		.4byte	.LASF15
 437 00b2 03       		.byte	0x3
 438 00b3 41       		.byte	0x41
 439 00b4 57000000 		.4byte	0x57
 440 00b8 03       		.uleb128 0x3
 441 00b9 19020000 		.4byte	.LASF16
 442 00bd 03       		.byte	0x3
 443 00be 42       		.byte	0x42
 444 00bf 69000000 		.4byte	0x69
 445 00c3 05       		.uleb128 0x5
 446 00c4 01       		.byte	0x1
 447 00c5 04       		.byte	0x4
 448 00c6 1A       		.byte	0x1a
 449 00c7 F6000000 		.4byte	0xf6
 450 00cb 06       		.uleb128 0x6
 451 00cc DE000000 		.4byte	.LASF17
 452 00d0 01       		.sleb128 1
 453 00d1 06       		.uleb128 0x6
 454 00d2 AE000000 		.4byte	.LASF18
 455 00d6 02       		.sleb128 2
 456 00d7 06       		.uleb128 0x6
 457 00d8 16040000 		.4byte	.LASF19
 458 00dc 03       		.sleb128 3
 459 00dd 06       		.uleb128 0x6
 460 00de F2000000 		.4byte	.LASF20
 461 00e2 04       		.sleb128 4
 462 00e3 06       		.uleb128 0x6
 463 00e4 38040000 		.4byte	.LASF21
 464 00e8 05       		.sleb128 5
 465 00e9 06       		.uleb128 0x6
 466 00ea 11010000 		.4byte	.LASF22
 467 00ee 06       		.sleb128 6
 468 00ef 06       		.uleb128 0x6
 469 00f0 A2010000 		.4byte	.LASF23
 470 00f4 07       		.sleb128 7
 471 00f5 00       		.byte	0
 472 00f6 07       		.uleb128 0x7
 473 00f7 53040000 		.4byte	.LASF40
 474 00fb 04       		.byte	0x4
 475 00fc 04       		.byte	0x4
 476 00fd 25       		.byte	0x25
 477 00fe 1B010000 		.4byte	0x11b
 478 0102 08       		.uleb128 0x8
 479 0103 22000000 		.4byte	.LASF24
 480 0107 04       		.byte	0x4
 481 0108 26       		.byte	0x26
 482 0109 97000000 		.4byte	0x97
 483 010d 00       		.byte	0
 484 010e 08       		.uleb128 0x8
 485 010f DB010000 		.4byte	.LASF25
 486 0113 04       		.byte	0x4
 487 0114 27       		.byte	0x27
 488 0115 A2000000 		.4byte	0xa2
 489 0119 02       		.byte	0x2
ARM GAS  /tmp/ccYmpWIc.s 			page 10


 490 011a 00       		.byte	0
 491 011b 03       		.uleb128 0x3
 492 011c 80010000 		.4byte	.LASF26
 493 0120 04       		.byte	0x4
 494 0121 28       		.byte	0x28
 495 0122 F6000000 		.4byte	0xf6
 496 0126 02       		.uleb128 0x2
 497 0127 01       		.byte	0x1
 498 0128 08       		.byte	0x8
 499 0129 9A030000 		.4byte	.LASF27
 500 012d 03       		.uleb128 0x3
 501 012e 33040000 		.4byte	.LASF28
 502 0132 05       		.byte	0x5
 503 0133 54       		.byte	0x54
 504 0134 97000000 		.4byte	0x97
 505 0138 03       		.uleb128 0x3
 506 0139 5A020000 		.4byte	.LASF29
 507 013d 05       		.byte	0x5
 508 013e 5D       		.byte	0x5d
 509 013f A2000000 		.4byte	0xa2
 510 0143 02       		.uleb128 0x2
 511 0144 04       		.byte	0x4
 512 0145 07       		.byte	0x7
 513 0146 45000000 		.4byte	.LASF30
 514 014a 02       		.uleb128 0x2
 515 014b 01       		.byte	0x1
 516 014c 02       		.byte	0x2
 517 014d CF030000 		.4byte	.LASF31
 518 0151 03       		.uleb128 0x3
 519 0152 39010000 		.4byte	.LASF32
 520 0156 06       		.byte	0x6
 521 0157 2C       		.byte	0x2c
 522 0158 97000000 		.4byte	0x97
 523 015c 03       		.uleb128 0x3
 524 015d 6B040000 		.4byte	.LASF33
 525 0161 06       		.byte	0x6
 526 0162 2D       		.byte	0x2d
 527 0163 97000000 		.4byte	0x97
 528 0167 03       		.uleb128 0x3
 529 0168 50020000 		.4byte	.LASF34
 530 016c 06       		.byte	0x6
 531 016d 2F       		.byte	0x2f
 532 016e 97000000 		.4byte	0x97
 533 0172 03       		.uleb128 0x3
 534 0173 4F010000 		.4byte	.LASF35
 535 0177 06       		.byte	0x6
 536 0178 30       		.byte	0x30
 537 0179 B8000000 		.4byte	0xb8
 538 017d 03       		.uleb128 0x3
 539 017e FD040000 		.4byte	.LASF36
 540 0182 06       		.byte	0x6
 541 0183 31       		.byte	0x31
 542 0184 AD000000 		.4byte	0xad
 543 0188 03       		.uleb128 0x3
 544 0189 82000000 		.4byte	.LASF37
 545 018d 06       		.byte	0x6
 546 018e 33       		.byte	0x33
ARM GAS  /tmp/ccYmpWIc.s 			page 11


 547 018f B8000000 		.4byte	0xb8
 548 0193 03       		.uleb128 0x3
 549 0194 EA040000 		.4byte	.LASF38
 550 0198 06       		.byte	0x6
 551 0199 34       		.byte	0x34
 552 019a B8000000 		.4byte	0xb8
 553 019e 03       		.uleb128 0x3
 554 019f 74040000 		.4byte	.LASF39
 555 01a3 07       		.byte	0x7
 556 01a4 2A       		.byte	0x2a
 557 01a5 A9010000 		.4byte	0x1a9
 558 01a9 07       		.uleb128 0x7
 559 01aa 74040000 		.4byte	.LASF39
 560 01ae 34       		.byte	0x34
 561 01af 08       		.byte	0x8
 562 01b0 5E       		.byte	0x5e
 563 01b1 5E020000 		.4byte	0x25e
 564 01b5 08       		.uleb128 0x8
 565 01b6 A0000000 		.4byte	.LASF41
 566 01ba 08       		.byte	0x8
 567 01bb 5F       		.byte	0x5f
 568 01bc 7F020000 		.4byte	0x27f
 569 01c0 00       		.byte	0
 570 01c1 08       		.uleb128 0x8
 571 01c2 4E000000 		.4byte	.LASF42
 572 01c6 08       		.byte	0x8
 573 01c7 61       		.byte	0x61
 574 01c8 7F020000 		.4byte	0x27f
 575 01cc 04       		.byte	0x4
 576 01cd 08       		.uleb128 0x8
 577 01ce 99000000 		.4byte	.LASF43
 578 01d2 08       		.byte	0x8
 579 01d3 63       		.byte	0x63
 580 01d4 72010000 		.4byte	0x172
 581 01d8 08       		.byte	0x8
 582 01d9 08       		.uleb128 0x8
 583 01da C2040000 		.4byte	.LASF44
 584 01de 08       		.byte	0x8
 585 01df 64       		.byte	0x64
 586 01e0 39030000 		.4byte	0x339
 587 01e4 0C       		.byte	0xc
 588 01e5 08       		.uleb128 0x8
 589 01e6 A7030000 		.4byte	.LASF45
 590 01ea 08       		.byte	0x8
 591 01eb 79       		.byte	0x79
 592 01ec 5C010000 		.4byte	0x15c
 593 01f0 10       		.byte	0x10
 594 01f1 08       		.uleb128 0x8
 595 01f2 25030000 		.4byte	.LASF46
 596 01f6 08       		.byte	0x8
 597 01f7 7D       		.byte	0x7d
 598 01f8 51010000 		.4byte	0x151
 599 01fc 11       		.byte	0x11
 600 01fd 08       		.uleb128 0x8
 601 01fe 03040000 		.4byte	.LASF47
 602 0202 08       		.byte	0x8
 603 0203 88       		.byte	0x88
ARM GAS  /tmp/ccYmpWIc.s 			page 12


 604 0204 67010000 		.4byte	0x167
 605 0208 12       		.byte	0x12
 606 0209 09       		.uleb128 0x9
 607 020a 705F7500 		.ascii	"p_u\000"
 608 020e 08       		.byte	0x8
 609 020f B4       		.byte	0xb4
 610 0210 0E040000 		.4byte	0x40e
 611 0214 14       		.byte	0x14
 612 0215 08       		.uleb128 0x8
 613 0216 D5030000 		.4byte	.LASF48
 614 021a 08       		.byte	0x8
 615 021b B9       		.byte	0xb9
 616 021c A5020000 		.4byte	0x2a5
 617 0220 18       		.byte	0x18
 618 0221 08       		.uleb128 0x8
 619 0222 8E000000 		.4byte	.LASF49
 620 0226 08       		.byte	0x8
 621 0227 BF       		.byte	0xbf
 622 0228 85020000 		.4byte	0x285
 623 022c 1C       		.byte	0x1c
 624 022d 08       		.uleb128 0x8
 625 022e 9C010000 		.4byte	.LASF50
 626 0232 08       		.byte	0x8
 627 0233 C3       		.byte	0xc3
 628 0234 7D010000 		.4byte	0x17d
 629 0238 24       		.byte	0x24
 630 0239 08       		.uleb128 0x8
 631 023a 06010000 		.4byte	.LASF51
 632 023e 08       		.byte	0x8
 633 023f C9       		.byte	0xc9
 634 0240 88010000 		.4byte	0x188
 635 0244 28       		.byte	0x28
 636 0245 08       		.uleb128 0x8
 637 0246 E7030000 		.4byte	.LASF52
 638 024a 08       		.byte	0x8
 639 024b D0       		.byte	0xd0
 640 024c 43040000 		.4byte	0x443
 641 0250 2C       		.byte	0x2c
 642 0251 08       		.uleb128 0x8
 643 0252 83030000 		.4byte	.LASF53
 644 0256 08       		.byte	0x8
 645 0257 D4       		.byte	0xd4
 646 0258 72010000 		.4byte	0x172
 647 025c 30       		.byte	0x30
 648 025d 00       		.byte	0
 649 025e 0A       		.uleb128 0xa
 650 025f 08       		.byte	0x8
 651 0260 07       		.byte	0x7
 652 0261 61       		.byte	0x61
 653 0262 7F020000 		.4byte	0x27f
 654 0266 08       		.uleb128 0x8
 655 0267 A0000000 		.4byte	.LASF41
 656 026b 07       		.byte	0x7
 657 026c 62       		.byte	0x62
 658 026d 7F020000 		.4byte	0x27f
 659 0271 00       		.byte	0
 660 0272 08       		.uleb128 0x8
ARM GAS  /tmp/ccYmpWIc.s 			page 13


 661 0273 4E000000 		.4byte	.LASF42
 662 0277 07       		.byte	0x7
 663 0278 64       		.byte	0x64
 664 0279 7F020000 		.4byte	0x27f
 665 027d 04       		.byte	0x4
 666 027e 00       		.byte	0
 667 027f 0B       		.uleb128 0xb
 668 0280 04       		.byte	0x4
 669 0281 9E010000 		.4byte	0x19e
 670 0285 03       		.uleb128 0x3
 671 0286 C2030000 		.4byte	.LASF54
 672 028a 07       		.byte	0x7
 673 028b 66       		.byte	0x66
 674 028c 5E020000 		.4byte	0x25e
 675 0290 0A       		.uleb128 0xa
 676 0291 04       		.byte	0x4
 677 0292 07       		.byte	0x7
 678 0293 6B       		.byte	0x6b
 679 0294 A5020000 		.4byte	0x2a5
 680 0298 08       		.uleb128 0x8
 681 0299 A0000000 		.4byte	.LASF41
 682 029d 07       		.byte	0x7
 683 029e 6D       		.byte	0x6d
 684 029f 7F020000 		.4byte	0x27f
 685 02a3 00       		.byte	0
 686 02a4 00       		.byte	0
 687 02a5 03       		.uleb128 0x3
 688 02a6 28000000 		.4byte	.LASF55
 689 02aa 07       		.byte	0x7
 690 02ab 70       		.byte	0x70
 691 02ac 90020000 		.4byte	0x290
 692 02b0 03       		.uleb128 0x3
 693 02b1 CD000000 		.4byte	.LASF56
 694 02b5 09       		.byte	0x9
 695 02b6 E5       		.byte	0xe5
 696 02b7 BB020000 		.4byte	0x2bb
 697 02bb 0C       		.uleb128 0xc
 698 02bc 04       		.byte	0x4
 699 02bd 0D       		.uleb128 0xd
 700 02be F1030000 		.4byte	.LASF57
 701 02c2 24       		.byte	0x24
 702 02c3 09       		.byte	0x9
 703 02c4 0C01     		.2byte	0x10c
 704 02c6 39030000 		.4byte	0x339
 705 02ca 0E       		.uleb128 0xe
 706 02cb 723400   		.ascii	"r4\000"
 707 02ce 09       		.byte	0x9
 708 02cf 1F01     		.2byte	0x11f
 709 02d1 B0020000 		.4byte	0x2b0
 710 02d5 00       		.byte	0
 711 02d6 0E       		.uleb128 0xe
 712 02d7 723500   		.ascii	"r5\000"
 713 02da 09       		.byte	0x9
 714 02db 2001     		.2byte	0x120
 715 02dd B0020000 		.4byte	0x2b0
 716 02e1 04       		.byte	0x4
 717 02e2 0E       		.uleb128 0xe
ARM GAS  /tmp/ccYmpWIc.s 			page 14


 718 02e3 723600   		.ascii	"r6\000"
 719 02e6 09       		.byte	0x9
 720 02e7 2101     		.2byte	0x121
 721 02e9 B0020000 		.4byte	0x2b0
 722 02ed 08       		.byte	0x8
 723 02ee 0E       		.uleb128 0xe
 724 02ef 723700   		.ascii	"r7\000"
 725 02f2 09       		.byte	0x9
 726 02f3 2201     		.2byte	0x122
 727 02f5 B0020000 		.4byte	0x2b0
 728 02f9 0C       		.byte	0xc
 729 02fa 0E       		.uleb128 0xe
 730 02fb 723800   		.ascii	"r8\000"
 731 02fe 09       		.byte	0x9
 732 02ff 2301     		.2byte	0x123
 733 0301 B0020000 		.4byte	0x2b0
 734 0305 10       		.byte	0x10
 735 0306 0E       		.uleb128 0xe
 736 0307 723900   		.ascii	"r9\000"
 737 030a 09       		.byte	0x9
 738 030b 2401     		.2byte	0x124
 739 030d B0020000 		.4byte	0x2b0
 740 0311 14       		.byte	0x14
 741 0312 0E       		.uleb128 0xe
 742 0313 72313000 		.ascii	"r10\000"
 743 0317 09       		.byte	0x9
 744 0318 2501     		.2byte	0x125
 745 031a B0020000 		.4byte	0x2b0
 746 031e 18       		.byte	0x18
 747 031f 0E       		.uleb128 0xe
 748 0320 72313100 		.ascii	"r11\000"
 749 0324 09       		.byte	0x9
 750 0325 2601     		.2byte	0x126
 751 0327 B0020000 		.4byte	0x2b0
 752 032b 1C       		.byte	0x1c
 753 032c 0E       		.uleb128 0xe
 754 032d 6C7200   		.ascii	"lr\000"
 755 0330 09       		.byte	0x9
 756 0331 2701     		.2byte	0x127
 757 0333 B0020000 		.4byte	0x2b0
 758 0337 20       		.byte	0x20
 759 0338 00       		.byte	0
 760 0339 0D       		.uleb128 0xd
 761 033a 78010000 		.4byte	.LASF58
 762 033e 04       		.byte	0x4
 763 033f 09       		.byte	0x9
 764 0340 3101     		.2byte	0x131
 765 0342 54030000 		.4byte	0x354
 766 0346 0E       		.uleb128 0xe
 767 0347 72313300 		.ascii	"r13\000"
 768 034b 09       		.byte	0x9
 769 034c 3201     		.2byte	0x132
 770 034e 54030000 		.4byte	0x354
 771 0352 00       		.byte	0
 772 0353 00       		.byte	0
 773 0354 0B       		.uleb128 0xb
 774 0355 04       		.byte	0x4
ARM GAS  /tmp/ccYmpWIc.s 			page 15


 775 0356 BD020000 		.4byte	0x2bd
 776 035a 07       		.uleb128 0x7
 777 035b 60010000 		.4byte	.LASF59
 778 035f 10       		.byte	0x10
 779 0360 0A       		.byte	0xa
 780 0361 2C       		.byte	0x2c
 781 0362 8B030000 		.4byte	0x38b
 782 0366 08       		.uleb128 0x8
 783 0367 66010000 		.4byte	.LASF60
 784 036b 0A       		.byte	0xa
 785 036c 2D       		.byte	0x2d
 786 036d 85020000 		.4byte	0x285
 787 0371 00       		.byte	0
 788 0372 08       		.uleb128 0x8
 789 0373 E2040000 		.4byte	.LASF61
 790 0377 0A       		.byte	0xa
 791 0378 2F       		.byte	0x2f
 792 0379 7F020000 		.4byte	0x27f
 793 037d 08       		.byte	0x8
 794 037e 08       		.uleb128 0x8
 795 037f 3E000000 		.4byte	.LASF62
 796 0383 0A       		.byte	0xa
 797 0384 31       		.byte	0x31
 798 0385 8B030000 		.4byte	0x38b
 799 0389 0C       		.byte	0xc
 800 038a 00       		.byte	0
 801 038b 0B       		.uleb128 0xb
 802 038c 04       		.byte	0x4
 803 038d 5A030000 		.4byte	0x35a
 804 0391 03       		.uleb128 0x3
 805 0392 60010000 		.4byte	.LASF59
 806 0396 0A       		.byte	0xa
 807 0397 33       		.byte	0x33
 808 0398 5A030000 		.4byte	0x35a
 809 039c 03       		.uleb128 0x3
 810 039d 00000000 		.4byte	.LASF63
 811 03a1 0B       		.byte	0xb
 812 03a2 2C       		.byte	0x2c
 813 03a3 A7030000 		.4byte	0x3a7
 814 03a7 07       		.uleb128 0x7
 815 03a8 00000000 		.4byte	.LASF63
 816 03ac 10       		.byte	0x10
 817 03ad 0B       		.byte	0xb
 818 03ae 31       		.byte	0x31
 819 03af E4030000 		.4byte	0x3e4
 820 03b3 08       		.uleb128 0x8
 821 03b4 DF030000 		.4byte	.LASF64
 822 03b8 0B       		.byte	0xb
 823 03b9 32       		.byte	0x32
 824 03ba E4030000 		.4byte	0x3e4
 825 03be 00       		.byte	0
 826 03bf 08       		.uleb128 0x8
 827 03c0 8E030000 		.4byte	.LASF65
 828 03c4 0B       		.byte	0xb
 829 03c5 35       		.byte	0x35
 830 03c6 7F020000 		.4byte	0x27f
 831 03ca 04       		.byte	0x4
ARM GAS  /tmp/ccYmpWIc.s 			page 16


 832 03cb 08       		.uleb128 0x8
 833 03cc BA040000 		.4byte	.LASF66
 834 03d0 0B       		.byte	0xb
 835 03d1 37       		.byte	0x37
 836 03d2 88010000 		.4byte	0x188
 837 03d6 08       		.byte	0x8
 838 03d7 08       		.uleb128 0x8
 839 03d8 30010000 		.4byte	.LASF67
 840 03dc 0B       		.byte	0xb
 841 03dd 3A       		.byte	0x3a
 842 03de 93010000 		.4byte	0x193
 843 03e2 0C       		.byte	0xc
 844 03e3 00       		.byte	0
 845 03e4 0B       		.uleb128 0xb
 846 03e5 04       		.byte	0x4
 847 03e6 9C030000 		.4byte	0x39c
 848 03ea 07       		.uleb128 0x7
 849 03eb 0E000000 		.4byte	.LASF68
 850 03ef 04       		.byte	0x4
 851 03f0 0B       		.byte	0xb
 852 03f1 41       		.byte	0x41
 853 03f2 03040000 		.4byte	0x403
 854 03f6 08       		.uleb128 0x8
 855 03f7 55000000 		.4byte	.LASF69
 856 03fb 0B       		.byte	0xb
 857 03fc 42       		.byte	0x42
 858 03fd E4030000 		.4byte	0x3e4
 859 0401 00       		.byte	0
 860 0402 00       		.byte	0
 861 0403 03       		.uleb128 0x3
 862 0404 0E000000 		.4byte	.LASF68
 863 0408 0B       		.byte	0xb
 864 0409 45       		.byte	0x45
 865 040a EA030000 		.4byte	0x3ea
 866 040e 0F       		.uleb128 0xf
 867 040f 04       		.byte	0x4
 868 0410 08       		.byte	0x8
 869 0411 96       		.byte	0x96
 870 0412 43040000 		.4byte	0x443
 871 0416 10       		.uleb128 0x10
 872 0417 F6040000 		.4byte	.LASF70
 873 041b 08       		.byte	0x8
 874 041c 9D       		.byte	0x9d
 875 041d 7D010000 		.4byte	0x17d
 876 0421 10       		.uleb128 0x10
 877 0422 7B040000 		.4byte	.LASF71
 878 0426 08       		.byte	0x8
 879 0427 A4       		.byte	0xa4
 880 0428 7D010000 		.4byte	0x17d
 881 042c 10       		.uleb128 0x10
 882 042d 4C040000 		.4byte	.LASF72
 883 0431 08       		.byte	0x8
 884 0432 AB       		.byte	0xab
 885 0433 BB020000 		.4byte	0x2bb
 886 0437 10       		.uleb128 0x10
 887 0438 D4010000 		.4byte	.LASF73
 888 043c 08       		.byte	0x8
ARM GAS  /tmp/ccYmpWIc.s 			page 17


 889 043d B2       		.byte	0xb2
 890 043e 88010000 		.4byte	0x188
 891 0442 00       		.byte	0
 892 0443 0B       		.uleb128 0xb
 893 0444 04       		.byte	0x4
 894 0445 91030000 		.4byte	0x391
 895 0449 0B       		.uleb128 0xb
 896 044a 04       		.byte	0x4
 897 044b 97000000 		.4byte	0x97
 898 044f 11       		.uleb128 0x11
 899 0450 AD000000 		.4byte	0xad
 900 0454 0B       		.uleb128 0xb
 901 0455 04       		.byte	0x4
 902 0456 5A040000 		.4byte	0x45a
 903 045a 12       		.uleb128 0x12
 904 045b 26010000 		.4byte	0x126
 905 045f 13       		.uleb128 0x13
 906 0460 F8030000 		.4byte	.LASF75
 907 0464 01       		.byte	0x1
 908 0465 1D       		.byte	0x1d
 909 0466 00000000 		.4byte	.LFB56
 910 046a 18000000 		.4byte	.LFE56-.LFB56
 911 046e 01       		.uleb128 0x1
 912 046f 9C       		.byte	0x9c
 913 0470 86040000 		.4byte	0x486
 914 0474 14       		.uleb128 0x14
 915 0475 0A000000 		.4byte	.LVL0
 916 0479 41060000 		.4byte	0x641
 917 047d 15       		.uleb128 0x15
 918 047e 01       		.uleb128 0x1
 919 047f 50       		.byte	0x50
 920 0480 03       		.uleb128 0x3
 921 0481 0B       		.byte	0xb
 922 0482 01F6     		.2byte	0xf601
 923 0484 00       		.byte	0
 924 0485 00       		.byte	0
 925 0486 16       		.uleb128 0x16
 926 0487 94010000 		.4byte	.LASF92
 927 048b 01       		.byte	0x1
 928 048c 24       		.byte	0x24
 929 048d 89000000 		.4byte	0x89
 930 0491 00000000 		.4byte	.LFB57
 931 0495 60000000 		.4byte	.LFE57-.LFB57
 932 0499 01       		.uleb128 0x1
 933 049a 9C       		.byte	0x9c
 934 049b 16050000 		.4byte	0x516
 935 049f 17       		.uleb128 0x17
 936 04a0 9B040000 		.4byte	.LASF74
 937 04a4 01       		.byte	0x1
 938 04a5 24       		.byte	0x24
 939 04a6 49040000 		.4byte	0x449
 940 04aa 00000000 		.4byte	.LLST0
 941 04ae 17       		.uleb128 0x17
 942 04af DB010000 		.4byte	.LASF25
 943 04b3 01       		.byte	0x1
 944 04b4 24       		.byte	0x24
 945 04b5 97000000 		.4byte	0x97
ARM GAS  /tmp/ccYmpWIc.s 			page 18


 946 04b9 85000000 		.4byte	.LLST1
 947 04bd 18       		.uleb128 0x18
 948 04be 2C000000 		.4byte	.LVL6
 949 04c2 53060000 		.4byte	0x653
 950 04c6 D4040000 		.4byte	0x4d4
 951 04ca 15       		.uleb128 0x15
 952 04cb 01       		.uleb128 0x1
 953 04cc 50       		.byte	0x50
 954 04cd 05       		.uleb128 0x5
 955 04ce 03       		.byte	0x3
 956 04cf 10000000 		.4byte	.LC1
 957 04d3 00       		.byte	0
 958 04d4 18       		.uleb128 0x18
 959 04d5 36000000 		.4byte	.LVL9
 960 04d9 53060000 		.4byte	0x653
 961 04dd EB040000 		.4byte	0x4eb
 962 04e1 15       		.uleb128 0x15
 963 04e2 01       		.uleb128 0x1
 964 04e3 50       		.byte	0x50
 965 04e4 05       		.uleb128 0x5
 966 04e5 03       		.byte	0x3
 967 04e6 00000000 		.4byte	.LC0
 968 04ea 00       		.byte	0
 969 04eb 18       		.uleb128 0x18
 970 04ec 40000000 		.4byte	.LVL12
 971 04f0 53060000 		.4byte	0x653
 972 04f4 02050000 		.4byte	0x502
 973 04f8 15       		.uleb128 0x15
 974 04f9 01       		.uleb128 0x1
 975 04fa 50       		.byte	0x50
 976 04fb 05       		.uleb128 0x5
 977 04fc 03       		.byte	0x3
 978 04fd 2C000000 		.4byte	.LC3
 979 0501 00       		.byte	0
 980 0502 14       		.uleb128 0x14
 981 0503 4A000000 		.4byte	.LVL15
 982 0507 53060000 		.4byte	0x653
 983 050b 15       		.uleb128 0x15
 984 050c 01       		.uleb128 0x1
 985 050d 50       		.byte	0x50
 986 050e 05       		.uleb128 0x5
 987 050f 03       		.byte	0x3
 988 0510 20000000 		.4byte	.LC2
 989 0514 00       		.byte	0
 990 0515 00       		.byte	0
 991 0516 13       		.uleb128 0x13
 992 0517 E3010000 		.4byte	.LASF76
 993 051b 01       		.byte	0x1
 994 051c 7E       		.byte	0x7e
 995 051d 00000000 		.4byte	.LFB58
 996 0521 CC000000 		.4byte	.LFE58-.LFB58
 997 0525 01       		.uleb128 0x1
 998 0526 9C       		.byte	0x9c
 999 0527 D4050000 		.4byte	0x5d4
 1000 052b 18       		.uleb128 0x18
 1001 052c 38000000 		.4byte	.LVL16
 1002 0530 53060000 		.4byte	0x653
ARM GAS  /tmp/ccYmpWIc.s 			page 19


 1003 0534 42050000 		.4byte	0x542
 1004 0538 15       		.uleb128 0x15
 1005 0539 01       		.uleb128 0x1
 1006 053a 50       		.byte	0x50
 1007 053b 05       		.uleb128 0x5
 1008 053c 03       		.byte	0x3
 1009 053d 54000000 		.4byte	.LC6
 1010 0541 00       		.byte	0
 1011 0542 18       		.uleb128 0x18
 1012 0543 50000000 		.4byte	.LVL17
 1013 0547 53060000 		.4byte	0x653
 1014 054b 59050000 		.4byte	0x559
 1015 054f 15       		.uleb128 0x15
 1016 0550 01       		.uleb128 0x1
 1017 0551 50       		.byte	0x50
 1018 0552 05       		.uleb128 0x5
 1019 0553 03       		.byte	0x3
 1020 0554 5C000000 		.4byte	.LC7
 1021 0558 00       		.byte	0
 1022 0559 18       		.uleb128 0x18
 1023 055a 5E000000 		.4byte	.LVL18
 1024 055e 65060000 		.4byte	0x665
 1025 0562 70050000 		.4byte	0x570
 1026 0566 15       		.uleb128 0x15
 1027 0567 01       		.uleb128 0x1
 1028 0568 50       		.byte	0x50
 1029 0569 05       		.uleb128 0x5
 1030 056a 03       		.byte	0x3
 1031 056b 00000000 		.4byte	.LANCHOR1
 1032 056f 00       		.byte	0
 1033 0570 18       		.uleb128 0x18
 1034 0571 68000000 		.4byte	.LVL19
 1035 0575 53060000 		.4byte	0x653
 1036 0579 87050000 		.4byte	0x587
 1037 057d 15       		.uleb128 0x15
 1038 057e 01       		.uleb128 0x1
 1039 057f 50       		.byte	0x50
 1040 0580 05       		.uleb128 0x5
 1041 0581 03       		.byte	0x3
 1042 0582 48000000 		.4byte	.LC5
 1043 0586 00       		.byte	0
 1044 0587 19       		.uleb128 0x19
 1045 0588 78000000 		.4byte	.LVL20
 1046 058c 86040000 		.4byte	0x486
 1047 0590 18       		.uleb128 0x18
 1048 0591 84000000 		.4byte	.LVL21
 1049 0595 53060000 		.4byte	0x653
 1050 0599 A7050000 		.4byte	0x5a7
 1051 059d 15       		.uleb128 0x15
 1052 059e 01       		.uleb128 0x1
 1053 059f 50       		.byte	0x50
 1054 05a0 05       		.uleb128 0x5
 1055 05a1 03       		.byte	0x3
 1056 05a2 3C000000 		.4byte	.LC4
 1057 05a6 00       		.byte	0
 1058 05a7 18       		.uleb128 0x18
 1059 05a8 94000000 		.4byte	.LVL22
ARM GAS  /tmp/ccYmpWIc.s 			page 20


 1060 05ac 83060000 		.4byte	0x683
 1061 05b0 C4050000 		.4byte	0x5c4
 1062 05b4 15       		.uleb128 0x15
 1063 05b5 01       		.uleb128 0x1
 1064 05b6 52       		.byte	0x52
 1065 05b7 02       		.uleb128 0x2
 1066 05b8 77       		.byte	0x77
 1067 05b9 00       		.sleb128 0
 1068 05ba 15       		.uleb128 0x15
 1069 05bb 01       		.uleb128 0x1
 1070 05bc 50       		.byte	0x50
 1071 05bd 05       		.uleb128 0x5
 1072 05be 03       		.byte	0x3
 1073 05bf 00000000 		.4byte	.LANCHOR1
 1074 05c3 00       		.byte	0
 1075 05c4 14       		.uleb128 0x14
 1076 05c5 A2000000 		.4byte	.LVL23
 1077 05c9 A0060000 		.4byte	0x6a0
 1078 05cd 15       		.uleb128 0x15
 1079 05ce 01       		.uleb128 0x1
 1080 05cf 51       		.byte	0x51
 1081 05d0 01       		.uleb128 0x1
 1082 05d1 30       		.byte	0x30
 1083 05d2 00       		.byte	0
 1084 05d3 00       		.byte	0
 1085 05d4 1A       		.uleb128 0x1a
 1086 05d5 84040000 		.4byte	.LASF77
 1087 05d9 0C       		.byte	0xc
 1088 05da 4B04     		.2byte	0x44b
 1089 05dc BB020000 		.4byte	0x2bb
 1090 05e0 1A       		.uleb128 0x1a
 1091 05e1 1A000000 		.4byte	.LASF78
 1092 05e5 0C       		.byte	0xc
 1093 05e6 6E04     		.2byte	0x46e
 1094 05e8 38010000 		.4byte	0x138
 1095 05ec 1A       		.uleb128 0x1a
 1096 05ed 26010000 		.4byte	.LASF79
 1097 05f1 0C       		.byte	0xc
 1098 05f2 1905     		.2byte	0x519
 1099 05f4 2D010000 		.4byte	0x12d
 1100 05f8 1A       		.uleb128 0x1a
 1101 05f9 C8040000 		.4byte	.LASF80
 1102 05fd 0D       		.byte	0xd
 1103 05fe 0706     		.2byte	0x607
 1104 0600 4F040000 		.4byte	0x44f
 1105 0604 1B       		.uleb128 0x1b
 1106 0605 97000000 		.4byte	0x97
 1107 0609 14060000 		.4byte	0x614
 1108 060d 1C       		.uleb128 0x1c
 1109 060e 43010000 		.4byte	0x143
 1110 0612 FF       		.byte	0xff
 1111 0613 00       		.byte	0
 1112 0614 1D       		.uleb128 0x1d
 1113 0615 22020000 		.4byte	.LASF81
 1114 0619 01       		.byte	0x1
 1115 061a 0D       		.byte	0xd
 1116 061b 04060000 		.4byte	0x604
ARM GAS  /tmp/ccYmpWIc.s 			page 21


 1117 061f 05       		.uleb128 0x5
 1118 0620 03       		.byte	0x3
 1119 0621 00000000 		.4byte	modbusSerialBuffer
 1120 0625 1D       		.uleb128 0x1d
 1121 0626 BB000000 		.4byte	.LASF82
 1122 062a 01       		.byte	0x1
 1123 062b 0F       		.byte	0xf
 1124 062c 1B010000 		.4byte	0x11b
 1125 0630 05       		.uleb128 0x5
 1126 0631 03       		.byte	0x3
 1127 0632 00000000 		.4byte	modbusSerialState
 1128 0636 1E       		.uleb128 0x1e
 1129 0637 5D000000 		.4byte	.LASF83
 1130 063b 01       		.byte	0x1
 1131 063c 12       		.byte	0x12
 1132 063d 03040000 		.4byte	0x403
 1133 0641 1F       		.uleb128 0x1f
 1134 0642 90040000 		.4byte	.LASF84
 1135 0646 0C       		.byte	0xc
 1136 0647 C201     		.2byte	0x1c2
 1137 0649 53060000 		.4byte	0x653
 1138 064d 20       		.uleb128 0x20
 1139 064e 38010000 		.4byte	0x138
 1140 0652 00       		.byte	0
 1141 0653 21       		.uleb128 0x21
 1142 0654 03050000 		.4byte	.LASF85
 1143 0658 0E       		.byte	0xe
 1144 0659 2A       		.byte	0x2a
 1145 065a 65060000 		.4byte	0x665
 1146 065e 20       		.uleb128 0x20
 1147 065f 54040000 		.4byte	0x454
 1148 0663 22       		.uleb128 0x22
 1149 0664 00       		.byte	0
 1150 0665 1F       		.uleb128 0x1f
 1151 0666 0D040000 		.4byte	.LASF86
 1152 066a 0C       		.byte	0xc
 1153 066b 1A02     		.2byte	0x21a
 1154 066d 7C060000 		.4byte	0x67c
 1155 0671 20       		.uleb128 0x20
 1156 0672 7C060000 		.4byte	0x67c
 1157 0676 20       		.uleb128 0x20
 1158 0677 89000000 		.4byte	0x89
 1159 067b 00       		.byte	0
 1160 067c 0B       		.uleb128 0xb
 1161 067d 04       		.byte	0x4
 1162 067e 82060000 		.4byte	0x682
 1163 0682 23       		.uleb128 0x23
 1164 0683 24       		.uleb128 0x24
 1165 0684 A7000000 		.4byte	.LASF87
 1166 0688 BB020000 		.4byte	0x2bb
 1167 068c A0060000 		.4byte	0x6a0
 1168 0690 20       		.uleb128 0x20
 1169 0691 BB020000 		.4byte	0x2bb
 1170 0695 20       		.uleb128 0x20
 1171 0696 7C060000 		.4byte	0x67c
 1172 069a 20       		.uleb128 0x20
 1173 069b 43010000 		.4byte	0x143
ARM GAS  /tmp/ccYmpWIc.s 			page 22


 1174 069f 00       		.byte	0
 1175 06a0 21       		.uleb128 0x21
 1176 06a1 A6040000 		.4byte	.LASF88
 1177 06a5 0B       		.byte	0xb
 1178 06a6 B9       		.byte	0xb9
 1179 06a7 B6060000 		.4byte	0x6b6
 1180 06ab 20       		.uleb128 0x20
 1181 06ac B6060000 		.4byte	0x6b6
 1182 06b0 20       		.uleb128 0x20
 1183 06b1 93010000 		.4byte	0x193
 1184 06b5 00       		.byte	0
 1185 06b6 0B       		.uleb128 0xb
 1186 06b7 04       		.byte	0x4
 1187 06b8 03040000 		.4byte	0x403
 1188 06bc 00       		.byte	0
 1189              		.section	.debug_abbrev,"",%progbits
 1190              	.Ldebug_abbrev0:
 1191 0000 01       		.uleb128 0x1
 1192 0001 11       		.uleb128 0x11
 1193 0002 01       		.byte	0x1
 1194 0003 25       		.uleb128 0x25
 1195 0004 0E       		.uleb128 0xe
 1196 0005 13       		.uleb128 0x13
 1197 0006 0B       		.uleb128 0xb
 1198 0007 03       		.uleb128 0x3
 1199 0008 0E       		.uleb128 0xe
 1200 0009 1B       		.uleb128 0x1b
 1201 000a 0E       		.uleb128 0xe
 1202 000b 55       		.uleb128 0x55
 1203 000c 17       		.uleb128 0x17
 1204 000d 11       		.uleb128 0x11
 1205 000e 01       		.uleb128 0x1
 1206 000f 10       		.uleb128 0x10
 1207 0010 17       		.uleb128 0x17
 1208 0011 00       		.byte	0
 1209 0012 00       		.byte	0
 1210 0013 02       		.uleb128 0x2
 1211 0014 24       		.uleb128 0x24
 1212 0015 00       		.byte	0
 1213 0016 0B       		.uleb128 0xb
 1214 0017 0B       		.uleb128 0xb
 1215 0018 3E       		.uleb128 0x3e
 1216 0019 0B       		.uleb128 0xb
 1217 001a 03       		.uleb128 0x3
 1218 001b 0E       		.uleb128 0xe
 1219 001c 00       		.byte	0
 1220 001d 00       		.byte	0
 1221 001e 03       		.uleb128 0x3
 1222 001f 16       		.uleb128 0x16
 1223 0020 00       		.byte	0
 1224 0021 03       		.uleb128 0x3
 1225 0022 0E       		.uleb128 0xe
 1226 0023 3A       		.uleb128 0x3a
 1227 0024 0B       		.uleb128 0xb
 1228 0025 3B       		.uleb128 0x3b
 1229 0026 0B       		.uleb128 0xb
 1230 0027 49       		.uleb128 0x49
ARM GAS  /tmp/ccYmpWIc.s 			page 23


 1231 0028 13       		.uleb128 0x13
 1232 0029 00       		.byte	0
 1233 002a 00       		.byte	0
 1234 002b 04       		.uleb128 0x4
 1235 002c 24       		.uleb128 0x24
 1236 002d 00       		.byte	0
 1237 002e 0B       		.uleb128 0xb
 1238 002f 0B       		.uleb128 0xb
 1239 0030 3E       		.uleb128 0x3e
 1240 0031 0B       		.uleb128 0xb
 1241 0032 03       		.uleb128 0x3
 1242 0033 08       		.uleb128 0x8
 1243 0034 00       		.byte	0
 1244 0035 00       		.byte	0
 1245 0036 05       		.uleb128 0x5
 1246 0037 04       		.uleb128 0x4
 1247 0038 01       		.byte	0x1
 1248 0039 0B       		.uleb128 0xb
 1249 003a 0B       		.uleb128 0xb
 1250 003b 3A       		.uleb128 0x3a
 1251 003c 0B       		.uleb128 0xb
 1252 003d 3B       		.uleb128 0x3b
 1253 003e 0B       		.uleb128 0xb
 1254 003f 01       		.uleb128 0x1
 1255 0040 13       		.uleb128 0x13
 1256 0041 00       		.byte	0
 1257 0042 00       		.byte	0
 1258 0043 06       		.uleb128 0x6
 1259 0044 28       		.uleb128 0x28
 1260 0045 00       		.byte	0
 1261 0046 03       		.uleb128 0x3
 1262 0047 0E       		.uleb128 0xe
 1263 0048 1C       		.uleb128 0x1c
 1264 0049 0D       		.uleb128 0xd
 1265 004a 00       		.byte	0
 1266 004b 00       		.byte	0
 1267 004c 07       		.uleb128 0x7
 1268 004d 13       		.uleb128 0x13
 1269 004e 01       		.byte	0x1
 1270 004f 03       		.uleb128 0x3
 1271 0050 0E       		.uleb128 0xe
 1272 0051 0B       		.uleb128 0xb
 1273 0052 0B       		.uleb128 0xb
 1274 0053 3A       		.uleb128 0x3a
 1275 0054 0B       		.uleb128 0xb
 1276 0055 3B       		.uleb128 0x3b
 1277 0056 0B       		.uleb128 0xb
 1278 0057 01       		.uleb128 0x1
 1279 0058 13       		.uleb128 0x13
 1280 0059 00       		.byte	0
 1281 005a 00       		.byte	0
 1282 005b 08       		.uleb128 0x8
 1283 005c 0D       		.uleb128 0xd
 1284 005d 00       		.byte	0
 1285 005e 03       		.uleb128 0x3
 1286 005f 0E       		.uleb128 0xe
 1287 0060 3A       		.uleb128 0x3a
ARM GAS  /tmp/ccYmpWIc.s 			page 24


 1288 0061 0B       		.uleb128 0xb
 1289 0062 3B       		.uleb128 0x3b
 1290 0063 0B       		.uleb128 0xb
 1291 0064 49       		.uleb128 0x49
 1292 0065 13       		.uleb128 0x13
 1293 0066 38       		.uleb128 0x38
 1294 0067 0B       		.uleb128 0xb
 1295 0068 00       		.byte	0
 1296 0069 00       		.byte	0
 1297 006a 09       		.uleb128 0x9
 1298 006b 0D       		.uleb128 0xd
 1299 006c 00       		.byte	0
 1300 006d 03       		.uleb128 0x3
 1301 006e 08       		.uleb128 0x8
 1302 006f 3A       		.uleb128 0x3a
 1303 0070 0B       		.uleb128 0xb
 1304 0071 3B       		.uleb128 0x3b
 1305 0072 0B       		.uleb128 0xb
 1306 0073 49       		.uleb128 0x49
 1307 0074 13       		.uleb128 0x13
 1308 0075 38       		.uleb128 0x38
 1309 0076 0B       		.uleb128 0xb
 1310 0077 00       		.byte	0
 1311 0078 00       		.byte	0
 1312 0079 0A       		.uleb128 0xa
 1313 007a 13       		.uleb128 0x13
 1314 007b 01       		.byte	0x1
 1315 007c 0B       		.uleb128 0xb
 1316 007d 0B       		.uleb128 0xb
 1317 007e 3A       		.uleb128 0x3a
 1318 007f 0B       		.uleb128 0xb
 1319 0080 3B       		.uleb128 0x3b
 1320 0081 0B       		.uleb128 0xb
 1321 0082 01       		.uleb128 0x1
 1322 0083 13       		.uleb128 0x13
 1323 0084 00       		.byte	0
 1324 0085 00       		.byte	0
 1325 0086 0B       		.uleb128 0xb
 1326 0087 0F       		.uleb128 0xf
 1327 0088 00       		.byte	0
 1328 0089 0B       		.uleb128 0xb
 1329 008a 0B       		.uleb128 0xb
 1330 008b 49       		.uleb128 0x49
 1331 008c 13       		.uleb128 0x13
 1332 008d 00       		.byte	0
 1333 008e 00       		.byte	0
 1334 008f 0C       		.uleb128 0xc
 1335 0090 0F       		.uleb128 0xf
 1336 0091 00       		.byte	0
 1337 0092 0B       		.uleb128 0xb
 1338 0093 0B       		.uleb128 0xb
 1339 0094 00       		.byte	0
 1340 0095 00       		.byte	0
 1341 0096 0D       		.uleb128 0xd
 1342 0097 13       		.uleb128 0x13
 1343 0098 01       		.byte	0x1
 1344 0099 03       		.uleb128 0x3
ARM GAS  /tmp/ccYmpWIc.s 			page 25


 1345 009a 0E       		.uleb128 0xe
 1346 009b 0B       		.uleb128 0xb
 1347 009c 0B       		.uleb128 0xb
 1348 009d 3A       		.uleb128 0x3a
 1349 009e 0B       		.uleb128 0xb
 1350 009f 3B       		.uleb128 0x3b
 1351 00a0 05       		.uleb128 0x5
 1352 00a1 01       		.uleb128 0x1
 1353 00a2 13       		.uleb128 0x13
 1354 00a3 00       		.byte	0
 1355 00a4 00       		.byte	0
 1356 00a5 0E       		.uleb128 0xe
 1357 00a6 0D       		.uleb128 0xd
 1358 00a7 00       		.byte	0
 1359 00a8 03       		.uleb128 0x3
 1360 00a9 08       		.uleb128 0x8
 1361 00aa 3A       		.uleb128 0x3a
 1362 00ab 0B       		.uleb128 0xb
 1363 00ac 3B       		.uleb128 0x3b
 1364 00ad 05       		.uleb128 0x5
 1365 00ae 49       		.uleb128 0x49
 1366 00af 13       		.uleb128 0x13
 1367 00b0 38       		.uleb128 0x38
 1368 00b1 0B       		.uleb128 0xb
 1369 00b2 00       		.byte	0
 1370 00b3 00       		.byte	0
 1371 00b4 0F       		.uleb128 0xf
 1372 00b5 17       		.uleb128 0x17
 1373 00b6 01       		.byte	0x1
 1374 00b7 0B       		.uleb128 0xb
 1375 00b8 0B       		.uleb128 0xb
 1376 00b9 3A       		.uleb128 0x3a
 1377 00ba 0B       		.uleb128 0xb
 1378 00bb 3B       		.uleb128 0x3b
 1379 00bc 0B       		.uleb128 0xb
 1380 00bd 01       		.uleb128 0x1
 1381 00be 13       		.uleb128 0x13
 1382 00bf 00       		.byte	0
 1383 00c0 00       		.byte	0
 1384 00c1 10       		.uleb128 0x10
 1385 00c2 0D       		.uleb128 0xd
 1386 00c3 00       		.byte	0
 1387 00c4 03       		.uleb128 0x3
 1388 00c5 0E       		.uleb128 0xe
 1389 00c6 3A       		.uleb128 0x3a
 1390 00c7 0B       		.uleb128 0xb
 1391 00c8 3B       		.uleb128 0x3b
 1392 00c9 0B       		.uleb128 0xb
 1393 00ca 49       		.uleb128 0x49
 1394 00cb 13       		.uleb128 0x13
 1395 00cc 00       		.byte	0
 1396 00cd 00       		.byte	0
 1397 00ce 11       		.uleb128 0x11
 1398 00cf 35       		.uleb128 0x35
 1399 00d0 00       		.byte	0
 1400 00d1 49       		.uleb128 0x49
 1401 00d2 13       		.uleb128 0x13
ARM GAS  /tmp/ccYmpWIc.s 			page 26


 1402 00d3 00       		.byte	0
 1403 00d4 00       		.byte	0
 1404 00d5 12       		.uleb128 0x12
 1405 00d6 26       		.uleb128 0x26
 1406 00d7 00       		.byte	0
 1407 00d8 49       		.uleb128 0x49
 1408 00d9 13       		.uleb128 0x13
 1409 00da 00       		.byte	0
 1410 00db 00       		.byte	0
 1411 00dc 13       		.uleb128 0x13
 1412 00dd 2E       		.uleb128 0x2e
 1413 00de 01       		.byte	0x1
 1414 00df 3F       		.uleb128 0x3f
 1415 00e0 19       		.uleb128 0x19
 1416 00e1 03       		.uleb128 0x3
 1417 00e2 0E       		.uleb128 0xe
 1418 00e3 3A       		.uleb128 0x3a
 1419 00e4 0B       		.uleb128 0xb
 1420 00e5 3B       		.uleb128 0x3b
 1421 00e6 0B       		.uleb128 0xb
 1422 00e7 27       		.uleb128 0x27
 1423 00e8 19       		.uleb128 0x19
 1424 00e9 11       		.uleb128 0x11
 1425 00ea 01       		.uleb128 0x1
 1426 00eb 12       		.uleb128 0x12
 1427 00ec 06       		.uleb128 0x6
 1428 00ed 40       		.uleb128 0x40
 1429 00ee 18       		.uleb128 0x18
 1430 00ef 9742     		.uleb128 0x2117
 1431 00f1 19       		.uleb128 0x19
 1432 00f2 01       		.uleb128 0x1
 1433 00f3 13       		.uleb128 0x13
 1434 00f4 00       		.byte	0
 1435 00f5 00       		.byte	0
 1436 00f6 14       		.uleb128 0x14
 1437 00f7 898201   		.uleb128 0x4109
 1438 00fa 01       		.byte	0x1
 1439 00fb 11       		.uleb128 0x11
 1440 00fc 01       		.uleb128 0x1
 1441 00fd 31       		.uleb128 0x31
 1442 00fe 13       		.uleb128 0x13
 1443 00ff 00       		.byte	0
 1444 0100 00       		.byte	0
 1445 0101 15       		.uleb128 0x15
 1446 0102 8A8201   		.uleb128 0x410a
 1447 0105 00       		.byte	0
 1448 0106 02       		.uleb128 0x2
 1449 0107 18       		.uleb128 0x18
 1450 0108 9142     		.uleb128 0x2111
 1451 010a 18       		.uleb128 0x18
 1452 010b 00       		.byte	0
 1453 010c 00       		.byte	0
 1454 010d 16       		.uleb128 0x16
 1455 010e 2E       		.uleb128 0x2e
 1456 010f 01       		.byte	0x1
 1457 0110 3F       		.uleb128 0x3f
 1458 0111 19       		.uleb128 0x19
ARM GAS  /tmp/ccYmpWIc.s 			page 27


 1459 0112 03       		.uleb128 0x3
 1460 0113 0E       		.uleb128 0xe
 1461 0114 3A       		.uleb128 0x3a
 1462 0115 0B       		.uleb128 0xb
 1463 0116 3B       		.uleb128 0x3b
 1464 0117 0B       		.uleb128 0xb
 1465 0118 27       		.uleb128 0x27
 1466 0119 19       		.uleb128 0x19
 1467 011a 49       		.uleb128 0x49
 1468 011b 13       		.uleb128 0x13
 1469 011c 11       		.uleb128 0x11
 1470 011d 01       		.uleb128 0x1
 1471 011e 12       		.uleb128 0x12
 1472 011f 06       		.uleb128 0x6
 1473 0120 40       		.uleb128 0x40
 1474 0121 18       		.uleb128 0x18
 1475 0122 9742     		.uleb128 0x2117
 1476 0124 19       		.uleb128 0x19
 1477 0125 01       		.uleb128 0x1
 1478 0126 13       		.uleb128 0x13
 1479 0127 00       		.byte	0
 1480 0128 00       		.byte	0
 1481 0129 17       		.uleb128 0x17
 1482 012a 05       		.uleb128 0x5
 1483 012b 00       		.byte	0
 1484 012c 03       		.uleb128 0x3
 1485 012d 0E       		.uleb128 0xe
 1486 012e 3A       		.uleb128 0x3a
 1487 012f 0B       		.uleb128 0xb
 1488 0130 3B       		.uleb128 0x3b
 1489 0131 0B       		.uleb128 0xb
 1490 0132 49       		.uleb128 0x49
 1491 0133 13       		.uleb128 0x13
 1492 0134 02       		.uleb128 0x2
 1493 0135 17       		.uleb128 0x17
 1494 0136 00       		.byte	0
 1495 0137 00       		.byte	0
 1496 0138 18       		.uleb128 0x18
 1497 0139 898201   		.uleb128 0x4109
 1498 013c 01       		.byte	0x1
 1499 013d 11       		.uleb128 0x11
 1500 013e 01       		.uleb128 0x1
 1501 013f 31       		.uleb128 0x31
 1502 0140 13       		.uleb128 0x13
 1503 0141 01       		.uleb128 0x1
 1504 0142 13       		.uleb128 0x13
 1505 0143 00       		.byte	0
 1506 0144 00       		.byte	0
 1507 0145 19       		.uleb128 0x19
 1508 0146 898201   		.uleb128 0x4109
 1509 0149 00       		.byte	0
 1510 014a 11       		.uleb128 0x11
 1511 014b 01       		.uleb128 0x1
 1512 014c 31       		.uleb128 0x31
 1513 014d 13       		.uleb128 0x13
 1514 014e 00       		.byte	0
 1515 014f 00       		.byte	0
ARM GAS  /tmp/ccYmpWIc.s 			page 28


 1516 0150 1A       		.uleb128 0x1a
 1517 0151 34       		.uleb128 0x34
 1518 0152 00       		.byte	0
 1519 0153 03       		.uleb128 0x3
 1520 0154 0E       		.uleb128 0xe
 1521 0155 3A       		.uleb128 0x3a
 1522 0156 0B       		.uleb128 0xb
 1523 0157 3B       		.uleb128 0x3b
 1524 0158 05       		.uleb128 0x5
 1525 0159 49       		.uleb128 0x49
 1526 015a 13       		.uleb128 0x13
 1527 015b 3F       		.uleb128 0x3f
 1528 015c 19       		.uleb128 0x19
 1529 015d 3C       		.uleb128 0x3c
 1530 015e 19       		.uleb128 0x19
 1531 015f 00       		.byte	0
 1532 0160 00       		.byte	0
 1533 0161 1B       		.uleb128 0x1b
 1534 0162 01       		.uleb128 0x1
 1535 0163 01       		.byte	0x1
 1536 0164 49       		.uleb128 0x49
 1537 0165 13       		.uleb128 0x13
 1538 0166 01       		.uleb128 0x1
 1539 0167 13       		.uleb128 0x13
 1540 0168 00       		.byte	0
 1541 0169 00       		.byte	0
 1542 016a 1C       		.uleb128 0x1c
 1543 016b 21       		.uleb128 0x21
 1544 016c 00       		.byte	0
 1545 016d 49       		.uleb128 0x49
 1546 016e 13       		.uleb128 0x13
 1547 016f 2F       		.uleb128 0x2f
 1548 0170 0B       		.uleb128 0xb
 1549 0171 00       		.byte	0
 1550 0172 00       		.byte	0
 1551 0173 1D       		.uleb128 0x1d
 1552 0174 34       		.uleb128 0x34
 1553 0175 00       		.byte	0
 1554 0176 03       		.uleb128 0x3
 1555 0177 0E       		.uleb128 0xe
 1556 0178 3A       		.uleb128 0x3a
 1557 0179 0B       		.uleb128 0xb
 1558 017a 3B       		.uleb128 0x3b
 1559 017b 0B       		.uleb128 0xb
 1560 017c 49       		.uleb128 0x49
 1561 017d 13       		.uleb128 0x13
 1562 017e 3F       		.uleb128 0x3f
 1563 017f 19       		.uleb128 0x19
 1564 0180 02       		.uleb128 0x2
 1565 0181 18       		.uleb128 0x18
 1566 0182 00       		.byte	0
 1567 0183 00       		.byte	0
 1568 0184 1E       		.uleb128 0x1e
 1569 0185 34       		.uleb128 0x34
 1570 0186 00       		.byte	0
 1571 0187 03       		.uleb128 0x3
 1572 0188 0E       		.uleb128 0xe
ARM GAS  /tmp/ccYmpWIc.s 			page 29


 1573 0189 3A       		.uleb128 0x3a
 1574 018a 0B       		.uleb128 0xb
 1575 018b 3B       		.uleb128 0x3b
 1576 018c 0B       		.uleb128 0xb
 1577 018d 49       		.uleb128 0x49
 1578 018e 13       		.uleb128 0x13
 1579 018f 3F       		.uleb128 0x3f
 1580 0190 19       		.uleb128 0x19
 1581 0191 3C       		.uleb128 0x3c
 1582 0192 19       		.uleb128 0x19
 1583 0193 00       		.byte	0
 1584 0194 00       		.byte	0
 1585 0195 1F       		.uleb128 0x1f
 1586 0196 2E       		.uleb128 0x2e
 1587 0197 01       		.byte	0x1
 1588 0198 3F       		.uleb128 0x3f
 1589 0199 19       		.uleb128 0x19
 1590 019a 03       		.uleb128 0x3
 1591 019b 0E       		.uleb128 0xe
 1592 019c 3A       		.uleb128 0x3a
 1593 019d 0B       		.uleb128 0xb
 1594 019e 3B       		.uleb128 0x3b
 1595 019f 05       		.uleb128 0x5
 1596 01a0 27       		.uleb128 0x27
 1597 01a1 19       		.uleb128 0x19
 1598 01a2 3C       		.uleb128 0x3c
 1599 01a3 19       		.uleb128 0x19
 1600 01a4 01       		.uleb128 0x1
 1601 01a5 13       		.uleb128 0x13
 1602 01a6 00       		.byte	0
 1603 01a7 00       		.byte	0
 1604 01a8 20       		.uleb128 0x20
 1605 01a9 05       		.uleb128 0x5
 1606 01aa 00       		.byte	0
 1607 01ab 49       		.uleb128 0x49
 1608 01ac 13       		.uleb128 0x13
 1609 01ad 00       		.byte	0
 1610 01ae 00       		.byte	0
 1611 01af 21       		.uleb128 0x21
 1612 01b0 2E       		.uleb128 0x2e
 1613 01b1 01       		.byte	0x1
 1614 01b2 3F       		.uleb128 0x3f
 1615 01b3 19       		.uleb128 0x19
 1616 01b4 03       		.uleb128 0x3
 1617 01b5 0E       		.uleb128 0xe
 1618 01b6 3A       		.uleb128 0x3a
 1619 01b7 0B       		.uleb128 0xb
 1620 01b8 3B       		.uleb128 0x3b
 1621 01b9 0B       		.uleb128 0xb
 1622 01ba 27       		.uleb128 0x27
 1623 01bb 19       		.uleb128 0x19
 1624 01bc 3C       		.uleb128 0x3c
 1625 01bd 19       		.uleb128 0x19
 1626 01be 01       		.uleb128 0x1
 1627 01bf 13       		.uleb128 0x13
 1628 01c0 00       		.byte	0
 1629 01c1 00       		.byte	0
ARM GAS  /tmp/ccYmpWIc.s 			page 30


 1630 01c2 22       		.uleb128 0x22
 1631 01c3 18       		.uleb128 0x18
 1632 01c4 00       		.byte	0
 1633 01c5 00       		.byte	0
 1634 01c6 00       		.byte	0
 1635 01c7 23       		.uleb128 0x23
 1636 01c8 26       		.uleb128 0x26
 1637 01c9 00       		.byte	0
 1638 01ca 00       		.byte	0
 1639 01cb 00       		.byte	0
 1640 01cc 24       		.uleb128 0x24
 1641 01cd 2E       		.uleb128 0x2e
 1642 01ce 01       		.byte	0x1
 1643 01cf 3F       		.uleb128 0x3f
 1644 01d0 19       		.uleb128 0x19
 1645 01d1 03       		.uleb128 0x3
 1646 01d2 0E       		.uleb128 0xe
 1647 01d3 27       		.uleb128 0x27
 1648 01d4 19       		.uleb128 0x19
 1649 01d5 49       		.uleb128 0x49
 1650 01d6 13       		.uleb128 0x13
 1651 01d7 34       		.uleb128 0x34
 1652 01d8 19       		.uleb128 0x19
 1653 01d9 3C       		.uleb128 0x3c
 1654 01da 19       		.uleb128 0x19
 1655 01db 01       		.uleb128 0x1
 1656 01dc 13       		.uleb128 0x13
 1657 01dd 00       		.byte	0
 1658 01de 00       		.byte	0
 1659 01df 00       		.byte	0
 1660              		.section	.debug_loc,"",%progbits
 1661              	.Ldebug_loc0:
 1662              	.LLST0:
 1663 0000 00000000 		.4byte	.LVL1
 1664 0004 24000000 		.4byte	.LVL3
 1665 0008 0100     		.2byte	0x1
 1666 000a 50       		.byte	0x50
 1667 000b 24000000 		.4byte	.LVL3
 1668 000f 26000000 		.4byte	.LVL4
 1669 0013 0400     		.2byte	0x4
 1670 0015 F3       		.byte	0xf3
 1671 0016 01       		.uleb128 0x1
 1672 0017 50       		.byte	0x50
 1673 0018 9F       		.byte	0x9f
 1674 0019 26000000 		.4byte	.LVL4
 1675 001d 28000000 		.4byte	.LVL5
 1676 0021 0100     		.2byte	0x1
 1677 0023 50       		.byte	0x50
 1678 0024 28000000 		.4byte	.LVL5
 1679 0028 30000000 		.4byte	.LVL7
 1680 002c 0400     		.2byte	0x4
 1681 002e F3       		.byte	0xf3
 1682 002f 01       		.uleb128 0x1
 1683 0030 50       		.byte	0x50
 1684 0031 9F       		.byte	0x9f
 1685 0032 30000000 		.4byte	.LVL7
 1686 0036 32000000 		.4byte	.LVL8
ARM GAS  /tmp/ccYmpWIc.s 			page 31


 1687 003a 0100     		.2byte	0x1
 1688 003c 50       		.byte	0x50
 1689 003d 32000000 		.4byte	.LVL8
 1690 0041 3A000000 		.4byte	.LVL10
 1691 0045 0400     		.2byte	0x4
 1692 0047 F3       		.byte	0xf3
 1693 0048 01       		.uleb128 0x1
 1694 0049 50       		.byte	0x50
 1695 004a 9F       		.byte	0x9f
 1696 004b 3A000000 		.4byte	.LVL10
 1697 004f 3C000000 		.4byte	.LVL11
 1698 0053 0100     		.2byte	0x1
 1699 0055 50       		.byte	0x50
 1700 0056 3C000000 		.4byte	.LVL11
 1701 005a 44000000 		.4byte	.LVL13
 1702 005e 0400     		.2byte	0x4
 1703 0060 F3       		.byte	0xf3
 1704 0061 01       		.uleb128 0x1
 1705 0062 50       		.byte	0x50
 1706 0063 9F       		.byte	0x9f
 1707 0064 44000000 		.4byte	.LVL13
 1708 0068 46000000 		.4byte	.LVL14
 1709 006c 0100     		.2byte	0x1
 1710 006e 50       		.byte	0x50
 1711 006f 46000000 		.4byte	.LVL14
 1712 0073 60000000 		.4byte	.LFE57
 1713 0077 0400     		.2byte	0x4
 1714 0079 F3       		.byte	0xf3
 1715 007a 01       		.uleb128 0x1
 1716 007b 50       		.byte	0x50
 1717 007c 9F       		.byte	0x9f
 1718 007d 00000000 		.4byte	0
 1719 0081 00000000 		.4byte	0
 1720              	.LLST1:
 1721 0085 00000000 		.4byte	.LVL1
 1722 0089 14000000 		.4byte	.LVL2
 1723 008d 0100     		.2byte	0x1
 1724 008f 51       		.byte	0x51
 1725 0090 14000000 		.4byte	.LVL2
 1726 0094 26000000 		.4byte	.LVL4
 1727 0098 0400     		.2byte	0x4
 1728 009a F3       		.byte	0xf3
 1729 009b 01       		.uleb128 0x1
 1730 009c 51       		.byte	0x51
 1731 009d 9F       		.byte	0x9f
 1732 009e 26000000 		.4byte	.LVL4
 1733 00a2 2B000000 		.4byte	.LVL6-1
 1734 00a6 0100     		.2byte	0x1
 1735 00a8 51       		.byte	0x51
 1736 00a9 2B000000 		.4byte	.LVL6-1
 1737 00ad 30000000 		.4byte	.LVL7
 1738 00b1 0400     		.2byte	0x4
 1739 00b3 F3       		.byte	0xf3
 1740 00b4 01       		.uleb128 0x1
 1741 00b5 51       		.byte	0x51
 1742 00b6 9F       		.byte	0x9f
 1743 00b7 30000000 		.4byte	.LVL7
ARM GAS  /tmp/ccYmpWIc.s 			page 32


 1744 00bb 35000000 		.4byte	.LVL9-1
 1745 00bf 0100     		.2byte	0x1
 1746 00c1 51       		.byte	0x51
 1747 00c2 35000000 		.4byte	.LVL9-1
 1748 00c6 60000000 		.4byte	.LFE57
 1749 00ca 0400     		.2byte	0x4
 1750 00cc F3       		.byte	0xf3
 1751 00cd 01       		.uleb128 0x1
 1752 00ce 51       		.byte	0x51
 1753 00cf 9F       		.byte	0x9f
 1754 00d0 00000000 		.4byte	0
 1755 00d4 00000000 		.4byte	0
 1756              		.section	.debug_aranges,"",%progbits
 1757 0000 2C000000 		.4byte	0x2c
 1758 0004 0200     		.2byte	0x2
 1759 0006 00000000 		.4byte	.Ldebug_info0
 1760 000a 04       		.byte	0x4
 1761 000b 00       		.byte	0
 1762 000c 0000     		.2byte	0
 1763 000e 0000     		.2byte	0
 1764 0010 00000000 		.4byte	.LFB56
 1765 0014 18000000 		.4byte	.LFE56-.LFB56
 1766 0018 00000000 		.4byte	.LFB57
 1767 001c 60000000 		.4byte	.LFE57-.LFB57
 1768 0020 00000000 		.4byte	.LFB58
 1769 0024 CC000000 		.4byte	.LFE58-.LFB58
 1770 0028 00000000 		.4byte	0
 1771 002c 00000000 		.4byte	0
 1772              		.section	.debug_ranges,"",%progbits
 1773              	.Ldebug_ranges0:
 1774 0000 00000000 		.4byte	.LFB56
 1775 0004 18000000 		.4byte	.LFE56
 1776 0008 00000000 		.4byte	.LFB57
 1777 000c 60000000 		.4byte	.LFE57
 1778 0010 00000000 		.4byte	.LFB58
 1779 0014 CC000000 		.4byte	.LFE58
 1780 0018 00000000 		.4byte	0
 1781 001c 00000000 		.4byte	0
 1782              		.section	.debug_line,"",%progbits
 1783              	.Ldebug_line0:
 1784 0000 EB010000 		.section	.debug_str,"MS",%progbits,1
 1784      02006101 
 1784      00000201 
 1784      FB0E0D00 
 1784      01010101 
 1785              	.LASF63:
 1786 0000 4576656E 		.ascii	"EventListener\000"
 1786      744C6973 
 1786      74656E65 
 1786      7200
 1787              	.LASF68:
 1788 000e 4576656E 		.ascii	"EventSource\000"
 1788      74536F75 
 1788      72636500 
 1789              	.LASF78:
 1790 001a 7569705F 		.ascii	"uip_len\000"
 1790      6C656E00 
ARM GAS  /tmp/ccYmpWIc.s 			page 33


 1791              	.LASF24:
 1792 0022 73746174 		.ascii	"state\000"
 1792      6500
 1793              	.LASF55:
 1794 0028 54687265 		.ascii	"ThreadsList\000"
 1794      6164734C 
 1794      69737400 
 1795              	.LASF2:
 1796 0034 73686F72 		.ascii	"short int\000"
 1796      7420696E 
 1796      7400
 1797              	.LASF62:
 1798 003e 6D5F6E65 		.ascii	"m_next\000"
 1798      787400
 1799              	.LASF30:
 1800 0045 73697A65 		.ascii	"sizetype\000"
 1800      74797065 
 1800      00
 1801              	.LASF42:
 1802 004e 705F7072 		.ascii	"p_prev\000"
 1802      657600
 1803              	.LASF69:
 1804 0055 65735F6E 		.ascii	"es_next\000"
 1804      65787400 
 1805              	.LASF83:
 1806 005d 73656E64 		.ascii	"send_req_event\000"
 1806      5F726571 
 1806      5F657665 
 1806      6E7400
 1807              	.LASF4:
 1808 006c 5F5F7569 		.ascii	"__uint16_t\000"
 1808      6E743136 
 1808      5F7400
 1809              	.LASF8:
 1810 0077 5F5F7569 		.ascii	"__uint32_t\000"
 1810      6E743332 
 1810      5F7400
 1811              	.LASF37:
 1812 0082 6576656E 		.ascii	"eventmask_t\000"
 1812      746D6173 
 1812      6B5F7400 
 1813              	.LASF49:
 1814 008e 705F6D73 		.ascii	"p_msgqueue\000"
 1814      67717565 
 1814      756500
 1815              	.LASF43:
 1816 0099 705F7072 		.ascii	"p_prio\000"
 1816      696F00
 1817              	.LASF41:
 1818 00a0 705F6E65 		.ascii	"p_next\000"
 1818      787400
 1819              	.LASF87:
 1820 00a7 6D656D63 		.ascii	"memcpy\000"
 1820      707900
 1821              	.LASF18:
 1822 00ae 4D4F4442 		.ascii	"MODBUS_READY\000"
 1822      55535F52 
ARM GAS  /tmp/ccYmpWIc.s 			page 34


 1822      45414459 
 1822      00
 1823              	.LASF82:
 1824 00bb 6D6F6462 		.ascii	"modbusSerialState\000"
 1824      75735365 
 1824      7269616C 
 1824      53746174 
 1824      6500
 1825              	.LASF56:
 1826 00cd 72656761 		.ascii	"regarm_t\000"
 1826      726D5F74 
 1826      00
 1827              	.LASF13:
 1828 00d6 75696E74 		.ascii	"uint8_t\000"
 1828      385F7400 
 1829              	.LASF17:
 1830 00de 4D4F4442 		.ascii	"MODBUS_SERIAL_ERROR\000"
 1830      55535F53 
 1830      45524941 
 1830      4C5F4552 
 1830      524F5200 
 1831              	.LASF20:
 1832 00f2 4D4F4442 		.ascii	"MODBUS_REQUEST_SENT\000"
 1832      55535F52 
 1832      45515545 
 1832      53545F53 
 1832      454E5400 
 1833              	.LASF51:
 1834 0106 705F6570 		.ascii	"p_epending\000"
 1834      656E6469 
 1834      6E6700
 1835              	.LASF22:
 1836 0111 4D4F4442 		.ascii	"MODBUS_RESPONSE_SENT\000"
 1836      55535F52 
 1836      4553504F 
 1836      4E53455F 
 1836      53454E54 
 1837              	.LASF79:
 1838 0126 7569705F 		.ascii	"uip_flags\000"
 1838      666C6167 
 1838      7300
 1839              	.LASF67:
 1840 0130 656C5F66 		.ascii	"el_flags\000"
 1840      6C616773 
 1840      00
 1841              	.LASF32:
 1842 0139 746D6F64 		.ascii	"tmode_t\000"
 1842      655F7400 
 1843              	.LASF10:
 1844 0141 6C6F6E67 		.ascii	"long long int\000"
 1844      206C6F6E 
 1844      6720696E 
 1844      7400
 1845              	.LASF35:
 1846 014f 74707269 		.ascii	"tprio_t\000"
 1846      6F5F7400 
 1847              	.LASF7:
ARM GAS  /tmp/ccYmpWIc.s 			page 35


 1848 0157 6C6F6E67 		.ascii	"long int\000"
 1848      20696E74 
 1848      00
 1849              	.LASF59:
 1850 0160 4D757465 		.ascii	"Mutex\000"
 1850      7800
 1851              	.LASF60:
 1852 0166 6D5F7175 		.ascii	"m_queue\000"
 1852      65756500 
 1853              	.LASF3:
 1854 016e 5F5F7569 		.ascii	"__uint8_t\000"
 1854      6E74385F 
 1854      7400
 1855              	.LASF58:
 1856 0178 636F6E74 		.ascii	"context\000"
 1856      65787400 
 1857              	.LASF26:
 1858 0180 6D6F6462 		.ascii	"modbusSerialState_t\000"
 1858      75735365 
 1858      7269616C 
 1858      53746174 
 1858      655F7400 
 1859              	.LASF92:
 1860 0194 69735661 		.ascii	"isValid\000"
 1860      6C696400 
 1861              	.LASF50:
 1862 019c 705F6D73 		.ascii	"p_msg\000"
 1862      6700
 1863              	.LASF23:
 1864 01a2 4D4F4442 		.ascii	"MODBUS_TIMEOUT_EXPIRED\000"
 1864      55535F54 
 1864      494D454F 
 1864      55545F45 
 1864      58504952 
 1865              	.LASF90:
 1866 01b9 6D6F6462 		.ascii	"modbus_tcp.c\000"
 1866      75735F74 
 1866      63702E63 
 1866      00
 1867              	.LASF1:
 1868 01c6 756E7369 		.ascii	"unsigned char\000"
 1868      676E6564 
 1868      20636861 
 1868      7200
 1869              	.LASF73:
 1870 01d4 65776D61 		.ascii	"ewmask\000"
 1870      736B00
 1871              	.LASF25:
 1872 01db 7061636B 		.ascii	"packLen\000"
 1872      4C656E00 
 1873              	.LASF76:
 1874 01e3 6D6F6462 		.ascii	"modbus_tcp_gateway\000"
 1874      75735F74 
 1874      63705F67 
 1874      61746577 
 1874      617900
 1875              	.LASF0:
ARM GAS  /tmp/ccYmpWIc.s 			page 36


 1876 01f6 7369676E 		.ascii	"signed char\000"
 1876      65642063 
 1876      68617200 
 1877              	.LASF11:
 1878 0202 6C6F6E67 		.ascii	"long long unsigned int\000"
 1878      206C6F6E 
 1878      6720756E 
 1878      7369676E 
 1878      65642069 
 1879              	.LASF16:
 1880 0219 75696E74 		.ascii	"uint32_t\000"
 1880      33325F74 
 1880      00
 1881              	.LASF81:
 1882 0222 6D6F6462 		.ascii	"modbusSerialBuffer\000"
 1882      75735365 
 1882      7269616C 
 1882      42756666 
 1882      657200
 1883              	.LASF14:
 1884 0235 75696E74 		.ascii	"uint16_t\000"
 1884      31365F74 
 1884      00
 1885              	.LASF9:
 1886 023e 6C6F6E67 		.ascii	"long unsigned int\000"
 1886      20756E73 
 1886      69676E65 
 1886      6420696E 
 1886      7400
 1887              	.LASF34:
 1888 0250 74736C69 		.ascii	"tslices_t\000"
 1888      6365735F 
 1888      7400
 1889              	.LASF29:
 1890 025a 7531365F 		.ascii	"u16_t\000"
 1890      7400
 1891              	.LASF89:
 1892 0260 474E5520 		.ascii	"GNU C 4.8.4 20141219 (release) -mcpu=cortex-m3 -mno"
 1892      4320342E 
 1892      382E3420 
 1892      32303134 
 1892      31323139 
 1893 0293 2D746875 		.ascii	"-thumb-interwork -mthumb -ggdb -O2 -fomit-frame-poi"
 1893      6D622D69 
 1893      6E746572 
 1893      776F726B 
 1893      202D6D74 
 1894 02c6 6E746572 		.ascii	"nter -falign-functions=16 -ffunction-sections -fdat"
 1894      202D6661 
 1894      6C69676E 
 1894      2D66756E 
 1894      6374696F 
 1895 02f9 612D7365 		.ascii	"a-sections -fno-common -fno-strict-aliasing\000"
 1895      6374696F 
 1895      6E73202D 
 1895      666E6F2D 
 1895      636F6D6D 
ARM GAS  /tmp/ccYmpWIc.s 			page 37


 1896              	.LASF46:
 1897 0325 705F666C 		.ascii	"p_flags\000"
 1897      61677300 
 1898              	.LASF91:
 1899 032d 2F686F6D 		.ascii	"/home/dltech-deb/gdrive/Projects/RFM_to_Modbus_TCP/"
 1899      652F646C 
 1899      74656368 
 1899      2D646562 
 1899      2F676472 
 1900 0360 43686962 		.ascii	"ChibiOS/F103_ChibiOS_ENC60J28/main\000"
 1900      694F532F 
 1900      46313033 
 1900      5F436869 
 1900      62694F53 
 1901              	.LASF53:
 1902 0383 705F7265 		.ascii	"p_realprio\000"
 1902      616C7072 
 1902      696F00
 1903              	.LASF65:
 1904 038e 656C5F6C 		.ascii	"el_listener\000"
 1904      69737465 
 1904      6E657200 
 1905              	.LASF27:
 1906 039a 63686172 		.ascii	"char\000"
 1906      00
 1907              	.LASF15:
 1908 039f 696E7433 		.ascii	"int32_t\000"
 1908      325F7400 
 1909              	.LASF45:
 1910 03a7 705F7374 		.ascii	"p_state\000"
 1910      61746500 
 1911              	.LASF5:
 1912 03af 73686F72 		.ascii	"short unsigned int\000"
 1912      7420756E 
 1912      7369676E 
 1912      65642069 
 1912      6E7400
 1913              	.LASF54:
 1914 03c2 54687265 		.ascii	"ThreadsQueue\000"
 1914      61647351 
 1914      75657565 
 1914      00
 1915              	.LASF31:
 1916 03cf 5F426F6F 		.ascii	"_Bool\000"
 1916      6C00
 1917              	.LASF48:
 1918 03d5 705F7761 		.ascii	"p_waiting\000"
 1918      6974696E 
 1918      6700
 1919              	.LASF64:
 1920 03df 656C5F6E 		.ascii	"el_next\000"
 1920      65787400 
 1921              	.LASF52:
 1922 03e7 705F6D74 		.ascii	"p_mtxlist\000"
 1922      786C6973 
 1922      7400
 1923              	.LASF57:
ARM GAS  /tmp/ccYmpWIc.s 			page 38


 1924 03f1 696E7463 		.ascii	"intctx\000"
 1924      747800
 1925              	.LASF75:
 1926 03f8 6D6F6462 		.ascii	"modbusInit\000"
 1926      7573496E 
 1926      697400
 1927              	.LASF47:
 1928 0403 705F7072 		.ascii	"p_preempt\000"
 1928      65656D70 
 1928      7400
 1929              	.LASF86:
 1930 040d 7569705F 		.ascii	"uip_send\000"
 1930      73656E64 
 1930      00
 1931              	.LASF19:
 1932 0416 4D4F4442 		.ascii	"MODBUS_REQUEST_GET\000"
 1932      55535F52 
 1932      45515545 
 1932      53545F47 
 1932      455400
 1933              	.LASF6:
 1934 0429 5F5F696E 		.ascii	"__int32_t\000"
 1934      7433325F 
 1934      7400
 1935              	.LASF28:
 1936 0433 75385F74 		.ascii	"u8_t\000"
 1936      00
 1937              	.LASF21:
 1938 0438 4D4F4442 		.ascii	"MODBUS_RESPONSE_GET\000"
 1938      55535F52 
 1938      4553504F 
 1938      4E53455F 
 1938      47455400 
 1939              	.LASF72:
 1940 044c 77746F62 		.ascii	"wtobjp\000"
 1940      6A7000
 1941              	.LASF40:
 1942 0453 6D6F6462 		.ascii	"modbusSerialStateStruct\000"
 1942      75735365 
 1942      7269616C 
 1942      53746174 
 1942      65537472 
 1943              	.LASF33:
 1944 046b 74737461 		.ascii	"tstate_t\000"
 1944      74655F74 
 1944      00
 1945              	.LASF39:
 1946 0474 54687265 		.ascii	"Thread\000"
 1946      616400
 1947              	.LASF71:
 1948 047b 65786974 		.ascii	"exitcode\000"
 1948      636F6465 
 1948      00
 1949              	.LASF77:
 1950 0484 7569705F 		.ascii	"uip_appdata\000"
 1950      61707064 
 1950      61746100 
ARM GAS  /tmp/ccYmpWIc.s 			page 39


 1951              	.LASF84:
 1952 0490 7569705F 		.ascii	"uip_listen\000"
 1952      6C697374 
 1952      656E00
 1953              	.LASF74:
 1954 049b 7061636B 		.ascii	"packBuffer\000"
 1954      42756666 
 1954      657200
 1955              	.LASF88:
 1956 04a6 63684576 		.ascii	"chEvtBroadcastFlags\000"
 1956      7442726F 
 1956      61646361 
 1956      7374466C 
 1956      61677300 
 1957              	.LASF66:
 1958 04ba 656C5F6D 		.ascii	"el_mask\000"
 1958      61736B00 
 1959              	.LASF44:
 1960 04c2 705F6374 		.ascii	"p_ctx\000"
 1960      7800
 1961              	.LASF80:
 1962 04c8 49544D5F 		.ascii	"ITM_RxBuffer\000"
 1962      52784275 
 1962      66666572 
 1962      00
 1963              	.LASF12:
 1964 04d5 756E7369 		.ascii	"unsigned int\000"
 1964      676E6564 
 1964      20696E74 
 1964      00
 1965              	.LASF61:
 1966 04e2 6D5F6F77 		.ascii	"m_owner\000"
 1966      6E657200 
 1967              	.LASF38:
 1968 04ea 666C6167 		.ascii	"flagsmask_t\000"
 1968      736D6173 
 1968      6B5F7400 
 1969              	.LASF70:
 1970 04f6 7264796D 		.ascii	"rdymsg\000"
 1970      736700
 1971              	.LASF36:
 1972 04fd 6D73675F 		.ascii	"msg_t\000"
 1972      7400
 1973              	.LASF85:
 1974 0503 73656E64 		.ascii	"senddbgmsg\000"
 1974      6462676D 
 1974      736700
 1975              		.ident	"GCC: (4.8.4-1+11-1) 4.8.4 20141219 (release)"
ARM GAS  /tmp/ccYmpWIc.s 			page 40


DEFINED SYMBOLS
                            *ABS*:0000000000000000 modbus_tcp.c
     /tmp/ccYmpWIc.s:19     .text.modbusInit:0000000000000000 $t
     /tmp/ccYmpWIc.s:25     .text.modbusInit:0000000000000000 modbusInit
     /tmp/ccYmpWIc.s:48     .text.modbusInit:0000000000000014 $d
     /tmp/ccYmpWIc.s:53     .text.isValid:0000000000000000 $t
     /tmp/ccYmpWIc.s:59     .text.isValid:0000000000000000 isValid
     /tmp/ccYmpWIc.s:141    .text.isValid:0000000000000050 $d
     /tmp/ccYmpWIc.s:149    .text.modbus_tcp_gateway:0000000000000000 $t
     /tmp/ccYmpWIc.s:155    .text.modbus_tcp_gateway:0000000000000000 modbus_tcp_gateway
     /tmp/ccYmpWIc.s:286    .text.modbus_tcp_gateway:00000000000000a4 $d
     /tmp/ccYmpWIc.s:306    .bss.modbusSerialState:0000000000000000 modbusSerialState
     /tmp/ccYmpWIc.s:334    .bss.modbusSerialBuffer:0000000000000000 modbusSerialBuffer
     /tmp/ccYmpWIc.s:302    .bss.modbusSerialState:0000000000000000 $d
     /tmp/ccYmpWIc.s:309    .rodata.str1.4:0000000000000000 $d
     /tmp/ccYmpWIc.s:330    .bss.modbusSerialBuffer:0000000000000000 $d
                     .debug_frame:0000000000000010 $d
     /tmp/ccYmpWIc.s:52     .text.modbusInit:0000000000000018 $t
     /tmp/ccYmpWIc.s:301    .text.modbus_tcp_gateway:00000000000000cc $t

UNDEFINED SYMBOLS
uip_listen
senddbgmsg
uip_send
memcpy
chEvtBroadcastFlags
uip_flags
uip_appdata
uip_len
send_req_event
