ARM GAS  /tmp/cclwN1MX.s 			page 1


   1              		.syntax unified
   2              		.cpu cortex-m3
   3              		.fpu softvfp
   4              		.eabi_attribute 20, 1
   5              		.eabi_attribute 21, 1
   6              		.eabi_attribute 23, 3
   7              		.eabi_attribute 24, 1
   8              		.eabi_attribute 25, 1
   9              		.eabi_attribute 26, 1
  10              		.eabi_attribute 30, 2
  11              		.eabi_attribute 34, 1
  12              		.eabi_attribute 18, 4
  13              		.thumb
  14              		.file	"nvic.c"
  15              		.text
  16              	.Ltext0:
  17              		.cfi_sections	.debug_frame
  18              		.section	.text.nvicEnableVector,"ax",%progbits
  19              		.align	2
  20              		.p2align 4,,15
  21              		.global	nvicEnableVector
  22              		.thumb
  23              		.thumb_func
  24              		.type	nvicEnableVector, %function
  25              	nvicEnableVector:
  26              	.LFB0:
  27              		.file 1 "../os/ports/common/ARMCMx/nvic.c"
  28              		.loc 1 46 0
  29              		.cfi_startproc
  30              		@ args = 0, pretend = 0, frame = 0
  31              		@ frame_needed = 0, uses_anonymous_args = 0
  32              		@ link register save eliminated.
  33              	.LVL0:
  34              		.loc 1 47 0
  35 0000 00F00303 		and	r3, r0, #3
  36              		.loc 1 46 0
  37 0004 30B4     		push	{r4, r5}
  38              		.cfi_def_cfa_offset 8
  39              		.cfi_offset 4, -8
  40              		.cfi_offset 5, -4
  41              		.loc 1 47 0
  42 0006 DB00     		lsls	r3, r3, #3
  43              	.LVL1:
  44              		.loc 1 49 0
  45 0008 FF24     		movs	r4, #255
  46 000a 9C40     		lsls	r4, r4, r3
  47 000c 9940     		lsls	r1, r1, r3
  48              	.LVL2:
  49              		.loc 1 50 0
  50 000e 0122     		movs	r2, #1
  51 0010 00F01F03 		and	r3, r0, #31
  52              	.LVL3:
  53 0014 9A40     		lsls	r2, r2, r3
  54 0016 20F00303 		bic	r3, r0, #3
  55 001a 03F16043 		add	r3, r3, #-536870912
  56 001e 03F56143 		add	r3, r3, #57600
  57              		.loc 1 49 0
ARM GAS  /tmp/cclwN1MX.s 			page 2


  58 0022 D3F80053 		ldr	r5, [r3, #768]
  59              		.loc 1 50 0
  60 0026 4009     		lsrs	r0, r0, #5
  61              	.LVL4:
  62 0028 8000     		lsls	r0, r0, #2
  63              		.loc 1 49 0
  64 002a 25EA0404 		bic	r4, r5, r4
  65 002e 00F16040 		add	r0, r0, #-536870912
  66 0032 0C43     		orrs	r4, r4, r1
  67 0034 00F56140 		add	r0, r0, #57600
  68 0038 C3F80043 		str	r4, [r3, #768]
  69              		.loc 1 50 0
  70 003c C0F88021 		str	r2, [r0, #384]
  71              		.loc 1 51 0
  72 0040 0260     		str	r2, [r0]
  73              		.loc 1 52 0
  74 0042 30BC     		pop	{r4, r5}
  75 0044 7047     		bx	lr
  76              		.cfi_endproc
  77              	.LFE0:
  78              		.size	nvicEnableVector, .-nvicEnableVector
  79 0046 00BFAFF3 		.section	.text.nvicDisableVector,"ax",%progbits
  79      0080AFF3 
  79      0080
  80              		.align	2
  81              		.p2align 4,,15
  82              		.global	nvicDisableVector
  83              		.thumb
  84              		.thumb_func
  85              		.type	nvicDisableVector, %function
  86              	nvicDisableVector:
  87              	.LFB1:
  88              		.loc 1 60 0
  89              		.cfi_startproc
  90              		@ args = 0, pretend = 0, frame = 0
  91              		@ frame_needed = 0, uses_anonymous_args = 0
  92              		@ link register save eliminated.
  93              	.LVL5:
  94 0000 10B4     		push	{r4}
  95              		.cfi_def_cfa_offset 4
  96              		.cfi_offset 4, -4
  97              		.loc 1 63 0
  98 0002 00F01F03 		and	r3, r0, #31
  99 0006 0124     		movs	r4, #1
 100 0008 9C40     		lsls	r4, r4, r3
 101              		.loc 1 61 0
 102 000a 00F00303 		and	r3, r0, #3
 103              		.loc 1 64 0
 104 000e FF22     		movs	r2, #255
 105              		.loc 1 61 0
 106 0010 DB00     		lsls	r3, r3, #3
 107              	.LVL6:
 108              		.loc 1 64 0
 109 0012 02FA03F3 		lsl	r3, r2, r3
 110              	.LVL7:
 111              		.loc 1 63 0
 112 0016 4109     		lsrs	r1, r0, #5
ARM GAS  /tmp/cclwN1MX.s 			page 3


 113 0018 094A     		ldr	r2, .L3
 114 001a 20F00300 		bic	r0, r0, #3
 115              	.LVL8:
 116 001e 2031     		adds	r1, r1, #32
 117 0020 00F16040 		add	r0, r0, #-536870912
 118 0024 42F82140 		str	r4, [r2, r1, lsl #2]
 119 0028 00F56140 		add	r0, r0, #57600
 120              		.loc 1 64 0
 121 002c D0F80023 		ldr	r2, [r0, #768]
 122 0030 22EA0303 		bic	r3, r2, r3
 123 0034 C0F80033 		str	r3, [r0, #768]
 124              		.loc 1 65 0
 125 0038 5DF8044B 		ldr	r4, [sp], #4
 126 003c 7047     		bx	lr
 127              	.L4:
 128 003e 00BF     		.align	2
 129              	.L3:
 130 0040 00E100E0 		.word	-536813312
 131              		.cfi_endproc
 132              	.LFE1:
 133              		.size	nvicDisableVector, .-nvicDisableVector
 134 0044 AFF30080 		.section	.text.nvicSetSystemHandlerPriority,"ax",%progbits
 134      AFF30080 
 134      AFF30080 
 135              		.align	2
 136              		.p2align 4,,15
 137              		.global	nvicSetSystemHandlerPriority
 138              		.thumb
 139              		.thumb_func
 140              		.type	nvicSetSystemHandlerPriority, %function
 141              	nvicSetSystemHandlerPriority:
 142              	.LFB2:
 143              		.loc 1 74 0
 144              		.cfi_startproc
 145              		@ args = 0, pretend = 0, frame = 0
 146              		@ frame_needed = 0, uses_anonymous_args = 0
 147              		@ link register save eliminated.
 148              	.LVL9:
 149              		.loc 1 75 0
 150 0000 00F00303 		and	r3, r0, #3
 151 0004 DB00     		lsls	r3, r3, #3
 152              	.LVL10:
 153              		.loc 1 78 0
 154 0006 FF22     		movs	r2, #255
 155 0008 9A40     		lsls	r2, r2, r3
 156 000a 9940     		lsls	r1, r1, r3
 157              	.LVL11:
 158 000c 20F00300 		bic	r0, r0, #3
 159              	.LVL12:
 160 0010 00F16040 		add	r0, r0, #-536870912
 161 0014 00F56D40 		add	r0, r0, #60672
 162              		.loc 1 77 0
 163 0018 8369     		ldr	r3, [r0, #24]
 164              	.LVL13:
 165 001a 23EA0203 		bic	r3, r3, r2
 166              		.loc 1 78 0
 167 001e 0B43     		orrs	r3, r3, r1
ARM GAS  /tmp/cclwN1MX.s 			page 4


 168              		.loc 1 77 0
 169 0020 8361     		str	r3, [r0, #24]
 170 0022 7047     		bx	lr
 171              		.cfi_endproc
 172              	.LFE2:
 173              		.size	nvicSetSystemHandlerPriority, .-nvicSetSystemHandlerPriority
 174 0024 AFF30080 		.text
 174      AFF30080 
 174      AFF30080 
 175              	.Letext0:
 176              		.file 2 "/usr/include/newlib/machine/_default_types.h"
 177              		.file 3 "/usr/include/newlib/stdint.h"
 178              		.file 4 "../os/ports/common/ARMCMx/nvic.h"
 179              		.section	.debug_info,"",%progbits
 180              	.Ldebug_info0:
 181 0000 FB030000 		.4byte	0x3fb
 182 0004 0400     		.2byte	0x4
 183 0006 00000000 		.4byte	.Ldebug_abbrev0
 184 000a 04       		.byte	0x4
 185 000b 01       		.uleb128 0x1
 186 000c 65010000 		.4byte	.LASF46
 187 0010 01       		.byte	0x1
 188 0011 3B020000 		.4byte	.LASF47
 189 0015 C9000000 		.4byte	.LASF48
 190 0019 00000000 		.4byte	.Ldebug_ranges0+0
 191 001d 00000000 		.4byte	0
 192 0021 00000000 		.4byte	.Ldebug_line0
 193 0025 02       		.uleb128 0x2
 194 0026 04       		.byte	0x4
 195 0027 05       		.byte	0x5
 196 0028 696E7400 		.ascii	"int\000"
 197 002c 03       		.uleb128 0x3
 198 002d 04       		.byte	0x4
 199 002e 07       		.byte	0x7
 200 002f 1F010000 		.4byte	.LASF0
 201 0033 03       		.uleb128 0x3
 202 0034 01       		.byte	0x1
 203 0035 06       		.byte	0x6
 204 0036 A3020000 		.4byte	.LASF1
 205 003a 03       		.uleb128 0x3
 206 003b 01       		.byte	0x1
 207 003c 08       		.byte	0x8
 208 003d 4C000000 		.4byte	.LASF2
 209 0041 03       		.uleb128 0x3
 210 0042 02       		.byte	0x2
 211 0043 05       		.byte	0x5
 212 0044 35000000 		.4byte	.LASF3
 213 0048 03       		.uleb128 0x3
 214 0049 02       		.byte	0x2
 215 004a 07       		.byte	0x7
 216 004b 8A000000 		.4byte	.LASF4
 217 004f 03       		.uleb128 0x3
 218 0050 04       		.byte	0x4
 219 0051 05       		.byte	0x5
 220 0052 95020000 		.4byte	.LASF5
 221 0056 04       		.uleb128 0x4
 222 0057 BE000000 		.4byte	.LASF9
ARM GAS  /tmp/cclwN1MX.s 			page 5


 223 005b 02       		.byte	0x2
 224 005c 41       		.byte	0x41
 225 005d 61000000 		.4byte	0x61
 226 0061 03       		.uleb128 0x3
 227 0062 04       		.byte	0x4
 228 0063 07       		.byte	0x7
 229 0064 A7000000 		.4byte	.LASF6
 230 0068 03       		.uleb128 0x3
 231 0069 08       		.byte	0x8
 232 006a 05       		.byte	0x5
 233 006b 5C020000 		.4byte	.LASF7
 234 006f 03       		.uleb128 0x3
 235 0070 08       		.byte	0x8
 236 0071 07       		.byte	0x7
 237 0072 36010000 		.4byte	.LASF8
 238 0076 04       		.uleb128 0x4
 239 0077 8C020000 		.4byte	.LASF10
 240 007b 03       		.byte	0x3
 241 007c 42       		.byte	0x42
 242 007d 56000000 		.4byte	0x56
 243 0081 03       		.uleb128 0x3
 244 0082 01       		.byte	0x1
 245 0083 02       		.byte	0x2
 246 0084 0F000000 		.4byte	.LASF11
 247 0088 04       		.uleb128 0x4
 248 0089 44000000 		.4byte	.LASF12
 249 008d 04       		.byte	0x4
 250 008e 3A       		.byte	0x3a
 251 008f 93000000 		.4byte	0x93
 252 0093 05       		.uleb128 0x5
 253 0094 76000000 		.4byte	0x76
 254 0098 06       		.uleb128 0x6
 255 0099 040E     		.2byte	0xe04
 256 009b 04       		.byte	0x4
 257 009c 6A       		.byte	0x6a
 258 009d 47010000 		.4byte	0x147
 259 00a1 07       		.uleb128 0x7
 260 00a2 76020000 		.4byte	.LASF13
 261 00a6 04       		.byte	0x4
 262 00a7 6B       		.byte	0x6b
 263 00a8 5E010000 		.4byte	0x15e
 264 00ac 00       		.byte	0
 265 00ad 07       		.uleb128 0x7
 266 00ae 5A000000 		.4byte	.LASF14
 267 00b2 04       		.byte	0x4
 268 00b3 6C       		.byte	0x6c
 269 00b4 73010000 		.4byte	0x173
 270 00b8 20       		.byte	0x20
 271 00b9 07       		.uleb128 0x7
 272 00ba 3F000000 		.4byte	.LASF15
 273 00be 04       		.byte	0x4
 274 00bf 6D       		.byte	0x6d
 275 00c0 78010000 		.4byte	0x178
 276 00c4 80       		.byte	0x80
 277 00c5 07       		.uleb128 0x7
 278 00c6 62000000 		.4byte	.LASF16
 279 00ca 04       		.byte	0x4
ARM GAS  /tmp/cclwN1MX.s 			page 6


 280 00cb 6E       		.byte	0x6e
 281 00cc 7D010000 		.4byte	0x17d
 282 00d0 A0       		.byte	0xa0
 283 00d1 08       		.uleb128 0x8
 284 00d2 2C010000 		.4byte	.LASF17
 285 00d6 04       		.byte	0x4
 286 00d7 6F       		.byte	0x6f
 287 00d8 82010000 		.4byte	0x182
 288 00dc 0001     		.2byte	0x100
 289 00de 08       		.uleb128 0x8
 290 00df 6A000000 		.4byte	.LASF18
 291 00e3 04       		.byte	0x4
 292 00e4 70       		.byte	0x70
 293 00e5 87010000 		.4byte	0x187
 294 00e9 2001     		.2byte	0x120
 295 00eb 08       		.uleb128 0x8
 296 00ec 05000000 		.4byte	.LASF19
 297 00f0 04       		.byte	0x4
 298 00f1 71       		.byte	0x71
 299 00f2 8C010000 		.4byte	0x18c
 300 00f6 8001     		.2byte	0x180
 301 00f8 08       		.uleb128 0x8
 302 00f9 72000000 		.4byte	.LASF20
 303 00fd 04       		.byte	0x4
 304 00fe 72       		.byte	0x72
 305 00ff 91010000 		.4byte	0x191
 306 0103 A001     		.2byte	0x1a0
 307 0105 08       		.uleb128 0x8
 308 0106 CC020000 		.4byte	.LASF21
 309 010a 04       		.byte	0x4
 310 010b 73       		.byte	0x73
 311 010c 96010000 		.4byte	0x196
 312 0110 0002     		.2byte	0x200
 313 0112 08       		.uleb128 0x8
 314 0113 7A000000 		.4byte	.LASF22
 315 0117 04       		.byte	0x4
 316 0118 74       		.byte	0x74
 317 0119 AB010000 		.4byte	0x1ab
 318 011d 2002     		.2byte	0x220
 319 011f 09       		.uleb128 0x9
 320 0120 49505200 		.ascii	"IPR\000"
 321 0124 04       		.byte	0x4
 322 0125 75       		.byte	0x75
 323 0126 C0010000 		.4byte	0x1c0
 324 012a 0003     		.2byte	0x300
 325 012c 08       		.uleb128 0x8
 326 012d 82000000 		.4byte	.LASF23
 327 0131 04       		.byte	0x4
 328 0132 76       		.byte	0x76
 329 0133 D6010000 		.4byte	0x1d6
 330 0137 F003     		.2byte	0x3f0
 331 0139 08       		.uleb128 0x8
 332 013a B9000000 		.4byte	.LASF24
 333 013e 04       		.byte	0x4
 334 013f 77       		.byte	0x77
 335 0140 88000000 		.4byte	0x88
 336 0144 000E     		.2byte	0xe00
ARM GAS  /tmp/cclwN1MX.s 			page 7


 337 0146 00       		.byte	0
 338 0147 0A       		.uleb128 0xa
 339 0148 88000000 		.4byte	0x88
 340 014c 57010000 		.4byte	0x157
 341 0150 0B       		.uleb128 0xb
 342 0151 57010000 		.4byte	0x157
 343 0155 07       		.byte	0x7
 344 0156 00       		.byte	0
 345 0157 03       		.uleb128 0x3
 346 0158 04       		.byte	0x4
 347 0159 07       		.byte	0x7
 348 015a 32020000 		.4byte	.LASF25
 349 015e 05       		.uleb128 0x5
 350 015f 47010000 		.4byte	0x147
 351 0163 0A       		.uleb128 0xa
 352 0164 88000000 		.4byte	0x88
 353 0168 73010000 		.4byte	0x173
 354 016c 0B       		.uleb128 0xb
 355 016d 57010000 		.4byte	0x157
 356 0171 17       		.byte	0x17
 357 0172 00       		.byte	0
 358 0173 05       		.uleb128 0x5
 359 0174 63010000 		.4byte	0x163
 360 0178 05       		.uleb128 0x5
 361 0179 47010000 		.4byte	0x147
 362 017d 05       		.uleb128 0x5
 363 017e 63010000 		.4byte	0x163
 364 0182 05       		.uleb128 0x5
 365 0183 47010000 		.4byte	0x147
 366 0187 05       		.uleb128 0x5
 367 0188 63010000 		.4byte	0x163
 368 018c 05       		.uleb128 0x5
 369 018d 47010000 		.4byte	0x147
 370 0191 05       		.uleb128 0x5
 371 0192 63010000 		.4byte	0x163
 372 0196 05       		.uleb128 0x5
 373 0197 47010000 		.4byte	0x147
 374 019b 0A       		.uleb128 0xa
 375 019c 88000000 		.4byte	0x88
 376 01a0 AB010000 		.4byte	0x1ab
 377 01a4 0B       		.uleb128 0xb
 378 01a5 57010000 		.4byte	0x157
 379 01a9 37       		.byte	0x37
 380 01aa 00       		.byte	0
 381 01ab 05       		.uleb128 0x5
 382 01ac 9B010000 		.4byte	0x19b
 383 01b0 0A       		.uleb128 0xa
 384 01b1 88000000 		.4byte	0x88
 385 01b5 C0010000 		.4byte	0x1c0
 386 01b9 0B       		.uleb128 0xb
 387 01ba 57010000 		.4byte	0x157
 388 01be 3B       		.byte	0x3b
 389 01bf 00       		.byte	0
 390 01c0 05       		.uleb128 0x5
 391 01c1 B0010000 		.4byte	0x1b0
 392 01c5 0A       		.uleb128 0xa
 393 01c6 88000000 		.4byte	0x88
ARM GAS  /tmp/cclwN1MX.s 			page 8


 394 01ca D6010000 		.4byte	0x1d6
 395 01ce 0C       		.uleb128 0xc
 396 01cf 57010000 		.4byte	0x157
 397 01d3 8302     		.2byte	0x283
 398 01d5 00       		.byte	0
 399 01d6 05       		.uleb128 0x5
 400 01d7 C5010000 		.4byte	0x1c5
 401 01db 04       		.uleb128 0x4
 402 01dc 27000000 		.4byte	.LASF26
 403 01e0 04       		.byte	0x4
 404 01e1 78       		.byte	0x78
 405 01e2 98000000 		.4byte	0x98
 406 01e6 0D       		.uleb128 0xd
 407 01e7 8C       		.byte	0x8c
 408 01e8 04       		.byte	0x4
 409 01e9 89       		.byte	0x89
 410 01ea EB020000 		.4byte	0x2eb
 411 01ee 07       		.uleb128 0x7
 412 01ef 6A020000 		.4byte	.LASF27
 413 01f3 04       		.byte	0x4
 414 01f4 8A       		.byte	0x8a
 415 01f5 88000000 		.4byte	0x88
 416 01f9 00       		.byte	0
 417 01fa 07       		.uleb128 0x7
 418 01fb 4D010000 		.4byte	.LASF28
 419 01ff 04       		.byte	0x4
 420 0200 8B       		.byte	0x8b
 421 0201 88000000 		.4byte	0x88
 422 0205 04       		.byte	0x4
 423 0206 07       		.uleb128 0x7
 424 0207 30000000 		.4byte	.LASF29
 425 020b 04       		.byte	0x4
 426 020c 8C       		.byte	0x8c
 427 020d 88000000 		.4byte	0x88
 428 0211 08       		.byte	0x8
 429 0212 07       		.uleb128 0x7
 430 0213 5A010000 		.4byte	.LASF30
 431 0217 04       		.byte	0x4
 432 0218 8D       		.byte	0x8d
 433 0219 88000000 		.4byte	0x88
 434 021d 0C       		.byte	0xc
 435 021e 0E       		.uleb128 0xe
 436 021f 53435200 		.ascii	"SCR\000"
 437 0223 04       		.byte	0x4
 438 0224 8E       		.byte	0x8e
 439 0225 88000000 		.4byte	0x88
 440 0229 10       		.byte	0x10
 441 022a 0E       		.uleb128 0xe
 442 022b 43435200 		.ascii	"CCR\000"
 443 022f 04       		.byte	0x4
 444 0230 8F       		.byte	0x8f
 445 0231 88000000 		.4byte	0x88
 446 0235 14       		.byte	0x14
 447 0236 07       		.uleb128 0x7
 448 0237 9E020000 		.4byte	.LASF31
 449 023b 04       		.byte	0x4
 450 023c 90       		.byte	0x90
ARM GAS  /tmp/cclwN1MX.s 			page 9


 451 023d FB020000 		.4byte	0x2fb
 452 0241 18       		.byte	0x18
 453 0242 07       		.uleb128 0x7
 454 0243 86020000 		.4byte	.LASF32
 455 0247 04       		.byte	0x4
 456 0248 91       		.byte	0x91
 457 0249 88000000 		.4byte	0x88
 458 024d 24       		.byte	0x24
 459 024e 07       		.uleb128 0x7
 460 024f 9D000000 		.4byte	.LASF33
 461 0253 04       		.byte	0x4
 462 0254 92       		.byte	0x92
 463 0255 88000000 		.4byte	0x88
 464 0259 28       		.byte	0x28
 465 025a 07       		.uleb128 0x7
 466 025b A2000000 		.4byte	.LASF34
 467 025f 04       		.byte	0x4
 468 0260 93       		.byte	0x93
 469 0261 88000000 		.4byte	0x88
 470 0265 2C       		.byte	0x2c
 471 0266 07       		.uleb128 0x7
 472 0267 31010000 		.4byte	.LASF35
 473 026b 04       		.byte	0x4
 474 026c 94       		.byte	0x94
 475 026d 88000000 		.4byte	0x88
 476 0271 30       		.byte	0x30
 477 0272 07       		.uleb128 0x7
 478 0273 80020000 		.4byte	.LASF36
 479 0277 04       		.byte	0x4
 480 0278 95       		.byte	0x95
 481 0279 88000000 		.4byte	0x88
 482 027d 34       		.byte	0x34
 483 027e 07       		.uleb128 0x7
 484 027f 60010000 		.4byte	.LASF37
 485 0283 04       		.byte	0x4
 486 0284 96       		.byte	0x96
 487 0285 88000000 		.4byte	0x88
 488 0289 38       		.byte	0x38
 489 028a 07       		.uleb128 0x7
 490 028b 7B020000 		.4byte	.LASF38
 491 028f 04       		.byte	0x4
 492 0290 97       		.byte	0x97
 493 0291 88000000 		.4byte	0x88
 494 0295 3C       		.byte	0x3c
 495 0296 0E       		.uleb128 0xe
 496 0297 50465200 		.ascii	"PFR\000"
 497 029b 04       		.byte	0x4
 498 029c 98       		.byte	0x98
 499 029d 10030000 		.4byte	0x310
 500 02a1 40       		.byte	0x40
 501 02a2 0E       		.uleb128 0xe
 502 02a3 44465200 		.ascii	"DFR\000"
 503 02a7 04       		.byte	0x4
 504 02a8 99       		.byte	0x99
 505 02a9 88000000 		.4byte	0x88
 506 02ad 48       		.byte	0x48
 507 02ae 0E       		.uleb128 0xe
ARM GAS  /tmp/cclwN1MX.s 			page 10


 508 02af 41445200 		.ascii	"ADR\000"
 509 02b3 04       		.byte	0x4
 510 02b4 9A       		.byte	0x9a
 511 02b5 88000000 		.4byte	0x88
 512 02b9 4C       		.byte	0x4c
 513 02ba 07       		.uleb128 0x7
 514 02bb 0A000000 		.4byte	.LASF39
 515 02bf 04       		.byte	0x4
 516 02c0 9B       		.byte	0x9b
 517 02c1 25030000 		.4byte	0x325
 518 02c5 50       		.byte	0x50
 519 02c6 0E       		.uleb128 0xe
 520 02c7 53415200 		.ascii	"SAR\000"
 521 02cb 04       		.byte	0x4
 522 02cc 9C       		.byte	0x9c
 523 02cd 3A030000 		.4byte	0x33a
 524 02d1 60       		.byte	0x60
 525 02d2 07       		.uleb128 0x7
 526 02d3 5A000000 		.4byte	.LASF14
 527 02d7 04       		.byte	0x4
 528 02d8 9D       		.byte	0x9d
 529 02d9 3F030000 		.4byte	0x33f
 530 02dd 74       		.byte	0x74
 531 02de 07       		.uleb128 0x7
 532 02df 70020000 		.4byte	.LASF40
 533 02e3 04       		.byte	0x4
 534 02e4 9E       		.byte	0x9e
 535 02e5 88000000 		.4byte	0x88
 536 02e9 88       		.byte	0x88
 537 02ea 00       		.byte	0
 538 02eb 0A       		.uleb128 0xa
 539 02ec 88000000 		.4byte	0x88
 540 02f0 FB020000 		.4byte	0x2fb
 541 02f4 0B       		.uleb128 0xb
 542 02f5 57010000 		.4byte	0x157
 543 02f9 02       		.byte	0x2
 544 02fa 00       		.byte	0
 545 02fb 05       		.uleb128 0x5
 546 02fc EB020000 		.4byte	0x2eb
 547 0300 0A       		.uleb128 0xa
 548 0301 88000000 		.4byte	0x88
 549 0305 10030000 		.4byte	0x310
 550 0309 0B       		.uleb128 0xb
 551 030a 57010000 		.4byte	0x157
 552 030e 01       		.byte	0x1
 553 030f 00       		.byte	0
 554 0310 05       		.uleb128 0x5
 555 0311 00030000 		.4byte	0x300
 556 0315 0A       		.uleb128 0xa
 557 0316 88000000 		.4byte	0x88
 558 031a 25030000 		.4byte	0x325
 559 031e 0B       		.uleb128 0xb
 560 031f 57010000 		.4byte	0x157
 561 0323 03       		.byte	0x3
 562 0324 00       		.byte	0
 563 0325 05       		.uleb128 0x5
 564 0326 15030000 		.4byte	0x315
ARM GAS  /tmp/cclwN1MX.s 			page 11


 565 032a 0A       		.uleb128 0xa
 566 032b 88000000 		.4byte	0x88
 567 032f 3A030000 		.4byte	0x33a
 568 0333 0B       		.uleb128 0xb
 569 0334 57010000 		.4byte	0x157
 570 0338 04       		.byte	0x4
 571 0339 00       		.byte	0
 572 033a 05       		.uleb128 0x5
 573 033b 2A030000 		.4byte	0x32a
 574 033f 05       		.uleb128 0x5
 575 0340 2A030000 		.4byte	0x32a
 576 0344 04       		.uleb128 0x4
 577 0345 52010000 		.4byte	.LASF41
 578 0349 04       		.byte	0x4
 579 034a 9F       		.byte	0x9f
 580 034b E6010000 		.4byte	0x1e6
 581 034f 0F       		.uleb128 0xf
 582 0350 D1020000 		.4byte	.LASF43
 583 0354 01       		.byte	0x1
 584 0355 2E       		.byte	0x2e
 585 0356 00000000 		.4byte	.LFB0
 586 035a 46000000 		.4byte	.LFE0-.LFB0
 587 035e 01       		.uleb128 0x1
 588 035f 9C       		.byte	0x9c
 589 0360 8F030000 		.4byte	0x38f
 590 0364 10       		.uleb128 0x10
 591 0365 6E00     		.ascii	"n\000"
 592 0367 01       		.byte	0x1
 593 0368 2E       		.byte	0x2e
 594 0369 76000000 		.4byte	0x76
 595 036d 00000000 		.4byte	.LLST0
 596 0371 11       		.uleb128 0x11
 597 0372 00000000 		.4byte	.LASF42
 598 0376 01       		.byte	0x1
 599 0377 2E       		.byte	0x2e
 600 0378 76000000 		.4byte	0x76
 601 037c 21000000 		.4byte	.LLST1
 602 0380 12       		.uleb128 0x12
 603 0381 736800   		.ascii	"sh\000"
 604 0384 01       		.byte	0x1
 605 0385 2F       		.byte	0x2f
 606 0386 2C000000 		.4byte	0x2c
 607 038a 42000000 		.4byte	.LLST2
 608 038e 00       		.byte	0
 609 038f 0F       		.uleb128 0xf
 610 0390 15000000 		.4byte	.LASF44
 611 0394 01       		.byte	0x1
 612 0395 3C       		.byte	0x3c
 613 0396 00000000 		.4byte	.LFB1
 614 039a 44000000 		.4byte	.LFE1-.LFB1
 615 039e 01       		.uleb128 0x1
 616 039f 9C       		.byte	0x9c
 617 03a0 C0030000 		.4byte	0x3c0
 618 03a4 10       		.uleb128 0x10
 619 03a5 6E00     		.ascii	"n\000"
 620 03a7 01       		.byte	0x1
 621 03a8 3C       		.byte	0x3c
ARM GAS  /tmp/cclwN1MX.s 			page 12


 622 03a9 76000000 		.4byte	0x76
 623 03ad 89000000 		.4byte	.LLST3
 624 03b1 12       		.uleb128 0x12
 625 03b2 736800   		.ascii	"sh\000"
 626 03b5 01       		.byte	0x1
 627 03b6 3D       		.byte	0x3d
 628 03b7 2C000000 		.4byte	0x2c
 629 03bb AA000000 		.4byte	.LLST4
 630 03bf 00       		.byte	0
 631 03c0 13       		.uleb128 0x13
 632 03c1 AF020000 		.4byte	.LASF49
 633 03c5 01       		.byte	0x1
 634 03c6 4A       		.byte	0x4a
 635 03c7 00000000 		.4byte	.LFB2
 636 03cb 24000000 		.4byte	.LFE2-.LFB2
 637 03cf 01       		.uleb128 0x1
 638 03d0 9C       		.byte	0x9c
 639 03d1 11       		.uleb128 0x11
 640 03d2 2A020000 		.4byte	.LASF45
 641 03d6 01       		.byte	0x1
 642 03d7 4A       		.byte	0x4a
 643 03d8 76000000 		.4byte	0x76
 644 03dc F1000000 		.4byte	.LLST5
 645 03e0 11       		.uleb128 0x11
 646 03e1 00000000 		.4byte	.LASF42
 647 03e5 01       		.byte	0x1
 648 03e6 4A       		.byte	0x4a
 649 03e7 76000000 		.4byte	0x76
 650 03eb 12010000 		.4byte	.LLST6
 651 03ef 12       		.uleb128 0x12
 652 03f0 736800   		.ascii	"sh\000"
 653 03f3 01       		.byte	0x1
 654 03f4 4B       		.byte	0x4b
 655 03f5 2C000000 		.4byte	0x2c
 656 03f9 33010000 		.4byte	.LLST7
 657 03fd 00       		.byte	0
 658 03fe 00       		.byte	0
 659              		.section	.debug_abbrev,"",%progbits
 660              	.Ldebug_abbrev0:
 661 0000 01       		.uleb128 0x1
 662 0001 11       		.uleb128 0x11
 663 0002 01       		.byte	0x1
 664 0003 25       		.uleb128 0x25
 665 0004 0E       		.uleb128 0xe
 666 0005 13       		.uleb128 0x13
 667 0006 0B       		.uleb128 0xb
 668 0007 03       		.uleb128 0x3
 669 0008 0E       		.uleb128 0xe
 670 0009 1B       		.uleb128 0x1b
 671 000a 0E       		.uleb128 0xe
 672 000b 55       		.uleb128 0x55
 673 000c 17       		.uleb128 0x17
 674 000d 11       		.uleb128 0x11
 675 000e 01       		.uleb128 0x1
 676 000f 10       		.uleb128 0x10
 677 0010 17       		.uleb128 0x17
 678 0011 00       		.byte	0
ARM GAS  /tmp/cclwN1MX.s 			page 13


 679 0012 00       		.byte	0
 680 0013 02       		.uleb128 0x2
 681 0014 24       		.uleb128 0x24
 682 0015 00       		.byte	0
 683 0016 0B       		.uleb128 0xb
 684 0017 0B       		.uleb128 0xb
 685 0018 3E       		.uleb128 0x3e
 686 0019 0B       		.uleb128 0xb
 687 001a 03       		.uleb128 0x3
 688 001b 08       		.uleb128 0x8
 689 001c 00       		.byte	0
 690 001d 00       		.byte	0
 691 001e 03       		.uleb128 0x3
 692 001f 24       		.uleb128 0x24
 693 0020 00       		.byte	0
 694 0021 0B       		.uleb128 0xb
 695 0022 0B       		.uleb128 0xb
 696 0023 3E       		.uleb128 0x3e
 697 0024 0B       		.uleb128 0xb
 698 0025 03       		.uleb128 0x3
 699 0026 0E       		.uleb128 0xe
 700 0027 00       		.byte	0
 701 0028 00       		.byte	0
 702 0029 04       		.uleb128 0x4
 703 002a 16       		.uleb128 0x16
 704 002b 00       		.byte	0
 705 002c 03       		.uleb128 0x3
 706 002d 0E       		.uleb128 0xe
 707 002e 3A       		.uleb128 0x3a
 708 002f 0B       		.uleb128 0xb
 709 0030 3B       		.uleb128 0x3b
 710 0031 0B       		.uleb128 0xb
 711 0032 49       		.uleb128 0x49
 712 0033 13       		.uleb128 0x13
 713 0034 00       		.byte	0
 714 0035 00       		.byte	0
 715 0036 05       		.uleb128 0x5
 716 0037 35       		.uleb128 0x35
 717 0038 00       		.byte	0
 718 0039 49       		.uleb128 0x49
 719 003a 13       		.uleb128 0x13
 720 003b 00       		.byte	0
 721 003c 00       		.byte	0
 722 003d 06       		.uleb128 0x6
 723 003e 13       		.uleb128 0x13
 724 003f 01       		.byte	0x1
 725 0040 0B       		.uleb128 0xb
 726 0041 05       		.uleb128 0x5
 727 0042 3A       		.uleb128 0x3a
 728 0043 0B       		.uleb128 0xb
 729 0044 3B       		.uleb128 0x3b
 730 0045 0B       		.uleb128 0xb
 731 0046 01       		.uleb128 0x1
 732 0047 13       		.uleb128 0x13
 733 0048 00       		.byte	0
 734 0049 00       		.byte	0
 735 004a 07       		.uleb128 0x7
ARM GAS  /tmp/cclwN1MX.s 			page 14


 736 004b 0D       		.uleb128 0xd
 737 004c 00       		.byte	0
 738 004d 03       		.uleb128 0x3
 739 004e 0E       		.uleb128 0xe
 740 004f 3A       		.uleb128 0x3a
 741 0050 0B       		.uleb128 0xb
 742 0051 3B       		.uleb128 0x3b
 743 0052 0B       		.uleb128 0xb
 744 0053 49       		.uleb128 0x49
 745 0054 13       		.uleb128 0x13
 746 0055 38       		.uleb128 0x38
 747 0056 0B       		.uleb128 0xb
 748 0057 00       		.byte	0
 749 0058 00       		.byte	0
 750 0059 08       		.uleb128 0x8
 751 005a 0D       		.uleb128 0xd
 752 005b 00       		.byte	0
 753 005c 03       		.uleb128 0x3
 754 005d 0E       		.uleb128 0xe
 755 005e 3A       		.uleb128 0x3a
 756 005f 0B       		.uleb128 0xb
 757 0060 3B       		.uleb128 0x3b
 758 0061 0B       		.uleb128 0xb
 759 0062 49       		.uleb128 0x49
 760 0063 13       		.uleb128 0x13
 761 0064 38       		.uleb128 0x38
 762 0065 05       		.uleb128 0x5
 763 0066 00       		.byte	0
 764 0067 00       		.byte	0
 765 0068 09       		.uleb128 0x9
 766 0069 0D       		.uleb128 0xd
 767 006a 00       		.byte	0
 768 006b 03       		.uleb128 0x3
 769 006c 08       		.uleb128 0x8
 770 006d 3A       		.uleb128 0x3a
 771 006e 0B       		.uleb128 0xb
 772 006f 3B       		.uleb128 0x3b
 773 0070 0B       		.uleb128 0xb
 774 0071 49       		.uleb128 0x49
 775 0072 13       		.uleb128 0x13
 776 0073 38       		.uleb128 0x38
 777 0074 05       		.uleb128 0x5
 778 0075 00       		.byte	0
 779 0076 00       		.byte	0
 780 0077 0A       		.uleb128 0xa
 781 0078 01       		.uleb128 0x1
 782 0079 01       		.byte	0x1
 783 007a 49       		.uleb128 0x49
 784 007b 13       		.uleb128 0x13
 785 007c 01       		.uleb128 0x1
 786 007d 13       		.uleb128 0x13
 787 007e 00       		.byte	0
 788 007f 00       		.byte	0
 789 0080 0B       		.uleb128 0xb
 790 0081 21       		.uleb128 0x21
 791 0082 00       		.byte	0
 792 0083 49       		.uleb128 0x49
ARM GAS  /tmp/cclwN1MX.s 			page 15


 793 0084 13       		.uleb128 0x13
 794 0085 2F       		.uleb128 0x2f
 795 0086 0B       		.uleb128 0xb
 796 0087 00       		.byte	0
 797 0088 00       		.byte	0
 798 0089 0C       		.uleb128 0xc
 799 008a 21       		.uleb128 0x21
 800 008b 00       		.byte	0
 801 008c 49       		.uleb128 0x49
 802 008d 13       		.uleb128 0x13
 803 008e 2F       		.uleb128 0x2f
 804 008f 05       		.uleb128 0x5
 805 0090 00       		.byte	0
 806 0091 00       		.byte	0
 807 0092 0D       		.uleb128 0xd
 808 0093 13       		.uleb128 0x13
 809 0094 01       		.byte	0x1
 810 0095 0B       		.uleb128 0xb
 811 0096 0B       		.uleb128 0xb
 812 0097 3A       		.uleb128 0x3a
 813 0098 0B       		.uleb128 0xb
 814 0099 3B       		.uleb128 0x3b
 815 009a 0B       		.uleb128 0xb
 816 009b 01       		.uleb128 0x1
 817 009c 13       		.uleb128 0x13
 818 009d 00       		.byte	0
 819 009e 00       		.byte	0
 820 009f 0E       		.uleb128 0xe
 821 00a0 0D       		.uleb128 0xd
 822 00a1 00       		.byte	0
 823 00a2 03       		.uleb128 0x3
 824 00a3 08       		.uleb128 0x8
 825 00a4 3A       		.uleb128 0x3a
 826 00a5 0B       		.uleb128 0xb
 827 00a6 3B       		.uleb128 0x3b
 828 00a7 0B       		.uleb128 0xb
 829 00a8 49       		.uleb128 0x49
 830 00a9 13       		.uleb128 0x13
 831 00aa 38       		.uleb128 0x38
 832 00ab 0B       		.uleb128 0xb
 833 00ac 00       		.byte	0
 834 00ad 00       		.byte	0
 835 00ae 0F       		.uleb128 0xf
 836 00af 2E       		.uleb128 0x2e
 837 00b0 01       		.byte	0x1
 838 00b1 3F       		.uleb128 0x3f
 839 00b2 19       		.uleb128 0x19
 840 00b3 03       		.uleb128 0x3
 841 00b4 0E       		.uleb128 0xe
 842 00b5 3A       		.uleb128 0x3a
 843 00b6 0B       		.uleb128 0xb
 844 00b7 3B       		.uleb128 0x3b
 845 00b8 0B       		.uleb128 0xb
 846 00b9 27       		.uleb128 0x27
 847 00ba 19       		.uleb128 0x19
 848 00bb 11       		.uleb128 0x11
 849 00bc 01       		.uleb128 0x1
ARM GAS  /tmp/cclwN1MX.s 			page 16


 850 00bd 12       		.uleb128 0x12
 851 00be 06       		.uleb128 0x6
 852 00bf 40       		.uleb128 0x40
 853 00c0 18       		.uleb128 0x18
 854 00c1 9742     		.uleb128 0x2117
 855 00c3 19       		.uleb128 0x19
 856 00c4 01       		.uleb128 0x1
 857 00c5 13       		.uleb128 0x13
 858 00c6 00       		.byte	0
 859 00c7 00       		.byte	0
 860 00c8 10       		.uleb128 0x10
 861 00c9 05       		.uleb128 0x5
 862 00ca 00       		.byte	0
 863 00cb 03       		.uleb128 0x3
 864 00cc 08       		.uleb128 0x8
 865 00cd 3A       		.uleb128 0x3a
 866 00ce 0B       		.uleb128 0xb
 867 00cf 3B       		.uleb128 0x3b
 868 00d0 0B       		.uleb128 0xb
 869 00d1 49       		.uleb128 0x49
 870 00d2 13       		.uleb128 0x13
 871 00d3 02       		.uleb128 0x2
 872 00d4 17       		.uleb128 0x17
 873 00d5 00       		.byte	0
 874 00d6 00       		.byte	0
 875 00d7 11       		.uleb128 0x11
 876 00d8 05       		.uleb128 0x5
 877 00d9 00       		.byte	0
 878 00da 03       		.uleb128 0x3
 879 00db 0E       		.uleb128 0xe
 880 00dc 3A       		.uleb128 0x3a
 881 00dd 0B       		.uleb128 0xb
 882 00de 3B       		.uleb128 0x3b
 883 00df 0B       		.uleb128 0xb
 884 00e0 49       		.uleb128 0x49
 885 00e1 13       		.uleb128 0x13
 886 00e2 02       		.uleb128 0x2
 887 00e3 17       		.uleb128 0x17
 888 00e4 00       		.byte	0
 889 00e5 00       		.byte	0
 890 00e6 12       		.uleb128 0x12
 891 00e7 34       		.uleb128 0x34
 892 00e8 00       		.byte	0
 893 00e9 03       		.uleb128 0x3
 894 00ea 08       		.uleb128 0x8
 895 00eb 3A       		.uleb128 0x3a
 896 00ec 0B       		.uleb128 0xb
 897 00ed 3B       		.uleb128 0x3b
 898 00ee 0B       		.uleb128 0xb
 899 00ef 49       		.uleb128 0x49
 900 00f0 13       		.uleb128 0x13
 901 00f1 02       		.uleb128 0x2
 902 00f2 17       		.uleb128 0x17
 903 00f3 00       		.byte	0
 904 00f4 00       		.byte	0
 905 00f5 13       		.uleb128 0x13
 906 00f6 2E       		.uleb128 0x2e
ARM GAS  /tmp/cclwN1MX.s 			page 17


 907 00f7 01       		.byte	0x1
 908 00f8 3F       		.uleb128 0x3f
 909 00f9 19       		.uleb128 0x19
 910 00fa 03       		.uleb128 0x3
 911 00fb 0E       		.uleb128 0xe
 912 00fc 3A       		.uleb128 0x3a
 913 00fd 0B       		.uleb128 0xb
 914 00fe 3B       		.uleb128 0x3b
 915 00ff 0B       		.uleb128 0xb
 916 0100 27       		.uleb128 0x27
 917 0101 19       		.uleb128 0x19
 918 0102 11       		.uleb128 0x11
 919 0103 01       		.uleb128 0x1
 920 0104 12       		.uleb128 0x12
 921 0105 06       		.uleb128 0x6
 922 0106 40       		.uleb128 0x40
 923 0107 18       		.uleb128 0x18
 924 0108 9742     		.uleb128 0x2117
 925 010a 19       		.uleb128 0x19
 926 010b 00       		.byte	0
 927 010c 00       		.byte	0
 928 010d 00       		.byte	0
 929              		.section	.debug_loc,"",%progbits
 930              	.Ldebug_loc0:
 931              	.LLST0:
 932 0000 00000000 		.4byte	.LVL0
 933 0004 28000000 		.4byte	.LVL4
 934 0008 0100     		.2byte	0x1
 935 000a 50       		.byte	0x50
 936 000b 28000000 		.4byte	.LVL4
 937 000f 46000000 		.4byte	.LFE0
 938 0013 0400     		.2byte	0x4
 939 0015 F3       		.byte	0xf3
 940 0016 01       		.uleb128 0x1
 941 0017 50       		.byte	0x50
 942 0018 9F       		.byte	0x9f
 943 0019 00000000 		.4byte	0
 944 001d 00000000 		.4byte	0
 945              	.LLST1:
 946 0021 00000000 		.4byte	.LVL0
 947 0025 0E000000 		.4byte	.LVL2
 948 0029 0100     		.2byte	0x1
 949 002b 51       		.byte	0x51
 950 002c 0E000000 		.4byte	.LVL2
 951 0030 46000000 		.4byte	.LFE0
 952 0034 0400     		.2byte	0x4
 953 0036 F3       		.byte	0xf3
 954 0037 01       		.uleb128 0x1
 955 0038 51       		.byte	0x51
 956 0039 9F       		.byte	0x9f
 957 003a 00000000 		.4byte	0
 958 003e 00000000 		.4byte	0
 959              	.LLST2:
 960 0042 00000000 		.4byte	.LVL0
 961 0046 08000000 		.4byte	.LVL1
 962 004a 0700     		.2byte	0x7
 963 004c 70       		.byte	0x70
ARM GAS  /tmp/cclwN1MX.s 			page 18


 964 004d 00       		.sleb128 0
 965 004e 33       		.byte	0x33
 966 004f 1A       		.byte	0x1a
 967 0050 33       		.byte	0x33
 968 0051 24       		.byte	0x24
 969 0052 9F       		.byte	0x9f
 970 0053 08000000 		.4byte	.LVL1
 971 0057 14000000 		.4byte	.LVL3
 972 005b 0100     		.2byte	0x1
 973 005d 53       		.byte	0x53
 974 005e 14000000 		.4byte	.LVL3
 975 0062 28000000 		.4byte	.LVL4
 976 0066 0700     		.2byte	0x7
 977 0068 70       		.byte	0x70
 978 0069 00       		.sleb128 0
 979 006a 33       		.byte	0x33
 980 006b 1A       		.byte	0x1a
 981 006c 33       		.byte	0x33
 982 006d 24       		.byte	0x24
 983 006e 9F       		.byte	0x9f
 984 006f 28000000 		.4byte	.LVL4
 985 0073 46000000 		.4byte	.LFE0
 986 0077 0800     		.2byte	0x8
 987 0079 F3       		.byte	0xf3
 988 007a 01       		.uleb128 0x1
 989 007b 50       		.byte	0x50
 990 007c 33       		.byte	0x33
 991 007d 1A       		.byte	0x1a
 992 007e 33       		.byte	0x33
 993 007f 24       		.byte	0x24
 994 0080 9F       		.byte	0x9f
 995 0081 00000000 		.4byte	0
 996 0085 00000000 		.4byte	0
 997              	.LLST3:
 998 0089 00000000 		.4byte	.LVL5
 999 008d 1E000000 		.4byte	.LVL8
 1000 0091 0100     		.2byte	0x1
 1001 0093 50       		.byte	0x50
 1002 0094 1E000000 		.4byte	.LVL8
 1003 0098 44000000 		.4byte	.LFE1
 1004 009c 0400     		.2byte	0x4
 1005 009e F3       		.byte	0xf3
 1006 009f 01       		.uleb128 0x1
 1007 00a0 50       		.byte	0x50
 1008 00a1 9F       		.byte	0x9f
 1009 00a2 00000000 		.4byte	0
 1010 00a6 00000000 		.4byte	0
 1011              	.LLST4:
 1012 00aa 00000000 		.4byte	.LVL5
 1013 00ae 12000000 		.4byte	.LVL6
 1014 00b2 0700     		.2byte	0x7
 1015 00b4 70       		.byte	0x70
 1016 00b5 00       		.sleb128 0
 1017 00b6 33       		.byte	0x33
 1018 00b7 1A       		.byte	0x1a
 1019 00b8 33       		.byte	0x33
 1020 00b9 24       		.byte	0x24
ARM GAS  /tmp/cclwN1MX.s 			page 19


 1021 00ba 9F       		.byte	0x9f
 1022 00bb 12000000 		.4byte	.LVL6
 1023 00bf 16000000 		.4byte	.LVL7
 1024 00c3 0100     		.2byte	0x1
 1025 00c5 53       		.byte	0x53
 1026 00c6 16000000 		.4byte	.LVL7
 1027 00ca 1E000000 		.4byte	.LVL8
 1028 00ce 0700     		.2byte	0x7
 1029 00d0 70       		.byte	0x70
 1030 00d1 00       		.sleb128 0
 1031 00d2 33       		.byte	0x33
 1032 00d3 1A       		.byte	0x1a
 1033 00d4 33       		.byte	0x33
 1034 00d5 24       		.byte	0x24
 1035 00d6 9F       		.byte	0x9f
 1036 00d7 1E000000 		.4byte	.LVL8
 1037 00db 44000000 		.4byte	.LFE1
 1038 00df 0800     		.2byte	0x8
 1039 00e1 F3       		.byte	0xf3
 1040 00e2 01       		.uleb128 0x1
 1041 00e3 50       		.byte	0x50
 1042 00e4 33       		.byte	0x33
 1043 00e5 1A       		.byte	0x1a
 1044 00e6 33       		.byte	0x33
 1045 00e7 24       		.byte	0x24
 1046 00e8 9F       		.byte	0x9f
 1047 00e9 00000000 		.4byte	0
 1048 00ed 00000000 		.4byte	0
 1049              	.LLST5:
 1050 00f1 00000000 		.4byte	.LVL9
 1051 00f5 10000000 		.4byte	.LVL12
 1052 00f9 0100     		.2byte	0x1
 1053 00fb 50       		.byte	0x50
 1054 00fc 10000000 		.4byte	.LVL12
 1055 0100 24000000 		.4byte	.LFE2
 1056 0104 0400     		.2byte	0x4
 1057 0106 F3       		.byte	0xf3
 1058 0107 01       		.uleb128 0x1
 1059 0108 50       		.byte	0x50
 1060 0109 9F       		.byte	0x9f
 1061 010a 00000000 		.4byte	0
 1062 010e 00000000 		.4byte	0
 1063              	.LLST6:
 1064 0112 00000000 		.4byte	.LVL9
 1065 0116 0C000000 		.4byte	.LVL11
 1066 011a 0100     		.2byte	0x1
 1067 011c 51       		.byte	0x51
 1068 011d 0C000000 		.4byte	.LVL11
 1069 0121 24000000 		.4byte	.LFE2
 1070 0125 0400     		.2byte	0x4
 1071 0127 F3       		.byte	0xf3
 1072 0128 01       		.uleb128 0x1
 1073 0129 51       		.byte	0x51
 1074 012a 9F       		.byte	0x9f
 1075 012b 00000000 		.4byte	0
 1076 012f 00000000 		.4byte	0
 1077              	.LLST7:
ARM GAS  /tmp/cclwN1MX.s 			page 20


 1078 0133 00000000 		.4byte	.LVL9
 1079 0137 06000000 		.4byte	.LVL10
 1080 013b 0700     		.2byte	0x7
 1081 013d 70       		.byte	0x70
 1082 013e 00       		.sleb128 0
 1083 013f 33       		.byte	0x33
 1084 0140 1A       		.byte	0x1a
 1085 0141 33       		.byte	0x33
 1086 0142 24       		.byte	0x24
 1087 0143 9F       		.byte	0x9f
 1088 0144 06000000 		.4byte	.LVL10
 1089 0148 1A000000 		.4byte	.LVL13
 1090 014c 0100     		.2byte	0x1
 1091 014e 53       		.byte	0x53
 1092 014f 1A000000 		.4byte	.LVL13
 1093 0153 24000000 		.4byte	.LFE2
 1094 0157 0800     		.2byte	0x8
 1095 0159 F3       		.byte	0xf3
 1096 015a 01       		.uleb128 0x1
 1097 015b 50       		.byte	0x50
 1098 015c 33       		.byte	0x33
 1099 015d 1A       		.byte	0x1a
 1100 015e 33       		.byte	0x33
 1101 015f 24       		.byte	0x24
 1102 0160 9F       		.byte	0x9f
 1103 0161 00000000 		.4byte	0
 1104 0165 00000000 		.4byte	0
 1105              		.section	.debug_aranges,"",%progbits
 1106 0000 2C000000 		.4byte	0x2c
 1107 0004 0200     		.2byte	0x2
 1108 0006 00000000 		.4byte	.Ldebug_info0
 1109 000a 04       		.byte	0x4
 1110 000b 00       		.byte	0
 1111 000c 0000     		.2byte	0
 1112 000e 0000     		.2byte	0
 1113 0010 00000000 		.4byte	.LFB0
 1114 0014 46000000 		.4byte	.LFE0-.LFB0
 1115 0018 00000000 		.4byte	.LFB1
 1116 001c 44000000 		.4byte	.LFE1-.LFB1
 1117 0020 00000000 		.4byte	.LFB2
 1118 0024 24000000 		.4byte	.LFE2-.LFB2
 1119 0028 00000000 		.4byte	0
 1120 002c 00000000 		.4byte	0
 1121              		.section	.debug_ranges,"",%progbits
 1122              	.Ldebug_ranges0:
 1123 0000 00000000 		.4byte	.LFB0
 1124 0004 46000000 		.4byte	.LFE0
 1125 0008 00000000 		.4byte	.LFB1
 1126 000c 44000000 		.4byte	.LFE1
 1127 0010 00000000 		.4byte	.LFB2
 1128 0014 24000000 		.4byte	.LFE2
 1129 0018 00000000 		.4byte	0
 1130 001c 00000000 		.4byte	0
 1131              		.section	.debug_line,"",%progbits
 1132              	.Ldebug_line0:
 1133 0000 DD000000 		.section	.debug_str,"MS",%progbits,1
 1133      02009100 
ARM GAS  /tmp/cclwN1MX.s 			page 21


 1133      00000201 
 1133      FB0E0D00 
 1133      01010101 
 1134              	.LASF42:
 1135 0000 7072696F 		.ascii	"prio\000"
 1135      00
 1136              	.LASF19:
 1137 0005 49435052 		.ascii	"ICPR\000"
 1137      00
 1138              	.LASF39:
 1139 000a 4D4D4652 		.ascii	"MMFR\000"
 1139      00
 1140              	.LASF11:
 1141 000f 5F426F6F 		.ascii	"_Bool\000"
 1141      6C00
 1142              	.LASF44:
 1143 0015 6E766963 		.ascii	"nvicDisableVector\000"
 1143      44697361 
 1143      626C6556 
 1143      6563746F 
 1143      7200
 1144              	.LASF26:
 1145 0027 434D785F 		.ascii	"CMx_NVIC\000"
 1145      4E564943 
 1145      00
 1146              	.LASF29:
 1147 0030 56544F52 		.ascii	"VTOR\000"
 1147      00
 1148              	.LASF3:
 1149 0035 73686F72 		.ascii	"short int\000"
 1149      7420696E 
 1149      7400
 1150              	.LASF15:
 1151 003f 49434552 		.ascii	"ICER\000"
 1151      00
 1152              	.LASF12:
 1153 0044 494F5245 		.ascii	"IOREG32\000"
 1153      47333200 
 1154              	.LASF2:
 1155 004c 756E7369 		.ascii	"unsigned char\000"
 1155      676E6564 
 1155      20636861 
 1155      7200
 1156              	.LASF14:
 1157 005a 756E7573 		.ascii	"unused1\000"
 1157      65643100 
 1158              	.LASF16:
 1159 0062 756E7573 		.ascii	"unused2\000"
 1159      65643200 
 1160              	.LASF18:
 1161 006a 756E7573 		.ascii	"unused3\000"
 1161      65643300 
 1162              	.LASF20:
 1163 0072 756E7573 		.ascii	"unused4\000"
 1163      65643400 
 1164              	.LASF22:
 1165 007a 756E7573 		.ascii	"unused5\000"
ARM GAS  /tmp/cclwN1MX.s 			page 22


 1165      65643500 
 1166              	.LASF23:
 1167 0082 756E7573 		.ascii	"unused6\000"
 1167      65643600 
 1168              	.LASF4:
 1169 008a 73686F72 		.ascii	"short unsigned int\000"
 1169      7420756E 
 1169      7369676E 
 1169      65642069 
 1169      6E7400
 1170              	.LASF33:
 1171 009d 43465352 		.ascii	"CFSR\000"
 1171      00
 1172              	.LASF34:
 1173 00a2 48465352 		.ascii	"HFSR\000"
 1173      00
 1174              	.LASF6:
 1175 00a7 6C6F6E67 		.ascii	"long unsigned int\000"
 1175      20756E73 
 1175      69676E65 
 1175      6420696E 
 1175      7400
 1176              	.LASF24:
 1177 00b9 53544952 		.ascii	"STIR\000"
 1177      00
 1178              	.LASF9:
 1179 00be 5F5F7569 		.ascii	"__uint32_t\000"
 1179      6E743332 
 1179      5F7400
 1180              	.LASF48:
 1181 00c9 2F686F6D 		.ascii	"/home/dltech-deb/gdrive/Projects/RFM_to_Modbus_TCP/"
 1181      652F646C 
 1181      74656368 
 1181      2D646562 
 1181      2F676472 
 1182 00fc 43686962 		.ascii	"ChibiOS/F103_ChibiOS_ENC60J28/main\000"
 1182      694F532F 
 1182      46313033 
 1182      5F436869 
 1182      62694F53 
 1183              	.LASF0:
 1184 011f 756E7369 		.ascii	"unsigned int\000"
 1184      676E6564 
 1184      20696E74 
 1184      00
 1185              	.LASF17:
 1186 012c 49535052 		.ascii	"ISPR\000"
 1186      00
 1187              	.LASF35:
 1188 0131 44465352 		.ascii	"DFSR\000"
 1188      00
 1189              	.LASF8:
 1190 0136 6C6F6E67 		.ascii	"long long unsigned int\000"
 1190      206C6F6E 
 1190      6720756E 
 1190      7369676E 
 1190      65642069 
ARM GAS  /tmp/cclwN1MX.s 			page 23


 1191              	.LASF28:
 1192 014d 49435352 		.ascii	"ICSR\000"
 1192      00
 1193              	.LASF41:
 1194 0152 434D785F 		.ascii	"CMx_SCB\000"
 1194      53434200 
 1195              	.LASF30:
 1196 015a 41495243 		.ascii	"AIRCR\000"
 1196      5200
 1197              	.LASF37:
 1198 0160 42464152 		.ascii	"BFAR\000"
 1198      00
 1199              	.LASF46:
 1200 0165 474E5520 		.ascii	"GNU C 4.8.4 20141219 (release) -mcpu=cortex-m3 -mno"
 1200      4320342E 
 1200      382E3420 
 1200      32303134 
 1200      31323139 
 1201 0198 2D746875 		.ascii	"-thumb-interwork -mthumb -ggdb -O2 -fomit-frame-poi"
 1201      6D622D69 
 1201      6E746572 
 1201      776F726B 
 1201      202D6D74 
 1202 01cb 6E746572 		.ascii	"nter -falign-functions=16 -ffunction-sections -fdat"
 1202      202D6661 
 1202      6C69676E 
 1202      2D66756E 
 1202      6374696F 
 1203 01fe 612D7365 		.ascii	"a-sections -fno-common -fno-strict-aliasing\000"
 1203      6374696F 
 1203      6E73202D 
 1203      666E6F2D 
 1203      636F6D6D 
 1204              	.LASF45:
 1205 022a 68616E64 		.ascii	"handler\000"
 1205      6C657200 
 1206              	.LASF25:
 1207 0232 73697A65 		.ascii	"sizetype\000"
 1207      74797065 
 1207      00
 1208              	.LASF47:
 1209 023b 2E2E2F6F 		.ascii	"../os/ports/common/ARMCMx/nvic.c\000"
 1209      732F706F 
 1209      7274732F 
 1209      636F6D6D 
 1209      6F6E2F41 
 1210              	.LASF7:
 1211 025c 6C6F6E67 		.ascii	"long long int\000"
 1211      206C6F6E 
 1211      6720696E 
 1211      7400
 1212              	.LASF27:
 1213 026a 43505549 		.ascii	"CPUID\000"
 1213      4400
 1214              	.LASF40:
 1215 0270 43504143 		.ascii	"CPACR\000"
 1215      5200
ARM GAS  /tmp/cclwN1MX.s 			page 24


 1216              	.LASF13:
 1217 0276 49534552 		.ascii	"ISER\000"
 1217      00
 1218              	.LASF38:
 1219 027b 41465352 		.ascii	"AFSR\000"
 1219      00
 1220              	.LASF36:
 1221 0280 4D4D4641 		.ascii	"MMFAR\000"
 1221      5200
 1222              	.LASF32:
 1223 0286 53484353 		.ascii	"SHCSR\000"
 1223      5200
 1224              	.LASF10:
 1225 028c 75696E74 		.ascii	"uint32_t\000"
 1225      33325F74 
 1225      00
 1226              	.LASF5:
 1227 0295 6C6F6E67 		.ascii	"long int\000"
 1227      20696E74 
 1227      00
 1228              	.LASF31:
 1229 029e 53485052 		.ascii	"SHPR\000"
 1229      00
 1230              	.LASF1:
 1231 02a3 7369676E 		.ascii	"signed char\000"
 1231      65642063 
 1231      68617200 
 1232              	.LASF49:
 1233 02af 6E766963 		.ascii	"nvicSetSystemHandlerPriority\000"
 1233      53657453 
 1233      79737465 
 1233      6D48616E 
 1233      646C6572 
 1234              	.LASF21:
 1235 02cc 49414252 		.ascii	"IABR\000"
 1235      00
 1236              	.LASF43:
 1237 02d1 6E766963 		.ascii	"nvicEnableVector\000"
 1237      456E6162 
 1237      6C655665 
 1237      63746F72 
 1237      00
 1238              		.ident	"GCC: (4.8.4-1+11-1) 4.8.4 20141219 (release)"
ARM GAS  /tmp/cclwN1MX.s 			page 25


DEFINED SYMBOLS
                            *ABS*:0000000000000000 nvic.c
     /tmp/cclwN1MX.s:19     .text.nvicEnableVector:0000000000000000 $t
     /tmp/cclwN1MX.s:25     .text.nvicEnableVector:0000000000000000 nvicEnableVector
     /tmp/cclwN1MX.s:80     .text.nvicDisableVector:0000000000000000 $t
     /tmp/cclwN1MX.s:86     .text.nvicDisableVector:0000000000000000 nvicDisableVector
     /tmp/cclwN1MX.s:130    .text.nvicDisableVector:0000000000000040 $d
     /tmp/cclwN1MX.s:135    .text.nvicSetSystemHandlerPriority:0000000000000000 $t
     /tmp/cclwN1MX.s:141    .text.nvicSetSystemHandlerPriority:0000000000000000 nvicSetSystemHandlerPriority
                     .debug_frame:0000000000000010 $d
     /tmp/cclwN1MX.s:134    .text.nvicDisableVector:0000000000000044 $t

NO UNDEFINED SYMBOLS
