ARM GAS  /tmp/ccPTNDFx.s 			page 1


   1              		.syntax unified
   2              		.cpu cortex-m3
   3              		.fpu softvfp
   4              		.eabi_attribute 20, 1
   5              		.eabi_attribute 21, 1
   6              		.eabi_attribute 23, 3
   7              		.eabi_attribute 24, 1
   8              		.eabi_attribute 25, 1
   9              		.eabi_attribute 26, 1
  10              		.eabi_attribute 30, 2
  11              		.eabi_attribute 34, 1
  12              		.eabi_attribute 18, 4
  13              		.thumb
  14              		.file	"pal_lld.c"
  15              		.text
  16              	.Ltext0:
  17              		.cfi_sections	.debug_frame
  18              		.section	.text._pal_lld_init,"ax",%progbits
  19              		.align	2
  20              		.p2align 4,,15
  21              		.global	_pal_lld_init
  22              		.thumb
  23              		.thumb_func
  24              		.type	_pal_lld_init, %function
  25              	_pal_lld_init:
  26              	.LFB56:
  27              		.file 1 "../os/hal/platforms/STM32/GPIOv1/pal_lld.c"
  28              		.loc 1 77 0
  29              		.cfi_startproc
  30              		@ args = 0, pretend = 0, frame = 0
  31              		@ frame_needed = 0, uses_anonymous_args = 0
  32              		@ link register save eliminated.
  33              	.LVL0:
  34 0000 30B4     		push	{r4, r5}
  35              		.cfi_def_cfa_offset 8
  36              		.cfi_offset 4, -8
  37              		.cfi_offset 5, -4
  38              		.loc 1 82 0
  39 0002 154A     		ldr	r2, .L2
  40              		.loc 1 87 0
  41 0004 154B     		ldr	r3, .L2+4
  42              		.loc 1 82 0
  43 0006 9169     		ldr	r1, [r2, #24]
  44              		.loc 1 90 0
  45 0008 154C     		ldr	r4, .L2+8
  46              		.loc 1 82 0
  47 000a 41F07D01 		orr	r1, r1, #125
  48 000e 9161     		str	r1, [r2, #24]
  49              		.loc 1 87 0
  50 0010 0268     		ldr	r2, [r0]
  51              		.loc 1 93 0
  52 0012 1449     		ldr	r1, .L2+12
  53              		.loc 1 87 0
  54 0014 DA60     		str	r2, [r3, #12]
  55              		.loc 1 88 0
  56 0016 8268     		ldr	r2, [r0, #8]
  57 0018 5A60     		str	r2, [r3, #4]
ARM GAS  /tmp/ccPTNDFx.s 			page 2


  58              		.loc 1 89 0
  59 001a 4568     		ldr	r5, [r0, #4]
  60              		.loc 1 96 0
  61 001c 124A     		ldr	r2, .L2+16
  62              		.loc 1 89 0
  63 001e 1D60     		str	r5, [r3]
  64              		.loc 1 90 0
  65 0020 C568     		ldr	r5, [r0, #12]
  66              		.loc 1 100 0
  67 0022 03F58053 		add	r3, r3, #4096
  68              		.loc 1 90 0
  69 0026 E560     		str	r5, [r4, #12]
  70              		.loc 1 91 0
  71 0028 4569     		ldr	r5, [r0, #20]
  72 002a 6560     		str	r5, [r4, #4]
  73              		.loc 1 92 0
  74 002c 0569     		ldr	r5, [r0, #16]
  75 002e 2560     		str	r5, [r4]
  76              		.loc 1 93 0
  77 0030 8469     		ldr	r4, [r0, #24]
  78 0032 CC60     		str	r4, [r1, #12]
  79              		.loc 1 94 0
  80 0034 046A     		ldr	r4, [r0, #32]
  81 0036 4C60     		str	r4, [r1, #4]
  82              		.loc 1 95 0
  83 0038 C469     		ldr	r4, [r0, #28]
  84 003a 0C60     		str	r4, [r1]
  85              		.loc 1 96 0
  86 003c 416A     		ldr	r1, [r0, #36]
  87 003e D160     		str	r1, [r2, #12]
  88              		.loc 1 97 0
  89 0040 C16A     		ldr	r1, [r0, #44]
  90 0042 5160     		str	r1, [r2, #4]
  91              		.loc 1 98 0
  92 0044 816A     		ldr	r1, [r0, #40]
  93 0046 1160     		str	r1, [r2]
  94              		.loc 1 100 0
  95 0048 026B     		ldr	r2, [r0, #48]
  96 004a DA60     		str	r2, [r3, #12]
  97              		.loc 1 101 0
  98 004c 826B     		ldr	r2, [r0, #56]
  99 004e 5A60     		str	r2, [r3, #4]
 100              		.loc 1 102 0
 101 0050 426B     		ldr	r2, [r0, #52]
 102 0052 1A60     		str	r2, [r3]
 103              		.loc 1 114 0
 104 0054 30BC     		pop	{r4, r5}
 105 0056 7047     		bx	lr
 106              	.L3:
 107              		.align	2
 108              	.L2:
 109 0058 00100240 		.word	1073876992
 110 005c 00080140 		.word	1073809408
 111 0060 000C0140 		.word	1073810432
 112 0064 00100140 		.word	1073811456
 113 0068 00140140 		.word	1073812480
 114              		.cfi_endproc
ARM GAS  /tmp/ccPTNDFx.s 			page 3


 115              	.LFE56:
 116              		.size	_pal_lld_init, .-_pal_lld_init
 117 006c AFF30080 		.section	.text._pal_lld_setgroupmode,"ax",%progbits
 118              		.align	2
 119              		.p2align 4,,15
 120              		.global	_pal_lld_setgroupmode
 121              		.thumb
 122              		.thumb_func
 123              		.type	_pal_lld_setgroupmode, %function
 124              	_pal_lld_setgroupmode:
 125              	.LFB57:
 126              		.loc 1 133 0
 127              		.cfi_startproc
 128              		@ args = 0, pretend = 0, frame = 0
 129              		@ frame_needed = 0, uses_anonymous_args = 0
 130              		@ link register save eliminated.
 131              	.LVL1:
 132              		.loc 1 157 0
 133 0000 032A     		cmp	r2, #3
 134              		.loc 1 133 0
 135 0002 F0B4     		push	{r4, r5, r6, r7}
 136              		.cfi_def_cfa_offset 16
 137              		.cfi_offset 4, -16
 138              		.cfi_offset 5, -12
 139              		.cfi_offset 6, -8
 140              		.cfi_offset 7, -4
 141              		.loc 1 157 0
 142 0004 2BD0     		beq	.L15
 143              		.loc 1 159 0
 144 0006 042A     		cmp	r2, #4
 145              		.loc 1 160 0
 146 0008 08BF     		it	eq
 147 000a 4161     		streq	r1, [r0, #20]
 148              	.L6:
 149              		.loc 1 161 0
 150 000c 154C     		ldr	r4, .L16
 151              		.loc 1 162 0
 152 000e 0023     		movs	r3, #0
 153              		.loc 1 161 0
 154 0010 A75C     		ldrb	r7, [r4, r2]	@ zero_extendqisi2
 155              	.LVL2:
 156              		.loc 1 162 0
 157 0012 1D46     		mov	r5, r3
 158 0014 1C46     		mov	r4, r3
 159 0016 1A46     		mov	r2, r3
 160              	.LVL3:
 161              		.loc 1 161 0
 162 0018 0826     		movs	r6, #8
 163              	.LVL4:
 164              	.L12:
 165              		.loc 1 168 0
 166 001a 11F0800F 		tst	r1, #128
 167              		.loc 1 164 0
 168 001e 4FEA0212 		lsl	r2, r2, #4
 169              	.LVL5:
 170              		.loc 1 166 0
 171 0022 4FEA0313 		lsl	r3, r3, #4
ARM GAS  /tmp/ccPTNDFx.s 			page 4


 172              	.LVL6:
 173              		.loc 1 165 0
 174 0026 4FEA0515 		lsl	r5, r5, #4
 175              	.LVL7:
 176              		.loc 1 167 0
 177 002a 4FEA0414 		lsl	r4, r4, #4
 178              	.LVL8:
 179              		.loc 1 169 0
 180 002e 0CBF     		ite	eq
 181 0030 42F00F02 		orreq	r2, r2, #15
 182              	.LVL9:
 183              		.loc 1 171 0
 184 0034 3B43     		orrne	r3, r3, r7
 185              	.LVL10:
 186              		.loc 1 172 0
 187 0036 11F4004F 		tst	r1, #32768
 188              		.loc 1 173 0
 189 003a 0CBF     		ite	eq
 190 003c 45F00F05 		orreq	r5, r5, #15
 191              	.LVL11:
 192              		.loc 1 175 0
 193 0040 3C43     		orrne	r4, r4, r7
 194              	.LVL12:
 195              		.loc 1 163 0
 196 0042 013E     		subs	r6, r6, #1
 197              	.LVL13:
 198              		.loc 1 176 0
 199 0044 4FEA4101 		lsl	r1, r1, #1
 200              	.LVL14:
 201              		.loc 1 163 0
 202 0048 E7D1     		bne	.L12
 203              		.loc 1 178 0
 204 004a 4168     		ldr	r1, [r0, #4]
 205              	.LVL15:
 206 004c 0D40     		ands	r5, r5, r1
 207              	.LVL16:
 208 004e 2C43     		orrs	r4, r4, r5
 209              	.LVL17:
 210 0050 4460     		str	r4, [r0, #4]
 211              		.loc 1 179 0
 212 0052 0168     		ldr	r1, [r0]
 213              		.loc 1 180 0
 214 0054 F0BC     		pop	{r4, r5, r6, r7}
 215              	.LVL18:
 216              		.loc 1 179 0
 217 0056 0A40     		ands	r2, r2, r1
 218              	.LVL19:
 219 0058 1343     		orrs	r3, r3, r2
 220              	.LVL20:
 221 005a 0360     		str	r3, [r0]
 222              		.loc 1 180 0
 223 005c 7047     		bx	lr
 224              	.LVL21:
 225              	.L15:
 226              		.loc 1 158 0
 227 005e 0161     		str	r1, [r0, #16]
 228 0060 D4E7     		b	.L6
ARM GAS  /tmp/ccPTNDFx.s 			page 5


 229              	.L17:
 230 0062 00BF     		.align	2
 231              	.L16:
 232 0064 00000000 		.word	.LANCHOR0
 233              		.cfi_endproc
 234              	.LFE57:
 235              		.size	_pal_lld_setgroupmode, .-_pal_lld_setgroupmode
 236 0068 AFF30080 		.section	.rodata.cfgtab.6118,"a",%progbits
 236      AFF30080 
 237              		.align	2
 238              		.set	.LANCHOR0,. + 0
 239              		.type	cfgtab.6118, %object
 240              		.size	cfgtab.6118, 18
 241              	cfgtab.6118:
 242 0000 04       		.byte	4
 243 0001 02       		.byte	2
 244 0002 04       		.byte	4
 245 0003 08       		.byte	8
 246 0004 08       		.byte	8
 247 0005 00       		.byte	0
 248 0006 03       		.byte	3
 249 0007 07       		.byte	7
 250 0008 08       		.byte	8
 251 0009 08       		.byte	8
 252 000a 08       		.byte	8
 253 000b 08       		.byte	8
 254 000c 08       		.byte	8
 255 000d 08       		.byte	8
 256 000e 08       		.byte	8
 257 000f 08       		.byte	8
 258 0010 0B       		.byte	11
 259 0011 0F       		.byte	15
 260 0012 0000     		.text
 261              	.Letext0:
 262              		.file 2 "/usr/include/newlib/machine/_default_types.h"
 263              		.file 3 "/usr/include/newlib/stdint.h"
 264              		.file 4 "../os/hal/platforms/STM32F1xx/stm32f10x.h"
 265              		.file 5 "../os/hal/platforms/STM32/GPIOv1/pal_lld.h"
 266              		.file 6 "../os/ports/common/ARMCMx/CMSIS/include/core_cm3.h"
 267              		.section	.debug_info,"",%progbits
 268              	.Ldebug_info0:
 269 0000 70030000 		.4byte	0x370
 270 0004 0400     		.2byte	0x4
 271 0006 00000000 		.4byte	.Ldebug_abbrev0
 272 000a 04       		.byte	0x4
 273 000b 01       		.uleb128 0x1
 274 000c 85010000 		.4byte	.LASF45
 275 0010 01       		.byte	0x1
 276 0011 B3000000 		.4byte	.LASF46
 277 0015 4A020000 		.4byte	.LASF47
 278 0019 00000000 		.4byte	.Ldebug_ranges0+0
 279 001d 00000000 		.4byte	0
 280 0021 00000000 		.4byte	.Ldebug_line0
 281 0025 02       		.uleb128 0x2
 282 0026 04       		.byte	0x4
 283 0027 05       		.byte	0x5
 284 0028 696E7400 		.ascii	"int\000"
ARM GAS  /tmp/ccPTNDFx.s 			page 6


 285 002c 03       		.uleb128 0x3
 286 002d 04       		.byte	0x4
 287 002e 07       		.byte	0x7
 288 002f 65010000 		.4byte	.LASF0
 289 0033 03       		.uleb128 0x3
 290 0034 01       		.byte	0x1
 291 0035 06       		.byte	0x6
 292 0036 A7000000 		.4byte	.LASF1
 293 003a 04       		.uleb128 0x4
 294 003b 13010000 		.4byte	.LASF5
 295 003f 02       		.byte	0x2
 296 0040 1D       		.byte	0x1d
 297 0041 45000000 		.4byte	0x45
 298 0045 03       		.uleb128 0x3
 299 0046 01       		.byte	0x1
 300 0047 08       		.byte	0x8
 301 0048 2F010000 		.4byte	.LASF2
 302 004c 03       		.uleb128 0x3
 303 004d 02       		.byte	0x2
 304 004e 05       		.byte	0x5
 305 004f 44000000 		.4byte	.LASF3
 306 0053 03       		.uleb128 0x3
 307 0054 02       		.byte	0x2
 308 0055 07       		.byte	0x7
 309 0056 BF020000 		.4byte	.LASF4
 310 005a 04       		.uleb128 0x4
 311 005b EE020000 		.4byte	.LASF6
 312 005f 02       		.byte	0x2
 313 0060 3F       		.byte	0x3f
 314 0061 65000000 		.4byte	0x65
 315 0065 03       		.uleb128 0x3
 316 0066 04       		.byte	0x4
 317 0067 05       		.byte	0x5
 318 0068 F3000000 		.4byte	.LASF7
 319 006c 04       		.uleb128 0x4
 320 006d 5C000000 		.4byte	.LASF8
 321 0071 02       		.byte	0x2
 322 0072 41       		.byte	0x41
 323 0073 77000000 		.4byte	0x77
 324 0077 03       		.uleb128 0x3
 325 0078 04       		.byte	0x4
 326 0079 07       		.byte	0x7
 327 007a D7020000 		.4byte	.LASF9
 328 007e 03       		.uleb128 0x3
 329 007f 08       		.byte	0x8
 330 0080 05       		.byte	0x5
 331 0081 E5000000 		.4byte	.LASF10
 332 0085 03       		.uleb128 0x3
 333 0086 08       		.byte	0x8
 334 0087 07       		.byte	0x7
 335 0088 45010000 		.4byte	.LASF11
 336 008c 04       		.uleb128 0x4
 337 008d 8A000000 		.4byte	.LASF12
 338 0091 03       		.byte	0x3
 339 0092 2A       		.byte	0x2a
 340 0093 3A000000 		.4byte	0x3a
 341 0097 04       		.uleb128 0x4
ARM GAS  /tmp/ccPTNDFx.s 			page 7


 342 0098 A0020000 		.4byte	.LASF13
 343 009c 03       		.byte	0x3
 344 009d 41       		.byte	0x41
 345 009e 5A000000 		.4byte	0x5a
 346 00a2 04       		.uleb128 0x4
 347 00a3 5C010000 		.4byte	.LASF14
 348 00a7 03       		.byte	0x3
 349 00a8 42       		.byte	0x42
 350 00a9 6C000000 		.4byte	0x6c
 351 00ad 03       		.uleb128 0x3
 352 00ae 01       		.byte	0x1
 353 00af 02       		.byte	0x2
 354 00b0 B2020000 		.4byte	.LASF15
 355 00b4 05       		.uleb128 0x5
 356 00b5 A2000000 		.4byte	0xa2
 357 00b9 03       		.uleb128 0x3
 358 00ba 04       		.byte	0x4
 359 00bb 07       		.byte	0x7
 360 00bc 4E000000 		.4byte	.LASF16
 361 00c0 05       		.uleb128 0x5
 362 00c1 97000000 		.4byte	0x97
 363 00c5 06       		.uleb128 0x6
 364 00c6 1C       		.byte	0x1c
 365 00c7 04       		.byte	0x4
 366 00c8 F803     		.2byte	0x3f8
 367 00ca 2A010000 		.4byte	0x12a
 368 00ce 07       		.uleb128 0x7
 369 00cf 43524C00 		.ascii	"CRL\000"
 370 00d3 04       		.byte	0x4
 371 00d4 FA03     		.2byte	0x3fa
 372 00d6 B4000000 		.4byte	0xb4
 373 00da 00       		.byte	0
 374 00db 07       		.uleb128 0x7
 375 00dc 43524800 		.ascii	"CRH\000"
 376 00e0 04       		.byte	0x4
 377 00e1 FB03     		.2byte	0x3fb
 378 00e3 B4000000 		.4byte	0xb4
 379 00e7 04       		.byte	0x4
 380 00e8 07       		.uleb128 0x7
 381 00e9 49445200 		.ascii	"IDR\000"
 382 00ed 04       		.byte	0x4
 383 00ee FC03     		.2byte	0x3fc
 384 00f0 B4000000 		.4byte	0xb4
 385 00f4 08       		.byte	0x8
 386 00f5 07       		.uleb128 0x7
 387 00f6 4F445200 		.ascii	"ODR\000"
 388 00fa 04       		.byte	0x4
 389 00fb FD03     		.2byte	0x3fd
 390 00fd B4000000 		.4byte	0xb4
 391 0101 0C       		.byte	0xc
 392 0102 08       		.uleb128 0x8
 393 0103 75000000 		.4byte	.LASF17
 394 0107 04       		.byte	0x4
 395 0108 FE03     		.2byte	0x3fe
 396 010a B4000000 		.4byte	0xb4
 397 010e 10       		.byte	0x10
 398 010f 07       		.uleb128 0x7
ARM GAS  /tmp/ccPTNDFx.s 			page 8


 399 0110 42525200 		.ascii	"BRR\000"
 400 0114 04       		.byte	0x4
 401 0115 FF03     		.2byte	0x3ff
 402 0117 B4000000 		.4byte	0xb4
 403 011b 14       		.byte	0x14
 404 011c 08       		.uleb128 0x8
 405 011d 11030000 		.4byte	.LASF18
 406 0121 04       		.byte	0x4
 407 0122 0004     		.2byte	0x400
 408 0124 B4000000 		.4byte	0xb4
 409 0128 18       		.byte	0x18
 410 0129 00       		.byte	0
 411 012a 09       		.uleb128 0x9
 412 012b 00000000 		.4byte	.LASF19
 413 012f 04       		.byte	0x4
 414 0130 0104     		.2byte	0x401
 415 0132 C5000000 		.4byte	0xc5
 416 0136 06       		.uleb128 0x6
 417 0137 28       		.byte	0x28
 418 0138 04       		.byte	0x4
 419 0139 4304     		.2byte	0x443
 420 013b C1010000 		.4byte	0x1c1
 421 013f 07       		.uleb128 0x7
 422 0140 435200   		.ascii	"CR\000"
 423 0143 04       		.byte	0x4
 424 0144 4504     		.2byte	0x445
 425 0146 B4000000 		.4byte	0xb4
 426 014a 00       		.byte	0
 427 014b 08       		.uleb128 0x8
 428 014c 0C030000 		.4byte	.LASF20
 429 0150 04       		.byte	0x4
 430 0151 4604     		.2byte	0x446
 431 0153 B4000000 		.4byte	0xb4
 432 0157 04       		.byte	0x4
 433 0158 07       		.uleb128 0x7
 434 0159 43495200 		.ascii	"CIR\000"
 435 015d 04       		.byte	0x4
 436 015e 4704     		.2byte	0x447
 437 0160 B4000000 		.4byte	0xb4
 438 0164 08       		.byte	0x8
 439 0165 08       		.uleb128 0x8
 440 0166 0A010000 		.4byte	.LASF21
 441 016a 04       		.byte	0x4
 442 016b 4804     		.2byte	0x448
 443 016d B4000000 		.4byte	0xb4
 444 0171 0C       		.byte	0xc
 445 0172 08       		.uleb128 0x8
 446 0173 67000000 		.4byte	.LASF22
 447 0177 04       		.byte	0x4
 448 0178 4904     		.2byte	0x449
 449 017a B4000000 		.4byte	0xb4
 450 017e 10       		.byte	0x10
 451 017f 08       		.uleb128 0x8
 452 0180 03010000 		.4byte	.LASF23
 453 0184 04       		.byte	0x4
 454 0185 4A04     		.2byte	0x44a
 455 0187 B4000000 		.4byte	0xb4
ARM GAS  /tmp/ccPTNDFx.s 			page 9


 456 018b 14       		.byte	0x14
 457 018c 08       		.uleb128 0x8
 458 018d 3D010000 		.4byte	.LASF24
 459 0191 04       		.byte	0x4
 460 0192 4B04     		.2byte	0x44b
 461 0194 B4000000 		.4byte	0xb4
 462 0198 18       		.byte	0x18
 463 0199 08       		.uleb128 0x8
 464 019a 92000000 		.4byte	.LASF25
 465 019e 04       		.byte	0x4
 466 019f 4C04     		.2byte	0x44c
 467 01a1 B4000000 		.4byte	0xb4
 468 01a5 1C       		.byte	0x1c
 469 01a6 08       		.uleb128 0x8
 470 01a7 57000000 		.4byte	.LASF26
 471 01ab 04       		.byte	0x4
 472 01ac 4D04     		.2byte	0x44d
 473 01ae B4000000 		.4byte	0xb4
 474 01b2 20       		.byte	0x20
 475 01b3 07       		.uleb128 0x7
 476 01b4 43535200 		.ascii	"CSR\000"
 477 01b8 04       		.byte	0x4
 478 01b9 4E04     		.2byte	0x44e
 479 01bb B4000000 		.4byte	0xb4
 480 01bf 24       		.byte	0x24
 481 01c0 00       		.byte	0
 482 01c1 09       		.uleb128 0x9
 483 01c2 14000000 		.4byte	.LASF27
 484 01c6 04       		.byte	0x4
 485 01c7 5904     		.2byte	0x459
 486 01c9 36010000 		.4byte	0x136
 487 01cd 0A       		.uleb128 0xa
 488 01ce 0C       		.byte	0xc
 489 01cf 05       		.byte	0x5
 490 01d0 38       		.byte	0x38
 491 01d1 FA010000 		.4byte	0x1fa
 492 01d5 0B       		.uleb128 0xb
 493 01d6 6F647200 		.ascii	"odr\000"
 494 01da 05       		.byte	0x5
 495 01db 3A       		.byte	0x3a
 496 01dc A2000000 		.4byte	0xa2
 497 01e0 00       		.byte	0
 498 01e1 0B       		.uleb128 0xb
 499 01e2 63726C00 		.ascii	"crl\000"
 500 01e6 05       		.byte	0x5
 501 01e7 3C       		.byte	0x3c
 502 01e8 A2000000 		.4byte	0xa2
 503 01ec 04       		.byte	0x4
 504 01ed 0B       		.uleb128 0xb
 505 01ee 63726800 		.ascii	"crh\000"
 506 01f2 05       		.byte	0x5
 507 01f3 3E       		.byte	0x3e
 508 01f4 A2000000 		.4byte	0xa2
 509 01f8 08       		.byte	0x8
 510 01f9 00       		.byte	0
 511 01fa 04       		.uleb128 0x4
 512 01fb 72010000 		.4byte	.LASF28
ARM GAS  /tmp/ccPTNDFx.s 			page 10


 513 01ff 05       		.byte	0x5
 514 0200 3F       		.byte	0x3f
 515 0201 CD010000 		.4byte	0x1cd
 516 0205 0A       		.uleb128 0xa
 517 0206 3C       		.byte	0x3c
 518 0207 05       		.byte	0x5
 519 0208 48       		.byte	0x48
 520 0209 4A020000 		.4byte	0x24a
 521 020d 0C       		.uleb128 0xc
 522 020e DE000000 		.4byte	.LASF29
 523 0212 05       		.byte	0x5
 524 0213 4A       		.byte	0x4a
 525 0214 FA010000 		.4byte	0x1fa
 526 0218 00       		.byte	0
 527 0219 0C       		.uleb128 0xc
 528 021a 05030000 		.4byte	.LASF30
 529 021e 05       		.byte	0x5
 530 021f 4C       		.byte	0x4c
 531 0220 FA010000 		.4byte	0x1fa
 532 0224 0C       		.byte	0xc
 533 0225 0C       		.uleb128 0xc
 534 0226 0D000000 		.4byte	.LASF31
 535 022a 05       		.byte	0x5
 536 022b 4E       		.byte	0x4e
 537 022c FA010000 		.4byte	0x1fa
 538 0230 18       		.byte	0x18
 539 0231 0C       		.uleb128 0xc
 540 0232 FC000000 		.4byte	.LASF32
 541 0236 05       		.byte	0x5
 542 0237 50       		.byte	0x50
 543 0238 FA010000 		.4byte	0x1fa
 544 023c 24       		.byte	0x24
 545 023d 0C       		.uleb128 0xc
 546 023e B8020000 		.4byte	.LASF33
 547 0242 05       		.byte	0x5
 548 0243 53       		.byte	0x53
 549 0244 FA010000 		.4byte	0x1fa
 550 0248 30       		.byte	0x30
 551 0249 00       		.byte	0
 552 024a 04       		.uleb128 0x4
 553 024b A8020000 		.4byte	.LASF34
 554 024f 05       		.byte	0x5
 555 0250 5D       		.byte	0x5d
 556 0251 05020000 		.4byte	0x205
 557 0255 04       		.uleb128 0x4
 558 0256 9A000000 		.4byte	.LASF35
 559 025a 05       		.byte	0x5
 560 025b 6D       		.byte	0x6d
 561 025c A2000000 		.4byte	0xa2
 562 0260 04       		.uleb128 0x4
 563 0261 81000000 		.4byte	.LASF36
 564 0265 05       		.byte	0x5
 565 0266 72       		.byte	0x72
 566 0267 A2000000 		.4byte	0xa2
 567 026b 04       		.uleb128 0x4
 568 026c 1D010000 		.4byte	.LASF37
 569 0270 05       		.byte	0x5
ARM GAS  /tmp/ccPTNDFx.s 			page 11


 570 0271 7A       		.byte	0x7a
 571 0272 76020000 		.4byte	0x276
 572 0276 0D       		.uleb128 0xd
 573 0277 04       		.byte	0x4
 574 0278 2A010000 		.4byte	0x12a
 575 027c 0E       		.uleb128 0xe
 576 027d 36000000 		.4byte	.LASF38
 577 0281 01       		.byte	0x1
 578 0282 4D       		.byte	0x4d
 579 0283 00000000 		.4byte	.LFB56
 580 0287 6C000000 		.4byte	.LFE56-.LFB56
 581 028b 01       		.uleb128 0x1
 582 028c 9C       		.byte	0x9c
 583 028d 9F020000 		.4byte	0x29f
 584 0291 0F       		.uleb128 0xf
 585 0292 7A000000 		.4byte	.LASF40
 586 0296 01       		.byte	0x1
 587 0297 4D       		.byte	0x4d
 588 0298 9F020000 		.4byte	0x29f
 589 029c 01       		.uleb128 0x1
 590 029d 50       		.byte	0x50
 591 029e 00       		.byte	0
 592 029f 0D       		.uleb128 0xd
 593 02a0 04       		.byte	0x4
 594 02a1 A5020000 		.4byte	0x2a5
 595 02a5 10       		.uleb128 0x10
 596 02a6 4A020000 		.4byte	0x24a
 597 02aa 0E       		.uleb128 0xe
 598 02ab 20000000 		.4byte	.LASF39
 599 02af 01       		.byte	0x1
 600 02b0 83       		.byte	0x83
 601 02b1 00000000 		.4byte	.LFB57
 602 02b5 68000000 		.4byte	.LFE57-.LFB57
 603 02b9 01       		.uleb128 0x1
 604 02ba 9C       		.byte	0x9c
 605 02bb 52030000 		.4byte	0x352
 606 02bf 0F       		.uleb128 0xf
 607 02c0 D2020000 		.4byte	.LASF41
 608 02c4 01       		.byte	0x1
 609 02c5 83       		.byte	0x83
 610 02c6 6B020000 		.4byte	0x26b
 611 02ca 01       		.uleb128 0x1
 612 02cb 50       		.byte	0x50
 613 02cc 11       		.uleb128 0x11
 614 02cd E9020000 		.4byte	.LASF42
 615 02d1 01       		.byte	0x1
 616 02d2 84       		.byte	0x84
 617 02d3 55020000 		.4byte	0x255
 618 02d7 00000000 		.4byte	.LLST0
 619 02db 11       		.uleb128 0x11
 620 02dc 70000000 		.4byte	.LASF43
 621 02e0 01       		.byte	0x1
 622 02e1 85       		.byte	0x85
 623 02e2 60020000 		.4byte	0x260
 624 02e6 29000000 		.4byte	.LLST1
 625 02ea 12       		.uleb128 0x12
 626 02eb 28010000 		.4byte	.LASF44
ARM GAS  /tmp/ccPTNDFx.s 			page 12


 627 02ef 01       		.byte	0x1
 628 02f0 86       		.byte	0x86
 629 02f1 62030000 		.4byte	0x362
 630 02f5 05       		.uleb128 0x5
 631 02f6 03       		.byte	0x3
 632 02f7 00000000 		.4byte	cfgtab.6118
 633 02fb 13       		.uleb128 0x13
 634 02fc 6D6800   		.ascii	"mh\000"
 635 02ff 01       		.byte	0x1
 636 0300 9A       		.byte	0x9a
 637 0301 A2000000 		.4byte	0xa2
 638 0305 55000000 		.4byte	.LLST2
 639 0309 13       		.uleb128 0x13
 640 030a 6D6C00   		.ascii	"ml\000"
 641 030d 01       		.byte	0x1
 642 030e 9A       		.byte	0x9a
 643 030f A2000000 		.4byte	0xa2
 644 0313 74000000 		.4byte	.LLST3
 645 0317 13       		.uleb128 0x13
 646 0318 63726800 		.ascii	"crh\000"
 647 031c 01       		.byte	0x1
 648 031d 9A       		.byte	0x9a
 649 031e A2000000 		.4byte	0xa2
 650 0322 93000000 		.4byte	.LLST4
 651 0326 13       		.uleb128 0x13
 652 0327 63726C00 		.ascii	"crl\000"
 653 032b 01       		.byte	0x1
 654 032c 9A       		.byte	0x9a
 655 032d A2000000 		.4byte	0xa2
 656 0331 B2000000 		.4byte	.LLST5
 657 0335 13       		.uleb128 0x13
 658 0336 63666700 		.ascii	"cfg\000"
 659 033a 01       		.byte	0x1
 660 033b 9A       		.byte	0x9a
 661 033c A2000000 		.4byte	0xa2
 662 0340 DC000000 		.4byte	.LLST6
 663 0344 13       		.uleb128 0x13
 664 0345 6900     		.ascii	"i\000"
 665 0347 01       		.byte	0x1
 666 0348 9B       		.byte	0x9b
 667 0349 2C000000 		.4byte	0x2c
 668 034d 08010000 		.4byte	.LLST7
 669 0351 00       		.byte	0
 670 0352 14       		.uleb128 0x14
 671 0353 8C000000 		.4byte	0x8c
 672 0357 62030000 		.4byte	0x362
 673 035b 15       		.uleb128 0x15
 674 035c B9000000 		.4byte	0xb9
 675 0360 11       		.byte	0x11
 676 0361 00       		.byte	0
 677 0362 10       		.uleb128 0x10
 678 0363 52030000 		.4byte	0x352
 679 0367 16       		.uleb128 0x16
 680 0368 F8020000 		.4byte	.LASF48
 681 036c 06       		.byte	0x6
 682 036d 0706     		.2byte	0x607
 683 036f C0000000 		.4byte	0xc0
ARM GAS  /tmp/ccPTNDFx.s 			page 13


 684 0373 00       		.byte	0
 685              		.section	.debug_abbrev,"",%progbits
 686              	.Ldebug_abbrev0:
 687 0000 01       		.uleb128 0x1
 688 0001 11       		.uleb128 0x11
 689 0002 01       		.byte	0x1
 690 0003 25       		.uleb128 0x25
 691 0004 0E       		.uleb128 0xe
 692 0005 13       		.uleb128 0x13
 693 0006 0B       		.uleb128 0xb
 694 0007 03       		.uleb128 0x3
 695 0008 0E       		.uleb128 0xe
 696 0009 1B       		.uleb128 0x1b
 697 000a 0E       		.uleb128 0xe
 698 000b 55       		.uleb128 0x55
 699 000c 17       		.uleb128 0x17
 700 000d 11       		.uleb128 0x11
 701 000e 01       		.uleb128 0x1
 702 000f 10       		.uleb128 0x10
 703 0010 17       		.uleb128 0x17
 704 0011 00       		.byte	0
 705 0012 00       		.byte	0
 706 0013 02       		.uleb128 0x2
 707 0014 24       		.uleb128 0x24
 708 0015 00       		.byte	0
 709 0016 0B       		.uleb128 0xb
 710 0017 0B       		.uleb128 0xb
 711 0018 3E       		.uleb128 0x3e
 712 0019 0B       		.uleb128 0xb
 713 001a 03       		.uleb128 0x3
 714 001b 08       		.uleb128 0x8
 715 001c 00       		.byte	0
 716 001d 00       		.byte	0
 717 001e 03       		.uleb128 0x3
 718 001f 24       		.uleb128 0x24
 719 0020 00       		.byte	0
 720 0021 0B       		.uleb128 0xb
 721 0022 0B       		.uleb128 0xb
 722 0023 3E       		.uleb128 0x3e
 723 0024 0B       		.uleb128 0xb
 724 0025 03       		.uleb128 0x3
 725 0026 0E       		.uleb128 0xe
 726 0027 00       		.byte	0
 727 0028 00       		.byte	0
 728 0029 04       		.uleb128 0x4
 729 002a 16       		.uleb128 0x16
 730 002b 00       		.byte	0
 731 002c 03       		.uleb128 0x3
 732 002d 0E       		.uleb128 0xe
 733 002e 3A       		.uleb128 0x3a
 734 002f 0B       		.uleb128 0xb
 735 0030 3B       		.uleb128 0x3b
 736 0031 0B       		.uleb128 0xb
 737 0032 49       		.uleb128 0x49
 738 0033 13       		.uleb128 0x13
 739 0034 00       		.byte	0
 740 0035 00       		.byte	0
ARM GAS  /tmp/ccPTNDFx.s 			page 14


 741 0036 05       		.uleb128 0x5
 742 0037 35       		.uleb128 0x35
 743 0038 00       		.byte	0
 744 0039 49       		.uleb128 0x49
 745 003a 13       		.uleb128 0x13
 746 003b 00       		.byte	0
 747 003c 00       		.byte	0
 748 003d 06       		.uleb128 0x6
 749 003e 13       		.uleb128 0x13
 750 003f 01       		.byte	0x1
 751 0040 0B       		.uleb128 0xb
 752 0041 0B       		.uleb128 0xb
 753 0042 3A       		.uleb128 0x3a
 754 0043 0B       		.uleb128 0xb
 755 0044 3B       		.uleb128 0x3b
 756 0045 05       		.uleb128 0x5
 757 0046 01       		.uleb128 0x1
 758 0047 13       		.uleb128 0x13
 759 0048 00       		.byte	0
 760 0049 00       		.byte	0
 761 004a 07       		.uleb128 0x7
 762 004b 0D       		.uleb128 0xd
 763 004c 00       		.byte	0
 764 004d 03       		.uleb128 0x3
 765 004e 08       		.uleb128 0x8
 766 004f 3A       		.uleb128 0x3a
 767 0050 0B       		.uleb128 0xb
 768 0051 3B       		.uleb128 0x3b
 769 0052 05       		.uleb128 0x5
 770 0053 49       		.uleb128 0x49
 771 0054 13       		.uleb128 0x13
 772 0055 38       		.uleb128 0x38
 773 0056 0B       		.uleb128 0xb
 774 0057 00       		.byte	0
 775 0058 00       		.byte	0
 776 0059 08       		.uleb128 0x8
 777 005a 0D       		.uleb128 0xd
 778 005b 00       		.byte	0
 779 005c 03       		.uleb128 0x3
 780 005d 0E       		.uleb128 0xe
 781 005e 3A       		.uleb128 0x3a
 782 005f 0B       		.uleb128 0xb
 783 0060 3B       		.uleb128 0x3b
 784 0061 05       		.uleb128 0x5
 785 0062 49       		.uleb128 0x49
 786 0063 13       		.uleb128 0x13
 787 0064 38       		.uleb128 0x38
 788 0065 0B       		.uleb128 0xb
 789 0066 00       		.byte	0
 790 0067 00       		.byte	0
 791 0068 09       		.uleb128 0x9
 792 0069 16       		.uleb128 0x16
 793 006a 00       		.byte	0
 794 006b 03       		.uleb128 0x3
 795 006c 0E       		.uleb128 0xe
 796 006d 3A       		.uleb128 0x3a
 797 006e 0B       		.uleb128 0xb
ARM GAS  /tmp/ccPTNDFx.s 			page 15


 798 006f 3B       		.uleb128 0x3b
 799 0070 05       		.uleb128 0x5
 800 0071 49       		.uleb128 0x49
 801 0072 13       		.uleb128 0x13
 802 0073 00       		.byte	0
 803 0074 00       		.byte	0
 804 0075 0A       		.uleb128 0xa
 805 0076 13       		.uleb128 0x13
 806 0077 01       		.byte	0x1
 807 0078 0B       		.uleb128 0xb
 808 0079 0B       		.uleb128 0xb
 809 007a 3A       		.uleb128 0x3a
 810 007b 0B       		.uleb128 0xb
 811 007c 3B       		.uleb128 0x3b
 812 007d 0B       		.uleb128 0xb
 813 007e 01       		.uleb128 0x1
 814 007f 13       		.uleb128 0x13
 815 0080 00       		.byte	0
 816 0081 00       		.byte	0
 817 0082 0B       		.uleb128 0xb
 818 0083 0D       		.uleb128 0xd
 819 0084 00       		.byte	0
 820 0085 03       		.uleb128 0x3
 821 0086 08       		.uleb128 0x8
 822 0087 3A       		.uleb128 0x3a
 823 0088 0B       		.uleb128 0xb
 824 0089 3B       		.uleb128 0x3b
 825 008a 0B       		.uleb128 0xb
 826 008b 49       		.uleb128 0x49
 827 008c 13       		.uleb128 0x13
 828 008d 38       		.uleb128 0x38
 829 008e 0B       		.uleb128 0xb
 830 008f 00       		.byte	0
 831 0090 00       		.byte	0
 832 0091 0C       		.uleb128 0xc
 833 0092 0D       		.uleb128 0xd
 834 0093 00       		.byte	0
 835 0094 03       		.uleb128 0x3
 836 0095 0E       		.uleb128 0xe
 837 0096 3A       		.uleb128 0x3a
 838 0097 0B       		.uleb128 0xb
 839 0098 3B       		.uleb128 0x3b
 840 0099 0B       		.uleb128 0xb
 841 009a 49       		.uleb128 0x49
 842 009b 13       		.uleb128 0x13
 843 009c 38       		.uleb128 0x38
 844 009d 0B       		.uleb128 0xb
 845 009e 00       		.byte	0
 846 009f 00       		.byte	0
 847 00a0 0D       		.uleb128 0xd
 848 00a1 0F       		.uleb128 0xf
 849 00a2 00       		.byte	0
 850 00a3 0B       		.uleb128 0xb
 851 00a4 0B       		.uleb128 0xb
 852 00a5 49       		.uleb128 0x49
 853 00a6 13       		.uleb128 0x13
 854 00a7 00       		.byte	0
ARM GAS  /tmp/ccPTNDFx.s 			page 16


 855 00a8 00       		.byte	0
 856 00a9 0E       		.uleb128 0xe
 857 00aa 2E       		.uleb128 0x2e
 858 00ab 01       		.byte	0x1
 859 00ac 3F       		.uleb128 0x3f
 860 00ad 19       		.uleb128 0x19
 861 00ae 03       		.uleb128 0x3
 862 00af 0E       		.uleb128 0xe
 863 00b0 3A       		.uleb128 0x3a
 864 00b1 0B       		.uleb128 0xb
 865 00b2 3B       		.uleb128 0x3b
 866 00b3 0B       		.uleb128 0xb
 867 00b4 27       		.uleb128 0x27
 868 00b5 19       		.uleb128 0x19
 869 00b6 11       		.uleb128 0x11
 870 00b7 01       		.uleb128 0x1
 871 00b8 12       		.uleb128 0x12
 872 00b9 06       		.uleb128 0x6
 873 00ba 40       		.uleb128 0x40
 874 00bb 18       		.uleb128 0x18
 875 00bc 9742     		.uleb128 0x2117
 876 00be 19       		.uleb128 0x19
 877 00bf 01       		.uleb128 0x1
 878 00c0 13       		.uleb128 0x13
 879 00c1 00       		.byte	0
 880 00c2 00       		.byte	0
 881 00c3 0F       		.uleb128 0xf
 882 00c4 05       		.uleb128 0x5
 883 00c5 00       		.byte	0
 884 00c6 03       		.uleb128 0x3
 885 00c7 0E       		.uleb128 0xe
 886 00c8 3A       		.uleb128 0x3a
 887 00c9 0B       		.uleb128 0xb
 888 00ca 3B       		.uleb128 0x3b
 889 00cb 0B       		.uleb128 0xb
 890 00cc 49       		.uleb128 0x49
 891 00cd 13       		.uleb128 0x13
 892 00ce 02       		.uleb128 0x2
 893 00cf 18       		.uleb128 0x18
 894 00d0 00       		.byte	0
 895 00d1 00       		.byte	0
 896 00d2 10       		.uleb128 0x10
 897 00d3 26       		.uleb128 0x26
 898 00d4 00       		.byte	0
 899 00d5 49       		.uleb128 0x49
 900 00d6 13       		.uleb128 0x13
 901 00d7 00       		.byte	0
 902 00d8 00       		.byte	0
 903 00d9 11       		.uleb128 0x11
 904 00da 05       		.uleb128 0x5
 905 00db 00       		.byte	0
 906 00dc 03       		.uleb128 0x3
 907 00dd 0E       		.uleb128 0xe
 908 00de 3A       		.uleb128 0x3a
 909 00df 0B       		.uleb128 0xb
 910 00e0 3B       		.uleb128 0x3b
 911 00e1 0B       		.uleb128 0xb
ARM GAS  /tmp/ccPTNDFx.s 			page 17


 912 00e2 49       		.uleb128 0x49
 913 00e3 13       		.uleb128 0x13
 914 00e4 02       		.uleb128 0x2
 915 00e5 17       		.uleb128 0x17
 916 00e6 00       		.byte	0
 917 00e7 00       		.byte	0
 918 00e8 12       		.uleb128 0x12
 919 00e9 34       		.uleb128 0x34
 920 00ea 00       		.byte	0
 921 00eb 03       		.uleb128 0x3
 922 00ec 0E       		.uleb128 0xe
 923 00ed 3A       		.uleb128 0x3a
 924 00ee 0B       		.uleb128 0xb
 925 00ef 3B       		.uleb128 0x3b
 926 00f0 0B       		.uleb128 0xb
 927 00f1 49       		.uleb128 0x49
 928 00f2 13       		.uleb128 0x13
 929 00f3 02       		.uleb128 0x2
 930 00f4 18       		.uleb128 0x18
 931 00f5 00       		.byte	0
 932 00f6 00       		.byte	0
 933 00f7 13       		.uleb128 0x13
 934 00f8 34       		.uleb128 0x34
 935 00f9 00       		.byte	0
 936 00fa 03       		.uleb128 0x3
 937 00fb 08       		.uleb128 0x8
 938 00fc 3A       		.uleb128 0x3a
 939 00fd 0B       		.uleb128 0xb
 940 00fe 3B       		.uleb128 0x3b
 941 00ff 0B       		.uleb128 0xb
 942 0100 49       		.uleb128 0x49
 943 0101 13       		.uleb128 0x13
 944 0102 02       		.uleb128 0x2
 945 0103 17       		.uleb128 0x17
 946 0104 00       		.byte	0
 947 0105 00       		.byte	0
 948 0106 14       		.uleb128 0x14
 949 0107 01       		.uleb128 0x1
 950 0108 01       		.byte	0x1
 951 0109 49       		.uleb128 0x49
 952 010a 13       		.uleb128 0x13
 953 010b 01       		.uleb128 0x1
 954 010c 13       		.uleb128 0x13
 955 010d 00       		.byte	0
 956 010e 00       		.byte	0
 957 010f 15       		.uleb128 0x15
 958 0110 21       		.uleb128 0x21
 959 0111 00       		.byte	0
 960 0112 49       		.uleb128 0x49
 961 0113 13       		.uleb128 0x13
 962 0114 2F       		.uleb128 0x2f
 963 0115 0B       		.uleb128 0xb
 964 0116 00       		.byte	0
 965 0117 00       		.byte	0
 966 0118 16       		.uleb128 0x16
 967 0119 34       		.uleb128 0x34
 968 011a 00       		.byte	0
ARM GAS  /tmp/ccPTNDFx.s 			page 18


 969 011b 03       		.uleb128 0x3
 970 011c 0E       		.uleb128 0xe
 971 011d 3A       		.uleb128 0x3a
 972 011e 0B       		.uleb128 0xb
 973 011f 3B       		.uleb128 0x3b
 974 0120 05       		.uleb128 0x5
 975 0121 49       		.uleb128 0x49
 976 0122 13       		.uleb128 0x13
 977 0123 3F       		.uleb128 0x3f
 978 0124 19       		.uleb128 0x19
 979 0125 3C       		.uleb128 0x3c
 980 0126 19       		.uleb128 0x19
 981 0127 00       		.byte	0
 982 0128 00       		.byte	0
 983 0129 00       		.byte	0
 984              		.section	.debug_loc,"",%progbits
 985              	.Ldebug_loc0:
 986              	.LLST0:
 987 0000 00000000 		.4byte	.LVL1
 988 0004 48000000 		.4byte	.LVL14
 989 0008 0100     		.2byte	0x1
 990 000a 51       		.byte	0x51
 991 000b 48000000 		.4byte	.LVL14
 992 000f 4C000000 		.4byte	.LVL15
 993 0013 0100     		.2byte	0x1
 994 0015 51       		.byte	0x51
 995 0016 5E000000 		.4byte	.LVL21
 996 001a 68000000 		.4byte	.LFE57
 997 001e 0100     		.2byte	0x1
 998 0020 51       		.byte	0x51
 999 0021 00000000 		.4byte	0
 1000 0025 00000000 		.4byte	0
 1001              	.LLST1:
 1002 0029 00000000 		.4byte	.LVL1
 1003 002d 18000000 		.4byte	.LVL3
 1004 0031 0100     		.2byte	0x1
 1005 0033 52       		.byte	0x52
 1006 0034 18000000 		.4byte	.LVL3
 1007 0038 5E000000 		.4byte	.LVL21
 1008 003c 0400     		.2byte	0x4
 1009 003e F3       		.byte	0xf3
 1010 003f 01       		.uleb128 0x1
 1011 0040 52       		.byte	0x52
 1012 0041 9F       		.byte	0x9f
 1013 0042 5E000000 		.4byte	.LVL21
 1014 0046 68000000 		.4byte	.LFE57
 1015 004a 0100     		.2byte	0x1
 1016 004c 52       		.byte	0x52
 1017 004d 00000000 		.4byte	0
 1018 0051 00000000 		.4byte	0
 1019              	.LLST2:
 1020 0055 12000000 		.4byte	.LVL2
 1021 0059 1A000000 		.4byte	.LVL4
 1022 005d 0200     		.2byte	0x2
 1023 005f 30       		.byte	0x30
 1024 0060 9F       		.byte	0x9f
 1025 0061 1A000000 		.4byte	.LVL4
ARM GAS  /tmp/ccPTNDFx.s 			page 19


 1026 0065 4E000000 		.4byte	.LVL16
 1027 0069 0100     		.2byte	0x1
 1028 006b 55       		.byte	0x55
 1029 006c 00000000 		.4byte	0
 1030 0070 00000000 		.4byte	0
 1031              	.LLST3:
 1032 0074 12000000 		.4byte	.LVL2
 1033 0078 1A000000 		.4byte	.LVL4
 1034 007c 0200     		.2byte	0x2
 1035 007e 30       		.byte	0x30
 1036 007f 9F       		.byte	0x9f
 1037 0080 1A000000 		.4byte	.LVL4
 1038 0084 58000000 		.4byte	.LVL19
 1039 0088 0100     		.2byte	0x1
 1040 008a 52       		.byte	0x52
 1041 008b 00000000 		.4byte	0
 1042 008f 00000000 		.4byte	0
 1043              	.LLST4:
 1044 0093 12000000 		.4byte	.LVL2
 1045 0097 1A000000 		.4byte	.LVL4
 1046 009b 0200     		.2byte	0x2
 1047 009d 30       		.byte	0x30
 1048 009e 9F       		.byte	0x9f
 1049 009f 1A000000 		.4byte	.LVL4
 1050 00a3 50000000 		.4byte	.LVL17
 1051 00a7 0100     		.2byte	0x1
 1052 00a9 54       		.byte	0x54
 1053 00aa 00000000 		.4byte	0
 1054 00ae 00000000 		.4byte	0
 1055              	.LLST5:
 1056 00b2 12000000 		.4byte	.LVL2
 1057 00b6 1A000000 		.4byte	.LVL4
 1058 00ba 0200     		.2byte	0x2
 1059 00bc 30       		.byte	0x30
 1060 00bd 9F       		.byte	0x9f
 1061 00be 1A000000 		.4byte	.LVL4
 1062 00c2 26000000 		.4byte	.LVL6
 1063 00c6 0100     		.2byte	0x1
 1064 00c8 53       		.byte	0x53
 1065 00c9 2A000000 		.4byte	.LVL7
 1066 00cd 5A000000 		.4byte	.LVL20
 1067 00d1 0100     		.2byte	0x1
 1068 00d3 53       		.byte	0x53
 1069 00d4 00000000 		.4byte	0
 1070 00d8 00000000 		.4byte	0
 1071              	.LLST6:
 1072 00dc 12000000 		.4byte	.LVL2
 1073 00e0 56000000 		.4byte	.LVL18
 1074 00e4 0100     		.2byte	0x1
 1075 00e6 57       		.byte	0x57
 1076 00e7 56000000 		.4byte	.LVL18
 1077 00eb 5E000000 		.4byte	.LVL21
 1078 00ef 0F00     		.2byte	0xf
 1079 00f1 F3       		.byte	0xf3
 1080 00f2 01       		.uleb128 0x1
 1081 00f3 52       		.byte	0x52
 1082 00f4 03       		.byte	0x3
ARM GAS  /tmp/ccPTNDFx.s 			page 20


 1083 00f5 00000000 		.4byte	.LANCHOR0
 1084 00f9 22       		.byte	0x22
 1085 00fa 94       		.byte	0x94
 1086 00fb 01       		.byte	0x1
 1087 00fc 08       		.byte	0x8
 1088 00fd FF       		.byte	0xff
 1089 00fe 1A       		.byte	0x1a
 1090 00ff 9F       		.byte	0x9f
 1091 0100 00000000 		.4byte	0
 1092 0104 00000000 		.4byte	0
 1093              	.LLST7:
 1094 0108 12000000 		.4byte	.LVL2
 1095 010c 1A000000 		.4byte	.LVL4
 1096 0110 0200     		.2byte	0x2
 1097 0112 30       		.byte	0x30
 1098 0113 9F       		.byte	0x9f
 1099 0114 1A000000 		.4byte	.LVL4
 1100 0118 44000000 		.4byte	.LVL13
 1101 011c 0500     		.2byte	0x5
 1102 011e 38       		.byte	0x38
 1103 011f 76       		.byte	0x76
 1104 0120 00       		.sleb128 0
 1105 0121 1C       		.byte	0x1c
 1106 0122 9F       		.byte	0x9f
 1107 0123 44000000 		.4byte	.LVL13
 1108 0127 48000000 		.4byte	.LVL14
 1109 012b 0500     		.2byte	0x5
 1110 012d 37       		.byte	0x37
 1111 012e 76       		.byte	0x76
 1112 012f 00       		.sleb128 0
 1113 0130 1C       		.byte	0x1c
 1114 0131 9F       		.byte	0x9f
 1115 0132 00000000 		.4byte	0
 1116 0136 00000000 		.4byte	0
 1117              		.section	.debug_aranges,"",%progbits
 1118 0000 24000000 		.4byte	0x24
 1119 0004 0200     		.2byte	0x2
 1120 0006 00000000 		.4byte	.Ldebug_info0
 1121 000a 04       		.byte	0x4
 1122 000b 00       		.byte	0
 1123 000c 0000     		.2byte	0
 1124 000e 0000     		.2byte	0
 1125 0010 00000000 		.4byte	.LFB56
 1126 0014 6C000000 		.4byte	.LFE56-.LFB56
 1127 0018 00000000 		.4byte	.LFB57
 1128 001c 68000000 		.4byte	.LFE57-.LFB57
 1129 0020 00000000 		.4byte	0
 1130 0024 00000000 		.4byte	0
 1131              		.section	.debug_ranges,"",%progbits
 1132              	.Ldebug_ranges0:
 1133 0000 00000000 		.4byte	.LFB56
 1134 0004 6C000000 		.4byte	.LFE56
 1135 0008 00000000 		.4byte	.LFB57
 1136 000c 68000000 		.4byte	.LFE57
 1137 0010 00000000 		.4byte	0
 1138 0014 00000000 		.4byte	0
 1139              		.section	.debug_line,"",%progbits
ARM GAS  /tmp/ccPTNDFx.s 			page 21


 1140              	.Ldebug_line0:
 1141 0000 7B010000 		.section	.debug_str,"MS",%progbits,1
 1141      02000101 
 1141      00000201 
 1141      FB0E0D00 
 1141      01010101 
 1142              	.LASF19:
 1143 0000 4750494F 		.ascii	"GPIO_TypeDef\000"
 1143      5F547970 
 1143      65446566 
 1143      00
 1144              	.LASF31:
 1145 000d 50434461 		.ascii	"PCData\000"
 1145      746100
 1146              	.LASF27:
 1147 0014 5243435F 		.ascii	"RCC_TypeDef\000"
 1147      54797065 
 1147      44656600 
 1148              	.LASF39:
 1149 0020 5F70616C 		.ascii	"_pal_lld_setgroupmode\000"
 1149      5F6C6C64 
 1149      5F736574 
 1149      67726F75 
 1149      706D6F64 
 1150              	.LASF38:
 1151 0036 5F70616C 		.ascii	"_pal_lld_init\000"
 1151      5F6C6C64 
 1151      5F696E69 
 1151      7400
 1152              	.LASF3:
 1153 0044 73686F72 		.ascii	"short int\000"
 1153      7420696E 
 1153      7400
 1154              	.LASF16:
 1155 004e 73697A65 		.ascii	"sizetype\000"
 1155      74797065 
 1155      00
 1156              	.LASF26:
 1157 0057 42444352 		.ascii	"BDCR\000"
 1157      00
 1158              	.LASF8:
 1159 005c 5F5F7569 		.ascii	"__uint32_t\000"
 1159      6E743332 
 1159      5F7400
 1160              	.LASF22:
 1161 0067 41504231 		.ascii	"APB1RSTR\000"
 1161      52535452 
 1161      00
 1162              	.LASF43:
 1163 0070 6D6F6465 		.ascii	"mode\000"
 1163      00
 1164              	.LASF17:
 1165 0075 42535252 		.ascii	"BSRR\000"
 1165      00
 1166              	.LASF40:
 1167 007a 636F6E66 		.ascii	"config\000"
 1167      696700
ARM GAS  /tmp/ccPTNDFx.s 			page 22


 1168              	.LASF36:
 1169 0081 696F6D6F 		.ascii	"iomode_t\000"
 1169      64655F74 
 1169      00
 1170              	.LASF12:
 1171 008a 75696E74 		.ascii	"uint8_t\000"
 1171      385F7400 
 1172              	.LASF25:
 1173 0092 41504231 		.ascii	"APB1ENR\000"
 1173      454E5200 
 1174              	.LASF35:
 1175 009a 696F706F 		.ascii	"ioportmask_t\000"
 1175      72746D61 
 1175      736B5F74 
 1175      00
 1176              	.LASF1:
 1177 00a7 7369676E 		.ascii	"signed char\000"
 1177      65642063 
 1177      68617200 
 1178              	.LASF46:
 1179 00b3 2E2E2F6F 		.ascii	"../os/hal/platforms/STM32/GPIOv1/pal_lld.c\000"
 1179      732F6861 
 1179      6C2F706C 
 1179      6174666F 
 1179      726D732F 
 1180              	.LASF29:
 1181 00de 50414461 		.ascii	"PAData\000"
 1181      746100
 1182              	.LASF10:
 1183 00e5 6C6F6E67 		.ascii	"long long int\000"
 1183      206C6F6E 
 1183      6720696E 
 1183      7400
 1184              	.LASF7:
 1185 00f3 6C6F6E67 		.ascii	"long int\000"
 1185      20696E74 
 1185      00
 1186              	.LASF32:
 1187 00fc 50444461 		.ascii	"PDData\000"
 1187      746100
 1188              	.LASF23:
 1189 0103 41484245 		.ascii	"AHBENR\000"
 1189      4E5200
 1190              	.LASF21:
 1191 010a 41504232 		.ascii	"APB2RSTR\000"
 1191      52535452 
 1191      00
 1192              	.LASF5:
 1193 0113 5F5F7569 		.ascii	"__uint8_t\000"
 1193      6E74385F 
 1193      7400
 1194              	.LASF37:
 1195 011d 696F706F 		.ascii	"ioportid_t\000"
 1195      72746964 
 1195      5F7400
 1196              	.LASF44:
 1197 0128 63666774 		.ascii	"cfgtab\000"
ARM GAS  /tmp/ccPTNDFx.s 			page 23


 1197      616200
 1198              	.LASF2:
 1199 012f 756E7369 		.ascii	"unsigned char\000"
 1199      676E6564 
 1199      20636861 
 1199      7200
 1200              	.LASF24:
 1201 013d 41504232 		.ascii	"APB2ENR\000"
 1201      454E5200 
 1202              	.LASF11:
 1203 0145 6C6F6E67 		.ascii	"long long unsigned int\000"
 1203      206C6F6E 
 1203      6720756E 
 1203      7369676E 
 1203      65642069 
 1204              	.LASF14:
 1205 015c 75696E74 		.ascii	"uint32_t\000"
 1205      33325F74 
 1205      00
 1206              	.LASF0:
 1207 0165 756E7369 		.ascii	"unsigned int\000"
 1207      676E6564 
 1207      20696E74 
 1207      00
 1208              	.LASF28:
 1209 0172 73746D33 		.ascii	"stm32_gpio_setup_t\000"
 1209      325F6770 
 1209      696F5F73 
 1209      65747570 
 1209      5F7400
 1210              	.LASF45:
 1211 0185 474E5520 		.ascii	"GNU C 4.8.4 20141219 (release) -mcpu=cortex-m3 -mno"
 1211      4320342E 
 1211      382E3420 
 1211      32303134 
 1211      31323139 
 1212 01b8 2D746875 		.ascii	"-thumb-interwork -mthumb -ggdb -O2 -fomit-frame-poi"
 1212      6D622D69 
 1212      6E746572 
 1212      776F726B 
 1212      202D6D74 
 1213 01eb 6E746572 		.ascii	"nter -falign-functions=16 -ffunction-sections -fdat"
 1213      202D6661 
 1213      6C69676E 
 1213      2D66756E 
 1213      6374696F 
 1214 021e 612D7365 		.ascii	"a-sections -fno-common -fno-strict-aliasing\000"
 1214      6374696F 
 1214      6E73202D 
 1214      666E6F2D 
 1214      636F6D6D 
 1215              	.LASF47:
 1216 024a 2F686F6D 		.ascii	"/home/dltech-deb/gdrive/Projects/RFM_to_Modbus_TCP/"
 1216      652F646C 
 1216      74656368 
 1216      2D646562 
 1216      2F676472 
ARM GAS  /tmp/ccPTNDFx.s 			page 24


 1217 027d 43686962 		.ascii	"ChibiOS/F103_ChibiOS_ENC60J28/main\000"
 1217      694F532F 
 1217      46313033 
 1217      5F436869 
 1217      62694F53 
 1218              	.LASF13:
 1219 02a0 696E7433 		.ascii	"int32_t\000"
 1219      325F7400 
 1220              	.LASF34:
 1221 02a8 50414C43 		.ascii	"PALConfig\000"
 1221      6F6E6669 
 1221      6700
 1222              	.LASF15:
 1223 02b2 5F426F6F 		.ascii	"_Bool\000"
 1223      6C00
 1224              	.LASF33:
 1225 02b8 50454461 		.ascii	"PEData\000"
 1225      746100
 1226              	.LASF4:
 1227 02bf 73686F72 		.ascii	"short unsigned int\000"
 1227      7420756E 
 1227      7369676E 
 1227      65642069 
 1227      6E7400
 1228              	.LASF41:
 1229 02d2 706F7274 		.ascii	"port\000"
 1229      00
 1230              	.LASF9:
 1231 02d7 6C6F6E67 		.ascii	"long unsigned int\000"
 1231      20756E73 
 1231      69676E65 
 1231      6420696E 
 1231      7400
 1232              	.LASF42:
 1233 02e9 6D61736B 		.ascii	"mask\000"
 1233      00
 1234              	.LASF6:
 1235 02ee 5F5F696E 		.ascii	"__int32_t\000"
 1235      7433325F 
 1235      7400
 1236              	.LASF48:
 1237 02f8 49544D5F 		.ascii	"ITM_RxBuffer\000"
 1237      52784275 
 1237      66666572 
 1237      00
 1238              	.LASF30:
 1239 0305 50424461 		.ascii	"PBData\000"
 1239      746100
 1240              	.LASF20:
 1241 030c 43464752 		.ascii	"CFGR\000"
 1241      00
 1242              	.LASF18:
 1243 0311 4C434B52 		.ascii	"LCKR\000"
 1243      00
 1244              		.ident	"GCC: (4.8.4-1+11-1) 4.8.4 20141219 (release)"
ARM GAS  /tmp/ccPTNDFx.s 			page 25


DEFINED SYMBOLS
                            *ABS*:0000000000000000 pal_lld.c
     /tmp/ccPTNDFx.s:19     .text._pal_lld_init:0000000000000000 $t
     /tmp/ccPTNDFx.s:25     .text._pal_lld_init:0000000000000000 _pal_lld_init
     /tmp/ccPTNDFx.s:109    .text._pal_lld_init:0000000000000058 $d
     /tmp/ccPTNDFx.s:118    .text._pal_lld_setgroupmode:0000000000000000 $t
     /tmp/ccPTNDFx.s:124    .text._pal_lld_setgroupmode:0000000000000000 _pal_lld_setgroupmode
     /tmp/ccPTNDFx.s:232    .text._pal_lld_setgroupmode:0000000000000064 $d
     /tmp/ccPTNDFx.s:237    .rodata.cfgtab.6118:0000000000000000 $d
     /tmp/ccPTNDFx.s:241    .rodata.cfgtab.6118:0000000000000000 cfgtab.6118
                     .debug_frame:0000000000000010 $d
     /tmp/ccPTNDFx.s:117    .text._pal_lld_init:000000000000006c $t
     /tmp/ccPTNDFx.s:236    .text._pal_lld_setgroupmode:0000000000000068 $t

NO UNDEFINED SYMBOLS
