ARM GAS  /tmp/ccgNOVvJ.s 			page 1


   1              		.syntax unified
   2              		.cpu cortex-m3
   3              		.fpu softvfp
   4              		.eabi_attribute 20, 1
   5              		.eabi_attribute 21, 1
   6              		.eabi_attribute 23, 3
   7              		.eabi_attribute 24, 1
   8              		.eabi_attribute 25, 1
   9              		.eabi_attribute 26, 1
  10              		.eabi_attribute 30, 2
  11              		.eabi_attribute 34, 1
  12              		.eabi_attribute 18, 4
  13              		.thumb
  14              		.file	"stm32_dma.c"
  15              		.text
  16              	.Ltext0:
  17              		.cfi_sections	.debug_frame
  18              		.section	.text.Vector6C,"ax",%progbits
  19              		.align	2
  20              		.p2align 4,,15
  21              		.global	Vector6C
  22              		.thumb
  23              		.thumb_func
  24              		.type	Vector6C, %function
  25              	Vector6C:
  26              	.LFB56:
  27              		.file 1 "../os/hal/platforms/STM32F1xx/stm32_dma.c"
  28              		.loc 1 126 0
  29              		.cfi_startproc
  30              		@ args = 0, pretend = 0, frame = 0
  31              		@ frame_needed = 0, uses_anonymous_args = 0
  32 0000 08B5     		push	{r3, lr}
  33              		.cfi_def_cfa_offset 8
  34              		.cfi_offset 3, -8
  35              		.cfi_offset 14, -4
  36              		.loc 1 131 0
  37 0002 074B     		ldr	r3, .L7
  38              		.loc 1 133 0
  39 0004 074A     		ldr	r2, .L7+4
  40              		.loc 1 131 0
  41 0006 1968     		ldr	r1, [r3]
  42 0008 01F00F01 		and	r1, r1, #15
  43              	.LVL0:
  44              		.loc 1 132 0
  45 000c 5960     		str	r1, [r3, #4]
  46              		.loc 1 133 0
  47 000e 1368     		ldr	r3, [r2]
  48 0010 0BB1     		cbz	r3, .L2
  49              		.loc 1 134 0
  50 0012 5068     		ldr	r0, [r2, #4]
  51 0014 9847     		blx	r3
  52              	.LVL1:
  53              	.L2:
  54              		.loc 1 137 0
  55 0016 BDE80840 		pop	{r3, lr}
  56              		.loc 1 136 0
  57 001a FFF7FEBF 		b	_port_irq_epilogue
ARM GAS  /tmp/ccgNOVvJ.s 			page 2


  58              	.LVL2:
  59              	.L8:
  60 001e 00BF     		.align	2
  61              	.L7:
  62 0020 00000240 		.word	1073872896
  63 0024 00000000 		.word	.LANCHOR0
  64              		.cfi_endproc
  65              	.LFE56:
  66              		.size	Vector6C, .-Vector6C
  67 0028 AFF30080 		.section	.text.Vector70,"ax",%progbits
  67      AFF30080 
  68              		.align	2
  69              		.p2align 4,,15
  70              		.global	Vector70
  71              		.thumb
  72              		.thumb_func
  73              		.type	Vector70, %function
  74              	Vector70:
  75              	.LFB57:
  76              		.loc 1 144 0
  77              		.cfi_startproc
  78              		@ args = 0, pretend = 0, frame = 0
  79              		@ frame_needed = 0, uses_anonymous_args = 0
  80 0000 10B5     		push	{r4, lr}
  81              		.cfi_def_cfa_offset 8
  82              		.cfi_offset 4, -8
  83              		.cfi_offset 14, -4
  84              		.loc 1 149 0
  85 0002 074B     		ldr	r3, .L14
  86              		.loc 1 151 0
  87 0004 0748     		ldr	r0, .L14+4
  88              		.loc 1 149 0
  89 0006 1968     		ldr	r1, [r3]
  90              		.loc 1 151 0
  91 0008 8268     		ldr	r2, [r0, #8]
  92              		.loc 1 149 0
  93 000a C1F30311 		ubfx	r1, r1, #4, #4
  94              	.LVL3:
  95              		.loc 1 150 0
  96 000e 0C01     		lsls	r4, r1, #4
  97 0010 5C60     		str	r4, [r3, #4]
  98              		.loc 1 151 0
  99 0012 0AB1     		cbz	r2, .L10
 100              		.loc 1 152 0
 101 0014 C068     		ldr	r0, [r0, #12]
 102 0016 9047     		blx	r2
 103              	.LVL4:
 104              	.L10:
 105              		.loc 1 155 0
 106 0018 BDE81040 		pop	{r4, lr}
 107              		.loc 1 154 0
 108 001c FFF7FEBF 		b	_port_irq_epilogue
 109              	.LVL5:
 110              	.L15:
 111              		.align	2
 112              	.L14:
 113 0020 00000240 		.word	1073872896
ARM GAS  /tmp/ccgNOVvJ.s 			page 3


 114 0024 00000000 		.word	.LANCHOR0
 115              		.cfi_endproc
 116              	.LFE57:
 117              		.size	Vector70, .-Vector70
 118 0028 AFF30080 		.section	.text.Vector74,"ax",%progbits
 118      AFF30080 
 119              		.align	2
 120              		.p2align 4,,15
 121              		.global	Vector74
 122              		.thumb
 123              		.thumb_func
 124              		.type	Vector74, %function
 125              	Vector74:
 126              	.LFB58:
 127              		.loc 1 162 0
 128              		.cfi_startproc
 129              		@ args = 0, pretend = 0, frame = 0
 130              		@ frame_needed = 0, uses_anonymous_args = 0
 131 0000 10B5     		push	{r4, lr}
 132              		.cfi_def_cfa_offset 8
 133              		.cfi_offset 4, -8
 134              		.cfi_offset 14, -4
 135              		.loc 1 167 0
 136 0002 074B     		ldr	r3, .L21
 137              		.loc 1 169 0
 138 0004 0748     		ldr	r0, .L21+4
 139              		.loc 1 167 0
 140 0006 1968     		ldr	r1, [r3]
 141              		.loc 1 169 0
 142 0008 0269     		ldr	r2, [r0, #16]
 143              		.loc 1 167 0
 144 000a C1F30321 		ubfx	r1, r1, #8, #4
 145              	.LVL6:
 146              		.loc 1 168 0
 147 000e 0C02     		lsls	r4, r1, #8
 148 0010 5C60     		str	r4, [r3, #4]
 149              		.loc 1 169 0
 150 0012 0AB1     		cbz	r2, .L17
 151              		.loc 1 170 0
 152 0014 4069     		ldr	r0, [r0, #20]
 153 0016 9047     		blx	r2
 154              	.LVL7:
 155              	.L17:
 156              		.loc 1 173 0
 157 0018 BDE81040 		pop	{r4, lr}
 158              		.loc 1 172 0
 159 001c FFF7FEBF 		b	_port_irq_epilogue
 160              	.LVL8:
 161              	.L22:
 162              		.align	2
 163              	.L21:
 164 0020 00000240 		.word	1073872896
 165 0024 00000000 		.word	.LANCHOR0
 166              		.cfi_endproc
 167              	.LFE58:
 168              		.size	Vector74, .-Vector74
 169 0028 AFF30080 		.section	.text.Vector78,"ax",%progbits
ARM GAS  /tmp/ccgNOVvJ.s 			page 4


 169      AFF30080 
 170              		.align	2
 171              		.p2align 4,,15
 172              		.global	Vector78
 173              		.thumb
 174              		.thumb_func
 175              		.type	Vector78, %function
 176              	Vector78:
 177              	.LFB59:
 178              		.loc 1 180 0
 179              		.cfi_startproc
 180              		@ args = 0, pretend = 0, frame = 0
 181              		@ frame_needed = 0, uses_anonymous_args = 0
 182 0000 10B5     		push	{r4, lr}
 183              		.cfi_def_cfa_offset 8
 184              		.cfi_offset 4, -8
 185              		.cfi_offset 14, -4
 186              		.loc 1 185 0
 187 0002 074B     		ldr	r3, .L28
 188              		.loc 1 187 0
 189 0004 0748     		ldr	r0, .L28+4
 190              		.loc 1 185 0
 191 0006 1968     		ldr	r1, [r3]
 192              		.loc 1 187 0
 193 0008 8269     		ldr	r2, [r0, #24]
 194              		.loc 1 185 0
 195 000a C1F30331 		ubfx	r1, r1, #12, #4
 196              	.LVL9:
 197              		.loc 1 186 0
 198 000e 0C03     		lsls	r4, r1, #12
 199 0010 5C60     		str	r4, [r3, #4]
 200              		.loc 1 187 0
 201 0012 0AB1     		cbz	r2, .L24
 202              		.loc 1 188 0
 203 0014 C069     		ldr	r0, [r0, #28]
 204 0016 9047     		blx	r2
 205              	.LVL10:
 206              	.L24:
 207              		.loc 1 191 0
 208 0018 BDE81040 		pop	{r4, lr}
 209              		.loc 1 190 0
 210 001c FFF7FEBF 		b	_port_irq_epilogue
 211              	.LVL11:
 212              	.L29:
 213              		.align	2
 214              	.L28:
 215 0020 00000240 		.word	1073872896
 216 0024 00000000 		.word	.LANCHOR0
 217              		.cfi_endproc
 218              	.LFE59:
 219              		.size	Vector78, .-Vector78
 220 0028 AFF30080 		.section	.text.Vector7C,"ax",%progbits
 220      AFF30080 
 221              		.align	2
 222              		.p2align 4,,15
 223              		.global	Vector7C
 224              		.thumb
ARM GAS  /tmp/ccgNOVvJ.s 			page 5


 225              		.thumb_func
 226              		.type	Vector7C, %function
 227              	Vector7C:
 228              	.LFB60:
 229              		.loc 1 198 0
 230              		.cfi_startproc
 231              		@ args = 0, pretend = 0, frame = 0
 232              		@ frame_needed = 0, uses_anonymous_args = 0
 233 0000 10B5     		push	{r4, lr}
 234              		.cfi_def_cfa_offset 8
 235              		.cfi_offset 4, -8
 236              		.cfi_offset 14, -4
 237              		.loc 1 203 0
 238 0002 074B     		ldr	r3, .L35
 239              		.loc 1 205 0
 240 0004 0748     		ldr	r0, .L35+4
 241              		.loc 1 203 0
 242 0006 1968     		ldr	r1, [r3]
 243              		.loc 1 205 0
 244 0008 026A     		ldr	r2, [r0, #32]
 245              		.loc 1 203 0
 246 000a C1F30341 		ubfx	r1, r1, #16, #4
 247              	.LVL12:
 248              		.loc 1 204 0
 249 000e 0C04     		lsls	r4, r1, #16
 250 0010 5C60     		str	r4, [r3, #4]
 251              		.loc 1 205 0
 252 0012 0AB1     		cbz	r2, .L31
 253              		.loc 1 206 0
 254 0014 406A     		ldr	r0, [r0, #36]
 255 0016 9047     		blx	r2
 256              	.LVL13:
 257              	.L31:
 258              		.loc 1 209 0
 259 0018 BDE81040 		pop	{r4, lr}
 260              		.loc 1 208 0
 261 001c FFF7FEBF 		b	_port_irq_epilogue
 262              	.LVL14:
 263              	.L36:
 264              		.align	2
 265              	.L35:
 266 0020 00000240 		.word	1073872896
 267 0024 00000000 		.word	.LANCHOR0
 268              		.cfi_endproc
 269              	.LFE60:
 270              		.size	Vector7C, .-Vector7C
 271 0028 AFF30080 		.section	.text.Vector80,"ax",%progbits
 271      AFF30080 
 272              		.align	2
 273              		.p2align 4,,15
 274              		.global	Vector80
 275              		.thumb
 276              		.thumb_func
 277              		.type	Vector80, %function
 278              	Vector80:
 279              	.LFB61:
 280              		.loc 1 216 0
ARM GAS  /tmp/ccgNOVvJ.s 			page 6


 281              		.cfi_startproc
 282              		@ args = 0, pretend = 0, frame = 0
 283              		@ frame_needed = 0, uses_anonymous_args = 0
 284 0000 10B5     		push	{r4, lr}
 285              		.cfi_def_cfa_offset 8
 286              		.cfi_offset 4, -8
 287              		.cfi_offset 14, -4
 288              		.loc 1 221 0
 289 0002 074B     		ldr	r3, .L42
 290              		.loc 1 223 0
 291 0004 0748     		ldr	r0, .L42+4
 292              		.loc 1 221 0
 293 0006 1968     		ldr	r1, [r3]
 294              		.loc 1 223 0
 295 0008 826A     		ldr	r2, [r0, #40]
 296              		.loc 1 221 0
 297 000a C1F30351 		ubfx	r1, r1, #20, #4
 298              	.LVL15:
 299              		.loc 1 222 0
 300 000e 0C05     		lsls	r4, r1, #20
 301 0010 5C60     		str	r4, [r3, #4]
 302              		.loc 1 223 0
 303 0012 0AB1     		cbz	r2, .L38
 304              		.loc 1 224 0
 305 0014 C06A     		ldr	r0, [r0, #44]
 306 0016 9047     		blx	r2
 307              	.LVL16:
 308              	.L38:
 309              		.loc 1 227 0
 310 0018 BDE81040 		pop	{r4, lr}
 311              		.loc 1 226 0
 312 001c FFF7FEBF 		b	_port_irq_epilogue
 313              	.LVL17:
 314              	.L43:
 315              		.align	2
 316              	.L42:
 317 0020 00000240 		.word	1073872896
 318 0024 00000000 		.word	.LANCHOR0
 319              		.cfi_endproc
 320              	.LFE61:
 321              		.size	Vector80, .-Vector80
 322 0028 AFF30080 		.section	.text.Vector84,"ax",%progbits
 322      AFF30080 
 323              		.align	2
 324              		.p2align 4,,15
 325              		.global	Vector84
 326              		.thumb
 327              		.thumb_func
 328              		.type	Vector84, %function
 329              	Vector84:
 330              	.LFB62:
 331              		.loc 1 234 0
 332              		.cfi_startproc
 333              		@ args = 0, pretend = 0, frame = 0
 334              		@ frame_needed = 0, uses_anonymous_args = 0
 335 0000 10B5     		push	{r4, lr}
 336              		.cfi_def_cfa_offset 8
ARM GAS  /tmp/ccgNOVvJ.s 			page 7


 337              		.cfi_offset 4, -8
 338              		.cfi_offset 14, -4
 339              		.loc 1 239 0
 340 0002 074B     		ldr	r3, .L49
 341              		.loc 1 241 0
 342 0004 0748     		ldr	r0, .L49+4
 343              		.loc 1 239 0
 344 0006 1968     		ldr	r1, [r3]
 345              		.loc 1 241 0
 346 0008 026B     		ldr	r2, [r0, #48]
 347              		.loc 1 239 0
 348 000a C1F30361 		ubfx	r1, r1, #24, #4
 349              	.LVL18:
 350              		.loc 1 240 0
 351 000e 0C06     		lsls	r4, r1, #24
 352 0010 5C60     		str	r4, [r3, #4]
 353              		.loc 1 241 0
 354 0012 0AB1     		cbz	r2, .L45
 355              		.loc 1 242 0
 356 0014 406B     		ldr	r0, [r0, #52]
 357 0016 9047     		blx	r2
 358              	.LVL19:
 359              	.L45:
 360              		.loc 1 245 0
 361 0018 BDE81040 		pop	{r4, lr}
 362              		.loc 1 244 0
 363 001c FFF7FEBF 		b	_port_irq_epilogue
 364              	.LVL20:
 365              	.L50:
 366              		.align	2
 367              	.L49:
 368 0020 00000240 		.word	1073872896
 369 0024 00000000 		.word	.LANCHOR0
 370              		.cfi_endproc
 371              	.LFE62:
 372              		.size	Vector84, .-Vector84
 373 0028 AFF30080 		.section	.text.dmaInit,"ax",%progbits
 373      AFF30080 
 374              		.align	2
 375              		.p2align 4,,15
 376              		.global	dmaInit
 377              		.thumb
 378              		.thumb_func
 379              		.type	dmaInit, %function
 380              	dmaInit:
 381              	.LFB63:
 382              		.loc 1 381 0
 383              		.cfi_startproc
 384              		@ args = 0, pretend = 0, frame = 0
 385              		@ frame_needed = 0, uses_anonymous_args = 0
 386              		@ link register save eliminated.
 387              		.loc 1 384 0
 388 0000 0A49     		ldr	r1, .L55
 389              		.loc 1 381 0
 390 0002 30B4     		push	{r4, r5}
 391              		.cfi_def_cfa_offset 8
 392              		.cfi_offset 4, -8
ARM GAS  /tmp/ccgNOVvJ.s 			page 8


 393              		.cfi_offset 5, -4
 394              		.loc 1 384 0
 395 0004 0023     		movs	r3, #0
 396 0006 0A4D     		ldr	r5, .L55+4
 397 0008 0A4C     		ldr	r4, .L55+8
 398 000a 0B60     		str	r3, [r1]
 399              	.LVL21:
 400 000c 1A46     		mov	r2, r3
 401              		.loc 1 386 0
 402 000e 1946     		mov	r1, r3
 403              	.LVL22:
 404              	.L53:
 405              		.loc 1 386 0 is_stmt 0 discriminator 2
 406 0010 E858     		ldr	r0, [r5, r3]
 407 0012 0C33     		adds	r3, r3, #12
 408              		.loc 1 385 0 is_stmt 1 discriminator 2
 409 0014 542B     		cmp	r3, #84
 410              		.loc 1 386 0 discriminator 2
 411 0016 0160     		str	r1, [r0]
 412              		.loc 1 387 0 discriminator 2
 413 0018 A150     		str	r1, [r4, r2]
 414 001a 02F10802 		add	r2, r2, #8
 415              		.loc 1 385 0 discriminator 2
 416 001e F7D1     		bne	.L53
 417              		.loc 1 389 0
 418 0020 054B     		ldr	r3, .L55+12
 419 0022 4FF0FF32 		mov	r2, #-1
 420 0026 5A60     		str	r2, [r3, #4]
 421              		.loc 1 393 0
 422 0028 30BC     		pop	{r4, r5}
 423 002a 7047     		bx	lr
 424              	.L56:
 425              		.align	2
 426              	.L55:
 427 002c 00000000 		.word	.LANCHOR1
 428 0030 00000000 		.word	.LANCHOR2
 429 0034 00000000 		.word	.LANCHOR0
 430 0038 00000240 		.word	1073872896
 431              		.cfi_endproc
 432              	.LFE63:
 433              		.size	dmaInit, .-dmaInit
 434 003c AFF30080 		.section	.text.dmaStreamAllocate,"ax",%progbits
 435              		.align	2
 436              		.p2align 4,,15
 437              		.global	dmaStreamAllocate
 438              		.thumb
 439              		.thumb_func
 440              		.type	dmaStreamAllocate, %function
 441              	dmaStreamAllocate:
 442              	.LFB64:
 443              		.loc 1 422 0
 444              		.cfi_startproc
 445              		@ args = 0, pretend = 0, frame = 0
 446              		@ frame_needed = 0, uses_anonymous_args = 0
 447              	.LVL23:
 448 0000 F8B5     		push	{r3, r4, r5, r6, r7, lr}
 449              		.cfi_def_cfa_offset 24
ARM GAS  /tmp/ccgNOVvJ.s 			page 9


 450              		.cfi_offset 3, -24
 451              		.cfi_offset 4, -20
 452              		.cfi_offset 5, -16
 453              		.cfi_offset 6, -12
 454              		.cfi_offset 7, -8
 455              		.cfi_offset 14, -4
 456              		.loc 1 427 0
 457 0002 467A     		ldrb	r6, [r0, #9]	@ zero_extendqisi2
 458 0004 0124     		movs	r4, #1
 459 0006 04FA06FC 		lsl	ip, r4, r6
 460 000a 194D     		ldr	r5, .L65
 461 000c 2F68     		ldr	r7, [r5]
 462 000e 1CEA070F 		tst	ip, r7
 463 0012 28D1     		bne	.L60
 464              		.loc 1 431 0
 465 0014 DFF860C0 		ldr	ip, .L65+8
 466 0018 4CF83620 		str	r2, [ip, r6, lsl #3]
 467              		.loc 1 432 0
 468 001c 467A     		ldrb	r6, [r0, #9]	@ zero_extendqisi2
 469 001e 0CEBC60C 		add	ip, ip, r6, lsl #3
 470 0022 CCF80430 		str	r3, [ip, #4]
 471              		.loc 1 433 0
 472 0026 437A     		ldrb	r3, [r0, #9]	@ zero_extendqisi2
 473              	.LVL24:
 474 0028 9C40     		lsls	r4, r4, r3
 475 002a 2743     		orrs	r7, r7, r4
 476              		.loc 1 436 0
 477 002c 7B06     		lsls	r3, r7, #25
 478              		.loc 1 433 0
 479 002e 2F60     		str	r7, [r5]
 480              		.loc 1 436 0
 481 0030 04D0     		beq	.L59
 482              		.loc 1 437 0
 483 0032 104B     		ldr	r3, .L65+4
 484 0034 5C69     		ldr	r4, [r3, #20]
 485 0036 44F00104 		orr	r4, r4, #1
 486 003a 5C61     		str	r4, [r3, #20]
 487              	.LVL25:
 488              	.L59:
 489              		.loc 1 444 0
 490 003c 0368     		ldr	r3, [r0]
 491 003e 0F26     		movs	r6, #15
 492 0040 1D68     		ldr	r5, [r3]
 493              		.loc 1 445 0
 494 0042 0024     		movs	r4, #0
 495              		.loc 1 444 0
 496 0044 25F00F05 		bic	r5, r5, #15
 497 0048 1D60     		str	r5, [r3]
 498 004a 057A     		ldrb	r5, [r0, #8]	@ zero_extendqisi2
 499 004c 4368     		ldr	r3, [r0, #4]
 500 004e 06FA05F5 		lsl	r5, r6, r5
 501 0052 1D60     		str	r5, [r3]
 502              		.loc 1 445 0
 503 0054 0368     		ldr	r3, [r0]
 504 0056 1C60     		str	r4, [r3]
 505              		.loc 1 448 0
 506 0058 3AB1     		cbz	r2, .L61
ARM GAS  /tmp/ccgNOVvJ.s 			page 10


 507              		.loc 1 449 0
 508 005a 807A     		ldrb	r0, [r0, #10]	@ zero_extendqisi2
 509              	.LVL26:
 510 005c 0901     		lsls	r1, r1, #4
 511              	.LVL27:
 512 005e FFF7FEFF 		bl	nvicEnableVector
 513              	.LVL28:
 514              		.loc 1 451 0
 515 0062 2046     		mov	r0, r4
 516 0064 F8BD     		pop	{r3, r4, r5, r6, r7, pc}
 517              	.LVL29:
 518              	.L60:
 519              		.loc 1 428 0
 520 0066 2046     		mov	r0, r4
 521              	.LVL30:
 522 0068 F8BD     		pop	{r3, r4, r5, r6, r7, pc}
 523              	.LVL31:
 524              	.L61:
 525              		.loc 1 451 0
 526 006a 1046     		mov	r0, r2
 527              	.LVL32:
 528              		.loc 1 452 0
 529 006c F8BD     		pop	{r3, r4, r5, r6, r7, pc}
 530              	.L66:
 531 006e 00BF     		.align	2
 532              	.L65:
 533 0070 00000000 		.word	.LANCHOR1
 534 0074 00100240 		.word	1073876992
 535 0078 00000000 		.word	.LANCHOR0
 536              		.cfi_endproc
 537              	.LFE64:
 538              		.size	dmaStreamAllocate, .-dmaStreamAllocate
 539 007c AFF30080 		.section	.text.dmaStreamRelease,"ax",%progbits
 540              		.align	2
 541              		.p2align 4,,15
 542              		.global	dmaStreamRelease
 543              		.thumb
 544              		.thumb_func
 545              		.type	dmaStreamRelease, %function
 546              	dmaStreamRelease:
 547              	.LFB65:
 548              		.loc 1 467 0
 549              		.cfi_startproc
 550              		@ args = 0, pretend = 0, frame = 0
 551              		@ frame_needed = 0, uses_anonymous_args = 0
 552              	.LVL33:
 553 0000 10B5     		push	{r4, lr}
 554              		.cfi_def_cfa_offset 8
 555              		.cfi_offset 4, -8
 556              		.cfi_offset 14, -4
 557              		.loc 1 476 0
 558 0002 437A     		ldrb	r3, [r0, #9]	@ zero_extendqisi2
 559 0004 0122     		movs	r2, #1
 560 0006 9A40     		lsls	r2, r2, r3
 561 0008 084C     		ldr	r4, .L69
 562              		.loc 1 480 0
 563 000a 807A     		ldrb	r0, [r0, #10]	@ zero_extendqisi2
ARM GAS  /tmp/ccgNOVvJ.s 			page 11


 564              	.LVL34:
 565              		.loc 1 476 0
 566 000c 2368     		ldr	r3, [r4]
 567 000e 23EA0203 		bic	r3, r3, r2
 568 0012 2360     		str	r3, [r4]
 569              		.loc 1 480 0
 570 0014 FFF7FEFF 		bl	nvicDisableVector
 571              	.LVL35:
 572              		.loc 1 493 0
 573 0018 2368     		ldr	r3, [r4]
 574 001a 5B06     		lsls	r3, r3, #25
 575 001c 04D1     		bne	.L67
 576              		.loc 1 494 0
 577 001e 044B     		ldr	r3, .L69+4
 578 0020 5A69     		ldr	r2, [r3, #20]
 579 0022 22F00102 		bic	r2, r2, #1
 580 0026 5A61     		str	r2, [r3, #20]
 581              	.L67:
 582 0028 10BD     		pop	{r4, pc}
 583              	.L70:
 584 002a 00BF     		.align	2
 585              	.L69:
 586 002c 00000000 		.word	.LANCHOR1
 587 0030 00100240 		.word	1073876992
 588              		.cfi_endproc
 589              	.LFE65:
 590              		.size	dmaStreamRelease, .-dmaStreamRelease
 591              		.global	_stm32_dma_streams
 592 0034 AFF30080 		.section	.bss.dma_isr_redir,"aw",%nobits
 592      AFF30080 
 592      AFF30080 
 593              		.align	2
 594              		.set	.LANCHOR0,. + 0
 595              		.type	dma_isr_redir, %object
 596              		.size	dma_isr_redir, 56
 597              	dma_isr_redir:
 598 0000 00000000 		.space	56
 598      00000000 
 598      00000000 
 598      00000000 
 598      00000000 
 599              		.section	.rodata._stm32_dma_streams,"a",%progbits
 600              		.align	2
 601              		.set	.LANCHOR2,. + 0
 602              		.type	_stm32_dma_streams, %object
 603              		.size	_stm32_dma_streams, 84
 604              	_stm32_dma_streams:
 605 0000 08000240 		.word	1073872904
 606 0004 04000240 		.word	1073872900
 607 0008 00       		.byte	0
 608 0009 00       		.byte	0
 609 000a 0B       		.byte	11
 610 000b 00       		.space	1
 611 000c 1C000240 		.word	1073872924
 612 0010 04000240 		.word	1073872900
 613 0014 04       		.byte	4
 614 0015 01       		.byte	1
ARM GAS  /tmp/ccgNOVvJ.s 			page 12


 615 0016 0C       		.byte	12
 616 0017 00       		.space	1
 617 0018 30000240 		.word	1073872944
 618 001c 04000240 		.word	1073872900
 619 0020 08       		.byte	8
 620 0021 02       		.byte	2
 621 0022 0D       		.byte	13
 622 0023 00       		.space	1
 623 0024 44000240 		.word	1073872964
 624 0028 04000240 		.word	1073872900
 625 002c 0C       		.byte	12
 626 002d 03       		.byte	3
 627 002e 0E       		.byte	14
 628 002f 00       		.space	1
 629 0030 58000240 		.word	1073872984
 630 0034 04000240 		.word	1073872900
 631 0038 10       		.byte	16
 632 0039 04       		.byte	4
 633 003a 0F       		.byte	15
 634 003b 00       		.space	1
 635 003c 6C000240 		.word	1073873004
 636 0040 04000240 		.word	1073872900
 637 0044 14       		.byte	20
 638 0045 05       		.byte	5
 639 0046 10       		.byte	16
 640 0047 00       		.space	1
 641 0048 80000240 		.word	1073873024
 642 004c 04000240 		.word	1073872900
 643 0050 18       		.byte	24
 644 0051 06       		.byte	6
 645 0052 11       		.byte	17
 646 0053 00       		.space	1
 647              		.section	.bss.dma_streams_mask,"aw",%nobits
 648              		.align	2
 649              		.set	.LANCHOR1,. + 0
 650              		.type	dma_streams_mask, %object
 651              		.size	dma_streams_mask, 4
 652              	dma_streams_mask:
 653 0000 00000000 		.space	4
 654              		.text
 655              	.Letext0:
 656              		.file 2 "/usr/include/newlib/machine/_default_types.h"
 657              		.file 3 "/usr/include/newlib/stdint.h"
 658              		.file 4 "../os/ports/GCC/ARMCMx/chtypes.h"
 659              		.file 5 "../os/hal/platforms/STM32F1xx/stm32f10x.h"
 660              		.file 6 "../os/hal/platforms/STM32F1xx/stm32_dma.h"
 661              		.file 7 "../os/ports/common/ARMCMx/CMSIS/include/core_cm3.h"
 662              		.file 8 "../os/ports/GCC/ARMCMx/chcore_v7m.h"
 663              		.file 9 "../os/ports/common/ARMCMx/nvic.h"
 664              		.section	.debug_info,"",%progbits
 665              	.Ldebug_info0:
 666 0000 7F060000 		.4byte	0x67f
 667 0004 0400     		.2byte	0x4
 668 0006 00000000 		.4byte	.Ldebug_abbrev0
 669 000a 04       		.byte	0x4
 670 000b 01       		.uleb128 0x1
 671 000c B5030000 		.4byte	.LASF113
ARM GAS  /tmp/ccgNOVvJ.s 			page 13


 672 0010 01       		.byte	0x1
 673 0011 8F020000 		.4byte	.LASF114
 674 0015 C6010000 		.4byte	.LASF115
 675 0019 00000000 		.4byte	.Ldebug_ranges0+0
 676 001d 00000000 		.4byte	0
 677 0021 00000000 		.4byte	.Ldebug_line0
 678 0025 02       		.uleb128 0x2
 679 0026 04       		.byte	0x4
 680 0027 05       		.byte	0x5
 681 0028 696E7400 		.ascii	"int\000"
 682 002c 03       		.uleb128 0x3
 683 002d 04       		.byte	0x4
 684 002e 07       		.byte	0x7
 685 002f B9010000 		.4byte	.LASF0
 686 0033 03       		.uleb128 0x3
 687 0034 01       		.byte	0x1
 688 0035 06       		.byte	0x6
 689 0036 ED000000 		.4byte	.LASF1
 690 003a 04       		.uleb128 0x4
 691 003b 4A000000 		.4byte	.LASF4
 692 003f 02       		.byte	0x2
 693 0040 1D       		.byte	0x1d
 694 0041 45000000 		.4byte	0x45
 695 0045 03       		.uleb128 0x3
 696 0046 01       		.byte	0x1
 697 0047 08       		.byte	0x8
 698 0048 91040000 		.4byte	.LASF2
 699 004c 03       		.uleb128 0x3
 700 004d 02       		.byte	0x2
 701 004e 05       		.byte	0x5
 702 004f CB040000 		.4byte	.LASF3
 703 0053 04       		.uleb128 0x4
 704 0054 76050000 		.4byte	.LASF5
 705 0058 02       		.byte	0x2
 706 0059 2B       		.byte	0x2b
 707 005a 5E000000 		.4byte	0x5e
 708 005e 03       		.uleb128 0x3
 709 005f 02       		.byte	0x2
 710 0060 07       		.byte	0x7
 711 0061 7C020000 		.4byte	.LASF6
 712 0065 04       		.uleb128 0x4
 713 0066 95050000 		.4byte	.LASF7
 714 006a 02       		.byte	0x2
 715 006b 3F       		.byte	0x3f
 716 006c 70000000 		.4byte	0x70
 717 0070 03       		.uleb128 0x3
 718 0071 04       		.byte	0x4
 719 0072 05       		.byte	0x5
 720 0073 19010000 		.4byte	.LASF8
 721 0077 04       		.uleb128 0x4
 722 0078 8A010000 		.4byte	.LASF9
 723 007c 02       		.byte	0x2
 724 007d 41       		.byte	0x41
 725 007e 82000000 		.4byte	0x82
 726 0082 03       		.uleb128 0x3
 727 0083 04       		.byte	0x4
 728 0084 07       		.byte	0x7
ARM GAS  /tmp/ccgNOVvJ.s 			page 14


 729 0085 30020000 		.4byte	.LASF10
 730 0089 03       		.uleb128 0x3
 731 008a 08       		.byte	0x8
 732 008b 05       		.byte	0x5
 733 008c DF000000 		.4byte	.LASF11
 734 0090 03       		.uleb128 0x3
 735 0091 08       		.byte	0x8
 736 0092 07       		.byte	0x7
 737 0093 62000000 		.4byte	.LASF12
 738 0097 04       		.uleb128 0x4
 739 0098 47060000 		.4byte	.LASF13
 740 009c 03       		.byte	0x3
 741 009d 2A       		.byte	0x2a
 742 009e 3A000000 		.4byte	0x3a
 743 00a2 04       		.uleb128 0x4
 744 00a3 43010000 		.4byte	.LASF14
 745 00a7 03       		.byte	0x3
 746 00a8 36       		.byte	0x36
 747 00a9 53000000 		.4byte	0x53
 748 00ad 04       		.uleb128 0x4
 749 00ae 89040000 		.4byte	.LASF15
 750 00b2 03       		.byte	0x3
 751 00b3 41       		.byte	0x41
 752 00b4 65000000 		.4byte	0x65
 753 00b8 04       		.uleb128 0x4
 754 00b9 4C010000 		.4byte	.LASF16
 755 00bd 03       		.byte	0x3
 756 00be 42       		.byte	0x42
 757 00bf 77000000 		.4byte	0x77
 758 00c3 04       		.uleb128 0x4
 759 00c4 F9000000 		.4byte	.LASF17
 760 00c8 04       		.byte	0x4
 761 00c9 2B       		.byte	0x2b
 762 00ca CE000000 		.4byte	0xce
 763 00ce 03       		.uleb128 0x3
 764 00cf 01       		.byte	0x1
 765 00d0 02       		.byte	0x2
 766 00d1 83040000 		.4byte	.LASF18
 767 00d5 05       		.uleb128 0x5
 768 00d6 04       		.byte	0x4
 769 00d7 06       		.uleb128 0x6
 770 00d8 B8000000 		.4byte	0xb8
 771 00dc 03       		.uleb128 0x3
 772 00dd 04       		.byte	0x4
 773 00de 07       		.byte	0x7
 774 00df 0D030000 		.4byte	.LASF19
 775 00e3 07       		.uleb128 0x7
 776 00e4 F5020000 		.4byte	.LASF116
 777 00e8 01       		.byte	0x1
 778 00e9 05       		.byte	0x5
 779 00ea A9       		.byte	0xa9
 780 00eb 22020000 		.4byte	0x222
 781 00ef 08       		.uleb128 0x8
 782 00f0 81050000 		.4byte	.LASF20
 783 00f4 72       		.sleb128 -14
 784 00f5 08       		.uleb128 0x8
 785 00f6 80030000 		.4byte	.LASF21
ARM GAS  /tmp/ccgNOVvJ.s 			page 15


 786 00fa 74       		.sleb128 -12
 787 00fb 08       		.uleb128 0x8
 788 00fc 95010000 		.4byte	.LASF22
 789 0100 75       		.sleb128 -11
 790 0101 08       		.uleb128 0x8
 791 0102 28050000 		.4byte	.LASF23
 792 0106 76       		.sleb128 -10
 793 0107 08       		.uleb128 0x8
 794 0108 16030000 		.4byte	.LASF24
 795 010c 7B       		.sleb128 -5
 796 010d 08       		.uleb128 0x8
 797 010e E4050000 		.4byte	.LASF25
 798 0112 7C       		.sleb128 -4
 799 0113 08       		.uleb128 0x8
 800 0114 6B010000 		.4byte	.LASF26
 801 0118 7E       		.sleb128 -2
 802 0119 08       		.uleb128 0x8
 803 011a DB020000 		.4byte	.LASF27
 804 011e 7F       		.sleb128 -1
 805 011f 08       		.uleb128 0x8
 806 0120 C4000000 		.4byte	.LASF28
 807 0124 00       		.sleb128 0
 808 0125 08       		.uleb128 0x8
 809 0126 10000000 		.4byte	.LASF29
 810 012a 01       		.sleb128 1
 811 012b 08       		.uleb128 0x8
 812 012c BA050000 		.4byte	.LASF30
 813 0130 02       		.sleb128 2
 814 0131 08       		.uleb128 0x8
 815 0132 88060000 		.4byte	.LASF31
 816 0136 03       		.sleb128 3
 817 0137 08       		.uleb128 0x8
 818 0138 FA040000 		.4byte	.LASF32
 819 013c 04       		.sleb128 4
 820 013d 08       		.uleb128 0x8
 821 013e B1060000 		.4byte	.LASF33
 822 0142 05       		.sleb128 5
 823 0143 08       		.uleb128 0x8
 824 0144 1E060000 		.4byte	.LASF34
 825 0148 06       		.sleb128 6
 826 0149 08       		.uleb128 0x8
 827 014a CB060000 		.4byte	.LASF35
 828 014e 07       		.sleb128 7
 829 014f 08       		.uleb128 0x8
 830 0150 B9000000 		.4byte	.LASF36
 831 0154 08       		.sleb128 8
 832 0155 08       		.uleb128 0x8
 833 0156 35030000 		.4byte	.LASF37
 834 015a 09       		.sleb128 9
 835 015b 08       		.uleb128 0x8
 836 015c C0040000 		.4byte	.LASF38
 837 0160 0A       		.sleb128 10
 838 0161 08       		.uleb128 0x8
 839 0162 6D030000 		.4byte	.LASF39
 840 0166 0B       		.sleb128 11
 841 0167 08       		.uleb128 0x8
 842 0168 FA020000 		.4byte	.LASF40
ARM GAS  /tmp/ccgNOVvJ.s 			page 16


 843 016c 0C       		.sleb128 12
 844 016d 08       		.uleb128 0x8
 845 016e 30010000 		.4byte	.LASF41
 846 0172 0D       		.sleb128 13
 847 0173 08       		.uleb128 0x8
 848 0174 77010000 		.4byte	.LASF42
 849 0178 0E       		.sleb128 14
 850 0179 08       		.uleb128 0x8
 851 017a 69020000 		.4byte	.LASF43
 852 017e 0F       		.sleb128 15
 853 017f 08       		.uleb128 0x8
 854 0180 9F050000 		.4byte	.LASF44
 855 0184 10       		.sleb128 16
 856 0185 08       		.uleb128 0x8
 857 0186 63060000 		.4byte	.LASF45
 858 018a 11       		.sleb128 17
 859 018b 08       		.uleb128 0x8
 860 018c 55010000 		.4byte	.LASF46
 861 0190 12       		.sleb128 18
 862 0191 08       		.uleb128 0x8
 863 0192 9F040000 		.4byte	.LASF47
 864 0196 13       		.sleb128 19
 865 0197 08       		.uleb128 0x8
 866 0198 D5040000 		.4byte	.LASF48
 867 019c 14       		.sleb128 20
 868 019d 08       		.uleb128 0x8
 869 019e 54000000 		.4byte	.LASF49
 870 01a2 15       		.sleb128 21
 871 01a3 08       		.uleb128 0x8
 872 01a4 91060000 		.4byte	.LASF50
 873 01a8 16       		.sleb128 22
 874 01a9 08       		.uleb128 0x8
 875 01aa 2B000000 		.4byte	.LASF51
 876 01ae 17       		.sleb128 23
 877 01af 08       		.uleb128 0x8
 878 01b0 68050000 		.4byte	.LASF52
 879 01b4 18       		.sleb128 24
 880 01b5 08       		.uleb128 0x8
 881 01b6 C6050000 		.4byte	.LASF53
 882 01ba 19       		.sleb128 25
 883 01bb 08       		.uleb128 0x8
 884 01bc 19000000 		.4byte	.LASF54
 885 01c0 1A       		.sleb128 26
 886 01c1 08       		.uleb128 0x8
 887 01c2 E8020000 		.4byte	.LASF55
 888 01c6 1B       		.sleb128 27
 889 01c7 08       		.uleb128 0x8
 890 01c8 14060000 		.4byte	.LASF56
 891 01cc 1C       		.sleb128 28
 892 01cd 08       		.uleb128 0x8
 893 01ce BA060000 		.4byte	.LASF57
 894 01d2 1D       		.sleb128 29
 895 01d3 08       		.uleb128 0x8
 896 01d4 AF000000 		.4byte	.LASF58
 897 01d8 1E       		.sleb128 30
 898 01d9 08       		.uleb128 0x8
 899 01da 3D000000 		.4byte	.LASF59
ARM GAS  /tmp/ccgNOVvJ.s 			page 17


 900 01de 1F       		.sleb128 31
 901 01df 08       		.uleb128 0x8
 902 01e0 7B060000 		.4byte	.LASF60
 903 01e4 20       		.sleb128 32
 904 01e5 08       		.uleb128 0x8
 905 01e6 22030000 		.4byte	.LASF61
 906 01ea 21       		.sleb128 33
 907 01eb 08       		.uleb128 0x8
 908 01ec A2000000 		.4byte	.LASF62
 909 01f0 22       		.sleb128 34
 910 01f1 08       		.uleb128 0x8
 911 01f2 C8020000 		.4byte	.LASF63
 912 01f6 23       		.sleb128 35
 913 01f7 08       		.uleb128 0x8
 914 01f8 40030000 		.4byte	.LASF64
 915 01fc 24       		.sleb128 36
 916 01fd 08       		.uleb128 0x8
 917 01fe 96030000 		.4byte	.LASF65
 918 0202 25       		.sleb128 37
 919 0203 08       		.uleb128 0x8
 920 0204 1C050000 		.4byte	.LASF66
 921 0208 26       		.sleb128 38
 922 0209 08       		.uleb128 0x8
 923 020a FF050000 		.4byte	.LASF67
 924 020e 27       		.sleb128 39
 925 020f 08       		.uleb128 0x8
 926 0210 B9020000 		.4byte	.LASF68
 927 0214 28       		.sleb128 40
 928 0215 08       		.uleb128 0x8
 929 0216 79000000 		.4byte	.LASF69
 930 021a 29       		.sleb128 41
 931 021b 08       		.uleb128 0x8
 932 021c 53030000 		.4byte	.LASF70
 933 0220 2A       		.sleb128 42
 934 0221 00       		.byte	0
 935 0222 06       		.uleb128 0x6
 936 0223 AD000000 		.4byte	0xad
 937 0227 09       		.uleb128 0x9
 938 0228 10       		.byte	0x10
 939 0229 05       		.byte	0x5
 940 022a 2D03     		.2byte	0x32d
 941 022c 65020000 		.4byte	0x265
 942 0230 0A       		.uleb128 0xa
 943 0231 43435200 		.ascii	"CCR\000"
 944 0235 05       		.byte	0x5
 945 0236 2F03     		.2byte	0x32f
 946 0238 D7000000 		.4byte	0xd7
 947 023c 00       		.byte	0
 948 023d 0B       		.uleb128 0xb
 949 023e 29060000 		.4byte	.LASF71
 950 0242 05       		.byte	0x5
 951 0243 3003     		.2byte	0x330
 952 0245 D7000000 		.4byte	0xd7
 953 0249 04       		.byte	0x4
 954 024a 0B       		.uleb128 0xb
 955 024b 1C020000 		.4byte	.LASF72
 956 024f 05       		.byte	0x5
ARM GAS  /tmp/ccgNOVvJ.s 			page 18


 957 0250 3103     		.2byte	0x331
 958 0252 D7000000 		.4byte	0xd7
 959 0256 08       		.byte	0x8
 960 0257 0B       		.uleb128 0xb
 961 0258 38000000 		.4byte	.LASF73
 962 025c 05       		.byte	0x5
 963 025d 3203     		.2byte	0x332
 964 025f D7000000 		.4byte	0xd7
 965 0263 0C       		.byte	0xc
 966 0264 00       		.byte	0
 967 0265 0C       		.uleb128 0xc
 968 0266 4E020000 		.4byte	.LASF74
 969 026a 05       		.byte	0x5
 970 026b 3303     		.2byte	0x333
 971 026d 27020000 		.4byte	0x227
 972 0271 09       		.uleb128 0x9
 973 0272 08       		.byte	0x8
 974 0273 05       		.byte	0x5
 975 0274 3503     		.2byte	0x335
 976 0276 95020000 		.4byte	0x295
 977 027a 0A       		.uleb128 0xa
 978 027b 49535200 		.ascii	"ISR\000"
 979 027f 05       		.byte	0x5
 980 0280 3703     		.2byte	0x337
 981 0282 D7000000 		.4byte	0xd7
 982 0286 00       		.byte	0
 983 0287 0B       		.uleb128 0xb
 984 0288 49050000 		.4byte	.LASF75
 985 028c 05       		.byte	0x5
 986 028d 3803     		.2byte	0x338
 987 028f D7000000 		.4byte	0xd7
 988 0293 04       		.byte	0x4
 989 0294 00       		.byte	0
 990 0295 0C       		.uleb128 0xc
 991 0296 AD010000 		.4byte	.LASF76
 992 029a 05       		.byte	0x5
 993 029b 3903     		.2byte	0x339
 994 029d 71020000 		.4byte	0x271
 995 02a1 09       		.uleb128 0x9
 996 02a2 28       		.byte	0x28
 997 02a3 05       		.byte	0x5
 998 02a4 4304     		.2byte	0x443
 999 02a6 2C030000 		.4byte	0x32c
 1000 02aa 0A       		.uleb128 0xa
 1001 02ab 435200   		.ascii	"CR\000"
 1002 02ae 05       		.byte	0x5
 1003 02af 4504     		.2byte	0x445
 1004 02b1 D7000000 		.4byte	0xd7
 1005 02b5 00       		.byte	0
 1006 02b6 0B       		.uleb128 0xb
 1007 02b7 76060000 		.4byte	.LASF77
 1008 02bb 05       		.byte	0x5
 1009 02bc 4604     		.2byte	0x446
 1010 02be D7000000 		.4byte	0xd7
 1011 02c2 04       		.byte	0x4
 1012 02c3 0A       		.uleb128 0xa
 1013 02c4 43495200 		.ascii	"CIR\000"
ARM GAS  /tmp/ccgNOVvJ.s 			page 19


 1014 02c8 05       		.byte	0x5
 1015 02c9 4704     		.2byte	0x447
 1016 02cb D7000000 		.4byte	0xd7
 1017 02cf 08       		.byte	0x8
 1018 02d0 0B       		.uleb128 0xb
 1019 02d1 22010000 		.4byte	.LASF78
 1020 02d5 05       		.byte	0x5
 1021 02d6 4804     		.2byte	0x448
 1022 02d8 D7000000 		.4byte	0xd7
 1023 02dc 0C       		.byte	0xc
 1024 02dd 0B       		.uleb128 0xb
 1025 02de 64030000 		.4byte	.LASF79
 1026 02e2 05       		.byte	0x5
 1027 02e3 4904     		.2byte	0x449
 1028 02e5 D7000000 		.4byte	0xd7
 1029 02e9 10       		.byte	0x10
 1030 02ea 0B       		.uleb128 0xb
 1031 02eb C4060000 		.4byte	.LASF80
 1032 02ef 05       		.byte	0x5
 1033 02f0 4A04     		.2byte	0x44a
 1034 02f2 D7000000 		.4byte	0xd7
 1035 02f6 14       		.byte	0x14
 1036 02f7 0B       		.uleb128 0xb
 1037 02f8 EA040000 		.4byte	.LASF81
 1038 02fc 05       		.byte	0x5
 1039 02fd 4B04     		.2byte	0x44b
 1040 02ff D7000000 		.4byte	0xd7
 1041 0303 18       		.byte	0x18
 1042 0304 0B       		.uleb128 0xb
 1043 0305 B2050000 		.4byte	.LASF82
 1044 0309 05       		.byte	0x5
 1045 030a 4C04     		.2byte	0x44c
 1046 030c D7000000 		.4byte	0xd7
 1047 0310 1C       		.byte	0x1c
 1048 0311 0B       		.uleb128 0xb
 1049 0312 2F060000 		.4byte	.LASF83
 1050 0316 05       		.byte	0x5
 1051 0317 4D04     		.2byte	0x44d
 1052 0319 D7000000 		.4byte	0xd7
 1053 031d 20       		.byte	0x20
 1054 031e 0A       		.uleb128 0xa
 1055 031f 43535200 		.ascii	"CSR\000"
 1056 0323 05       		.byte	0x5
 1057 0324 4E04     		.2byte	0x44e
 1058 0326 D7000000 		.4byte	0xd7
 1059 032a 24       		.byte	0x24
 1060 032b 00       		.byte	0
 1061 032c 0C       		.uleb128 0xc
 1062 032d 42020000 		.4byte	.LASF84
 1063 0331 05       		.byte	0x5
 1064 0332 5904     		.2byte	0x459
 1065 0334 A1020000 		.4byte	0x2a1
 1066 0338 0D       		.uleb128 0xd
 1067 0339 0C       		.byte	0xc
 1068 033a 06       		.byte	0x6
 1069 033b C1       		.byte	0xc1
 1070 033c 7D030000 		.4byte	0x37d
ARM GAS  /tmp/ccgNOVvJ.s 			page 20


 1071 0340 0E       		.uleb128 0xe
 1072 0341 F2040000 		.4byte	.LASF85
 1073 0345 06       		.byte	0x6
 1074 0346 C2       		.byte	0xc2
 1075 0347 7D030000 		.4byte	0x37d
 1076 034b 00       		.byte	0
 1077 034c 0E       		.uleb128 0xe
 1078 034d 05050000 		.4byte	.LASF86
 1079 0351 06       		.byte	0x6
 1080 0352 C3       		.byte	0xc3
 1081 0353 83030000 		.4byte	0x383
 1082 0357 04       		.byte	0x4
 1083 0358 0E       		.uleb128 0xe
 1084 0359 62020000 		.4byte	.LASF87
 1085 035d 06       		.byte	0x6
 1086 035e C4       		.byte	0xc4
 1087 035f 97000000 		.4byte	0x97
 1088 0363 08       		.byte	0x8
 1089 0364 0E       		.uleb128 0xe
 1090 0365 A3010000 		.4byte	.LASF88
 1091 0369 06       		.byte	0x6
 1092 036a C6       		.byte	0xc6
 1093 036b 97000000 		.4byte	0x97
 1094 036f 09       		.byte	0x9
 1095 0370 0E       		.uleb128 0xe
 1096 0371 88000000 		.4byte	.LASF89
 1097 0375 06       		.byte	0x6
 1098 0376 C7       		.byte	0xc7
 1099 0377 97000000 		.4byte	0x97
 1100 037b 0A       		.byte	0xa
 1101 037c 00       		.byte	0
 1102 037d 0F       		.uleb128 0xf
 1103 037e 04       		.byte	0x4
 1104 037f 65020000 		.4byte	0x265
 1105 0383 0F       		.uleb128 0xf
 1106 0384 04       		.byte	0x4
 1107 0385 D7000000 		.4byte	0xd7
 1108 0389 04       		.uleb128 0x4
 1109 038a A2030000 		.4byte	.LASF90
 1110 038e 06       		.byte	0x6
 1111 038f C8       		.byte	0xc8
 1112 0390 38030000 		.4byte	0x338
 1113 0394 04       		.uleb128 0x4
 1114 0395 21020000 		.4byte	.LASF91
 1115 0399 06       		.byte	0x6
 1116 039a D1       		.byte	0xd1
 1117 039b 9F030000 		.4byte	0x39f
 1118 039f 0F       		.uleb128 0xf
 1119 03a0 04       		.byte	0x4
 1120 03a1 A5030000 		.4byte	0x3a5
 1121 03a5 10       		.uleb128 0x10
 1122 03a6 B5030000 		.4byte	0x3b5
 1123 03aa 11       		.uleb128 0x11
 1124 03ab D5000000 		.4byte	0xd5
 1125 03af 11       		.uleb128 0x11
 1126 03b0 B8000000 		.4byte	0xb8
 1127 03b4 00       		.byte	0
ARM GAS  /tmp/ccgNOVvJ.s 			page 21


 1128 03b5 0F       		.uleb128 0xf
 1129 03b6 04       		.byte	0x4
 1130 03b7 BB030000 		.4byte	0x3bb
 1131 03bb 12       		.uleb128 0x12
 1132 03bc 89030000 		.4byte	0x389
 1133 03c0 0D       		.uleb128 0xd
 1134 03c1 08       		.byte	0x8
 1135 03c2 01       		.byte	0x1
 1136 03c3 62       		.byte	0x62
 1137 03c4 E1030000 		.4byte	0x3e1
 1138 03c8 0E       		.uleb128 0xe
 1139 03c9 4A030000 		.4byte	.LASF92
 1140 03cd 01       		.byte	0x1
 1141 03ce 63       		.byte	0x63
 1142 03cf 94030000 		.4byte	0x394
 1143 03d3 00       		.byte	0
 1144 03d4 0E       		.uleb128 0xe
 1145 03d5 61010000 		.4byte	.LASF93
 1146 03d9 01       		.byte	0x1
 1147 03da 64       		.byte	0x64
 1148 03db D5000000 		.4byte	0xd5
 1149 03df 04       		.byte	0x4
 1150 03e0 00       		.byte	0
 1151 03e1 04       		.uleb128 0x4
 1152 03e2 00000000 		.4byte	.LASF94
 1153 03e6 01       		.byte	0x1
 1154 03e7 65       		.byte	0x65
 1155 03e8 C0030000 		.4byte	0x3c0
 1156 03ec 13       		.uleb128 0x13
 1157 03ed 7A040000 		.4byte	.LASF95
 1158 03f1 01       		.byte	0x1
 1159 03f2 7E       		.byte	0x7e
 1160 03f3 00000000 		.4byte	.LFB56
 1161 03f7 28000000 		.4byte	.LFE56-.LFB56
 1162 03fb 01       		.uleb128 0x1
 1163 03fc 9C       		.byte	0x9c
 1164 03fd 1A040000 		.4byte	0x41a
 1165 0401 14       		.uleb128 0x14
 1166 0402 4F060000 		.4byte	.LASF97
 1167 0406 01       		.byte	0x1
 1168 0407 7F       		.byte	0x7f
 1169 0408 B8000000 		.4byte	0xb8
 1170 040c 00000000 		.4byte	.LLST0
 1171 0410 15       		.uleb128 0x15
 1172 0411 1E000000 		.4byte	.LVL2
 1173 0415 55060000 		.4byte	0x655
 1174 0419 00       		.byte	0
 1175 041a 13       		.uleb128 0x13
 1176 041b 0A050000 		.4byte	.LASF96
 1177 041f 01       		.byte	0x1
 1178 0420 90       		.byte	0x90
 1179 0421 00000000 		.4byte	.LFB57
 1180 0425 28000000 		.4byte	.LFE57-.LFB57
 1181 0429 01       		.uleb128 0x1
 1182 042a 9C       		.byte	0x9c
 1183 042b 48040000 		.4byte	0x448
 1184 042f 14       		.uleb128 0x14
ARM GAS  /tmp/ccgNOVvJ.s 			page 22


 1185 0430 4F060000 		.4byte	.LASF97
 1186 0434 01       		.byte	0x1
 1187 0435 91       		.byte	0x91
 1188 0436 B8000000 		.4byte	0xb8
 1189 043a 13000000 		.4byte	.LLST1
 1190 043e 15       		.uleb128 0x15
 1191 043f 20000000 		.4byte	.LVL5
 1192 0443 55060000 		.4byte	0x655
 1193 0447 00       		.byte	0
 1194 0448 13       		.uleb128 0x13
 1195 0449 13050000 		.4byte	.LASF98
 1196 044d 01       		.byte	0x1
 1197 044e A2       		.byte	0xa2
 1198 044f 00000000 		.4byte	.LFB58
 1199 0453 28000000 		.4byte	.LFE58-.LFB58
 1200 0457 01       		.uleb128 0x1
 1201 0458 9C       		.byte	0x9c
 1202 0459 76040000 		.4byte	0x476
 1203 045d 14       		.uleb128 0x14
 1204 045e 4F060000 		.4byte	.LASF97
 1205 0462 01       		.byte	0x1
 1206 0463 A3       		.byte	0xa3
 1207 0464 B8000000 		.4byte	0xb8
 1208 0468 26000000 		.4byte	.LLST2
 1209 046c 15       		.uleb128 0x15
 1210 046d 20000000 		.4byte	.LVL8
 1211 0471 55060000 		.4byte	0x655
 1212 0475 00       		.byte	0
 1213 0476 13       		.uleb128 0x13
 1214 0477 38050000 		.4byte	.LASF99
 1215 047b 01       		.byte	0x1
 1216 047c B4       		.byte	0xb4
 1217 047d 00000000 		.4byte	.LFB59
 1218 0481 28000000 		.4byte	.LFE59-.LFB59
 1219 0485 01       		.uleb128 0x1
 1220 0486 9C       		.byte	0x9c
 1221 0487 A4040000 		.4byte	0x4a4
 1222 048b 14       		.uleb128 0x14
 1223 048c 4F060000 		.4byte	.LASF97
 1224 0490 01       		.byte	0x1
 1225 0491 B5       		.byte	0xb5
 1226 0492 B8000000 		.4byte	0xb8
 1227 0496 39000000 		.4byte	.LLST3
 1228 049a 15       		.uleb128 0x15
 1229 049b 20000000 		.4byte	.LVL11
 1230 049f 55060000 		.4byte	0x655
 1231 04a3 00       		.byte	0
 1232 04a4 13       		.uleb128 0x13
 1233 04a5 5F050000 		.4byte	.LASF100
 1234 04a9 01       		.byte	0x1
 1235 04aa C6       		.byte	0xc6
 1236 04ab 00000000 		.4byte	.LFB60
 1237 04af 28000000 		.4byte	.LFE60-.LFB60
 1238 04b3 01       		.uleb128 0x1
 1239 04b4 9C       		.byte	0x9c
 1240 04b5 D2040000 		.4byte	0x4d2
 1241 04b9 14       		.uleb128 0x14
ARM GAS  /tmp/ccgNOVvJ.s 			page 23


 1242 04ba 4F060000 		.4byte	.LASF97
 1243 04be 01       		.byte	0x1
 1244 04bf C7       		.byte	0xc7
 1245 04c0 B8000000 		.4byte	0xb8
 1246 04c4 4C000000 		.4byte	.LLST4
 1247 04c8 15       		.uleb128 0x15
 1248 04c9 20000000 		.4byte	.LVL14
 1249 04cd 55060000 		.4byte	0x655
 1250 04d1 00       		.byte	0
 1251 04d2 13       		.uleb128 0x13
 1252 04d3 F6050000 		.4byte	.LASF101
 1253 04d7 01       		.byte	0x1
 1254 04d8 D8       		.byte	0xd8
 1255 04d9 00000000 		.4byte	.LFB61
 1256 04dd 28000000 		.4byte	.LFE61-.LFB61
 1257 04e1 01       		.uleb128 0x1
 1258 04e2 9C       		.byte	0x9c
 1259 04e3 00050000 		.4byte	0x500
 1260 04e7 14       		.uleb128 0x14
 1261 04e8 4F060000 		.4byte	.LASF97
 1262 04ec 01       		.byte	0x1
 1263 04ed D9       		.byte	0xd9
 1264 04ee B8000000 		.4byte	0xb8
 1265 04f2 5F000000 		.4byte	.LLST5
 1266 04f6 15       		.uleb128 0x15
 1267 04f7 20000000 		.4byte	.LVL17
 1268 04fb 55060000 		.4byte	0x655
 1269 04ff 00       		.byte	0
 1270 0500 13       		.uleb128 0x13
 1271 0501 0B060000 		.4byte	.LASF102
 1272 0505 01       		.byte	0x1
 1273 0506 EA       		.byte	0xea
 1274 0507 00000000 		.4byte	.LFB62
 1275 050b 28000000 		.4byte	.LFE62-.LFB62
 1276 050f 01       		.uleb128 0x1
 1277 0510 9C       		.byte	0x9c
 1278 0511 2E050000 		.4byte	0x52e
 1279 0515 14       		.uleb128 0x14
 1280 0516 4F060000 		.4byte	.LASF97
 1281 051a 01       		.byte	0x1
 1282 051b EB       		.byte	0xeb
 1283 051c B8000000 		.4byte	0xb8
 1284 0520 72000000 		.4byte	.LLST6
 1285 0524 15       		.uleb128 0x15
 1286 0525 20000000 		.4byte	.LVL20
 1287 0529 55060000 		.4byte	0x655
 1288 052d 00       		.byte	0
 1289 052e 16       		.uleb128 0x16
 1290 052f 41050000 		.4byte	.LASF103
 1291 0533 01       		.byte	0x1
 1292 0534 7D01     		.2byte	0x17d
 1293 0536 00000000 		.4byte	.LFB63
 1294 053a 3C000000 		.4byte	.LFE63-.LFB63
 1295 053e 01       		.uleb128 0x1
 1296 053f 9C       		.byte	0x9c
 1297 0540 53050000 		.4byte	0x553
 1298 0544 17       		.uleb128 0x17
ARM GAS  /tmp/ccgNOVvJ.s 			page 24


 1299 0545 6900     		.ascii	"i\000"
 1300 0547 01       		.byte	0x1
 1301 0548 7E01     		.2byte	0x17e
 1302 054a 25000000 		.4byte	0x25
 1303 054e 85000000 		.4byte	.LLST7
 1304 0552 00       		.byte	0
 1305 0553 18       		.uleb128 0x18
 1306 0554 9F060000 		.4byte	.LASF117
 1307 0558 01       		.byte	0x1
 1308 0559 A301     		.2byte	0x1a3
 1309 055b C3000000 		.4byte	0xc3
 1310 055f 00000000 		.4byte	.LFB64
 1311 0563 7C000000 		.4byte	.LFE64-.LFB64
 1312 0567 01       		.uleb128 0x1
 1313 0568 9C       		.byte	0x9c
 1314 0569 C1050000 		.4byte	0x5c1
 1315 056d 19       		.uleb128 0x19
 1316 056e 12010000 		.4byte	.LASF104
 1317 0572 01       		.byte	0x1
 1318 0573 A301     		.2byte	0x1a3
 1319 0575 B5030000 		.4byte	0x3b5
 1320 0579 99000000 		.4byte	.LLST8
 1321 057d 19       		.uleb128 0x19
 1322 057e D2020000 		.4byte	.LASF105
 1323 0582 01       		.byte	0x1
 1324 0583 A401     		.2byte	0x1a4
 1325 0585 B8000000 		.4byte	0xb8
 1326 0589 EC000000 		.4byte	.LLST9
 1327 058d 19       		.uleb128 0x19
 1328 058e 2B010000 		.4byte	.LASF106
 1329 0592 01       		.byte	0x1
 1330 0593 A501     		.2byte	0x1a5
 1331 0595 94030000 		.4byte	0x394
 1332 0599 18010000 		.4byte	.LLST10
 1333 059d 19       		.uleb128 0x19
 1334 059e 2F030000 		.4byte	.LASF107
 1335 05a2 01       		.byte	0x1
 1336 05a3 A601     		.2byte	0x1a6
 1337 05a5 D5000000 		.4byte	0xd5
 1338 05a9 44010000 		.4byte	.LLST11
 1339 05ad 1A       		.uleb128 0x1a
 1340 05ae 62000000 		.4byte	.LVL28
 1341 05b2 5D060000 		.4byte	0x65d
 1342 05b6 1B       		.uleb128 0x1b
 1343 05b7 01       		.uleb128 0x1
 1344 05b8 51       		.byte	0x51
 1345 05b9 05       		.uleb128 0x5
 1346 05ba F3       		.byte	0xf3
 1347 05bb 01       		.uleb128 0x1
 1348 05bc 51       		.byte	0x51
 1349 05bd 34       		.byte	0x34
 1350 05be 24       		.byte	0x24
 1351 05bf 00       		.byte	0
 1352 05c0 00       		.byte	0
 1353 05c1 16       		.uleb128 0x16
 1354 05c2 4E050000 		.4byte	.LASF108
 1355 05c6 01       		.byte	0x1
ARM GAS  /tmp/ccgNOVvJ.s 			page 25


 1356 05c7 D301     		.2byte	0x1d3
 1357 05c9 00000000 		.4byte	.LFB65
 1358 05cd 34000000 		.4byte	.LFE65-.LFB65
 1359 05d1 01       		.uleb128 0x1
 1360 05d2 9C       		.byte	0x9c
 1361 05d3 F1050000 		.4byte	0x5f1
 1362 05d7 19       		.uleb128 0x19
 1363 05d8 12010000 		.4byte	.LASF104
 1364 05dc 01       		.byte	0x1
 1365 05dd D301     		.2byte	0x1d3
 1366 05df B5030000 		.4byte	0x3b5
 1367 05e3 8A010000 		.4byte	.LLST12
 1368 05e7 1C       		.uleb128 0x1c
 1369 05e8 18000000 		.4byte	.LVL35
 1370 05ec 74060000 		.4byte	0x674
 1371 05f0 00       		.byte	0
 1372 05f1 1D       		.uleb128 0x1d
 1373 05f2 D3050000 		.4byte	.LASF109
 1374 05f6 01       		.byte	0x1
 1375 05f7 6A       		.byte	0x6a
 1376 05f8 B8000000 		.4byte	0xb8
 1377 05fc 05       		.uleb128 0x5
 1378 05fd 03       		.byte	0x3
 1379 05fe 00000000 		.4byte	dma_streams_mask
 1380 0602 1E       		.uleb128 0x1e
 1381 0603 E1030000 		.4byte	0x3e1
 1382 0607 12060000 		.4byte	0x612
 1383 060b 1F       		.uleb128 0x1f
 1384 060c DC000000 		.4byte	0xdc
 1385 0610 06       		.byte	0x6
 1386 0611 00       		.byte	0
 1387 0612 1D       		.uleb128 0x1d
 1388 0613 55060000 		.4byte	.LASF110
 1389 0617 01       		.byte	0x1
 1390 0618 6F       		.byte	0x6f
 1391 0619 02060000 		.4byte	0x602
 1392 061d 05       		.uleb128 0x5
 1393 061e 03       		.byte	0x3
 1394 061f 00000000 		.4byte	dma_isr_redir
 1395 0623 20       		.uleb128 0x20
 1396 0624 B3040000 		.4byte	.LASF111
 1397 0628 07       		.byte	0x7
 1398 0629 0706     		.2byte	0x607
 1399 062b 22020000 		.4byte	0x222
 1400 062f 1E       		.uleb128 0x1e
 1401 0630 89030000 		.4byte	0x389
 1402 0634 3F060000 		.4byte	0x63f
 1403 0638 1F       		.uleb128 0x1f
 1404 0639 DC000000 		.4byte	0xdc
 1405 063d 06       		.byte	0x6
 1406 063e 00       		.byte	0
 1407 063f 21       		.uleb128 0x21
 1408 0640 8F000000 		.4byte	.LASF112
 1409 0644 01       		.byte	0x1
 1410 0645 45       		.byte	0x45
 1411 0646 50060000 		.4byte	0x650
 1412 064a 05       		.uleb128 0x5
ARM GAS  /tmp/ccgNOVvJ.s 			page 26


 1413 064b 03       		.byte	0x3
 1414 064c 00000000 		.4byte	_stm32_dma_streams
 1415 0650 12       		.uleb128 0x12
 1416 0651 2F060000 		.4byte	0x62f
 1417 0655 22       		.uleb128 0x22
 1418 0656 34060000 		.4byte	.LASF118
 1419 065a 08       		.byte	0x8
 1420 065b 0302     		.2byte	0x203
 1421 065d 23       		.uleb128 0x23
 1422 065e CE000000 		.4byte	.LASF119
 1423 0662 09       		.byte	0x9
 1424 0663 2301     		.2byte	0x123
 1425 0665 74060000 		.4byte	0x674
 1426 0669 11       		.uleb128 0x11
 1427 066a B8000000 		.4byte	0xb8
 1428 066e 11       		.uleb128 0x11
 1429 066f B8000000 		.4byte	0xb8
 1430 0673 00       		.byte	0
 1431 0674 24       		.uleb128 0x24
 1432 0675 00010000 		.4byte	.LASF120
 1433 0679 09       		.byte	0x9
 1434 067a 2401     		.2byte	0x124
 1435 067c 11       		.uleb128 0x11
 1436 067d B8000000 		.4byte	0xb8
 1437 0681 00       		.byte	0
 1438 0682 00       		.byte	0
 1439              		.section	.debug_abbrev,"",%progbits
 1440              	.Ldebug_abbrev0:
 1441 0000 01       		.uleb128 0x1
 1442 0001 11       		.uleb128 0x11
 1443 0002 01       		.byte	0x1
 1444 0003 25       		.uleb128 0x25
 1445 0004 0E       		.uleb128 0xe
 1446 0005 13       		.uleb128 0x13
 1447 0006 0B       		.uleb128 0xb
 1448 0007 03       		.uleb128 0x3
 1449 0008 0E       		.uleb128 0xe
 1450 0009 1B       		.uleb128 0x1b
 1451 000a 0E       		.uleb128 0xe
 1452 000b 55       		.uleb128 0x55
 1453 000c 17       		.uleb128 0x17
 1454 000d 11       		.uleb128 0x11
 1455 000e 01       		.uleb128 0x1
 1456 000f 10       		.uleb128 0x10
 1457 0010 17       		.uleb128 0x17
 1458 0011 00       		.byte	0
 1459 0012 00       		.byte	0
 1460 0013 02       		.uleb128 0x2
 1461 0014 24       		.uleb128 0x24
 1462 0015 00       		.byte	0
 1463 0016 0B       		.uleb128 0xb
 1464 0017 0B       		.uleb128 0xb
 1465 0018 3E       		.uleb128 0x3e
 1466 0019 0B       		.uleb128 0xb
 1467 001a 03       		.uleb128 0x3
 1468 001b 08       		.uleb128 0x8
 1469 001c 00       		.byte	0
ARM GAS  /tmp/ccgNOVvJ.s 			page 27


 1470 001d 00       		.byte	0
 1471 001e 03       		.uleb128 0x3
 1472 001f 24       		.uleb128 0x24
 1473 0020 00       		.byte	0
 1474 0021 0B       		.uleb128 0xb
 1475 0022 0B       		.uleb128 0xb
 1476 0023 3E       		.uleb128 0x3e
 1477 0024 0B       		.uleb128 0xb
 1478 0025 03       		.uleb128 0x3
 1479 0026 0E       		.uleb128 0xe
 1480 0027 00       		.byte	0
 1481 0028 00       		.byte	0
 1482 0029 04       		.uleb128 0x4
 1483 002a 16       		.uleb128 0x16
 1484 002b 00       		.byte	0
 1485 002c 03       		.uleb128 0x3
 1486 002d 0E       		.uleb128 0xe
 1487 002e 3A       		.uleb128 0x3a
 1488 002f 0B       		.uleb128 0xb
 1489 0030 3B       		.uleb128 0x3b
 1490 0031 0B       		.uleb128 0xb
 1491 0032 49       		.uleb128 0x49
 1492 0033 13       		.uleb128 0x13
 1493 0034 00       		.byte	0
 1494 0035 00       		.byte	0
 1495 0036 05       		.uleb128 0x5
 1496 0037 0F       		.uleb128 0xf
 1497 0038 00       		.byte	0
 1498 0039 0B       		.uleb128 0xb
 1499 003a 0B       		.uleb128 0xb
 1500 003b 00       		.byte	0
 1501 003c 00       		.byte	0
 1502 003d 06       		.uleb128 0x6
 1503 003e 35       		.uleb128 0x35
 1504 003f 00       		.byte	0
 1505 0040 49       		.uleb128 0x49
 1506 0041 13       		.uleb128 0x13
 1507 0042 00       		.byte	0
 1508 0043 00       		.byte	0
 1509 0044 07       		.uleb128 0x7
 1510 0045 04       		.uleb128 0x4
 1511 0046 01       		.byte	0x1
 1512 0047 03       		.uleb128 0x3
 1513 0048 0E       		.uleb128 0xe
 1514 0049 0B       		.uleb128 0xb
 1515 004a 0B       		.uleb128 0xb
 1516 004b 3A       		.uleb128 0x3a
 1517 004c 0B       		.uleb128 0xb
 1518 004d 3B       		.uleb128 0x3b
 1519 004e 0B       		.uleb128 0xb
 1520 004f 01       		.uleb128 0x1
 1521 0050 13       		.uleb128 0x13
 1522 0051 00       		.byte	0
 1523 0052 00       		.byte	0
 1524 0053 08       		.uleb128 0x8
 1525 0054 28       		.uleb128 0x28
 1526 0055 00       		.byte	0
ARM GAS  /tmp/ccgNOVvJ.s 			page 28


 1527 0056 03       		.uleb128 0x3
 1528 0057 0E       		.uleb128 0xe
 1529 0058 1C       		.uleb128 0x1c
 1530 0059 0D       		.uleb128 0xd
 1531 005a 00       		.byte	0
 1532 005b 00       		.byte	0
 1533 005c 09       		.uleb128 0x9
 1534 005d 13       		.uleb128 0x13
 1535 005e 01       		.byte	0x1
 1536 005f 0B       		.uleb128 0xb
 1537 0060 0B       		.uleb128 0xb
 1538 0061 3A       		.uleb128 0x3a
 1539 0062 0B       		.uleb128 0xb
 1540 0063 3B       		.uleb128 0x3b
 1541 0064 05       		.uleb128 0x5
 1542 0065 01       		.uleb128 0x1
 1543 0066 13       		.uleb128 0x13
 1544 0067 00       		.byte	0
 1545 0068 00       		.byte	0
 1546 0069 0A       		.uleb128 0xa
 1547 006a 0D       		.uleb128 0xd
 1548 006b 00       		.byte	0
 1549 006c 03       		.uleb128 0x3
 1550 006d 08       		.uleb128 0x8
 1551 006e 3A       		.uleb128 0x3a
 1552 006f 0B       		.uleb128 0xb
 1553 0070 3B       		.uleb128 0x3b
 1554 0071 05       		.uleb128 0x5
 1555 0072 49       		.uleb128 0x49
 1556 0073 13       		.uleb128 0x13
 1557 0074 38       		.uleb128 0x38
 1558 0075 0B       		.uleb128 0xb
 1559 0076 00       		.byte	0
 1560 0077 00       		.byte	0
 1561 0078 0B       		.uleb128 0xb
 1562 0079 0D       		.uleb128 0xd
 1563 007a 00       		.byte	0
 1564 007b 03       		.uleb128 0x3
 1565 007c 0E       		.uleb128 0xe
 1566 007d 3A       		.uleb128 0x3a
 1567 007e 0B       		.uleb128 0xb
 1568 007f 3B       		.uleb128 0x3b
 1569 0080 05       		.uleb128 0x5
 1570 0081 49       		.uleb128 0x49
 1571 0082 13       		.uleb128 0x13
 1572 0083 38       		.uleb128 0x38
 1573 0084 0B       		.uleb128 0xb
 1574 0085 00       		.byte	0
 1575 0086 00       		.byte	0
 1576 0087 0C       		.uleb128 0xc
 1577 0088 16       		.uleb128 0x16
 1578 0089 00       		.byte	0
 1579 008a 03       		.uleb128 0x3
 1580 008b 0E       		.uleb128 0xe
 1581 008c 3A       		.uleb128 0x3a
 1582 008d 0B       		.uleb128 0xb
 1583 008e 3B       		.uleb128 0x3b
ARM GAS  /tmp/ccgNOVvJ.s 			page 29


 1584 008f 05       		.uleb128 0x5
 1585 0090 49       		.uleb128 0x49
 1586 0091 13       		.uleb128 0x13
 1587 0092 00       		.byte	0
 1588 0093 00       		.byte	0
 1589 0094 0D       		.uleb128 0xd
 1590 0095 13       		.uleb128 0x13
 1591 0096 01       		.byte	0x1
 1592 0097 0B       		.uleb128 0xb
 1593 0098 0B       		.uleb128 0xb
 1594 0099 3A       		.uleb128 0x3a
 1595 009a 0B       		.uleb128 0xb
 1596 009b 3B       		.uleb128 0x3b
 1597 009c 0B       		.uleb128 0xb
 1598 009d 01       		.uleb128 0x1
 1599 009e 13       		.uleb128 0x13
 1600 009f 00       		.byte	0
 1601 00a0 00       		.byte	0
 1602 00a1 0E       		.uleb128 0xe
 1603 00a2 0D       		.uleb128 0xd
 1604 00a3 00       		.byte	0
 1605 00a4 03       		.uleb128 0x3
 1606 00a5 0E       		.uleb128 0xe
 1607 00a6 3A       		.uleb128 0x3a
 1608 00a7 0B       		.uleb128 0xb
 1609 00a8 3B       		.uleb128 0x3b
 1610 00a9 0B       		.uleb128 0xb
 1611 00aa 49       		.uleb128 0x49
 1612 00ab 13       		.uleb128 0x13
 1613 00ac 38       		.uleb128 0x38
 1614 00ad 0B       		.uleb128 0xb
 1615 00ae 00       		.byte	0
 1616 00af 00       		.byte	0
 1617 00b0 0F       		.uleb128 0xf
 1618 00b1 0F       		.uleb128 0xf
 1619 00b2 00       		.byte	0
 1620 00b3 0B       		.uleb128 0xb
 1621 00b4 0B       		.uleb128 0xb
 1622 00b5 49       		.uleb128 0x49
 1623 00b6 13       		.uleb128 0x13
 1624 00b7 00       		.byte	0
 1625 00b8 00       		.byte	0
 1626 00b9 10       		.uleb128 0x10
 1627 00ba 15       		.uleb128 0x15
 1628 00bb 01       		.byte	0x1
 1629 00bc 27       		.uleb128 0x27
 1630 00bd 19       		.uleb128 0x19
 1631 00be 01       		.uleb128 0x1
 1632 00bf 13       		.uleb128 0x13
 1633 00c0 00       		.byte	0
 1634 00c1 00       		.byte	0
 1635 00c2 11       		.uleb128 0x11
 1636 00c3 05       		.uleb128 0x5
 1637 00c4 00       		.byte	0
 1638 00c5 49       		.uleb128 0x49
 1639 00c6 13       		.uleb128 0x13
 1640 00c7 00       		.byte	0
ARM GAS  /tmp/ccgNOVvJ.s 			page 30


 1641 00c8 00       		.byte	0
 1642 00c9 12       		.uleb128 0x12
 1643 00ca 26       		.uleb128 0x26
 1644 00cb 00       		.byte	0
 1645 00cc 49       		.uleb128 0x49
 1646 00cd 13       		.uleb128 0x13
 1647 00ce 00       		.byte	0
 1648 00cf 00       		.byte	0
 1649 00d0 13       		.uleb128 0x13
 1650 00d1 2E       		.uleb128 0x2e
 1651 00d2 01       		.byte	0x1
 1652 00d3 3F       		.uleb128 0x3f
 1653 00d4 19       		.uleb128 0x19
 1654 00d5 03       		.uleb128 0x3
 1655 00d6 0E       		.uleb128 0xe
 1656 00d7 3A       		.uleb128 0x3a
 1657 00d8 0B       		.uleb128 0xb
 1658 00d9 3B       		.uleb128 0x3b
 1659 00da 0B       		.uleb128 0xb
 1660 00db 27       		.uleb128 0x27
 1661 00dc 19       		.uleb128 0x19
 1662 00dd 11       		.uleb128 0x11
 1663 00de 01       		.uleb128 0x1
 1664 00df 12       		.uleb128 0x12
 1665 00e0 06       		.uleb128 0x6
 1666 00e1 40       		.uleb128 0x40
 1667 00e2 18       		.uleb128 0x18
 1668 00e3 9642     		.uleb128 0x2116
 1669 00e5 19       		.uleb128 0x19
 1670 00e6 01       		.uleb128 0x1
 1671 00e7 13       		.uleb128 0x13
 1672 00e8 00       		.byte	0
 1673 00e9 00       		.byte	0
 1674 00ea 14       		.uleb128 0x14
 1675 00eb 34       		.uleb128 0x34
 1676 00ec 00       		.byte	0
 1677 00ed 03       		.uleb128 0x3
 1678 00ee 0E       		.uleb128 0xe
 1679 00ef 3A       		.uleb128 0x3a
 1680 00f0 0B       		.uleb128 0xb
 1681 00f1 3B       		.uleb128 0x3b
 1682 00f2 0B       		.uleb128 0xb
 1683 00f3 49       		.uleb128 0x49
 1684 00f4 13       		.uleb128 0x13
 1685 00f5 02       		.uleb128 0x2
 1686 00f6 17       		.uleb128 0x17
 1687 00f7 00       		.byte	0
 1688 00f8 00       		.byte	0
 1689 00f9 15       		.uleb128 0x15
 1690 00fa 898201   		.uleb128 0x4109
 1691 00fd 00       		.byte	0
 1692 00fe 11       		.uleb128 0x11
 1693 00ff 01       		.uleb128 0x1
 1694 0100 9542     		.uleb128 0x2115
 1695 0102 19       		.uleb128 0x19
 1696 0103 31       		.uleb128 0x31
 1697 0104 13       		.uleb128 0x13
ARM GAS  /tmp/ccgNOVvJ.s 			page 31


 1698 0105 00       		.byte	0
 1699 0106 00       		.byte	0
 1700 0107 16       		.uleb128 0x16
 1701 0108 2E       		.uleb128 0x2e
 1702 0109 01       		.byte	0x1
 1703 010a 3F       		.uleb128 0x3f
 1704 010b 19       		.uleb128 0x19
 1705 010c 03       		.uleb128 0x3
 1706 010d 0E       		.uleb128 0xe
 1707 010e 3A       		.uleb128 0x3a
 1708 010f 0B       		.uleb128 0xb
 1709 0110 3B       		.uleb128 0x3b
 1710 0111 05       		.uleb128 0x5
 1711 0112 27       		.uleb128 0x27
 1712 0113 19       		.uleb128 0x19
 1713 0114 11       		.uleb128 0x11
 1714 0115 01       		.uleb128 0x1
 1715 0116 12       		.uleb128 0x12
 1716 0117 06       		.uleb128 0x6
 1717 0118 40       		.uleb128 0x40
 1718 0119 18       		.uleb128 0x18
 1719 011a 9742     		.uleb128 0x2117
 1720 011c 19       		.uleb128 0x19
 1721 011d 01       		.uleb128 0x1
 1722 011e 13       		.uleb128 0x13
 1723 011f 00       		.byte	0
 1724 0120 00       		.byte	0
 1725 0121 17       		.uleb128 0x17
 1726 0122 34       		.uleb128 0x34
 1727 0123 00       		.byte	0
 1728 0124 03       		.uleb128 0x3
 1729 0125 08       		.uleb128 0x8
 1730 0126 3A       		.uleb128 0x3a
 1731 0127 0B       		.uleb128 0xb
 1732 0128 3B       		.uleb128 0x3b
 1733 0129 05       		.uleb128 0x5
 1734 012a 49       		.uleb128 0x49
 1735 012b 13       		.uleb128 0x13
 1736 012c 02       		.uleb128 0x2
 1737 012d 17       		.uleb128 0x17
 1738 012e 00       		.byte	0
 1739 012f 00       		.byte	0
 1740 0130 18       		.uleb128 0x18
 1741 0131 2E       		.uleb128 0x2e
 1742 0132 01       		.byte	0x1
 1743 0133 3F       		.uleb128 0x3f
 1744 0134 19       		.uleb128 0x19
 1745 0135 03       		.uleb128 0x3
 1746 0136 0E       		.uleb128 0xe
 1747 0137 3A       		.uleb128 0x3a
 1748 0138 0B       		.uleb128 0xb
 1749 0139 3B       		.uleb128 0x3b
 1750 013a 05       		.uleb128 0x5
 1751 013b 27       		.uleb128 0x27
 1752 013c 19       		.uleb128 0x19
 1753 013d 49       		.uleb128 0x49
 1754 013e 13       		.uleb128 0x13
ARM GAS  /tmp/ccgNOVvJ.s 			page 32


 1755 013f 11       		.uleb128 0x11
 1756 0140 01       		.uleb128 0x1
 1757 0141 12       		.uleb128 0x12
 1758 0142 06       		.uleb128 0x6
 1759 0143 40       		.uleb128 0x40
 1760 0144 18       		.uleb128 0x18
 1761 0145 9742     		.uleb128 0x2117
 1762 0147 19       		.uleb128 0x19
 1763 0148 01       		.uleb128 0x1
 1764 0149 13       		.uleb128 0x13
 1765 014a 00       		.byte	0
 1766 014b 00       		.byte	0
 1767 014c 19       		.uleb128 0x19
 1768 014d 05       		.uleb128 0x5
 1769 014e 00       		.byte	0
 1770 014f 03       		.uleb128 0x3
 1771 0150 0E       		.uleb128 0xe
 1772 0151 3A       		.uleb128 0x3a
 1773 0152 0B       		.uleb128 0xb
 1774 0153 3B       		.uleb128 0x3b
 1775 0154 05       		.uleb128 0x5
 1776 0155 49       		.uleb128 0x49
 1777 0156 13       		.uleb128 0x13
 1778 0157 02       		.uleb128 0x2
 1779 0158 17       		.uleb128 0x17
 1780 0159 00       		.byte	0
 1781 015a 00       		.byte	0
 1782 015b 1A       		.uleb128 0x1a
 1783 015c 898201   		.uleb128 0x4109
 1784 015f 01       		.byte	0x1
 1785 0160 11       		.uleb128 0x11
 1786 0161 01       		.uleb128 0x1
 1787 0162 31       		.uleb128 0x31
 1788 0163 13       		.uleb128 0x13
 1789 0164 00       		.byte	0
 1790 0165 00       		.byte	0
 1791 0166 1B       		.uleb128 0x1b
 1792 0167 8A8201   		.uleb128 0x410a
 1793 016a 00       		.byte	0
 1794 016b 02       		.uleb128 0x2
 1795 016c 18       		.uleb128 0x18
 1796 016d 9142     		.uleb128 0x2111
 1797 016f 18       		.uleb128 0x18
 1798 0170 00       		.byte	0
 1799 0171 00       		.byte	0
 1800 0172 1C       		.uleb128 0x1c
 1801 0173 898201   		.uleb128 0x4109
 1802 0176 00       		.byte	0
 1803 0177 11       		.uleb128 0x11
 1804 0178 01       		.uleb128 0x1
 1805 0179 31       		.uleb128 0x31
 1806 017a 13       		.uleb128 0x13
 1807 017b 00       		.byte	0
 1808 017c 00       		.byte	0
 1809 017d 1D       		.uleb128 0x1d
 1810 017e 34       		.uleb128 0x34
 1811 017f 00       		.byte	0
ARM GAS  /tmp/ccgNOVvJ.s 			page 33


 1812 0180 03       		.uleb128 0x3
 1813 0181 0E       		.uleb128 0xe
 1814 0182 3A       		.uleb128 0x3a
 1815 0183 0B       		.uleb128 0xb
 1816 0184 3B       		.uleb128 0x3b
 1817 0185 0B       		.uleb128 0xb
 1818 0186 49       		.uleb128 0x49
 1819 0187 13       		.uleb128 0x13
 1820 0188 02       		.uleb128 0x2
 1821 0189 18       		.uleb128 0x18
 1822 018a 00       		.byte	0
 1823 018b 00       		.byte	0
 1824 018c 1E       		.uleb128 0x1e
 1825 018d 01       		.uleb128 0x1
 1826 018e 01       		.byte	0x1
 1827 018f 49       		.uleb128 0x49
 1828 0190 13       		.uleb128 0x13
 1829 0191 01       		.uleb128 0x1
 1830 0192 13       		.uleb128 0x13
 1831 0193 00       		.byte	0
 1832 0194 00       		.byte	0
 1833 0195 1F       		.uleb128 0x1f
 1834 0196 21       		.uleb128 0x21
 1835 0197 00       		.byte	0
 1836 0198 49       		.uleb128 0x49
 1837 0199 13       		.uleb128 0x13
 1838 019a 2F       		.uleb128 0x2f
 1839 019b 0B       		.uleb128 0xb
 1840 019c 00       		.byte	0
 1841 019d 00       		.byte	0
 1842 019e 20       		.uleb128 0x20
 1843 019f 34       		.uleb128 0x34
 1844 01a0 00       		.byte	0
 1845 01a1 03       		.uleb128 0x3
 1846 01a2 0E       		.uleb128 0xe
 1847 01a3 3A       		.uleb128 0x3a
 1848 01a4 0B       		.uleb128 0xb
 1849 01a5 3B       		.uleb128 0x3b
 1850 01a6 05       		.uleb128 0x5
 1851 01a7 49       		.uleb128 0x49
 1852 01a8 13       		.uleb128 0x13
 1853 01a9 3F       		.uleb128 0x3f
 1854 01aa 19       		.uleb128 0x19
 1855 01ab 3C       		.uleb128 0x3c
 1856 01ac 19       		.uleb128 0x19
 1857 01ad 00       		.byte	0
 1858 01ae 00       		.byte	0
 1859 01af 21       		.uleb128 0x21
 1860 01b0 34       		.uleb128 0x34
 1861 01b1 00       		.byte	0
 1862 01b2 03       		.uleb128 0x3
 1863 01b3 0E       		.uleb128 0xe
 1864 01b4 3A       		.uleb128 0x3a
 1865 01b5 0B       		.uleb128 0xb
 1866 01b6 3B       		.uleb128 0x3b
 1867 01b7 0B       		.uleb128 0xb
 1868 01b8 49       		.uleb128 0x49
ARM GAS  /tmp/ccgNOVvJ.s 			page 34


 1869 01b9 13       		.uleb128 0x13
 1870 01ba 3F       		.uleb128 0x3f
 1871 01bb 19       		.uleb128 0x19
 1872 01bc 02       		.uleb128 0x2
 1873 01bd 18       		.uleb128 0x18
 1874 01be 00       		.byte	0
 1875 01bf 00       		.byte	0
 1876 01c0 22       		.uleb128 0x22
 1877 01c1 2E       		.uleb128 0x2e
 1878 01c2 00       		.byte	0
 1879 01c3 3F       		.uleb128 0x3f
 1880 01c4 19       		.uleb128 0x19
 1881 01c5 03       		.uleb128 0x3
 1882 01c6 0E       		.uleb128 0xe
 1883 01c7 3A       		.uleb128 0x3a
 1884 01c8 0B       		.uleb128 0xb
 1885 01c9 3B       		.uleb128 0x3b
 1886 01ca 05       		.uleb128 0x5
 1887 01cb 27       		.uleb128 0x27
 1888 01cc 19       		.uleb128 0x19
 1889 01cd 3C       		.uleb128 0x3c
 1890 01ce 19       		.uleb128 0x19
 1891 01cf 00       		.byte	0
 1892 01d0 00       		.byte	0
 1893 01d1 23       		.uleb128 0x23
 1894 01d2 2E       		.uleb128 0x2e
 1895 01d3 01       		.byte	0x1
 1896 01d4 3F       		.uleb128 0x3f
 1897 01d5 19       		.uleb128 0x19
 1898 01d6 03       		.uleb128 0x3
 1899 01d7 0E       		.uleb128 0xe
 1900 01d8 3A       		.uleb128 0x3a
 1901 01d9 0B       		.uleb128 0xb
 1902 01da 3B       		.uleb128 0x3b
 1903 01db 05       		.uleb128 0x5
 1904 01dc 27       		.uleb128 0x27
 1905 01dd 19       		.uleb128 0x19
 1906 01de 3C       		.uleb128 0x3c
 1907 01df 19       		.uleb128 0x19
 1908 01e0 01       		.uleb128 0x1
 1909 01e1 13       		.uleb128 0x13
 1910 01e2 00       		.byte	0
 1911 01e3 00       		.byte	0
 1912 01e4 24       		.uleb128 0x24
 1913 01e5 2E       		.uleb128 0x2e
 1914 01e6 01       		.byte	0x1
 1915 01e7 3F       		.uleb128 0x3f
 1916 01e8 19       		.uleb128 0x19
 1917 01e9 03       		.uleb128 0x3
 1918 01ea 0E       		.uleb128 0xe
 1919 01eb 3A       		.uleb128 0x3a
 1920 01ec 0B       		.uleb128 0xb
 1921 01ed 3B       		.uleb128 0x3b
 1922 01ee 05       		.uleb128 0x5
 1923 01ef 27       		.uleb128 0x27
 1924 01f0 19       		.uleb128 0x19
 1925 01f1 3C       		.uleb128 0x3c
ARM GAS  /tmp/ccgNOVvJ.s 			page 35


 1926 01f2 19       		.uleb128 0x19
 1927 01f3 00       		.byte	0
 1928 01f4 00       		.byte	0
 1929 01f5 00       		.byte	0
 1930              		.section	.debug_loc,"",%progbits
 1931              	.Ldebug_loc0:
 1932              	.LLST0:
 1933 0000 0C000000 		.4byte	.LVL0
 1934 0004 15000000 		.4byte	.LVL1-1
 1935 0008 0100     		.2byte	0x1
 1936 000a 51       		.byte	0x51
 1937 000b 00000000 		.4byte	0
 1938 000f 00000000 		.4byte	0
 1939              	.LLST1:
 1940 0013 0E000000 		.4byte	.LVL3
 1941 0017 17000000 		.4byte	.LVL4-1
 1942 001b 0100     		.2byte	0x1
 1943 001d 51       		.byte	0x51
 1944 001e 00000000 		.4byte	0
 1945 0022 00000000 		.4byte	0
 1946              	.LLST2:
 1947 0026 0E000000 		.4byte	.LVL6
 1948 002a 17000000 		.4byte	.LVL7-1
 1949 002e 0100     		.2byte	0x1
 1950 0030 51       		.byte	0x51
 1951 0031 00000000 		.4byte	0
 1952 0035 00000000 		.4byte	0
 1953              	.LLST3:
 1954 0039 0E000000 		.4byte	.LVL9
 1955 003d 17000000 		.4byte	.LVL10-1
 1956 0041 0100     		.2byte	0x1
 1957 0043 51       		.byte	0x51
 1958 0044 00000000 		.4byte	0
 1959 0048 00000000 		.4byte	0
 1960              	.LLST4:
 1961 004c 0E000000 		.4byte	.LVL12
 1962 0050 17000000 		.4byte	.LVL13-1
 1963 0054 0100     		.2byte	0x1
 1964 0056 51       		.byte	0x51
 1965 0057 00000000 		.4byte	0
 1966 005b 00000000 		.4byte	0
 1967              	.LLST5:
 1968 005f 0E000000 		.4byte	.LVL15
 1969 0063 17000000 		.4byte	.LVL16-1
 1970 0067 0100     		.2byte	0x1
 1971 0069 51       		.byte	0x51
 1972 006a 00000000 		.4byte	0
 1973 006e 00000000 		.4byte	0
 1974              	.LLST6:
 1975 0072 0E000000 		.4byte	.LVL18
 1976 0076 17000000 		.4byte	.LVL19-1
 1977 007a 0100     		.2byte	0x1
 1978 007c 51       		.byte	0x51
 1979 007d 00000000 		.4byte	0
 1980 0081 00000000 		.4byte	0
 1981              	.LLST7:
 1982 0085 0C000000 		.4byte	.LVL21
ARM GAS  /tmp/ccgNOVvJ.s 			page 36


 1983 0089 10000000 		.4byte	.LVL22
 1984 008d 0200     		.2byte	0x2
 1985 008f 30       		.byte	0x30
 1986 0090 9F       		.byte	0x9f
 1987 0091 00000000 		.4byte	0
 1988 0095 00000000 		.4byte	0
 1989              	.LLST8:
 1990 0099 00000000 		.4byte	.LVL23
 1991 009d 5C000000 		.4byte	.LVL26
 1992 00a1 0100     		.2byte	0x1
 1993 00a3 50       		.byte	0x50
 1994 00a4 5C000000 		.4byte	.LVL26
 1995 00a8 66000000 		.4byte	.LVL29
 1996 00ac 0400     		.2byte	0x4
 1997 00ae F3       		.byte	0xf3
 1998 00af 01       		.uleb128 0x1
 1999 00b0 50       		.byte	0x50
 2000 00b1 9F       		.byte	0x9f
 2001 00b2 66000000 		.4byte	.LVL29
 2002 00b6 68000000 		.4byte	.LVL30
 2003 00ba 0100     		.2byte	0x1
 2004 00bc 50       		.byte	0x50
 2005 00bd 68000000 		.4byte	.LVL30
 2006 00c1 6A000000 		.4byte	.LVL31
 2007 00c5 0400     		.2byte	0x4
 2008 00c7 F3       		.byte	0xf3
 2009 00c8 01       		.uleb128 0x1
 2010 00c9 50       		.byte	0x50
 2011 00ca 9F       		.byte	0x9f
 2012 00cb 6A000000 		.4byte	.LVL31
 2013 00cf 6C000000 		.4byte	.LVL32
 2014 00d3 0100     		.2byte	0x1
 2015 00d5 50       		.byte	0x50
 2016 00d6 6C000000 		.4byte	.LVL32
 2017 00da 7C000000 		.4byte	.LFE64
 2018 00de 0400     		.2byte	0x4
 2019 00e0 F3       		.byte	0xf3
 2020 00e1 01       		.uleb128 0x1
 2021 00e2 50       		.byte	0x50
 2022 00e3 9F       		.byte	0x9f
 2023 00e4 00000000 		.4byte	0
 2024 00e8 00000000 		.4byte	0
 2025              	.LLST9:
 2026 00ec 00000000 		.4byte	.LVL23
 2027 00f0 5E000000 		.4byte	.LVL27
 2028 00f4 0100     		.2byte	0x1
 2029 00f6 51       		.byte	0x51
 2030 00f7 5E000000 		.4byte	.LVL27
 2031 00fb 66000000 		.4byte	.LVL29
 2032 00ff 0400     		.2byte	0x4
 2033 0101 F3       		.byte	0xf3
 2034 0102 01       		.uleb128 0x1
 2035 0103 51       		.byte	0x51
 2036 0104 9F       		.byte	0x9f
 2037 0105 66000000 		.4byte	.LVL29
 2038 0109 7C000000 		.4byte	.LFE64
 2039 010d 0100     		.2byte	0x1
ARM GAS  /tmp/ccgNOVvJ.s 			page 37


 2040 010f 51       		.byte	0x51
 2041 0110 00000000 		.4byte	0
 2042 0114 00000000 		.4byte	0
 2043              	.LLST10:
 2044 0118 00000000 		.4byte	.LVL23
 2045 011c 61000000 		.4byte	.LVL28-1
 2046 0120 0100     		.2byte	0x1
 2047 0122 52       		.byte	0x52
 2048 0123 61000000 		.4byte	.LVL28-1
 2049 0127 66000000 		.4byte	.LVL29
 2050 012b 0400     		.2byte	0x4
 2051 012d F3       		.byte	0xf3
 2052 012e 01       		.uleb128 0x1
 2053 012f 52       		.byte	0x52
 2054 0130 9F       		.byte	0x9f
 2055 0131 66000000 		.4byte	.LVL29
 2056 0135 7C000000 		.4byte	.LFE64
 2057 0139 0100     		.2byte	0x1
 2058 013b 52       		.byte	0x52
 2059 013c 00000000 		.4byte	0
 2060 0140 00000000 		.4byte	0
 2061              	.LLST11:
 2062 0144 00000000 		.4byte	.LVL23
 2063 0148 28000000 		.4byte	.LVL24
 2064 014c 0100     		.2byte	0x1
 2065 014e 53       		.byte	0x53
 2066 014f 28000000 		.4byte	.LVL24
 2067 0153 3C000000 		.4byte	.LVL25
 2068 0157 0200     		.2byte	0x2
 2069 0159 7C       		.byte	0x7c
 2070 015a 04       		.sleb128 4
 2071 015b 3C000000 		.4byte	.LVL25
 2072 015f 66000000 		.4byte	.LVL29
 2073 0163 0400     		.2byte	0x4
 2074 0165 F3       		.byte	0xf3
 2075 0166 01       		.uleb128 0x1
 2076 0167 53       		.byte	0x53
 2077 0168 9F       		.byte	0x9f
 2078 0169 66000000 		.4byte	.LVL29
 2079 016d 6A000000 		.4byte	.LVL31
 2080 0171 0100     		.2byte	0x1
 2081 0173 53       		.byte	0x53
 2082 0174 6A000000 		.4byte	.LVL31
 2083 0178 7C000000 		.4byte	.LFE64
 2084 017c 0400     		.2byte	0x4
 2085 017e F3       		.byte	0xf3
 2086 017f 01       		.uleb128 0x1
 2087 0180 53       		.byte	0x53
 2088 0181 9F       		.byte	0x9f
 2089 0182 00000000 		.4byte	0
 2090 0186 00000000 		.4byte	0
 2091              	.LLST12:
 2092 018a 00000000 		.4byte	.LVL33
 2093 018e 0C000000 		.4byte	.LVL34
 2094 0192 0100     		.2byte	0x1
 2095 0194 50       		.byte	0x50
 2096 0195 0C000000 		.4byte	.LVL34
ARM GAS  /tmp/ccgNOVvJ.s 			page 38


 2097 0199 34000000 		.4byte	.LFE65
 2098 019d 0400     		.2byte	0x4
 2099 019f F3       		.byte	0xf3
 2100 01a0 01       		.uleb128 0x1
 2101 01a1 50       		.byte	0x50
 2102 01a2 9F       		.byte	0x9f
 2103 01a3 00000000 		.4byte	0
 2104 01a7 00000000 		.4byte	0
 2105              		.section	.debug_aranges,"",%progbits
 2106 0000 64000000 		.4byte	0x64
 2107 0004 0200     		.2byte	0x2
 2108 0006 00000000 		.4byte	.Ldebug_info0
 2109 000a 04       		.byte	0x4
 2110 000b 00       		.byte	0
 2111 000c 0000     		.2byte	0
 2112 000e 0000     		.2byte	0
 2113 0010 00000000 		.4byte	.LFB56
 2114 0014 28000000 		.4byte	.LFE56-.LFB56
 2115 0018 00000000 		.4byte	.LFB57
 2116 001c 28000000 		.4byte	.LFE57-.LFB57
 2117 0020 00000000 		.4byte	.LFB58
 2118 0024 28000000 		.4byte	.LFE58-.LFB58
 2119 0028 00000000 		.4byte	.LFB59
 2120 002c 28000000 		.4byte	.LFE59-.LFB59
 2121 0030 00000000 		.4byte	.LFB60
 2122 0034 28000000 		.4byte	.LFE60-.LFB60
 2123 0038 00000000 		.4byte	.LFB61
 2124 003c 28000000 		.4byte	.LFE61-.LFB61
 2125 0040 00000000 		.4byte	.LFB62
 2126 0044 28000000 		.4byte	.LFE62-.LFB62
 2127 0048 00000000 		.4byte	.LFB63
 2128 004c 3C000000 		.4byte	.LFE63-.LFB63
 2129 0050 00000000 		.4byte	.LFB64
 2130 0054 7C000000 		.4byte	.LFE64-.LFB64
 2131 0058 00000000 		.4byte	.LFB65
 2132 005c 34000000 		.4byte	.LFE65-.LFB65
 2133 0060 00000000 		.4byte	0
 2134 0064 00000000 		.4byte	0
 2135              		.section	.debug_ranges,"",%progbits
 2136              	.Ldebug_ranges0:
 2137 0000 00000000 		.4byte	.LFB56
 2138 0004 28000000 		.4byte	.LFE56
 2139 0008 00000000 		.4byte	.LFB57
 2140 000c 28000000 		.4byte	.LFE57
 2141 0010 00000000 		.4byte	.LFB58
 2142 0014 28000000 		.4byte	.LFE58
 2143 0018 00000000 		.4byte	.LFB59
 2144 001c 28000000 		.4byte	.LFE59
 2145 0020 00000000 		.4byte	.LFB60
 2146 0024 28000000 		.4byte	.LFE60
 2147 0028 00000000 		.4byte	.LFB61
 2148 002c 28000000 		.4byte	.LFE61
 2149 0030 00000000 		.4byte	.LFB62
 2150 0034 28000000 		.4byte	.LFE62
 2151 0038 00000000 		.4byte	.LFB63
 2152 003c 3C000000 		.4byte	.LFE63
 2153 0040 00000000 		.4byte	.LFB64
ARM GAS  /tmp/ccgNOVvJ.s 			page 39


 2154 0044 7C000000 		.4byte	.LFE64
 2155 0048 00000000 		.4byte	.LFB65
 2156 004c 34000000 		.4byte	.LFE65
 2157 0050 00000000 		.4byte	0
 2158 0054 00000000 		.4byte	0
 2159              		.section	.debug_line,"",%progbits
 2160              	.Ldebug_line0:
 2161 0000 67020000 		.section	.debug_str,"MS",%progbits,1
 2161      02003C01 
 2161      00000201 
 2161      FB0E0D00 
 2161      01010101 
 2162              	.LASF94:
 2163 0000 646D615F 		.ascii	"dma_isr_redir_t\000"
 2163      6973725F 
 2163      72656469 
 2163      725F7400 
 2164              	.LASF29:
 2165 0010 5056445F 		.ascii	"PVD_IRQn\000"
 2165      4952516E 
 2165      00
 2166              	.LASF54:
 2167 0019 54494D31 		.ascii	"TIM1_TRG_COM_IRQn\000"
 2167      5F545247 
 2167      5F434F4D 
 2167      5F495251 
 2167      6E00
 2168              	.LASF51:
 2169 002b 45585449 		.ascii	"EXTI9_5_IRQn\000"
 2169      395F355F 
 2169      4952516E 
 2169      00
 2170              	.LASF73:
 2171 0038 434D4152 		.ascii	"CMAR\000"
 2171      00
 2172              	.LASF59:
 2173 003d 49324331 		.ascii	"I2C1_EV_IRQn\000"
 2173      5F45565F 
 2173      4952516E 
 2173      00
 2174              	.LASF4:
 2175 004a 5F5F7569 		.ascii	"__uint8_t\000"
 2175      6E74385F 
 2175      7400
 2176              	.LASF49:
 2177 0054 43414E31 		.ascii	"CAN1_RX1_IRQn\000"
 2177      5F525831 
 2177      5F495251 
 2177      6E00
 2178              	.LASF12:
 2179 0062 6C6F6E67 		.ascii	"long long unsigned int\000"
 2179      206C6F6E 
 2179      6720756E 
 2179      7369676E 
 2179      65642069 
 2180              	.LASF69:
 2181 0079 5254435F 		.ascii	"RTC_Alarm_IRQn\000"
ARM GAS  /tmp/ccgNOVvJ.s 			page 40


 2181      416C6172 
 2181      6D5F4952 
 2181      516E00
 2182              	.LASF89:
 2183 0088 76656374 		.ascii	"vector\000"
 2183      6F7200
 2184              	.LASF112:
 2185 008f 5F73746D 		.ascii	"_stm32_dma_streams\000"
 2185      33325F64 
 2185      6D615F73 
 2185      74726561 
 2185      6D7300
 2186              	.LASF62:
 2187 00a2 49324332 		.ascii	"I2C2_ER_IRQn\000"
 2187      5F45525F 
 2187      4952516E 
 2187      00
 2188              	.LASF58:
 2189 00af 54494D34 		.ascii	"TIM4_IRQn\000"
 2189      5F495251 
 2189      6E00
 2190              	.LASF36:
 2191 00b9 45585449 		.ascii	"EXTI2_IRQn\000"
 2191      325F4952 
 2191      516E00
 2192              	.LASF28:
 2193 00c4 57574447 		.ascii	"WWDG_IRQn\000"
 2193      5F495251 
 2193      6E00
 2194              	.LASF119:
 2195 00ce 6E766963 		.ascii	"nvicEnableVector\000"
 2195      456E6162 
 2195      6C655665 
 2195      63746F72 
 2195      00
 2196              	.LASF11:
 2197 00df 6C6F6E67 		.ascii	"long long int\000"
 2197      206C6F6E 
 2197      6720696E 
 2197      7400
 2198              	.LASF1:
 2199 00ed 7369676E 		.ascii	"signed char\000"
 2199      65642063 
 2199      68617200 
 2200              	.LASF17:
 2201 00f9 626F6F6C 		.ascii	"bool_t\000"
 2201      5F7400
 2202              	.LASF120:
 2203 0100 6E766963 		.ascii	"nvicDisableVector\000"
 2203      44697361 
 2203      626C6556 
 2203      6563746F 
 2203      7200
 2204              	.LASF104:
 2205 0112 646D6173 		.ascii	"dmastp\000"
 2205      747000
 2206              	.LASF8:
ARM GAS  /tmp/ccgNOVvJ.s 			page 41


 2207 0119 6C6F6E67 		.ascii	"long int\000"
 2207      20696E74 
 2207      00
 2208              	.LASF78:
 2209 0122 41504232 		.ascii	"APB2RSTR\000"
 2209      52535452 
 2209      00
 2210              	.LASF106:
 2211 012b 66756E63 		.ascii	"func\000"
 2211      00
 2212              	.LASF41:
 2213 0130 444D4131 		.ascii	"DMA1_Channel3_IRQn\000"
 2213      5F436861 
 2213      6E6E656C 
 2213      335F4952 
 2213      516E00
 2214              	.LASF14:
 2215 0143 75696E74 		.ascii	"uint16_t\000"
 2215      31365F74 
 2215      00
 2216              	.LASF16:
 2217 014c 75696E74 		.ascii	"uint32_t\000"
 2217      33325F74 
 2217      00
 2218              	.LASF46:
 2219 0155 41444331 		.ascii	"ADC1_2_IRQn\000"
 2219      5F325F49 
 2219      52516E00 
 2220              	.LASF93:
 2221 0161 646D615F 		.ascii	"dma_param\000"
 2221      70617261 
 2221      6D00
 2222              	.LASF26:
 2223 016b 50656E64 		.ascii	"PendSV_IRQn\000"
 2223      53565F49 
 2223      52516E00 
 2224              	.LASF42:
 2225 0177 444D4131 		.ascii	"DMA1_Channel4_IRQn\000"
 2225      5F436861 
 2225      6E6E656C 
 2225      345F4952 
 2225      516E00
 2226              	.LASF9:
 2227 018a 5F5F7569 		.ascii	"__uint32_t\000"
 2227      6E743332 
 2227      5F7400
 2228              	.LASF22:
 2229 0195 42757346 		.ascii	"BusFault_IRQn\000"
 2229      61756C74 
 2229      5F495251 
 2229      6E00
 2230              	.LASF88:
 2231 01a3 73656C66 		.ascii	"selfindex\000"
 2231      696E6465 
 2231      7800
 2232              	.LASF76:
 2233 01ad 444D415F 		.ascii	"DMA_TypeDef\000"
ARM GAS  /tmp/ccgNOVvJ.s 			page 42


 2233      54797065 
 2233      44656600 
 2234              	.LASF0:
 2235 01b9 756E7369 		.ascii	"unsigned int\000"
 2235      676E6564 
 2235      20696E74 
 2235      00
 2236              	.LASF115:
 2237 01c6 2F686F6D 		.ascii	"/home/dltech-deb/gdrive/Projects/RFM_to_Modbus_TCP/"
 2237      652F646C 
 2237      74656368 
 2237      2D646562 
 2237      2F676472 
 2238 01f9 43686962 		.ascii	"ChibiOS/F103_ChibiOS_ENC60J28/main\000"
 2238      694F532F 
 2238      46313033 
 2238      5F436869 
 2238      62694F53 
 2239              	.LASF72:
 2240 021c 43504152 		.ascii	"CPAR\000"
 2240      00
 2241              	.LASF91:
 2242 0221 73746D33 		.ascii	"stm32_dmaisr_t\000"
 2242      325F646D 
 2242      61697372 
 2242      5F7400
 2243              	.LASF10:
 2244 0230 6C6F6E67 		.ascii	"long unsigned int\000"
 2244      20756E73 
 2244      69676E65 
 2244      6420696E 
 2244      7400
 2245              	.LASF84:
 2246 0242 5243435F 		.ascii	"RCC_TypeDef\000"
 2246      54797065 
 2246      44656600 
 2247              	.LASF74:
 2248 024e 444D415F 		.ascii	"DMA_Channel_TypeDef\000"
 2248      4368616E 
 2248      6E656C5F 
 2248      54797065 
 2248      44656600 
 2249              	.LASF87:
 2250 0262 69736869 		.ascii	"ishift\000"
 2250      667400
 2251              	.LASF43:
 2252 0269 444D4131 		.ascii	"DMA1_Channel5_IRQn\000"
 2252      5F436861 
 2252      6E6E656C 
 2252      355F4952 
 2252      516E00
 2253              	.LASF6:
 2254 027c 73686F72 		.ascii	"short unsigned int\000"
 2254      7420756E 
 2254      7369676E 
 2254      65642069 
 2254      6E7400
ARM GAS  /tmp/ccgNOVvJ.s 			page 43


 2255              	.LASF114:
 2256 028f 2E2E2F6F 		.ascii	"../os/hal/platforms/STM32F1xx/stm32_dma.c\000"
 2256      732F6861 
 2256      6C2F706C 
 2256      6174666F 
 2256      726D732F 
 2257              	.LASF68:
 2258 02b9 45585449 		.ascii	"EXTI15_10_IRQn\000"
 2258      31355F31 
 2258      305F4952 
 2258      516E00
 2259              	.LASF63:
 2260 02c8 53504931 		.ascii	"SPI1_IRQn\000"
 2260      5F495251 
 2260      6E00
 2261              	.LASF105:
 2262 02d2 7072696F 		.ascii	"priority\000"
 2262      72697479 
 2262      00
 2263              	.LASF27:
 2264 02db 53797354 		.ascii	"SysTick_IRQn\000"
 2264      69636B5F 
 2264      4952516E 
 2264      00
 2265              	.LASF55:
 2266 02e8 54494D31 		.ascii	"TIM1_CC_IRQn\000"
 2266      5F43435F 
 2266      4952516E 
 2266      00
 2267              	.LASF116:
 2268 02f5 4952516E 		.ascii	"IRQn\000"
 2268      00
 2269              	.LASF40:
 2270 02fa 444D4131 		.ascii	"DMA1_Channel2_IRQn\000"
 2270      5F436861 
 2270      6E6E656C 
 2270      325F4952 
 2270      516E00
 2271              	.LASF19:
 2272 030d 73697A65 		.ascii	"sizetype\000"
 2272      74797065 
 2272      00
 2273              	.LASF24:
 2274 0316 53564361 		.ascii	"SVCall_IRQn\000"
 2274      6C6C5F49 
 2274      52516E00 
 2275              	.LASF61:
 2276 0322 49324332 		.ascii	"I2C2_EV_IRQn\000"
 2276      5F45565F 
 2276      4952516E 
 2276      00
 2277              	.LASF107:
 2278 032f 70617261 		.ascii	"param\000"
 2278      6D00
 2279              	.LASF37:
 2280 0335 45585449 		.ascii	"EXTI3_IRQn\000"
 2280      335F4952 
ARM GAS  /tmp/ccgNOVvJ.s 			page 44


 2280      516E00
 2281              	.LASF64:
 2282 0340 53504932 		.ascii	"SPI2_IRQn\000"
 2282      5F495251 
 2282      6E00
 2283              	.LASF92:
 2284 034a 646D615F 		.ascii	"dma_func\000"
 2284      66756E63 
 2284      00
 2285              	.LASF70:
 2286 0353 5553425F 		.ascii	"USB_FS_WKUP_IRQn\000"
 2286      46535F57 
 2286      4B55505F 
 2286      4952516E 
 2286      00
 2287              	.LASF79:
 2288 0364 41504231 		.ascii	"APB1RSTR\000"
 2288      52535452 
 2288      00
 2289              	.LASF39:
 2290 036d 444D4131 		.ascii	"DMA1_Channel1_IRQn\000"
 2290      5F436861 
 2290      6E6E656C 
 2290      315F4952 
 2290      516E00
 2291              	.LASF21:
 2292 0380 4D656D6F 		.ascii	"MemoryManagement_IRQn\000"
 2292      72794D61 
 2292      6E616765 
 2292      6D656E74 
 2292      5F495251 
 2293              	.LASF65:
 2294 0396 55534152 		.ascii	"USART1_IRQn\000"
 2294      54315F49 
 2294      52516E00 
 2295              	.LASF90:
 2296 03a2 73746D33 		.ascii	"stm32_dma_stream_t\000"
 2296      325F646D 
 2296      615F7374 
 2296      7265616D 
 2296      5F7400
 2297              	.LASF113:
 2298 03b5 474E5520 		.ascii	"GNU C 4.8.4 20141219 (release) -mcpu=cortex-m3 -mno"
 2298      4320342E 
 2298      382E3420 
 2298      32303134 
 2298      31323139 
 2299 03e8 2D746875 		.ascii	"-thumb-interwork -mthumb -ggdb -O2 -fomit-frame-poi"
 2299      6D622D69 
 2299      6E746572 
 2299      776F726B 
 2299      202D6D74 
 2300 041b 6E746572 		.ascii	"nter -falign-functions=16 -ffunction-sections -fdat"
 2300      202D6661 
 2300      6C69676E 
 2300      2D66756E 
 2300      6374696F 
ARM GAS  /tmp/ccgNOVvJ.s 			page 45


 2301 044e 612D7365 		.ascii	"a-sections -fno-common -fno-strict-aliasing\000"
 2301      6374696F 
 2301      6E73202D 
 2301      666E6F2D 
 2301      636F6D6D 
 2302              	.LASF95:
 2303 047a 56656374 		.ascii	"Vector6C\000"
 2303      6F723643 
 2303      00
 2304              	.LASF18:
 2305 0483 5F426F6F 		.ascii	"_Bool\000"
 2305      6C00
 2306              	.LASF15:
 2307 0489 696E7433 		.ascii	"int32_t\000"
 2307      325F7400 
 2308              	.LASF2:
 2309 0491 756E7369 		.ascii	"unsigned char\000"
 2309      676E6564 
 2309      20636861 
 2309      7200
 2310              	.LASF47:
 2311 049f 5553425F 		.ascii	"USB_HP_CAN1_TX_IRQn\000"
 2311      48505F43 
 2311      414E315F 
 2311      54585F49 
 2311      52516E00 
 2312              	.LASF111:
 2313 04b3 49544D5F 		.ascii	"ITM_RxBuffer\000"
 2313      52784275 
 2313      66666572 
 2313      00
 2314              	.LASF38:
 2315 04c0 45585449 		.ascii	"EXTI4_IRQn\000"
 2315      345F4952 
 2315      516E00
 2316              	.LASF3:
 2317 04cb 73686F72 		.ascii	"short int\000"
 2317      7420696E 
 2317      7400
 2318              	.LASF48:
 2319 04d5 5553425F 		.ascii	"USB_LP_CAN1_RX0_IRQn\000"
 2319      4C505F43 
 2319      414E315F 
 2319      5258305F 
 2319      4952516E 
 2320              	.LASF81:
 2321 04ea 41504232 		.ascii	"APB2ENR\000"
 2321      454E5200 
 2322              	.LASF85:
 2323 04f2 6368616E 		.ascii	"channel\000"
 2323      6E656C00 
 2324              	.LASF32:
 2325 04fa 464C4153 		.ascii	"FLASH_IRQn\000"
 2325      485F4952 
 2325      516E00
 2326              	.LASF86:
 2327 0505 69666372 		.ascii	"ifcr\000"
ARM GAS  /tmp/ccgNOVvJ.s 			page 46


 2327      00
 2328              	.LASF96:
 2329 050a 56656374 		.ascii	"Vector70\000"
 2329      6F723730 
 2329      00
 2330              	.LASF98:
 2331 0513 56656374 		.ascii	"Vector74\000"
 2331      6F723734 
 2331      00
 2332              	.LASF66:
 2333 051c 55534152 		.ascii	"USART2_IRQn\000"
 2333      54325F49 
 2333      52516E00 
 2334              	.LASF23:
 2335 0528 55736167 		.ascii	"UsageFault_IRQn\000"
 2335      65466175 
 2335      6C745F49 
 2335      52516E00 
 2336              	.LASF99:
 2337 0538 56656374 		.ascii	"Vector78\000"
 2337      6F723738 
 2337      00
 2338              	.LASF103:
 2339 0541 646D6149 		.ascii	"dmaInit\000"
 2339      6E697400 
 2340              	.LASF75:
 2341 0549 49464352 		.ascii	"IFCR\000"
 2341      00
 2342              	.LASF108:
 2343 054e 646D6153 		.ascii	"dmaStreamRelease\000"
 2343      74726561 
 2343      6D52656C 
 2343      65617365 
 2343      00
 2344              	.LASF100:
 2345 055f 56656374 		.ascii	"Vector7C\000"
 2345      6F723743 
 2345      00
 2346              	.LASF52:
 2347 0568 54494D31 		.ascii	"TIM1_BRK_IRQn\000"
 2347      5F42524B 
 2347      5F495251 
 2347      6E00
 2348              	.LASF5:
 2349 0576 5F5F7569 		.ascii	"__uint16_t\000"
 2349      6E743136 
 2349      5F7400
 2350              	.LASF20:
 2351 0581 4E6F6E4D 		.ascii	"NonMaskableInt_IRQn\000"
 2351      61736B61 
 2351      626C6549 
 2351      6E745F49 
 2351      52516E00 
 2352              	.LASF7:
 2353 0595 5F5F696E 		.ascii	"__int32_t\000"
 2353      7433325F 
 2353      7400
ARM GAS  /tmp/ccgNOVvJ.s 			page 47


 2354              	.LASF44:
 2355 059f 444D4131 		.ascii	"DMA1_Channel6_IRQn\000"
 2355      5F436861 
 2355      6E6E656C 
 2355      365F4952 
 2355      516E00
 2356              	.LASF82:
 2357 05b2 41504231 		.ascii	"APB1ENR\000"
 2357      454E5200 
 2358              	.LASF30:
 2359 05ba 54414D50 		.ascii	"TAMPER_IRQn\000"
 2359      45525F49 
 2359      52516E00 
 2360              	.LASF53:
 2361 05c6 54494D31 		.ascii	"TIM1_UP_IRQn\000"
 2361      5F55505F 
 2361      4952516E 
 2361      00
 2362              	.LASF109:
 2363 05d3 646D615F 		.ascii	"dma_streams_mask\000"
 2363      73747265 
 2363      616D735F 
 2363      6D61736B 
 2363      00
 2364              	.LASF25:
 2365 05e4 44656275 		.ascii	"DebugMonitor_IRQn\000"
 2365      674D6F6E 
 2365      69746F72 
 2365      5F495251 
 2365      6E00
 2366              	.LASF101:
 2367 05f6 56656374 		.ascii	"Vector80\000"
 2367      6F723830 
 2367      00
 2368              	.LASF67:
 2369 05ff 55534152 		.ascii	"USART3_IRQn\000"
 2369      54335F49 
 2369      52516E00 
 2370              	.LASF102:
 2371 060b 56656374 		.ascii	"Vector84\000"
 2371      6F723834 
 2371      00
 2372              	.LASF56:
 2373 0614 54494D32 		.ascii	"TIM2_IRQn\000"
 2373      5F495251 
 2373      6E00
 2374              	.LASF34:
 2375 061e 45585449 		.ascii	"EXTI0_IRQn\000"
 2375      305F4952 
 2375      516E00
 2376              	.LASF71:
 2377 0629 434E4454 		.ascii	"CNDTR\000"
 2377      5200
 2378              	.LASF83:
 2379 062f 42444352 		.ascii	"BDCR\000"
 2379      00
 2380              	.LASF118:
ARM GAS  /tmp/ccgNOVvJ.s 			page 48


 2381 0634 5F706F72 		.ascii	"_port_irq_epilogue\000"
 2381      745F6972 
 2381      715F6570 
 2381      696C6F67 
 2381      756500
 2382              	.LASF13:
 2383 0647 75696E74 		.ascii	"uint8_t\000"
 2383      385F7400 
 2384              	.LASF97:
 2385 064f 666C6167 		.ascii	"flags\000"
 2385      7300
 2386              	.LASF110:
 2387 0655 646D615F 		.ascii	"dma_isr_redir\000"
 2387      6973725F 
 2387      72656469 
 2387      7200
 2388              	.LASF45:
 2389 0663 444D4131 		.ascii	"DMA1_Channel7_IRQn\000"
 2389      5F436861 
 2389      6E6E656C 
 2389      375F4952 
 2389      516E00
 2390              	.LASF77:
 2391 0676 43464752 		.ascii	"CFGR\000"
 2391      00
 2392              	.LASF60:
 2393 067b 49324331 		.ascii	"I2C1_ER_IRQn\000"
 2393      5F45525F 
 2393      4952516E 
 2393      00
 2394              	.LASF31:
 2395 0688 5254435F 		.ascii	"RTC_IRQn\000"
 2395      4952516E 
 2395      00
 2396              	.LASF50:
 2397 0691 43414E31 		.ascii	"CAN1_SCE_IRQn\000"
 2397      5F534345 
 2397      5F495251 
 2397      6E00
 2398              	.LASF117:
 2399 069f 646D6153 		.ascii	"dmaStreamAllocate\000"
 2399      74726561 
 2399      6D416C6C 
 2399      6F636174 
 2399      6500
 2400              	.LASF33:
 2401 06b1 5243435F 		.ascii	"RCC_IRQn\000"
 2401      4952516E 
 2401      00
 2402              	.LASF57:
 2403 06ba 54494D33 		.ascii	"TIM3_IRQn\000"
 2403      5F495251 
 2403      6E00
 2404              	.LASF80:
 2405 06c4 41484245 		.ascii	"AHBENR\000"
 2405      4E5200
 2406              	.LASF35:
ARM GAS  /tmp/ccgNOVvJ.s 			page 49


 2407 06cb 45585449 		.ascii	"EXTI1_IRQn\000"
 2407      315F4952 
 2407      516E00
 2408              		.ident	"GCC: (4.8.4-1+11-1) 4.8.4 20141219 (release)"
ARM GAS  /tmp/ccgNOVvJ.s 			page 50


DEFINED SYMBOLS
                            *ABS*:0000000000000000 stm32_dma.c
     /tmp/ccgNOVvJ.s:19     .text.Vector6C:0000000000000000 $t
     /tmp/ccgNOVvJ.s:25     .text.Vector6C:0000000000000000 Vector6C
     /tmp/ccgNOVvJ.s:62     .text.Vector6C:0000000000000020 $d
     /tmp/ccgNOVvJ.s:68     .text.Vector70:0000000000000000 $t
     /tmp/ccgNOVvJ.s:74     .text.Vector70:0000000000000000 Vector70
     /tmp/ccgNOVvJ.s:113    .text.Vector70:0000000000000020 $d
     /tmp/ccgNOVvJ.s:119    .text.Vector74:0000000000000000 $t
     /tmp/ccgNOVvJ.s:125    .text.Vector74:0000000000000000 Vector74
     /tmp/ccgNOVvJ.s:164    .text.Vector74:0000000000000020 $d
     /tmp/ccgNOVvJ.s:170    .text.Vector78:0000000000000000 $t
     /tmp/ccgNOVvJ.s:176    .text.Vector78:0000000000000000 Vector78
     /tmp/ccgNOVvJ.s:215    .text.Vector78:0000000000000020 $d
     /tmp/ccgNOVvJ.s:221    .text.Vector7C:0000000000000000 $t
     /tmp/ccgNOVvJ.s:227    .text.Vector7C:0000000000000000 Vector7C
     /tmp/ccgNOVvJ.s:266    .text.Vector7C:0000000000000020 $d
     /tmp/ccgNOVvJ.s:272    .text.Vector80:0000000000000000 $t
     /tmp/ccgNOVvJ.s:278    .text.Vector80:0000000000000000 Vector80
     /tmp/ccgNOVvJ.s:317    .text.Vector80:0000000000000020 $d
     /tmp/ccgNOVvJ.s:323    .text.Vector84:0000000000000000 $t
     /tmp/ccgNOVvJ.s:329    .text.Vector84:0000000000000000 Vector84
     /tmp/ccgNOVvJ.s:368    .text.Vector84:0000000000000020 $d
     /tmp/ccgNOVvJ.s:374    .text.dmaInit:0000000000000000 $t
     /tmp/ccgNOVvJ.s:380    .text.dmaInit:0000000000000000 dmaInit
     /tmp/ccgNOVvJ.s:427    .text.dmaInit:000000000000002c $d
     /tmp/ccgNOVvJ.s:435    .text.dmaStreamAllocate:0000000000000000 $t
     /tmp/ccgNOVvJ.s:441    .text.dmaStreamAllocate:0000000000000000 dmaStreamAllocate
     /tmp/ccgNOVvJ.s:533    .text.dmaStreamAllocate:0000000000000070 $d
     /tmp/ccgNOVvJ.s:540    .text.dmaStreamRelease:0000000000000000 $t
     /tmp/ccgNOVvJ.s:546    .text.dmaStreamRelease:0000000000000000 dmaStreamRelease
     /tmp/ccgNOVvJ.s:586    .text.dmaStreamRelease:000000000000002c $d
     /tmp/ccgNOVvJ.s:604    .rodata._stm32_dma_streams:0000000000000000 _stm32_dma_streams
     /tmp/ccgNOVvJ.s:593    .bss.dma_isr_redir:0000000000000000 $d
     /tmp/ccgNOVvJ.s:597    .bss.dma_isr_redir:0000000000000000 dma_isr_redir
     /tmp/ccgNOVvJ.s:600    .rodata._stm32_dma_streams:0000000000000000 $d
     /tmp/ccgNOVvJ.s:648    .bss.dma_streams_mask:0000000000000000 $d
     /tmp/ccgNOVvJ.s:652    .bss.dma_streams_mask:0000000000000000 dma_streams_mask
                     .debug_frame:0000000000000010 $d
     /tmp/ccgNOVvJ.s:67     .text.Vector6C:0000000000000028 $t
     /tmp/ccgNOVvJ.s:118    .text.Vector70:0000000000000028 $t
     /tmp/ccgNOVvJ.s:169    .text.Vector74:0000000000000028 $t
     /tmp/ccgNOVvJ.s:220    .text.Vector78:0000000000000028 $t
     /tmp/ccgNOVvJ.s:271    .text.Vector7C:0000000000000028 $t
     /tmp/ccgNOVvJ.s:322    .text.Vector80:0000000000000028 $t
     /tmp/ccgNOVvJ.s:373    .text.Vector84:0000000000000028 $t
     /tmp/ccgNOVvJ.s:434    .text.dmaInit:000000000000003c $t
     /tmp/ccgNOVvJ.s:539    .text.dmaStreamAllocate:000000000000007c $t
     /tmp/ccgNOVvJ.s:592    .text.dmaStreamRelease:0000000000000034 $t

UNDEFINED SYMBOLS
_port_irq_epilogue
nvicEnableVector
nvicDisableVector
