ARM GAS  /tmp/ccfQ2OXv.s 			page 1


   1              		.syntax unified
   2              		.cpu cortex-m3
   3              		.fpu softvfp
   4              		.eabi_attribute 20, 1
   5              		.eabi_attribute 21, 1
   6              		.eabi_attribute 23, 3
   7              		.eabi_attribute 24, 1
   8              		.eabi_attribute 25, 1
   9              		.eabi_attribute 26, 1
  10              		.eabi_attribute 30, 2
  11              		.eabi_attribute 34, 1
  12              		.eabi_attribute 18, 4
  13              		.thumb
  14              		.file	"tm.c"
  15              		.text
  16              	.Ltext0:
  17              		.cfi_sections	.debug_frame
  18              		.section	.text.tm_start,"ax",%progbits
  19              		.align	2
  20              		.p2align 4,,15
  21              		.thumb
  22              		.thumb_func
  23              		.type	tm_start, %function
  24              	tm_start:
  25              	.LFB56:
  26              		.file 1 "../os/hal/src/tm.c"
  27              		.loc 1 69 0
  28              		.cfi_startproc
  29              		@ args = 0, pretend = 0, frame = 0
  30              		@ frame_needed = 0, uses_anonymous_args = 0
  31              		@ link register save eliminated.
  32              	.LVL0:
  33              		.loc 1 71 0
  34 0000 014B     		ldr	r3, .L2
  35 0002 5B68     		ldr	r3, [r3, #4]
  36 0004 8360     		str	r3, [r0, #8]
  37 0006 7047     		bx	lr
  38              	.L3:
  39              		.align	2
  40              	.L2:
  41 0008 001000E0 		.word	-536866816
  42              		.cfi_endproc
  43              	.LFE56:
  44              		.size	tm_start, .-tm_start
  45 000c AFF30080 		.section	.text.tm_stop,"ax",%progbits
  46              		.align	2
  47              		.p2align 4,,15
  48              		.thumb
  49              		.thumb_func
  50              		.type	tm_stop, %function
  51              	tm_stop:
  52              	.LFB57:
  53              		.loc 1 81 0
  54              		.cfi_startproc
  55              		@ args = 0, pretend = 0, frame = 0
  56              		@ frame_needed = 0, uses_anonymous_args = 0
  57              		@ link register save eliminated.
ARM GAS  /tmp/ccfQ2OXv.s 			page 2


  58              	.LVL1:
  59              		.loc 1 83 0
  60 0000 084B     		ldr	r3, .L9
  61              		.loc 1 84 0
  62 0002 0949     		ldr	r1, .L9+4
  63 0004 8268     		ldr	r2, [r0, #8]
  64              		.loc 1 83 0
  65 0006 5B68     		ldr	r3, [r3, #4]
  66              	.LVL2:
  67              		.loc 1 84 0
  68 0008 0968     		ldr	r1, [r1]
  69 000a 9B1A     		subs	r3, r3, r2
  70              	.LVL3:
  71              		.loc 1 85 0
  72 000c C268     		ldr	r2, [r0, #12]
  73              		.loc 1 84 0
  74 000e 5B1A     		subs	r3, r3, r1
  75              		.loc 1 85 0
  76 0010 9342     		cmp	r3, r2
  77              		.loc 1 84 0
  78 0012 8360     		str	r3, [r0, #8]
  79              		.loc 1 85 0
  80 0014 04D8     		bhi	.L8
  81              		.loc 1 87 0
  82 0016 0269     		ldr	r2, [r0, #16]
  83 0018 9342     		cmp	r3, r2
  84              		.loc 1 88 0
  85 001a 38BF     		it	cc
  86 001c 0361     		strcc	r3, [r0, #16]
  87 001e 7047     		bx	lr
  88              	.L8:
  89              		.loc 1 86 0
  90 0020 C360     		str	r3, [r0, #12]
  91 0022 7047     		bx	lr
  92              	.L10:
  93              		.align	2
  94              	.L9:
  95 0024 001000E0 		.word	-536866816
  96 0028 00000000 		.word	.LANCHOR0
  97              		.cfi_endproc
  98              	.LFE57:
  99              		.size	tm_stop, .-tm_stop
 100 002c AFF30080 		.section	.text.tmInit,"ax",%progbits
 101              		.align	2
 102              		.p2align 4,,15
 103              		.global	tmInit
 104              		.thumb
 105              		.thumb_func
 106              		.type	tmInit, %function
 107              	tmInit:
 108              	.LFB58:
 109              		.loc 1 104 0
 110              		.cfi_startproc
 111              		@ args = 0, pretend = 0, frame = 24
 112              		@ frame_needed = 0, uses_anonymous_args = 0
 113 0000 30B5     		push	{r4, r5, lr}
 114              		.cfi_def_cfa_offset 12
ARM GAS  /tmp/ccfQ2OXv.s 			page 3


 115              		.cfi_offset 4, -12
 116              		.cfi_offset 5, -8
 117              		.cfi_offset 14, -4
 118              	.LBB8:
 119              	.LBB9:
 120              		.loc 1 127 0
 121 0002 0B48     		ldr	r0, .L12
 122              	.LBE9:
 123              	.LBE8:
 124              		.loc 1 110 0
 125 0004 0B4C     		ldr	r4, .L12+4
 126              	.LBB14:
 127              	.LBB10:
 128              		.loc 1 126 0
 129 0006 0C4D     		ldr	r5, .L12+8
 130              	.LBE10:
 131              	.LBE14:
 132              		.loc 1 104 0
 133 0008 87B0     		sub	sp, sp, #28
 134              		.cfi_def_cfa_offset 40
 135              		.loc 1 110 0
 136 000a 0023     		movs	r3, #0
 137              	.LBB15:
 138              	.LBB11:
 139              		.loc 1 130 0
 140 000c 4FF0FF31 		mov	r1, #-1
 141              	.LBE11:
 142              	.LBE15:
 143              	.LBB16:
 144              	.LBB17:
 145              		.loc 1 71 0
 146 0010 0A4A     		ldr	r2, .L12+12
 147              	.LBE17:
 148              	.LBE16:
 149              	.LBB20:
 150              	.LBB12:
 151              		.loc 1 128 0
 152 0012 0393     		str	r3, [sp, #12]
 153              		.loc 1 127 0
 154 0014 0290     		str	r0, [sp, #8]
 155              	.LBE12:
 156              	.LBE20:
 157              		.loc 1 110 0
 158 0016 2360     		str	r3, [r4]
 159              	.LVL4:
 160              	.LBB21:
 161              	.LBB13:
 162              		.loc 1 129 0
 163 0018 0493     		str	r3, [sp, #16]
 164              		.loc 1 126 0
 165 001a 0195     		str	r5, [sp, #4]
 166              		.loc 1 130 0
 167 001c 0591     		str	r1, [sp, #20]
 168              	.LVL5:
 169              	.LBE13:
 170              	.LBE21:
 171              	.LBB22:
ARM GAS  /tmp/ccfQ2OXv.s 			page 4


 172              	.LBB18:
 173              		.loc 1 71 0
 174 001e 5368     		ldr	r3, [r2, #4]
 175              	.LBE18:
 176              	.LBE22:
 177              		.loc 1 113 0
 178 0020 01A8     		add	r0, sp, #4
 179              	.LVL6:
 180              	.LBB23:
 181              	.LBB19:
 182              		.loc 1 71 0
 183 0022 0393     		str	r3, [sp, #12]
 184              	.LBE19:
 185              	.LBE23:
 186              		.loc 1 113 0
 187 0024 FFF7FEFF 		bl	tm_stop
 188              	.LVL7:
 189              		.loc 1 114 0
 190 0028 039B     		ldr	r3, [sp, #12]
 191 002a 2360     		str	r3, [r4]
 192              		.loc 1 115 0
 193 002c 07B0     		add	sp, sp, #28
 194              		@ sp needed
 195 002e 30BD     		pop	{r4, r5, pc}
 196              	.LVL8:
 197              	.L13:
 198              		.align	2
 199              	.L12:
 200 0030 00000000 		.word	tm_stop
 201 0034 00000000 		.word	.LANCHOR0
 202 0038 00000000 		.word	tm_start
 203 003c 001000E0 		.word	-536866816
 204              		.cfi_endproc
 205              	.LFE58:
 206              		.size	tmInit, .-tmInit
 207              		.section	.text.tmObjectInit,"ax",%progbits
 208              		.align	2
 209              		.p2align 4,,15
 210              		.global	tmObjectInit
 211              		.thumb
 212              		.thumb_func
 213              		.type	tmObjectInit, %function
 214              	tmObjectInit:
 215              	.LFB59:
 216              		.loc 1 124 0
 217              		.cfi_startproc
 218              		@ args = 0, pretend = 0, frame = 0
 219              		@ frame_needed = 0, uses_anonymous_args = 0
 220              		@ link register save eliminated.
 221              	.LVL9:
 222              		.loc 1 126 0
 223 0000 0649     		ldr	r1, .L15
 224              		.loc 1 127 0
 225 0002 074A     		ldr	r2, .L15+4
 226              		.loc 1 124 0
 227 0004 10B4     		push	{r4}
 228              		.cfi_def_cfa_offset 4
ARM GAS  /tmp/ccfQ2OXv.s 			page 5


 229              		.cfi_offset 4, -4
 230              		.loc 1 128 0
 231 0006 0023     		movs	r3, #0
 232              		.loc 1 130 0
 233 0008 4FF0FF34 		mov	r4, #-1
 234 000c 0461     		str	r4, [r0, #16]
 235              		.loc 1 127 0
 236 000e 80E80600 		stmia	r0, {r1, r2}
 237              		.loc 1 128 0
 238 0012 8360     		str	r3, [r0, #8]
 239              		.loc 1 129 0
 240 0014 C360     		str	r3, [r0, #12]
 241              		.loc 1 131 0
 242 0016 5DF8044B 		ldr	r4, [sp], #4
 243 001a 7047     		bx	lr
 244              	.L16:
 245              		.align	2
 246              	.L15:
 247 001c 00000000 		.word	tm_start
 248 0020 00000000 		.word	tm_stop
 249              		.cfi_endproc
 250              	.LFE59:
 251              		.size	tmObjectInit, .-tmObjectInit
 252 0024 AFF30080 		.section	.bss.measurement_offset,"aw",%nobits
 252      AFF30080 
 252      AFF30080 
 253              		.align	2
 254              		.set	.LANCHOR0,. + 0
 255              		.type	measurement_offset, %object
 256              		.size	measurement_offset, 4
 257              	measurement_offset:
 258 0000 00000000 		.space	4
 259              		.text
 260              	.Letext0:
 261              		.file 2 "/usr/include/newlib/machine/_default_types.h"
 262              		.file 3 "/usr/include/newlib/stdint.h"
 263              		.file 4 "../os/ports/common/ARMCMx/nvic.h"
 264              		.file 5 "../os/hal/platforms/STM32F1xx/hal_lld.h"
 265              		.file 6 "../os/hal/include/tm.h"
 266              		.file 7 "../os/ports/common/ARMCMx/CMSIS/include/core_cm3.h"
 267              		.section	.debug_info,"",%progbits
 268              	.Ldebug_info0:
 269 0000 CD020000 		.4byte	0x2cd
 270 0004 0400     		.2byte	0x4
 271 0006 00000000 		.4byte	.Ldebug_abbrev0
 272 000a 04       		.byte	0x4
 273 000b 01       		.uleb128 0x1
 274 000c 5F010000 		.4byte	.LASF33
 275 0010 01       		.byte	0x1
 276 0011 20010000 		.4byte	.LASF34
 277 0015 22000000 		.4byte	.LASF35
 278 0019 50000000 		.4byte	.Ldebug_ranges0+0x50
 279 001d 00000000 		.4byte	0
 280 0021 00000000 		.4byte	.Ldebug_line0
 281 0025 02       		.uleb128 0x2
 282 0026 04       		.byte	0x4
 283 0027 05       		.byte	0x5
ARM GAS  /tmp/ccfQ2OXv.s 			page 6


 284 0028 696E7400 		.ascii	"int\000"
 285 002c 03       		.uleb128 0x3
 286 002d 04       		.byte	0x4
 287 002e 07       		.byte	0x7
 288 002f 08010000 		.4byte	.LASF0
 289 0033 03       		.uleb128 0x3
 290 0034 01       		.byte	0x1
 291 0035 06       		.byte	0x6
 292 0036 87020000 		.4byte	.LASF1
 293 003a 03       		.uleb128 0x3
 294 003b 01       		.byte	0x1
 295 003c 08       		.byte	0x8
 296 003d 86000000 		.4byte	.LASF2
 297 0041 03       		.uleb128 0x3
 298 0042 02       		.byte	0x2
 299 0043 05       		.byte	0x5
 300 0044 5E020000 		.4byte	.LASF3
 301 0048 03       		.uleb128 0x3
 302 0049 02       		.byte	0x2
 303 004a 07       		.byte	0x7
 304 004b C1000000 		.4byte	.LASF4
 305 004f 04       		.uleb128 0x4
 306 0050 0A000000 		.4byte	.LASF6
 307 0054 02       		.byte	0x2
 308 0055 3F       		.byte	0x3f
 309 0056 5A000000 		.4byte	0x5a
 310 005a 03       		.uleb128 0x3
 311 005b 04       		.byte	0x4
 312 005c 05       		.byte	0x5
 313 005d 7E020000 		.4byte	.LASF5
 314 0061 04       		.uleb128 0x4
 315 0062 F6000000 		.4byte	.LASF7
 316 0066 02       		.byte	0x2
 317 0067 41       		.byte	0x41
 318 0068 6C000000 		.4byte	0x6c
 319 006c 03       		.uleb128 0x3
 320 006d 04       		.byte	0x4
 321 006e 07       		.byte	0x7
 322 006f A2000000 		.4byte	.LASF8
 323 0073 03       		.uleb128 0x3
 324 0074 08       		.byte	0x8
 325 0075 05       		.byte	0x5
 326 0076 35020000 		.4byte	.LASF9
 327 007a 03       		.uleb128 0x3
 328 007b 08       		.byte	0x8
 329 007c 07       		.byte	0x7
 330 007d 33010000 		.4byte	.LASF10
 331 0081 04       		.uleb128 0x4
 332 0082 24020000 		.4byte	.LASF11
 333 0086 03       		.byte	0x3
 334 0087 41       		.byte	0x41
 335 0088 4F000000 		.4byte	0x4f
 336 008c 04       		.uleb128 0x4
 337 008d 75020000 		.4byte	.LASF12
 338 0091 03       		.byte	0x3
 339 0092 42       		.byte	0x42
 340 0093 61000000 		.4byte	0x61
ARM GAS  /tmp/ccfQ2OXv.s 			page 7


 341 0097 03       		.uleb128 0x3
 342 0098 01       		.byte	0x1
 343 0099 02       		.byte	0x2
 344 009a A3020000 		.4byte	.LASF13
 345 009e 04       		.uleb128 0x4
 346 009f 43020000 		.4byte	.LASF14
 347 00a3 04       		.byte	0x4
 348 00a4 3A       		.byte	0x3a
 349 00a5 A9000000 		.4byte	0xa9
 350 00a9 05       		.uleb128 0x5
 351 00aa 8C000000 		.4byte	0x8c
 352 00ae 03       		.uleb128 0x3
 353 00af 04       		.byte	0x4
 354 00b0 07       		.byte	0x7
 355 00b1 2C020000 		.4byte	.LASF15
 356 00b5 06       		.uleb128 0x6
 357 00b6 20       		.byte	0x20
 358 00b7 04       		.byte	0x4
 359 00b8 0601     		.2byte	0x106
 360 00ba 27010000 		.4byte	0x127
 361 00be 07       		.uleb128 0x7
 362 00bf 53010000 		.4byte	.LASF16
 363 00c3 04       		.byte	0x4
 364 00c4 0701     		.2byte	0x107
 365 00c6 9E000000 		.4byte	0x9e
 366 00ca 00       		.byte	0
 367 00cb 07       		.uleb128 0x7
 368 00cc 94000000 		.4byte	.LASF17
 369 00d0 04       		.byte	0x4
 370 00d1 0801     		.2byte	0x108
 371 00d3 9E000000 		.4byte	0x9e
 372 00d7 04       		.byte	0x4
 373 00d8 07       		.uleb128 0x7
 374 00d9 D4000000 		.4byte	.LASF18
 375 00dd 04       		.byte	0x4
 376 00de 0901     		.2byte	0x109
 377 00e0 9E000000 		.4byte	0x9e
 378 00e4 08       		.byte	0x8
 379 00e5 07       		.uleb128 0x7
 380 00e6 58010000 		.4byte	.LASF19
 381 00ea 04       		.byte	0x4
 382 00eb 0A01     		.2byte	0x10a
 383 00ed 9E000000 		.4byte	0x9e
 384 00f1 0C       		.byte	0xc
 385 00f2 07       		.uleb128 0x7
 386 00f3 78000000 		.4byte	.LASF20
 387 00f7 04       		.byte	0x4
 388 00f8 0B01     		.2byte	0x10b
 389 00fa 9E000000 		.4byte	0x9e
 390 00fe 10       		.byte	0x10
 391 00ff 07       		.uleb128 0x7
 392 0100 01010000 		.4byte	.LASF21
 393 0104 04       		.byte	0x4
 394 0105 0C01     		.2byte	0x10c
 395 0107 9E000000 		.4byte	0x9e
 396 010b 14       		.byte	0x14
 397 010c 07       		.uleb128 0x7
ARM GAS  /tmp/ccfQ2OXv.s 			page 8


 398 010d E8000000 		.4byte	.LASF22
 399 0111 04       		.byte	0x4
 400 0112 0D01     		.2byte	0x10d
 401 0114 9E000000 		.4byte	0x9e
 402 0118 18       		.byte	0x18
 403 0119 07       		.uleb128 0x7
 404 011a 05000000 		.4byte	.LASF23
 405 011e 04       		.byte	0x4
 406 011f 0E01     		.2byte	0x10e
 407 0121 9E000000 		.4byte	0x9e
 408 0125 1C       		.byte	0x1c
 409 0126 00       		.byte	0
 410 0127 08       		.uleb128 0x8
 411 0128 68020000 		.4byte	.LASF24
 412 012c 04       		.byte	0x4
 413 012d 0F01     		.2byte	0x10f
 414 012f B5000000 		.4byte	0xb5
 415 0133 05       		.uleb128 0x5
 416 0134 81000000 		.4byte	0x81
 417 0138 04       		.uleb128 0x4
 418 0139 15010000 		.4byte	.LASF25
 419 013d 05       		.byte	0x5
 420 013e CE       		.byte	0xce
 421 013f 8C000000 		.4byte	0x8c
 422 0143 04       		.uleb128 0x4
 423 0144 93020000 		.4byte	.LASF26
 424 0148 06       		.byte	0x6
 425 0149 45       		.byte	0x45
 426 014a 4E010000 		.4byte	0x14e
 427 014e 09       		.uleb128 0x9
 428 014f 93020000 		.4byte	.LASF26
 429 0153 14       		.byte	0x14
 430 0154 06       		.byte	0x6
 431 0155 4A       		.byte	0x4a
 432 0156 97010000 		.4byte	0x197
 433 015a 0A       		.uleb128 0xa
 434 015b 1C000000 		.4byte	.LASF27
 435 015f 06       		.byte	0x6
 436 0160 4B       		.byte	0x4b
 437 0161 A8010000 		.4byte	0x1a8
 438 0165 00       		.byte	0
 439 0166 0A       		.uleb128 0xa
 440 0167 81000000 		.4byte	.LASF28
 441 016b 06       		.byte	0x6
 442 016c 4C       		.byte	0x4c
 443 016d A8010000 		.4byte	0x1a8
 444 0171 04       		.byte	0x4
 445 0172 0A       		.uleb128 0xa
 446 0173 00000000 		.4byte	.LASF29
 447 0177 06       		.byte	0x6
 448 0178 4D       		.byte	0x4d
 449 0179 38010000 		.4byte	0x138
 450 017d 08       		.byte	0x8
 451 017e 0A       		.uleb128 0xa
 452 017f F0000000 		.4byte	.LASF30
 453 0183 06       		.byte	0x6
 454 0184 4E       		.byte	0x4e
ARM GAS  /tmp/ccfQ2OXv.s 			page 9


 455 0185 38010000 		.4byte	0x138
 456 0189 0C       		.byte	0xc
 457 018a 0A       		.uleb128 0xa
 458 018b 70020000 		.4byte	.LASF31
 459 018f 06       		.byte	0x6
 460 0190 4F       		.byte	0x4f
 461 0191 38010000 		.4byte	0x138
 462 0195 10       		.byte	0x10
 463 0196 00       		.byte	0
 464 0197 0B       		.uleb128 0xb
 465 0198 A2010000 		.4byte	0x1a2
 466 019c 0C       		.uleb128 0xc
 467 019d A2010000 		.4byte	0x1a2
 468 01a1 00       		.byte	0
 469 01a2 0D       		.uleb128 0xd
 470 01a3 04       		.byte	0x4
 471 01a4 43010000 		.4byte	0x143
 472 01a8 0D       		.uleb128 0xd
 473 01a9 04       		.byte	0x4
 474 01aa 97010000 		.4byte	0x197
 475 01ae 0E       		.uleb128 0xe
 476 01af B4000000 		.4byte	.LASF36
 477 01b3 01       		.byte	0x1
 478 01b4 7C       		.byte	0x7c
 479 01b5 01       		.byte	0x1
 480 01b6 C6010000 		.4byte	0x1c6
 481 01ba 0F       		.uleb128 0xf
 482 01bb 746D7000 		.ascii	"tmp\000"
 483 01bf 01       		.byte	0x1
 484 01c0 7C       		.byte	0x7c
 485 01c1 A2010000 		.4byte	0x1a2
 486 01c5 00       		.byte	0
 487 01c6 10       		.uleb128 0x10
 488 01c7 4A010000 		.4byte	.LASF37
 489 01cb 01       		.byte	0x1
 490 01cc 45       		.byte	0x45
 491 01cd 01       		.byte	0x1
 492 01ce DE010000 		.4byte	0x1de
 493 01d2 0F       		.uleb128 0xf
 494 01d3 746D7000 		.ascii	"tmp\000"
 495 01d7 01       		.byte	0x1
 496 01d8 45       		.byte	0x45
 497 01d9 A2010000 		.4byte	0x1a2
 498 01dd 00       		.byte	0
 499 01de 11       		.uleb128 0x11
 500 01df C6010000 		.4byte	0x1c6
 501 01e3 00000000 		.4byte	.LFB56
 502 01e7 0C000000 		.4byte	.LFE56-.LFB56
 503 01eb 01       		.uleb128 0x1
 504 01ec 9C       		.byte	0x9c
 505 01ed F9010000 		.4byte	0x1f9
 506 01f1 12       		.uleb128 0x12
 507 01f2 D2010000 		.4byte	0x1d2
 508 01f6 01       		.uleb128 0x1
 509 01f7 50       		.byte	0x50
 510 01f8 00       		.byte	0
 511 01f9 13       		.uleb128 0x13
ARM GAS  /tmp/ccfQ2OXv.s 			page 10


 512 01fa 14000000 		.4byte	.LASF38
 513 01fe 01       		.byte	0x1
 514 01ff 51       		.byte	0x51
 515 0200 00000000 		.4byte	.LFB57
 516 0204 2C000000 		.4byte	.LFE57-.LFB57
 517 0208 01       		.uleb128 0x1
 518 0209 9C       		.byte	0x9c
 519 020a 2B020000 		.4byte	0x22b
 520 020e 14       		.uleb128 0x14
 521 020f 746D7000 		.ascii	"tmp\000"
 522 0213 01       		.byte	0x1
 523 0214 51       		.byte	0x51
 524 0215 A2010000 		.4byte	0x1a2
 525 0219 01       		.uleb128 0x1
 526 021a 50       		.byte	0x50
 527 021b 15       		.uleb128 0x15
 528 021c 6E6F7700 		.ascii	"now\000"
 529 0220 01       		.byte	0x1
 530 0221 53       		.byte	0x53
 531 0222 38010000 		.4byte	0x138
 532 0226 00000000 		.4byte	.LLST0
 533 022a 00       		.byte	0
 534 022b 16       		.uleb128 0x16
 535 022c 9B000000 		.4byte	.LASF39
 536 0230 01       		.byte	0x1
 537 0231 68       		.byte	0x68
 538 0232 00000000 		.4byte	.LFB58
 539 0236 40000000 		.4byte	.LFE58-.LFB58
 540 023a 01       		.uleb128 0x1
 541 023b 9C       		.byte	0x9c
 542 023c 98020000 		.4byte	0x298
 543 0240 17       		.uleb128 0x17
 544 0241 746D00   		.ascii	"tm\000"
 545 0244 01       		.byte	0x1
 546 0245 69       		.byte	0x69
 547 0246 43010000 		.4byte	0x143
 548 024a 02       		.uleb128 0x2
 549 024b 91       		.byte	0x91
 550 024c 5C       		.sleb128 -36
 551 024d 18       		.uleb128 0x18
 552 024e AE010000 		.4byte	0x1ae
 553 0252 02000000 		.4byte	.LBB8
 554 0256 00000000 		.4byte	.Ldebug_ranges0+0
 555 025a 01       		.byte	0x1
 556 025b 6F       		.byte	0x6f
 557 025c 6A020000 		.4byte	0x26a
 558 0260 19       		.uleb128 0x19
 559 0261 BA010000 		.4byte	0x1ba
 560 0265 13000000 		.4byte	.LLST1
 561 0269 00       		.byte	0
 562 026a 18       		.uleb128 0x18
 563 026b C6010000 		.4byte	0x1c6
 564 026f 10000000 		.4byte	.LBB16
 565 0273 30000000 		.4byte	.Ldebug_ranges0+0x30
 566 0277 01       		.byte	0x1
 567 0278 70       		.byte	0x70
 568 0279 87020000 		.4byte	0x287
ARM GAS  /tmp/ccfQ2OXv.s 			page 11


 569 027d 19       		.uleb128 0x19
 570 027e D2010000 		.4byte	0x1d2
 571 0282 4D000000 		.4byte	.LLST2
 572 0286 00       		.byte	0
 573 0287 1A       		.uleb128 0x1a
 574 0288 28000000 		.4byte	.LVL7
 575 028c F9010000 		.4byte	0x1f9
 576 0290 1B       		.uleb128 0x1b
 577 0291 01       		.uleb128 0x1
 578 0292 50       		.byte	0x50
 579 0293 02       		.uleb128 0x2
 580 0294 91       		.byte	0x91
 581 0295 5C       		.sleb128 -36
 582 0296 00       		.byte	0
 583 0297 00       		.byte	0
 584 0298 11       		.uleb128 0x11
 585 0299 AE010000 		.4byte	0x1ae
 586 029d 00000000 		.4byte	.LFB59
 587 02a1 24000000 		.4byte	.LFE59-.LFB59
 588 02a5 01       		.uleb128 0x1
 589 02a6 9C       		.byte	0x9c
 590 02a7 B3020000 		.4byte	0x2b3
 591 02ab 12       		.uleb128 0x12
 592 02ac BA010000 		.4byte	0x1ba
 593 02b0 01       		.uleb128 0x1
 594 02b1 50       		.byte	0x50
 595 02b2 00       		.byte	0
 596 02b3 1C       		.uleb128 0x1c
 597 02b4 4B020000 		.4byte	.LASF32
 598 02b8 01       		.byte	0x1
 599 02b9 38       		.byte	0x38
 600 02ba 38010000 		.4byte	0x138
 601 02be 05       		.uleb128 0x5
 602 02bf 03       		.byte	0x3
 603 02c0 00000000 		.4byte	measurement_offset
 604 02c4 1D       		.uleb128 0x1d
 605 02c5 DB000000 		.4byte	.LASF40
 606 02c9 07       		.byte	0x7
 607 02ca 0706     		.2byte	0x607
 608 02cc 33010000 		.4byte	0x133
 609 02d0 00       		.byte	0
 610              		.section	.debug_abbrev,"",%progbits
 611              	.Ldebug_abbrev0:
 612 0000 01       		.uleb128 0x1
 613 0001 11       		.uleb128 0x11
 614 0002 01       		.byte	0x1
 615 0003 25       		.uleb128 0x25
 616 0004 0E       		.uleb128 0xe
 617 0005 13       		.uleb128 0x13
 618 0006 0B       		.uleb128 0xb
 619 0007 03       		.uleb128 0x3
 620 0008 0E       		.uleb128 0xe
 621 0009 1B       		.uleb128 0x1b
 622 000a 0E       		.uleb128 0xe
 623 000b 55       		.uleb128 0x55
 624 000c 17       		.uleb128 0x17
 625 000d 11       		.uleb128 0x11
ARM GAS  /tmp/ccfQ2OXv.s 			page 12


 626 000e 01       		.uleb128 0x1
 627 000f 10       		.uleb128 0x10
 628 0010 17       		.uleb128 0x17
 629 0011 00       		.byte	0
 630 0012 00       		.byte	0
 631 0013 02       		.uleb128 0x2
 632 0014 24       		.uleb128 0x24
 633 0015 00       		.byte	0
 634 0016 0B       		.uleb128 0xb
 635 0017 0B       		.uleb128 0xb
 636 0018 3E       		.uleb128 0x3e
 637 0019 0B       		.uleb128 0xb
 638 001a 03       		.uleb128 0x3
 639 001b 08       		.uleb128 0x8
 640 001c 00       		.byte	0
 641 001d 00       		.byte	0
 642 001e 03       		.uleb128 0x3
 643 001f 24       		.uleb128 0x24
 644 0020 00       		.byte	0
 645 0021 0B       		.uleb128 0xb
 646 0022 0B       		.uleb128 0xb
 647 0023 3E       		.uleb128 0x3e
 648 0024 0B       		.uleb128 0xb
 649 0025 03       		.uleb128 0x3
 650 0026 0E       		.uleb128 0xe
 651 0027 00       		.byte	0
 652 0028 00       		.byte	0
 653 0029 04       		.uleb128 0x4
 654 002a 16       		.uleb128 0x16
 655 002b 00       		.byte	0
 656 002c 03       		.uleb128 0x3
 657 002d 0E       		.uleb128 0xe
 658 002e 3A       		.uleb128 0x3a
 659 002f 0B       		.uleb128 0xb
 660 0030 3B       		.uleb128 0x3b
 661 0031 0B       		.uleb128 0xb
 662 0032 49       		.uleb128 0x49
 663 0033 13       		.uleb128 0x13
 664 0034 00       		.byte	0
 665 0035 00       		.byte	0
 666 0036 05       		.uleb128 0x5
 667 0037 35       		.uleb128 0x35
 668 0038 00       		.byte	0
 669 0039 49       		.uleb128 0x49
 670 003a 13       		.uleb128 0x13
 671 003b 00       		.byte	0
 672 003c 00       		.byte	0
 673 003d 06       		.uleb128 0x6
 674 003e 13       		.uleb128 0x13
 675 003f 01       		.byte	0x1
 676 0040 0B       		.uleb128 0xb
 677 0041 0B       		.uleb128 0xb
 678 0042 3A       		.uleb128 0x3a
 679 0043 0B       		.uleb128 0xb
 680 0044 3B       		.uleb128 0x3b
 681 0045 05       		.uleb128 0x5
 682 0046 01       		.uleb128 0x1
ARM GAS  /tmp/ccfQ2OXv.s 			page 13


 683 0047 13       		.uleb128 0x13
 684 0048 00       		.byte	0
 685 0049 00       		.byte	0
 686 004a 07       		.uleb128 0x7
 687 004b 0D       		.uleb128 0xd
 688 004c 00       		.byte	0
 689 004d 03       		.uleb128 0x3
 690 004e 0E       		.uleb128 0xe
 691 004f 3A       		.uleb128 0x3a
 692 0050 0B       		.uleb128 0xb
 693 0051 3B       		.uleb128 0x3b
 694 0052 05       		.uleb128 0x5
 695 0053 49       		.uleb128 0x49
 696 0054 13       		.uleb128 0x13
 697 0055 38       		.uleb128 0x38
 698 0056 0B       		.uleb128 0xb
 699 0057 00       		.byte	0
 700 0058 00       		.byte	0
 701 0059 08       		.uleb128 0x8
 702 005a 16       		.uleb128 0x16
 703 005b 00       		.byte	0
 704 005c 03       		.uleb128 0x3
 705 005d 0E       		.uleb128 0xe
 706 005e 3A       		.uleb128 0x3a
 707 005f 0B       		.uleb128 0xb
 708 0060 3B       		.uleb128 0x3b
 709 0061 05       		.uleb128 0x5
 710 0062 49       		.uleb128 0x49
 711 0063 13       		.uleb128 0x13
 712 0064 00       		.byte	0
 713 0065 00       		.byte	0
 714 0066 09       		.uleb128 0x9
 715 0067 13       		.uleb128 0x13
 716 0068 01       		.byte	0x1
 717 0069 03       		.uleb128 0x3
 718 006a 0E       		.uleb128 0xe
 719 006b 0B       		.uleb128 0xb
 720 006c 0B       		.uleb128 0xb
 721 006d 3A       		.uleb128 0x3a
 722 006e 0B       		.uleb128 0xb
 723 006f 3B       		.uleb128 0x3b
 724 0070 0B       		.uleb128 0xb
 725 0071 01       		.uleb128 0x1
 726 0072 13       		.uleb128 0x13
 727 0073 00       		.byte	0
 728 0074 00       		.byte	0
 729 0075 0A       		.uleb128 0xa
 730 0076 0D       		.uleb128 0xd
 731 0077 00       		.byte	0
 732 0078 03       		.uleb128 0x3
 733 0079 0E       		.uleb128 0xe
 734 007a 3A       		.uleb128 0x3a
 735 007b 0B       		.uleb128 0xb
 736 007c 3B       		.uleb128 0x3b
 737 007d 0B       		.uleb128 0xb
 738 007e 49       		.uleb128 0x49
 739 007f 13       		.uleb128 0x13
ARM GAS  /tmp/ccfQ2OXv.s 			page 14


 740 0080 38       		.uleb128 0x38
 741 0081 0B       		.uleb128 0xb
 742 0082 00       		.byte	0
 743 0083 00       		.byte	0
 744 0084 0B       		.uleb128 0xb
 745 0085 15       		.uleb128 0x15
 746 0086 01       		.byte	0x1
 747 0087 27       		.uleb128 0x27
 748 0088 19       		.uleb128 0x19
 749 0089 01       		.uleb128 0x1
 750 008a 13       		.uleb128 0x13
 751 008b 00       		.byte	0
 752 008c 00       		.byte	0
 753 008d 0C       		.uleb128 0xc
 754 008e 05       		.uleb128 0x5
 755 008f 00       		.byte	0
 756 0090 49       		.uleb128 0x49
 757 0091 13       		.uleb128 0x13
 758 0092 00       		.byte	0
 759 0093 00       		.byte	0
 760 0094 0D       		.uleb128 0xd
 761 0095 0F       		.uleb128 0xf
 762 0096 00       		.byte	0
 763 0097 0B       		.uleb128 0xb
 764 0098 0B       		.uleb128 0xb
 765 0099 49       		.uleb128 0x49
 766 009a 13       		.uleb128 0x13
 767 009b 00       		.byte	0
 768 009c 00       		.byte	0
 769 009d 0E       		.uleb128 0xe
 770 009e 2E       		.uleb128 0x2e
 771 009f 01       		.byte	0x1
 772 00a0 3F       		.uleb128 0x3f
 773 00a1 19       		.uleb128 0x19
 774 00a2 03       		.uleb128 0x3
 775 00a3 0E       		.uleb128 0xe
 776 00a4 3A       		.uleb128 0x3a
 777 00a5 0B       		.uleb128 0xb
 778 00a6 3B       		.uleb128 0x3b
 779 00a7 0B       		.uleb128 0xb
 780 00a8 27       		.uleb128 0x27
 781 00a9 19       		.uleb128 0x19
 782 00aa 20       		.uleb128 0x20
 783 00ab 0B       		.uleb128 0xb
 784 00ac 01       		.uleb128 0x1
 785 00ad 13       		.uleb128 0x13
 786 00ae 00       		.byte	0
 787 00af 00       		.byte	0
 788 00b0 0F       		.uleb128 0xf
 789 00b1 05       		.uleb128 0x5
 790 00b2 00       		.byte	0
 791 00b3 03       		.uleb128 0x3
 792 00b4 08       		.uleb128 0x8
 793 00b5 3A       		.uleb128 0x3a
 794 00b6 0B       		.uleb128 0xb
 795 00b7 3B       		.uleb128 0x3b
 796 00b8 0B       		.uleb128 0xb
ARM GAS  /tmp/ccfQ2OXv.s 			page 15


 797 00b9 49       		.uleb128 0x49
 798 00ba 13       		.uleb128 0x13
 799 00bb 00       		.byte	0
 800 00bc 00       		.byte	0
 801 00bd 10       		.uleb128 0x10
 802 00be 2E       		.uleb128 0x2e
 803 00bf 01       		.byte	0x1
 804 00c0 03       		.uleb128 0x3
 805 00c1 0E       		.uleb128 0xe
 806 00c2 3A       		.uleb128 0x3a
 807 00c3 0B       		.uleb128 0xb
 808 00c4 3B       		.uleb128 0x3b
 809 00c5 0B       		.uleb128 0xb
 810 00c6 27       		.uleb128 0x27
 811 00c7 19       		.uleb128 0x19
 812 00c8 20       		.uleb128 0x20
 813 00c9 0B       		.uleb128 0xb
 814 00ca 01       		.uleb128 0x1
 815 00cb 13       		.uleb128 0x13
 816 00cc 00       		.byte	0
 817 00cd 00       		.byte	0
 818 00ce 11       		.uleb128 0x11
 819 00cf 2E       		.uleb128 0x2e
 820 00d0 01       		.byte	0x1
 821 00d1 31       		.uleb128 0x31
 822 00d2 13       		.uleb128 0x13
 823 00d3 11       		.uleb128 0x11
 824 00d4 01       		.uleb128 0x1
 825 00d5 12       		.uleb128 0x12
 826 00d6 06       		.uleb128 0x6
 827 00d7 40       		.uleb128 0x40
 828 00d8 18       		.uleb128 0x18
 829 00d9 9742     		.uleb128 0x2117
 830 00db 19       		.uleb128 0x19
 831 00dc 01       		.uleb128 0x1
 832 00dd 13       		.uleb128 0x13
 833 00de 00       		.byte	0
 834 00df 00       		.byte	0
 835 00e0 12       		.uleb128 0x12
 836 00e1 05       		.uleb128 0x5
 837 00e2 00       		.byte	0
 838 00e3 31       		.uleb128 0x31
 839 00e4 13       		.uleb128 0x13
 840 00e5 02       		.uleb128 0x2
 841 00e6 18       		.uleb128 0x18
 842 00e7 00       		.byte	0
 843 00e8 00       		.byte	0
 844 00e9 13       		.uleb128 0x13
 845 00ea 2E       		.uleb128 0x2e
 846 00eb 01       		.byte	0x1
 847 00ec 03       		.uleb128 0x3
 848 00ed 0E       		.uleb128 0xe
 849 00ee 3A       		.uleb128 0x3a
 850 00ef 0B       		.uleb128 0xb
 851 00f0 3B       		.uleb128 0x3b
 852 00f1 0B       		.uleb128 0xb
 853 00f2 27       		.uleb128 0x27
ARM GAS  /tmp/ccfQ2OXv.s 			page 16


 854 00f3 19       		.uleb128 0x19
 855 00f4 11       		.uleb128 0x11
 856 00f5 01       		.uleb128 0x1
 857 00f6 12       		.uleb128 0x12
 858 00f7 06       		.uleb128 0x6
 859 00f8 40       		.uleb128 0x40
 860 00f9 18       		.uleb128 0x18
 861 00fa 9742     		.uleb128 0x2117
 862 00fc 19       		.uleb128 0x19
 863 00fd 01       		.uleb128 0x1
 864 00fe 13       		.uleb128 0x13
 865 00ff 00       		.byte	0
 866 0100 00       		.byte	0
 867 0101 14       		.uleb128 0x14
 868 0102 05       		.uleb128 0x5
 869 0103 00       		.byte	0
 870 0104 03       		.uleb128 0x3
 871 0105 08       		.uleb128 0x8
 872 0106 3A       		.uleb128 0x3a
 873 0107 0B       		.uleb128 0xb
 874 0108 3B       		.uleb128 0x3b
 875 0109 0B       		.uleb128 0xb
 876 010a 49       		.uleb128 0x49
 877 010b 13       		.uleb128 0x13
 878 010c 02       		.uleb128 0x2
 879 010d 18       		.uleb128 0x18
 880 010e 00       		.byte	0
 881 010f 00       		.byte	0
 882 0110 15       		.uleb128 0x15
 883 0111 34       		.uleb128 0x34
 884 0112 00       		.byte	0
 885 0113 03       		.uleb128 0x3
 886 0114 08       		.uleb128 0x8
 887 0115 3A       		.uleb128 0x3a
 888 0116 0B       		.uleb128 0xb
 889 0117 3B       		.uleb128 0x3b
 890 0118 0B       		.uleb128 0xb
 891 0119 49       		.uleb128 0x49
 892 011a 13       		.uleb128 0x13
 893 011b 02       		.uleb128 0x2
 894 011c 17       		.uleb128 0x17
 895 011d 00       		.byte	0
 896 011e 00       		.byte	0
 897 011f 16       		.uleb128 0x16
 898 0120 2E       		.uleb128 0x2e
 899 0121 01       		.byte	0x1
 900 0122 3F       		.uleb128 0x3f
 901 0123 19       		.uleb128 0x19
 902 0124 03       		.uleb128 0x3
 903 0125 0E       		.uleb128 0xe
 904 0126 3A       		.uleb128 0x3a
 905 0127 0B       		.uleb128 0xb
 906 0128 3B       		.uleb128 0x3b
 907 0129 0B       		.uleb128 0xb
 908 012a 27       		.uleb128 0x27
 909 012b 19       		.uleb128 0x19
 910 012c 11       		.uleb128 0x11
ARM GAS  /tmp/ccfQ2OXv.s 			page 17


 911 012d 01       		.uleb128 0x1
 912 012e 12       		.uleb128 0x12
 913 012f 06       		.uleb128 0x6
 914 0130 40       		.uleb128 0x40
 915 0131 18       		.uleb128 0x18
 916 0132 9742     		.uleb128 0x2117
 917 0134 19       		.uleb128 0x19
 918 0135 01       		.uleb128 0x1
 919 0136 13       		.uleb128 0x13
 920 0137 00       		.byte	0
 921 0138 00       		.byte	0
 922 0139 17       		.uleb128 0x17
 923 013a 34       		.uleb128 0x34
 924 013b 00       		.byte	0
 925 013c 03       		.uleb128 0x3
 926 013d 08       		.uleb128 0x8
 927 013e 3A       		.uleb128 0x3a
 928 013f 0B       		.uleb128 0xb
 929 0140 3B       		.uleb128 0x3b
 930 0141 0B       		.uleb128 0xb
 931 0142 49       		.uleb128 0x49
 932 0143 13       		.uleb128 0x13
 933 0144 02       		.uleb128 0x2
 934 0145 18       		.uleb128 0x18
 935 0146 00       		.byte	0
 936 0147 00       		.byte	0
 937 0148 18       		.uleb128 0x18
 938 0149 1D       		.uleb128 0x1d
 939 014a 01       		.byte	0x1
 940 014b 31       		.uleb128 0x31
 941 014c 13       		.uleb128 0x13
 942 014d 52       		.uleb128 0x52
 943 014e 01       		.uleb128 0x1
 944 014f 55       		.uleb128 0x55
 945 0150 17       		.uleb128 0x17
 946 0151 58       		.uleb128 0x58
 947 0152 0B       		.uleb128 0xb
 948 0153 59       		.uleb128 0x59
 949 0154 0B       		.uleb128 0xb
 950 0155 01       		.uleb128 0x1
 951 0156 13       		.uleb128 0x13
 952 0157 00       		.byte	0
 953 0158 00       		.byte	0
 954 0159 19       		.uleb128 0x19
 955 015a 05       		.uleb128 0x5
 956 015b 00       		.byte	0
 957 015c 31       		.uleb128 0x31
 958 015d 13       		.uleb128 0x13
 959 015e 02       		.uleb128 0x2
 960 015f 17       		.uleb128 0x17
 961 0160 00       		.byte	0
 962 0161 00       		.byte	0
 963 0162 1A       		.uleb128 0x1a
 964 0163 898201   		.uleb128 0x4109
 965 0166 01       		.byte	0x1
 966 0167 11       		.uleb128 0x11
 967 0168 01       		.uleb128 0x1
ARM GAS  /tmp/ccfQ2OXv.s 			page 18


 968 0169 31       		.uleb128 0x31
 969 016a 13       		.uleb128 0x13
 970 016b 00       		.byte	0
 971 016c 00       		.byte	0
 972 016d 1B       		.uleb128 0x1b
 973 016e 8A8201   		.uleb128 0x410a
 974 0171 00       		.byte	0
 975 0172 02       		.uleb128 0x2
 976 0173 18       		.uleb128 0x18
 977 0174 9142     		.uleb128 0x2111
 978 0176 18       		.uleb128 0x18
 979 0177 00       		.byte	0
 980 0178 00       		.byte	0
 981 0179 1C       		.uleb128 0x1c
 982 017a 34       		.uleb128 0x34
 983 017b 00       		.byte	0
 984 017c 03       		.uleb128 0x3
 985 017d 0E       		.uleb128 0xe
 986 017e 3A       		.uleb128 0x3a
 987 017f 0B       		.uleb128 0xb
 988 0180 3B       		.uleb128 0x3b
 989 0181 0B       		.uleb128 0xb
 990 0182 49       		.uleb128 0x49
 991 0183 13       		.uleb128 0x13
 992 0184 02       		.uleb128 0x2
 993 0185 18       		.uleb128 0x18
 994 0186 00       		.byte	0
 995 0187 00       		.byte	0
 996 0188 1D       		.uleb128 0x1d
 997 0189 34       		.uleb128 0x34
 998 018a 00       		.byte	0
 999 018b 03       		.uleb128 0x3
 1000 018c 0E       		.uleb128 0xe
 1001 018d 3A       		.uleb128 0x3a
 1002 018e 0B       		.uleb128 0xb
 1003 018f 3B       		.uleb128 0x3b
 1004 0190 05       		.uleb128 0x5
 1005 0191 49       		.uleb128 0x49
 1006 0192 13       		.uleb128 0x13
 1007 0193 3F       		.uleb128 0x3f
 1008 0194 19       		.uleb128 0x19
 1009 0195 3C       		.uleb128 0x3c
 1010 0196 19       		.uleb128 0x19
 1011 0197 00       		.byte	0
 1012 0198 00       		.byte	0
 1013 0199 00       		.byte	0
 1014              		.section	.debug_loc,"",%progbits
 1015              	.Ldebug_loc0:
 1016              	.LLST0:
 1017 0000 08000000 		.4byte	.LVL2
 1018 0004 0C000000 		.4byte	.LVL3
 1019 0008 0100     		.2byte	0x1
 1020 000a 53       		.byte	0x53
 1021 000b 00000000 		.4byte	0
 1022 000f 00000000 		.4byte	0
 1023              	.LLST1:
 1024 0013 18000000 		.4byte	.LVL4
ARM GAS  /tmp/ccfQ2OXv.s 			page 19


 1025 0017 22000000 		.4byte	.LVL6
 1026 001b 0300     		.2byte	0x3
 1027 001d 91       		.byte	0x91
 1028 001e 5C       		.sleb128 -36
 1029 001f 9F       		.byte	0x9f
 1030 0020 22000000 		.4byte	.LVL6
 1031 0024 27000000 		.4byte	.LVL7-1
 1032 0028 0100     		.2byte	0x1
 1033 002a 50       		.byte	0x50
 1034 002b 27000000 		.4byte	.LVL7-1
 1035 002f 30000000 		.4byte	.LVL8
 1036 0033 0300     		.2byte	0x3
 1037 0035 91       		.byte	0x91
 1038 0036 5C       		.sleb128 -36
 1039 0037 9F       		.byte	0x9f
 1040 0038 30000000 		.4byte	.LVL8
 1041 003c 40000000 		.4byte	.LFE58
 1042 0040 0300     		.2byte	0x3
 1043 0042 7D       		.byte	0x7d
 1044 0043 5C       		.sleb128 -36
 1045 0044 9F       		.byte	0x9f
 1046 0045 00000000 		.4byte	0
 1047 0049 00000000 		.4byte	0
 1048              	.LLST2:
 1049 004d 1E000000 		.4byte	.LVL5
 1050 0051 22000000 		.4byte	.LVL6
 1051 0055 0300     		.2byte	0x3
 1052 0057 91       		.byte	0x91
 1053 0058 5C       		.sleb128 -36
 1054 0059 9F       		.byte	0x9f
 1055 005a 22000000 		.4byte	.LVL6
 1056 005e 27000000 		.4byte	.LVL7-1
 1057 0062 0100     		.2byte	0x1
 1058 0064 50       		.byte	0x50
 1059 0065 27000000 		.4byte	.LVL7-1
 1060 0069 30000000 		.4byte	.LVL8
 1061 006d 0300     		.2byte	0x3
 1062 006f 91       		.byte	0x91
 1063 0070 5C       		.sleb128 -36
 1064 0071 9F       		.byte	0x9f
 1065 0072 30000000 		.4byte	.LVL8
 1066 0076 40000000 		.4byte	.LFE58
 1067 007a 0300     		.2byte	0x3
 1068 007c 7D       		.byte	0x7d
 1069 007d 5C       		.sleb128 -36
 1070 007e 9F       		.byte	0x9f
 1071 007f 00000000 		.4byte	0
 1072 0083 00000000 		.4byte	0
 1073              		.section	.debug_aranges,"",%progbits
 1074 0000 34000000 		.4byte	0x34
 1075 0004 0200     		.2byte	0x2
 1076 0006 00000000 		.4byte	.Ldebug_info0
 1077 000a 04       		.byte	0x4
 1078 000b 00       		.byte	0
 1079 000c 0000     		.2byte	0
 1080 000e 0000     		.2byte	0
 1081 0010 00000000 		.4byte	.LFB56
ARM GAS  /tmp/ccfQ2OXv.s 			page 20


 1082 0014 0C000000 		.4byte	.LFE56-.LFB56
 1083 0018 00000000 		.4byte	.LFB57
 1084 001c 2C000000 		.4byte	.LFE57-.LFB57
 1085 0020 00000000 		.4byte	.LFB58
 1086 0024 40000000 		.4byte	.LFE58-.LFB58
 1087 0028 00000000 		.4byte	.LFB59
 1088 002c 24000000 		.4byte	.LFE59-.LFB59
 1089 0030 00000000 		.4byte	0
 1090 0034 00000000 		.4byte	0
 1091              		.section	.debug_ranges,"",%progbits
 1092              	.Ldebug_ranges0:
 1093 0000 02000000 		.4byte	.LBB8
 1094 0004 04000000 		.4byte	.LBE8
 1095 0008 06000000 		.4byte	.LBB14
 1096 000c 08000000 		.4byte	.LBE14
 1097 0010 0C000000 		.4byte	.LBB15
 1098 0014 10000000 		.4byte	.LBE15
 1099 0018 12000000 		.4byte	.LBB20
 1100 001c 16000000 		.4byte	.LBE20
 1101 0020 18000000 		.4byte	.LBB21
 1102 0024 1E000000 		.4byte	.LBE21
 1103 0028 00000000 		.4byte	0
 1104 002c 00000000 		.4byte	0
 1105 0030 10000000 		.4byte	.LBB16
 1106 0034 12000000 		.4byte	.LBE16
 1107 0038 1E000000 		.4byte	.LBB22
 1108 003c 20000000 		.4byte	.LBE22
 1109 0040 22000000 		.4byte	.LBB23
 1110 0044 24000000 		.4byte	.LBE23
 1111 0048 00000000 		.4byte	0
 1112 004c 00000000 		.4byte	0
 1113 0050 00000000 		.4byte	.LFB56
 1114 0054 0C000000 		.4byte	.LFE56
 1115 0058 00000000 		.4byte	.LFB57
 1116 005c 2C000000 		.4byte	.LFE57
 1117 0060 00000000 		.4byte	.LFB58
 1118 0064 40000000 		.4byte	.LFE58
 1119 0068 00000000 		.4byte	.LFB59
 1120 006c 24000000 		.4byte	.LFE59
 1121 0070 00000000 		.4byte	0
 1122 0074 00000000 		.4byte	0
 1123              		.section	.debug_line,"",%progbits
 1124              	.Ldebug_line0:
 1125 0000 A1010000 		.section	.debug_str,"MS",%progbits,1
 1125      02001801 
 1125      00000201 
 1125      FB0E0D00 
 1125      01010101 
 1126              	.LASF29:
 1127 0000 6C617374 		.ascii	"last\000"
 1127      00
 1128              	.LASF23:
 1129 0005 50435352 		.ascii	"PCSR\000"
 1129      00
 1130              	.LASF6:
 1131 000a 5F5F696E 		.ascii	"__int32_t\000"
 1131      7433325F 
ARM GAS  /tmp/ccfQ2OXv.s 			page 21


 1131      7400
 1132              	.LASF38:
 1133 0014 746D5F73 		.ascii	"tm_stop\000"
 1133      746F7000 
 1134              	.LASF27:
 1135 001c 73746172 		.ascii	"start\000"
 1135      7400
 1136              	.LASF35:
 1137 0022 2F686F6D 		.ascii	"/home/dltech-deb/gdrive/Projects/RFM_to_Modbus_TCP/"
 1137      652F646C 
 1137      74656368 
 1137      2D646562 
 1137      2F676472 
 1138 0055 43686962 		.ascii	"ChibiOS/F103_ChibiOS_ENC60J28/main\000"
 1138      694F532F 
 1138      46313033 
 1138      5F436869 
 1138      62694F53 
 1139              	.LASF20:
 1140 0078 534C4545 		.ascii	"SLEEPCNT\000"
 1140      50434E54 
 1140      00
 1141              	.LASF28:
 1142 0081 73746F70 		.ascii	"stop\000"
 1142      00
 1143              	.LASF2:
 1144 0086 756E7369 		.ascii	"unsigned char\000"
 1144      676E6564 
 1144      20636861 
 1144      7200
 1145              	.LASF17:
 1146 0094 43594343 		.ascii	"CYCCNT\000"
 1146      4E5400
 1147              	.LASF39:
 1148 009b 746D496E 		.ascii	"tmInit\000"
 1148      697400
 1149              	.LASF8:
 1150 00a2 6C6F6E67 		.ascii	"long unsigned int\000"
 1150      20756E73 
 1150      69676E65 
 1150      6420696E 
 1150      7400
 1151              	.LASF36:
 1152 00b4 746D4F62 		.ascii	"tmObjectInit\000"
 1152      6A656374 
 1152      496E6974 
 1152      00
 1153              	.LASF4:
 1154 00c1 73686F72 		.ascii	"short unsigned int\000"
 1154      7420756E 
 1154      7369676E 
 1154      65642069 
 1154      6E7400
 1155              	.LASF18:
 1156 00d4 43504943 		.ascii	"CPICNT\000"
 1156      4E5400
 1157              	.LASF40:
ARM GAS  /tmp/ccfQ2OXv.s 			page 22


 1158 00db 49544D5F 		.ascii	"ITM_RxBuffer\000"
 1158      52784275 
 1158      66666572 
 1158      00
 1159              	.LASF22:
 1160 00e8 464F4C44 		.ascii	"FOLDCNT\000"
 1160      434E5400 
 1161              	.LASF30:
 1162 00f0 776F7273 		.ascii	"worst\000"
 1162      7400
 1163              	.LASF7:
 1164 00f6 5F5F7569 		.ascii	"__uint32_t\000"
 1164      6E743332 
 1164      5F7400
 1165              	.LASF21:
 1166 0101 4C535543 		.ascii	"LSUCNT\000"
 1166      4E5400
 1167              	.LASF0:
 1168 0108 756E7369 		.ascii	"unsigned int\000"
 1168      676E6564 
 1168      20696E74 
 1168      00
 1169              	.LASF25:
 1170 0115 68616C72 		.ascii	"halrtcnt_t\000"
 1170      74636E74 
 1170      5F7400
 1171              	.LASF34:
 1172 0120 2E2E2F6F 		.ascii	"../os/hal/src/tm.c\000"
 1172      732F6861 
 1172      6C2F7372 
 1172      632F746D 
 1172      2E6300
 1173              	.LASF10:
 1174 0133 6C6F6E67 		.ascii	"long long unsigned int\000"
 1174      206C6F6E 
 1174      6720756E 
 1174      7369676E 
 1174      65642069 
 1175              	.LASF37:
 1176 014a 746D5F73 		.ascii	"tm_start\000"
 1176      74617274 
 1176      00
 1177              	.LASF16:
 1178 0153 4354524C 		.ascii	"CTRL\000"
 1178      00
 1179              	.LASF19:
 1180 0158 45584343 		.ascii	"EXCCNT\000"
 1180      4E5400
 1181              	.LASF33:
 1182 015f 474E5520 		.ascii	"GNU C 4.8.4 20141219 (release) -mcpu=cortex-m3 -mno"
 1182      4320342E 
 1182      382E3420 
 1182      32303134 
 1182      31323139 
 1183 0192 2D746875 		.ascii	"-thumb-interwork -mthumb -ggdb -O2 -fomit-frame-poi"
 1183      6D622D69 
 1183      6E746572 
ARM GAS  /tmp/ccfQ2OXv.s 			page 23


 1183      776F726B 
 1183      202D6D74 
 1184 01c5 6E746572 		.ascii	"nter -falign-functions=16 -ffunction-sections -fdat"
 1184      202D6661 
 1184      6C69676E 
 1184      2D66756E 
 1184      6374696F 
 1185 01f8 612D7365 		.ascii	"a-sections -fno-common -fno-strict-aliasing\000"
 1185      6374696F 
 1185      6E73202D 
 1185      666E6F2D 
 1185      636F6D6D 
 1186              	.LASF11:
 1187 0224 696E7433 		.ascii	"int32_t\000"
 1187      325F7400 
 1188              	.LASF15:
 1189 022c 73697A65 		.ascii	"sizetype\000"
 1189      74797065 
 1189      00
 1190              	.LASF9:
 1191 0235 6C6F6E67 		.ascii	"long long int\000"
 1191      206C6F6E 
 1191      6720696E 
 1191      7400
 1192              	.LASF14:
 1193 0243 494F5245 		.ascii	"IOREG32\000"
 1193      47333200 
 1194              	.LASF32:
 1195 024b 6D656173 		.ascii	"measurement_offset\000"
 1195      7572656D 
 1195      656E745F 
 1195      6F666673 
 1195      657400
 1196              	.LASF3:
 1197 025e 73686F72 		.ascii	"short int\000"
 1197      7420696E 
 1197      7400
 1198              	.LASF24:
 1199 0268 434D785F 		.ascii	"CMx_DWT\000"
 1199      44575400 
 1200              	.LASF31:
 1201 0270 62657374 		.ascii	"best\000"
 1201      00
 1202              	.LASF12:
 1203 0275 75696E74 		.ascii	"uint32_t\000"
 1203      33325F74 
 1203      00
 1204              	.LASF5:
 1205 027e 6C6F6E67 		.ascii	"long int\000"
 1205      20696E74 
 1205      00
 1206              	.LASF1:
 1207 0287 7369676E 		.ascii	"signed char\000"
 1207      65642063 
 1207      68617200 
 1208              	.LASF26:
 1209 0293 54696D65 		.ascii	"TimeMeasurement\000"
ARM GAS  /tmp/ccfQ2OXv.s 			page 24


 1209      4D656173 
 1209      7572656D 
 1209      656E7400 
 1210              	.LASF13:
 1211 02a3 5F426F6F 		.ascii	"_Bool\000"
 1211      6C00
 1212              		.ident	"GCC: (4.8.4-1+11-1) 4.8.4 20141219 (release)"
ARM GAS  /tmp/ccfQ2OXv.s 			page 25


DEFINED SYMBOLS
                            *ABS*:0000000000000000 tm.c
     /tmp/ccfQ2OXv.s:19     .text.tm_start:0000000000000000 $t
     /tmp/ccfQ2OXv.s:24     .text.tm_start:0000000000000000 tm_start
     /tmp/ccfQ2OXv.s:41     .text.tm_start:0000000000000008 $d
     /tmp/ccfQ2OXv.s:46     .text.tm_stop:0000000000000000 $t
     /tmp/ccfQ2OXv.s:51     .text.tm_stop:0000000000000000 tm_stop
     /tmp/ccfQ2OXv.s:95     .text.tm_stop:0000000000000024 $d
     /tmp/ccfQ2OXv.s:101    .text.tmInit:0000000000000000 $t
     /tmp/ccfQ2OXv.s:107    .text.tmInit:0000000000000000 tmInit
     /tmp/ccfQ2OXv.s:200    .text.tmInit:0000000000000030 $d
     /tmp/ccfQ2OXv.s:208    .text.tmObjectInit:0000000000000000 $t
     /tmp/ccfQ2OXv.s:214    .text.tmObjectInit:0000000000000000 tmObjectInit
     /tmp/ccfQ2OXv.s:247    .text.tmObjectInit:000000000000001c $d
     /tmp/ccfQ2OXv.s:253    .bss.measurement_offset:0000000000000000 $d
     /tmp/ccfQ2OXv.s:257    .bss.measurement_offset:0000000000000000 measurement_offset
                     .debug_frame:0000000000000010 $d
     /tmp/ccfQ2OXv.s:45     .text.tm_start:000000000000000c $t
     /tmp/ccfQ2OXv.s:100    .text.tm_stop:000000000000002c $t
     /tmp/ccfQ2OXv.s:252    .text.tmObjectInit:0000000000000024 $t

NO UNDEFINED SYMBOLS
